13176397184.txt$$$$青岛尚之礼贸易有限公司
13176414644.txt$$$$山东申汇环保设备有限公司
13176447519.txt$$$$济南鸿橡宇轮胎有限公司
13176459501.txt$$$$青岛致德工业技术有限公司
13176461677.txt$$$$潍坊市密元建筑建材有限公司
13176461677_1.txt$$$$潍坊市密元建筑建材有限公司
13176513285.txt$$$$青岛钢毅太阳能有限公司
13176523457.txt$$$$山东青岛海顺德橡胶有限公司
13176531207.txt$$$$青岛斯美衡器有限公司
13176543369.txt$$$$泰安市朋联建材有限公司
13176544159.txt$$$$山东馨苑美国红枫基地
13176544445.txt$$$$山东龙阳自动化设备有限公司
13176562298.txt$$$$淄博协旺机电设备有限公司
13176582296.txt$$$$山东盼达网络技术有限公司
13176583123.txt$$$$淄博久增机械有限公司
13176594119.txt$$$$淄博依山傍水建材有限公司
13176652033.txt$$$$济南百业代理记账有限公司
13176653288.txt$$$$山东钢冶金属材料有限公司
13176653288_1.txt$$$$山东钢冶金属材料有限公司
13176656505.txt$$$$济南意胜达商贸有限公司
13176663962.txt$$$$济南红方格广告有限公司
13176698886.txt$$$$济南晨旭机器有限公司
13176701670.txt$$$$潍坊众城环保科技有限公司
13176711362.txt$$$$山东省诸城市揽月智能科技有限公司
13176716075.txt$$$$诸城市鑫邦塑料制品有限公司
13176716075_1.txt$$$$诸城市杜邦塑料包装材料厂
13176728385.txt$$$$潍坊亚西亚管业有限公司
13176751919.txt$$$$济宁小林环境科技有限公司
13176751919_1.txt$$$$济宁小林环境科技有限公司
13176767505.txt$$$$山东翰岳重工机械有限公司
