15162430398.txt$$$$苏州尚博汇装饰材料实业有限公司
15162471006.txt$$$$苏州天辰人环境工程有限公司
15162501999.txt$$$$苏州国旺建筑装饰有限公司
15162524488.txt$$$$苏州瑾昱轩建筑装饰有限公司
15162598126.txt$$$$广东创汇展览有限公司
15162631273.txt$$$$昆山宏冠亿企业管理有限公司
15162632798.txt$$$$上海尚景辉化工科技有限公司
15162668016.txt$$$$苏州天耀丹硅新能源科技有限公司
15162673829.txt$$$$苏州珂玛斯精密机械有限公司
15162676173.txt$$$$上海恩拓博机械科技有限公司
15162682749.txt$$$$昆山欧凯模型有限公司
15162697843.txt$$$$苏州安嘉自动化设备有限公司
15162938688.txt$$$$镇江西格玛电气有限公司
15162997666.txt$$$$镇江鼎强新型建材有限公司
15163020004.txt$$$$木匠李实木家具厂
15163175158.txt$$$$威海万丰镁业科技发展有限公司
15163322222.txt$$$$日照恒桥经贸有限公司
15163322988.txt$$$$莒县贵勋塑料制品厂
15163322988_1.txt$$$$莒县贵勋塑料制品厂
15163322988_2.txt$$$$莒县贵勋塑料制品厂
15163322988_3.txt$$$$莒县贵勋塑料制品厂
15163346885.txt$$$$日照天助昊诺电商服务有限公司
15163346885_1.txt$$$$日照天助昊诺电商服务有限公司
15163347355.txt$$$$日照市盛丰橡塑制品有限公司
15163347355_1.txt$$$$日照市盛丰橡塑制品有限公司
15163353434.txt$$$$方鼎科技有限公司
15163364087.txt$$$$日照长金贸易有限公司
15163469700.txt$$$$山东仙农园蔬牧有限责任公司
15163566706.txt$$$$阳谷山立克工程机械有限公司
15163586869.txt$$$$山东庆洋钢材有限公司
