13651289385_1.txt$$$$泊头市新兴管业有限公司
13651289385_2.txt$$$$泊头市新兴管业有限公司
13651302705.txt$$$$北京中科核安科技有限公司
13651346029.txt$$$$北京爱博国际展览展示有限公司
13651410871.txt$$$$深圳市亿昇精密工业有限公司
13651410871_1.txt$$$$深圳市亿昇精密工业有限公司
13651410871_2.txt$$$$深圳市亿昇精密工业有限公司
13651417551.txt$$$$深圳市信力坚环保科技有限公司
13651428996.txt$$$$深圳市宝安区福永百润宝丝印器材店
13651492826.txt$$$$深圳市日月宝新能源有限公司
13651504659.txt$$$$常州雷盟机电设备安装有限公司
13651506226.txt$$$$常州卓奥节能设备安装有限公司
13651507575.txt$$$$丹阳市豪克苗木花卉有限公司
13651614601.txt$$$$上海悉锐精密工具有限公司
13651614834.txt$$$$上海始高阀门有限公司
13651678902.txt$$$$上海丞动机电设备有限公司
13651678902_1.txt$$$$上海丞动机电设备有限公司
13651678902_2.txt$$$$上海丞动机电设备有限公司
13651684851.txt$$$$良栈实业有限公司
13651745972.txt$$$$德速起重机（苏州）有限公司
13651748198.txt$$$$上海印沃科技发展有限公司
13651748273.txt$$$$上海力营实业有限公司
13651796188.txt$$$$上海俄邦工程塑胶有限公司
13651815340.txt$$$$上海富亚展览有限公司
13651828941.txt$$$$上海朗盛展览服务有限公司
13651833860.txt$$$$上海瑞稳仪器设备厂
13651839226.txt$$$$上海美伊德电气有限公司
13651852388.txt$$$$上海环信减振器有限公司
13651901608.txt$$$$上海雅辉贸易有限公司
13651902759.txt$$$$上海佰贞建筑装饰工程有限公司
