15971436186.txt$$$$武汉泓瑞兴科商贸有限公司
15971497275.txt$$$$武汉市雅菲联科技发展有限公司
15971506874.txt$$$$湖北兴河银化工有限公司
15971561566.txt$$$$湖北盛晨装饰工程有限公司
15971562525.txt$$$$咸安区车佳会汽车生活馆
15971665456.txt$$$$点军区龙涛柑橘经营部
15971930055.txt$$$$湖北润力专用汽车有限公司
15971940766.txt$$$$随州市大力环卫汽车有限公司
15971953768.txt$$$$钟祥亿源生物科技有限公司
15971953768_1.txt$$$$钟祥亿源生物科技有限公司
15972054521.txt$$$$武汉企盟天助信息技术有限公司
15972054521_1.txt$$$$武汉市天助人和信息技术有限公司
15972054521_2.txt$$$$武汉市天助人和信息技术有限公司
15972060588.txt$$$$武汉凯贸服装有限公司
15972075624.txt$$$$武汉诺贝思热能环保科技有限公司
15972075624_1.txt$$$$武汉诺贝思热能环保科技有限公司
15972075624_2.txt$$$$武汉诺贝思热能环保科技有限公司
15972108639.txt$$$$南漳县恒达机械制造销售有限公司
15972108639_1.txt$$$$南漳县恒达机械制造销售有限公司
15972108639_2.txt$$$$南漳县恒达机械制造销售有限公司
15972139839.txt$$$$武汉中信富工贸有限公司
15972140882.txt$$$$武汉楚坤文化科技股份有限公司
15972156180.txt$$$$武汉智博通科技有限公司
15972176548.txt$$$$武汉瑶台园林有限公司
15972207672.txt$$$$武汉海能环保科技有限公司
15972213260.txt$$$$咸宁信诚净化有限公司
15972220890.txt$$$$武汉兴龙实业有限公司
15972254133.txt$$$$湖北金龙康药用动物养殖有限公司
15972264000.txt$$$$湖北梵客美家装饰工程有限公司
15972393488.txt$$$$上海歌华展览服务有限公司
