13793450888.txt$$$$山东凤舞动物药业有限公司
13793452626.txt$$$$德州市聚源餐车有限公司
13793452976.txt$$$$德州科纳环境科技有限公司
13793463241.txt$$$$乐陵市朱集镇兴刚红枣加工厂
13793465253.txt$$$$德州咏雪空调设备有限公司
13793467079.txt$$$$德州盛兴橡塑制品有限公司
13793474039.txt$$$$庆云县常家镇璐旭药材收购处
13793475702.txt$$$$宁津县百瑞特网链厂
13793479767.txt$$$$日照市瑞天园林有限公司
13793490038.txt$$$$德州庚子环境科技有限公司
13793511885.txt$$$$龙口市神特硅藻泥制品厂
13793513356.txt$$$$莱州市骏宇机械有限公司
13793600011.txt$$$$山东全得利自动泊车设备有限公司
13793602922.txt$$$$山东智迈弘创工业装备有限公司
13793605789.txt$$$$临朐县聚德金属制品厂
13793611226.txt$$$$诸城市鑫瑞源文化传媒有限公司
13793612333.txt$$$$寿光博润农业科技有限公司
13793615922.txt$$$$潍坊梁记萝卜销售有限公司
13793616810.txt$$$$山东诸城市超越机械有限公司
13793620606.txt$$$$青州三得不锈钢机械有限公司
13793620606_1.txt$$$$青州三得不锈钢机械有限公司
13793620606_2.txt$$$$青州三得不锈钢机械有限公司
13793635828.txt$$$$寿光博美数控科技有限公司
13793637099.txt$$$$诸城清源机械科技有限公司
13793637099_1.txt$$$$诸城清源机械科技有限公司
13793637099_2.txt$$$$诸城清源机械科技有限公司
13793637099_3.txt$$$$诸城清源机械科技有限公司
13793637185.txt$$$$诸城市汇品机械有限公司
13793637185_1.txt$$$$诸城市汇品机械有限公司
13793637185_2.txt$$$$诸城市汇品机械有限公司
