18986249036.txt$$$$上海明祥喷涂设备有限公司
18986260682.txt$$$$武汉环日金乌科技有限公司
18986263337.txt$$$$武汉华轩高新技术有限公司
18986265244.txt$$$$湖北金鹏置业有限公司
18986268299.txt$$$$武汉欧美亚建筑装饰工程有限公司
18986268628.txt$$$$东莞双洪服装有限公司
18986279073.txt$$$$武汉天爱降临商贸有限公司
18986282325.txt$$$$武汉市蒙恩百通建筑防水保温材料有限公司
18986284893.txt$$$$武汉广艺天成装饰有限责任公司
18986286248.txt$$$$武汉彼帛贸易有限公司
18986290037.txt$$$$武汉华宇诚数控科技有限公司
18986336987.txt$$$$襄州区豪瑞建材装饰行
18986336987_1.txt$$$$襄州区豪瑞建材装饰行
18986336987_2.txt$$$$襄州区豪瑞建材装饰行
18986337810.txt$$$$襄阳九利机械制造有限公司
18986358868.txt$$$$湖北保康冠芳野生牡丹栽培专业合作社
18986364173.txt$$$$湖北亿信华联机电设备制造有限公司
18986364173_1.txt$$$$湖北亿信华联机电设备制造有限公司
18986378890.txt$$$$湖北益高电动车辆有限公司
18986381399.txt$$$$湖北元芳服装实业有限公司
18986383291.txt$$$$湖北安耐捷炉衬材料有限公司
18986383291_1.txt$$$$湖北安耐捷炉衬材料有限公司
18986497896.txt$$$$合肥百淘电子科技有限公司
18986569318.txt$$$$湖北碧澜天博来建筑系统有限公司
18986611320.txt$$$$湖北中特工程机械有限公司
18986611320_1.txt$$$$湖北中特工程机械有限公司
18986611688.txt$$$$湖北润生商贸有限公司
18986612281.txt$$$$咸宁经仿商品
18986619655.txt$$$$高新温泉金合建材商行
18986620023.txt$$$$咸安区桂泉水处理店
