13483944927_2.txt$$$$邢台诚诺机械制造有限公司
13483955900.txt$$$$河北灵云制香设备有限公司
13483973999.txt$$$$北京地大龙祥加固工程有限公司
13484060310.txt$$$$义乌市汇轩丝网印花厂
13484060310_1.txt$$$$义乌市汇轩丝网印花厂
13484060310_2.txt$$$$义乌市汇轩丝网印花厂
13484067000.txt$$$$浙江泰宇休闲家居有限公司
13484067000_1.txt$$$$浙江八和金属制品有限公司
13484067000_2.txt$$$$浙江八和金属制品有限公司
13484067000_3.txt$$$$浙江八和金属制品有限公司
13484068696.txt$$$$上海鑫耀家政服务有限公司
13484068696_1.txt$$$$上海鑫耀家政服务有限公司
13484068696_2.txt$$$$上海鑫耀家政服务有限公司
13484077993.txt$$$$东阳市锦瑞工艺品有限公司
13484099997.txt$$$$义乌市侣婧电子商务商行
13484461889.txt$$$$西安市浐灞生态区增辉橱卫家具厂
13484498234.txt$$$$陕西创客网络科技有限公司
13484665988.txt$$$$西安鸿鑫电梯有限公司
13484749065.txt$$$$乌兰察布市城市人家装饰设计工程有限公司
13484804627.txt$$$$陕西旺大纺织制品有限公司
13484911288.txt$$$$陕西加蒙商贸有限公司
13484951986.txt$$$$北京大有火天体育科技有限公司
13485033096.txt$$$$无锡恒业电热电器有限公司
13485051915.txt$$$$无锡奥拓曼森科技有限公司
13485070909.txt$$$$宿迁舍予能源有限公司
13485090777.txt$$$$苏北虾苗培育基地
13485111716.txt$$$$南通华鹏热缩材料有限公司
13485186621.txt$$$$如皋市久瑞工艺石材厂
13485253770.txt$$$$江苏奉承电热电器有限公司
13485287230.txt$$$$江苏红光电热电器有限公司
