18233390958_1.txt$$$$保定五久输送带销售有限公司
18233430462.txt$$$$定兴县鑫睿废旧物资回收有限公司
18233660079.txt$$$$泊头市圣迈亿量具制造有限公司
18233661822.txt$$$$沧州惠达机床附件有限公司
18233666600.txt$$$$泊头昌浩环保设备有限公司
18233681919.txt$$$$河北广业管道装备有限公司
18233686521.txt$$$$河北九桥环保设备有限公司
18233694946.txt$$$$泊头市清泉管件有限公司
18233711123.txt$$$$盐山鑫发管道设备有限公司
18233733888.txt$$$$沧州中宇维纶管业有限公司
18233743207.txt$$$$沧州市盛威压瓦机械有限公司
18233756599.txt$$$$河北恒盟环保设备有限公司
18233769997.txt$$$$泊头鑫禄机械设备有限公司
18233785675.txt$$$$沧州广腾管道装备有限公司
18233793666.txt$$$$河北拓达防雷器材有限公司
18233793666_1.txt$$$$河北拓达防雷器材有限公司
18233793666_2.txt$$$$河北拓达防雷器材有限公司
18233939110.txt$$$$邢台友利机械制造有限公司
18234014999.txt$$$$山西金隆辉贸易有限公司
18234014999_1.txt$$$$山西金隆辉贸易有限公司
18234014999_2.txt$$$$山西金隆辉贸易有限公司
18234016732.txt$$$$太原匠道刺青工作室
18234016732_1.txt$$$$太原匠道刺青工作室
18234016732_2.txt$$$$太原匠道刺青工作室
18234031383.txt$$$$山西万泽锦达制造有限股份公司
18234049772.txt$$$$太原市万柏林区吉诚玻璃商行
18234049772_1.txt$$$$太原市万柏林区吉诚玻璃商行
18234049772_2.txt$$$$太原市万柏林区吉诚玻璃商行
18234107139.txt$$$$太原市恒宇瑞丰建筑工程设备租赁有限公司
18234108548.txt$$$$山西鑫博腾废旧物资回收有限公司
