18052427993.txt$$$$上海市越鑫五金加工厂
18052439351.txt$$$$苏州烟享荟电子科技有限公司
18052461106.txt$$$$无锡初心品牌管理有限公司
18052500208.txt$$$$江苏邦能电动摩托车有限公司
18052500208_1.txt$$$$江苏邦能电动摩托车有限公司
18052500208_2.txt$$$$江苏邦能电动摩托车有限公司
18052500208_3.txt$$$$江苏邦能电动摩托车有限公司
18052522669.txt$$$$常州创稳电气有限公司
18052547261.txt$$$$武进区牛塘红枫包装材料厂
18052558555.txt$$$$高邮天泽农业专业合作联社
18052558796.txt$$$$江苏骊隆汽车科技有限公司
18052681296.txt$$$$江苏欧升玻璃钢制造有限公司
18052704119.txt$$$$常州克锐特塑料机械有限公司
18052770358.txt$$$$丹阳市开发区福克联轴器厂
18052830242.txt$$$$南京美家香食品有限公司
18052858918.txt$$$$广腾（镇江）环保设备有限公司
18052859600.txt$$$$扬中市阀门厂有限公司
18052883809.txt$$$$镇江市仙童电气技术有限公司
18052885818.txt$$$$句容市李德鹏草坪专业合作社
18052891212.txt$$$$贝朗生物工程设备（江苏）有限公司
18052920073.txt$$$$盐城市昊达供水设备有限公司
18052920177.txt$$$$盐城市昊达供水有限公司
18053016831.txt$$$$山东真诚智能科技有限公司
18053041223.txt$$$$菏泽鼎洁环保设备有限公司
18053066670.txt$$$$山东江淮机电泵业有限公司
18053106107.txt$$$$山东省禹城市金驰霸科技有限公司
18053110710.txt$$$$山东康鲁节能设备有限公司
18053110725.txt$$$$山东康鲁节能设备有限公司
18053110725_1.txt$$$$山东康鲁节能设备有限公司
18053129199.txt$$$$济南立丰木屋有限公司
