18793176375.txt$$$$甘肃中德新亚灌浆料工程材料有限公司
18793194336.txt$$$$兰州兴瑞养殖厂
18793353296.txt$$$$平凉强强婚庆有限公司
18793453133.txt$$$$甘肃中天实业有限公司
18793631974.txt$$$$山东欧旭达锅炉有限公司
18793665317.txt$$$$山东东旭嘉塑胶制品有限公司
18793675144.txt$$$$淄博亚谦建筑陶瓷有限公司
18794786818.txt$$$$甘肃众城能源照明工程有限公司
18794813363.txt$$$$兰州诚信钢结构工程有限公司
18794869010.txt$$$$甘肃明宇建设工程有限公司
18794887878.txt$$$$甘肃三积新型材料有限公司
18794906344.txt$$$$临朐德多茂门业有限公司
18794907377.txt$$$$昌乐特嘉华塑胶制品有限公司
18795202526.txt$$$$银川市金凤区艾栖-服务店
18795206513.txt$$$$宁夏硕旻智能科技有限公司
18795287422.txt$$$$国智（宁夏）知识产权服务有限公司
18795287422_1.txt$$$$国智（宁夏）知识产权服务有限公司
18795287422_2.txt$$$$国智（宁夏）知识产权服务有限公司
18795459806.txt$$$$江苏新鹏重型机电制造有限公司
18795560790.txt$$$$盐城伟嘉顺商贸有限公司
18795679872.txt$$$$江阴乐同环保设备有限公司
18795803298.txt$$$$南京德力特索具有限公司
18795808191.txt$$$$南京芙蕖保洁服务有限公司
18795909653.txt$$$$南京奥安商贸有限公司
18795912066.txt$$$$南京博源水处理设备有限公司
18796079186.txt$$$$镇江祥云检测技术服务有限公司
18796220530.txt$$$$徐州金文大族激光设备有限公司
18796257857.txt$$$$徐州家洁光电科技有限公司
18796287553.txt$$$$诚双工程机械有限公司
18796523888.txt$$$$江苏杰达钢结构工程有限公司
