15818498503_1.txt$$$$广东一箭天电子商务有限公司
15818546799.txt$$$$深圳市前海麦哲伦科技有限公司
15818559525.txt$$$$深圳市魅丽纹绣艺术机构
15818579425.txt$$$$深圳市智砾电子有限公司
15818582023.txt$$$$深圳市光威光电有限公司
15818592501.txt$$$$深圳市平信科技有限公司
15818594082.txt$$$$深圳市承恒电子仪器有限公司
15818632951.txt$$$$深圳市广角网络科技有限公司
15818632985.txt$$$$惠州市华煜伞业有限公司
15818638731.txt$$$$深圳市信辉电子科技有限公司
15818680068.txt$$$$深圳市中瑞微视光电有限公司
15818715458.txt$$$$深圳市艾克斯自动化技术开发有限公司
15818715458_1.txt$$$$深圳市艾克斯自动化技术开发有限公司
15818715458_2.txt$$$$深圳市艾克斯自动化技术开发有限公司
15818715873.txt$$$$深圳市德宝机电设备有限公司
15818724759.txt$$$$深圳市恒启光科技有限公司
15818732373.txt$$$$深圳市合利来科技有限公司
15818742016.txt$$$$深圳市达而泰电子科技有限公司
15818751058.txt$$$$深圳HQ办公家具工厂
15818764070.txt$$$$深圳市怡辉电子有限公司
15818768818.txt$$$$深圳市华美文化传播有限公司
15818789988.txt$$$$深圳市鸿锐包装材料有限公司
15818789988_1.txt$$$$深圳市鸿锐包装材料有限公司
15818789988_2.txt$$$$深圳市鸿锐包装材料有限公司
15818789988_3.txt$$$$深圳市鸿锐包装材料有限公司
15818795355.txt$$$$深圳市明远伟业科技有限公司
15818851716.txt$$$$广州鸿玖环保技术有限公司
15818858565.txt$$$$广州全景信息科技有限公司
15818869331.txt$$$$广州市番禺区穗安钢铁丝网制造厂番禺区（）
15819389698.txt$$$$广州火龙焊接设备有限公司
