18186538586.txt$$$$咸安区西河辉煌五金机电商行
18186600318.txt$$$$武汉江锐浩机械租赁有限公司
18186615914.txt$$$$武汉熠通照明工程有限公司
18186660059.txt$$$$武汉市功润鑫昌科技有限公司
18186666610.txt$$$$武汉铂川嘉节能保温材料有限公司
18186671616.txt$$$$武汉得创净化设备有限公司
18186674827.txt$$$$武汉静磁栅机电制造有限公司
18186692559.txt$$$$武汉火影数字科技有限公司
18186750555.txt$$$$湖北乾泽家居有限公司
18186750555_1.txt$$$$湖北乾泽家居有限公司
18186750555_2.txt$$$$湖北乾泽家居有限公司
18186793666.txt$$$$宜昌华尔食品有限责任公司
18186896537.txt$$$$长春市森锐包装制品有限公司
18186977333.txt$$$$湖北致中和建设工程有限公司
18187101559.txt$$$$昆明瑞司普科技有限公司
18188359110.txt$$$$广元众仁环保工程有限公司
18188645067.txt$$$$广州中电展览服务有限公司
18188721668.txt$$$$广东瓦科新材料有限公司
18188739203.txt$$$$佛山市具力科技实业有限公司
18188805674.txt$$$$广州市尚亿智能科技有限公司
18188805674_1.txt$$$$广州市尚亿智能科技有限公司
18188805674_2.txt$$$$广州市尚亿智能科技有限公司
18188830919.txt$$$$东莞市冠利制冷设备工程有限公司
18188836188.txt$$$$广东美艺邦建材有限公司
18188931655.txt$$$$醴陵市创兴日能机电有限公司
18189105672.txt$$$$西安百里众联信息科技有限公司
18189155773.txt$$$$陕西宏元电子科技有限公司
18189195523.txt$$$$陕西永盛塑业有限公司
18189201831.txt$$$$西安江兴不锈钢装饰有限公司
18189216729.txt$$$$西安赛德维尔机电工程有限公司
