18615343277_2.txt$$$$禹城市远景护坡材料有限公司
18615349185.txt$$$$德州洁佳过滤设备有限公司
18615349185_1.txt$$$$德州洁佳过滤设备有限公司
18615349185_2.txt$$$$德州洁佳过滤设备有限公司
18615355588.txt$$$$烟台鑫鼎博电缆桥架有限公司
18615370201.txt$$$$济宁市点创广告有限公司
18615370201_1.txt$$$$济宁市点创广告有限公司
18615370201_2.txt$$$$济宁市点创广告有限公司
18615370201_3.txt$$$$济宁市点创广告有限公司
18615379337.txt$$$$山东星泰轴承有限公司
18615381898.txt$$$$山东三只小猴文化传媒有限公司
18615390604.txt$$$$北京奥盛兰塑业有限公司
18615390733.txt$$$$临沂泰宏电子有限公司
18615402760.txt$$$$济南鑫丰电器设备有限公司
18615405161.txt$$$$东营润知路交通设施有限公司
18615406888.txt$$$$山东泰美环保工程有限公司
18615421359.txt$$$$青岛鸿鑫宇橡胶有限公司
18615450391.txt$$$$济南菲思科实验室设备有限公司
18615458881.txt$$$$济南新格标识工程有限公司
18615500015.txt$$$$山东永彩新材料有限公司
18615502128.txt$$$$济南华富锻造有限公司
18615502129.txt$$$$济南华富锻造股份有限公司
18615505596.txt$$$$济南卓星智能科技有限公司
18615505596_1.txt$$$$济南卓星智能科技有限公司
18615509820.txt$$$$山东京泰耐磨材料有限责任公司
18615513608.txt$$$$济南玛斯托克机电设备有限公司
18615520647.txt$$$$济南晟岳机械有限公司
18615521382.txt$$$$山东智展有限公司
18615526665.txt$$$$济南统邦化工有限公司
18615532215.txt$$$$山东锦朝建筑装饰工程有限公司
