18874116890.txt$$$$长沙雨花区香喷喷餐饮管理有限公司
18874199852.txt$$$$长沙财富机电科技有限公司
18874208808.txt$$$$飛億科技電子商務有限公司
18874284448.txt$$$$长沙志明水电安装有限公司1
18874400680.txt$$$$湖南金湘玉建材科技有限公司
18874608874.txt$$$$郑州畅禧不锈钢有限公司
18874734653.txt$$$$湖南省辣之源食品有限公司
18874787050.txt$$$$永州市志弘暖通有限公司
18874787050_1.txt$$$$永州市志弘暖通有限公司
18874787050_2.txt$$$$永州市志弘暖通有限公司
18874787050_3.txt$$$$永州市志弘暖通有限公司
18874797275.txt$$$$湖南康明斯工程机械设备有限公司
18874888453.txt$$$$长沙天网企业管理咨询有限公司
18874894119.txt$$$$湖南龙吟消防设备有限公司
18874952887.txt$$$$华南好搜信息服务有限公司
18875227016.txt$$$$重庆振硕科技有限公司
18875702688.txt$$$$河北腾晟拓橡塑制品贸易有限公司
18875707560.txt$$$$安平县尚雅丝网制品有限公司
18875715533.txt$$$$内蒙古防风网厂
18875741888.txt$$$$河北东兴沥青回收有限公司
18875741888_1.txt$$$$河北东兴沥青回收有限公司
18875743862.txt$$$$邢台邦铭机械制造厂
18875778033.txt$$$$泊头市一洁环保有限公司
18875778818.txt$$$$泊头市科翔数控机械厂
18875789230.txt$$$$天津科德阀门管件有限公司
18875798018.txt$$$$河北沧州市冠博钢管有限公司
18875917738.txt$$$$深圳市一点一滴科技有限公司
18876186156.txt$$$$海南信亿城精品装饰有限公司
18876225892.txt$$$$泉州鑫锐膜结构工程有限公司
18876225892_1.txt$$$$泉州鑫锐膜结构工程有限公司
