18669966505.txt$$$$山东慧泽仪表科技有限公司
18669966505_1.txt$$$$山东慧泽仪表科技有限公司
18669966505_2.txt$$$$山东慧泽仪表科技有限公司
18669973186.txt$$$$花生芽水培箱芽苗菜育苗盘有限公司
18669979132.txt$$$$临沂富豪塑料制品
18669993391.txt$$$$临沂志伟服饰有限公司
18669996837.txt$$$$山东尚菲格尔生态木有限公司
18669997127.txt$$$$潍坊市臻妙生物科技有限公司
18669997127_1.txt$$$$潍坊市臻妙生物科技有限公司
18669997127_2.txt$$$$潍坊市臻妙生物科技有限公司
18670030199.txt$$$$长沙市芙蓉区知心婚姻介绍工作室
18670049662.txt$$$$湖南航天康达塑胶有限公司
18670061207.txt$$$$长沙辉熠汽车贸易有限公司
18670272076.txt$$$$湖南联控仪器有限责任公司
18670353429.txt$$$$湖南博茂园林工程有限公司
18670386043.txt$$$$航天凯天环保科技股有限公司
18670390950.txt$$$$湖南伊仕环保科技有限公司
18670395449.txt$$$$湖南麓山化工有限公司
18670528663.txt$$$$湖南郴州苏仙区桥口镇白溪村草皮苗木绿化专业合作社
18670705078.txt$$$$贵州混凝土输送泵有限公司
18670720803.txt$$$$深圳采纳品牌营销顾问有限公司
18670726888.txt$$$$长沙友胜建材科技有限公司
18670786830.txt$$$$仁创有限公司
18670936690.txt$$$$湘潭家园建材有限公司
18671000717.txt$$$$湖北鑫泊莱家具有限公司
18671000717_1.txt$$$$湖北鑫泊莱家具有限公司
18671000717_2.txt$$$$湖北鑫泊莱家具有限公司
18671006087.txt$$$$襄阳市襄州区新一机电设备商行
18671006160.txt$$$$东莞市金硕康机械科技有限公司
18671006160_1.txt$$$$东莞市金硕康机械科技有限公司
