18037210222.txt$$$$河南红旗渠新材料有限公司
18037230001.txt$$$$河南鑫之泉新能源科技有限公司
18037241505.txt$$$$河南华盛游乐设备有限公司
18037278716.txt$$$$郑州字节律动信息技术有限公司
18037278716_1.txt$$$$郑州字节律动信息技术有限公司
18037285408.txt$$$$安阳市龙泰粮油机械有限公司
18037288568.txt$$$$安阳鑫晟玻璃钢复合材料有限公司
18037291782.txt$$$$安阳诺鼎机电设备有限公司
18037301305.txt$$$$郑州市烽火机械设备厂
18037302557.txt$$$$郑州林奥企业管理咨询有限公司
18037323634.txt$$$$郑州农盛乐农业科技有限公司
18037327115.txt$$$$河南环众牧业设备有限公司
18037328120.txt$$$$郑州海业仪器仪表有限公司
18037329077.txt$$$$沈丘县华强机械制造有限公司
18037332080.txt$$$$河南金仕佳装饰材料有限公司
18037336973.txt$$$$郑州市仟雨佰林科技有限公司
18037351115.txt$$$$洛阳市乐享添年生物技术开发有限责任公司
18037372280.txt$$$$郑州梯控电气设备有限公司
18037387698.txt$$$$河南闪行汽车租赁有限公司
18037387698_1.txt$$$$河南闪行汽车租赁有限公司
18037388468.txt$$$$河南康思贝健环保科技有限公司
18037388557.txt$$$$郑州正丰纸塑制品销售有限公司
18037395250.txt$$$$新乡市通和商贸有限公司
18037451332.txt$$$$河南佰利恒清洁服务有限公司
18037451332_1.txt$$$$河南佰利恒清洁服务有限公司
18037451332_2.txt$$$$河南佰利恒清洁服务有限公司
18037457984.txt$$$$河南灿然实业有限公司
18037457984_1.txt$$$$河南灿然实业有限公司
18037457984_2.txt$$$$河南灿然实业有限公司
18037464584.txt$$$$郑州丝路天语电子商务有限公司
