18202578112.txt$$$$天津万方建工轻钢有限公司
18202588046.txt$$$$天津金沃能源科技股份有限公司
18202588898.txt$$$$天津宝诚科技发展有限公司
18202588898_1.txt$$$$天津宝诚科技发展有限公司
18202588898_2.txt$$$$天津宝诚科技发展有限公司
18202621198.txt$$$$华创智造（天津）科技有限公司
18202621198_1.txt$$$$华创智造（天津）科技有限公司
18202624742.txt$$$$鹏兴环保工程（天津）有限公司
18202635787.txt$$$$天津同豪汽车销售有限公司
18202635787_1.txt$$$$天津同豪汽车销售有限公司
18202635787_2.txt$$$$天津同豪汽车销售有限公司
18202637773.txt$$$$天津雨辰泵业有限责任公司
18202637773_1.txt$$$$天津雨辰泵业有限责任公司
18202637773_2.txt$$$$天津雨辰泵业有限责任公司
18202672079.txt$$$$天津速安捷工程爬梯租赁有限公司
18202689222.txt$$$$天津法利莱集装箱移动板房租赁有限公司
18202689222_1.txt$$$$天津法利莱集装箱移动板房租赁有限公司
18202689222_2.txt$$$$天津法利莱集装箱移动板房租赁有限公司
18202689222_3.txt$$$$天津法利莱集装箱移动板房租赁有限公司
18202698693.txt$$$$天津尚柏居家具有限公司
18202698693_1.txt$$$$天津尚柏居家具有限公司
18202738497.txt$$$$苏瑞股份武汉苏瑞万信智能设备有限公司
18202847919.txt$$$$无极县泛雅门业有限公司
18202869441.txt$$$$成都名垚科技有限公司
18202907099.txt$$$$陕西之艳电线电缆有限公司
18202990737.txt$$$$陕西安吉道交通设施有限公司
18203053371.txt$$$$重庆忠越办公家具有限公司
18203062558.txt$$$$高新技术产业开发区辉黄家电维修服务部
18203067399.txt$$$$重庆和泓环保工程有限公司
18203113650.txt$$$$石家庄靓城保洁服务有限公司
