13916239514.txt$$$$上海熙泰包装材料有限公司
13916251946.txt$$$$上海讯展会议展览有限公司
13916256554.txt$$$$上海劢罗机械有限公司
13916264682.txt$$$$上海腾威彩钢制品南通有限公司
13916280801.txt$$$$海高特种材料股份有限公司
13916331453.txt$$$$白银区艾苛蜜百货商行
13916335787.txt$$$$上海意元自动化设备有限公司
13916356525.txt$$$$上海今印工贸有限公司
13916365331.txt$$$$上海隆继精密合金有限公司
13916377628.txt$$$$上海阳光节能灯有限公司
13916382298.txt$$$$凤祥贵金属回收
13916383402.txt$$$$上海申穗自动化设备有限公司
13916398929.txt$$$$上海和美包装材料有限公司
13916418882.txt$$$$上海乐沃农业科技有限公司
13916426892.txt$$$$上海剑宇汽车销售服务有限公司
13916449209.txt$$$$上海运睿电气设备有限公司
13916453813.txt$$$$上海冠佑电气自动化有限公司
13916473058.txt$$$$氟伦展览上海有限公司
13916477617.txt$$$$上海新富邦会展服务有限公司
13916481905.txt$$$$上海今彩实业有限公司
13916481905_1.txt$$$$上海今彩实业有限公司
13916481905_2.txt$$$$上海今彩实业有限公司
13916493441.txt$$$$意墅电梯（上海）有限公司
13916548626.txt$$$$上海汇民环保科技服务有限公司
13916556279.txt$$$$上海汉川信息科技有限公司
13916582126.txt$$$$上海山浦工程机械设备有限公司
13916608002.txt$$$$上海茗测检测技术有限公司
13916611421.txt$$$$上海逸镁涂装工程有限公司
13916613394.txt$$$$上海哲华化工材料有限公司
13916613394_1.txt$$$$上海哲华化工材料有限公司
