15156721616.txt$$$$桐庐县城南街道鹏远门窗经营部
15156721616_1.txt$$$$桐庐县城南街道鹏远门窗经营部
15156721616_2.txt$$$$桐庐县城南街道鹏远门窗经营部
15156779588.txt$$$$陕西兴阳体育设施有限公司
15156779588_1.txt$$$$陕西兴阳体育设施有限公司
15156829077.txt$$$$安徽洸森园林绿化工程服务有限公司
15156829077_1.txt$$$$安徽洸森园林绿化工程服务有限公司
15156829077_2.txt$$$$安徽洸森园林绿化工程服务有限公司
15156973648.txt$$$$合肥鑫磊景观园艺工程有限公司
15156973648_1.txt$$$$合肥鑫磊景观园艺工程有限公司
15156981123.txt$$$$合肥力新弹簧有限公司
15156990481.txt$$$$合肥远致钢结构有限公司
15156990481_1.txt$$$$合肥远致钢结构有限公司
15157036555.txt$$$$龙游华翊建筑材料有限公司
15157036555_1.txt$$$$龙游华翊建筑材料有限公司
15157099296.txt$$$$江山市金驰物流有限公司
15157103198.txt$$$$杭州天冠科技有限公司
15157109444.txt$$$$杭州赛杭建筑模型设计有限公司
15157110670.txt$$$$杭州星阳广告有限公司
15157134511.txt$$$$浙江德胜汽配市场兴旺五金建材经营部
15157156931.txt$$$$杭州福晟精密塑胶有限公司
15157199979.txt$$$$瑞幸咖啡（北京）有限公司
15157335533.txt$$$$嘉兴市耘诚进出口有限公司
15157606828.txt$$$$杭州绿超环保科技有限公司
15157672000.txt$$$$台州迅洁洗车设备有限公司
15157726322.txt$$$$物博会展服务（义乌）有限公司
15157769133.txt$$$$温州向一阀门有限公司
15157770135.txt$$$$浙江南崎自动化科技有限公司
15157818160.txt$$$$丽水市生之树涂料有限公司
15157818160_1.txt$$$$丽水市生之树涂料有限公司
