15837185100_1.txt$$$$郑州云惠新能源科技有限公司
15837185100_2.txt$$$$郑州云惠新能源科技有限公司
15837186719.txt$$$$苏洁净化工程（河南）有限公司
15837186719_1.txt$$$$苏洁净化工程（河南）有限公司
15837186719_2.txt$$$$苏洁净化工程（河南）有限公司
15837189332.txt$$$$郑州恩宏商贸有限公司
15837213336.txt$$$$安阳市富耀昌冶金耐材有限公司
15837216305.txt$$$$安阳安达机械设备有限公司
15837225624.txt$$$$林州市中辉花岗石厂
15837225634.txt$$$$林州市东岗镇中兴花岗岩厂
15837225634_1.txt$$$$林州市东岗镇中兴花岗岩厂
15837225634_2.txt$$$$林州市东岗镇中兴花岗岩厂
15837225922.txt$$$$林州市晨辉道岔有限公司
15837237416.txt$$$$安阳明生粮机配件有限公司
15837246658.txt$$$$安阳市超强耐磨材料有限公司
15837256430.txt$$$$安阳博利农业科技有限公司
15837269610.txt$$$$鹤壁市豫星机械制造有限公司
15837273599.txt$$$$林州市东岗镇青山花岗石厂
15837282666.txt$$$$安阳市中生源商贸有限公司
15837286399.txt$$$$安阳利浦钢板仓工程有限公司
15837308065.txt$$$$新乡市奥凌精密机械有限公司
15837337911.txt$$$$河南亚通机械设备有限公司
15837337911_1.txt$$$$河南亚通机械设备有限公司
15837345080.txt$$$$河南泓阳压力容器有限公司
15837346204.txt$$$$新乡市辰晟振动机械设备有限公司
15837346370.txt$$$$河南金麒麟服装有限公司
15837368537.txt$$$$天津市起重机设备有限公司
15837399547.txt$$$$河南航欧机电设备有限公司
15837739282.txt$$$$南阳云防爆科技有限公司
15837758608.txt$$$$河南波恩贝尔啤酒技术开发有限公司
