13802382658.txt$$$$东莞市湘科包装制品有限公司
13802382658_1.txt$$$$东莞市湘科包装制品有限公司
13802382658_2.txt$$$$东莞市湘科包装制品有限公司
13802390401.txt$$$$东莞市金瑞翔铝业有限公司
13802390401_1.txt$$$$东莞市金瑞翔铝业有限公司
13802390401_2.txt$$$$东莞市金瑞翔铝业有限公司
13802390697.txt$$$$东莞市金拓机械有限公司
13802391157.txt$$$$东莞市金瑞翔铝业有限公司
13802392331.txt$$$$广东金拓机械有限公司
13802392659.txt$$$$东莞市宏效机电工程有限公司
13802395186.txt$$$$东莞市加能机电设备工程有限公司
13802397091.txt$$$$东莞市中堂军发五金制罐厂
13802397091_1.txt$$$$东莞市中堂军发五金制罐厂
13802397091_2.txt$$$$东莞市中堂军发五金制罐厂
13802397835.txt$$$$东莞市宁庆数控科技有限公司
13802400675.txt$$$$安徽恒星世纪空调制冷设备有限公司
13802400675_1.txt$$$$安徽恒星世纪空调制冷设备有限公司
13802403044.txt$$$$东莞高华五金家具有限公司
13802403916.txt$$$$广州擎象机械设备技术有限公司
13802409611.txt$$$$广州市华明贸易有限公司
13802417688.txt$$$$广州亚美特艺术雕塑有限公司
13802423126.txt$$$$广州丰和货运市场瑞发货运部
13802426380.txt$$$$广州市三荣卫生用品有限公司
13802426380_1.txt$$$$广州市三荣卫生用品有限公司
13802427797.txt$$$$腾嘉（广州）电子商务有限公司
13802429318.txt$$$$广州市缔邦信息科技有限公司
13802433272.txt$$$$广州市盛邦康体场地材料有限公司
13802435437.txt$$$$广州添进纸品制造有限公司
13802440550.txt$$$$清远市承兴装饰有限公司
13802440550_1.txt$$$$清远市承兴装饰有限公司
