15610073991.txt$$$$青岛胜发智能科技有限公司
15610081698.txt$$$$青岛罗特蒙德科技有限公司
15610089880.txt$$$$青岛斯美瑞机电设备有限公司
15610107364.txt$$$$山东迈德隆机械设备有限公司
15610122456.txt$$$$济南越德数控设备有限公司
15610127579.txt$$$$济南禾邦自动化技术有限公司
15610145353.txt$$$$山东汉耐铁机房建材工程有限公司
15610148075.txt$$$$济南千江机械设备有限公司
15610167995.txt$$$$济南沃发机械制造设备有限公司
15610172861.txt$$$$济南恒通门窗设备有限公司
15610176030.txt$$$$山东必普股份有限公司
15610179538.txt$$$$济南鑫凯明数控科技有限公司
15610181870.txt$$$$山东恒保防火门窗科技有限公司
15610197555.txt$$$$诸城市卓尔机械有限公司
15610199006.txt$$$$山东元鼎食品机械有限公司
15610209696.txt$$$$山东杰诚能源科技有限公司
15610209696_1.txt$$$$山东杰诚能源科技有限公司
15610209696_2.txt$$$$山东杰诚能源科技有限公司
15610212288.txt$$$$临朐县亿能干燥设备有限公司
15610212288_1.txt$$$$临朐县亿能干燥设备有限公司
15610216118.txt$$$$诸城市昊泰机械科技有限公司
15610217765.txt$$$$山东日泰环保科技有限公司
15610228208.txt$$$$山东玺图机械科技有限公司
15610228208_1.txt$$$$山东玺图机械科技有限公司
15610254392.txt$$$$寿光市亿佳空调服务中心
15610258119.txt$$$$潍坊斯纳威阀门科技有限公司
15610258119_1.txt$$$$潍坊斯纳威阀门科技有限公司
15610258119_2.txt$$$$潍坊斯纳威阀门科技有限公司
15610262008.txt$$$$山东国兴机械装备有限公司
15610273168.txt$$$$山东润科数控科技有限公司
