15088248225_2.txt$$$$义乌市凌翔餐饮管理有限公司
15088262926.txt$$$$金华市博盛膜结构工程有限公司
15088262926_1.txt$$$$金华市博盛膜结构工程有限公司
15088265252.txt$$$$金华市金东区聚农家庭农场
15088269997.txt$$$$东阳市云红贸易有限公司
15088269997_1.txt$$$$东阳市云红贸易有限公司
15088269997_2.txt$$$$东阳市云红贸易有限公司
15088296992.txt$$$$东阳市艺嘉膜结构工程有限公司
15088307171.txt$$$$浙江东歌地坪工程有限公司
15088331415.txt$$$$苏州丰润木业有限公司
15088367306.txt$$$$长兴正力物流设备有限公司
15088392856.txt$$$$湖州任我行软件科技有限公司
15088473517.txt$$$$慈溪益锯机械有限公司
15088475580.txt$$$$中国宁波博尔超声波设备有限公司
15088510297.txt$$$$杭州股熙资产管理有限公司
15088681599.txt$$$$浙江宏承明仓储设备有限公司
15088731633.txt$$$$杭州辰邦展览展示有限公司
150887497101.txt$$$$杭州将太餐饮管理有限公司
15088773155.txt$$$$江西时方通信息科技有限公司
15088788090.txt$$$$杭州九域网络科技有限公司
15088841096.txt$$$$宁波洪瑞管道清洗有限公司
15088912821.txt$$$$温州智勇游乐设备有限公司
15088956908.txt$$$$浙江正昂电气有限公司
15088972772.txt$$$$浙江旭辉防爆电器有限公司
15088985999.txt$$$$尚森流体设备温州有限公司
15089101063.txt$$$$汕头澄海区明桔玩具厂
15089221222.txt$$$$惠东县大岭镇义成木跟厂
15089346565.txt$$$$惠州市壹鼎同创电子有限公司
15089353854.txt$$$$揭阳市东塑塑胶有限公司
15089628877.txt$$$$信宜市壹路市政工程有限公司
