13611151651.txt$$$$北京利君成数字科技有限公司
13611151651_1.txt$$$$北京利君成数字科技有限公司
13611151651_2.txt$$$$北京利君成数字科技有限公司
13611151651_3.txt$$$$北京利君成数字科技有限公司
13611155687.txt$$$$保定中润祥辉废旧物资回收有限公司
13611176198.txt$$$$北京腾云达机电厨房设备维修中心
13611200411.txt$$$$冶金工业国际交流合作中心
13611230417.txt$$$$北京中科视讯科技发展有限公司
13611238612.txt$$$$北京鼎盛华辰建筑工程有限公司
13611277109.txt$$$$北京欧亚航捷货运代理有限公司
13611278896.txt$$$$青县超达机械加工有限公司
13611300690.txt$$$$北京华和兴邦环保科技有限公司
13611300690_1.txt$$$$北京华和兴邦环保科技有限公司
13611360575.txt$$$$北京信远通环境工程技术有限责任公司
13611366664.txt$$$$北京洲汇科技有限公司
13611396097.txt$$$$北京圆志科信电子科技有限公司
13611411389.txt$$$$广东前力环保科技有限公司
13611415273.txt$$$$广州卡高化工科技有限公司
13611433392.txt$$$$广州英鹏科技智能有限公司
13611443573.txt$$$$广州润之宝科技有限公司
13611451221.txt$$$$广州奥蓓斯化妆品有限公司
13611452781.txt$$$$广州泰源工业滚筒有限公司
13611453300.txt$$$$广州市深兴防水补强工程有限公司
13611468513.txt$$$$广州市诗乐电子有限公司
13611468513_1.txt$$$$广州市诗乐电子有限公司
13611468513_2.txt$$$$广州市诗乐电子有限公司
13611477300.txt$$$$广州市番禺区桥南骏飞金属制品加工厂
13611477300_1.txt$$$$广州市番禺区桥南骏飞金属制品加工厂
13611477300_2.txt$$$$广州市番禺区桥南骏飞金属制品加工厂
13611477300_3.txt$$$$广州市番禺区桥南骏飞金属制品加工厂
