18819516846.txt$$$$东莞市汝特模具钢材有限公司
18819519804.txt$$$$旺胜物流
18819519804_1.txt$$$$东莞旺胜物流有限公司
18819680493.txt$$$$惠城区科创科技电子厂
18819680493_1.txt$$$$惠城区科创科技电子厂
18819680493_2.txt$$$$惠城区科创科技电子厂
18819709107.txt$$$$东莞市耐思电子有限公司
18819715815.txt$$$$东莞中直轴承有限公司
18819725837.txt$$$$东莞鼎拓智能科技有限公司
18819725837_1.txt$$$$东莞鼎拓智能科技有限公司
18819725837_2.txt$$$$东莞鼎拓智能科技有限公司
18819761772.txt$$$$东莞市金凤桥复合科技有限公司
18819761772_1.txt$$$$东莞市金凤桥复合科技有限公司
18819761772_2.txt$$$$东莞市金凤桥复合科技有限公司
18819761772_3.txt$$$$东莞市金凤桥复合科技有限公司
18819763730.txt$$$$佛山市南海越顺居装饰工艺品厂
18819800765.txt$$$$广州东奕挖掘机工程机械设备有限公司
18819814683.txt$$$$山西康童堂健康管理咨询有限公司
18819823698.txt$$$$河谷（广州）材料科技有限公司
18819823698_1.txt$$$$河谷（广州）材料科技有限公司
18819823698_2.txt$$$$河谷（广州）材料科技有限公司
18820004959.txt$$$$广州市珠江电线厂有限公司
18820008013.txt$$$$深圳市视康达电子有限公司
18820011198.txt$$$$广州市众志贸易有限公司
18820012811.txt$$$$广州果能能源科技有限公司
18820013369.txt$$$$广州市博顿运动装备有限公司
18820023260.txt$$$$广州市格凌环保科技有限公司
18820036884.txt$$$$广州市兴利五金制品有限公司
18820038368.txt$$$$广州君安鞋业有限公司
18820041391.txt$$$$广州雪崎制冷设备有限公司
