13706191461_1.txt$$$$无锡市恒盛净化空调有限公司
13706191461_2.txt$$$$无锡市恒盛净化空调有限公司
13706191958.txt$$$$无锡东方欣宏环保科技有限公司
13706195055.txt$$$$无锡宝德金装备科技有限公司
13706199715.txt$$$$无锡市摩恩环保设备有限公司
13706200479.txt$$$$苏州星汉振动试验仪器有限公司
13706200479_1.txt$$$$苏州星汉振动试验仪器有限公司
13706200479_2.txt$$$$苏州星汉振动试验仪器有限公司
13706204051.txt$$$$苏州东山望湖楼农家乐
13706215691.txt$$$$苏州超威电子有限公司
13706221966.txt$$$$张家港市南丰联和机械制造厂
13706261412.txt$$$$昆山市法歌喷雾净化系统有限公司
13706302876.txt$$$$青岛红金星包装印刷有限公司
13706307046.txt$$$$平度市大泽山双宝果树苗木专业合作社
13706307046_1.txt$$$$平度市大泽山双宝果树苗木专业合作社
13706307046_2.txt$$$$平度市大泽山双宝果树苗木专业合作社
13706311779.txt$$$$山东华都塑料托盘制造有限公司
13706330050.txt$$$$日照市丽华针织服装有限公司
13706330050_1.txt$$$$日照市丽华针织服装有限公司
13706330050_2.txt$$$$日照市丽华针织服装有限公司
13706332588.txt$$$$山东永信石业有限公司
13706332588_1.txt$$$$山东永信石业有限公司
13706333997.txt$$$$日照东尼家具有限公司
13706333997_1.txt$$$$日照东尼家具有限公司
13706333997_2.txt$$$$日照东尼家具有限公司
13706333997_3.txt$$$$日照东尼家具有限公司
13706334228.txt$$$$五莲县翔鹏石材有限公司
13706336707.txt$$$$五莲县博泰石材有限公司
13706350704.txt$$$$山东宝瑞金属材料有限公司
13706351240.txt$$$$山东展财管业有限公司
