18030466781.txt$$$$成都屋头餐饮管理有限公司
18030466781_1.txt$$$$成都屋头餐饮管理有限公司
18030508591.txt$$$$四川晟炜乐荣清洁设备有限公司
18030535079.txt$$$$成都凯利展览展示器械厂
18030815191.txt$$$$成都瑞致达科技有限公司
18030958958.txt$$$$四川川菁食品科技有限公司
18031000882.txt$$$$邯郸裕康种禽有限公司
18031007778.txt$$$$邯郸市永年区娄里村正建紧固件厂
18031019717.txt$$$$永年县焱晶紧固件销售有限公司
18031030000.txt$$$$邯郸市东环乙炔气厂
18031030000_1.txt$$$$邯郸市东环乙炔气厂
18031030000_2.txt$$$$邯郸市东环乙炔气厂
18031034288.txt$$$$河北楚博园林工程有限公司
18031034288_1.txt$$$$河北楚博园林工程有限公司
18031034288_2.txt$$$$河北楚博园林工程有限公司
18031044168.txt$$$$邯郸市路革炉窑科技有限公司
18031066777.txt$$$$邯郸市永年区娄里村正建紧固件厂
18031077927.txt$$$$永年县顺源紧固件有限公司
18031103481.txt$$$$正定县豪美装饰板厂
18031118781.txt$$$$石家庄金能电力科技股份有限公司
18031182716.txt$$$$河北晁群农业科技有限公司
18031191972.txt$$$$石家庄宏涛科技有限公司
18031243691.txt$$$$中阎庄晶通模盒模具加工厂
18031623774.txt$$$$霸州市胜利金属制品厂
18031676052.txt$$$$廊坊科立迩化工建材有限公司
18031676052_1.txt$$$$廊坊科立迩化工建材有限公司
18031676052_2.txt$$$$廊坊科立迩化工建材有限公司
18031685556.txt$$$$霸州市荣烽包装材料有限公司
18031685556_1.txt$$$$霸州市荣烽包装材料有限公司
18031685556_2.txt$$$$霸州市荣烽包装材料有限公司
