13777929550.txt$$$$义乌市骏豪彩印厂
13777997009.txt$$$$宁波正典特殊钢有限公司
13778137890.txt$$$$四川零点自动化系统有限公司
13778248328.txt$$$$四川比耐斯管业有限公司
13778248328_1.txt$$$$四川比耐斯管业有限公司
13778248328_2.txt$$$$四川比耐斯管业有限公司
13778432468.txt$$$$四川逸海卓诚科技发展有限公司
13778982155.txt$$$$简阳市青禾苗
13779950997.txt$$$$厦门幸福加科技有限公司
13779951780.txt$$$$厦门思蜜丝织带饰品有限公司
13779951888.txt$$$$中租（厦门)建筑设备有限公司
13779954367.txt$$$$厦门笋山商贸有限公司
13779967003.txt$$$$漳州市凯蒂氏贸易有限公司
13779971314.txt$$$$厦门蓝怡环境工程有限公司
13779993093.txt$$$$福建昊玥源生态农业科技有限公司
13780008052.txt$$$$宁波万佳空调维修中心
13780086275.txt$$$$浙江美兆环境技术有限公司
13780086275_1.txt$$$$浙江美兆环境技术有限公司
13780086275_2.txt$$$$浙江美兆环境技术有限公司
13780086275_3.txt$$$$浙江美兆环境技术有限公司
13780115967.txt$$$$永康市庄睿五金店
13780138733.txt$$$$义乌市精瑞包装机械有限公司
13780212195.txt$$$$河北润行机电设备有限公司
13780229860.txt$$$$清苑县北闫庄瑞风模具加工厂
13780270731.txt$$$$沧州诚源管业有限公司
13780281227.txt$$$$河北冀力重型机械设备有限公司
13780282880.txt$$$$河北德冠橡塑制品有限公司
13780299999.txt$$$$沙河市现红紧固件有限公司
13780299999_1.txt$$$$沙河市现红紧固件有限公司
13780299999_2.txt$$$$沙河市现红紧固件有限公司
