13725499199.txt$$$$广州彩杰印刷品有限公司
13725499199_1.txt$$$$广州彩杰印刷品有限公司
13725502048.txt$$$$深圳洲际展览工程有限公司
13725509691.txt$$$$创新基业科技发展有限公司
13725512708.txt$$$$深圳市鑫兴环宇物流有限公司
13725536261.txt$$$$深圳市佳晟金属材料有限公司
13725541036.txt$$$$深圳市华显光学仪器有限公司
13725542659.txt$$$$深圳市金丰达安防科技有限公司
13725546497.txt$$$$深圳市龙岗区平湖新宏昌货架商店
13725547247.txt$$$$深圳市鸿兴塑木景观新材料有限公司
13725587434.txt$$$$东莞市盛塑塑胶包装有限公司
13725673249.txt$$$$东莞市全鸿体育有限公司
13725700708.txt$$$$东莞市南城宏叶家具经营部
13725715788.txt$$$$东莞市洛同金属材料有限公司
13725721577.txt$$$$东莞市圣达机械科技有限公司
13725737272.txt$$$$东莞赛硕激光科技有限公司
13725737272_1.txt$$$$东莞赛硕激光科技有限公司
13725737272_2.txt$$$$东莞赛硕激光科技有限公司
13725757005.txt$$$$东莞市明准电子衡器有限公司
13725758886.txt$$$$东莞市长安正发再生资源回收店
13725783003.txt$$$$东莞市宝睿硅胶制品有限公司
13725787815.txt$$$$东莞市潘发华亿超声波设备有限公司
13725787815_1.txt$$$$东莞市潘发华亿超声波设备有限公司
13725787815_2.txt$$$$东莞市潘发华亿超声波设备有限公司
13725802526.txt$$$$东莞市本康实业有限公司
13725822384.txt$$$$东莞宏丰包装机械
13725841313.txt$$$$东莞市中泊涂料工程有限公司
13725841659.txt$$$$东莞市台兴钻石工具有限公司
13725854163.txt$$$$东莞市锦贤包装制品有限公司
13725857838.txt$$$$东莞市麻涌景观农场
