15938878621_1.txt$$$$邓州天泽新能源科技有限公司
15938878621_2.txt$$$$邓州天泽新能源科技有限公司
15938891179.txt$$$$南阳禹通保温建材科技有限公司
15938891179_1.txt$$$$南阳禹通保温建材科技有限公司
15938891179_2.txt$$$$南阳禹通保温建材科技有限公司
15938898885.txt$$$$新野县金土地蔬菜农民专业合作社
15938973530.txt$$$$河南尊博钢铁贸易有限公司
15939000960.txt$$$$河南睿之慧企业管理咨询有限公司
15939002151.txt$$$$巩义市元杰净水材料有限公司
15939003003.txt$$$$河南范思永服饰有限公司
15939005888.txt$$$$河南安信楼宇设备有限公司
15939016133.txt$$$$河南天微腾电子科技有限公司
15939033608.txt$$$$河南滴客汽车服务有限公司
15939036812.txt$$$$郑州郑电发电机有限公司
15939036812_1.txt$$$$河南斯坦福发电设备有限公司
15939042444.txt$$$$巩义市荃芬环保科技有限公司
15939088168.txt$$$$河南龙博紫穗槐园林绿化工程有限公司
15939088168_1.txt$$$$河南龙博紫穗槐园林绿化工程有限公司
15939088168_2.txt$$$$河南龙博紫穗槐园林绿化工程有限公司
15939088815.txt$$$$商丘金常来金属制品有限公司
15939088815_1.txt$$$$商丘金常来金属制品有限公司
15939088815_2.txt$$$$商丘金常来金属制品有限公司
15939112401.txt$$$$洛阳百克特科技发展股份有限公司
15939181677.txt$$$$河南众生源生态食业有限公司
15939185973.txt$$$$河南福沃机械科技有限公司
15939291020.txt$$$$鹤山区博达机械厂
15939378866.txt$$$$范县濮城龙腾珍珠岩厂
15939378866_1.txt$$$$范县濮城龙腾珍珠岩厂
15939378866_2.txt$$$$范县濮城龙腾珍珠岩厂
15939379517.txt$$$$濮阳市隆鑫塑胶有限公司
