15055785566_2.txt$$$$芜湖柜族集装箱有限公司
15055785900.txt$$$$芜湖博顺包装有限公司
15055785900_1.txt$$$$芜湖博顺包装有限公司
15055785900_2.txt$$$$芜湖博顺包装有限公司
15055799926.txt$$$$六安市华胜钻井工程有限公司
15055799926_1.txt$$$$六安市华胜钻井工程有限公司
15055799926_2.txt$$$$六安市华胜钻井工程有限公司
15055918168.txt$$$$北京大丁远航科技发展中心（有限合伙）
15056004733.txt$$$$合肥嘉联智能科技有限公司
15056018217.txt$$$$安徽致一科技发展有限公司
15056034866.txt$$$$南京博锻数控机床有限公司
15056036653.txt$$$$安徽洋科建材有限公司
15056036653_1.txt$$$$安徽洋科建材有限公司
15056036653_2.txt$$$$安徽洋科建材有限公司
15056039536.txt$$$$安徽天沐沃科智能科技有限公司
15056039660.txt$$$$安徽蚂蚁木业有限公司
15056039660_1.txt$$$$安徽蚂蚁木业有限公司
15056039660_2.txt$$$$安徽蚂蚁木业有限公司
15056069918.txt$$$$安徽科控智能科技有限公司
15056076288.txt$$$$安徽和中物资回收有限公司
15056079357.txt$$$$肥西县鑫海园苗圃
15056086688.txt$$$$安徽志帆钢构彩板有限公司
15056090800.txt$$$$安徽农友温室工程有限公司
15056211796.txt$$$$铜陵海陵环保科技有限责任公司
15056222818.txt$$$$安徽星顺清洁服务有限公司
15056235188.txt$$$$安徽华骅桥梁设备制造有限公司
15056235188_1.txt$$$$庐江县顺辉工程设备租赁部
15056312990.txt$$$$宣城市矿源起重机销售有限公司
15056312990_1.txt$$$$宣城市矿源起重机销售有限公司
15056312990_2.txt$$$$宣城市矿源起重机销售有限公司
