13506357795.txt$$$$莘县立盛源新能源有限公司
13506359310.txt$$$$聊城市德森钢管有限公司
13506377921.txt$$$$惠民县巨东化纤绳网厂
13506394621.txt$$$$青岛金泽鼎包装有限公司
13506404167.txt$$$$济南腾达包装有限公司
13506409789.txt$$$$济南鼎诚建筑装饰有限公司
13506409789_1.txt$$$$济南鼎诚建筑装饰有限公司
13506409789_2.txt$$$$济南鼎诚建筑装饰有限公司
13506409789_3.txt$$$$济南鼎诚建筑装饰有限公司
13506411155.txt$$$$德玛力格（济南）起重设备有限公司
13506411155_1.txt$$$$德玛力格（济南）起重设备有限公司
13506427201.txt$$$$青岛意特机械有限公司
13506429229.txt$$$$青岛金质计量检测服务有限公司
13506432936.txt$$$$淄博翔鹏机械有限公司
13506436355.txt$$$$山东鸿宇风机有限公司
13506441661.txt$$$$淄博朗欧化工销售有限公司
13506449135.txt$$$$淄博坤鹏泵业有限公司
13506456416.txt$$$$龙口市天海精密机械设备有限公司
13506462232.txt$$$$青州市利杰建材机械厂
13506464209.txt$$$$高密市顺发机械厂
13506464209_1.txt$$$$高密市顺发机械厂
13506464209_2.txt$$$$高密市顺发机械厂
13506465059.txt$$$$寿光海翔化工有限公司
13506465213.txt$$$$潍坊天脉机电设备有限公司
13506465824.txt$$$$诸城市瑞泓机械有限公司
13506466185.txt$$$$潍坊昌达建材有限公司
13506466784.txt$$$$潍坊华潍新型材料有限公司
13506466784_1.txt$$$$潍坊华潍新型材料有限公司
13506466784_2.txt$$$$潍坊华潍新型材料有限公司
13506469126.txt$$$$昌邑市石埠晨源无纺制品厂
