15935116408.txt$$$$山西润泽发商贸有限公司
15935116408_1.txt$$$$山西润泽发商贸有限公司
15935116408_2.txt$$$$山西润泽发商贸有限公司
15935128604.txt$$$$北京雷腾环境科技有限公司
15935148169.txt$$$$山西华东盛商贸有限公司
15935151061.txt$$$$太原市天龙围挡板厂
15935151061_1.txt$$$$太原市天龙围挡板厂
15935151061_2.txt$$$$太原市天龙围挡板厂
15935231113.txt$$$$灵丘县荞然商贸有限公司
15935231113_1.txt$$$$灵丘县荞然商贸有限公司
15935402852.txt$$$$山西雅尚礼仪文化艺术中心
15935402852_1.txt$$$$山西高开电气有限公司
15935402852_10.txt$$$$太原市富华机械厂
15935402852_11.txt$$$$太原市富华机械厂
15935402852_12.txt$$$$山西大美山河文化传媒有限公司
15935402852_13.txt$$$$山西大美山河文化传媒有限公司
15935402852_14.txt$$$$山西大美山河文化传媒有限公司
15935402852_15.txt$$$$祁县宇晖照明工程有限公司
15935402852_16.txt$$$$山西国术之光国际艺术交流有限责任公司
15935402852_17.txt$$$$思享品牌设计有限公司
15935402852_18.txt$$$$太原市万柏林区金鑫照明商行
15935402852_19.txt$$$$山西福瑞德通风科技有限公司
15935402852_2.txt$$$$太原市富华机械厂
15935402852_20.txt$$$$山西国术之光国际艺术交流有限责任公司
15935402852_21.txt$$$$思享品牌设计有限公司
15935402852_22.txt$$$$山西福瑞德通风科技有限公司
15935402852_23.txt$$$$思享品牌设计有限公司
15935402852_24.txt$$$$太原市晋源区鑫兴发建材商行
15935402852_25.txt$$$$太原亿阳照明有限公司
15935402852_26.txt$$$$山西鑫昇华光电科技有限公司
