18649217914.txt$$$$天津溢佳同惠有限公司
18649227047.txt$$$$天津向海同创风机有限公司
18649326699.txt$$$$山西朗润居环境电器销售有限公司
18649326699_1.txt$$$$山西朗润居环境电器销售有限公司
18649326699_2.txt$$$$山西朗润居环境电器销售有限公司
18649636023.txt$$$$厦门市百虹数码喷绘有限公司
18649687517.txt$$$$福建杰艺欣园艺有限公司
18649896167.txt$$$$福州盈众自动化设备责任有限公司
18649942941.txt$$$$上海彭臣泵阀有限公司
18650003288.txt$$$$厦门昂庭装饰材料有限公司
18650016166.txt$$$$厦门艾里康石业有限公司
18650029126.txt$$$$厦门钧晟智能科技有限公司
18650032836.txt$$$$厦门一路发苗木基地
18650036883.txt$$$$厦门悦七贸易有限公司
18650038158.txt$$$$厦门天机达科技有限公司
18650087720.txt$$$$福州红迪达家居有限公司
18650097825.txt$$$$福州瑄菲斯美容有限公司
18650102899.txt$$$$厦门市湖里区悦之声汽车配件经营部
18650113736.txt$$$$厦门乾泽电子科技有限公司
18650126897.txt$$$$厦门佰侨展示制品有限公司
18650130365.txt$$$$福建科胜加固材料有限公司
18650131331.txt$$$$厦门声利谱电子有限公司
18650131477.txt$$$$厦门开蚝屋餐饮管理有限公司
18650152571.txt$$$$厦门闻新会展有限公司
18650168270.txt$$$$厦门宏净环保科技有限公司
18650182187.txt$$$$厦门蓝树林科技有限公司
18650216007.txt$$$$厦门搏宏会展服务有限公司
18650326569.txt$$$$福州粤祥实业有限公司
18650366788.txt$$$$福州富来特智能遮阳技术有限公司
18650615022.txt$$$$福建省南安市培源石业有限公司
