18855180088.txt$$$$安徽省旭邦空调设备工程有限公司
18855191693.txt$$$$安徽安迈瑞智能科技有限公司
18855191693_1.txt$$$$安徽安迈瑞智能科技有限公司
18855191693_2.txt$$$$安徽安迈瑞智能科技有限公司
18855227375.txt$$$$蚌埠清风有害生物防治有限公司
18855227375_1.txt$$$$蚌埠清风有害生物防治有限公司
18855227375_2.txt$$$$蚌埠清风有害生物防治有限公司
18855279743.txt$$$$凯马斯特设备材料蚌埠有限公司
18855300720.txt$$$$鸠江区万氏古典园林建材商行
18855300720_1.txt$$$$鸠江区万氏古典园林建材商行
18855300720_2.txt$$$$鸠江区万氏古典园林建材商行
18855309110.txt$$$$芜湖毅丰达餐饮管理有限公司
18855309110_1.txt$$$$芜湖毅丰达餐饮管理有限公司
18855309110_2.txt$$$$芜湖毅丰达餐饮管理有限公司
18855309110_3.txt$$$$芜湖毅丰达餐饮管理有限公司
18855330781.txt$$$$芜湖市博纳塑胶制品有限公司
18855330781_1.txt$$$$芜湖市博纳塑胶制品有限公司
18855330781_2.txt$$$$芜湖市博纳塑胶制品有限公司
18855426262.txt$$$$安徽鑫沃建筑装饰工程有限公司
18855426262_1.txt$$$$安徽鑫沃建筑装饰工程有限公司
18855426262_2.txt$$$$安徽鑫沃建筑装饰工程有限公司
18855472173.txt$$$$临沂舜晓商贸有限公司
18855488881.txt$$$$凤台县玉杰建材厂
18855806801.txt$$$$阜阳亿媒动力网络科技有限公司
18855810017.txt$$$$顺兴食品商贸有限公司
18856027608.txt$$$$安徽迪斯特电热材料有限公司
18856031230.txt$$$$安徽智迈科技股份有限公司
18856045837.txt$$$$安徽帝辰电气技术有限公司
18856075890.txt$$$$合肥高瑞清洁设备有限公司
18856075890_1.txt$$$$合肥高瑞清洁设备有限公司
