18782988042_2.txt$$$$成都市金海霸新型建材有限公司
18783193074.txt$$$$四川省诺安物流有限公司
18783398133.txt$$$$四川味城餐饮管理有限公司
18783869778.txt$$$$四川伟箔铝箔制品有限公司
18783873456.txt$$$$四川互利石油化工工程有限公司
18785008097.txt$$$$贵州圣鑫达建材有限公司
18786014420.txt$$$$贵州智诚科技有限公司
18786060124.txt$$$$贵州楚智建材科技有限公司
18786066640.txt$$$$贵州科沃尔消防设备有限公司
18786320696.txt$$$$重庆永秀家政服务有限公司贵州分公司
18786320696_1.txt$$$$重庆永秀家政服务有限公司贵州分公司
18786320696_2.txt$$$$重庆永秀家政服务有限公司贵州分公司
18786335363.txt$$$$贵州祥宏包装制品有限公司
18786605460.txt$$$$贵阳南明亿诺管材销售中心
18786662439.txt$$$$福泉市格瑞矿业有限公司
18786671416.txt$$$$贵阳东怡科技有限公司
18786698380.txt$$$$贵州苏铜电力物资设备有限公司
18786761140.txt$$$$贵阳鸿宇办公家具厂
18786782079.txt$$$$贵州宙衡办公家具有限公司
18786782079_1.txt$$$$洛阳市源丰办公家具有限公司（贵州办事处）
18786991535.txt$$$$贵州广源包装制品有限公司
18787055084.txt$$$$维西县四鸣精舍酒店管理有限公司
18787062142.txt$$$$邳州市秋恩商店
18787076663.txt$$$$云南朗沃丝网制造有限公司
18787076663_1.txt$$$$云南朗沃丝网制造有限公司
18787159975.txt$$$$宁波长飞通信科技有限公司
18787176578.txt$$$$昆明稀路道路设施工程有限公司
18787183590.txt$$$$云南梦洋温室工程有限公司
18787183590_1.txt$$$$云南梦洋温室工程有限公司
18787183590_2.txt$$$$云南梦洋温室工程有限公司
