18033072970.txt$$$$深圳市乐见智显科技有限公司
18033175059.txt$$$$韶关市宏业经贸有限公司
18033204616.txt$$$$广东英尼芝科技有限公司
18033204616_1.txt$$$$广东英尼芝科技有限公司
18033209973.txt$$$$广东卡百利新材料科技有限公司
18033215682.txt$$$$佛山市粤瑞源机械有限公司
18033227789.txt$$$$佛山市汉迪森门窗系统有限公司
18033236998.txt$$$$佛山市创鑫亮电子商务有限公司
18033240426.txt$$$$英伦风尚别墅断桥门窗阳光房
18033242424.txt$$$$佛山市顺德区朗通钢铁加工有限公司
18033245277.txt$$$$广东佛山恒鑫筛网有限公司
18033245277_1.txt$$$$佛山市南海区衡沥五金筛网经营部
18033245277_2.txt$$$$佛山市南海区衡沥五金筛网经营部
18033245277_3.txt$$$$佛山市南海区衡沥五金筛网经营部
18033247153.txt$$$$佛山市咔斯琪服饰有限公司
18033334449.txt$$$$东莞市艾博仪器设备有限公司
18033335633.txt$$$$东莞市飞创自动化设备科技有限公司
18033335633_1.txt$$$$东莞市飞创自动化设备科技有限公司
18033335633_2.txt$$$$东莞市飞创自动化设备科技有限公司
18033336318.txt$$$$东莞市贝其乐机电设备有限公司
18033336318_1.txt$$$$东莞市贝其乐机电设备有限公司
18033336318_2.txt$$$$东莞市贝其乐机电设备有限公司
18033338794.txt$$$$东莞英成机电设备有限公司
18033395306.txt$$$$肇庆泽弘科技有限公司
18033401869.txt$$$$深圳航膜科技有限公司
18033408118.txt$$$$深圳市创科为科技有限公司
18033428664.txt$$$$深圳市瑞升户外高亮液晶有限公司
18033445273.txt$$$$深圳市多多乐家具有限公司
18033485923.txt$$$$东莞市源升泰茅草有限公司
18033488736.txt$$$$东莞市源升泰茅草有限公司
