13686605161.txt$$$$东莞市欣辉环保设备有限公司
13686605161_1.txt$$$$东莞市欣辉环保设备有限公司
13686605161_2.txt$$$$东莞市欣辉环保设备有限公司
13686621452.txt$$$$广东时代环保科技有限公司
13686621810.txt$$$$东莞市永益钢结构工程有限公司
13686647897.txt$$$$东莞市灵运货运代理有限公司
13686661581.txt$$$$东莞市南城董氏酒类经营部
13686665453.txt$$$$东莞市台富机械有限公司
13686666962.txt$$$$东莞市川崎机器人有限公司
13686670129.txt$$$$东莞市平尚电子科技有限公司
13686680976.txt$$$$东莞亿尔佳防锈材料有限公司
13686681603.txt$$$$东莞市联华焜智能装备技术有限公司
13686682134.txt$$$$东莞市资林环保科技有限公司
13686685717.txt$$$$东莞市赞引机械设备有限公司
13686686280.txt$$$$深圳鲁工自动化设备有限公司
13686689225.txt$$$$东莞市寮步乾进电子设备厂
13686689225_1.txt$$$$东莞市寮步乾进电子设备厂
13686689225_2.txt$$$$东莞市寮步乾进电子设备厂
13686694664.txt$$$$东莞市泽艺服饰辅料有限公司
13686713205.txt$$$$深圳市精密龙电子科技有限公司
13686814782.txt$$$$深圳市好姐妹保洁服务有限公司
13686821512.txt$$$$深圳市骏塑科技有限公司
13686823532.txt$$$$深圳市瀚博环保器材有限公司
13686834123.txt$$$$鑫佳豪鑫物流
13686837243.txt$$$$深圳市富维盈进出口有限公司
13686860392.txt$$$$深圳市友博泰克技术有限公司
13686864201.txt$$$$深圳鑫洪泰电子科技有限公司
13686871497.txt$$$$深圳市国际电子有限公司
13686880123.txt$$$$深圳市鑫美特木箱包装有限公司
13686888035.txt$$$$深圳润和鹏科技发展有限公司
