13808557496_1.txt$$$$泉州汇业智能吊灯旋转升降机
13808557496_2.txt$$$$泉州汇业智能吊灯旋转升降机
13808603503.txt$$$$武汉江星锅炉成套设备有限公司
13808606849.txt$$$$武汉晶彩环保科技有限公司
13808607504.txt$$$$武汉鑫润达科技发展有限公司
13808633788.txt$$$$武汉博文电子有限公司
13808640717.txt$$$$武汉戴梦迪商贸有限公司
13808640717_1.txt$$$$武汉金福来机电有限责任公司
13808647408.txt$$$$武汉市荣之达工艺制品有限公司
13808648351.txt$$$$武汉杰创物流有限公司
13808659747.txt$$$$武汉华神电气设备有限公司
13808701114.txt$$$$昆明市兴顺发筛网厂1
13808701114_1.txt$$$$昆明市兴顺发筛网厂
13808705325.txt$$$$昆明琦双商贸有限公司
13808710395.txt$$$$云南贤君服装有限公司
13808710395_1.txt$$$$云南贤君服装有限公司
13808710395_2.txt$$$$云南贤君服装有限公司
13808715723.txt$$$$云南逸尔鑫家具制造有限公司
13808716770.txt$$$$昆明领军节能科技有限公司
13808716770_1.txt$$$$昆明领军节能科技有限公司
13808716770_2.txt$$$$昆明领军节能科技有限公司
13808730925.txt$$$$云南汇通银河科技开发有限公司
13808730925_1.txt$$$$云南汇通银河科技开发有限公司
13808739229.txt$$$$云南超越建设工程有限公司
13808739229_1.txt$$$$云南超越建设工程有限公司
13808739229_2.txt$$$$云南超越建设工程有限公司
13808791890.txt$$$$云南云源加固工程有限公司
13808791890_1.txt$$$$云南云源加固工程有限公司
13808791890_2.txt$$$$云南云源加固工程有限公司
13808801030.txt$$$$东莞创意婚礼策划有限公司
