18163561180.txt$$$$枣阳市鸿跃汽车销售有限公司
18163561180_1.txt$$$$枣阳市鸿跃汽车销售有限公司
18163561180_2.txt$$$$枣阳市鸿跃汽车销售有限公司
18163578038.txt$$$$湖北政龙建筑工程有限公司
18163578038_1.txt$$$$湖北政龙建筑工程有限公司
18163578038_2.txt$$$$湖北政龙建筑工程有限公司
18163609632.txt$$$$长沙极享科技有限公司
18163630919.txt$$$$湖南英珀威机械有限公司
18163642344.txt$$$$长沙美年大健康健康管理有限公司
18163645177.txt$$$$湖南力和新能能源科技有限公司
18163645177_1.txt$$$$湖南力和新能源科技有限公司
18163730202.txt$$$$湖南金牌大管家生活服务有限公司
18163737151.txt$$$$鸿磐(上海)精密机械有限公司
18163737151_1.txt$$$$鸿磐(上海)精密机械有限公司
18163737151_2.txt$$$$鸿磐(上海)精密机械有限公司
18163989577.txt$$$$湘潭红火食品有限公司
18164002460.txt$$$$湖北贝思特智能科技有限公司
18164045949.txt$$$$武汉市乐农湖畔生态园有限公司
18164056207.txt$$$$武汉诚明鑫科技有限公司
18164246830.txt$$$$武汉乐农湖畔生态农业有限公司
18164284069.txt$$$$武汉慧济商贸发展有限责任公司
18164462528.txt$$$$安徽凌讯网络有限公司
18164473337.txt$$$$安徽国乐琴行有限公司
18164589165.txt$$$$浙江盼达地坪科技有限公司
18164598510.txt$$$$浙江未来之星五金机电有限公司
18164803234.txt$$$$圣牧展览（上海）有限公司
18164894506.txt$$$$贵州智捷机械设备有限公司
18165155884.txt$$$$西安大盛照明科技有限公司
18165243363.txt$$$$山东珏新商贸有限公司2
18165316851.txt$$$$华通盛世贸易（武汉）有限公司
