19860973361.txt$$$$山东劲诺利环保机械设备有限公司
19861311958.txt$$$$诸城广旭机械科技有限责任公司
19861584619.txt$$$$山东帝邦国际贸易有限公司
19862122828.txt$$$$山东住工润滑油有限公司
19862617297.txt$$$$青州科大环保机械有限公司
19862730120.txt$$$$济宁宜迅机械有限公司
19863016707.txt$$$$山东晟水源环保科技有限公司
19863069003.txt$$$$山东睿尔智创机械设备有限公司
19863069003_1.txt$$$$山东睿尔智创机械设备有限公司
19863080812.txt$$$$邹平中明环保科技有限公司
19863315672.txt$$$$山东五征集团有限公司
19863817998.txt$$$$肥城正力土工材料有限公司
19863856927.txt$$$$山东卫安机械设备有限公司
19864831005.txt$$$$深圳市华太宝科技有限公司
19864858448.txt$$$$广州美邦生物科技有限公司
19865853817.txt$$$$深圳市凯立鑫电子有限公司
19866167795.txt$$$$广州鑫发国际商贸有限公司
19866904158.txt$$$$深圳鑫顺乾实业发展有限公司
19867733859.txt$$$$怀特博文具设计（深圳）有限公司
19868489166.txt$$$$广州英鹏科技有限公司
19872770406.txt$$$$常州市九紫春生物科技有限公司
19874798830.txt$$$$深圳市华弘优印科技有限公司
19875250650.txt$$$$广东巨原新材料有限公司
19875666304.txt$$$$佛山市众诚环保工程有限公司
19875679787.txt$$$$深圳市久鼎国际物流有限公司
19875887687.txt$$$$广州卡帕奇实业有限公司
19875887687_1.txt$$$$广州卡帕奇实业有限公司
19876876651.txt$$$$广州键通国际物流有限公司
19882335983.txt$$$$鄂尔多斯市贵群羊绒服饰有限公司
19884189439.txt$$$$义乌市和邦国际货运代理有限公司
