18203382180.txt$$$$衡水铭桥桥梁工程配件有限公司
18203388496.txt$$$$安平县宏秀金属丝网制品有限公司
18203392335.txt$$$$河北诺发环保设备有限公司
18203396011.txt$$$$河北鑫鑫防雷器材有限公司
18203603913.txt$$$$新开普电子股份有限公司
18203627398.txt$$$$郑州厚佳机械设备有限公司
18203647490.txt$$$$郑州玖壹人力资源服务有限公司
18203647490_1.txt$$$$郑州玖壹人力资源服务有限公司
18203647490_2.txt$$$$郑州玖壹人力资源服务有限公司
18203665057.txt$$$$广州思埠生物科技有限公司郑州分公司
18203667703.txt$$$$舞阳钢铁贸易有限公司
18203679488.txt$$$$虞城县三众木制品有限公司
18203679488_1.txt$$$$虞城县三众木制品有限公司
18203679488_2.txt$$$$虞城县三众木制品有限公司
18203688283.txt$$$$郑州市金水区樊红岗锁具维修部
18203763056.txt$$$$信阳市灵石科技有限公司
18203880386.txt$$$$南阳市盛华源酒店用品有限公司
18203926842.txt$$$$南京世通服务有限公司
18203931788.txt$$$$濮阳市汇通清堵设备制造有限公司
18203970373.txt$$$$郑州市至诚交通设施有限公司
18203970373_1.txt$$$$郑州市至诚交通设施有限公司
18203970373_2.txt$$$$郑州市至诚交通设施有限公司
18203970789.txt$$$$巩义市铸乐模具制造有限公司
18203970789_1.txt$$$$巩义市铸乐模具制造有限公司
18203970789_2.txt$$$$巩义市铸乐模具制造有限公司
18203971617.txt$$$$郑州丽光标识设计制作有限公司
18203978787.txt$$$$华远泰通电缆有限公司
18203992882.txt$$$$温县正大鼎科机械设备有限公司
18204018555.txt$$$$盘锦伊迪清真食品有限公司
18204080708.txt$$$$辽宁赫远管业有限公司
