15813016528.txt$$$$佛山市华奥供应链管理有限公司
15813177028.txt$$$$深圳市龙岗区绿鸟照明灯饰电器厂
15813230048.txt$$$$英德市铭富园林有限公司
15813251118.txt$$$$英德市百石汇园林景观有限公司
15813301364.txt$$$$中科冠华新材料（广东）有限公司
15813301855.txt$$$$广州弘粹文化发展有限公司
15813301855_1.txt$$$$广州弘粹文化发展有限公司
15813301855_2.txt$$$$广州弘粹文化发展有限公司
15813309607.txt$$$$广州禹治环保科技有限公司
15813314463.txt$$$$增城新塘阡岭机制管厂
15813322887.txt$$$$广州市越秀区千百意眼镜商行
15813335206.txt$$$$广州鼎桂废旧物资回收有限公司
15813339667.txt$$$$江门运之星物流有限公司
15813342893.txt$$$$广州市地测测绘服务有限公司
15813356611.txt$$$$广州比月光电科技有限公司
15813359909.txt$$$$广州优耐节能保温材料有限公司
15813361767.txt$$$$广州鼎众机械设备租赁有限公司
15813384415.txt$$$$佛山市恒奕不锈钢有限公司
15813385785.txt$$$$广州百利恒音响设备有限公司
15813486805.txt$$$$佛山市罡正产品设计有限公司
15813492551.txt$$$$佛山市顺德区家邦电器有限公司
15813529431.txt$$$$广东省现代办公设备协会
15813701201.txt$$$$深圳速锐得科技有限公司
15813731120.txt$$$$深圳市龙岗区平湖惠捷机械设备经营部
15813746375.txt$$$$深圳市奥科亿科技有限公司
15813801713.txt$$$$深圳市宇诚行商贸有限公司
15813809440.txt$$$$深圳晶华显示电子股份有限公司
15813812037.txt$$$$深圳市微浩科技有限公司
15813820383.txt$$$$深圳市跃顺工业设备有限公司
15813822485.txt$$$$东莞市振东工业皮带有限公司
