18606392588.txt$$$$沂南县齐力塑编有限公司
18606392588_1.txt$$$$沂南县齐力塑编有限公司
18606392588_2.txt$$$$沂南县齐力塑编有限公司
18606400367.txt$$$$宁縉县金宏机械有限责任公司
18606401977.txt$$$$山东康丰节能科技有限公司
18606403660.txt$$$$宁津卓远输送设备有限公司
18606404039.txt$$$$山东开创网络有限公司
18606404819.txt$$$$宁津新忠木工机械设备厂
18606407598.txt$$$$德州欧达机械设备有限公司
18606409695.txt$$$$德州鑫盛空调设备有限公司
18606410791.txt$$$$威海市通联精密机械有限公司
18606410791_1.txt$$$$威海市通联精密机械有限公司
18606410791_2.txt$$$$威海市通联精密机械有限公司
18606410856.txt$$$$威海市环翠区金泰机械厂
18606410856_1.txt$$$$威海市环翠区金泰机械厂
18606410856_2.txt$$$$威海市环翠区金泰机械厂
18606417682.txt$$$$威海市振泓化工机械有限公司
18606431225.txt$$$$山东金恒达工程材料有限公司
18606432012.txt$$$$博山源泉蓝晨机械厂
18606435217.txt$$$$山东金石节能耐火材料有限公司
18606450201.txt$$$$潍坊好铸机械有限公司
18606455338.txt$$$$高密市天企顺机械加工厂
18606474333.txt$$$$济宁福康机械加工有限公司
18606474333_1.txt$$$$济宁福康机械加工有限公司
18606474333_2.txt$$$$济宁福康机械加工有限公司
18606474333_3.txt$$$$济宁福康机械加工有限公司
18606474333_4.txt$$$$济宁福康机械加工有限公司
18606474333_5.txt$$$$济宁福康机械加工有限公司
18606475111.txt$$$$济宁檀香丽舍商贸有限公司
18606478376.txt$$$$镭泽电子科技山东办事处
