13771021924.txt$$$$无锡市紫光机械科技有限公司
13771026958.txt$$$$无锡百泽传动机械制造有限公司
13771037911.txt$$$$无锡通美机械科技有限公司
13771053760.txt$$$$无锡楼承板有限公司
13771055025.txt$$$$无锡安盛动力设备有限公司
13771066761.txt$$$$无锡锡云环保科技有限公司
13771069409.txt$$$$无锡市阳光礼仪会展有限公司
13771069409_1.txt$$$$无锡市阳光礼仪会展有限公司
13771069409_2.txt$$$$无锡市阳光礼仪会展有限公司
13771069765.txt$$$$湖北瑞琦设备制造有限公司
13771072058.txt$$$$无锡泰贤粉体科技有限公司
13771072058_1.txt$$$$无锡泰贤粉体科技有限公司
13771091929.txt$$$$无锡市万翔液压机械厂
13771101644.txt$$$$卡麦隆自控阀门（无锡）有限公司
13771108030.txt$$$$无锡市茂成建筑装饰有限公司
13771110958.txt$$$$无锡品尚建材有限公司
13771111998.txt$$$$无锡市金苑液压器材厂
13771111998_1.txt$$$$无锡市金苑液压器材厂
13771112679.txt$$$$无锡百纳物流
13771114929.txt$$$$无锡惢钢金属材料有限公司
13771117618.txt$$$$江苏沐时代新材料科技有限公司
13771125262.txt$$$$无锡旭阳高压泵阀制造有限公司
13771143430.txt$$$$无锡新洲换热器科技有限公司
13771169608.txt$$$$无锡市金赛金属材料有限公司
13771171584.txt$$$$无锡新富昌特钢有限公司
13771171697.txt$$$$江苏泫槿环境科技有限公司
13771177605.txt$$$$无锡世发通用泵业电机有限公司
13771179753.txt$$$$无锡安美易电气设备有限公司
13771180994.txt$$$$无锡匠造信息科技有限公司
13771190452.txt$$$$锡山区锡北镇卤之鲜熟食店
