13871136008.txt$$$$武汉致卓测控科技有限公司
13871156294.txt$$$$武汉华平宇文化传媒有限公司
13871159222.txt$$$$武汉叶世俊呈商贸有限公司
13871176161.txt$$$$武汉点石理想建筑设计有限公司
13871183067.txt$$$$武汉金诚嘉科技有限公司
13871184633.txt$$$$武汉万丽再生物资有限公司
13871185123.txt$$$$武汉市青山区三德利汽车维修服务站
13871190732.txt$$$$中联兴邦建筑科技（武汉）有限公司
13871191998.txt$$$$襄阳平和顺彩板钢构有限公司
13871202093.txt$$$$湖北申瓯安防通信技术有限公司
13871202093_1.txt$$$$湖北申瓯安防通信技术有限公司
13871205568.txt$$$$武汉新坐标包装设计有限公司
13871213000.txt$$$$武汉固丽特建材科技有限公司
13871214588.txt$$$$武汉长丰云母绝缘材料有限公司
13871227299.txt$$$$武汉珞珈名胜文化传播有限公司
13871230436.txt$$$$武汉亚华电炉有限公司
13871232669.txt$$$$武汉南瑞西高电气实业有限公司
13871257099.txt$$$$武汉金丰弘玛生态农业发展有限公司
13871269095.txt$$$$武汉固柏橡塑制品有限公司
13871270626.txt$$$$华荣科技股份有限公司
13871282716.txt$$$$武汉兴永帮保洁服务有限公司
13871291875.txt$$$$武汉市东西湖会华铝材经营部
13871302354.txt$$$$武汉志坤朝阳商贸有限公司
13871314380.txt$$$$武汉市新洲区时尚制管厂
13871319625.txt$$$$湖北四方国瑞电力控股有限公司
13871324888.txt$$$$武汉天成旭邦新型建材有限公司
13871345003.txt$$$$武汉市海纳百川食品厂
13871365136.txt$$$$武汉福美瓷砖美缝有限公司
13871371319.txt$$$$武汉绿洲海食品有限公司
13871378164.txt$$$$武汉钢宁科贸有限公司
