13575992705_1.txt$$$$东阳市白云宝吉家具厂
13575992705_2.txt$$$$东阳市白云宝吉家具厂
13575995272.txt$$$$苏州龙焱塑料贸易有限公司
13576002460.txt$$$$连云港喜相逢以租代购汽车服务有限公司
13576006767.txt$$$$南昌时尚新锋职业培训学校
13576051397.txt$$$$南昌国鹏汽车租赁有限公司
13576051397_1.txt$$$$南昌国鹏汽车租赁有限公司
13576051397_2.txt$$$$南昌国鹏汽车租赁有限公司
13576062606.txt$$$$南昌市朗德科技有限公司
13576083737.txt$$$$江西一禾瑜伽服务有限公司
13576083737_1.txt$$$$江西一禾瑜伽服务有限公司
13576083737_2.txt$$$$江西一禾瑜伽服务有限公司
13576083737_3.txt$$$$江西一禾瑜伽服务有限公司
13576092091.txt$$$$江西省同享科技有限公司
13576095876.txt$$$$江西永力叉车服务有限公司
13576127893.txt$$$$江西聚德钢网有限公司
13576251024.txt$$$$南昌市顺友机械设备有限公司
13576820572.txt$$$$南昌科邦塑业有限公司
13576968608.txt$$$$海南博大建筑设备租赁有限公司
13576968608_1.txt$$$$海南博大建筑设备租赁有限公司
13576968988.txt$$$$江西华科吊篮租赁有限公司
13577028330.txt$$$$云南旭鄂商贸有限公司
13577028330_1.txt$$$$云南旭鄂商贸有限公司
13577028330_2.txt$$$$云南旭鄂商贸有限公司
13577038137.txt$$$$云南森图生物科技有限公司
13577039028.txt$$$$云南瑞沣金属制网有限公司
13577039028_1.txt$$$$云南瑞沣金属制网有限公司
13577039028_2.txt$$$$云南瑞沣金属制网有限公司
13577039908.txt$$$$云南吉益佳建材有限公司
13577039908_1.txt$$$$云南吉益佳建材有限公司
