13903881867.txt$$$$洛阳市廛河区邙山洛林苗圃基地
13903881867_1.txt$$$$洛阳市廛河区邙山洛林苗圃基地
13903884450.txt$$$$洛阳兴宇软轴控制器有限公司
13903884450_1.txt$$$$洛阳兴宇软轴控制器有限公司
13903884450_2.txt$$$$洛阳兴宇软轴控制器有限公司
13903939388.txt$$$$濮阳市汉鼎建材有限公司
13903939388_1.txt$$$$濮阳市汉鼎建材有限公司
13903939388_2.txt$$$$濮阳市汉鼎建材有限公司
13904004557.txt$$$$沈阳斯拓仪表有限公司
13904009345.txt$$$$沈阳华悦金卓汽车用品有限公司
13904015267.txt$$$$沈阳诺思真空技术有限公司
13904025796.txt$$$$沈阳誉鼎港汇电子科技有限公司
13904065828.txt$$$$锦州市太和区子洋环保设备厂
13904065828_1.txt$$$$锦州市太和区子洋环保设备厂
13904087121.txt$$$$天津滨海新区高新区乐轻健身中心
13904127277.txt$$$$鞍山市圣霖进出口贸易有限公司
13904159846.txt$$$$东港市信石苗木繁育场
13904317761.txt$$$$吉林省和合金属结构装饰有限公司
13904332000.txt$$$$吉林省吉建恒通钢结构建筑工程有限公司
13904957209.txt$$$$丹东市五龙背银河汽车保修设备有限公司
13905005549.txt$$$$福州格瑞特灌溉设备有限公司
13905005549_1.txt$$$$福州格瑞特灌溉设备有限公司
13905005549_2.txt$$$$福州格瑞特灌溉设备有限公司
13905018708.txt$$$$福州杨家建筑工程劳务有限公司
13905036711.txt$$$$福建省宁德市新建工防水材料科技有限公司
13905036711_1.txt$$$$福建省宁德市新建工防水材料科技有限公司
13905051087.txt$$$$漳州耀洁净化彩钢板有限公司
13905069235.txt$$$$晋江每日飞网络科技有限公司
13905103160.txt$$$$盐城市琅特科技有限公司
13905107361.txt$$$$盐城市秦南高空建筑防腐维修
