13826168860.txt$$$$广东标杆会展有限公司
13826180867.txt$$$$广州市晟之鹏贸易有限公司
13826181827.txt$$$$广州市青麦源餐饮管理服务有限公司
13826184508.txt$$$$广州大众服饰存货贸易有限公司
13826188586.txt$$$$广州昌锋金属制品有限公司
13826191120.txt$$$$广州瑞聪自动化设备有限公司
13826191120_1.txt$$$$广州瑞聪自动化设备有限公司
13826191120_2.txt$$$$广州瑞聪自动化设备有限公司
13826193970.txt$$$$广州莱亮电子产品有限公司
13826194119.txt$$$$佛山市祺建自动化设备有限公司
13826194119_1.txt$$$$佛山市祺建自动化设备有限公司
13826195399.txt$$$$广州韦邦家具有限公司
13826197448.txt$$$$广州双虹建材有限公司
13826199383.txt$$$$广州市利文建筑模型设计有限公司
13826204258.txt$$$$广州市友讯通信设备有限公司
13826205038.txt$$$$广州市威皇木业有限公司
13826210100.txt$$$$广州臻果贸易有限公司
13826220952.txt$$$$广东思绿环保工程有限公司
13826226898.txt$$$$广州惯达机电设备有限公司
13826226898_1.txt$$$$广州惯达泵业有限公司
13826226898_2.txt$$$$广州惯达泵业有限公司
13826226898_3.txt$$$$广州惯达泵业有限公司
13826229266.txt$$$$广州市新徕测绘仪器有限公司
13826237252.txt$$$$广州泽美生物科技有限公司
13826237252_1.txt$$$$广州泽美生物科技有限公司
13826237252_2.txt$$$$广州泽美生物科技有限公司
13826239662.txt$$$$泰纳电子科技有限公司
13826242043.txt$$$$广州市都博化工有限公司
13826252905.txt$$$$广州斯耐特贸易有限公司
13826252935.txt$$$$广州榕桥贸易有限公司
