15231780968_1.txt$$$$海兴县华翔体育器材厂
15231780968_2.txt$$$$海兴县华翔体育器材厂
15231780968_3.txt$$$$海兴县华翔体育器材厂
15231782365.txt$$$$沧州瑞富特金属制品有限公司
15231788765.txt$$$$沧州青胜木制包装品有限公司
15231794248.txt$$$$泊头市兴和机械有限公司
15231805959.txt$$$$邯郸县晨鑫冶金粉末有限公司
15231818498.txt$$$$馆陶县三隆橡塑有限公司
15231888413.txt$$$$邯郸市肥乡区宏旺矿山机械制造有限公司
15231902834.txt$$$$上海钯鑫焊材有限公司
15231903292.txt$$$$邢台亚捷橡胶制品有限公司
15231989444.txt$$$$清苑县勤诚机械设备厂
15231989444_1.txt$$$$保定市清苑区勤诚电子设备厂
15232007999.txt$$$$诚道交通设施（冠县）有限公司
15232058999.txt$$$$永年县和茂紧固件制造有限公司
15232059120.txt$$$$邯郸市泰昌紧固件有限公司永年县河北铺新商城分公司
15232059120_1.txt$$$$邯郸市泰昌紧固件有限公司永年县河北铺新商城分公司
15232059120_2.txt$$$$邯郸市泰昌紧固件有限公司永年县河北铺新商城分公司
15232060888.txt$$$$邯郸市盛业交通设施有限公司
15232060888_1.txt$$$$邯郸市盛业交通设施有限公司
15232060888_2.txt$$$$邯郸市盛业交通设施有限公司
15232091944.txt$$$$永年县佳弘贸易有限公司
15232091944_1.txt$$$$永年县佳弘贸易有限公司
15232091944_2.txt$$$$永年县佳弘贸易有限公司
15232175155.txt$$$$曲阳县千硕雕塑有限公司
15232175166.txt$$$$河北大侨国际贸易有限公司
15232189789.txt$$$$石家庄振鹏玩具厂
15232219612.txt$$$$保定澳斯达电力技术有限公司
15232222225.txt$$$$保定市新市区达利工业纸板复合厂
15232237878.txt$$$$保定市莲池区顶好汽车养护服务中心
