18665000735.txt$$$$广州雷诺生物科技有限公司广州分公司
18665000735_1.txt$$$$广州雷诺生物科技有限公司广州分公司
18665000735_2.txt$$$$广州雷诺生物科技有限公司广州分公司
18665000735_3.txt$$$$广州雷诺生物科技有限公司广州分公司
18665003425.txt$$$$广州思航节能有限公司
18665009224.txt$$$$广州华石机电技术有限公司
18665014005.txt$$$$深圳市昊天视讯科技有限公司
18665018861.txt$$$$广州市九瑞实验设备科技有限公司
18665039966.txt$$$$广东严工食品机械有限公司
18665054576.txt$$$$广州劢博仪器有限公司
18665054576_1.txt$$$$广州劢博仪器有限公司
18665054576_2.txt$$$$广州劢博仪器有限公司
18665058012.txt$$$$广州汉丰新能源科技有限公司
18665065629.txt$$$$广州市翼德电器有限公司
18665066813.txt$$$$广州市福迎门金银制品有限公司
18665069945.txt$$$$深圳市诺赛德光电科技有限公司
18665069945_1.txt$$$$深圳市诺赛德光电科技有限公司
18665069945_2.txt$$$$深圳市诺赛德光电科技有限公司
18665069945_3.txt$$$$深圳市诺赛德光电科技有限公司
18665081487.txt$$$$广州市白云区黄石思源皮具厂
18665088889.txt$$$$广州诺斯广告有限公司
18665092006.txt$$$$广州市天河区前进东奕机械配件厂
18665092886.txt$$$$广州凯能电器科技有限公司
18665098768.txt$$$$广州耐泊电子科技有限公司
18665099825.txt$$$$广州市花姬赏生物科技有限公司
18665099825_1.txt$$$$广州市花姬赏生物科技有限公司
18665099825_2.txt$$$$广州市花姬赏生物科技有限公司
18665101207.txt$$$$东莞市鸿义德货运有限公司
18665104405.txt$$$$东莞汇烨节能干燥设备有限公司
18665106701.txt$$$$深圳市杭隆照明有限公司
