18533100888.txt$$$$河北保菲新材料有限公司
18533100888_1.txt$$$$河北保菲新材料有限公司
18533100888_2.txt$$$$河北保菲新材料有限公司
18533139855.txt$$$$河北永创嘉辉喷泉节水灌溉科技有限公司
18533148787.txt$$$$鼎粟农业科技河北有限责任公司
18533155801.txt$$$$河北云晶网络科技有限公司
18533161888.txt$$$$河北莹坤防水建材有限公司
18533161888_1.txt$$$$河北莹坤防水建材有限公司
18533161888_2.txt$$$$河北莹坤防水建材有限公司
18533262110.txt$$$$河北禹灿环境科技有限公司
18533269298.txt$$$$石家庄品卓建材有限公司
18533501777.txt$$$$秦皇岛富田电气设备有限公司
18533609333.txt$$$$甘肃晟宇管道工程有限公司
18533695979.txt$$$$北京非凡华艺雕塑艺术有限公司
18533933427.txt$$$$河北艾迪森金属科技有限公司
18534392729.txt$$$$山西明晶光娱科技有限公司
18534605189.txt$$$$山西邦锋制冷科技有限公司
18534718238.txt$$$$定襄县兴牧养殖场
18534772789.txt$$$$山西国凯盛环保设备有限公司
18534772789_1.txt$$$$山西国凯盛环保设备有限公司
18534772789_2.txt$$$$山西国凯盛环保设备有限公司
18534772789_3.txt$$$$山西国凯盛环保设备有限公司
18535138981.txt$$$$山西商务国际旅行有限公司
18535164201.txt$$$$太原华冶设备研究所（有限公司）
18535164201_1.txt$$$$太原华冶设备研究所（有限公司）
18535164201_2.txt$$$$太原华冶设备研究所（有限公司）
18535179768.txt$$$$太原市尖草坪区希捷斯工贸有限公司
18535179768_1.txt$$$$太原市尖草坪区希捷斯工贸有限公司
18535179768_2.txt$$$$太原市尖草坪区希捷斯工贸有限公司
18535422288.txt$$$$昆明林澈经贸有限公司
