13978848248.txt$$$$南宁派奇文化传播有限责任公司
13978848248_1.txt$$$$南宁派奇文化传播有限责任公司
13978848248_2.txt$$$$南宁派奇文化传播有限责任公司
13978876948.txt$$$$南宁艾普莱喷码标识有限公司
13978880722.txt$$$$南宁市东牌门业有限公司
13979116456.txt$$$$南昌给力实业有限公司
13979137211.txt$$$$青山湖区晨奇彩印包装厂
13979158836.txt$$$$南昌市华天聚力企业营销策划有限公司
13979160309.txt$$$$南昌瀚锐商贸有限公司
13979160309_1.txt$$$$南昌瀚锐商贸有限公司
13979160309_2.txt$$$$南昌瀚锐商贸有限公司
13979337279.txt$$$$上饶邦达管道工程有限公司
13979487498.txt$$$$江西恒康机械设备有限公司
13979503888.txt$$$$江西广迪智能钢艺集团有限公司
13979643327.txt$$$$江西精创机械电子有限公司
13979643897.txt$$$$东莞市鑫特自动化科技有限公司
13979806178.txt$$$$景德镇市合元陶瓷有限公司
13979832673.txt$$$$高新区顺鑫陶瓷经营部
13979863104.txt$$$$唐龙陶瓷有限公司
13979875567.txt$$$$江西省唐龙陶瓷厂
13979879350.txt$$$$景德镇市唐龙陶瓷有限公司
13979879350_1.txt$$$$景德镇市唐龙陶瓷有限公司
13979886176.txt$$$$江西省景德镇市合元陶瓷有限公司
13979887094.txt$$$$景德镇市合燊陶瓷有限公司
13979895896.txt$$$$高新区顺鑫陶瓷经营部
13979907630.txt$$$$深圳市斯玛特安防设备有限公司
13979919368.txt$$$$萍乡市置顺陶瓷有限公司
13979992666.txt$$$$萍乡利达电子电器厂
13979992953.txt$$$$东莞尚好电磁科技有限公司
13980007360.txt$$$$成都市惠特普装饰工程有限公司
