13906434775.txt$$$$淄博博山华铄陶粒有限公司
13906434775_1.txt$$$$淄博博山华铄陶粒有限公司
13906434775_2.txt$$$$淄博博山华铄陶粒有限公司
13906436696.txt$$$$淄博海能塑管有限公司
13906436780.txt$$$$淄博市周村华丰耐火材料厂
13906438327.txt$$$$桓台县天华金属表面处理有限公司
13906438635.txt$$$$山东雷蒙重工有限公司
13906440777.txt$$$$山东亘茂新能源汽车销售服务有限公司
13906443312.txt$$$$山东济南龙标电子有限公司
13906456599.txt$$$$龙口市丰华玻璃有限公司
13906464641.txt$$$$寿光市誉诚农业设施有限公司
13906464641_1.txt$$$$寿光市誉诚农业设施有限公司
13906464960.txt$$$$潍坊市华龙防水材料有限公司
13906483207.txt$$$$青岛众悦机械有限公司
13906496397.txt$$$$博兴县佰森电器厂
13906496397_1.txt$$$$博兴县佰森电器厂
13906496397_2.txt$$$$博兴县佰森电器厂
13906522362.txt$$$$杭州展览有限公司
13906563466.txt$$$$台州市椒江瑞祥电动门厂
13906565429.txt$$$$温岭市奇锋工具有限公司
13906583690.txt$$$$浙江黄岩岩峰工贸有限公司
13906631028.txt$$$$浙江剑锋加固工程有限公司
13906668635.txt$$$$浙江豪星链条制造有限公司
13906668635_1.txt$$$$浙江豪星链条制造有限公司
13906668635_2.txt$$$$浙江豪星链条制造有限公司
13906701416.txt$$$$江山市宏光木业有限公司
13906706489.txt$$$$江山市郑氏砖业有限公司
13906706489_1.txt$$$$江山市郑氏砖业有限公司
13906706856.txt$$$$常山县金源金属材料有限公司
13906781399.txt$$$$缙云县群益温度传感器厂
