15254998598_1.txt$$$$临沭县可昊石材有限公司
15254998598_2.txt$$$$临沭县可昊石材有限公司
15255107565.txt$$$$安徽世博装饰工程有限公司
15255111306.txt$$$$合肥川香百味餐饮管理有限公司
15255125533.txt$$$$合肥音飞仓储设备有限公司
15255167039.txt$$$$合肥迪耐建材有限公司
15255170272.txt$$$$安徽晶亮光电工程有限公司
15255170272_1.txt$$$$安徽晶亮光电工程有限公司
15255176460.txt$$$$安徽美铖钢结构工程有限公司
15255176460_1.txt$$$$安徽美铖钢结构工程有限公司
15255176629.txt$$$$安徽绿宝特种电缆有限公司
15255177448.txt$$$$合肥益丰精益生产管理顾问有限公司
15255180988.txt$$$$合肥致达货运有限公司
15255193567.txt$$$$合肥尖刀企业管理有限公司
15255193567_1.txt$$$$合肥尖刀企业管理有限公司
15255193567_2.txt$$$$合肥尖刀企业管理有限公司
15255330126.txt$$$$芜湖俊尚管道工程有限公司
15255330126_1.txt$$$$芜湖俊尚管道工程有限公司
15255330126_2.txt$$$$芜湖俊尚管道工程有限公司
15255386666.txt$$$$芜湖成果塑业有限公司
15255386666_1.txt$$$$芜湖成果塑业有限公司
15255386666_2.txt$$$$芜湖成果塑业有限公司
15255459379.txt$$$$合肥车之慧信息科技有限公司
15255459379_1.txt$$$$合肥车之慧信息科技有限公司
15255475000.txt$$$$合肥少琪汽车服务有限公司
15255535980.txt$$$$安徽马鞍山邦泰环保设备有限公司
15255555058.txt$$$$安徽惠美达节能环保科技有限公司
15255555058_1.txt$$$$安徽惠美达节能环保科技有限公司
15255558303.txt$$$$安徽伟豪特种玻璃有限公司
15255558385.txt$$$$合肥德先包装有限公司
