15662083366.txt$$$$泰安乐潮纸业有限公司
15662311166.txt$$$$威海晟威试验机有限公司
15662311166_1.txt$$$$威海晟威试验机有限公司
15662311166_2.txt$$$$威海晟威试验机有限公司
15662311166_3.txt$$$$威海晟威试验机有限公司
15662326931.txt$$$$威海市旭祥建材有限公司
15662374567.txt$$$$济宁正邦表面处理剂有限公司
15662411088.txt$$$$济南韵琪建材有限公司
15662479406.txt$$$$潍城区裕和炉具厂
15662502596.txt$$$$潍坊和德化工技术有限公司
15662502596_1.txt$$$$潍坊和德化工技术有限公司
15662502596_2.txt$$$$潍坊和德化工技术有限公司
15662539086.txt$$$$诸城市拓迈机械科技有限公司
15662546056.txt$$$$山东淼清环境科技有限公司
15662555588.txt$$$$潍坊北海龙门碳业有限公司
15662563020.txt$$$$山东佳宁消防设备有限公司
15662572992.txt$$$$微技智能装备（山东）有限责任公司
15662587717.txt$$$$诸城市宏强机械厂
15662647575.txt$$$$济南机房彩钢板生产有限公司
15662647685.txt$$$$济南恒升工程机械有限公司
15662666867.txt$$$$山东大图数控设备有限公司
15662670555.txt$$$$张店珍缘水产服务部
15662670555_1.txt$$$$张店英名水产品商行
15662678879.txt$$$$济南振凯升降机械有限公司
15662697119.txt$$$$济南联浩机械设备有限公司
15662697119_1.txt$$$$济南联浩机械设备有限公司
15662698166.txt$$$$济南大展雕塑艺术有限公司
15662717778.txt$$$$山东泓途机械科技有限公司
15662717778_1.txt$$$$山东泓途机械科技有限公司
15662717778_2.txt$$$$山东泓途机械科技有限公司
