13582211267.txt$$$$曲阳县泽庆雕塑有限公司
13582211370.txt$$$$唐县澳腾商贸有限公司
13582211370_1.txt$$$$唐县澳腾商贸有限公司
13582211370_2.txt$$$$唐县澳腾商贸有限公司
13582214599.txt$$$$河北翰鼎雕塑集团有限公司
13582215585.txt$$$$保定市高通材料科技有限公司
13582220683.txt$$$$保定华兴塑料模具厂
13582226277.txt$$$$雄县旺京塑胶制品有限公司
13582226277_1.txt$$$$河北轩驰塑料制品有限公司
13582226277_2.txt$$$$定襄轩通驰管道科技有限公司
13582228538.txt$$$$河北祁通泵业有限公司
13582228538_1.txt$$$$河北祁通泵业有限公司
13582228538_2.txt$$$$河北祁通泵业有限公司
13582240260.txt$$$$保定市春鸿果品农民专业合作社
13582285023.txt$$$$安国市永泰泵业制造有限公司
13582285023_1.txt$$$$安国市永泰泵业制造有限公司
13582285023_2.txt$$$$安国市永泰泵业制造有限公司
13582285037.txt$$$$保定市卓为检修机械有限公司
13582297678.txt$$$$保定晨鸽起重机械制造有限公司
13582302179.txt$$$$河北鼎润盛紧固件制造有限公司
13582312316.txt$$$$石家庄时代互动科技有限公司
13582326491.txt$$$$定州亿森网络科技有限公司
13582329294.txt$$$$石家庄市宏达印刷有限公司
13582329294_1.txt$$$$石家庄市宏达印刷有限公司
13582461112.txt$$$$固安温泉休闲商务产业园区双博过滤器材厂
13582466789.txt$$$$廊坊市安次区景头果蔬种植专业合作社
13582468853.txt$$$$廊坊新瑞源环保设备有限公司
13582469927.txt$$$$固安县牛驼镇斯曼尔滤清器厂
13582473997.txt$$$$沧州金佳特机床附件制造有限公司
13582477507.txt$$$$河北宏鼎钢铁钢铁贸易有限公司
