15050284848.txt$$$$昆山永德盛油品有限公司
15050332737.txt$$$$常熟市诺晖精密五金机械设备有限公司
15050383138.txt$$$$霍邱县戈德涂料有限公司
15050383138_1.txt$$$$霍邱县戈德涂料有限公司
15050383138_2.txt$$$$霍邱县戈德涂料有限公司
15050383555.txt$$$$吴江和希净化科技有限公司
15050420908.txt$$$$苏州森控紧固件有限公司
15050422246.txt$$$$江苏企优托网络科技有限公司
15050422246_1.txt$$$$江苏企优托网络有限公司
15050422246_2.txt$$$$江苏企优托网络有限公司
15050511252.txt$$$$宿迁市辉煌供水设备有限公司
15050516579.txt$$$$宿迁鸿讯科技股份有限公司
15050524977.txt$$$$南京浚淇市政工程有限公司
15050558408.txt$$$$南京嘉陵地坪工程有限公司
15050560204.txt$$$$深圳沃利创意工程有限公司
15050589168.txt$$$$南京品择金属材料有限公司
15050683661.txt$$$$无锡创德废旧物资回收有限公司
15050709766.txt$$$$扬州协杭叉车设备有限公司
15050824888.txt$$$$邳州市彭泰银杏苗木购销部
15050841314.txt$$$$江苏思慕德抗震支架科技有限公司
15050978099.txt$$$$江苏鑫金水产养殖有限公司
15050994591.txt$$$$鸿丰农资有限公司
15051460044.txt$$$$昆山市张浦镇纪昌林电脑商行
15051501427.txt$$$$苏州天之乐环境科技有限公司
15051503904.txt$$$$河南中世源建材有限公司
15051528862.txt$$$$苏州东尚电子有限公司
15051538626.txt$$$$苏州朗锐晟钛镍设备有限公司
15051557950.txt$$$$苏州练水环保工程设备有限公司
15051566168.txt$$$$苏州绿萱环保科技有限公司
15051598027.txt$$$$苏州优怡美环保工程有限公司
