18653417206.txt$$$$济南泰瑞丰高分子新材料有限公司
18653417206_1.txt$$$$山东泰瑞丰新材料有限公司
18653418188.txt$$$$德州戈汇耐磨材料有限公司
18653420358.txt$$$$创惠空调设备有限责任公司
18653420558.txt$$$$宁津县德泰机械有限公司
18653420896.txt$$$$宁津县万强网链机械设备厂
18653421363.txt$$$$宁津县众基建设机械有限公司
18653422161.txt$$$$山东金信空调集团股份有限公司
18653422161_1.txt$$$$山东金信空调集团股份有限公司
18653422161_2.txt$$$$山东金信空调集团股份有限公司
18653423588.txt$$$$山东汇洋建筑设备有限公司
18653423588_1.txt$$$$山东汇洋建筑设备有限公司
18653423588_2.txt$$$$山东汇洋建筑设备有限公司
18653426413.txt$$$$宁津县金宏机械有限公司
18653427220.txt$$$$宁津县硕利养殖温控设备厂
18653427792.txt$$$$山东卓源空调设备有限公司
18653428171.txt$$$$山东奥宇电源有限公司
18653428619.txt$$$$宁津县恒运网链机械设备有限公司
18653428619_1.txt$$$$宁津县恒运网链机械设备有限公司
18653428619_2.txt$$$$宁津县恒运网链机械设备有限公司
18653428619_3.txt$$$$宁津县恒运网链机械设备有限公司
18653429550.txt$$$$德州奥达通风设备有限公司
18653431286.txt$$$$德州运河经济开发区特种拆与固服务中心
18653431575.txt$$$$德州钮威特健身器材有限公司
18653431779.txt$$$$森源橡塑制品有限公司
18653438204.txt$$$$德州宏展网链输送设备有限公司
18653451109.txt$$$$宁津县LVL层积材有限公司
18653451267.txt$$$$乐陵市东大食品枣业有限公司
18653451986.txt$$$$康喜智能科技东莞有限公司
18653453280.txt$$$$德州春意空调设备有限公司
