18591883493.txt$$$$昆明市官渡区誉崑轻质建材厂
18591912499.txt$$$$西安圣仕达清洁设备有限公司
18591912499_1.txt$$$$西安圣仕达清洁设备有限公司
18591912499_2.txt$$$$西安圣仕达清洁设备有限公司
18591912499_3.txt$$$$西安圣仕达清洁设备有限公司
18591913347.txt$$$$西安圣仕达清洁环保设备有限公司
18591923878.txt$$$$陕西无量装饰有限公司
18591931538.txt$$$$西安信诺实验设备有限公司
18591960326.txt$$$$西安普信电子科技有限责任公司
18591972267.txt$$$$陕西天助建筑装饰工程有限公司
18591998990.txt$$$$西安标书王图文制作有限公司
18592008960.txt$$$$陕西知行华智信息技术有限公司
18593808088.txt$$$$贵阳好勤快清洁服务有限公司
18594200967.txt$$$$深圳安士澳有限公司
18594213859.txt$$$$深圳市东凌智能工控科技有限公司
18595056780.txt$$$$兰州天目物流有限公司七里河分公司
18595182288.txt$$$$贺兰县惠万嘉集装箱经营部
18595182288_1.txt$$$$贺兰县惠万嘉集装箱经营部
18595182288_2.txt$$$$贺兰县惠万嘉集装箱经营部
18595200327.txt$$$$山东中交桥隧重型机械有限公司
18595201387.txt$$$$山东翔工机械电子商务有限公司
18595203167.txt$$$$翔工机械（山东）有限公司
18595206886.txt$$$$曲阜鑫丰商贸有限公司
18595213327.txt$$$$山东翔工有限公司
18595215517.txt$$$$济宁安华煤矿机械制造有限公司
18595221607.txt$$$$济宁saao机械有限公司
18595221608.txt$$$$济宁撒奥机械有限公司
18595221617.txt$$$$济宁萨奧机械有限公司
18595221627.txt$$$$济宁奥萨机械有限公司
18595221637.txt$$$$山东翔功机械有限公司
