13537660841.txt$$$$深圳市泰燃智能科技有限公司
13537668730.txt$$$$深圳市鸿扬国际物流有限公司
13537706220.txt$$$$深圳吉达建材
13537710669.txt$$$$惠州丰瑞机电环保设备有限公司
13537710669_1.txt$$$$惠州丰瑞机电环保设备有限公司
13537710669_2.txt$$$$惠州丰瑞机电环保设备有限公司
13537715815.txt$$$$深圳市里士实业有限公司
13537727279.txt$$$$壹指通（深圳）科技控股有限公司
13537731315.txt$$$$深圳飞扬骏研新材料股份有限公司
13537731956.txt$$$$深圳市全息视觉科技有限公司
13537733991.txt$$$$深圳市思镒金属制品有限公司
13537740205.txt$$$$广东安驰干冰清洗技术有限公司
13537746037.txt$$$$东莞市凤岗德诚机械设备经营部
13537746134.txt$$$$深圳市跨天下物流有限公司
13537753577.txt$$$$深圳市鑫金钢五金机械有限公司
13537762796.txt$$$$深圳市海盛柴油发电机有限公司
13537764708.txt$$$$深圳市赛维文化传播有限公司
13537767877.txt$$$$深圳市荣达信电源科技有限公司
13537787569.txt$$$$深凯机械有限公司
13537829228.txt$$$$深圳市佳比特科技有限公司
13537847389.txt$$$$万铭达数码科技开发有限公司
13537890908.txt$$$$深圳市良辰机械工程有限公司
13538003107.txt$$$$深圳中正精密机电设备有限公司
13538012990.txt$$$$深圳市鑫祥装饰设计工程有限公司
13538030287.txt$$$$深圳市驭景科技RFID有限公司
13538032417.txt$$$$深圳市天溢鹏科技有限公司
13538061510.txt$$$$深圳市美多新仓储设备有限公司
13538117082.txt$$$$深圳市隆城展示有限公司
13538146507.txt$$$$东莞市集美制罐有限公司
13538146905.txt$$$$深圳市伟鹏电机有限公司
