15932729240.txt$$$$东光县创建环保设备有限公司
15932737447.txt$$$$盐山县振凯机床附件制造有限公司
15932761869.txt$$$$邯郸市淼源环保设备有限公司
15933000826.txt$$$$魏县辉腾亮化设施安装有限公司
15933025232.txt$$$$保定市胜辉聚合物科技有限公司
15933061000.txt$$$$廊坊欧兰亚保温建材有限公司
15933065667.txt$$$$固安温泉休闲商务产业园区丰滤滤芯厂
15933079205.txt$$$$天津市津南区运涛经营部
15933085758.txt$$$$曲阳县众邦雕刻石材有限公司
15933085758_1.txt$$$$曲阳县众邦雕刻石材有限公司
15933085758_2.txt$$$$曲阳县众邦雕刻石材有限公司
15933174287.txt$$$$献县嘉博除尘设备有限公司
15933176326.txt$$$$盐山县宏正机床附件制造有限公司
15933178962.txt$$$$泊头市荣鹏环保设备有限公司
15933185567.txt$$$$安平县鼎天丝网制品有限公司
15933206118.txt$$$$永年县荣皓紧固件厂
15933266760.txt$$$$固安县金旺盛过滤设备制造有限公司
15933269938.txt$$$$廊坊九兴密封材料有限公司
15933272297.txt$$$$泊头市沧净环保设备有限公司
15933281580.txt$$$$沧州瀚博冷弯设备制造有限公司
15933297082.txt$$$$沧州市海沧机械有限公司
15933348730.txt$$$$任县晨超机械制造厂
15933383835.txt$$$$邢台卓辉机械制造有限公司
15933383835_1.txt$$$$邢台卓辉机械制造有限公司
15933383835_2.txt$$$$邢台卓辉机械制造有限公司
15933388856.txt$$$$邢台艺腾广告有限公司
15933412136.txt$$$$唐山润特包装技术有限公司
15933451555.txt$$$$清苑县南阎庄圳鑫模具机械加工厂
15933451555_1.txt$$$$清苑县南阎庄圳鑫模具机械加工厂
15933451555_2.txt$$$$清苑县南阎庄圳鑫模具机械加工厂
