15935402852_27.txt$$$$太原亿阳照明有限公司
15935402852_28.txt$$$$山西鑫昇华光电科技有限公司
15935402852_29.txt$$$$山西国术之光国际艺术交流有限责任公司
15935402852_3.txt$$$$山西鑫昇华光电科技有限公司
15935402852_4.txt$$$$山西同翔暖通科技有限公司
15935402852_5.txt$$$$太原亿阳照明有限公司
15935402852_6.txt$$$$山西森宇电线电缆有限公司
15935402852_7.txt$$$$太原巨目标牌科技有限公司
15935402852_8.txt$$$$山西森宇电线电缆有限公司
15935402852_9.txt$$$$山西森宇电线电缆有限公司
15935406001.txt$$$$太谷县富华加工厂
15935406001_1.txt$$$$太谷县富华加工厂
15935406001_2.txt$$$$太谷县富华加工厂
15935417005.txt$$$$介休市浩辰机械制造有限公司
15935417005_1.txt$$$$介休市浩辰机械制造有限公司
15935417005_2.txt$$$$介休市浩辰机械制造有限公司
15935699198.txt$$$$介休市华威洗煤设备有限公司
15935699198_1.txt$$$$介休市华威洗煤设备有限公司
15935699198_2.txt$$$$介休市华威洗煤设备有限公司
15935877757.txt$$$$文水县白云环保设备制造厂
15935877757_1.txt$$$$文水县白云环保设备制造厂
15935877757_2.txt$$$$文水县白云环保设备制造厂
15935906729.txt$$$$山西解义电泵制造有限公司
15935936441.txt$$$$山西青源苗圃
15936049521.txt$$$$河南省嘉成交通设施有限公司
15936187659.txt$$$$南阳佳鑫源包装材料有限公司
15936187659_1.txt$$$$南阳佳鑫源包装材料有限公司
15936187659_2.txt$$$$南阳佳鑫源包装材料有限公司
15936204580.txt$$$$郑州易赛诺信息技术有限公司
15936209587.txt$$$$河南郑州羽轩防辐射材料有限公司
