13530419593.txt$$$$深圳市卓越宏伟钢结构工程有限公司
13530451660.txt$$$$广东至敏电子有限公司
13530451660_1.txt$$$$广东至敏电子有限公司
13530451660_2.txt$$$$广东至敏电子有限公司
13530452646.txt$$$$深圳市芯派科技电子有限公司
13530506830.txt$$$$深圳市大通数控有限公司
13530509183.txt$$$$深圳思飞尔电子设备有限公司
13530509903.txt$$$$深圳思飞尔电子设备有限公司
13530520855.txt$$$$深圳市诚荣净水科技有限公司
13530534359.txt$$$$深圳市格拉斯克姆科技有限公司
13530539810.txt$$$$深圳市金洁环保科技有限公司
13530562595.txt$$$$深圳市富之岛机械工程有限公司
13530564195.txt$$$$惠州市惠阳区秋长新佳宝塑胶模具制品厂
13530566350.txt$$$$深圳欧米格科技有限公司
13530569826.txt$$$$深圳市新建成科技有限公司
13530578603.txt$$$$深圳市贝斯泰尔电子科技有限公司
13530580748.txt$$$$东莞市晨曦机电科技有限公司
13530587759.txt$$$$深圳市中数蓝鹰科技有限公司
13530592251.txt$$$$深圳市润利达科技有限公司
13530604350.txt$$$$深圳市万方光华科技有限公司
13530641276.txt$$$$东莞市清溪利成感光五金厂
13530641276_1.txt$$$$东莞市清溪利成感光五金厂
13530641276_2.txt$$$$东莞市清溪利成感光五金厂
13530646853.txt$$$$深圳市劲松智能科技有限公司
13530646853_1.txt$$$$深圳市劲松智能科技有限公司
13530646853_2.txt$$$$深圳市劲松智能科技有限公司
13530646853_3.txt$$$$深圳市劲松智能科技有限公司
13530647121.txt$$$$东莞市东坑元恒精密模具加工店
13530647121_1.txt$$$$东莞市东坑元恒精密模具加工店
13530647121_2.txt$$$$东莞市东坑元恒精密模具加工店
