13998179136.txt$$$$沈阳市宇利达清洗服务有限公司
13998203311.txt$$$$沈阳鼎新通达科技有限公司
13998228883.txt$$$$辽宁汽众润滑油生产有限公司
13998235880.txt$$$$天津天石贝亚石材装饰工程有限公司
13998302628.txt$$$$深圳嘉乐百岚家具有限公司
13998314458.txt$$$$北京丽鼎建筑装饰工程有限公司
13998317119.txt$$$$沈阳寶利德水泥制品厂
13998371121.txt$$$$沈阳象维科技有限公司
13998390657.txt$$$$沈阳寒艺雕塑厂
13998402665.txt$$$$大连铭鑫达科技有限公司
13998455572.txt$$$$大连雨禾石油仪器有限公司
13998536163.txt$$$$大连北方新意达科技发展有限公司
13998554387.txt$$$$沈阳市瑞丰制米厂
13998560614.txt$$$$大连西奥电子工程有限公司
13998686060.txt$$$$瓦房店金凯特轴承有限公司
13998811689.txt$$$$沈阳市华帝尔家具厂
13998813400.txt$$$$沈阳赤那印刷机械有限公司
13998825438.txt$$$$沈阳九宝烧烤设备有限公司
13998836211.txt$$$$广东安盾排爆装备有限公司
13998869262.txt$$$$辽宁鑫洋机电设备安装工程有限公司
13998879840.txt$$$$沈阳市绍清微型吊车厂
13998884002.txt$$$$沈阳龙腾电子有限公司
13998894969.txt$$$$桓仁宏创苗木基地
13999228453.txt$$$$西安向荣电子科技有限公司乌鲁木齐分公司
13999228453_1.txt$$$$西安向荣电子科技有限公司乌鲁木齐分公司
13999228453_2.txt$$$$西安向荣电子科技有限公司乌鲁木齐分公司
13999246607.txt$$$$亚欧国际博览有限公司
13999291165.txt$$$$乌鲁木齐华润空间膜结构有限公司
13999779736.txt$$$$河北东丽东方科技有限公司
13999800043.txt$$$$新疆艾斯博瑞展览有限公司
