17721175602.txt$$$$常熟市奥顿传动件有限公司
17721197376.txt$$$$上海昆邦化工有限公司
17721214977.txt$$$$上海普吉生物科技有限公司
17721270137.txt$$$$上海满森餐饮设备有限公司
17721299948.txt$$$$上海伊歌自动化设备有限公司
17721327431.txt$$$$上海高藤门业科技海安有限公司
17721376778.txt$$$$上海历川实业发展有限公司
17721490024.txt$$$$上海诺莎机电设备有限公司
17721493985.txt$$$$东世展览服务（上海）有限公司
17721957263.txt$$$$成都天鑫力禽业有限公司
17722048755.txt$$$$珠海市希斯达包装材料有限公司
17722181913.txt$$$$东莞市中科智恒新材料有限公司
17722181913_1.txt$$$$东莞市科世普材料有限公司
17722308818.txt$$$$东莞市东炬自动化设备有限公司
17722345015.txt$$$$东莞市铭森电子科技有限公司
17722345015_1.txt$$$$东莞市铭森电子科技有限公司
17722345015_2.txt$$$$东莞市铭森电子科技有限公司
17722345015_3.txt$$$$东莞市铭森电子科技有限公司
17722345015_4.txt$$$$东莞市铭森电子科技有限公司
17722358283.txt$$$$东莞市镭邦光电科技有限公司
17722358283_1.txt$$$$东莞市镭邦光电科技有限公司
17722358283_2.txt$$$$东莞市镭邦光电科技有限公司
17722375272.txt$$$$东莞市国达气动液压有限公司
17722393860.txt$$$$东莞松湖生态农业有限公司
17722421773.txt$$$$灯影科技有限公司
17722432737.txt$$$$深圳盛兴瑞科技有限公司
17722445472.txt$$$$深圳汇智通国际货运代理有限公司
17722445472_1.txt$$$$深圳汇智通国际货运代理有限公司
17722450557.txt$$$$深圳市润联塑胶模具有限公司
17722512223.txt$$$$深圳市微醉时代酒业有限公司
