13480680991.txt$$$$深圳三江伟业仓储设备有限公司
13480761092.txt$$$$深圳红九州科技有限公司
13480762185.txt$$$$旭程科技香港有限公司
13480762185_1.txt$$$$旭程科技香港有限公司
13480785790.txt$$$$深圳沃德爱特电子科技有限公司
13480801048.txt$$$$深圳华盛利源实业有限公司
13480808809.txt$$$$香港花施化妆品有限公司
13480812924.txt$$$$深圳市铧达康锡业有限公司
13480813379.txt$$$$深圳市宝安区达兴材料有限公司
13480815085.txt$$$$深圳电梯广告有限公司
13480825881.txt$$$$东莞市创泰机械有限公司
13480832595.txt$$$$深圳市天行骏实业有限公司
13480836153.txt$$$$惠州市捷普利电子有限公司
13480853501.txt$$$$深圳市鑫士利实业有限公司
13480899653.txt$$$$深圳市金冠宇五金有限公司
13480899653_1.txt$$$$深圳市金冠宇五金有限公司
13480899653_2.txt$$$$深圳市金冠宇五金有限公司
13480942634.txt$$$$深圳市希望网讯科技有限公司
13480944344.txt$$$$深圳市晟迅科技有限公司
13480971717.txt$$$$深圳英鹏电器有限公司
13481039012.txt$$$$广西南宁聚象数字科技有限公司
13481088058.txt$$$$深圳晶创和立科技有限公司
13481123941.txt$$$$广西南宁市金荣木业机械制造厂
13481163768.txt$$$$南宁市红昌交通科技有限公司
13481233331.txt$$$$柳州市鑫鑫农业发展有限公司
13481233331_1.txt$$$$柳州市鑫鑫农业
13481737703.txt$$$$中山市兴诚绝缘材料制品有限公司
13482016691.txt$$$$上海大松环境科技有限公司
13482050816.txt$$$$拓银展览(上海)有限公司
13482081506.txt$$$$上海博龙展览服务有限公司
