18620023689.txt$$$$广州粤鸿会展有限公司
18620026423.txt$$$$广州安居美实业发展有限公司
18620027419.txt$$$$广州三特电子有限公司
18620027671.txt$$$$广州乔致贸易有限公司
18620027708.txt$$$$广州风景线光电科技有限公司
18620029358.txt$$$$广州市星科机电设备有限公司
18620029588.txt$$$$广州市茗妍化妆品有限公司
18620037053.txt$$$$广州惠印纸制品有限公司
18620048987.txt$$$$东莞市一煜机电有限公司
18620048987_1.txt$$$$东莞市一煜机电有限公司
18620048987_2.txt$$$$东莞市一煜机电有限公司
18620050723.txt$$$$广州清力净水科技有限公司
18620050723_1.txt$$$$广州清力净水科技有限公司
18620050723_2.txt$$$$广州清力净水科技有限公司
18620050723_3.txt$$$$广州清力净水科技有限公司
18620056593.txt$$$$广州市路程物流
18620068148.txt$$$$广州市荔湾区昊伟工艺激光工作室
18620073930.txt$$$$广州千变电子科技有限公司
18620077274.txt$$$$广州快快点餐饮管理有限公司
18620089516.txt$$$$广州市金普达数码科技有限公司
18620091560.txt$$$$广州东旺教育科技有限公司
18620091560_1.txt$$$$广州东旺教育科技有限公司
18620091560_2.txt$$$$广州东旺教育科技有限公司
18620095021.txt$$$$广州市西美生物科技有限公司
18620097900.txt$$$$广州合旭建筑装饰工程有限公司
18620108532.txt$$$$广州马道货运代理有限公司
18620110771.txt$$$$广州市盛颉除尘设备有限公司
18620110804.txt$$$$广州市平达防雷科技有限公司
18620122312.txt$$$$广州豪镁货架有限公司
18620125455.txt$$$$韶关市贸易中等专业学校
