18623362224.txt$$$$良驹数码科技有限公司
18623545021.txt$$$$山东力扬托盘厂
18623772296.txt$$$$南阳市淯阳漂流设备有限公司
18623772296_1.txt$$$$南阳市淯阳漂流设备有限公司
18623772296_2.txt$$$$南阳市淯阳漂流设备有限公司
18623798527.txt$$$$洛阳欧维盾门窗科技有限公司
18623800036.txt$$$$金创冷却塔有限公司
18623822031.txt$$$$河南顺发棉机有限公司
18623828100.txt$$$$安阳盛丰温室工程有限公司
18623862843.txt$$$$河南太康鼎盛锅炉有限公司
18623862966.txt$$$$宁陵县沃农有机肥有限公司
18623863139.txt$$$$河南省绿佳食品有限公司
18623863139_1.txt$$$$河南省绿佳食品有限公司
18623863139_2.txt$$$$河南省绿佳食品有限公司
18624045119.txt$$$$沈阳众盈塑料包装制品加工厂
18624088361.txt$$$$沈阳市铁西区佳华之耀五金建材经销处
18624096668.txt$$$$沈阳炜能达机电设备有限公司
18624096898.txt$$$$吉林共创电子商务有限责任公司
18624096898_1.txt$$$$北京成至国际管理咨询有限公司
18624096898_2.txt$$$$北京成至国际管理咨询有限公司
18624349991.txt$$$$沈阳淮海机械制造有限公司
18624392677.txt$$$$大连圣世援测控技术有限公司
18624723851.txt$$$$河南省逸熙服饰有限公司
18624723851_1.txt$$$$河南省逸熙服饰有限公司
18624723851_2.txt$$$$河南省逸熙服饰有限公司
18624795588.txt$$$$南阳市裕蓝田机械设备有限公司
18624851993.txt$$$$洛阳馨立方环保科技有限公司
18624907276.txt$$$$郑州誉君自动化设备有限公司
18624915999.txt$$$$巩义市铭泽机械制造有限公司
18624915999_1.txt$$$$巩义市铭泽机械制造有限公司
