15237336288.txt$$$$长垣县豫港新型建材有限公司
15237383444.txt$$$$辉县市鑫达纺织机械配件有限公司
15237556720.txt$$$$舞钢市腾邦商贸有限公司
15237722888.txt$$$$镇平县鸿景石材雕刻工艺厂
15237722888_1.txt$$$$镇平县鸿景石材雕刻工艺厂
15237722888_2.txt$$$$镇平县鸿景石材雕刻工艺厂
15237888010.txt$$$$郑州长宏电子科技有限公司
15237990070.txt$$$$洛阳国润新材料科技股份有限公司
15238014647.txt$$$$郑州晒霸智能科技有限公司
15238020166.txt$$$$郑州建特重工机械制造有限公司
15238020626.txt$$$$巩义市豫丰机械厂
15238020626_1.txt$$$$河南豫丰机械厂
15238039482.txt$$$$巩义市华盛铭重工机械厂
15238039482_1.txt$$$$巩义市华盛铭重工机械厂
15238039482_2.txt$$$$巩义市华盛铭重工机械厂
15238039482_3.txt$$$$巩义市华盛铭重工机械厂
15238039677.txt$$$$郑州海富机电设备有限公司
15238053322.txt$$$$巩义市汇通管道设备厂
15238062489.txt$$$$河南金路网络有限公司
15238070087.txt$$$$贵州东威机器制造有限公司
15238072817.txt$$$$郑州市宏利塑料模具有限公司
15238076693.txt$$$$河南诚铸机械设备有限公司
15238088158.txt$$$$巩义市恒磊机械设备经销有限公司
15238097573.txt$$$$河南奥农苑温室工程有限公司
15238110196.txt$$$$南阳市伟翔塑料制品有限公司
15238195081.txt$$$$南阳市添美化妆培训学苑
15238199225.txt$$$$南阳好志威贸易有限公司
15238284540.txt$$$$沈丘永达高频设备有限公司
15238306292.txt$$$$河南千城共运汽车租赁有限公司
15238315648.txt$$$$河南金宇耐磨材料科技有限公司
