17100542263.txt$$$$贵州省仁怀市古粮醇酒业有限公司
17100777518.txt$$$$欣星鹭贸易有限公司
17101761571.txt$$$$佛山市冠邦兴不锈钢有限公司
17101850785.txt$$$$广州市唐安电子设备有限责任公司
17104910965.txt$$$$深圳市美科宜新材料有限公司
17104912294.txt$$$$青岛同茂鼎业机械有限公司
17104914748.txt$$$$江苏斯菲尔电气股份有限公司
17104917861.txt$$$$湖南康信德商贸有限公司
17105634338.txt$$$$上海市匡翊机电科技有限公司
17108481583.txt$$$$无锡苏仪特环境试验设备有限公司
17109324197.txt$$$$苏州微木智能系统有限公司
17109324198.txt$$$$山东泽鲁环境科技有限公司
17109324199.txt$$$$北京东南信诚科技有限公司
17109324212.txt$$$$无锡中亚环境试验设备有限公司
17114563411.txt$$$$东莞市佳信印刷有限公司
17114563486.txt$$$$凤凰辰砂银缘工艺品店
17116995692.txt$$$$青岛金中大机械有限公司
17117827039.txt$$$$北京中厨厨房设备有限公司
17119609888.txt$$$$山西万乐家建筑科技有限公司
17121236923.txt$$$$深泽县鼎弘商贸有限公司
17121311248.txt$$$$临朐金辉园林艺术厂
17121311928.txt$$$$重庆市赛思斯实验室设备有限公司
17122830255.txt$$$$益高电动车辆制造有限公司
17123523585.txt$$$$周口睦林实业有限公司
17124267526.txt$$$$石家庄世亚科技有限公司
17124267535.txt$$$$常州澳恩智能装备有限公司
17124684437.txt$$$$运城市巨力工程有限公司
17124905352.txt$$$$东莞市合晟再生资源回收有限公司
17124905360.txt$$$$湖南润马新材料科技有限公司
17125304660.txt$$$$烟台京城服装有限公司
