13598095158_4.txt$$$$巩义市鸿睿机械制造有限公司
13598095158_5.txt$$$$巩义市鸿睿机械制造有限公司
13598096155.txt$$$$河南中科重工机械有限公司
13598119352.txt$$$$安阳富伟窑炉科技发展有限公司
13598134929.txt$$$$安阳高新区宏成机电设备经销部
13598137068.txt$$$$安阳市滑州锅炉厂
13598138161.txt$$$$河南省海都体育场馆管理服务有限公司
13598175959.txt$$$$河南辰勤智能科技有限公司
13598189817.txt$$$$洛阳瑞欣电子设备有限公司
13598191878.txt$$$$洛阳景超机械制造有限公司
13598192715.txt$$$$洛阳国润新材料科技股份有限公司
13598201104.txt$$$$：南阳市爱进步机械设备有限公司
13598231569.txt$$$$河南天曼服饰有限公司
13598259636.txt$$$$南阳联安商贸有限公司
13598302716.txt$$$$河南威盾保安服务有限公司商丘分公司
13598302716_1.txt$$$$河南威盾保安服务有限公司商丘分公司
13598302716_2.txt$$$$河南威盾保安服务有限公司商丘分公司
13598302716_3.txt$$$$河南威盾保安服务有限公司商丘分公司
13598302716_4.txt$$$$河南威盾保安服务有限公司商丘分公司
13598371376.txt$$$$河南兄创安防科技有限公司
13598371376_1.txt$$$$河南兄创安防科技有限公司
13598371376_2.txt$$$$河南兄创安防科技有限公司
13598371376_3.txt$$$$河南兄创安防科技有限公司
13598400687.txt$$$$郑州赛科药业科技有限公司
13598400687_1.txt$$$$郑州赛科药业科技有限公司
13598400687_2.txt$$$$郑州赛科药业科技有限公司
13598422581.txt$$$$登封市元丰磨料耐材厂
13598437288.txt$$$$巩义市博祥管道设备有限公司
13598438848.txt$$$$巩义市顺成供水材料有限公司
13598443888.txt$$$$河南凡高环保材料有限公司
