13930979925_2.txt$$$$邢台科阳机械有限公司
13930989303.txt$$$$邢台森美机械制造有限公司
13930989303_1.txt$$$$邢台森美机械制造有限公司
13930989303_2.txt$$$$邢台森美机械制造有限公司
13930990142.txt$$$$河北美邦农业科技有限公司
13930998788.txt$$$$邢台景澳橡塑科技有限公司
13930999758.txt$$$$邢台市鹏诺机械制造有限公司
13930999758_1.txt$$$$邢台市鹏诺机械制造有限公司
13930999758_2.txt$$$$邢台市鹏诺机械制造有限公司
13930999758_3.txt$$$$邢台市鹏诺机械制造有限公司
13931005778.txt$$$$鸡泽县社英托盘加工厂
13931005778_1.txt$$$$鸡泽县社英托盘加工厂
13931005778_2.txt$$$$鸡泽县社英托盘加工厂
13931008153.txt$$$$邯郸市腾晖石膏制造有限公司
13931008153_1.txt$$$$邯郸市腾晖石膏制造有限公司
13931008153_2.txt$$$$邯郸市腾晖石膏制造有限公司
13931011687.txt$$$$河北鑫标紧固件制造有限公司
13931011687_1.txt$$$$河北鑫标紧固件制造有限公司
13931011687_2.txt$$$$河北鑫标紧固件制造有限公司
13931015260.txt$$$$河北盛业斗拱厂
13931015260_1.txt$$$$邯郸鹏业斗拱厂
13931015910.txt$$$$邯郸市豪德紧固件制造有限公司
13931015910_1.txt$$$$邯郸市豪德紧固件制造有限公司
13931015910_2.txt$$$$邯郸市豪德紧固件制造有限公司
13931025817.txt$$$$邯郸市玖泰金属制品制造有限公司
13931025817_1.txt$$$$邯郸市玖泰金属制品制造有限公司
13931028482.txt$$$$磁县亿瑞服装有限公司
13931033819.txt$$$$永年县铁西浩森膨胀栓厂
13931033819_1.txt$$$$永年县铁西浩森膨胀栓厂
13931033819_2.txt$$$$永年县铁西浩森膨胀栓厂
