15192648877.txt$$$$青岛杜邦农资产品有限公司
15192651520.txt$$$$海格尔压缩机（青岛）有限公司
15192712310.txt$$$$博利达幕墙材料总汇
15192722206.txt$$$$青岛帅通旅游咨询有限公司
15192757678.txt$$$$青岛岛城一脉饮品有限公司
15192780611.txt$$$$青岛新中鼎包装制品有限公司
15192791818.txt$$$$青岛华鲁胜物流有限公司
15192819001.txt$$$$山东晨浩金属制品有限公司
15192819001_1.txt$$$$山东晨浩金属制品有限公司
15192819001_2.txt$$$$山东晨浩金属制品有限公司
15192880956.txt$$$$临沂广银集装箱有限公司
15192883333.txt$$$$临沂万盛输送带有限公司
15192888125.txt$$$$临沂邦业电气设备有限公司
15192888127.txt$$$$临沂市兰山区铠源机械设备销售中心
15192888127_1.txt$$$$临沂市兰山区铠源机械设备销售中心
15192888127_2.txt$$$$临沂市兰山区铠源机械设备销售中心
15192913399.txt$$$$临沂市兰山区宏田塑业商行
15192943379.txt$$$$临沂市鸿宇食品机械有限公司
15192948888.txt$$$$临沂市永强木业有限公司
15192970666.txt$$$$临沂嘉德福门套线厂
15192971099.txt$$$$临沂市兰山区兆银彩印包装厂
15192971099_1.txt$$$$临沂市兰山区兆银彩印包装厂
15193100577.txt$$$$甘肃亿发鸿运保温材料有限公司
15193110525.txt$$$$甘肃建投路桥工程有限公司
15193114111.txt$$$$甘肃众信汽车烤漆房设备有限公司
15193164412.txt$$$$兰州银河化工产品有限公司
15193188188.txt$$$$甘肃世纪丰和采光树脂瓦有限公司
15193442277.txt$$$$聊城恒鑫公路设施有限公司
15194065055.txt$$$$山东广都塑业有限公司
15194112185.txt$$$$山东济南市利颂化工科技有限公司
