18119657199.txt$$$$安徽旭泰仪器科技有限公司
18119832272.txt$$$$淮北合众机械设备有限公司
18119881744.txt$$$$芜湖新芜新型建材有限公司
18119881744_1.txt$$$$芜湖新芜新型建材有限公司
18119892089.txt$$$$芜湖全益包装材料有限公司
18119892089_1.txt$$$$芜湖全益包装材料有限公司
18119892089_2.txt$$$$芜湖全益包装材料有限公司
18119999719.txt$$$$安徽增品地坪工程有限公司
18120052935.txt$$$$苏州骏驰机电科技有限公司
18120055793.txt$$$$苏州洁美诺厨房设备有限公司
18120056190.txt$$$$苏州市王森教育咨询有限公司
18120086997.txt$$$$开封邦源金属制品有限公司
18120150079.txt$$$$江苏辉鹏成套设备科技有限公司
18120180268.txt$$$$南京易通新能源科技有限公司
18120185461.txt$$$$南京天约智能科技有限公司
18120279105.txt$$$$西安东达化工科技有限公司
18120286641.txt$$$$湖北江业电气科技有限公司
18120295292.txt$$$$湖北永星辰光电科技有限公司
18120366669.txt$$$$湖北必晟纸业有限公司
18120366669_1.txt$$$$湖北必晟纸业有限公司
18120366669_2.txt$$$$湖北必晟纸业有限公司
18120389418.txt$$$$湖北天瓷电子材料有限公司
18120555230.txt$$$$武汉纬嘉源瑞餐饮管理有限公司
18120555287.txt$$$$武汉明红防水工程有限公司
18120589069.txt$$$$武汉克瑞泽智能科技有限公司
18120589586.txt$$$$武汉尚艺世家防腐工程有限公司
18120612089.txt$$$$泉州市天意测绘仪器有限公司
18120723833.txt$$$$厦门乐柠网络科技有限公司
18120725515.txt$$$$厦门展东科技有限公司
18120795593.txt$$$$深圳市路讯通智能科技有限公司
