13864638198_1.txt$$$$昌邑富民织造股份有限公司
13864638198_2.txt$$$$昌邑富民织造股份有限公司
13864645827.txt$$$$诸城市泰昊机械有限公司
13864645827_1.txt$$$$诸城市泰昊机械有限公司
13864645827_2.txt$$$$诸城市泰昊机械有限公司
13864659116.txt$$$$潍坊生建工贸有限公司
13864661501.txt$$$$寿光市启航温室工程有限公司
13864663323.txt$$$$山东万丰铝塑包装有限公司
13864676271.txt$$$$临朐县玉东金属制品厂
13864676271_1.txt$$$$临朐县玉东金属制品厂
13864677682.txt$$$$高密市长元金属有限公司
13864681526.txt$$$$山东浩正防水材料有限公司
13864693800.txt$$$$潍坊市金五环建材有限公司
13864693979.txt$$$$临朐县鑫星铸造厂
13864698000.txt$$$$青州市海天矿沙机械厂
13864698000_1.txt$$$$青州市海天矿沙机械厂
13864698262.txt$$$$青州市鼎胜包装有限公司
13864810288.txt$$$$青岛铸工重型机械有限公司
13864812022.txt$$$$青岛柏合居木业有限公司
13864825951.txt$$$$青岛中通臭氧科技有限公司
13864853165.txt$$$$青岛威肯自动化科技有限公司
13864871150.txt$$$$青岛兆星环保设备有限公司
13864871150_1.txt$$$$青岛兆星环保设备有限公司
13864871150_2.txt$$$$青岛兆星环保设备有限公司
13864884353.txt$$$$青岛展华威国际物流有限公司
13864902008.txt$$$$山东红日管业科技有限公司
13864908919.txt$$$$山东三昌智能仪表有限公司
13864920257.txt$$$$蒙阴拔王炖鸡调料有限公司
13864926138.txt$$$$临沂东跃起重工程有限公司
13864926138_1.txt$$$$临沂东跃起重工程有限公司
