16650202219_1.txt$$$$商丘市睢阳区明哲电脑耗材经营店
16650202219_2.txt$$$$商丘市睢阳区明哲电脑耗材经营店
16650287908.txt$$$$新乡市智泰振动机械有限公司
16650353006.txt$$$$新乡市双诚环保设备有限公司
16650516128.txt$$$$河南朝航保温工程有限公司
16650516128_1.txt$$$$河南朝航保温工程有限公司
16650516128_2.txt$$$$河南朝航保温工程有限公司
16651051515.txt$$$$连云港亚欧重工机械有限公司
16651357787.txt$$$$济宁华德环保服务有限公司
16652273561.txt$$$$山东东阿咏珍阿胶制品有限公司
16652291991.txt$$$$山东宏利复合材料有限公司
16652856825.txt$$$$山东神州杰能工业装备有限公司
16653181956.txt$$$$济阳县窦氏广告传媒有限公司
16653186855.txt$$$$山东卓源餐饮管理有限公司
16653211881.txt$$$$青岛美安服饰有限公司
16653414488.txt$$$$德州金聚亿机械设备有限公司
16653425366.txt$$$$平原县鑫源泡沫制品厂
16653425366_1.txt$$$$平原县鑫源泡沫制品厂
16653426388.txt$$$$德州科禄格风机有限公司
16653668808.txt$$$$青岛康盛特电子科技有限公司
16653730851.txt$$$$济宁市芃磊商贸有限公司
16653761245.txt$$$$山东铁兴铁路机械混凝土设备有限公司
16653761245_1.txt$$$$山东铁兴铁路机械混凝土矿区设备有限公司
16653765338.txt$$$$山东凸凸树园林机械装备有限公司
16653883883.txt$$$$山东阿斯德科技有限公司
16653911070.txt$$$$山东拓通管业有限公司
16653911070_1.txt$$$$山东拓通管业有限公司
16653911070_2.txt$$$$山东拓通管业有限公司
16653911070_3.txt$$$$山东拓通管业有限公司
16653911090.txt$$$$山东拓通管业有限公司
