15191453980_1.txt$$$$上海霓宸建材科技有限公司
15191757462.txt$$$$宝鸡睿钛金属有限公司
15191796944.txt$$$$宝鸡普诺思热技术发展有限公司
15191856564.txt$$$$陕西正华体育设施有限公司
15191867786.txt$$$$西安火车头雕塑文化产业有限公司
15191905429.txt$$$$陕西华伟建设有限公司
15191919809.txt$$$$西安方源木业制造厂
15192032375.txt$$$$青岛开博物流有限公司
15192071700.txt$$$$青岛进口轴承商贸有限公司
15192132388.txt$$$$莘县娄庄蔬菜水果产销基地
15192155112.txt$$$$北京机械科技有限公司
15192215555.txt$$$$莱州市沙河双丰化工机械厂
15192333055.txt$$$$龙口市正英建材有限公司
15192333109.txt$$$$华通道路工程有限公司
15192333128.txt$$$$烟台市华世通新材料有限公司
15192333133.txt$$$$烟台市运通交通科技有限公司
15192333178.txt$$$$山东怡通硅化国际贸易有限公司
15192333198.txt$$$$龙口海阔建材有限公司
15192333586.txt$$$$龙口市海特机械制造厂
15192333609.txt$$$$山东润通新材料有限公司
15192333609_1.txt$$$$龙口市海阔建材有限公司
15192333629.txt$$$$润通新材料有限公司
15192333981.txt$$$$龙口市申泷有限公司
15192362063.txt$$$$蓬莱市慕晟纺织品有限公司
15192433886.txt$$$$曲阜汇富机械制造有限公司
15192492452.txt$$$$青岛峰彩林金属制品有限公司
15192533909.txt$$$$青岛德克尼流体控制有限公司
15192589925.txt$$$$青岛车友达人互联网运营有限公司
15192615525.txt$$$$青岛鑫昌佳设备有限公司
15192621269.txt$$$$青岛德佳源塑料机械有限公司
