18001125030_1.txt$$$$北京金雨科创自动化技术股份有限公司
18001125030_2.txt$$$$北京金雨科创自动化技术股份有限公司
18001130803.txt$$$$瑞德佑业有限公司
18001156688.txt$$$$天津市大丰广告传媒有限公司
18001156688_1.txt$$$$天津市大丰广告传媒有限公司
18001156688_2.txt$$$$天津市大丰广告传媒有限公司
18001156688_3.txt$$$$天津新大丰文化传播有限公司
18001156688_4.txt$$$$天津新大丰文化传播有限公司
18001156688_5.txt$$$$天津新大丰文化传播有限公司
18001156936.txt$$$$北京康乐家科技有限公司
18001170665.txt$$$$南京仟亿达新能源科技有限公司
18001183292.txt$$$$北京德弘嘉业科贸有限公司
18001196129.txt$$$$北京晋华鼎盛商贸有限公司
18001197956.txt$$$$北京天山可赛新有限责任公司
18001202891.txt$$$$北京海强金诺国际轻钢板材有限公司
18001202891_1.txt$$$$北京海强金诺国际轻钢板材有限公司
18001202891_2.txt$$$$北京海强金诺国际轻钢板材有限公司
18001258018.txt$$$$北京市旭广厦暖通节能设备有限责任公司
18001279016.txt$$$$欧咖莱（重庆）智能装备技术有限公司
18001279016_1.txt$$$$欧咖莱（重庆）智能装备技术有限公司
18001279016_2.txt$$$$欧咖莱（重庆）智能装备技术有限公司
18001279800.txt$$$$北京华瑞森科技发展有限公司
18001283881.txt$$$$北京合世自动化科技有限公司
18001287299.txt$$$$北京台铭威特机械设备有限公司
18001287299_1.txt$$$$北京台铭威特机械设备有限公司
18001287299_2.txt$$$$北京台铭威特机械设备有限公司
18001299070.txt$$$$北京利昌嘉业橱柜有限公司
18001320105.txt$$$$中国机电产品进出口商会
18001336750.txt$$$$恒钢管道有限公司
18001355855.txt$$$$北京华峰依诺服装有限公司
