18664115888_1.txt$$$$东莞市嘉洋新材料科技有限公司
18664115888_2.txt$$$$东莞市嘉洋新材料科技有限公司
18664115888_3.txt$$$$东莞市嘉洋新材料科技有限公司
18664116896.txt$$$$东莞市泰欧电子科技有限公司
18664116896_1.txt$$$$东莞市泰欧电子科技有限公司
18664116896_2.txt$$$$东莞市泰欧电子科技有限公司
18664120349.txt$$$$东莞市南城鸣航货运代理部
18664128181.txt$$$$东莞市瑞云激光切割有限公司
18664128181_1.txt$$$$东莞市瑞云激光切割有限公司
18664128181_2.txt$$$$东莞市瑞云激光切割有限公司
18664132271.txt$$$$东莞市台诺电子有限公司
18664132271_1.txt$$$$东莞市台诺电子有限公司
18664132271_2.txt$$$$东莞市台诺电子有限公司
18664133303.txt$$$$东莞市锦辉膳食管理服务有限公司
18664136784.txt$$$$东莞市益然环保工程有限公司
18664136784_1.txt$$$$东莞市益然环保工程有限公司
18664136784_2.txt$$$$东莞市益然环保工程有限公司
18664140017.txt$$$$东莞市精维电气科技有限公司
18664193354.txt$$$$东莞市鸿福不锈钢经营部
18664193354_1.txt$$$$东莞市高埗鸿顺不锈钢经营部
18664197610.txt$$$$东莞市普华信诺环境工程有限公司
18664211150.txt$$$$佛山市利人人搬家有限公司
18664221720.txt$$$$佛山创盈金属表面处理有限公司
18664280355.txt$$$$佛山市飞秒通信技术有限公司
18664280355_1.txt$$$$佛山市伊洛汉网络科技有限公司
18664300490.txt$$$$深圳市星霖国际货运代理有限责任公司
18664304848.txt$$$$广东嘉集建筑工程有限公司
18664304848_1.txt$$$$广州嘉集建筑工程技术有限公司
18664364088.txt$$$$深圳市恒鑫多色科技有限公司
18664367153.txt$$$$深圳市盛鑫达金属材料有限公司
