13625332832.txt$$$$山东中智磁性机械有限公司
13625340166.txt$$$$德州市德城区力士特液压机具厂
13625341187.txt$$$$德州市三东空调设备有限公司
13625341777.txt$$$$山东省宁津县祥润温控设备厂
13625343377.txt$$$$德州正纳空调设备有限公司
13625345333.txt$$$$山东夏津兴全地瓜薯业
13625362577.txt$$$$诸城威铭环保科技有限公司
13625363688.txt$$$$潍坊罗图风机有限公司
13625363999.txt$$$$寿光市鑫源非织布有限公司
13625370060.txt$$$$山东振德机械设备有限公司
13625370060_1.txt$$$$山东振德机械设备有限公司
13625370060_2.txt$$$$山东振德机械设备有限公司
13625375982.txt$$$$山东世纪矿业装备有限公司
13625379165.txt$$$$山东衡旺工矿机械有限公司
13625389553.txt$$$$泰安市亿疆能源科技有限公司
13625390949.txt$$$$山东宽远机械有限公司
13625423630.txt$$$$青岛鑫亚广达传动系统有限公司
13625479022.txt$$$$济宁国龙机械制造有限公司
13625499789.txt$$$$沂南县新阳家具厂
13625519267.txt$$$$合肥佰科办公设备有限公司
13625519833.txt$$$$安徽祖强工程建设有限公司
13625519833_1.txt$$$$安徽祖强工程建设有限公司
13625519833_2.txt$$$$安徽祖强工程建设有限公司
13625523996.txt$$$$蚌埠启力传感系统工程有限公司
13625531509.txt$$$$芜湖锦弦钢结构有限公司
13625531509_1.txt$$$$芜湖锦弦钢结构有限公司
13625531509_2.txt$$$$芜湖锦弦钢结构有限公司
13625553232.txt$$$$安徽增品地坪工程有限公司
13625553232_1.txt$$$$安徽增品地坪工程有限公司
13625562999.txt$$$$安徽鑫科生物环保有限公司
