15670639858.txt$$$$河南顺康环保科技有限公司
15670639858_1.txt$$$$河南顺康环保科技有限公司
15670639858_2.txt$$$$河南顺康环保科技有限公司
15670695260.txt$$$$南阳市卧龙区隆盛金属建材销售部
15670695260_1.txt$$$$南阳市卧龙区隆盛金属建材销售部
15670695260_2.txt$$$$南阳市卧龙区隆盛金属建材销售部
15670794987.txt$$$$河南若彤机械设备有限公司
15670794987_1.txt$$$$河南若彤机械设备有限公司
15670794987_2.txt$$$$河南若彤机械设备有限公司
15671229968.txt$$$$温州路遥管件有限公司
15671261666.txt$$$$襄阳市襄州区亿盛赢汽车租赁行
15671266865.txt$$$$襄阳凌瑞机械设备有限公司
15671335377.txt$$$$襄阳恒生源汽车零部件有限公司
15671335377_1.txt$$$$襄阳恒生源汽车零部件有限公司
15671335377_2.txt$$$$襄阳恒生源汽车零部件有限公司
15671335377_3.txt$$$$襄阳恒生源汽车零部件有限公司
15671528728.txt$$$$武汉索宁兴达科技发展有限公司
15671534585.txt$$$$武汉市汉阳区鸿运昌盛搬运服务部
15671617736.txt$$$$武汉市江岸区奇扬广告耗材经营部
15671696583.txt$$$$湖北三工光电设备制造有限公司
15671815827.txt$$$$温泉升达地板
15672149999.txt$$$$湖北长河机械制造有限公司
15672305067.txt$$$$上海迎鹤床上用品有限公司
15672899516.txt$$$$安阳鑫武温室工程有限公司
15673191718.txt$$$$长沙市隆瑞祥精细化工有限公司
15673461099.txt$$$$广州为柯奥电子科技有限公司
15673461099_1.txt$$$$广州为柯奥电子科技有限公司
15673461099_2.txt$$$$广州为柯奥电子科技有限公司
15673798476.txt$$$$南县网库信息技术有限公司
15674275736.txt$$$$津市市湘一仪器有限公司
