13383019756_1.txt$$$$河北临泉泵业集团有限公司
13383019756_2.txt$$$$河北临泉泵业集团有限公司
13383033673.txt$$$$河北云霞游乐设备有限公司
13383061213.txt$$$$沧州五饼二鱼有限公司
13383062959.txt$$$$荣鑫环保机械有限公司
13383067841.txt$$$$沧州胜永机械设备有限公司
13383068854.txt$$$$河北鑫广泰管道设备科技有限公司
13383072588.txt$$$$河北金淋管道防腐制造有限公司
13383168806.txt$$$$大城县诚旭机械配件有限公司
13383168853.txt$$$$数印通科技河北有限公司
13383177992.txt$$$$河北丰鸿机械有限公司
13383180195.txt$$$$河北联沛丝网制品有限公司
13383181646.txt$$$$河北志城钢木家具有限公司
13383183666.txt$$$$河北泰成网业有限公司
13383183787.txt$$$$河北国英志启金属结构有限公司
13383185943.txt$$$$景县佰源橡塑科技有限公司
13383206665.txt$$$$邯郸市高开恒生金属制品有限公司
13383206665_1.txt$$$$邯郸市高开恒生金属制品有限公司
13383206665_2.txt$$$$邯郸市高开恒生金属制品有限公司
13383239771.txt$$$$石家庄汉唐电子科技有限公司
13383366033.txt$$$$大城县旭泰保温材料有限公司
13383372634.txt$$$$泊头市元润环保科技有限公司
13383374663.txt$$$$河北京奥除尘设备责任有限公司
13383380113.txt$$$$安平飞创金属丝网厂
13383381508.txt$$$$河北耀润丝网制品有限公司
13383413516.txt$$$$太原市迎泽区合义塑料包装经销部
13383416956.txt$$$$太原市杏花岭区绝味香食品机械设备销售部
13383416956_1.txt$$$$文水县永泰护栏厂
13383416956_2.txt$$$$山西巨龙穿越管道工程有限公司
13383416956_3.txt$$$$山西飞腾石油设备安装有限公司
