15264736176_2.txt$$$$济宁昌泰工矿设备有限公司
15264760061.txt$$$$济宁玖鹏机械科技有限公司
15264778859.txt$$$$山东金运生物科技开发有限公司
15264783836.txt$$$$济宁利兴精密机械制造有限公司
15264783836_1.txt$$$$济宁利兴精密机械制造有限公司
15265026264.txt$$$$山东顺腾环保设备有限公司
15265027061.txt$$$$德州钰雕机械设备有限公司
15265176666.txt$$$$山东双悦建筑装饰工程有限公司
15265199927.txt$$$$平度市大泽山镇金中葡萄种苗园艺场
15265227973.txt$$$$青岛中科世景环保科技有限公司
15265343841.txt$$$$武城县鲁权屯广成铁活加工处
15265343966.txt$$$$德州科能环保科技有限公司
15265345056.txt$$$$宁津顺友机械有限公司
15265355119.txt$$$$龙口五二搜牌网络科技有限公司
15265355119_1.txt$$$$龙口五二搜牌网络科技有限公司
15265359412.txt$$$$烟台沃德新能源科技有限公司
15265359917.txt$$$$烟台市东跃机电设备有限公司
15265361238.txt$$$$潍坊瑞德胜化工有限公司
15265361238_1.txt$$$$潍坊瑞德胜化工有限公司
15265361238_2.txt$$$$潍坊瑞德胜化工有限公司
15265361238_3.txt$$$$潍坊瑞德胜化工有限公司
15265388784.txt$$$$泰安鸿艺苗木有限公司
15265452282.txt$$$$临朐县福耀金属制品厂
15265486000.txt$$$$山东鸿聚工程材料有限公司
15265494978.txt$$$$沂南县广顺机械厂
15265553353.txt$$$$鑫易钢铁有限公司
15265568887.txt$$$$聊城市天邦物资有限公司
15265606110.txt$$$$诸城市运加机械有限公司
15265612807.txt$$$$高密市荣森美达木工机械有限公司
15265612807_1.txt$$$$高密市荣森美达木工机械有限公司
