13546951795.txt$$$$东莞市三威柔性自动化装备有限公司
13546953539.txt$$$$广东好意通阀门实业有限公司
13546953539_1.txt$$$$广东好意通阀门实业有限公司
13546953539_2.txt$$$$广东好意通阀门实业有限公司
13546969919.txt$$$$辉腾铁氟龙FEP回收再生资源有限公司
13546971321.txt$$$$东莞市卓强电子有限公司
13546981976.txt$$$$东莞市茶山广聚五金加工店
13546995511.txt$$$$东莞市厚街欣鸿纸品厂
13547042288.txt$$$$德阳东方一力自动化控制厂
13547072233.txt$$$$四川德阳一力控制配套机电有限公司
13547079933.txt$$$$德阳市东方一力机电设备有限公司
13547079933_1.txt$$$$德阳东方一力机电有限公司
13547143429.txt$$$$成都上上策文化传播公司
13547147596.txt$$$$中砼科技（上海）有限公司
13547916678.txt$$$$新都区铁鑫金属制品经营部
13547958626.txt$$$$科瑞新能仓储设备制造有限公司
13547997949.txt$$$$四川众兴华业市政照明工程有限公司
13548009104.txt$$$$成都市吉顺工艺品有限公司
13548102189.txt$$$$成都鑫峰石马商贸有限公司
13548162218.txt$$$$成都新格有色金属有限公司
13548190679.txt$$$$红菱烤箱有限公司
13548341166.txt$$$$泸州幸福和悦酒业有限公司
13548446652.txt$$$$四川铭浩金属制品有限公司
13548572596.txt$$$$四川泰伯风食品有限公司
13548586677.txt$$$$湖南晶玮博科技有限公司
13548586677_1.txt$$$$湖南晶玮博科技
13548586677_2.txt$$$$湖南晶玮博科技有限公司
13548622618.txt$$$$长沙荣康管道工程有限公司
13548622618_1.txt$$$$长沙荣康管道工程有限公司
13548633867.txt$$$$长沙水泥制品有限公司
