15028619799.txt$$$$河北驰运机械设备制造有限公司
15028627300.txt$$$$泊头市京茂环保设备有限公司
15028660611.txt$$$$泊头金银财宝环保设备有限公司
15028672505.txt$$$$沧州市乐源电力物资有限公司
15028674181.txt$$$$河北海宇管道科技开发有限公司
15028675363.txt$$$$泊头市若雨除尘设备厂
15028684466.txt$$$$泊头市光彩环保设备有限公司
15028684771.txt$$$$河北百亿钢管制造有限公司
15028688085.txt$$$$河北圣雄管件有限公司
15028699900.txt$$$$盐山县宇城托辊配件厂
15028699918.txt$$$$盐山县正泽管道设备有限公司
15028703988.txt$$$$泊头市伟宸温室设施制造有限公司
15028703988_1.txt$$$$泊头市伟宸温室设施制造有限公司
15028721919.txt$$$$沧州弘昌养殖有限公司
15028729888.txt$$$$献县久源玛钢厂
15028765076.txt$$$$安平县中石金属制造有限公司
15028769661.txt$$$$安平县盛乘金属制品厂
15028777765.txt$$$$深州市政通交通设施有限公司
15028779984.txt$$$$安平县环雕起重吊索具商行
15028781265.txt$$$$河北满佰金属丝网制品有限公司
15028787986.txt$$$$河北庄亿粮储机械设备制造有限公司
15028788128.txt$$$$故城县隆兴风机厂
15028793456.txt$$$$安平县巨高丝网制造有限公司
15028807782.txt$$$$桥梁空心板气囊厂
15028820822.txt$$$$河北葛氏复合材料有限公司
15028820822_1.txt$$$$河北葛氏复合材料有限公司
15028820822_2.txt$$$$河北葛氏复合材料有限公司
15028820822_3.txt$$$$河北葛氏复合材料有限公司
15028820822_4.txt$$$$河北葛氏复合材料有限公司
15028831263.txt$$$$任县畅联机械制造厂
