15165583733.txt$$$$临沂益博装饰材料有限公司
15165605252.txt$$$$山东净科达环保科技有限公司
15165617515.txt$$$$山东众思创环境工程有限公司
15165617515_1.txt$$$$山东众思创环境工程有限公司
15165617515_2.txt$$$$山东众思创环境工程有限公司
15165619288.txt$$$$山东黄海橡胶制品有限公司
15165630822.txt$$$$山东舟水环保科技有限公司
15165643221.txt$$$$潍坊丰润环保科技有限公司
15165648886.txt$$$$潍坊汪萍建材有限公司
15165652690.txt$$$$山东诸城食品机械
15165655361.txt$$$$潍坊益诺温控设备有限公司
15165656788.txt$$$$诸城市奔腾塑料包装有限公司
15165664666.txt$$$$潍坊经济开发区理想整体厨房销售中心
15165676501.txt$$$$诸城中械机械有限公司
15165677709.txt$$$$潍坊市裕洋塑料机械有限公司
15165677709_1.txt$$$$潍坊市裕洋塑料机械有限公司
15165677709_2.txt$$$$潍坊市裕洋塑料机械有限公司
15165677709_3.txt$$$$潍坊市裕洋塑料机械有限公司
15165683866.txt$$$$青州亿泰矿沙机械有限公司
15165691666.txt$$$$山东省寿光市海龙石油机械有限公司
15165783118.txt$$$$龙口市拓联钢材销售有限公司
15165787154.txt$$$$烟台永福塑料制品有限公司
15165828111.txt$$$$l聊城市顺祥建材有限公司
15165880168.txt$$$$滕州市宏思旭美有限公司
15165909437.txt$$$$德州绿纳空调设备有限公司
15165916007.txt$$$$德州市三塑塑料制品有限公司
15165916007_1.txt$$$$德州市三塑塑料制品有限公司
15165916007_2.txt$$$$德州市三塑塑料制品有限公司
15165916007_3.txt$$$$德州市三塑塑料制品有限公司
15165916077.txt$$$$鸿宝有限公司
