13967448654.txt$$$$浙江久亿汽车零部件有限公司
13967448654_1.txt$$$$浙江久亿汽车零部件有限公司
13967448654_2.txt$$$$浙江久亿汽车零部件有限公司
13967454868.txt$$$$永康市众辉机电设备有限公司
13967456618.txt$$$$永康市奥奇食品有限公司
13967458968.txt$$$$缙云县盛大实业有限公司
13967459866.txt$$$$永康市江南陈建英五金制品厂
13967460168.txt$$$$永康市金远税务事务所有限公司
13967460168_1.txt$$$$永康市金远税务事务所有限公司
13967462088.txt$$$$永康市圣昌工贸有限公司
13967464992.txt$$$$浙江永佳好房工贸有限公司
13967472488.txt$$$$金华智达自动化设备有限公司
13967483123.txt$$$$东阳市龙铝豪一博门窗有限公司
13967483123_1.txt$$$$东阳市龙铝豪一博门窗有限公司
13967483123_2.txt$$$$东阳市龙铝豪一博门窗有限公司
13967489179.txt$$$$金华市古婺窑火陶瓷文化有限公司
13967489179_1.txt$$$$金华市古婺窑火陶瓷文化有限公司
13967489179_2.txt$$$$金华市古婺窑火陶瓷文化有限公司
13967489622.txt$$$$金华市俪荣日用品有限公司
13967489622_1.txt$$$$金华市俪荣日用品有限公司
13967489622_2.txt$$$$金华市俪荣日用品有限公司
13967493908.txt$$$$东阳市欧力工艺品有限公司
13967527390.txt$$$$浙江精创风机有限公司
13967532405.txt$$$$绍兴上虞金朗特机械制造有限公司
13967568136.txt$$$$诸暨市城东金鑫隆机械配件厂
13967568136_1.txt$$$$诸暨市城东金鑫隆机械配件厂
13967568136_2.txt$$$$诸暨市城东金鑫隆机械配件厂
13967663596.txt$$$$盐城大丰林达机械制造有限公司
13967663596_1.txt$$$$盐城大丰林达机械制造有限公司
13967663596_2.txt$$$$盐城大丰林达机械制造有限公司
