15876544058.txt$$$$广州远杨机械设备有限公司
15876566233.txt$$$$深圳轩雍服饰有限公司
15876578038.txt$$$$巨信品牌商学院
15876582523.txt$$$$广州市忠实通中港货运
15876698259.txt$$$$珠海盛爱杰电子科技有限公司
15876830522.txt$$$$深圳市龙岗区捷兴包装材料有限公司
15876923626.txt$$$$嘉兴世泽自动化设备科技有限公司
15876923626_1.txt$$$$嘉兴世泽自动化设备科技有限公司
15876923626_2.txt$$$$嘉兴世泽自动化设备科技有限公司
15876929251.txt$$$$东莞市广胜汽车销售服务有限公司
15876941866.txt$$$$东莞市帝景金属装饰工程有限公司
15876964806.txt$$$$东莞市嘉昱德贸易有限公司
15876987273.txt$$$$东莞市汇缘教育咨询有限公司
15876987273_1.txt$$$$东莞市汇缘教育咨询有限公司
15876987273_2.txt$$$$东莞市汇缘教育咨询有限公司
15876987778.txt$$$$深圳市光明新区公明志煌模具加工厂
15877115152.txt$$$$广西展越会展服务有限公司
15877138463.txt$$$$南宁彩纳传媒广告有限责任公司
15877149896.txt$$$$南宁市巴科电子科技有限公司
15877177366.txt$$$$广西闽辉贸易有限公司
15877184392.txt$$$$广西正升衡器有限公司
15877186531.txt$$$$南宁领达电子技术有限公司
15877340403.txt$$$$西安市雁塔区大秦水电灯具维修部
15877360613.txt$$$$深圳英格瑞智能系统有限公司
15877385447.txt$$$$西安大德广告有限公司
15877444797.txt$$$$陕西宏顺昌建筑工程有限公司
15877480632.txt$$$$运城市盐湖区程施达旅行社有限公司
15877480632_1.txt$$$$旬邑鑫果源农业有限公司
15877559951.txt$$$$西安市未央区隆兴货架经营部
15877655356.txt$$$$西安嘻哈玛丽文化传播有限公司
