13700873828_2.txt$$$$郑州市雷军验房咨询有限公司
13700885316.txt$$$$郑州市二七北京饭庄厨师职业培训学校
13700885359.txt$$$$新郑市华南城恒泰暖通设备商行
13700888976.txt$$$$河南省久安通交通设施有限公司
13700944094.txt$$$$四川万合易成电气设备有限公司
13701001393.txt$$$$天津圣君星达钢铁贸易有限公司北京办事处
13701003384.txt$$$$亚伯兰环保科技(北京)有限公司
13701015997.txt$$$$北京高新博睿质检技术服务有限公司
13701015997_1.txt$$$$北京高新博睿质检技术服务有限公司
13701015997_2.txt$$$$北京高新博睿质检技术服务有限公司
13701021216.txt$$$$北京盛蓝捷能机电技术有限公司
13701021216_1.txt$$$$北京盛蓝捷能机电技术有限公司
13701021488.txt$$$$北京康诺蓝环保科技有限公司
13701021488_1.txt$$$$北京康诺蓝环保科技有限公司
13701021488_2.txt$$$$北京康诺蓝环保科技有限公司
13701031761.txt$$$$北京伟信楚华商贸有限责任公司
13701036253.txt$$$$北京方元基兴业装饰工程有限责任公司
13701039345.txt$$$$北京艺缀美图文设计中心
13701085007.txt$$$$北京德龙翔科技有限公司
13701091822.txt$$$$北京朗仕特科技发展有限公司
13701091822_1.txt$$$$北京朗仕特科技发展有限公司
13701091822_2.txt$$$$北京朗仕特科技发展有限公司
13701133126.txt$$$$北京京豫鲁达科技发展有限公司
13701134416.txt$$$$北京蒂威尼服饰有限责任公司
13701187736.txt$$$$北京虹娘科技有限公司
13701203756.txt$$$$雄县东方电子光绘制板有限公司
13701275482.txt$$$$北京市煤炭矿用机电设备技术开发有限公司
13701275482_1.txt$$$$北京市煤炭矿用机电设备技术开发有限公司
13701275482_2.txt$$$$北京市煤炭矿用机电设备技术开发有限公司
13701289073.txt$$$$北京瑞利祥合技术发展有限公司
