17858585702_1.txt$$$$浙江康劲机械有限公司
17858585702_2.txt$$$$浙江康劲机械有限公司
17858869120.txt$$$$贵州赖氏酒业有限公司
17858885431.txt$$$$宁波甬升通风设备有限公司
17858885431_1.txt$$$$宁波甬升通风设备有限公司
17858885431_2.txt$$$$宁波甬升通风设备有限公司
17858976781.txt$$$$金华市博霖通风设备有限公司
17859381415.txt$$$$诚拓天成（厦门）实业有限公司
17859715387.txt$$$$斯凯宏(厦门)液压技术有限公司
17860111168.txt$$$$山东葛氏鑫洋钢管有限公司
17860111168_1.txt$$$$山东葛氏鑫洋钢管有限公司
17860111168_2.txt$$$$山东葛氏鑫洋钢管有限公司
17860172086.txt$$$$金叶仪器（山东）有限公司
17860298351.txt$$$$山东百时合农业科技有限公司
17860525977.txt$$$$山东云敏视智能科技有限公司
17860701096.txt$$$$青岛联创天下人力资源服务有限公司
17860793708.txt$$$$青岛海誉科创智能设备有限公司
17861011111.txt$$$$山东华浩环境工程有限公司
17861011111_1.txt$$$$山东华浩环境工程有限公司
17861011111_2.txt$$$$山东华浩环境工程有限公司
17861045627.txt$$$$宁津思丞商贸有限公司
17861057387.txt$$$$山东智联恒兴机械科技有限公司
17861257939.txt$$$$山东中鼓机械有限公司
17861261762.txt$$$$山东宝阳干燥设备科技有限公司
17861261762_1.txt$$$$山东宝阳干燥设备科技有限公司
17861262770.txt$$$$山东万瑞源包装有限公司
17861321932.txt$$$$济宁洪亚重工有限公司
17861321968.txt$$$$济宁雨成机械设备有限公司
17861321969.txt$$$$济宁志冉机械设备有限公司
17861627928.txt$$$$山东中贸国际会展公司
