18736763060.txt$$$$商丘市创兴餐饮服务有限公司
18736763060_1.txt$$$$商丘市创兴餐饮服务有限公司
18736763060_2.txt$$$$商丘市创兴餐饮服务有限公司
18737055446.txt$$$$宁陵县亿鸣金蝉养殖厂
18737055446_1.txt$$$$宁陵县亿鸣金蝉养殖厂
18737055446_2.txt$$$$宁陵县亿鸣金蝉养殖厂
18737077889.txt$$$$河南鼎佑食品有限公司
18737077889_1.txt$$$$河南鼎佑食品有限公司
18737077889_2.txt$$$$河南鼎佑食品有限公司
18737097693.txt$$$$民权县双塔镇辉达苗木种植场
18737097693_1.txt$$$$民权县双塔镇辉达苗木种植场
18737097693_2.txt$$$$民权县双塔镇辉达苗木种植场
18737097693_3.txt$$$$民权县双塔镇辉达苗木种植场
18737100592.txt$$$$巩义市金鑫榨油设备厂
18737104321.txt$$$$河南小九网络科技有限公司
18737111778.txt$$$$郑州华久金属制品有限公司
18737121616.txt$$$$郑州卓越标识标牌有限公司
18737136360.txt$$$$郑州莱恩斯游乐设备有限公司
18737136360_1.txt$$$$郑州莱恩斯游乐设备有限公司
18737136360_2.txt$$$$郑州莱恩斯游乐设备有限公司
18737150238.txt$$$$河南省佰富康物资贸易有限公司
18737156386.txt$$$$河南冰源制冷设备有限公司
18737156386_1.txt$$$$河南冰源制冷设备有限公司
18737156386_2.txt$$$$河南冰源制冷设备有限公司
18737170196.txt$$$$巩义市华盛铭重工机械厂
18737170196_1.txt$$$$巩义市华盛铭重工机械厂
18737170196_2.txt$$$$巩义市华盛铭重工机械厂
18737170196_3.txt$$$$巩义市华盛铭重工机械厂
18737174555.txt$$$$郑州全嘉美游乐设备有限公司
18737180118.txt$$$$巩义市旺达铝业有限公司
