13313302007.txt$$$$邯郸市肥乡区庆泰农业科技有限公司
13313302007_1.txt$$$$邯郸市肥乡区庆泰农业科技有限公司
13313302007_2.txt$$$$邯郸市肥乡区庆泰农业科技有限公司
13313304648.txt$$$$邯郸市丛台区众兴铆焊加工厂
13313304793.txt$$$$邯郸开发区研盛仪器仪表有限公司
13313316281.txt$$$$石家庄市优福电子科技有限公司
13313324211.txt$$$$河北亚匠金属制品有限公司
13313367768.txt$$$$固安县禹都过滤设备有限公司
13313370665.txt$$$$盐山鑫茂管件制造有限公司
13313370968.txt$$$$河北远拓机电设备制造有限公司
13313371769.txt$$$$沧州鸿嘉晟机箱设备有限公司
13313372484.txt$$$$河北天茂环保设备有限公司
13313375090.txt$$$$天津惠业华通电子设备有限公司
13313378862.txt$$$$沧州畅翔管道设备有限公司
13313392399.txt$$$$清河县弘丰车辆零部件有限公司
13313396661.txt$$$$邢台科力普科技开发有限公司
13313417504.txt$$$$山西超妙电气制造有限公司
13313438945.txt$$$$太原市尖草坪区群辉花灯厂
13313513123.txt$$$$太原业之峰诺华装饰有限公司
13313709920.txt$$$$厦门上古软件有限公司
13313772006.txt$$$$福建闽熠照明电器有限公司
13313844071.txt$$$$天厦（厦门）机械国际贸易有限公司
13313845396.txt$$$$厦门维科特研磨材料有限公司
13313855563.txt$$$$厦门光明兴广告策划有限公司
13313859439.txt$$$$福建森科阀门厂
13313860962.txt$$$$厦门鑫山盟贸易有限公司
13313860962_1.txt$$$$厦门鑫山盟贸易有限公司
13313868004.txt$$$$深圳市天助人和技术有限公司
13313868004_1.txt$$$$深圳市天助人和技术有限公司
13314027368.txt$$$$辽宁东胜数控设备有限公司
