13930635559.txt$$$$廊坊飓亨过滤科技有限公司
13930636466.txt$$$$固安沐夕滤清器配件厂
13930637275.txt$$$$廊坊利伟机械设备厂
13930674124.txt$$$$廊坊四汇保温设备有限公司
13930695686.txt$$$$霸州市康仙庄长虹冲压件厂
13930698293.txt$$$$廊坊汇达精细化工有限公司
13930700572.txt$$$$沧州市恒昌钢管制造有限公司
13930700816.txt$$$$沧州环都管道装备有限公司
13930706669.txt$$$$沧州森蒂枫环保设备有限公司
13930722164.txt$$$$衡水升平旺环保设备制造有限公司
13930740351.txt$$$$沧州东鸿管道有限公司
13930744886.txt$$$$沧州祥盛管道有限公司
13930744922.txt$$$$沧州市胜源管道有限公司
13930752103.txt$$$$华北地区河北亿瑞管道有限公司
13930752103_1.txt$$$$河北亿瑞管道有限公司
13930756375.txt$$$$河北泰拓管道制造有限公司
13930759921.txt$$$$河北神舟钢管制造有限公司
13930760888.txt$$$$河北瑞泰管道制造有限公司
13930769833.txt$$$$河北龙润管道集团有限公司
13930771253.txt$$$$河北广浩管件有限公司
13930771253_1.txt$$$$河北沧圣管件制造有限公司
13930784326.txt$$$$河北淼发环保设备科技有限公司
13930784816.txt$$$$任丘市松泰化工有限公司
13930787365.txt$$$$盐山亚汇管业有限公司
13930795938.txt$$$$河北孟村县耐拓弯头弯管法兰管件制造厂
13930795938_1.txt$$$$沧州耐拓管件有限公司
13930796300.txt$$$$盐山县强森体育器材有限公司
13930800881.txt$$$$保定市金春教学仪器销售有限公司
13930800881_1.txt$$$$保定市金春教学仪器销售有限公司
13930801269.txt$$$$保定市清苑区硕达再生资源收购站
