15212610400_2.txt$$$$安徽三嘉新型建材有限公司
15212620400.txt$$$$安徽三嘉新型节能建材有限公司
15212772911.txt$$$$合肥拓丽宝环保科技有限公司
15212776324.txt$$$$安徽永宏膜结构工程有限公司
15212780881.txt$$$$安徽云酷智能科技有限公司
15212791273.txt$$$$合肥信创保温材料有限公司
15212842388.txt$$$$六安雅居欧式建筑工程有限公司
15212881614.txt$$$$六安市城南纸制品有限公司
15213135388.txt$$$$重庆祝全钢结构材料有限公司
15213135388_1.txt$$$$重庆祝全钢结构材料有限公司
15213135388_2.txt$$$$重庆祝全钢结构材料有限公司
15213136311.txt$$$$重庆叮当响建筑工程有限公司
15213136311_1.txt$$$$重庆叮当响建筑工程有限公司
15213136311_2.txt$$$$重庆叮当响建筑工程有限公司
15213143288.txt$$$$渝中区轩雅服装厂
15213175002.txt$$$$重庆戈雅雕塑艺术有限公司
15213184150.txt$$$$英检达仪器（重庆）有限公司
15213184150_1.txt$$$$英检达仪器（重庆）有限公司
15213184150_2.txt$$$$英检达仪器（重庆）有限公司
15213189682.txt$$$$重庆市九翔装饰设计工程有限公司
15213197328.txt$$$$重庆英皇广告文化传播有限公司
15213269588.txt$$$$弘泰线缆有限公司
15213276228.txt$$$$重庆瀚渝家政有限公司
15213325552.txt$$$$重庆绿迪科技有限公司
15213688529.txt$$$$重庆品迪档案管理服务有限公司
15214085716.txt$$$$甘肃嘉鸿货架厂
15214306722.txt$$$$上海川纮实业有限公司
15214331867.txt$$$$上海彤定建材有限公司
15214390228.txt$$$$上海达策信息技术有限公司
15214558216.txt$$$$山东百辰广告有限公司
