13813838941.txt$$$$南京讯卓通信科技有限公司
13813838941_1.txt$$$$南京住维通信科技有限公司
13813838941_2.txt$$$$南京住维通信科技有限公司
13813838941_3.txt$$$$南京住维通信科技有限公司
13813840149.txt$$$$南京天乐展览有限公司
13813855525.txt$$$$马鞍山柜族集装箱有限公司
13813855525_1.txt$$$$马鞍山柜族集装箱有限公司
13813855525_2.txt$$$$马鞍山柜族集装箱有限公司
13813871020.txt$$$$南京瑞尼克科技有限公司
13813882444.txt$$$$南京曼卡特科技有限公司
13813883832.txt$$$$南京隐形翅膀艺术设计中心
13813883832_1.txt$$$$南京隐形翅膀艺术设计中心
13813883832_2.txt$$$$南京隐形翅膀艺术设计中心
13813884607.txt$$$$南京市雨花台区悦泽玻璃厂
13813884814.txt$$$$南京鼎越建筑工程有限公司
13813905716.txt$$$$南京宏佳金属制品有限公司
13813909497.txt$$$$南京新晟旺酒店设备有限责任公司
13813912918.txt$$$$南京圣仕达清洁设备有限公司
13813912918_1.txt$$$$南京圣仕达清洁设备有限公司
13813912918_2.txt$$$$南京圣仕达清洁设备有限公司
13813925116.txt$$$$南京美事食品有限公司
13813936152.txt$$$$南京聚同信息科技有限公司
13813936152_1.txt$$$$南京聚同信息科技有限公司
13813936152_2.txt$$$$南京聚同信息科技有限公司
13813936700.txt$$$$南京化学试剂股份有限公司
13813936700_1.txt$$$$南京化学试剂股份有限公司
13813936700_2.txt$$$$南京化学试剂股份有限公司
13813941098.txt$$$$南京乐帮管道工程有限公司
13813945711.txt$$$$南京宾测仪器有限公司
13813960093.txt$$$$南京简影文化传媒有限公司
