15100061278.txt$$$$邯郸市鑫昌盛紧固件销售有限公司
15100068216.txt$$$$河北永年恒光弹簧
15100166901.txt$$$$河北谨诚管道设备有限公司
15100185976.txt$$$$河北金舍建筑装饰工程有限公司
15100207686.txt$$$$保定木华新材料科技有限公司
15100212775.txt$$$$顺平县鹏飞塑料机械制造有限公司
15100228848.txt$$$$保定市新市区顺亿达电动卷帘门经销部
15100228848_1.txt$$$$保定市新市区顺亿达电动卷帘门经销部
15100381563.txt$$$$景县明明橡塑制品厂
15100396673.txt$$$$邢台昌驰机械制造有限公司
15100440788.txt$$$$邯郸市博帅弹簧厂
15100464072.txt$$$$河北斌升净化设备安装工程有限公司
15100464072_1.txt$$$$河北斌升净化设备安装工程有限公司
15100464072_2.txt$$$$河北斌升净化设备安装工程有限公司
15100478797.txt$$$$河北英瑞轨道设备有限公司
15100478797_1.txt$$$$河北英瑞轨道设备有限公司
15100478797_2.txt$$$$河北英瑞轨道设备有限公司
15100600580.txt$$$$大城县中迪建材设备厂
15100619882.txt$$$$廊坊市龙驰盛源过滤器材有限公司
15100623111.txt$$$$霸州市八力田电力机具有限公司
15100636377.txt$$$$固安县温泉休闲商务产业园区曼宇过滤器材设备厂
15100663355.txt$$$$大城县刘固献建跃机械设备厂
15100671699.txt$$$$固安县精诚滤清器厂
15100678656.txt$$$$廊坊撒依防火材料有限公司
15100680002.txt$$$$固安县国宏过滤器材制造厂
15100685155.txt$$$$廊坊久鼎密封材料有限公司
15100692449.txt$$$$廊坊卓尔保温材料有限公司
15100730376.txt$$$$河北国明环保设备有限责任公司
15100738219.txt$$$$沧州渤洋管道设备制造有限公司
15100756868.txt$$$$沧州兴华体育用品有限公司
