15069765820.txt$$$$济宁晟恒重工机械有限公司
15069771525.txt$$$$济宁龙松工程机械设备有限公司
15069787272.txt$$$$山东卡勒重工机械有限公司
15069787272_1.txt$$$$山东卡勒重工机械有限公司
15069787272_2.txt$$$$山东卡勒重工机械有限公司
15069787272_3.txt$$$$山东卡勒重工机械有限公司
15069787911.txt$$$$曲阜利特莱电力通信有限公司
15069790052.txt$$$$济宁宏展铁路机械有限公司
15069863679.txt$$$$肥城市金木果树种植专业合作社
15069863866.txt$$$$泰安市正信工程材料有限公司
15069863866_1.txt$$$$泰安市正信工程材料有限公司
15069863866_2.txt$$$$泰安市正信工程材料有限公司
15069937271.txt$$$$沂水县王祥果蔬购销中心
15069979798.txt$$$$沂南县宏科机械厂
15069979798_1.txt$$$$沂南县宏科机械有限公司
15069986886.txt$$$$沂南县东风双兴机械科技有限公司
15069986886_1.txt$$$$沂南县东风双兴机械科技有限公司
15069986886_2.txt$$$$沂南县东风双兴机械科技有限公司
15069986886_3.txt$$$$沂南县东风双兴机械科技有限公司
15069997770.txt$$$$沂南县东风双兴机械科技有限公司
15069997770_1.txt$$$$沂南县东风双兴机械科技有限公司
15069997770_2.txt$$$$沂南县东风双兴机械科技有限公司
15070013838.txt$$$$南昌科佰照明有限公司
15070056102.txt$$$$南昌昌发不锈钢有限公司
15070056102_1.txt$$$$南昌昌发不锈钢有限公司
15070056102_2.txt$$$$南昌昌发不锈钢有限公司
15070062092.txt$$$$南昌书盒文化发展有限公司
15070066559.txt$$$$江西新瑞洪泵业有限公司
15070410353.txt$$$$南昌市星空物流
15070445266.txt$$$$抚州市东乡区江弘法器有限公司
