13783630585.txt$$$$郑州天河净水材料有限公司
13783630585_1.txt$$$$郑州天河净水材料有限公司
13783630585_2.txt$$$$郑州天河净水材料有限公司
13783632677.txt$$$$河南财慧供应链管理有限公司
13783645666.txt$$$$河南吉源机械设备有限公司
13783645666_1.txt$$$$河南吉源机械设备有限公司
13783645666_2.txt$$$$河南吉源机械设备有限公司
13783645666_3.txt$$$$河南吉源机械设备有限公司
13783649969.txt$$$$河南松晟建材有限公司
13783652053.txt$$$$郑州市正升重工科技有限公司
13783653107.txt$$$$河南省美博环保科技有限公司
13783653107_1.txt$$$$河南企鑫净水材料有限公司
13783653107_2.txt$$$$河南企鑫净水材料有限公司
13783653107_3.txt$$$$河南企鑫净水材料有限公司
13783665554.txt$$$$森亚自控阀门有限公司
13783677869.txt$$$$河南鑫世昌机械制造有限公司
13783679206.txt$$$$巩义市孝义海安机械
13783684966.txt$$$$郑州濮杭通财务咨询有限公司
13783684966_1.txt$$$$郑州濮杭通财务咨询有限公司
13783684966_2.txt$$$$郑州濮杭通财务咨询有限公司
13783686813.txt$$$$郑州金铭泵业有限公司
13783686813_1.txt$$$$郑州金铭泵业有限公司
13783691433.txt$$$$河南耐美新型材料科技有限公司
13783708267.txt$$$$商丘市睢阳区恒鑫衡器门市部
13783708267_1.txt$$$$商丘市睢阳区恒鑫衡器门市部
13783708267_2.txt$$$$商丘市睢阳区恒鑫衡器门市部
13783722302.txt$$$$汤阴县宜沟镇诚裕五金加工厂
13783726862.txt$$$$安阳市事业兴冶金耐材有限公司
13783737222.txt$$$$河南远力重型起重机械有限公司
13783770769.txt$$$$宛城区永通家政服务
