13963039824.txt$$$$日照全鑫船务工程有限公司
13963051811.txt$$$$五莲县中兴石材有限公司
13963051811_1.txt$$$$五莲县中兴石材有限公司
13963051811_2.txt$$$$五莲县中兴石材有限公司
13963051811_3.txt$$$$五莲县中兴石材有限公司
13963051811_4.txt$$$$五莲县中兴石材有限公司
13963051811_5.txt$$$$五莲县中兴石材有限公司
13963051811_6.txt$$$$五莲县中兴石材有限公司
13963051811_7.txt$$$$五莲县中兴石材有限公司
13963063332.txt$$$$日照市博顺机械设备有限公司
13963063332_1.txt$$$$日照市博顺机械设备有限公司
13963063332_2.txt$$$$日照市博顺机械设备有限公司
13963073116.txt$$$$山东省博兴县佳雪制冷设备厂
13963073116_1.txt$$$$山东省博兴县佳雪制冷设备厂
13963073116_2.txt$$$$山东省博兴县佳雪制冷设备厂
13963081132.txt$$$$邹平县顺鑫造纸机械有限责任公司
13963086863.txt$$$$山东省博兴县晓旭饲料贸易有限公司
13963155350.txt$$$$威海鹏展电子有限公司
13963166976.txt$$$$威海丰兴电子有限公司
13963166976_1.txt$$$$威海丰兴电子有限公司
13963166976_2.txt$$$$威海丰兴电子有限公司
13963251875.txt$$$$枣庄恒嵘电子科技有限公司
13963257158.txt$$$$枣庄市山亭区绿洲苗木花卉有限公司
13963286595.txt$$$$山东弘毅金属制品有限公司
13963308609.txt$$$$日照全利塑料制品有限公司
13963308609_1.txt$$$$日照市东港区全利塑料制品有限公司
13963308609_2.txt$$$$日照市东港区全利塑料制品有限公司
13963319288.txt$$$$日照润旺达保温建材有限公司
13963323770.txt$$$$五莲县万鹏石材有限公司
13963323770_1.txt$$$$五莲县万鹏石材有限公司
