15333713475_1.txt$$$$郑州森塔化工有限公司
15333713475_2.txt$$$$郑州森塔化工有限公司
15333732978.txt$$$$河南协泽电子商务有限公司
15333775636.txt$$$$唐河县永固租赁站
15333805669.txt$$$$郑州兴邦电子股份有限公司
15333807634.txt$$$$郑州轩辕丘种植专业合作社
15333831899.txt$$$$河南新创会展服务有限公司
15333863099.txt$$$$上海妙程润滑油有限公司
15333866961.txt$$$$河南濮泰实业发展有限公司
15333963757.txt$$$$河南宴派商贸有限公司
15334110722.txt$$$$湖北佳润机械有限公司
15334181116.txt$$$$咸安区宁通钢材经营部
15334222200.txt$$$$襄阳弘发管道疏通有限公司
15334222200_1.txt$$$$襄阳弘扬市政管道工程有限责任公司
15334222200_2.txt$$$$襄阳弘扬市政管道工程有限责任公司
15334222200_3.txt$$$$襄阳弘扬市政管道工程有限责任公司
15334515158.txt$$$$重庆台顺自动化设备有限公司
15334532242.txt$$$$重庆和视科技发展有限公司
15334561717.txt$$$$重庆火锅串串技术培训中心
15335003996.txt$$$$常州越盛环保设备有限公司
15335031819.txt$$$$江苏纯润环保科技有限公司
15335119310.txt$$$$临沂舜晓商贸有限公司
15335189038.txt$$$$南京固泰科技有限公司
15335212188.txt$$$$无锡鑫昌源设备制造有限公司
15335232628.txt$$$$宜兴恩越环保科技有限公司
15335243086.txt$$$$无锡固化地坪工程有限公司
15335251236.txt$$$$苏州益优源净化科技有限公司
15335253983.txt$$$$昆山铭鼎机电设备有限公司
15335273159.txt$$$$昆山市玉山镇尚叶功机械经营部
15335277905.txt$$$$苏州腾斯华密封制品有限公司
