18575377399.txt$$$$东莞市福斯泰电镀设备有限公司
18575377558.txt$$$$东莞市赟泰工程塑胶有限公司
18575430678.txt$$$$东莞市永易交通设施有限公司
18575546606.txt$$$$深圳市鸿胜工艺制品有限公司
18575546606_1.txt$$$$深圳市展鸿工艺制品有限公司
18575587737.txt$$$$深圳市名优电子有限公司
18575588150.txt$$$$深圳市小狼科技有限公司
18575596223.txt$$$$深圳市梵猫科技有限公司
18575676977.txt$$$$深圳市华世大帝科技有限公司
18575690242.txt$$$$前海商联商务网络服务（深圳）有限公司
18575751124.txt$$$$佛山市-金属制品有限公司
18575780299.txt$$$$佛山盛威斯特金属科技有限公司
18575780805.txt$$$$佛山市南海名洛箱包有限公司
18575829850.txt$$$$鼎湖区宏钢机械厂
18575891727.txt$$$$湛江市裕能实业有限公司
18575987666.txt$$$$深圳祥昇镍钴技术有限公司
18576001460.txt$$$$北京新洲伟业装饰有限公司
18576227778.txt$$$$中山市品欧激光设备科技有限公司
18576368961.txt$$$$东莞市冰利工业制冷设备有限公司
18576368961_1.txt$$$$东莞市冰利工业制冷设备有限公司
18576368961_2.txt$$$$东莞市冰利工业制冷设备有限公司
18576410836.txt$$$$深圳市东凌计算机技术有限公司
18576436277.txt$$$$深圳市宝安区松岗创美电子制品厂
18576438546.txt$$$$佛山市南海百达门窗有限公司
18576488551.txt$$$$晟格会展（上海）有限公司
18576514329.txt$$$$佛山市佑华电子科技有限公司
18576514329_1.txt$$$$佛山市佑华电子科技有限公司
18576514329_2.txt$$$$佛山市佑华电子科技有限公司
18576536906.txt$$$$佛山逸境居新型建材有限公司
18576536906_1.txt$$$$佛山逸境居新型建材有限公司
