18763899586.txt$$$$泰安市心悦新材料有限公司
18763916874.txt$$$$宁津县保店镇诺力机械加工部
18763920564.txt$$$$德州恒迪机械设备有限公司
18763926569.txt$$$$山东兴安木业有限公司
18763958188.txt$$$$山东领翔营销服务有限公司
18763962336.txt$$$$济南中维世纪科技有限公司
18763976598.txt$$$$北京帕力特塑料制品有限公司
18763976598_1.txt$$$$临沂市永鑫塑料制品有限公司
18763997777.txt$$$$天津路安捷新材料科技有限公司
18763997777_1.txt$$$$天津路安捷新材料科技有限公司
18764001377.txt$$$$济南德满金科电子有限公司
18764001377_1.txt$$$$济南德满金科电子有限公司
18764001377_2.txt$$$$济南德满金科电子有限公司
18764001377_3.txt$$$$济南德满金科电子有限公司
18764005899.txt$$$$济南正海进出口贸易有限公司
18764005899_1.txt$$$$济南正海进出口贸易有限公司
18764005899_2.txt$$$$济南正海进出口贸易有限公司
18764019002.txt$$$$临沂百通地坪材料有限公司
18764051133.txt$$$$广盛物流货运有限公司
18764051133_1.txt$$$$大发物 流
18764058102.txt$$$$济南奥刻数控设备有限公司
18764058102_1.txt$$$$济南德莱威数控设备有限公司
18764085533.txt$$$$开拓伟业货运有限公司
18764090721.txt$$$$山东坤茂建筑有限公司
18764178318.txt$$$$济南鸿业模型科技有限公司
18764330890.txt$$$$淄博回转窑技术有限公司
18764379797.txt$$$$淄博凯祥包装制品有限公司
18764442555.txt$$$$山东海骏进出口贸易有限公司
18764454777.txt$$$$历程区圣达不锈钢加工厂
18764478899.txt$$$$山东豪联车身制造有限公司
