13165246699.txt$$$$德州经济开发区邦驿电动车厂
13165249818.txt$$$$德州德力畜牧机械有限公司
13165268197.txt$$$$潍坊山宁机械设备有限公司
13165310036.txt$$$$山东科信电气有限公司
13165313587.txt$$$$济南大凯广告传媒有限公司
13165334649.txt$$$$山东中输输送机械有限公司
13165346970.txt$$$$德州瑞通橡塑有限公司
13165369088.txt$$$$诸城市达鑫机械有限公司
13165372337.txt$$$$济宁久科工程机械设备有限公司
13165372337_1.txt$$$$济宁久科工程机械设备有限公司
13165372337_2.txt$$$$济宁久科工程机械设备有限公司
13165372337_3.txt$$$$济宁久科工程机械设备有限公司
13165376738.txt$$$$济宁市浩博铁路器材有限责任公司
13165388928.txt$$$$泰安市力神机械科技有限公司
13165398678.txt$$$$山东金烨建筑工程有限公司
13165493333.txt$$$$临沂昌隆塑业有限公司
13165493333_1.txt$$$$临沂昌隆塑业有限公司
13165493333_2.txt$$$$临沂昌隆塑业有限公司
13165550103.txt$$$$安平县冠领丝网制品有限公司
13165550371.txt$$$$河北冀明昊暖通设备有限公司
13165550371_1.txt$$$$河北中春暖通设备有限公司
13165552003.txt$$$$安平县双柏金属丝网制品有限公司
13165558910.txt$$$$安平县森驰金属丝网制品有限公司
13165577556.txt$$$$河北兴柯管道制品科技有限公司
13165577556_1.txt$$$$保定佳润机械制造有限公司
13165583218.txt$$$$石家庄福云斯商贸有限公司
13165865915.txt$$$$浙江胜士富泵业有限公司
13165921302.txt$$$$宁波盛春广告有限公司
13165956912.txt$$$$上海众贸展览服务有限公司
13165958555.txt$$$$杭州烨诗文化传媒有限公司
