18605340546.txt$$$$宁津县嘉禾节能设备有限公司
18605341749.txt$$$$德州市金祥技术有限公司
18605342099.txt$$$$德州瑞鑫诚空调设备有限公司
18605344015.txt$$$$宁县金宏机械有限责任公司
18605344116.txt$$$$德州东润空调设备有限公司
18605344436.txt$$$$德州佳旭空调设备有限公司
18605344733.txt$$$$德州旭阳新能源科技有限公司
18605346013.txt$$$$德州市德凯减速传动机械有限公司
18605346511.txt$$$$德州万能小哥信息技术有限公司
18605347107.txt$$$$德州市德城区中豪液压机具厂
18605347435.txt$$$$山东日月升包装有限公司
18605347886.txt$$$$山东金凯瑞电子科技有限公司
18605349800.txt$$$$德州金利来机械设备有限公司
18605365028.txt$$$$山东金禾源商贸有限公司
18605366391.txt$$$$诸城市利富斯工贸有限公司
18605370192.txt$$$$济宁好美乐电子商务有限公司
18605376621.txt$$$$山东施卫普环保科技有限公司
18605380589.txt$$$$泰安北方封头有限公司
18605380589_1.txt$$$$泰安北方封头有限公司
18605381185.txt$$$$泰安现代阳光工程材料有限公司
18605381971.txt$$$$泰安市金和环保材料有限公司
18605382325.txt$$$$泰安市鼎鑫矿用设备安防有限公司
18605382325_1.txt$$$$泰安市鼎鑫矿产机械设备有限公司
18605384005.txt$$$$泰安科润电子有限公司
18605384005_1.txt$$$$泰安科润电子有限公司
18605384005_2.txt$$$$泰安科润电子有限公司
18605385211.txt$$$$山东瑞纳创机械设备有限公司
18605385365.txt$$$$泰安福通矿用电气有限公司
18605386281.txt$$$$山东威宝机械有限公司
18605388301.txt$$$$泰安华泰泵业制造有限公司
