13310601617.txt$$$$宁津县千橡塑料制品有限公司
13310602102.txt$$$$德州正宇土工材料有限公司
13310605266.txt$$$$庆云县聚德塑料制品有限公司
13310605321.txt$$$$德州建业筑路设备有限公司
13310605321_1.txt$$$$德州建业筑路设备有限公司
13310605321_2.txt$$$$德州建业筑路设备有限公司
13310606868.txt$$$$宏祥新材料股份有限公司
13310621666.txt$$$$山东睿凯金属材料有限公司
13310626011.txt$$$$聊城市鑫行金属材料有限公司
13310629669.txt$$$$聊城市宇红塑料制品有限公司
13310635379.txt$$$$五莲县禽翔畜牧机械厂
13310635379_1.txt$$$$五莲县禽翔畜牧机械厂
13310635379_2.txt$$$$五莲县禽翔畜牧机械厂
13310648222.txt$$$$日照市岚山区三通木材加工厂
13310648222_1.txt$$$$日照市岚山区三通木材加工厂
13310654994.txt$$$$聊城华泰恒通金属材料有限公司
13310657555.txt$$$$聊城市超越钢管有限公司
13310659607.txt$$$$山东冠县恒鼎交通设施有限公司
13310669398.txt$$$$青岛海德会展有限公司
13310670750.txt$$$$青岛卓航睿智信息科技有限公司
13310815269.txt$$$$东莞市丰千自动化设备有限公司
13310819363.txt$$$$东莞市思璞通讯科技有限公司
13310823850.txt$$$$东莞市众隆泵业科技有限公司
13310831692.txt$$$$西安冠特宸电源系统有限公司
13310835464.txt$$$$深圳非凡文旅发展有限公司
13310842802.txt$$$$深圳市华艺时代文化展览有限公司
13310847341.txt$$$$深圳市绿保橡塑材料有限公司
13310849362.txt$$$$深圳市捷豪货运代理有限公司
13310888083.txt$$$$广州展锋纸品有限公司
13310888884.txt$$$$广东亮子科技有限公司
