13510670672.txt$$$$深圳市聚合光彩显示技术有限公司
13510670955.txt$$$$深圳市和华利贸易有限公司
13510699046.txt$$$$深圳市智达自动化设备有限公司
13510703279.txt$$$$深圳市中电会展有限公司
13510709779.txt$$$$深圳市恒威物流有限公司
13510709902.txt$$$$深圳市宝安区西乡博创宇电子厂
13510713699.txt$$$$深圳市昭和润滑油有限公司
13510715921.txt$$$$深圳市兴顺达模具配件有限公司
13510773941.txt$$$$深圳诚业环保通风净化设备有限公司
13510789471.txt$$$$东莞市悦迈声学科技有限公司
13510789471_1.txt$$$$东莞市悦迈声学科技有限公司
13510789471_2.txt$$$$东莞市悦迈声学科技有限公司
13510790307.txt$$$$深圳中商产业研究院有限公司
13510816401.txt$$$$广州融大化工有限公司
13510824238.txt$$$$鸿润电子有限公司
13510833585.txt$$$$深圳市华天科能源有限公司
13510837269.txt$$$$佛山市洁地地坪工程有限公司
13510856968.txt$$$$东莞市黄江莞发再生资源回收站
13510856968_1.txt$$$$东莞市黄江莞发再生资源回收站
13510856968_2.txt$$$$东莞市黄江莞发再生资源回收站
13510861680.txt$$$$甫津科技（深圳）有限公司
13510890082.txt$$$$东莞市平广地坪工程有限公司
13510916585.txt$$$$深圳市康泰达贸易有限公司
13510927682.txt$$$$深圳鸿泰安达科技有限公司
13510927791.txt$$$$深圳市威联创电子有限公司
13510927858.txt$$$$东莞市威仕加数控设备有限公司
13510927858_1.txt$$$$东莞市威仕加数控设备有限公司
13510927858_2.txt$$$$东莞市威仕加数控设备有限公司
13510968879.txt$$$$深圳市胜安远泽智能科技有限公司
13510970116.txt$$$$深圳市金锐杰企业管理咨询有限公司
