15238321028.txt$$$$河南创美教学设备有限公司
15238325575.txt$$$$郑州子夏电子科技有限公司
15238325575_1.txt$$$$郑州子夏电子科技有限公司
15238325575_2.txt$$$$郑州子夏电子科技有限公司
15238336216.txt$$$$巩义市净翼供水设备有限公司
15238338767.txt$$$$河南鼎科机械设备有限公司
15238353417.txt$$$$郑州市伟艺机械制造有限公司
15238382186.txt$$$$郑州德科自动化设备有限公司
15238383867.txt$$$$郑电发电机有限公司武汉分公司
15238388134.txt$$$$河南建杰实业有限责任公司
15238388885.txt$$$$河南省中州重工科技有限公司
15238388887.txt$$$$河南省中州重工科技有限公司
15238388887_1.txt$$$$河南省中州重工科技有限公司
15238486291.txt$$$$河南睦林文化传媒有限公司
15238526290.txt$$$$商丘海帆环保设备有限公司
15238526290_1.txt$$$$商丘海帆环保设备有限公司
15238526995.txt$$$$商丘鑫邦建材有限公司
15238526995_1.txt$$$$商丘鑫邦建材有限公司
15238526995_2.txt$$$$商丘鑫邦建材有限公司
15238582576.txt$$$$永城市西城区谢影金宝厨具门市部
15238582576_1.txt$$$$永城市西城区谢影金宝厨具门市部
15238582576_2.txt$$$$永城市西城区谢影金宝厨具门市部
15238602003.txt$$$$郑州市管城区小胡电子商务经营部
15238607001.txt$$$$郑州锦亿源机械设备有限公司
15238608321.txt$$$$河南云朵环保科技有限公司
15238610755.txt$$$$河南格利瑞机械设备有限公司
15238626612.txt$$$$河南荣创农业科技有限公司
15238666402.txt$$$$郑州伟创地坪工程有限公司
15238679003.txt$$$$郑州宜家安好软件科技有限公司
15238679335.txt$$$$林州市宏创能源科技发展有限公司
