17322075680.txt$$$$广州力卫士环保科技有限公司
17322145642.txt$$$$兰瑟（中国）有限公司
17322145642_1.txt$$$$广州兰瑟精密仪器仪表有限公司
17322207202.txt$$$$东莞市梓龙机械设备有限公司
17322317134.txt$$$$深圳市均特利科技有限公司
17322327903.txt$$$$广东瑞州科技有限公司
17322700371.txt$$$$佛山市丰铁钢业有限公司
17322713280.txt$$$$佛山全能手家电维修有限公司
17322720236.txt$$$$佛山德中化工科技有限公司
17322751829.txt$$$$佛山市南海区桂城欣茂机械厂
17322758748.txt$$$$佛山市铭橱家居有限公司
17322761837.txt$$$$佛山市美加邦铝业有限公司
17322761837_1.txt$$$$佛山市美加邦铝业有限公司
17322761837_2.txt$$$$佛山市美加邦铝业有限公司
17322764898.txt$$$$广东省华晟鼎创建材有限公司
17322781494.txt$$$$佛山市顺德区帝宏环保节能设备有限公司
17322831149.txt$$$$茂名市创品餐饮管理有限公司
17323136943.txt$$$$四川柯林沃克科技有限公司
17323197659.txt$$$$成都醉蜀味餐饮管理有限公司
17323220271.txt$$$$成都市金牛区勇为工具店
17323843063.txt$$$$重庆诠岸展览展示有限公司
17324124968.txt$$$$佛山市我爱皇宝全铝家居有限公司
17324243142.txt$$$$广州恒太展览有限公司
17324282668.txt$$$$广州市顺然拉链有限公司
17324298075.txt$$$$广州秀姬堂国际贸易有限公司
17324298075_1.txt$$$$广州秀姬堂国际贸易有限公司
17324298075_2.txt$$$$广州秀姬堂国际贸易有限公司
17324397472.txt$$$$深圳市新兆光电技术有限公司
17324911751.txt$$$$洛阳市金莱雅柜业有限公司
17324926608.txt$$$$河南德远橡塑制品有限公司
