15138987873.txt$$$$郑州泰厨家政服务有限公司
15138987873_1.txt$$$$郑州泰厨家政服务有限公司
15138993197.txt$$$$河南王凤实业有限公司
15138995322.txt$$$$郑州千佳净水材料有限公司
15138996998.txt$$$$巩义市金达供水材料有限公司
15138997124.txt$$$$郑州翰林精工制造有限公司
15138999538.txt$$$$巩义市唐工阀门管件制造有限公司
15139079958.txt$$$$河南波恩贝尔啤酒技术开发有限公司
15139079958_1.txt$$$$河南波恩贝尔啤酒技术开发有限公司
15139079958_2.txt$$$$河南波恩贝尔啤酒技术开发有限公司
15139091645.txt$$$$陕西远洋商祺商贸有限公司
15139118341.txt$$$$河南亿嘉福食品有限公司
15139177051.txt$$$$河南贝多丰生物技术有限公司
15139206551.txt$$$$鹤壁市先烽仪器仪表有限公司
15139206551_1.txt$$$$鹤壁市慧智电子科技有限公司
15139235255.txt$$$$鹤壁博达机械有限公司
15139251211.txt$$$$鹤壁市博达机械有限公司
15139343789.txt$$$$濮阳县新原塑编有限公司
15139388188.txt$$$$南乐县腾达机械厂
15139388188_1.txt$$$$南乐县腾达机械厂
15139388188_2.txt$$$$南乐县腾达机械厂
15139388655.txt$$$$濮阳丹海石化工程有限公司
15139388655_1.txt$$$$濮阳丹海石化工程有限公司
15139388655_2.txt$$$$濮阳丹海石化工程有限公司
15139404306.txt$$$$郑州综采纺织品有限公司
15139470929.txt$$$$上海励东会展有限公司
15139482700.txt$$$$河南鹏晟展览有限公司
15139761069.txt$$$$信阳市平桥区明明非金属加工厂
15139761069_1.txt$$$$信阳市平桥区明明非金属加工厂
15139761069_2.txt$$$$信阳市平桥区明明非金属加工厂
