13853896304.txt$$$$泰安宏远土工膜有限公司
13853897444.txt$$$$山东泰安茂军苗木专业合作社
13853919865.txt$$$$费县新天财板材厂
13853930052.txt$$$$山东贝格国际会展有限公司
13853938726.txt$$$$临沂国华塑料制品有限公司
13853961200.txt$$$$临沂市兰山区绿邦生态木销售部
13853967831.txt$$$$临沂市兰山区东磊泵业批发中心
13853983025.txt$$$$临沂伯利恒酒店用品
13853983631.txt$$$$临沂市兰山区富德甲遮阳网厂
13853983631_1.txt$$$$临沂市兰山区富德甲遮阳网厂
13853983631_2.txt$$$$临沂市兰山区富德甲遮阳网厂
13853986671.txt$$$$临沂齐强苗木种植股份有限公司
13853986671_1.txt$$$$临沂齐强苗木种植股份有限公司
13853986671_2.txt$$$$临沂齐强苗木种植股份有限公司
13853986671_3.txt$$$$临沂齐强苗木种植股份有限公司
13854005281.txt$$$$山东兴收环保科技有限公司
13854051159.txt$$$$曹县鲁曹高新机械制造有限公司
13854106119.txt$$$$山东鲁达包装有限公司
13854106119_1.txt$$$$山东鲁达包装有限公司
13854114518.txt$$$$济南国邦化工有限公司
13854117288.txt$$$$济南纬特净化科技有限公司
13854138268.txt$$$$济南加泽净化科技有限公司
13854161715.txt$$$$章丘市华祥颗粒机械有限公司
13854162960.txt$$$$济南市历城区金长城机械厂
13854166536.txt$$$$章丘市华祥颗粒机械有限公司
13854177395.txt$$$$济南焊达机械有限公司
13854189418.txt$$$$济南隆客多餐饮管理有限公司
13854191085.txt$$$$济南亿辰液压气动设备有限公司
13854217870.txt$$$$即墨市金龙塑料复合彩印有限公司
13854255522.txt$$$$青岛速邦物流有限公司
