13721088670_2.txt$$$$合肥刷刷广告有限公司
13721093588.txt$$$$安徽金源企业管理有限公司
13721093588_1.txt$$$$安徽金源企业管理有限公司
13721093588_2.txt$$$$安徽金源企业管理有限公司
13721102750.txt$$$$安徽省华胤钢结构工程有限公司
13721102750_1.txt$$$$安徽省华胤钢结构工程有限公司
13721102750_2.txt$$$$安徽省华胤钢结构工程有限公司
13721107683.txt$$$$安徽邦畅商贸有限公司
13721110222.txt$$$$安徽皓越光电技术有限公司
13721110222_1.txt$$$$安徽皓越光电技术有限公司
13721110222_2.txt$$$$安徽皓越光电技术有限公司
13721214556.txt$$$$芜湖和鑫自动化科技有限公司
13721219292.txt$$$$芜湖云清阁家具有限公司
13721219292_1.txt$$$$芜湖云清阁家具有限公司
13721219292_2.txt$$$$芜湖云清阁家具有限公司
13721234010.txt$$$$安徽省博工机械科技有限公司
13721423777.txt$$$$荥阳市鑫辉建筑机械有限公司
13721436999.txt$$$$河南宇泰环保材料有限公司
13721624617.txt$$$$河南黎明化工有限公司
13721644486.txt$$$$洛阳纵横机械制造有限公司
13721703276.txt$$$$濮阳市亿路康环保科技有限公司
13721709111.txt$$$$河南汇科新材料科技有限公司
13721710957.txt$$$$范县王楼镇大兵车床加工部
13721710957_1.txt$$$$范县王楼镇大兵车床加工部
13721710957_2.txt$$$$范县王楼镇大兵车床加工部
13721750899.txt$$$$范县千全厚种植田园综合体有限公司
13721750899_1.txt$$$$范县千全厚种植田园综合体有限公司
13721750899_2.txt$$$$范县千全厚种植田园综合体有限公司
13721752799.txt$$$$濮阳市黄河路华强铁艺门市
13721815888.txt$$$$南阳萌晟钢结构有限公司
