18627584465_1.txt$$$$湖南美业环境科技有限公司
18627584465_2.txt$$$$湖南美业环境科技有限公司
18627651660.txt$$$$湖南大瑞重机有限公司
18627702098.txt$$$$武汉蔚蓝天节能科技有限公司
18627720872.txt$$$$武汉鑫启程商贸有限公司
18627733772.txt$$$$武汉瀚翔宇机电设备有限公司
18627740205.txt$$$$武汉绿安健膳方科技有限公司
18627745229.txt$$$$武汉华龙纸板有限公司
18627758143.txt$$$$武汉鑫荣成望远镜科技有限公司
18627758393.txt$$$$佛山市科瑞达环保材料科技有限公司
18627768328.txt$$$$武汉市璐峰铝合金模板有限责任公司
18627771429.txt$$$$武汉博润科技有限公司
18627779899.txt$$$$武汉镭蓝激光有限公司
18627800313.txt$$$$武汉宝勤科技有限公司
18627823492.txt$$$$湖北睿通建筑工程质量检测鉴定有限公司
18627828858.txt$$$$武汉红华外墙防水修缮工程有限公司
18627831533.txt$$$$湖北悦鼎木屋木业有限责任公司
18627836666.txt$$$$镭德杰标识科技武汉有限公司
18627857385.txt$$$$武汉思创辉煌投资管理有限公司
18627871805.txt$$$$武汉微臻美生物科技有限公司
18627880650.txt$$$$武汉三虹重工科技有限公司
18627888849.txt$$$$武汉鑫峰盛饰广告装饰有限公司
18627911608.txt$$$$武汉精博达模型有限公司
18627922309.txt$$$$武汉市超艺精美数控设备有限公司
18627927979.txt$$$$湖北远翔塑胶有限公司
18627966558.txt$$$$武汉金缔广告有限公司
18627992212.txt$$$$武汉维度美宅住宅科技有限公司
18628082020.txt$$$$柒仟企业管理（成都）有限公司
18628082020_1.txt$$$$柒仟企业管理（成都）有限公司
18628082020_2.txt$$$$柒仟企业管理（成都）有限公司
