13563064028.txt$$$$山东鹏富达环保科技有限公司
13563076977.txt$$$$滨州博兴县信通达食品机械厂新疆分厂
13563080328.txt$$$$山东佰超世纪蓝天环保科技有限公司
13563080328_1.txt$$$$山东佰超世纪蓝天环保科技有限公司
13563080328_2.txt$$$$山东佰超世纪蓝天环保科技有限公司
13563086266.txt$$$$博兴县曹王镇星展厨房设备厂
13563086266_1.txt$$$$博兴县曹王镇星展厨房设备厂
13563086266_2.txt$$$$博兴县曹王镇星展厨房设备厂
13563089828.txt$$$$博兴县城东街道办事处瑞昌建筑设备租赁站
13563089828_1.txt$$$$博兴县城东街道办事处瑞昌建筑设备租赁站
13563089828_2.txt$$$$博兴县城东街道办事处瑞昌建筑设备租赁站
13563101906.txt$$$$威海行雨化工机械有限公司
13563101906_1.txt$$$$威海行雨化工机械有限公司
13563101906_2.txt$$$$威海行雨化工机械有限公司
13563157566.txt$$$$威海丰年机械设备有限公司
13563168002.txt$$$$文登市磊鑫钻探设备厂
13563204658.txt$$$$滕州众友重工机械设备有限公司
13563230326.txt$$$$山东台锻数控机床有限公司
13563239720.txt$$$$山东斯莱特精密工业装备有限公司
13563256327.txt$$$$滕州市高登数控机床有限公司
13563256327_1.txt$$$$云南乔鸿机械设备有限公司
13563256327_2.txt$$$$山东卓润数控机床有限公司
13563263723.txt$$$$滕州市祥泰数控机床有限公司
13563295822.txt$$$$枣庄格瑞彼勒环保科技有限公司
13563300685.txt$$$$山东鑫垚城石材有限公司
13563300685_1.txt$$$$山东鑫垚城石材有限公司
13563300685_2.txt$$$$山东鑫垚城石材有限公司
13563300685_3.txt$$$$山东鑫垚城石材有限公司
13563319758.txt$$$$日照市华方石材有限公司
13563319758_1.txt$$$$日照市华方石材有限公司
