13967718766.txt$$$$温州市金州特钢有限公司
13967806986.txt$$$$宁波宗兴环保科技有限公司
13967806986_1.txt$$$$宁波宗兴环保科技有限公司
13967806986_2.txt$$$$宁波宗兴环保科技有限公司
13967815187.txt$$$$宁波德沃仓储设备有限公司
13967890739.txt$$$$宁波至茂电子科技有限公司
13967912996.txt$$$$浙江山风教具股份有限公司
13967912996_1.txt$$$$浙江山风教具股份有限公司
13967912996_2.txt$$$$浙江山风教具股份有限公司
13967918540.txt$$$$永康市创科机械有限公司
13967918540_1.txt$$$$永康市创科机械有限公司
13967918540_2.txt$$$$永康市创科机械有限公司
13967920932.txt$$$$永康市恒鑫涂装设备制造有限公司
13967920932_1.txt$$$$永康市恒鑫涂装设备制造有限公司
13967921479.txt$$$$永康市冠涵抛光磨具厂
13967921479_1.txt$$$$永康市冠涵抛光磨具厂
13967921479_2.txt$$$$永康市冠涵抛光磨具厂
13967921905.txt$$$$浙江群邦门业有限公司
13967921905_1.txt$$$$浙江群邦门业有限公司
13967921905_2.txt$$$$浙江群邦门业有限公司
13967921905_3.txt$$$$浙江群邦门业有限公司
13967931682.txt$$$$永康市迪亚工贸有限公司
13967937820.txt$$$$永康市方岩华翔玻璃制品厂
13967941959.txt$$$$武义峰峰茶业有限公司
13967941959_1.txt$$$$武义峰峰茶业有限公司
13967948966.txt$$$$武义县东生文教有限公司
13967949287.txt$$$$武义县加一镀膜厂
13967952169.txt$$$$浦江二手设备调剂部
13967961528.txt$$$$武义县红阳工艺厂
13967961528_1.txt$$$$武义县红阳工艺厂
