18915691612_20.txt$$$$上海家彻网络科技有限公司
18915691612_3.txt$$$$苏州斯科特保温材料有限公司
18915691612_4.txt$$$$苏州台基新阳建材有限公司
18915691612_5.txt$$$$苏州太阳花装饰有限公司
18915691612_6.txt$$$$苏州秉正机械设备有限公司
18915691612_7.txt$$$$苏州富龙金属门业有限公司
18915691612_8.txt$$$$苏州威昂泰起重机械有限公司
18915691612_9.txt$$$$苏州太阳花装饰有限公司
18915713996.txt$$$$张家港锋之利机械有限公司
18915734338.txt$$$$苏州康宏五金机电有限公司
18915760697.txt$$$$英诺太科测试设备（太仓）有限公司
18915760697_1.txt$$$$英诺太科测试设备（太仓）有限公司
18915760697_2.txt$$$$英诺太科测试设备（太仓）有限公司
18915768223.txt$$$$苏州朗格新能源科技有限公司
18915822586.txt$$$$钟楼区邹区祺瑞货运部
18915872001.txt$$$$成都虹润制漆有限公司
18915892488.txt$$$$常州常佳遮阳蓬有限公司
18915903331.txt$$$$南京业祥科技发展有限公司
18915954513.txt$$$$南京路畅工程材料有限公司
18915979805.txt$$$$南京蓝领新材料科技有限公司
18916004669.txt$$$$上海稼跃实业有限公司
18916051793.txt$$$$上海恩为展览展示服务有限公司
18916062988.txt$$$$上海骏虔实业发展有限公司
18916069996.txt$$$$上海巴事达实业有限公司
18916078837.txt$$$$河南新广汇水电设备有限公司
18916081601.txt$$$$上海彦权安防设备有限公司
18916108815.txt$$$$北京百日学通教育科技有限责任公司上海分公司
18916121525.txt$$$$上海昌誉木质品有限公司
18916121852.txt$$$$川耐阀门（上海）有限公司
18916173756.txt$$$$上海益展物流
