15339936600_2.txt$$$$冠县锦泽贸易有限公司
15339936600_3.txt$$$$冠县锦泽贸易有限公司
15339936600_4.txt$$$$冠县锦泽贸易有限公司
15339938833.txt$$$$山东阳谷中鲁电缆有限公司
15339960535.txt$$$$济南高格科技有限公司
15339960660.txt$$$$山东艺诺美暖通科技有限公司
15339960660_1.txt$$$$山东艺诺美暖通科技有限公司
15339960660_2.txt$$$$山东艺诺美暖通科技有限公司
15339962552.txt$$$$济南德虎数控科技有限公司
15339964588.txt$$$$山东一晨生物科技有限公司
15339964588_1.txt$$$$山东一晨生物科技有限公司
15339964588_2.txt$$$$山东一晨生物科技有限公司
15339975180.txt$$$$苏州金波粒激光科技有限公司
15339982890.txt$$$$德州汉控自动化设备有限公司
15339986251.txt$$$$山东拓时机械设备有限公司
15339989678.txt$$$$德州市知民通风设备有限公司
15339989678_1.txt$$$$德州市知民通风设备有限公司
15339989678_2.txt$$$$德州市知民通风设备有限公司
15339989678_3.txt$$$$德州市知民通风设备有限公司
15340034669.txt$$$$北京祥鸣达发展有限公司
15340097769.txt$$$$西莫罗（北京）智能科技有限公司
15340371382.txt$$$$重庆绑辉餐饮管理有限公司
15340442279.txt$$$$重庆市大足区霖腾养殖专业合作社
15340526723.txt$$$$重庆邦辉餐饮管理集团
15340573992.txt$$$$重庆名宏化工材料有限公司
15340659114.txt$$$$山西华天成机电安装有限公司
15340659114_1.txt$$$$山西博森达弹性地板有限公司
15340659114_2.txt$$$$山西优特钢供应链管理有限公司
15340659114_3.txt$$$$山西华天成机电安装有限公司
15340659114_4.txt$$$$山西华天成机电安装有限公司
