13723570230.txt$$$$东莞市重力五金科技有限公司
13723570230_1.txt$$$$东莞市重力五金科技有限公司
13723570230_2.txt$$$$东莞市重力五金科技有限公司
13723575393.txt$$$$东莞长安北鼎金属材料行
13723579098.txt$$$$深圳市华一焊机技术有限公司
13723581838.txt$$$$东莞市博安塑胶制品有限公司
13723583435.txt$$$$东莞市雄鹰塑胶原料有限公司
13723583435_1.txt$$$$东莞市雄鹰塑胶原料有限公司
13723583435_2.txt$$$$东莞市雄鹰塑胶原料有限公司
13723583686.txt$$$$东莞市佰和电子材料有限公司
13723584274.txt$$$$东莞市吉祥包装制品有限公司
13723589252.txt$$$$东莞市星辰时代国际货运代理有限公司
13723712960.txt$$$$深圳市北斗星衡器有限公司
13723726529.txt$$$$深圳联想空间艺术工程有限公司
13723737547.txt$$$$深圳市琪丽雅家居用品有限公司
13723770728.txt$$$$深圳市恒利达润滑油有限公司
13723775630.txt$$$$深圳市广角网络科技有限公司
13723775630_1.txt$$$$深圳市广美网络有限公司
13723782113.txt$$$$深圳市威鸣创新国际物流有限公司
13723793129.txt$$$$深圳捷用电子科技有限公司
13723795239.txt$$$$深圳市高川制冷机械设备有限公司
13723795704.txt$$$$深圳市麦芽智能设备有限公司
13723864563.txt$$$$长沙顺康物流有限公司
13723865390.txt$$$$湖南森铭新能源科技有限公司
13723888000.txt$$$$湖南创晟环保科技有限公司
13723888093.txt$$$$湖南华星称重科技有限公司
13723916692.txt$$$$德州春志空调设备有限公司
13723921838.txt$$$$宁津县海汇耐磨材料有限公司
13723924812.txt$$$$武城县滕庄镇信德通风设备加工处
13723927395.txt$$$$武城县鲁权屯镇志宝法兰加工处
