13963641387.txt$$$$临朐建东碳素制品有限公司
13963641387_1.txt$$$$临朐建东碳素制品有限公司
13963641387_2.txt$$$$临朐建东碳素制品有限公司
13963650903.txt$$$$奎文区梨园安畅交通器材经销处
13963653232.txt$$$$临朐县吕匣华帅金属制品厂
13963661523.txt$$$$诸城市健源酿酒设备有限公司
13963667529.txt$$$$临朐三星电磁设备有限公司
13963667529_1.txt$$$$临朐三星电磁设备有限公司
13963667587.txt$$$$临朐县开祥自动门厂
13963671283.txt$$$$高密市景瑞机械制造有限公司
13963671283_1.txt$$$$高密市景瑞机械制造有限公司
13963671283_2.txt$$$$高密市景瑞机械制造有限公司
13963672258.txt$$$$临朐县鑫阳机械设备厂
13963672280.txt$$$$潍坊宏博机械设备有限公司
13963672280_1.txt$$$$潍坊宏博机械设备有限公司
13963678910.txt$$$$山东卓群道路材料有限公司
13963681051.txt$$$$诸城市安然机械有限公司
13963690526.txt$$$$临朐县丰惠工艺建材厂
13963691488.txt$$$$潍坊市晟诺防水材料有限公司
13963695815.txt$$$$青州市中建农业科技有限公司
13963697173.txt$$$$山东盛通食品工业装备有限公司
13963712607.txt$$$$山东曲阜兴邦重工设备有限公司
13963721116.txt$$$$山东世杰重工有限公司
13963721116_1.txt$$$$山东世杰重工有限公司
13963721116_2.txt$$$$山东世杰重工有限公司
13963742609.txt$$$$山东辉煌斗鸡养殖场
13963743538.txt$$$$泗水县西瓜批发
13963760373.txt$$$$济宁倍力畜牧设备有限公司
13963770582.txt$$$$济宁市天德立有限公司
13963773138.txt$$$$济宁市金尊工矿设备有限公司
