13685695533.txt$$$$安徽创斯瑞兴智能科技有限公司
13685695533_1.txt$$$$安徽创斯瑞兴智能科技有限公司
13685697648.txt$$$$庐江县张桂杨花木有限公司
13685713619.txt$$$$慈溪市智诚金属制品有限公司
13685717842.txt$$$$慈溪飞纳得电器厂
13685752301.txt$$$$杭州乐诚物流有限公司
13685834393.txt$$$$宁波浙甬密封材料有限公司
13685854417.txt$$$$宁波国刚再生物资回收有限公司
13685854417_1.txt$$$$宁波国刚再生物资回收有限公司
13685854417_2.txt$$$$宁波国刚再生物资回收有限公司
13685854417_3.txt$$$$宁波国刚再生物资回收有限公司
13685856092.txt$$$$宁波丰艺家具厂
13685916627.txt$$$$泉州路通物流
13686000185.txt$$$$东莞市八部电子科技有限公司
13686002009.txt$$$$东莞市文兴钢管桥架有限公司
13686003316.txt$$$$东莞市鹏建钢结构有限公司
13686035576.txt$$$$景大粘合剂有限公司
13686042913.txt$$$$东莞市百福盛净化设备科技有限公司
13686065789.txt$$$$东莞市群英机械有限公司
13686069281.txt$$$$东莞市同一金属材料有限公司
13686073259.txt$$$$东莞市顺锐五金制品有限公司
13686080563.txt$$$$东莞市鸿鼎新材料有限公司
13686080837.txt$$$$东莞市华领五金制品有限公司
13686080837_1.txt$$$$东莞市华领五金制品有限公司
13686080837_2.txt$$$$东莞市华领五金制品有限公司
13686084627.txt$$$$佛山市三叶草化工有限公司
13686086281.txt$$$$东莞市臻品电子有限公司
13686106069.txt$$$$东莞市福朗金属材料有限公司
13686109110.txt$$$$铂林智能科技（东莞）有限公司
13686112780.txt$$$$鑫璇物流（东莞）有限公司
