15995559999.txt$$$$苏州海曼纺织科技有限公司
15995614557.txt$$$$吴江市富彩塑胶电子有限公司
15995615969.txt$$$$苏州亿括机床附件有限公司
15995617263.txt$$$$苏州华富胜物资回收有限公司
15995628411.txt$$$$汇鼎精密科技（苏州）有限公司
15995630446.txt$$$$昆山市玉山镇斯维码机电商行
15995630885.txt$$$$昆山英盛华自动化科技有限公司
15995632923.txt$$$$苏州鑫冉物资再生利用有限公司
15995640347.txt$$$$上海环帮环境科技有限公司
15995653001.txt$$$$瑞娃科技（重庆）有限公司
15995681014.txt$$$$昆山亚华机电科技有限公司
15995685505.txt$$$$苏州禅融鑫机电科技有限公司
15995685753.txt$$$$昆山金翔钢铁有限公司
15995690960.txt$$$$苏州欧瑞达塑胶科技有限公司
15995704666.txt$$$$苏州嘉诺环境工程有限公司
15995704666_1.txt$$$$苏州嘉诺环境工程有限公司
15995704666_2.txt$$$$苏州嘉诺环境工程有限公司
15995704971.txt$$$$苏州图柯智能系统有限公司
15995706639.txt$$$$昆山市华夏机电冷暖设备有限公司
15995721106.txt$$$$苏州银利门控有限公司
15995736185.txt$$$$苏州世纪腾龙体育服务有限公司
15995736187.txt$$$$苏州明鑫隆包装制品有限公司
15995758658.txt$$$$苏州南添仪器科技有限公司
15995767956.txt$$$$华巨升实验室系统设备(苏州)有限公司
15995776350.txt$$$$苏州紫极光智能科技有限公司
15995790057.txt$$$$苏州大勇废旧物资回收有限公司
15995811290.txt$$$$苏州市煜睿再生资源回收有限公司
15995813559.txt$$$$湖州恒生广告装饰有限公司
15995852696.txt$$$$苏州茂联晟自动化科技有限公司
15995934885.txt$$$$苏州卓悦美华声学材料有限公司
