15531245295.txt$$$$保定亿晨信息科技有限公司
15531245295_1.txt$$$$保定亿晨信息科技有限公司
15531245295_2.txt$$$$保定亿晨信息科技有限公司
15531601981.txt$$$$大城鑫瑞防腐保温设备有限公司
15531624999.txt$$$$河北恒远五金厂
15531650444.txt$$$$廊坊万祥防腐材料有限公司
15531655512.txt$$$$河北省廊坊中屹过滤科技有限公司
15531668513.txt$$$$霸州市霸州镇朝阳电力工具厂
15531688688.txt$$$$廊坊恒讯电缆有限公司
15531712545.txt$$$$沧州明琪标牌印刷厂
15531724433.txt$$$$河北华裕能翔电器科技有限公司
15531761620.txt$$$$河间市华硕电力器材有限公司
15531796343.txt$$$$上海罡熙泵阀制造有限公司
15531800576.txt$$$$安平县驰创丝网制品有限公司
15531813715.txt$$$$河北万玖环保科技有限公司
15531813795.txt$$$$河北省万驰金属丝网制品有限公司
15531817638.txt$$$$广州市贝格乐服饰有限公司
15531817798.txt$$$$安平县呈吉丝网制品有限公司
15531817897.txt$$$$安平县力拓金属网业制品有限公司
15531828768.txt$$$$安平县科林丝网制品厂
15531829004.txt$$$$飞奥金属制品厂
15531837862.txt$$$$安平县铂帆金属丝网制品有限公司
15531839698.txt$$$$阜城县鸿达采光板厂
15531839698_1.txt$$$$阜城县鸿达采光板厂
15531858293.txt$$$$河北垚来丝网制品有限公司
15531858605.txt$$$$衡水路德工程橡胶有限公司
15531861706.txt$$$$河北荣鹰金属网有限公司
15531866053.txt$$$$安平县华诺丝网厂
15531867708.txt$$$$安平县聚合丝网制品厂
15531872729.txt$$$$安平县拓轩丝网制品有限公司
