13920502167_2.txt$$$$天津南运驾驶员培训有限公司
13920506606.txt$$$$天津成保保安服务有限公司
13920510166.txt$$$$天津神州华美保温建材贸易有限公司
13920518284.txt$$$$天津市北汉钟机械设备销售有限公司
13920518284_1.txt$$$$天津市北汉钟机械设备销售有限公司
13920528292.txt$$$$天津盛鑫泰科技有限公司
13920531961.txt$$$$天津永馨环保科技有限公司
13920536318.txt$$$$天津中奥达塑胶制品有限公司
13920551199.txt$$$$天津市博宇不锈钢有限公司
13920551199_1.txt$$$$天津市厚德劲达钢铁贸易有限公司
13920551199_2.txt$$$$天津市厚德劲达钢铁贸易有限公司
13920551199_3.txt$$$$天津市厚德劲达钢铁贸易有限公司
13920577659.txt$$$$欧科能源技术（天津）有限公司
13920577659_1.txt$$$$欧科能源技术（天津）有限公司
13920577659_2.txt$$$$欧科能源技术（天津）有限公司
13920584488.txt$$$$天津振民机械加工有限公司
13920587471.txt$$$$天津雅斯特胶粘制品有限公司
13920588559.txt$$$$天津大明博鑫机电设备有限公司
13920590788.txt$$$$北京鼎泓科技有限公司
13920591029.txt$$$$天津天一世纪化工产品科技发展有限公司
13920607522.txt$$$$天津市金邦健业体育设施工程有限公司
13920607522_1.txt$$$$天津市金邦健业体育设施工程有限公司
13920607522_2.txt$$$$天津市金邦健业体育设施工程有限公司
13920615899.txt$$$$天津智匠泵业有限公司
13920645318.txt$$$$富诺尔（天津）压缩机科技有限公司
13920645318_1.txt$$$$富诺尔（天津）压缩机科技有限公司
13920645318_2.txt$$$$富诺尔（天津）压缩机科技有限公司
13920647331.txt$$$$天津市荣兴友发钢铁有限公司
13920655011.txt$$$$天津亿家国际航空货运代理有限公司
13920660886.txt$$$$天津精诚钢铁销售有限公司
