13341068106.txt$$$$北京亚浩视光科技有限公司
13341085348.txt$$$$青青优农（北京）农产品贸易有限公司
13341091405.txt$$$$北京捷登宝康科技有限公司
13341092326.txt$$$$北京睿创胜为科技有限公司
13341117226.txt$$$$黑龙江托普康儿思麦尔乳业有限公司
13341148539.txt$$$$北京钱林恒兴科技股份有限公司
13341166979.txt$$$$北京万金隆彩钢制品有限公司
13341199709.txt$$$$众帮信达文化有限公司
13341202727.txt$$$$南京双宁华德环保机械有限责任公司
13341213565.txt$$$$卡希尔工程机械有限公司
13341213954.txt$$$$济宁斯凯机械有限公司
13341265280.txt$$$$淄博吉盟环保设备有限公司
13341277530.txt$$$$山东奕鸣塑胶制品有限公司
13341277530_1.txt$$$$山东奕鸣塑胶制品有限公司
13341277530_2.txt$$$$山东奕鸣塑胶制品有限公司
13341281366.txt$$$$山东初念餐饮管理有限公司
13341281366_1.txt$$$$山东省初念餐饮管理有限公司
13341447092.txt$$$$沈阳拓昇纸业有限公司
13341616556.txt$$$$上海亿浩环保设备有限公司
13341661462.txt$$$$上海熙热实业有限公司
13341859918.txt$$$$上海坤母热能技术有限公司
13341882848.txt$$$$上海贸发展览服务有限公司
13342036296.txt$$$$天津浩升钢管有限公司
13342036296_1.txt$$$$天津浩升钢管有限公司
13342036296_2.txt$$$$天津浩升钢管有限公司
13342099893.txt$$$$天津市河东区锐思堂图文设计制作工作室
13342172777.txt$$$$丹东市元宝区宏扬热力环保设备厂
13342293104.txt$$$$大连山阳金属有限公司
13342435577.txt$$$$沈阳宏远职业技能培训中心
13342439090.txt$$$$沈阳好百年木业有限公司
