15053670005_1.txt$$$$山东大德水泥机械有限公司
15053682015.txt$$$$潍坊伯恩智能科技有限公司
15053710586.txt$$$$山东珏新商贸有限公司4
15053712923.txt$$$$济宁是市中区鑫隆工矿配件厂
15053750915.txt$$$$山东亿展商融互联网科技股份有限公司
15053751818.txt$$$$山东邹平新章水泥制品有限公司
15053752931.txt$$$$嘉祥县汇农牧业养殖场
15053753628.txt$$$$济宁华瑞自动化技术有限公司
15053757375.txt$$$$山东经合装饰工程有限公司
15053761182.txt$$$$锐臂智能装备（济宁）有限公司
15053770177.txt$$$$梁山县万隆二手化工饲料设备购销
15053776966.txt$$$$济宁圣泽机械设备有限公司
15053788057.txt$$$$山东济宁浩运门业有限公司
15053792050.txt$$$$山东济宁鑫宏机械配件有限公司
15053801333.txt$$$$泰安路飞复合材料有限公司
15053801333_1.txt$$$$泰安路飞复合材料有限公司
15053801333_2.txt$$$$泰安路飞复合材料有限公司
15053801333_3.txt$$$$泰安路飞复合材料有限公司
15053847269.txt$$$$泰安市美华农业科技有限公司
15053856266.txt$$$$泰安市同兴物资有限公司
15053862199.txt$$$$新泰市程远矿用机械有限公司
15053888868.txt$$$$山东御华清洁能源科技有限公司
15053921312.txt$$$$华蚁影视文化传媒有限公司
15053935635.txt$$$$临沂市科盟化玻仪器有限公司
15053958881.txt$$$$山东船丰食品有限公司
15053960188.txt$$$$临沂市兰山区娟善德福包装材料商行
15053960188_1.txt$$$$临沂市兰山区娟善德福包装材料商行
15053965333.txt$$$$山东华海塑胶建材有限公司
15054052529.txt$$$$郓城劲力环卫设备制造有限公司
15054117639.txt$$$$济南艾弗瑞机械设备有限公司
