01066152248.txt$$$$北京青年压力管理服务中心
013606147975.txt$$$$常州百成科技有限公司
020-34807710.txt$$$$广州迅宇航空国际货物运输代理有限公司
02167899930.txt$$$$上海奔来金属材料有限公司
02269555886.txt$$$$天津雨辰泵业有限责任公司
02361255551.txt$$$$重庆邦辉餐饮有限公司
03032912963.txt$$$$陕西快行汽车服务有限公司
03187892355.txt$$$$河北省政通交通设施有限公司
0351-3399777.txt$$$$山西纯铁有限公司
0371-86070222.txt$$$$郑州市基石中学
037166655355.txt$$$$郑州中航设备有限公司
0536-6182568.txt$$$$诸城市凯越机械有限公司
05585388718.txt$$$$安徽红顶防腐保温工程有限公司
0635-6171577.txt$$$$聊城市开发区日新机电设备有限公司
07158388228.txt$$$$咸宁LG墙纸
0731-88278869.txt$$$$长沙攀力科技开发有限公司
12187523245.txt$$$$上海联强展览服务有限公司
13000000000.txt$$$$广东创能科技有限公司
13000000000_1.txt$$$$厦门佰润德生物科技有限公司
13001013952.txt$$$$河北百农丝网制造有限公司
13001069808.txt$$$$北京福德多科技有限公司
13001069808_1.txt$$$$北京福德多科技有限公司
13001069808_2.txt$$$$北京福德多科技有限公司
13001177959.txt$$$$夏津美屋家具销售有限公司
13001191442.txt$$$$北安华电机电设备集团有限公司
13001191442_1.txt$$$$北安华电机电设备集团有限公司
13001250868.txt$$$$北京国泰丰源环保科技有限公司
13001301013.txt$$$$天津龙鼎世纪轻工设备有限公司
13001301013_1.txt$$$$天津龙鼎世纪轻工设备有限公司
13001301013_2.txt$$$$天津龙鼎世纪轻工设备有限公司
