13710830215.txt$$$$广州市华达迅机械设备有限公司
13710847136.txt$$$$广州大顺发国际物流
13710847203.txt$$$$广州市番禺区大龙强鸿五金店
13710848789.txt$$$$贵州宏桥极光电子科技有限公司
13710872088.txt$$$$广州精维电器维修有限公司
13710873737.txt$$$$揭西县棉湖广亿电线电缆厂
13710883699.txt$$$$广州市众和电子科技有限公司
13710886156.txt$$$$广州聚友软件科技有限公司
13710888297.txt$$$$广州市好老婆家居用品有限公司
13710902998.txt$$$$广东中基建筑节能材料有限公司
13710913503.txt$$$$广州市厨煌酒店用品有限公司
13710918394.txt$$$$广州鑫晶金属制品有限公司
13710924653.txt$$$$广州市福盆贸易有限公司
13710926044.txt$$$$广州韵和装饰工程有限公司
13710929903.txt$$$$深圳市集瑞联合投资管理有限公司
13710931617.txt$$$$广州药妆日用化工有限公司
13710931617_1.txt$$$$广州药妆日用化工有限公司
13710931617_2.txt$$$$广州药妆日用化工有限公司
13710931617_3.txt$$$$广州药妆日用化工有限公司
13710935698.txt$$$$广州市文客电子科技有限公司
13710940259.txt$$$$广州市鑫定业电子科技有限公司
13710966688.txt$$$$广州华御广告有限公司
13710967244.txt$$$$广州仟岱机电设备有限公司
13710967244_1.txt$$$$广州仟岱机电设备有限公司
13710967244_2.txt$$$$广州仟岱机电设备有限公司
13710971668.txt$$$$广州洪誉电子科技有限公司
13710990556.txt$$$$广州博奥视听设备科技有限公司
13710999025.txt$$$$广州市花都区狮岭伟锋商行
13711015457.txt$$$$广州市美都清洁服务有限公司
13711015457_1.txt$$$$广州市美都清洁服务有限公司
