13285414455_2.txt$$$$山东掌拓智能科技有限公司
13285446227.txt$$$$乐陵市通达智能农牧机械有限公司
13285449853.txt$$$$武城县德孚换热设备厂
13285449853_1.txt$$$$武城县德孚换热设备厂
13285477647.txt$$$$山东三喜文教设备有限公司
13285482333.txt$$$$泰安市清波有害生物防治服务有限公司
13285559588.txt$$$$马鞍山市德裕宝机械刀片科技有限公司
13285607902.txt$$$$上海路羿地坪材料有有限公司
13285645666.txt$$$$六安华迪装饰工程有限公司
13285645666_1.txt$$$$六安华迪装饰工程有限公司
13285880111.txt$$$$丽水市大东园木业有限公司
13285889118.txt$$$$丽水市生之树涂料有限公司
13286300023.txt$$$$中山沃克条码科技有限公司
13286582723.txt$$$$河北然艳环保科技有限公司
13286828699.txt$$$$广州市广亿彩印有限公司
13286887878.txt$$$$广州敏锐清洁服务有限公司
13287009299.txt$$$$淄博恒宇商贸有限公司
13287009299_1.txt$$$$淄博恒宇商贸有限公司
13287009299_2.txt$$$$淄博恒宇商贸有限公司
13287038036.txt$$$$淄博市博威焊材有限公司
13287049998.txt$$$$聊城市鲁顺管业有限公司
13287062228.txt$$$$山东浩宇环保工程有限公司
13287062228_1.txt$$$$山东绿水青山环保工程有限公司
13287158877.txt$$$$沂南县胜凯机械厂
13287199555.txt$$$$临沂市庆蒙管业有限公司
13287200070.txt$$$$山东翔工机械有限公司
13287200070_1.txt$$$$山东翔工机械有限公司
13287200070_2.txt$$$$山东翔工机械有限公司
13287202028.txt$$$$深圳德普森科技有限公司
13287206299.txt$$$$曲阜润丰机械有限公司
