15315871579.txt$$$$德州宇轩机械有限公司
15315879459.txt$$$$齐河华兴数控机械有限公司
15315882500.txt$$$$德州市凯格机械设备有限公司
15315887262.txt$$$$山东博茂动力科技有限公司
15315887262_1.txt$$$$山东博茂动力科技有限公司
15315887262_2.txt$$$$山东博茂动力科技有限公司
15315892951.txt$$$$临沂鑫涛塑胶有限公司
15315895091.txt$$$$临沂鑫涛塑胶有限公司
15315895727.txt$$$$德州中祥空调设备有限公司
15315896751.txt$$$$山东涛鸿耐磨材料有限公司
15315896751_1.txt$$$$山东涛鸿耐磨材料有限公司
15315896751_2.txt$$$$山东涛鸿耐磨材料有限公司
15315920506.txt$$$$日照泗海船舶物资有限公司
15315961727.txt$$$$山东照磊石材有限公司
15315961727_1.txt$$$$山东照磊石材有限公司
15315972386.txt$$$$日照市飞劲紧固件有限公司
15315972386_1.txt$$$$日照市飞劲紧固件有限公司
15315972386_2.txt$$$$日照市飞劲紧固件有限公司
15315992379.txt$$$$日照市东港区福运搬家服务中心
15316033660.txt$$$$上海馨颐环保科技有限公司
15316125785.txt$$$$振莹环保科技（上海）有限公司
15316164726.txt$$$$上海恒源展览服务有限公司
15316205886.txt$$$$上海商虎特种金属有限公司
15316223873.txt$$$$上海霖卉纸业有限公司
15316398868.txt$$$$上海刚隆模具钢材有限公司
15316685838.txt$$$$上海优析科技有限公司
15316800068.txt$$$$浅枷有色金属（上海）有限公司
15316880007.txt$$$$智小仓库(上海)有限公司
15317831026.txt$$$$上海立奋自动化机械设备有限公司
15317916162.txt$$$$上海众业通电缆股份有限公司
