18132227103.txt$$$$保定玖冠商贸有限公司
18132246007.txt$$$$邯郸市永年区云都紧固件有限公司
18132290100.txt$$$$河北远业电力器材有限公司
18132299206.txt$$$$沧州圆方钢管有限公司
18132303591.txt$$$$河北和茂紧固件制造有限公司
18132321350.txt$$$$邯郸市特盾紧固件制造有限公司
18132321350_1.txt$$$$邯郸市特盾紧固件制造有限公司
18132321350_2.txt$$$$邯郸市特盾紧固件制造有限公司
18132327448.txt$$$$邯郸市光谷新能源科技有限公司
18132387717.txt$$$$满城县水泥砖厂
18132413312.txt$$$$爱家水处理设备秦皇岛有限公司
18132429329.txt$$$$江苏泸泉泵业有限公司
18132503899.txt$$$$天津欧莱克仪器仪表有限公司
18132579115.txt$$$$河北雄安行健电气科技有限公司
18132716396.txt$$$$久州宏源管道科技有限公司
18132728182.txt$$$$河北赛能起重机械制造有限公司
18132770009.txt$$$$河北三毓橡胶制品有限公司
18132923553.txt$$$$天津鸿昌橡胶塑料制品有限公司
18132934156.txt$$$$河北菲凡焊接材料有限公司
18132946086.txt$$$$巨鹿县誉盛食品机械厂
18132969277.txt$$$$邯郸市鑫盛铁路器材有限公司
18132985697.txt$$$$河北省鹏泽紧固件制造有限公司
18133011073.txt$$$$安徽省天力钢模板有限公司
18133031173.txt$$$$安徽民德教育咨询有限公司
18133280066.txt$$$$安徽江淮重工机械有限公司
18133607975.txt$$$$合肥华正橡塑科技有限公司
18133617886.txt$$$$合肥海知音乐器有限责任公司
18133619688.txt$$$$安徽浩立拓机电设备有限公司
18133641212.txt$$$$合肥胜达汽车修理厂
18133658501.txt$$$$合肥市金润物流有限公司
