15986824620.txt$$$$深圳市源茂升科技有限公司
15986990922.txt$$$$欧昊科技（韶关）有限公司
15987087105.txt$$$$重庆法芝厂能食品有限公司
15987087105_1.txt$$$$重庆法芝厂能食品有限公司
15987087105_2.txt$$$$重庆法芝厂能食品有限公司
15987167338.txt$$$$云南图乾经贸有限公司
15987172142.txt$$$$云南一木雕塑艺术有限公司
15987172142_1.txt$$$$云南一木雕塑艺术有限公司
15987172142_2.txt$$$$云南一木雕塑艺术有限公司
15987178568.txt$$$$云南宏绩农业开发有限公司
15987178568_1.txt$$$$云南宏绩农业开发有限公司
15987414719.txt$$$$曲靖市麒麟区立信筑基工作室
15987837707.txt$$$$武汉石岩玩宝商贸有限公司
15988078686.txt$$$$庆元县菇星节能机械有限公司
15988103165.txt$$$$诸城市雅辰机械有限公司
15988122528.txt$$$$浙江开度科技有限公司
15988127003.txt$$$$浙江壳邦力特油脂有限公司
15988129932.txt$$$$泽泰新材料科技有限公司
15988141566.txt$$$$杭州志兰纸制品有限公司
15988141566_1.txt$$$$杭州志兰纸制品有限公司
15988141566_2.txt$$$$杭州志兰纸制品有限公司
15988155325.txt$$$$杭州豪格装饰材料有限公司
15988200902.txt$$$$浙江金昌弹簧有限公司
15988228639.txt$$$$绍兴尚美思创网络科技有限公司
15988242149.txt$$$$上海勇控自动化设备有限公司
15988342105.txt$$$$海盐创通机械有限公司
15988421122.txt$$$$杭州黑铂科技有限公司
15988513110.txt$$$$东阳市平辉五金配件有限公司
15988513110_1.txt$$$$东阳市平辉五金配件有限公司
15988513110_2.txt$$$$东阳市平辉五金配件有限公司
