18919762042.txt$$$$寿县蓝海玩具有限公司
18919800006.txt$$$$兰州可乐影视文化有限公司
18919838618.txt$$$$西固区湘泉建材批发部
18919842229.txt$$$$甘肃恒磊紧固件有限公司
18919879648.txt$$$$七里河区天拓工程设备经营部
18919925113.txt$$$$兰州鼎峰机械设备有限公司
18919949218.txt$$$$甘肃博恒服饰有限公司
18919976107.txt$$$$甘肃雷沃机械设备有限公司
18919982255.txt$$$$甘肃耐纳特机电设备有限公司
18919987658.txt$$$$甘肃昶宏物资有限公司
18919992922.txt$$$$兰州天烁弹簧标准件
18919999345.txt$$$$甘肃省昱博电力物资回收公司
18920011373.txt$$$$天津东洋益胜建材有限公司
18920011787.txt$$$$天津顺升不锈钢工程有限公司
18920011787_1.txt$$$$天津顺升不锈钢工程有限公司
18920011787_2.txt$$$$天津顺升不锈钢工程有限公司
18920049115.txt$$$$天津市潞沅涂塑钢管有限公司
18920058668.txt$$$$天津市正远货运有限公司
18920058668_1.txt$$$$天津市正远货运有限公司
18920058668_2.txt$$$$天津市正远货运有限公司
18920069836.txt$$$$筑鼎营造建筑工程设计（天津）有限公司
18920151838.txt$$$$天津丰达凯来国际贸易有限公司
18920219077.txt$$$$天津澳亚集装箱有限公司
18920222322.txt$$$$天津朗威石化股份有限公司
18920222322_1.txt$$$$天津朗威石化股份有限公司
18920222322_2.txt$$$$天津朗威石化股份有限公司
18920222322_3.txt$$$$天津朗威石化股份有限公司
18920258282.txt$$$$天津子润净化工程股份有限公司
18920258282_1.txt$$$$天津子润净化工程股份有限公司
18920258282_2.txt$$$$天津子润净化工程股份有限公司
