13833150660.txt$$$$河北秀林肥业有限公司
13833166665.txt$$$$石家庄智锐广告有限公司
13833188162.txt$$$$石家庄彦发金属材料销售有限公司
13833209659.txt$$$$保定盛程园林景观工程有限公司
13833209659_1.txt$$$$保定盛程园林景观工程有限公司
13833209659_2.txt$$$$保定盛程园林景观工程有限公司
13833260690.txt$$$$定州市童硕机械制造厂
13833279005.txt$$$$清苑县胜达丝印电子设备厂
13833286150.txt$$$$保定中科橡塑制品有限公司
13833286908.txt$$$$徐水县巨润麻纤维有限公司
13833294883.txt$$$$保定市清苑区丰达模盒模具加工厂
13833441274.txt$$$$廊坊玉达亚绝缘材料有限公司
13833447650.txt$$$$霸州市永旺桁架厂
13833452548.txt$$$$无极县鑫顺实木工艺门厂
13833468868.txt$$$$石家庄强泰机械设备销售有限公司
13833497166.txt$$$$河北翰鼎雕塑集团有限公司
13833497166_1.txt$$$$河北翰鼎雕塑有限公司
13833614600.txt$$$$大城县中江机械设备厂
13833615173.txt$$$$永清县龙虎庄世文滤芯处
13833620910.txt$$$$廊坊绿洲包装材料有限公司
13833626465.txt$$$$固安县邦洁滤清器厂
1383363502.txt$$$$廊坊海美泳池设备有限公司
13833635918.txt$$$$永德瑞过滤器材厂
13833635918_1.txt$$$$固安温泉休闲商务产业园区恒硕过滤净化设备厂
13833644555.txt$$$$文安县盛奥板厂
13833649336.txt$$$$固安县巨禄过滤设备有限公司
13833666187.txt$$$$固安县温泉休闲商务产业园区王龙村欧阳过滤器材厂
13833673853.txt$$$$廊坊云海金属制品有限公司
13833682943.txt$$$$廊坊美恒过滤设备有限公司
13833697776.txt$$$$霸州市惠莱电器有限公司
