13820440308.txt$$$$天津豪精机械设备有限公司
13820453286.txt$$$$天津市外星化工涂料有限公司
13820466676.txt$$$$天津领奥建筑工程有限公司
13820469778.txt$$$$天津都市逸品物业管理有限公司
13820471234.txt$$$$天津胜奥液压密封件有限公司
13820481118.txt$$$$天津沙中金纺织品有限公司
13820500451.txt$$$$天津市会祥顺达彩钢制品有限公司
13820506349.txt$$$$天津融狄科技有限公司
13820506349_1.txt$$$$天津融狄科技有限公司
13820506349_2.txt$$$$天津融狄科技有限公司
13820515185.txt$$$$天津开发区瑞尔环保科技有限公司
13820515185_1.txt$$$$天津开发区瑞尔环保科技有限公司
13820515185_10.txt$$$$天津开发区瑞尔环保科技有限公司
13820515185_11.txt$$$$天津开发区瑞尔环保科技有限公司
13820515185_2.txt$$$$天津开发区瑞尔环保科技有限公司
13820515185_3.txt$$$$天津开发区瑞尔环保科技有限公司
13820515185_4.txt$$$$天津开发区瑞尔环保科技有限公司
13820515185_5.txt$$$$天津开发区瑞尔环保科技有限公司
13820515185_6.txt$$$$天津开发区瑞尔环保科技有限公司
13820515185_7.txt$$$$天津开发区瑞尔环保科技有限公司
13820515185_8.txt$$$$天津开发区瑞尔环保科技有限公司
13820515185_9.txt$$$$天津开发区瑞尔环保科技有限公司
13820519132.txt$$$$天津市河西区宏泰汽配经营部
13820523457.txt$$$$天津市万鑫永泰橡胶制品有限公司
13820531912.txt$$$$天津景森防腐木有限公司
13820535472.txt$$$$天津福顺祥装饰工程有限公司
13820539233.txt$$$$天津鑫煜丰传动设备科技有限公司
13820605649.txt$$$$天津威都塑料制品有限公司
13820605808.txt$$$$天津市海泰腾飞钢铁贸易有限公司
13820609515.txt$$$$天津市美清净化设备安装工程有限公司
