13588661415.txt$$$$浙江润华机电有限公司
13588667861.txt$$$$金华市汇雅装饰艺术有限公司
13588671798.txt$$$$义乌市凯佳地坪工程有限公司
13588671798_1.txt$$$$义乌市凯佳地坪工程有限公司
13588671798_2.txt$$$$义乌市凯佳地坪工程有限公司
13588683458.txt$$$$义乌东泽汽车配件商行
13588691225.txt$$$$义乌燕子美妆半永久会所
13588699698.txt$$$$永康市曲成科技有限公司
13588735372.txt$$$$杭州博强建材有限公司
13588735372_1.txt$$$$杭州博强建材有限公司
13588735372_2.txt$$$$杭州博强建材有限公司
13588775896.txt$$$$杭州路睿交通设施工程有限公司
13588775896_1.txt$$$$杭州路睿交通设施工程有限公司
13588786353.txt$$$$诸暨市志顺包装箱厂
13588889605.txt$$$$杭州华州科技有限公司
13588908855.txt$$$$浙江伟秀电力设备有限公司
13588937345.txt$$$$凯杭自动化科技有限公司
13588951486.txt$$$$乐清市展誉防爆电器有限公司
13588962991.txt$$$$乐清市航辉电气有限公司
13588963070.txt$$$$上海双坤电气科技有限公司
13588970008.txt$$$$浙江固-程技术有限公司
13588976123.txt$$$$温州市曙光起动设备有限公司
13589029578.txt$$$$济南强力化工有限公司
13589029578_1.txt$$$$济南强力化工有限公司
13589030358.txt$$$$山东滋源农业科技有限公司
13589030397.txt$$$$费县兰亭纸制品厂
13589030397_1.txt$$$$费县兰亭纸制品厂
13589030397_2.txt$$$$费县兰亭纸制品厂
13589056827.txt$$$$济南科弘微波能有限公司
13589066665.txt$$$$河北增山智能有限公司
