15986405132_1.txt$$$$广州熙魅尔生物科技有限公司
15986405132_2.txt$$$$广州熙魅尔生物科技有限公司
15986445793.txt$$$$广州风倰纸盒坑盒彩盒厂
15986445793_1.txt$$$$广州好风光包装制品有限公司
15986536500.txt$$$$惠州市逸林自动化设备有限公司
15986566409.txt$$$$佛山市聚福源铜艺有限公司
15986613212.txt$$$$东莞市虹美实业有限公司
15986638348.txt$$$$深圳市明旺宇装饰材料有限公司
15986638876.txt$$$$东莞市奥杰特智能科技有限公司
15986650657.txt$$$$深圳市融达通金融设备有限公司
15986667041.txt$$$$广东谷麦光电科技股份有限公司
15986667041_1.txt$$$$广东谷麦光电科技股份有限公司
15986680086.txt$$$$深圳市鑫杰佳服装有限公司
15986680086_1.txt$$$$深圳市鑫杰佳服装有限公司
15986680086_2.txt$$$$深圳市鑫杰佳服装有限公司
15986696508.txt$$$$深圳市三奇实业有限公司
15986712702.txt$$$$宝驰源制冷设备有限公司
15986731973.txt$$$$深圳市日月佳包装材料有限公司
15986735005.txt$$$$深圳市迅捷物流有限公司
15986765944.txt$$$$深圳市盛古贸易有限公司
15986770390.txt$$$$惠州市腾辉科技有限公司
15986770637.txt$$$$古安泰自动化设备有限公司
15986771058.txt$$$$广东深圳市德怀科技有限公司
15986778408.txt$$$$深圳市华美特润滑科技有限公司
15986782279.txt$$$$深圳奶汁源催乳师
15986797979.txt$$$$深圳市名点装饰设计工程有限公司
15986813793.txt$$$$深圳市环宇货运服务有限公司
15986814520.txt$$$$晋江仙家茶业有限公司
15986816992.txt$$$$深圳市御嘉鑫五金制品有限公司
15986824292.txt$$$$深圳市宝安区新桥源茂升包装材料商行
