18925710327.txt$$$$东莞市士锋自动化机械设备有限公司
18925710327_1.txt$$$$东莞市士锋自动化机械设备有限公司
18925710327_2.txt$$$$东莞市士锋自动化机械设备有限公司
18925719599.txt$$$$东莞市金油顺机电有限公司
18925723351.txt$$$$东莞市大为工业科技有限公司
18925729576.txt$$$$东莞市谢岗丹羽有机玻璃制品加工厂
18925745870.txt$$$$东莞市宇鑫机电有限公司
18925745870_1.txt$$$$东莞市宇鑫机电有限公司
18925751113.txt$$$$东莞市拓斯普达机械科技有限公司
18925751595.txt$$$$东莞市厨禾电器有限公司
18925751911.txt$$$$东莞市荣田精密机械有限公司
18925756771.txt$$$$东莞市金马激光科技有限公司
18925759255.txt$$$$东莞市桥头盛利门窗店
18925759767.txt$$$$东莞市泰坤电子科技有限公司
18925761018.txt$$$$东莞市金羽塑胶原料有限公司
18925766189.txt$$$$东莞市大象机械设备有限公司
18925768550.txt$$$$东莞鼎丰铜铝有限公司
18925771309.txt$$$$东莞市佳诚包装制品有限公司
18925773839.txt$$$$东莞市亦江仪器有限公司
18925776557.txt$$$$东莞市勤和实业有限公司
18925778650.txt$$$$东莞市桥头恒裕包装材料厂
18925778650_1.txt$$$$东莞市桥头恒裕包装材料厂
18925778650_2.txt$$$$东莞市桥头恒裕包装材料厂
18925783357.txt$$$$东莞市瑜保礼品有限公司
18925783357_1.txt$$$$东莞市瑜保礼品有限公司
18925783357_2.txt$$$$东莞市瑜保礼品有限公司
18925785485.txt$$$$广东胜启达建筑有限公司
18925787796.txt$$$$东莞市纳隆纳米科技有限公司
18925787796_1.txt$$$$东莞市纳隆纳米科技有限公司
18925787796_2.txt$$$$东莞市纳隆纳米科技有限公司
