13131759011.txt$$$$沧州丰业管件有限公司
13131762337.txt$$$$河北晨阳电力器材有限公司
13131765059.txt$$$$诺和环保设备有限公司
13131776957.txt$$$$沧州龙创环保设备有限公司
13131780236.txt$$$$泊头市亚冠畜牧设备有限公司
13131788757.txt$$$$沧州鸿资管道有限公司
13131792285.txt$$$$河北华腾管件有限公司
13131792285_1.txt$$$$河北华腾管件有限公司
13131792285_2.txt$$$$河北华腾管件有限公司
13131809990.txt$$$$安平县宏诺金属丝网制品有限公司
13131810025.txt$$$$安平县奥方丝网制品有限公司
13131811013.txt$$$$河北优欧科技有限公司
13131811955.txt$$$$衡水昌安橡胶制品有限公司
13131814441.txt$$$$河北隆恩丝网制品有限公司
13131823511.txt$$$$河北杭达边坡防护工程有限公司
13131826961.txt$$$$衡水城明橡塑科技有限公司
13131831123.txt$$$$河北金巨丝网有限公司
13131841977.txt$$$$衡水九八五橡塑制品有限公司
13131851123.txt$$$$河北鑫金冀丝网制造有限公司
13131860101.txt$$$$安平县石誉丝网有限公司
13131861307.txt$$$$安平县精创钢格板网栏厂
13131861577.txt$$$$河北枣强华盛节能设备有限公司
13131867135.txt$$$$安平县中泽丝网制造有限公司
13131867135_1.txt$$$$安平县中泽丝网制造有限公司
13131868335.txt$$$$河北宏顺达智能机械有限公司
13131872896.txt$$$$枣强县金智玻璃钢制品有限公司
13131872896_1.txt$$$$枣强县金智玻璃钢制品有限公司
13131886206.txt$$$$安平县金冀丝网厂
13131887001.txt$$$$安平县亚荣星环保科技有限公司
13131888516.txt$$$$河北欧阳劳务有限公司
