13731620369.txt$$$$固安温泉休闲商务产业园区百通过滤器厂
13731622866.txt$$$$廊坊三强化工有限公司
13731660672.txt$$$$河北明帅泵业有限公司
13731660801.txt$$$$定州精达科技有限公司
13731660801_1.txt$$$$定州精达科技有限公司
13731660801_2.txt$$$$定州精达科技有限公司
13731679724.txt$$$$河北晗硕泵业有限公司
13731679724_1.txt$$$$河北晗硕泵业有限公司
13731679724_2.txt$$$$河北晗硕泵业有限公司
13731682740.txt$$$$高碑店京新节能风机厂
13731685056.txt$$$$河北保定佳润制造有限公司
13731686248.txt$$$$河北祥特园林景观工程有限公司
13731717443.txt$$$$泊头市卓宏环保设备有限公司
13731718228.txt$$$$河北亿海管道有限公司
13731727209.txt$$$$天昊泵业集团有限公司
13731728809.txt$$$$泊头市华阳压瓦机械有限公司
13731731501.txt$$$$沧州恒帆钢管有限公司
13731731847.txt$$$$沧州龙浩管道装备有限公司
13731732606.txt$$$$河北天元钢管制造有限公司
13731735641.txt$$$$沧州华泰管件制造有限公司
13731745518.txt$$$$河北雄跃管道制造有限公司
13731750732.txt$$$$泊头市双跃环保设备有限公司
13731751552.txt$$$$河北泰亿管道有限公司
13731753685.txt$$$$泊头市冀兴机械有限公司
13731759997.txt$$$$沧州宏源管道设备有限公司
13731833134.txt$$$$安徽铭志建筑工程有限公司
13731878806.txt$$$$铜陵川福川菜技术研发推广有限公司
13731933888.txt$$$$宣城市成名轻钢活动房厂
13731933888_1.txt$$$$宣城市成名轻钢活动房厂
13731933888_2.txt$$$$宣城市成名轻钢活动房厂
