13424173180.txt$$$$深圳宇宙龙服装有限公司
13424178358.txt$$$$深圳市唯彩数码科技发展有限公司
13424182396.txt$$$$深圳市祥旺新能源有限公司
13424182396_1.txt$$$$深圳市祥旺新能源有限公司
13424182396_2.txt$$$$深圳市祥旺新能源有限公司
13424203312.txt$$$$深圳市魔法英语有限公司
13424209633.txt$$$$深圳市鑫博创美电子科技有限公司
13424229608.txt$$$$深圳市富荣达科技有限公司
13424230697.txt$$$$深圳市鑫山顺科技有限公司
13424235323.txt$$$$深圳午阳暖通科技有限公司
13424235323_1.txt$$$$深圳午阳暖通科技有限公司
13424235323_2.txt$$$$深圳午阳暖通科技有限公司
13424235323_3.txt$$$$深圳午阳暖通科技有限公司
13424243570.txt$$$$深圳市义鑫达电子科技有限公司
13424272599.txt$$$$深圳鑫创道物流
13424272599_1.txt$$$$深圳市兴运通物流
13424306808.txt$$$$东莞市煜达石油化工燃料有限公司
13424307328.txt$$$$深圳市兴永联电子有限公司
13424321074.txt$$$$深圳点不够实科技有限公司
13424351326.txt$$$$深圳市顺庆科技有限公司
13424367510.txt$$$$深圳中检联检测有限公司
13424416561.txt$$$$深圳市创营网络科技有限公司
13424444208.txt$$$$深圳市八达通线管桥架有限公司
13424461112.txt$$$$广州市科栎达塑料制品有限公司
13424481658.txt$$$$广州毓成汽车配件有限公司
13424633045.txt$$$$佛山飞慕克金属制品有限公司
13424704787.txt$$$$东莞市虎门杨伟媚服装店
13424725926.txt$$$$东莞市明云五金模具材料有限公司
13424782040.txt$$$$东莞市捷辉智能科技有限公司
13424782040_1.txt$$$$东莞市厚街耀辉防静电设备厂
