13377896662.txt$$$$武汉天雅世纪工贸有限公司
13377937503.txt$$$$华新顿现代钢结构制造有限公司
13377973557.txt$$$$襄阳高隆磷化工有限责任公司
13377973557_1.txt$$$$襄阳高隆磷化工有限责任公司
13377973557_2.txt$$$$襄阳高隆磷化工有限责任公司
13377975220.txt$$$$湖北聚高测控技术有限公司
13377978077.txt$$$$襄阳精饰五金制品有限公司
13377978077_1.txt$$$$襄阳精饰五金制品有限公司
13377978077_2.txt$$$$襄阳精饰五金制品有限公司
13378063916.txt$$$$鹤顶红雕塑工程有限公司
13378442308.txt$$$$春飞扬空间科技有限公司
13378468108.txt$$$$深圳不锈钢橱柜有限公司
13378482399.txt$$$$佛山市亮豪起重机设备有限公司
13378484109.txt$$$$佛山市信德成门业科技有限公司
13378486661.txt$$$$广东伊思曼新材料技术股份有限公司
13378488398.txt$$$$佛山市红翻天建材有限公司
13378488398_1.txt$$$$佛山市红翻天建材有限公司
13378489217.txt$$$$佛山市顺德区北滘昌泰五金机械设备厂
13378494011.txt$$$$东莞市恒凯精密机械有限公司
13378609740.txt$$$$东莞市石龙宏阳电子经营部
13378625869.txt$$$$佛山金中金属有限公司
13378631474.txt$$$$佛山市尚陶居陶瓷有限公司
13378640818.txt$$$$佛山市伯美广告有限公司
13378648695.txt$$$$广东顺德名世椅业制造有限公司
13378653872.txt$$$$深圳市纳兰特环境科技有限公司
13378662666.txt$$$$深圳少年王科技有限公司
13378693069.txt$$$$广州天空能科技有限公司
13378693069_1.txt$$$$广州天空能科技有限公司
13378693069_2.txt$$$$广州天空能科技有限公司
13378696826.txt$$$$广州光享车灯科技有限公司
