13360593126.txt$$$$广州美兹缘进出口有限公司
13360595013.txt$$$$广州市昊润石油化工有限公司
13360595013_1.txt$$$$广州市昊润石油化工有限公司
13360596339.txt$$$$广州市荔湾区富立顺机械五金配件商行
13360599521.txt$$$$广州澳沃司照明电器有限公司
13360631449.txt$$$$东莞市浩恩电子科技有限公司
13360631572.txt$$$$东莞市嘉纶商标有限公司
13360634883.txt$$$$东莞市世窗电子科技有限公司
13360653818.txt$$$$东莞市艾迪自动化设备有限公司
13360660086.txt$$$$东莞市宝温节能科技有限公司
13360660086_1.txt$$$$东莞市宝温节能科技有限公司
13360665507.txt$$$$东莞市品尚合金制品有限公司
13360676606.txt$$$$东莞市宝浓数码科技有限公司
13360677793.txt$$$$东莞市昊泰测量仪器有限公司
13360677793_1.txt$$$$东莞市长安恩田仪器设备经营部
13360679853.txt$$$$东莞市凯迪胶粘科技有限公司
13360680998.txt$$$$聚大智能家具有限公司
13360687202.txt$$$$东莞爱拍电影传媒有限公司
13360971585.txt$$$$思犇智能（深圳）有限公司
13361000376.txt$$$$济南艺博雕塑艺术有限公司
13361002305.txt$$$$济南鼎诚建筑装饰有限公司
13361013651.txt$$$$济南润源机械设备有限公司
13361016029.txt$$$$山东汉立电源设备有限公司
13361026568.txt$$$$济南历下领航喷绘部
13361066628.txt$$$$济南天旭数控机械有限公司
13361068118.txt$$$$济南金世通工贸有限公司
13361069658.txt$$$$济南三恩化工有限公司
13361069958.txt$$$$济南拓兴电子科技有限公司
13361079123.txt$$$$济南沃源水处理设备有限公司
13361079123_1.txt$$$$济南沃源水处理设备有限公司
