18932815855_2.txt$$$$衡水丰垚工程材料有限公司
18932816155.txt$$$$河北泽晟橡胶制品有限公司
18932816155_1.txt$$$$河北泽晟橡胶制品有限公司
18932818511.txt$$$$枣强汇方环保玻璃钢有限公司
18932818511_1.txt$$$$枣强汇方环保玻璃钢有限公司
18932818511_2.txt$$$$枣强汇方环保玻璃钢有限公司
18932819885.txt$$$$河北鑫星调压器有限公司
18932819999.txt$$$$安平县奔达丝网制品有限公司
18932826155.txt$$$$衡水庆鑫工程减震器材有限公司
18932830020.txt$$$$河北科好特科技有限责任公司
18932902405.txt$$$$灵寿县宽博矿产品加工厂
18932920115.txt$$$$石家庄市迎鑫冶金设备有限公司
18932929680.txt$$$$石家庄辽河商贸有限公司
18932931197.txt$$$$石家庄永源电子科技有限公司
18932949272.txt$$$$河北佳明亮花粉有限公司
18932998761.txt$$$$邢台盈运机械制造有限公司
18933017966.txt$$$$佛山市嘉耀照明有限公司
18933195586.txt$$$$江门市天助人和科技有限公司
18933196653.txt$$$$江门市新会区东旺铸造有限公司
18933196653_1.txt$$$$江门市新会区东旺铸造有限公司
18933196653_2.txt$$$$江门市新会区东旺铸造有限公司
18933198632.txt$$$$台山美环健芦荟制品有限公司
18933198632_1.txt$$$$台山美环健芦荟制品有限公司
18933198632_2.txt$$$$台山美环健芦荟制品有限公司
18933230516.txt$$$$东莞瀚晽电子材料有限公司
18933230516_1.txt$$$$东莞瀚晽电子材料有限公司
18933230516_2.txt$$$$东莞瀚晽电子材料有限公司
18933284545.txt$$$$恵州新鸿星清洁服务有限公司
18933286308.txt$$$$惠州诺之泰实业有限公司
18933286308_1.txt$$$$惠州诺之泰实业有限公司
