13480085018.txt$$$$深圳市风远达通风机电有限公司
13480088158.txt$$$$东莞市丰迪制罐有限公司
13480093739.txt$$$$广东欧沃环境科技有限公司
13480104120.txt$$$$广东省深圳市惠士顿科技有限公司
13480187111.txt$$$$深圳市博达喷涂设备有限公司
13480215414.txt$$$$广州禹航物流有限公司
13480223508.txt$$$$广州点控电子科技有限公司
13480229096.txt$$$$广州市天河区石牌新时捷客户服务部
13480231745.txt$$$$广州鸿源汽配有限公司
13480245323.txt$$$$广州市瑞欣电子科技有限公司
13480248395.txt$$$$广州市创新迪办公设备有限公司
13480261415.txt$$$$广州萌芽网络科技有限公司
13480407374.txt$$$$东莞市舜彩电子有限公司
13480468938.txt$$$$东莞市鑫硕电子五金塑胶厂
13480470888.txt$$$$东莞市皇辰服装有限公司
13480486616.txt$$$$东莞市因范生活科技有限公司
13480486616_1.txt$$$$东莞市因范生活科技有限公司
13480486616_2.txt$$$$东莞市因范生活科技有限公司
13480486616_3.txt$$$$东莞市因范生活科技有限公司
13480511701.txt$$$$惠州市欧拓科技有限公司
13480611246.txt$$$$深圳市昶熙科技有限公司
13480614828.txt$$$$东莞市展裕塑胶有限公司
13480614828_1.txt$$$$东莞市展裕塑胶有限公司
13480614828_2.txt$$$$东莞市展裕塑胶有限公司
13480617748.txt$$$$东莞市海菱精密科技有限公司
13480645989.txt$$$$正华回程物流
13480652916.txt$$$$深圳市鑫成尔电子有限公司
13480661237.txt$$$$深圳市麦探滃科技有限公司
13480666377.txt$$$$深圳市凯诺泰科技有限公司
13480669203.txt$$$$深圳市海美达实业有限公司
