13969605910.txt$$$$山东威力特信息科技有限公司
13969608989.txt$$$$青岛长润新能源设备有限公司
13969612356.txt$$$$青岛青林包装有限公司
13969637186.txt$$$$日照经济技术开发区聚仁汽车用品商行
13969645588.txt$$$$青岛千辉速运物流有限公司
13969650635.txt$$$$青岛朗科精工有限公司
13969655851.txt$$$$青岛龙威机电设备有限公司
13969665858.txt$$$$青岛凯锐机械设备有限公司
13969678117.txt$$$$青岛祥和伟业环保科技有限公司
13969681853.txt$$$$青岛承熠户外休闲用品有限公司
13969692227.txt$$$$青岛婧瑶工贸有限公司
13969708308.txt$$$$青岛速捷机械化施工有限公司
13969722881.txt$$$$青岛安顺腾达物流有限公司
13969733673.txt$$$$青岛源之香食品有限公司
13969790803.txt$$$$青岛塑源塑料机械制造有限公司
13969805798.txt$$$$青岛富瑞沃新材料有限公司
13969811358.txt$$$$青岛金盾防锈材料有限公司
13969815568.txt$$$$青岛新城市创意科技有限公司
13969830091.txt$$$$青岛煜之航国际货运代理有限公司
13969830111.txt$$$$青岛万利鑫金属有限公司
13969830318.txt$$$$青岛海坤五金索具有限公司
13969838483.txt$$$$青岛中大铜材厂有限公司
13969883059.txt$$$$青岛明诺环卫设备制造有限公司
13969909603.txt$$$$临沂高新区三洋环保科技有限公司
13969909603_1.txt$$$$临沂三洋环保科技有限公司
13969920575.txt$$$$临沂绿航花卉盆栽培育基地
13969923217.txt$$$$莒南县巨力包装材料有限公司
13969925058.txt$$$$山东临沂宏宇塑业商行
13969927773.txt$$$$兰陵晟泰钢构支架厂
13969932962.txt$$$$郯城县通园银杏园林苗圃场
