17366882352.txt$$$$福建君万合自动化科技有限公司
17367319801.txt$$$$浙江泽广泰精密科技有限公司
17367320867.txt$$$$三环(上海)包装制品有限公司
17367320867_1.txt$$$$三环(上海)包装制品有限公司
17367320867_2.txt$$$$三环(上海)包装制品有限公司
17367496892.txt$$$$承德恒发嘉业广告有限公司
17367688864.txt$$$$石家庄邦迪高分子材料有限公司
17367727374.txt$$$$石家庄精纳科技有限公司
17367797476.txt$$$$石家庄巨匠煤矿机械有限公司
17367888809.txt$$$$河北磐塑建材贸易有限公司
17368128583.txt$$$$江苏鑫红彩装饰工程有限公司
17368198668.txt$$$$镇江市蓝火环保能源有限公司
17368203431.txt$$$$佛山市禅城区振凯机械设备厂
17368210028.txt$$$$佛山市南海里水中兴五金电器厂
17368210028_1.txt$$$$佛山市南海里水中兴五金电器厂
17368347960.txt$$$$太仓中新宝智能装备有限公司
17368475080.txt$$$$中润油联天下网络科技有限公司
17368556070.txt$$$$嘉兴市南湖区城西嘉昌室内管道疏通
17368576240.txt$$$$无锡核新元过滤设备有限公司
17368688780.txt$$$$南京布布食品有限公司
17368699210.txt$$$$南京谋成地坪工程有限公司
17368699960.txt$$$$南京艺超数控刃模具制造有限公司
17368711777.txt$$$$南京贵润酒业有限公司
17368851799.txt$$$$合肥顺昌余热利用科技有限公司
17368874546.txt$$$$安徽虹科电力科技有限公司
17368987339.txt$$$$江苏捷信标牌科技有限公司
17368996058.txt$$$$江苏中铖工业泵制造有限公司
17369675927.txt$$$$台州市东协电机有限公司
17369690818.txt$$$$永康市五瑞工贸有限公司
17370018843.txt$$$$江西纽达信息科技有限公司
