15131251288.txt$$$$河北丰农有机肥制造有限公司
15131251288_1.txt$$$$河北丰农有机肥制造有限公司
15131269631.txt$$$$保定市清苑区公威棉纺织厂
15131277600.txt$$$$保定佰纳金属丝网制造有限公司
15131283233.txt$$$$河北萌轩园林古建工程有限公司
15131293233.txt$$$$保定兴超建筑工程有限公司
15131380606.txt$$$$南宫市润杰皮草制品有限公司
15131380606_1.txt$$$$南宫市润杰皮草制品有限公司
15131380606_2.txt$$$$南宫市润杰皮草制品有限公司
15131380606_3.txt$$$$南宫市润杰皮草制品有限公司
15131385888.txt$$$$任县和力机械厂
15131385888_1.txt$$$$任县和力机械厂
15131385888_2.txt$$$$任县和力机械厂
15131389705.txt$$$$平乡县超硕儿童玩具厂
15131460778.txt$$$$石家庄七彩雨虹防水工程有限公司
15131509346.txt$$$$山东惠民诚泽绳网有限公司
15131671114.txt$$$$行唐县恒旺机械厂
15131677957.txt$$$$河北力成电力设备有限公司
15131702830.txt$$$$沧州鑫良诺管道装备制造有限公司
15131708444.txt$$$$盐山县义信机床部件制造有限公司
15131724999.txt$$$$河北益泰体育器材制造有限公司
15131725301.txt$$$$盐山泰和丰管道装备有限公司
15131725692.txt$$$$泊头市宇虹智能设备有限公司
15131733478.txt$$$$河北德鑫钢管有限公司
15131736111.txt$$$$河北睿航管道制造有限公司
15131737088.txt$$$$河北任隆管道配件有限公司
15131749076.txt$$$$河北启创环保有限设备有限公司
15131754913.txt$$$$沧州玖丰电子机箱有限公司
15131766545.txt$$$$沧州荣丰管道装备有限公司
15131768666.txt$$$$泊头市永旭机械设备制造有限公司
