18333288866.txt$$$$河北双能泵业有限公司
18333294771.txt$$$$天津一飞环卫设备有限公司
18333443388.txt$$$$河北全意机械设备有限公司
18333603685.txt$$$$廊坊向纬防腐材料有限公司
18333610604.txt$$$$廊坊亿滤嘉过滤器材有限公司
18333625556.txt$$$$河北浩朗化工有限公司
18333628264.txt$$$$大城县久恒机械设备厂
18333628264_1.txt$$$$大城县大广安久恒机械设备厂
18333655595.txt$$$$固安温泉休闲商务产业园区嘉滤过滤器材销售
18333709566.txt$$$$沧州前进压瓦机械制造有限公司
18333750380.txt$$$$泊头市富江畜牧机械有限公司
18333771909.txt$$$$东光县丰鸿机械厂
18333771999.txt$$$$河北圣坤钢管有限公司
18333773800.txt$$$$沧州市智和机械设备有限公司
18333800919.txt$$$$安平县米昂丝网制品有限公司
18333801118.txt$$$$安平县赵发丝网制品有限公司
18333809990.txt$$$$衡水广通橡胶有限公司
18333828690.txt$$$$河北省枢畅交通设施工程有限公司
18333829629.txt$$$$深州市宏利交通设施有限公司
18333928589.txt$$$$邢台茂林机械制造有限公司
18333928589_1.txt$$$$邢台茂林机械制造有限公司
18333928589_2.txt$$$$邢台茂林机械制造有限公司
18333937088.txt$$$$任县瓯海机械厂
18333967298.txt$$$$河北汇皓塑料包装有限公司
18333977667.txt$$$$任县瑞力机械厂
18333977667_1.txt$$$$任县瑞力机械厂
18333977667_2.txt$$$$任县瑞力机械厂
18333980517.txt$$$$隆尧县正尹村正辉机械厂
18333980517_1.txt$$$$隆尧县正尹村正辉机械厂
18333980517_2.txt$$$$隆尧县正尹村正辉机械厂
