15255558605.txt$$$$合肥世佳电工设备有限公司
15255558748.txt$$$$合肥金盾钢制门有限公司
15255591575.txt$$$$合肥唯凡商贸有限公司
15255617433.txt$$$$合肥大唐管业有限公司
15256015811.txt$$$$合肥鸿福新能源科技有限公司
15256016711.txt$$$$合肥荣景包装材料有限公司
15256019988.txt$$$$合肥科安门业科技有限公司
15256050567.txt$$$$安徽江榛土工材料有限公司
15256050567_1.txt$$$$安徽江榛土工材料有限公司
15256050567_2.txt$$$$安徽江榛土工材料有限公司
15256050567_3.txt$$$$安徽江榛土工材料有限公司
15256062120.txt$$$$合肥永乐电子科技有限公司
15256064745.txt$$$$合肥旭航整体家居有限公司
15256064745_1.txt$$$$合肥旭航整体家居有限公司
15256065936.txt$$$$合肥宠灵宠物服务有限公司
15256238531.txt$$$$安徽众鼎工程机械租赁有限公司
15256238531_1.txt$$$$安徽众鼎工程机械租赁有限公司
15256238531_2.txt$$$$安徽众鼎工程机械租赁有限公司
15256254169.txt$$$$东莞市鼎辉金属制品有限公司
15256256610.txt$$$$合肥玖安钢铁物资有限公司
15256265188.txt$$$$安徽塞恩节能科技有限公司
15256265188_1.txt$$$$安徽塞恩节能科技有限公司
15256265188_2.txt$$$$安徽塞恩节能科技有限公司
15256283227.txt$$$$安徽众宝汇艺术品文化发展有限公司
15256333428.txt$$$$安徽南方化工泵业有限公司
15256381920.txt$$$$上海晨凤实业发展有限公司
15256518839.txt$$$$安徽峻源科技有限公司
15256538612.txt$$$$合肥欣悦膜结构技术有限公司
15256538612_1.txt$$$$合肥欣悦膜结构技术有限公司
15256548918.txt$$$$合肥庐阳区科坤工控产品经营部
