18681103673_2.txt$$$$东莞腾鼎自动化科技有限公司
18681106688.txt$$$$瑞盛(东莞)技术有限公司
18681106688_1.txt$$$$东莞市瑞盛自控技术有限公司
18681110589.txt$$$$广州汇宜特电气有限公司
18681117789.txt$$$$东莞市瑞克尔环保科技有限公司
18681119940.txt$$$$东莞市明海照明有限公司
18681122005.txt$$$$东莞市六沐超市管理有限公司
18681125828.txt$$$$柳州市汉美环保科技有限公司
18681129026.txt$$$$东莞怡合达自动化股份有限公司
18681140065.txt$$$$东莞市联帮塑料机械有限公司
18681140065_1.txt$$$$东莞市联帮塑料机械有限公司
18681140065_2.txt$$$$东莞市联帮塑料机械有限公司
18681149847.txt$$$$深圳市家吉（防火卷帘门）消防工贸有限公司
18681153858.txt$$$$东莞市利琨数控机械有限公司
18681162236.txt$$$$东莞市麦克斯伟机器人科技有限公司
18681178153.txt$$$$东莞市利研包装制品有限公司
18681178153_1.txt$$$$东莞市利研包装制品有限公司
18681178153_2.txt$$$$东莞市利研包装制品有限公司
18681178153_3.txt$$$$东莞市利研包装制品有限公司
18681181188.txt$$$$东莞市亚森机械有限公司
18681181188_1.txt$$$$东莞市亚森机械有限公司
18681181188_2.txt$$$$东莞市亚森机械有限公司
18681181188_3.txt$$$$东莞市亚森机械有限公司
18681191735.txt$$$$东莞市嘉多利精密电子有限公司
18681191735_1.txt$$$$东莞市嘉多利精密电子有限公司
18681196371.txt$$$$边城机器人科技（东莞）有限公司
18681199993.txt$$$$东莞市华岗塑胶原料有限公司
18681199993_1.txt$$$$东莞市华岗塑胶原料有限公司
18681199993_2.txt$$$$东莞市华岗塑胶原料有限公司
18681354529.txt$$$$四川兴至简机械有限公司
