13832024227_1.txt$$$$邯郸市瑞之琛紧固件制造有限公司
13832024227_2.txt$$$$邯郸市瑞之琛紧固件制造有限公司
13832027818.txt$$$$鸡泽县凯佳索具有限公司
13832027818_1.txt$$$$鸡泽县凯佳索具有限公司
13832027818_2.txt$$$$鸡泽县凯佳索具有限公司
13832055532.txt$$$$河北京都瓦业有限公司
13832055532_1.txt$$$$河北京都瓦业有限公司
13832055532_2.txt$$$$河北京都瓦业有限公司
13832059481.txt$$$$北京鼓风机厂配件二厂
13832061878.txt$$$$曲周县永盛胶带厂
13832061878_1.txt$$$$曲周县永盛胶带厂
13832061878_2.txt$$$$曲周县永盛胶带厂
13832067716.txt$$$$邯郸市亿晓建材销售有限公司
13832067716_1.txt$$$$邯郸市亿晓建材销售有限公司
13832067716_2.txt$$$$邯郸市亿晓建材销售有限公司
13832072604.txt$$$$永年县博雨紧固件
13832072604_1.txt$$$$邯郸市雄策紧固件制造有限公司
13832072604_2.txt$$$$邯郸市盛顺达紧固件制造有限公司
13832072604_3.txt$$$$邯郸市盛顺达紧固件制造有限公司
13832072604_4.txt$$$$邯郸市盛顺达紧固件制造有限公司
13832072895.txt$$$$邯郸市金色道钉铁路配件销售有限公司
13832072895_1.txt$$$$邯郸市金色道钉铁路配件销售有限公司
13832072895_2.txt$$$$邯郸市金色道钉铁路配件销售有限公司
13832072895_3.txt$$$$邯郸市金色道钉铁路配件销售有限公司
13832075756.txt$$$$邯郸市固锐捷金属制品制造有限公司
13832075756_1.txt$$$$邯郸市固锐捷金属制品制造有限公司
13832075756_2.txt$$$$邯郸市固锐捷金属制品制造有限公司
13832097233.txt$$$$河北晶发石材有限公司
13832173331.txt$$$$河北朝天办公设备有限公司
13832197262.txt$$$$河北坤辉道路工程有限公司
