15895463656.txt$$$$苏州众显电子科技有限公司
15895470335.txt$$$$阿洛斯环境发生器有限公司
15895481710.txt$$$$苏州泽港集成房屋有限公司
15895488121.txt$$$$苏州华龙金属回收有限公司
15895488121_1.txt$$$$苏州皓宇贵金属材料有限公司
15895523080.txt$$$$苏州市端仕净化科技有限公司
15895523080_1.txt$$$$苏州市端仕净化科技有限公司
15895554718.txt$$$$苏州碧达环保工程有限公司
15895560723.txt$$$$张家港市沃尔得教育培训中心
15895589913.txt$$$$苏州智殷自动化有限公司
15895589913_1.txt$$$$苏州智殷自动化有限公司
15895589913_2.txt$$$$苏州智殷自动化有限公司
15895607956.txt$$$$苏州巨久防火材料有限公司
15895632640.txt$$$$昆山浩净泽环保设备有限公司
15895633386.txt$$$$苏州锦诺克机械设备有限公司
15895633386_1.txt$$$$苏州市锦诺克机械设备有限公司
15895639526.txt$$$$苏州辉弘誉办公设备有限公司
15895645435.txt$$$$昆山伊克赛尔环保科技有限公司
15895669179.txt$$$$苏州登正机电有限公司
15895669811.txt$$$$昆山兴久义液压自动化设备有限公司
15895697070.txt$$$$无锡荣春钢结构有限公司
15895787000.txt$$$$江苏笛泉生物科技有限公司
15895801088.txt$$$$南京新正盛环保设备有限公司
15895851147.txt$$$$福建省华力密封技术有限公司
15895859755.txt$$$$江苏绿博斯环保设备有限公司
15895889781.txt$$$$南京马的卢飞信息科技有限公司
15895891012.txt$$$$南京沃立特智能科技有限公司
15895924918.txt$$$$南京雪亮装饰工程有限公司
15895971662.txt$$$$南京骁健物流
15895971662_1.txt$$$$南京日盛东物流
