17831122893.txt$$$$河北利尔佳能源技术有限公司
17831139070.txt$$$$石家庄市藁城区建磊家具厂
17831988999.txt$$$$邯郸市亨贝紧固件制造有限公司
17831988999_1.txt$$$$邯郸市亨贝紧固件制造有限公司
17831988999_2.txt$$$$邯郸市亨贝紧固件制造有限公司
17832180660.txt$$$$衡水瀚玉工程橡胶有限公司
17832181629.txt$$$$河北驰瑞橡塑制品有限公司
17832595773.txt$$$$北京媄束生物科技有限公司
17832595773_1.txt$$$$北京媄束生物科技有限公司
17832595773_2.txt$$$$北京媄束生物科技有限公司
17835134921.txt$$$$清徐县根生蘑菇酱经销部
17835263815.txt$$$$山西杏花汾玺酒业股份有限公司
17835263815_1.txt$$$$山西杏花汾玺酒业股份有限公司
17835263815_2.txt$$$$山西杏花汾玺酒业股份有限公司
17835263815_3.txt$$$$山西杏花汾玺酒业股份有限公司
17835703503.txt$$$$晋中绿野行拓展训练有限公司
17835985893.txt$$$$山西茂辉环保科技有限公司
17836912115.txt$$$$郑州丽之健电子科技有限公司
17837817815.txt$$$$河南多凯新材料科技有限公司
17838200369.txt$$$$河南鹏爵膜结构工程有限公司
17838302032.txt$$$$郑州多味源有限公司
17838360700.txt$$$$郑州洁源节能锅炉有限公司
17838360703.txt$$$$郑州市昌得利机械制造有限公司
17838917119.txt$$$$河南洽道办公家具有限公司
17839026660.txt$$$$商丘新育达印刷有限公司
17839026660_1.txt$$$$商丘新育达印刷有限公司
17839026660_2.txt$$$$商丘新育达印刷有限公司
17839071861.txt$$$$惠州市新红橡胶有限公司
17839103911.txt$$$$焦作市泰鑫机械制造有限责任公司
17839439532.txt$$$$安徽今日化传播有限公司
