17790071652.txt$$$$吉林省锦奕汽车经销有限公司
17791332811.txt$$$$陕西谛沧展览设计工程有限公司
17791351090.txt$$$$西安一笔一画科技有限公司
17791397820.txt$$$$西安铂科仪器仪表有限公司
17791408812.txt$$$$西安晨帆智能科技有限公司
17791528768.txt$$$$陕西兰特广告有限公司
17791557331.txt$$$$西安新洁环保设备有限公司
17791571538.txt$$$$西安奥卡电子科技有限公司
17791571538_1.txt$$$$西安奥卡电子科技有限公司
17791571538_2.txt$$$$西安奥卡电子科技有限公司
17791599856.txt$$$$陕西筑力建筑材料有限公司
17791609089.txt$$$$咸阳乐之星体育器材有限公司
17791712441.txt$$$$陕西博林生物技术有限公司
17791717224.txt$$$$陕西众盾建筑工程检测技术有限公司
17791885653.txt$$$$西安可欣家政服务有限公司
17791930308.txt$$$$陕西合力漆业有限公司
17791966977.txt$$$$陕西欧科管道有限公司
17792081851.txt$$$$西安绘锦园网络科技有限公司
17792217753.txt$$$$西安博越真空设备有限公司
17792217753_1.txt$$$$西安帕斯卡真空技术有限公司
17792231621.txt$$$$西安篷之名会展服务有限公司
17792235973.txt$$$$西安川爱贸易有限责任公司
17792283488.txt$$$$西安傲威电动车辆有限公司
17792310111.txt$$$$西安怡尔昆环保科技有限公司
17792355793.txt$$$$陕西艾牛生态农业有限公司
17792373573.txt$$$$陕西迅之洁清洁设备有限公司
17792432975.txt$$$$西安昌岳生物科技有限公司
17792521996.txt$$$$西安市诚信不锈钢水塔厂
17792521996_1.txt$$$$西安市长安区陈余不锈钢制品厂
17792671354.txt$$$$陕西新红梅商贸有限公司
