18826519362.txt$$$$深圳市祥纯智能科技有限公司
18826526269.txt$$$$深圳市合益贸易有限公司
18826545865.txt$$$$深圳市悦铭科技有限公司
18826545865_1.txt$$$$深圳市悦铭科技有限公司
18826609886.txt$$$$清远市浪升包装制品有限公司
18826693555.txt$$$$天台安顺食品厂
18826714663.txt$$$$中山市世安照明科技有限公司
18826772575.txt$$$$汕头南侨国际货运代理有限公司
18826802680.txt$$$$东莞市优瀚激光科技有限公司
18826806316.txt$$$$东莞市高埗精博模具厂
18826807465.txt$$$$东莞市佳民传动设备有限公司
18826812400.txt$$$$东莞旺胜物流有限公司
18826813391.txt$$$$旺胜物流
18826825380.txt$$$$广东天一照明科技有限公司
18826827933.txt$$$$东莞市瑞盛自控技术有限公司
18826830996.txt$$$$超威电子有限公司
18826832365.txt$$$$旺胜物流有限公司
18826833211.txt$$$$东莞市凯盟表面处理技术开发有限公司
18826836772.txt$$$$亿鼎净化科技（东莞）有限公司
18826836772_1.txt$$$$亿鼎净化科技（东莞）有限公司
18826836772_2.txt$$$$亿鼎净化科技（东莞）有限公司
18826856369.txt$$$$东莞市逸鑫电子有限公司
18826893736.txt$$$$东莞市联友建筑工程有限公司
18826897469.txt$$$$东莞市优优金属材料有限公司
18826976879.txt$$$$东莞市桥头宇邦机械加工店
18826976879_1.txt$$$$东莞市桥头宇邦机械加工店
18826976879_2.txt$$$$东莞市桥头宇邦机械加工店
18826978100.txt$$$$深圳市亚美特润滑油有限公司
18827026939.txt$$$$武汉市华丰泰运机电设备有限公司
18827047800.txt$$$$湖北世森建材科技有限公司
