15072977259.txt$$$$随州市晨宇车辆装备有限公司
15072997299.txt$$$$湖北润力专用汽车有限公司
15072999679.txt$$$$湖北神百专用汽车有限公司
15073160165.txt$$$$深圳市优之阳科技有限公司
15073174973.txt$$$$湖南建王防水工程有限公司
15073511396.txt$$$$深圳市中昱天成工程技术有限公司
15073535748.txt$$$$东莞市康柴动力设备有限公司
15073620052.txt$$$$常德市金佰特节能环保科技有限公司
15073833114.txt$$$$福州千洲贸易有限公司
15073847734.txt$$$$青岛博汇防腐木景观工程有限公司
15073868402.txt$$$$山东昌利复琉璃瓦有限公司
15073922711.txt$$$$东莞奥信激光焊接设备有限公司
15074679124.txt$$$$东莞市英瑞降温设备有限公司
15074814260.txt$$$$湖南华绮思锦科贸有限公司
15074890666.txt$$$$长沙福发机电设备有限公司
15074890666_1.txt$$$$长沙福发机电设备有限公司
15074890666_2.txt$$$$长沙福发机电设备有限公司
15074918182.txt$$$$湖南格兰肯机械有限公司
15074946084.txt$$$$长沙鑫雅交通设施厂
15074961305.txt$$$$湖南常帆网络科技有限公司
15075004588.txt$$$$邯郸市源诺阀门管件制造有限公司
15075012345.txt$$$$邯郸市永年区天光工矿配件有限公司
15075012388.txt$$$$河北唐逸建材有限公司
15075012388_1.txt$$$$河北唐逸建材有限公司
15075012388_2.txt$$$$河北唐逸建材有限公司
15075022999.txt$$$$邯郸市永年区邦迪紧固件厂
15075022999_1.txt$$$$邯郸市永年区邦迪紧固件厂
15075022999_2.txt$$$$邯郸市永年区邦迪紧固件厂
15075047899.txt$$$$永年县大亚紧固件
15075066780.txt$$$$邯郸市永年区吕七方古典青砖青瓦经销部
