18927562519_1.txt$$$$广州市捷力环保科技有限公司
18927562519_2.txt$$$$广州市捷力环保科技有限公司
18927564497.txt$$$$广州威骐系统集成有限公司
18927564497_1.txt$$$$广州威骐系统集成有限公司
18927572658.txt$$$$广州艾克昇水处理设备有限公司
18927573881.txt$$$$广州金品厨具有限公司
18927578667.txt$$$$广州浦尔纳电子科技有限公司
18927581781.txt$$$$广州锐旭科技有限公司
18927589156.txt$$$$广州市沃华自动化科技有限公司
18927599286.txt$$$$广州市铁凌金属制品有限公司
18927620624.txt$$$$湛江丰麒塑料制品有限公司
18927699355.txt$$$$深圳市赫斯基机械设备有限公司
18927703737.txt$$$$佛山市南海区鑫淼展览器材有限公司
18927713949.txt$$$$高要市回龙镇岗南化工涂料有限公司
18927720201.txt$$$$广东酷优优智慧家居有限公司
18927721022.txt$$$$广东晶速数码科技有限公司
18927736357.txt$$$$佛山市布兰顿陶瓷有限公司
18927745368.txt$$$$佛山市傲晟机械轴承有限公司
18927758388.txt$$$$佛山市香榭雅舍纺织品有限公司
18927764799.txt$$$$广州科勒电器有限公司
18927779370.txt$$$$佛山市南海区派浪门窗制品厂
18927794673.txt$$$$佛山市凯音装饰材料有限公司
18927794674.txt$$$$佛山市国音建材有限公司
18927922347.txt$$$$深汕特别合作区科建测绘仪器有限公司
18928017069.txt$$$$珠海三润电子有限公司
18928089462.txt$$$$珠海正林电子有限公司
18928093276.txt$$$$珠海港隆金属有限公司
18928103795.txt$$$$中山市西顿照明灯饰科技有限公司
18928180283.txt$$$$中山市恒创雕塑艺术工程有限公司
18928191072.txt$$$$中山市冠禧时代电器有限公司
