13792673181_1.txt$$$$诸城市中昊机械厂
13792673181_2.txt$$$$诸城市中昊机械厂
13792673328.txt$$$$诸城市百度机械配件加工厂
13792675655.txt$$$$青州市沛源机械有限公司
13792692932.txt$$$$诸城市佳特食品机械有限公司
13792696093.txt$$$$安丘市景芝镇博丰机械厂
13792699516.txt$$$$寿光市天翔防水材料厂
13792733555.txt$$$$乳山市太阳干燥剂有限公司
13792834500.txt$$$$青岛梁太商贸有限公司
13792837533.txt$$$$青岛海智源生命科技有限公司
13792840009.txt$$$$胶南市木宝木工机械厂
13792869638.txt$$$$青岛奥兴塑胶铺装有限公司
13792906739.txt$$$$青岛太行园林建设有限公司
13792917230.txt$$$$青岛佳航机械有限公司
13792920067.txt$$$$临沂市兰山区木之嘉装饰材料有限公司
13792920067_1.txt$$$$临沂市兰山区木之嘉装饰材料有限公司
13792920067_2.txt$$$$临沂市兰山区木之嘉装饰材料有限公司
13792928688.txt$$$$临沂市贵通钢结构工程有限公司
13792928688_1.txt$$$$临沂市贵通钢结构工程有限公司
13792943370.txt$$$$临沂亿优汽车用品厂
13792944466.txt$$$$临沂普天食品有限公司
13792944466_1.txt$$$$临沂普天食品有限公司
13792944466_2.txt$$$$临沂普天食品有限公司
13792945999.txt$$$$临沂市海广机械制造有限公司
13792970088.txt$$$$临沂天成橡胶有限公司
13792975096.txt$$$$郯城县玉强民族乐器厂
13792981221.txt$$$$临沂市兰山区龙门多层板厂
13792987576.txt$$$$山东长青绿化苗木基地
13792993322.txt$$$$临沂鸿运达包装材料有限公司
13792995421.txt$$$$郯城金泽苗木经销部
