18822880896.txt$$$$深圳市漫哈顿数码有限公司
18822882857.txt$$$$深圳捷德自动门有限公司
18822884368.txt$$$$深圳市派沃新能源科技股份有限公司
18822958352.txt$$$$东莞市奥亿五金制品有限公司
18822958352_1.txt$$$$东莞市奥亿五金制品有限公司
18822958352_2.txt$$$$东莞市奥亿五金制品有限公司
18822958352_3.txt$$$$东莞市奥亿五金制品有限公司
18822970738.txt$$$$东莞市为思电子科技有限公司
18822970738_1.txt$$$$东莞市为思电子科技有限公司
18822970738_2.txt$$$$东莞市为思电子科技有限公司
18822975595.txt$$$$东莞市仟味美餐饮管理有限公司
18822977289.txt$$$$广东上川智能装备股份有限公司
18822977289_1.txt$$$$广东上川智能装备股份有限公司
18822977289_2.txt$$$$广东上川智能装备股份有限公司
18822977289_3.txt$$$$广东上川智能装备股份有限公司
18823014718.txt$$$$广东鑫飞钢艺科技有限公司
18823080911.txt$$$$江门市志盛自动化焊接设备有限公司
18823089589.txt$$$$开平市苍城镇众兴木制品厂
18823091641.txt$$$$佛山振凯机械设备有限公司
18823093141.txt$$$$佛山市天塑建材有限公司
18823093141_1.txt$$$$佛山市天塑建材有限公司
18823093683.txt$$$$广东美格动力新能源有限公司
18823093683_1.txt$$$$广东美格动力新能源有限公司
18823093683_2.txt$$$$广东美格动力新能源有限公司
18823103369.txt$$$$佛山市风云自控设备有限公司
18823112029.txt$$$$佛山市南海安汉金属制品有限公司
18823124226.txt$$$$东莞市博控电子科技有限公司
18823139307.txt$$$$佛山市南海百和美金属制品有限公司
18823144143.txt$$$$佛山市万邦机械设备有限公司
18823149433.txt$$$$佛山市弘峻水处理设备有限公司
