13932017677_1.txt$$$$邯郸市永年区河北铺铖淼紧固件门市
13932017677_2.txt$$$$邯郸市永年区河北铺铖淼紧固件门市
13932018107.txt$$$$河北特锐金属制品有限公司
13932024856.txt$$$$永年县铁达铁路器材有限公司
13932031217.txt$$$$磁县鑫星塑料制品厂
13932031217_1.txt$$$$磁县鑫星塑料制品厂
13932031217_2.txt$$$$磁县鑫星塑料制品厂
13932040953.txt$$$$邯郸市大润紧固件制造有限公司
13932044445.txt$$$$邯郸市重生涂料有限公司
13932044445_1.txt$$$$邯郸市重生涂料有限公司
13932044445_2.txt$$$$邯郸市重生涂料有限公司
13932052991.txt$$$$邯郸市永年区伟勇紧固件制造有限公司
13932052991_1.txt$$$$邯郸市永年区伟勇紧固件制造有限公司
13932052991_2.txt$$$$邯郸市永年区伟勇紧固件制造有限公司
13932052991_3.txt$$$$邯郸市永年区伟勇紧固件制造有限公司
13932065078.txt$$$$永年区雅斤紧固件有限公司
13932068407.txt$$$$邯郸县（锦岸）建英铝塑型材经销部
13932075689.txt$$$$少腾化工有限公司
13932075856.txt$$$$邯郸市晓军紧固件制造有限公司
13932082443.txt$$$$武安市火焰山工业有限公司
13932084028.txt$$$$河北旭硕古建园林工程有限公司
13932086248.txt$$$$邯郸市冠标金属制品制造有限公司
13932086248_1.txt$$$$邯郸市冠标金属制品制造有限公司
13932091718.txt$$$$鸡泽县金树福机械制造有限公司
13932091718_1.txt$$$$鸡泽县金树福机械制造有限公司
13932091718_2.txt$$$$鸡泽县金树福机械制造有限公司
13932106214.txt$$$$灵寿华晶云母有限公司
13932135752.txt$$$$石家庄龙居网络科技有限公司
13932150180.txt$$$$中交路桥（河北）工程检测有限公司
13932161320.txt$$$$天津市沃盾换热设备有限公司
