17301868763.txt$$$$冶韩实业有限公司
17301937653.txt$$$$深圳市宏创威科技有限公司
17302107948.txt$$$$上海绿鹰遮阳制品有限公司
17302135098.txt$$$$上海宇鹰起重机械有限公司
17302152443.txt$$$$上海富诗特仪器设备有限公司
17302184560.txt$$$$博茹展览服务有限公司
17302288589.txt$$$$天津璟润环保设备科技有限公司
17302580782.txt$$$$南京翔远环境科技有限公司
17302601083.txt$$$$深圳市鼎达信装备有限公司
17302604933.txt$$$$深圳市康乐达游乐设施有限公司
17302620985.txt$$$$深圳市品可信照明有限公司
17302625115.txt$$$$深圳君丰达物流有限公司
17302640776.txt$$$$深圳市鑫宇豪科技有限公司
17302869235.txt$$$$四川红专装饰设计有限公司
17302876153.txt$$$$四川古兰建筑工程有限公司
17302877511.txt$$$$成都市织幻服饰有限公司
17302890905.txt$$$$成都易慧家科技有限公司
17303170502.txt$$$$泊头市华英环保设备有限公司
17303173182.txt$$$$泊头市昊天环保设备有限公司
17303180990.txt$$$$安平县拓耀丝网制品有限公司
17303273335.txt$$$$河北招麒环保设备有限公司
17303282111.txt$$$$饶阳县润东钢结构有限公司
17303288845.txt$$$$衡水路泽金属制品有限公司
17303466631.txt$$$$临猗县西城孙大妈餐饮服务部
17303700846.txt$$$$商丘净魔方环保科技有限公司
17303711670.txt$$$$中瑞鸿电气有限公司
17303736163.txt$$$$新乡市共赢包装材料有限公司
17304436100.txt$$$$深圳市赛丰物流有限责任公司
17305009166.txt$$$$福建光能能源科技有限公司
17305112345.txt$$$$盐城大丰顺成中山杉研究中心
