15659389772.txt$$$$福州兰格空调设备有限公司
15659758989.txt$$$$福州市台江区润金商贸有限公司
15659788628.txt$$$$福建中科众安交通设施科技有限公司
15659871733.txt$$$$福建森垚科技有限公司
15659993721.txt$$$$福州志诚净化工程有限公司
15660008158.txt$$$$南阳九鼎材料科技股份有限公司
15660021636.txt$$$$南阳市卫达消毒用品有限公司
15660190510.txt$$$$河南同腾防爆电器有限公司
15660435371.txt$$$$山东安泰奇路面机械有限公司
15660441831.txt$$$$济宁天通机械设备有限公司
15660456615.txt$$$$山东宇豪工贸有限公司
15660458893.txt$$$$济宁市光屹机械设备有限公司
15660466046.txt$$$$泰安市祥盛工程材料有限公司
15660539819.txt$$$$郑州北美联邦大农化工产品有限公司
15660602345.txt$$$$河南德世轩环保科技有限公司
15660602345_1.txt$$$$河南德世轩环保科技有限公司
15660602345_2.txt$$$$河南德世轩环保科技有限公司
15660603999.txt$$$$河南创铭环保机械有限公司
15660603999_1.txt$$$$河南创铭环保机械有限公司
15660603999_2.txt$$$$河南创铭环保机械有限公司
15660604567.txt$$$$河南沃杰森环保设备有限公司
15660604567_1.txt$$$$河南沃杰森环保设备有限公司
15660604567_2.txt$$$$河南沃杰森环保设备有限公司
15660604567_3.txt$$$$河南沃杰森环保设备有限公司
15660605588.txt$$$$河南众科机械设备有限公司
15660605588_1.txt$$$$河南众科机械设备有限公司
15660605588_2.txt$$$$河南众科机械设备有限公司
15660605588_3.txt$$$$河南众科机械设备有限公司
15660605656.txt$$$$河南君诺环保科技有限公司
15660605656_1.txt$$$$河南君诺环保科技有限公司
