13512996997.txt$$$$天津金招钢铁销售有限公司
13513004490.txt$$$$滤匠过滤器材（廊坊）有限公司
13513005899.txt$$$$霸州市南孟镇康尔特滤清器厂
13513013444.txt$$$$固安县牛驼镇颇澳斯过滤器材厂
13513020888.txt$$$$河北海浩高压法兰管件集团有限公司
13513032403.txt$$$$泊头市精研机械制造有限公司
13513033229.txt$$$$河北青县冀丰钢铁有限公司
13513084999.txt$$$$河北旺业金属网业有限公司
13513084999_1.txt$$$$河北旺业金属网业有限公司
13513084999_2.txt$$$$河北润吉金属制品有限公司
13513087971.txt$$$$衡水亚博工程橡胶有限公司
13513089909.txt$$$$安平县科雷丝网制品有限公司
13513089909_1.txt$$$$安平县科雷丝网制品有限公司
13513107776.txt$$$$邯郸市万航贸易有限公司
13513127367.txt$$$$保定宝齐有机肥生物科技有限公司
13513129619.txt$$$$保定市梦艺塑胶玩具制造有限公司
13513161860.txt$$$$固安县盛诺过滤设备制造有限公司
13513169389.txt$$$$固安县绿如蓝过滤器材有限公司
13513169483.txt$$$$固安县康盛过滤净化设备厂
13513170191.txt$$$$孟村回族自治县凯兴管件有限公司
13513173515.txt$$$$南皮县汇初昌金属制品有限公司
13513178780.txt$$$$河北北海管道制造有限公司
13513179681.txt$$$$盐山县世诚管件有限公司
13513181148.txt$$$$河北飞宇冷却设备制造有限公司
13513181972.txt$$$$安平县智朗丝网制品有限公司
13513182668.txt$$$$河北讯磊玻璃钢有限公司
13513197883.txt$$$$河北省平乡矿山工具厂
13513202395.txt$$$$邯郸市永年区尚古雄飞青瓦销售处
13513202395_1.txt$$$$邯郸市永年区尚古雄飞青瓦销售处
13513202395_2.txt$$$$邯郸市永年区尚古雄飞青瓦销售处
