13868066209.txt$$$$杭州飞花网络技术有限公司
13868066209_1.txt$$$$杭州飞花网络技术有限公司
13868066209_2.txt$$$$杭州飞花网络技术有限公司
13868072039.txt$$$$杭州亮硕智能设备有限公司
13868098369.txt$$$$轻食控（杭州）品牌管理有限公司
13868132778.txt$$$$建德市富豪钙业有限公司
13868155395.txt$$$$富阳市新登镇超滤五金经营部
13868165813.txt$$$$杭州朱氏铜艺有限公司
13868331258.txt$$$$广州迪氏药业有限公司
13868331258_1.txt$$$$广州迪氏药业有限公司
13868331258_2.txt$$$$广州迪氏药业有限公司
13868331258_3.txt$$$$广州迪氏药业有限公司
13868371331.txt$$$$乐清左邦电气有限公司
13868430123.txt$$$$兴合隆防爆电器（上海）有限公司
13868430123_1.txt$$$$兴合隆防爆上海电器有限公司
13868430123_2.txt$$$$森本科技有限公司
13868430506.txt$$$$浙江安沃电力科技有限公司
13868570270.txt$$$$浙江中浙国际展览有限公司
13868601428.txt$$$$豪童实业（广德）有限公司
13868683938.txt$$$$兰州正山木结构工程有限公司
13868691627.txt$$$$义乌市温如美甲店
13868715370.txt$$$$浙江方兴电气有限公司
13868718954.txt$$$$深圳市建辉电气有限公司
13868769879.txt$$$$浙江诺电电力科技有限公司
13868771402.txt$$$$温州罗克维电气有限公司
13868771985.txt$$$$乐清市柳市新正品网络设计工作室
13868817175.txt$$$$浙江东开电气有限公司
13868836983.txt$$$$温州品能泵业制造有限公司
13868839677.txt$$$$隆兴展览上海有限公司
13868847630.txt$$$$温州宝易管道疏通有限公司
