18863789728.txt$$$$东辰瑞沣（山东）新材料科技有限公司
18863790919.txt$$$$济宁锦绣前程物流有限公司
18863795780.txt$$$$济宁德海工矿设备有限公司
18863795781.txt$$$$济宁市德海机械设备有限公司
18863795782.txt$$$$山东省济宁市德海工矿设备有限公司
18863795782_1.txt$$$$济宁德海电器设备有限公司
18863795895.txt$$$$鸿景畜禽养殖场
18863796638.txt$$$$山东海恒工业涂料有限公司
18863811381.txt$$$$烟台市华通道路科技有限公司
18863813517.txt$$$$烟台市正运建材有限公司
18863817999.txt$$$$莱州市鲁禹管业有限公司
18863838236.txt$$$$艾西姆认证（上海）有限公司山东分公司
18863838236_1.txt$$$$艾西姆认证（上海）有限公司山东分公司
18863838236_2.txt$$$$艾西姆认证（上海）有限公司山东分公司
18863842393.txt$$$$莱阳市冯格庄富盛木器厂
18863950389.txt$$$$青岛恒通天成贸易有限公司
18863951585.txt$$$$青岛方雷降阻材料有限公司
18863981979.txt$$$$尊品科技食品有限公司
18864853511.txt$$$$聊城市明上钢管有限公司
18864855789.txt$$$$聊城市誉恒射线防护器材有限公司
18864855789_1.txt$$$$聊城市誉恒射线防护器材有限公司
18864855789_2.txt$$$$聊城市誉恒射线防护器材有限公司
18864855789_3.txt$$$$聊城市誉恒射线防护器材有限公司
18864860001.txt$$$$山东静林通风设备有限公司
18864860606.txt$$$$北京机电机械设备有限公司
18864866637.txt$$$$聊城市东昌府区鲁冠商标事务所有限公司
18864898885.txt$$$$山东从利金属材料有限公司
18864944448.txt$$$$山东丰阳钢材有限公司
18864956803.txt$$$$武汉市鑫距华钢结构工程有限公司
18865101899.txt$$$$东阿县华信钢球有限公司
