13381461619.txt$$$$北京博闻有限公司
13381566729.txt$$$$苏州玉晴芝味餐饮管理有限公司
13381586498.txt$$$$上海岑信实业有限公司
13381638371.txt$$$$上海哈芙琳服装科技有限公司
13381788713.txt$$$$上海博隆展会服务有限公司
13381798005.txt$$$$上海砾展展览有限公司
13381833136.txt$$$$上海卡优美重工机械有限公司
13381872378.txt$$$$锦程再生资源有限公司
13381891593.txt$$$$上海硕统环保科技有限公司
13381909160.txt$$$$上海澳宏铝业有限公司
13381917030.txt$$$$安徽联贸媒会展服务有限公司
13382037016.txt$$$$南京新鸿洋科技有限公司
13382047541.txt$$$$江苏浦膜环保科技有限公司
13382047541_1.txt$$$$江苏浦膜环保科技有限公司
13382047541_2.txt$$$$江苏浦膜环保科技有限公司
13382049480.txt$$$$南京永固仓储设备有限公司
13382089299.txt$$$$南京腾夏装饰工程有限公司
13382109993.txt$$$$苏州君联消防工程有限公司
13382111651.txt$$$$苏州伯朗特智能装备有限公司
13382113131.txt$$$$太仓创秋木业有限公司
13382152928.txt$$$$上海翼堃新型建材有限公司
13382157003.txt$$$$上海瑞柘环保设备集团有限公司
13382157930.txt$$$$苏州耳目人生企业管理有限公司
13382157930_1.txt$$$$苏州耳目人生企业管理有限公司
13382157930_2.txt$$$$苏州耳目人生企业管理有限公司
13382159405.txt$$$$上海欣翱电气有限公司
13382165213.txt$$$$苏州欧亿文化发展有限公司
13382175052.txt$$$$苏州泰格洛克航空航天材料有限公司
13382175052_1.txt$$$$苏州泰格洛克航空航天材料有限公司
13382175052_2.txt$$$$苏州泰格洛克航空航天材料有限公司
