13403884823.txt$$$$上海睦林文化传媒有限公司
13404152793.txt$$$$苏州易控通达自动化科技有限公司
13404234188.txt$$$$苏州市蚂蚁节能设备有限公司
13404234188_1.txt$$$$苏州市蚂蚁节能设备有限公司
13404234188_2.txt$$$$苏州市蚂蚁节能设备有限公司
13404266320.txt$$$$无锡捷尔特光电科技有限公司
13404318111.txt$$$$长春宝鼎装饰工程有限公司
13404505493.txt$$$$梧州车便捷环保科技股份有限公司
13405006506.txt$$$$济南宝材中空板包装有限公司
13405012166.txt$$$$苏州大智印刷有限公司
13405018067.txt$$$$苏州金禾通软件有限公司
13405019553.txt$$$$苏州通源钻井工程有限公司
13405035296.txt$$$$苏州比科睿机电设备有限公司
13405036456.txt$$$$艺韵轩墙绘工作室
13405044554.txt$$$$苏州爱屋防水工程有限公司
13405058678.txt$$$$苏州蓝鲸鱼建筑装饰工程有限公司
13405067580.txt$$$$苏州夏威宜环保科技有限公司
13405067580_1.txt$$$$苏州夏威宜环保科技有限公司
13405067580_2.txt$$$$江苏赖氏环保科技有限公司
13405067580_3.txt$$$$江苏赖氏环保科技有限公司
13405071856.txt$$$$苏州鑫源达电力安装有限公司
13405102967.txt$$$$任道环保科技（苏州）有限公司
13405108532.txt$$$$昆山市禄之发电子科技有限公司
13405123167.txt$$$$昆山丰金锐刀具厂
13405157921.txt$$$$苏州徕卡节能电气技术有限公司
13405163015.txt$$$$昆山申鑫金属制品有限公司
13405169423.txt$$$$昆山元耀塑胶制品有限公司
13405188775.txt$$$$昆山迎福泰光电科技有限公司
13405193227.txt$$$$昆山方圆计量技术有限公司
13405198741.txt$$$$昆山创点石油化工有限公司
