13253646653_1.txt$$$$郑州阳光视线实业有限公司
13253646653_2.txt$$$$郑州市阳光视线实业有限公司
13253668687.txt$$$$河南路通土工材料有限公司
13253675592.txt$$$$河南省耿力支护机械设备有限公司
13253691981.txt$$$$欧亚国际展览有限公司
13253829736.txt$$$$阔业会展（上海）有限公司
13253918999.txt$$$$临颍兴业机械制造有限公司
13255112359.txt$$$$无锡博闻服务有限公司
13255190515.txt$$$$苏州市晔达给水设备有限公司
13255281766.txt$$$$南京慕尚金属制品有限公司
13255347106.txt$$$$德州亿德空调通风设备有限公司
13255351258.txt$$$$龙口市黄城同祥塑料机械厂
13255369927.txt$$$$诸城市泰富机械有限公司
13255380522.txt$$$$山东安瑞矿山设备有限分公司
13255386840.txt$$$$泰安市岱岳区泰山一美饮品厂
13255386840_1.txt$$$$泰安市岱岳区泰山一美饮品厂
13255386840_2.txt$$$$泰安市岱岳区泰山一美饮品厂
13255418363.txt$$$$山东瑞盛智能科技有限公司
13255432828.txt$$$$山东省博兴县蔚蓝环保通风设备有限公司
13255440076.txt$$$$德州忠山新材料科技有限公司
13255481528.txt$$$$山东鑫派科自动化设备有限公司
13255507111.txt$$$$莱阳浪朵洗涤用品有限公司
13255535302.txt$$$$烟台锐腾智能科技有限公司
13255552176.txt$$$$山东甜瓜（日本甜宝）基地
13255575999.txt$$$$青岛青源发塑料制品厂
13255586751.txt$$$$青岛晨启电子科技有限公司
13255691398.txt$$$$济南奋诚自动化设备有限公司
13255699562.txt$$$$济南杰牌传动设备有限公司
13255748549.txt$$$$宁波市江东区途顺幕墙工程有限公司
13255776155.txt$$$$温州杭成包装有限公司
