15071969156.txt$$$$湖北九曜物流有限公司
15072180326.txt$$$$湖北世方新材料有限公司
15072180326_1.txt$$$$湖北世方新材料有限公司
15072222122.txt$$$$襄阳市百世欣广告印务有限公司
15072222122_1.txt$$$$襄阳市百世欣广告印务有限公司
15072222122_2.txt$$$$襄阳市百世欣广告印务有限公司
15072222251.txt$$$$襄阳市襄阳经开区圣茂麦冬种植专业合作社
15072222251_1.txt$$$$襄阳市襄阳经开区圣茂麦冬种植专业合作社
15072222251_2.txt$$$$襄阳市襄阳经开区圣茂麦冬种植专业合作社
15072272481.txt$$$$襄阳精工艺匠装饰有限公司随州分公司
15072278490.txt$$$$枣阳全意餐饮管理有限公司
15072278490_1.txt$$$$枣阳全意餐饮管理有限公司
15072278490_2.txt$$$$枣阳全意餐饮管理有限公司
15072329724.txt$$$$深圳市开门电子商务有限公司
15072344126.txt$$$$恒泰隆塑料包装有限公司
15072344126_1.txt$$$$恒泰隆塑料包装有限公司
15072347385.txt$$$$武汉汤葛佬创新科技有限公司
15072348924.txt$$$$武汉盛硕聚合科技有限公司
15072367366.txt$$$$武汉宏瑞管道疏通环保工程有限公司
15072370228.txt$$$$鑫恒固(武汉)建筑工程有限公司
15072371260.txt$$$$武汉思杰娜商贸有限公司
15072374038.txt$$$$武汉市洪山区沐氏消防器材经营部
15072390723.txt$$$$武汉简艺尚展览服务有限公司
15072437747.txt$$$$武汉鑫瑞达环卫疏通维修工程有限公司
15072483124.txt$$$$武汉得亚电力科技有限公司
15072720048.txt$$$$武穴黎翔机电设备有限公司
15072893166.txt$$$$湖北万泰荣力电子科技有限公司
15072943877.txt$$$$湖北华一汽车销售服务有限公司
15072943991.txt$$$$湖北捷顺达专用汽车有限公司
15072953333.txt$$$$程力专用汽车股份有限公司2
