13932755862.txt$$$$泊头市美航环保设备有限公司
13932763474.txt$$$$沧州华秦管道设备有限公司
13932767532.txt$$$$沧州富亚管道装备制造有限公司
13932772689.txt$$$$海兴县广鑫体育器材有限公司
13932775075.txt$$$$沧州龙都管道有限公司
13932777699.txt$$$$献县龙峰建材有限公司
13932779600.txt$$$$孟村回族自治县永通电力配件厂
13932782792.txt$$$$盐山聚龙管件制造有限公司
13932785353.txt$$$$沧州宏大拓展器械有限公司
13932786505.txt$$$$孟村回族自治县林坤管件厂
13932788561.txt$$$$海兴县宏盛体育器材厂
13932789799.txt$$$$河北柏同塑料机械有限公司
13932797354.txt$$$$沧州晨光电力管件制造有限公司
13932799812.txt$$$$德众泵业有限公司
13932803198.txt$$$$阜城县恒伟机械有限公司
13932806155.txt$$$$安平县高硕丝网制品有限公司
13932806966.txt$$$$河北胤丞光电科技有限公司
13932809051.txt$$$$安平县一创丝网制品有限公司
13932809811.txt$$$$衡水第六橡胶厂
13932813392.txt$$$$安平县九坤丝网制品有限公司
13932813392_1.txt$$$$安平县九坤丝网制造有限公司
13932820691.txt$$$$安平县炅盛丝网制品有限公司
13932822361.txt$$$$河北衡水衡达环保胶带制品厂
13932825037.txt$$$$衡水安平县卓昌金属丝网制品有限公司
13932833970.txt$$$$安平县尚纳金属丝网制造有限公司
13932839569.txt$$$$武强威达焊接设备厂
13932839569_1.txt$$$$衡水天睿焊接设备有限公司
13932843502.txt$$$$深州市奥佳宁金属制品厂
13932850041.txt$$$$安平县永静钢格板厂
13932856287.txt$$$$鑫龙粮食机械制造有限公司
