18721997552.txt$$$$上海众才办公家具有限公司
18722026217.txt$$$$天津铭鸿风口厂
18722103801.txt$$$$任县雪轩机械设备厂
18722174088.txt$$$$天津清波环保技术开发有限公司
18722174088_1.txt$$$$天津清波环保技术开发有限公司
18722174088_2.txt$$$$天津清波环保技术开发有限公司
18722220818.txt$$$$天津市恒源康门业
18722220898.txt$$$$天津荣盛兴耀金属材料有限公司
18722222938.txt$$$$天津安洁士环保工程有限公司
18722222938_1.txt$$$$天津达远科技发展有限公司
18722226522.txt$$$$天津市阳光体育设施销售有限公司
18722242750.txt$$$$天津朗华天鑫科技有限公司
18722251388.txt$$$$天津市宇新机电设备安装有限公司
18722251388_1.txt$$$$天津市宇新机电设备安装有限公司
18722251388_2.txt$$$$天津市宇新机电设备安装有限公司
18722411544.txt$$$$天津市达利普石油管材有限公司
18722411544_1.txt$$$$天津市达利普石油管材有限公司
18722411544_2.txt$$$$天津市达利普石油管材有限公司
18722471988.txt$$$$天津市宏鑫盛泰商贸有限公司
18722488868.txt$$$$天津市熙瑞晟机械有限公司
18722497777.txt$$$$天津市西青区洪研顺达配货中心
18722580166.txt$$$$天津世纪腾达体育设施安装工程有限公司
18722585559.txt$$$$天津隆凯来石油设备有限公司
18722585559_1.txt$$$$天津隆凯来石油设备有限公司
18722585559_2.txt$$$$天津隆凯来石油设备有限公司
18722593212.txt$$$$木兰战纪（北京）体育文化有限公司
18722603188.txt$$$$天津东鹏通达管材销售有限公司
18722603188_1.txt$$$$天津东鹏通达管材销售有限公司
18722616287.txt$$$$天津市建丰液压机械有限公司
18722659290.txt$$$$天津锦鸿机械制造有限责任公司
