18608672979.txt$$$$襄阳科远机电技术有限公司
18608672979_1.txt$$$$襄阳科远机电技术有限公司
18608676588.txt$$$$襄阳金笛机电设备有限公司
18608676588_1.txt$$$$襄阳金笛机电设备有限公司
18608682800.txt$$$$天瑞祥包装有限责任公司
18608684111.txt$$$$湖北绿路环保新材料有限公司
18608684111_1.txt$$$$湖北绿路环保新材料有限公司
18608684111_2.txt$$$$湖北绿路环保新材料有限公司
18608684855.txt$$$$高新温泉尚软装生活馆
18608688321.txt$$$$咸安区蓝天汽车修理部
18608688585.txt$$$$咸宁市卓远彩钢有限公司
18608908198.txt$$$$海口龙华泽之峰网络通信服务中心
18608918649.txt$$$$海南壹榀舍计装饰工程有限公司
18608918649_1.txt$$$$海南壹榀舍计装饰工程有限公司
18608918649_2.txt$$$$海南壹榀舍计装饰工程有限公司
18608957111.txt$$$$海南百斯特集成房屋有限公司
18608957111_1.txt$$$$海南百斯特集成房屋有限公司
18608957111_2.txt$$$$海南百斯特集成房屋有限公司
18608963788.txt$$$$海南金轩石材装饰工程有限公司
18608965277.txt$$$$壹客甜点
18608971913.txt$$$$康斯坦汀（海南）贸易有限公司
18609489099.txt$$$$城关区西北电子商贸城照照电器经营部
18609498949.txt$$$$甘肃鑫春泵业有限公司
18609501649.txt$$$$宁夏炜恒涂料有限公司
18609501649_1.txt$$$$宁夏炜恒涂料有限公司
18609501649_2.txt$$$$宁夏炜恒涂料有限公司
18609510620.txt$$$$宁夏依品坤达商贸有限公司
18609569546.txt$$$$吴忠市万聚元电子商务有限公司
18609609633.txt$$$$安徽古大仪表有限公司
18609635001.txt$$$$芜湖诚通自动化设备有限公司
