15343519114_2.txt$$$$山西大茂森木制品有限公司
15343519114_3.txt$$$$太原市小店区赛思立达经销部
15343519114_4.txt$$$$太原焕圣建材有限公司
15343519114_5.txt$$$$山西科洁达清洗保洁服务有限公司
15343519114_6.txt$$$$山西钢银圣通贸易有限公司
15343715515.txt$$$$郑州金盟游乐设备有限公司
15343715515_1.txt$$$$郑州瑞金机械设备有限公司
15343715685.txt$$$$郑州利美展览展示有限公司
15343715685_1.txt$$$$郑州利美展览展示有限公司
15343715685_2.txt$$$$郑州利美展览展示有限公司
15343716441.txt$$$$河南省豪威管道设备有限公司
15343719132.txt$$$$河南金九阁实业有限公司
15343719132_1.txt$$$$河南善合缘心实业有限公司
15343804810.txt$$$$巩义市站街震丰机械厂
15343815500.txt$$$$郑州童朔游乐设备玩具厂
15343816777.txt$$$$郑州辉航机械设备有限公司
15343821302.txt$$$$郑州天鸿磨料磨具有限公司
15343821590.txt$$$$郑州唯米教育科技有限公司
15343821590_1.txt$$$$郑州唯米教育科技有限公司
15343821590_2.txt$$$$郑州唯米教育科技有限公司
15343827755.txt$$$$中原区童朔游乐设备有限公司
15343830123.txt$$$$河南晨瀚文化传播有限公司
15343830123_1.txt$$$$河南晨瀚文化传播有限公司
15343830123_2.txt$$$$河南晨瀚文化传播有限公司
15343835665.txt$$$$郑州万兴减速设备厂
15344012057.txt$$$$西安博源宏达自动化设备有限公司
15344148203.txt$$$$武汉市丝印移印机械设备有限公司
15344499292.txt$$$$湖南科旺能源科技有限公司
15345187418.txt$$$$南京腾川科技有限公司
15345253888.txt$$$$扬州宏瑞新材料有限公司
