18963515660.txt$$$$聊城市海利通钢管有限公司
18963525678.txt$$$$聊城市海泰钢材有限公司
18963529988.txt$$$$聊城万昌钢管有限公司
18963541717.txt$$$$山东德旺金属材料有限公司
18963560099.txt$$$$山东昌裕集团宝乐来日用化工有限公司
18963564888.txt$$$$山东聊城沃龙金属材料有限公司
18963568827.txt$$$$山东福泰德金属材料有限公司
18963577073.txt$$$$聊城国瑞特钢有限公司
18963598673.txt$$$$山东舒逸建材有限公司
18963610222.txt$$$$南京欣海包装有限公司
18963616068.txt$$$$南京遇见爱餐饮管理有限公司
18963617358.txt$$$$南京弘晟金属制品有限公司
18963617358_1.txt$$$$南京弘晟金属制品有限公司
18963617358_2.txt$$$$南京弘晟金属制品有限公司
18963660739.txt$$$$江苏俊博包装机械有限公司
18963663609.txt$$$$昆山悦进阳机械科技有限公司
18963666647.txt$$$$权伟机械集团（江苏）有限公司
18963667316.txt$$$$苏州市星辰新材料集团有限公司
18963669878.txt$$$$苏州沃尔兴电子科技有限公司
18963670814.txt$$$$昆山斯力欧制冷设备有限公司
18963676087.txt$$$$昆山博众包装材料有限公司
18963676693.txt$$$$泰美科环境仪器（昆山）有限公司
18963685681.txt$$$$太仓市斯尔特水处理设备有限公司
18963933522.txt$$$$十堰煜恒工贸有限公司
18963945675.txt$$$$武汉富润杨科技有限公司
18963953098.txt$$$$武汉东湖新技术开发区家都家具店
18963991797.txt$$$$武汉南电至诚电力设备有限公司
18963993686.txt$$$$武汉良拓工业设备有限公司
18963999748.txt$$$$莱丹塑料焊枪武汉有限公司
18964001040.txt$$$$上海驭灏热能设备有限公司
