13650711162.txt$$$$广州市汇优餐饮服务有限公司
13650755511.txt$$$$广州睿驰科技有限公司
13650780891.txt$$$$广州众人钣金制品有限公司
13650780891_1.txt$$$$广州众人钣金制品有限公司
13650780891_2.txt$$$$广州众人钣金制品有限公司
13650780991.txt$$$$广州智蓝华轻工机械设备有限公司
13650836664.txt$$$$北京京正国际展览有限公司
13650871237.txt$$$$东莞市莱森精密机电有限公司
13650871237_1.txt$$$$东莞市莱森精密机电有限公司
13650871237_2.txt$$$$东莞市莱森精密机电有限公司
13650877088.txt$$$$威斯肯（广州）环保科技有限公司
13650885360.txt$$$$广州粤旺搬家有限公司
13650888908.txt$$$$广东企保质量技术检测认证有限公司
13650934574.txt$$$$广州运力机械设备有限公司
13650934574_1.txt$$$$广州运力机械设备有限公司
13650934574_2.txt$$$$广州运力机械设备有限公司
13650934923.txt$$$$广州鸿城印刷机械配件有限公司
13650976261.txt$$$$广东粤教电子有限公司
13650994721.txt$$$$广州硕景建筑材料有限公司
13651015875.txt$$$$北京宏瑞为民管道技术服务有限公司
13651082257.txt$$$$北京世纪耐德地板科技有限公司
13651105200.txt$$$$北京嘉美华科技发展有限公司
13651117561.txt$$$$北京昆仑远航测控技术有限公司
13651150968.txt$$$$世协北京国际会展有限公司
13651204356.txt$$$$北京艾诺伟业建筑工程有限公司
13651210464.txt$$$$艾菲尼智能科技有限公司
13651225832.txt$$$$易维德科（北京）电子科技有限公司
13651226829.txt$$$$全时云商务服务股份有限
13651272667.txt$$$$北京鼎成创赢国际展览有限公司
13651289385.txt$$$$泊头市新兴管业有限公司
