13650302585.txt$$$$东莞市海锐电子材料有限公司
13650312029.txt$$$$东莞市闵都金属材料有限公司
13650313310.txt$$$$东莞市东城万容再生资源回收站
13650313383.txt$$$$东莞市百世利电子科技有限公司
13650321134.txt$$$$东莞市港祥金属材料有限公司
13650321309.txt$$$$东莞市云马数控有限公司
13650321309_1.txt$$$$东莞市云马数控有限公司
13650321735.txt$$$$东莞市卓众办公设备有限公司
13650326069.txt$$$$东莞市恒亚智能装备有限公司
13650337371.txt$$$$东莞市墨魂数码科技有限公司
13650348091.txt$$$$东莞市菱研机电冷却设备有限公司
13650354869.txt$$$$东莞市明轩碳纤维科技有限公司
13650354869_1.txt$$$$东莞市明轩碳纤维科技有限公司
13650354869_2.txt$$$$东莞市明轩碳纤维科技有限公司
13650356949.txt$$$$深圳国际体育博览会有限公司
13650367905.txt$$$$东莞市冠铖鑫金属制品科技有限公司
13650403987.txt$$$$东莞市中造金属有限公司
13650403987_1.txt$$$$东莞市中造金属有限公司
13650403987_2.txt$$$$东莞市中造金属有限公司
13650436640.txt$$$$东莞市博晖塑胶原料有限公司
13650445400.txt$$$$东莞市金元宝包装制品实业有限公司
13650477086.txt$$$$东莞市莞南节能设备有限公司
13650477086_1.txt$$$$东莞市莞南节能设备有限公司
13650477086_2.txt$$$$东莞市莞南节能设备有限公司
13650478486.txt$$$$东莞市长大雕塑工程有限公司
13650482556.txt$$$$广东思行信息科技有限公司
13650508688.txt$$$$重庆乘风环保设备有限公司
13650528678.txt$$$$重庆赛普塑料有限公司
13650673967.txt$$$$河源市兴丰塑胶有限公司
13650706338.txt$$$$广州市锐鑫化工有限公司
