18463796186.txt$$$$北京腾泉科技有限公司
18463802799.txt$$$$山东艾格伦健身科技有限公司
18464881521.txt$$$$泰安市鲁兴煤矿机械制造有限公司
18471355466.txt$$$$咸安区鸿源丝网经销部
18473495030.txt$$$$广州麦煌机械设备有限公司
18473524326.txt$$$$淄博佑光机械有限公司
18474069564.txt$$$$张家港尚晟数码彩绘有限公司
18474077163.txt$$$$武汉隆祥伟业货架制造有限公司
18474094864.txt$$$$杭州陈达织造有限公司
18474733854.txt$$$$武汉市雅涂建材有限公司
18474733958.txt$$$$义乌市普菲特电子商务有限公司
18474735061.txt$$$$东莞常平壹本酿酒设备贸易有限公司
18474738133.txt$$$$武汉永乐创享智能科技有限公司
18474739337.txt$$$$深圳金屹科技有限公司
18474739904.txt$$$$江苏省大德重工股份有限公司
18474747213.txt$$$$中铁中基供应链集团有限公司
18475039254.txt$$$$尖叫（广州）品牌管理有限公司
18475331761.txt$$$$梅州市顺安智能科技有限公司
18475426322.txt$$$$香港卡博尔科技有限公司
18475521220.txt$$$$深圳市绘驰科技有限公司
18475557681.txt$$$$电贩宝科技（深圳）有限公司
18475592739.txt$$$$深圳市霜凌制冷设备有限公司
18475606553.txt$$$$深圳市丰利源节能科技有限公司
18476654665.txt$$$$东莞市天测光学设备有限公司
18476656094.txt$$$$东莞市龙盛沥青有限公司
18476814095.txt$$$$英德市望埠镇福生园林奇石场
18476896789.txt$$$$广东百胜清洗技术有限公司
18476896789_1.txt$$$$神通清洗节能有限公司
18476896789_2.txt$$$$神通清洗节能有限公司
18476896789_3.txt$$$$神通清洗节能有限公司
