15102846527_1.txt$$$$成都拓芯电子科技有限公司
15102846527_2.txt$$$$成都拓芯电子科技有限公司
15102958189.txt$$$$陕西鼎盛机器人建设工程有限公司
15102981978.txt$$$$西安亿健健身器材有限公司
15102981978_1.txt$$$$陕西荣康健身科技有限公司
15103068858.txt$$$$三亚领域房地产经纪有限公司
15103068858_1.txt$$$$三亚领域房地产经纪有限公司
15103068858_2.txt$$$$三亚领域房地产经纪有限公司
15103069058.txt$$$$海口龙华安然纳米美容养生馆
15103083721.txt$$$$海南顺腾信德智能机电设备有限公司
15103083721_1.txt$$$$海南顺腾信德智能机电设备有限公司
15103083721_2.txt$$$$海南顺腾信德智能机电设备有限公司
15103106917.txt$$$$邯郸市和为贵紧固件制造有限公司
15103110777.txt$$$$河北北工泵业有限公司
15103111236.txt$$$$石家庄高新区喜利来餐饮管理有限公司
15103161189.txt$$$$霸州市宇通线路机具制造有限公司
15103165567.txt$$$$河北欣宇纸塑包装有限公司
15103165707.txt$$$$固安县金诺源过滤器材厂
15103173493.txt$$$$沧州万豪管道装备有限公司
15103173493_1.txt$$$$河北万豪管道装备制造有限公司
15103184955.txt$$$$安平县江锦丝网制品有限公司
15103202669.txt$$$$永年江鑫紧固件厂
15103260565.txt$$$$霸州市安之过滤器材厂
15103282923.txt$$$$河北顺途橡塑制品有限公司
15103312096.txt$$$$赞皇县中天面粉机械制造有限公司
15103319586.txt$$$$山东鑫港新能源科技有限公司
15103361558.txt$$$$霸州市腾维电力机具有限公司
15103374711.txt$$$$河北益梦楚化妆品有限公司
15103391885.txt$$$$任县隆光机械制造厂
15103391885_1.txt$$$$任县隆光机械制造厂
