15294248801.txt$$$$城关区盐场路商源化工
15294606696.txt$$$$河南润禄钢铁贸易有限公司
15294618555.txt$$$$郑州瑞利机械制造有限公司
15294625601.txt$$$$欧德宝丰（北京）能源设备有限公司
15294627111.txt$$$$郑州威可宝科技有限公司
15294810616.txt$$$$上海百贸有限公司
15294922465.txt$$$$河南黎明重工有限公司
15295031380.txt$$$$江苏米多装饰有限公司
15295034053.txt$$$$上海静裕金属材料有限公司
15295083638.txt$$$$江苏创清环保工程有限公司
15295110588.txt$$$$常州神通机械制造有限公司
15295114665.txt$$$$常州市武进武新图书设备用品有限公司
15295149853.txt$$$$常州市宏兴达轴承有限公司
15295163222.txt$$$$常州市江特高温线缆有限公司
15295182391.txt$$$$常州市赛欧地板有限公司
15295330678.txt$$$$江苏方舟环保设备有限公司
15295350508.txt$$$$格丰（江苏）环保工程有限公司
15295385490.txt$$$$东台市大宇救生设备厂
15295501188.txt$$$$南京天圆玻璃制品有限公司
15295541148.txt$$$$南京宁源雕塑有限公司
15295550465.txt$$$$南京小阿瞒餐饮管理有限公司
15295586631.txt$$$$南京麦哲科文化传媒有限公司
15295588589.txt$$$$南京创安展览服务有限公司
15295591199.txt$$$$江苏思行拓展训练有限公司
15295591199_1.txt$$$$江苏思行拓展训练有限公司
15295591199_2.txt$$$$江苏思行拓展训练有限公司
15295643927.txt$$$$苏州加旺旺精密机械有限公司
15295767185.txt$$$$南京禄诚包装材料有限公司
15295777003.txt$$$$南京飘飘香餐饮管理有限公司
15295970009.txt$$$$浙江金驰环保科技有限公司
