13838316804_2.txt$$$$巩义市威邦机械制造有限公司
13838316804_3.txt$$$$巩义市威邦机械制造有限公司
13838316804_4.txt$$$$巩义市威邦机械制造有限公司
13838316804_5.txt$$$$巩义市威邦机械制造有限公司
13838316804_6.txt$$$$巩义市威邦机械制造有限公司
13838328465.txt$$$$巩义市河洛大研仪器厂
13838333138.txt$$$$郑州锦鹏水处理材料有限公司
13838339627.txt$$$$河南良众管业有限公司
13838342154.txt$$$$郑州广德环保设备有限公司
13838342213.txt$$$$郑州美食代企业管理咨询有限公司
13838351228.txt$$$$郑州天天不干胶标签包装设计印刷厂
13838352155.txt$$$$河南腾飞机械设备有限公司
13838352579.txt$$$$河南正诚机械设备销售有限公司
13838352579_1.txt$$$$河南正诚机械设备销售有限公司
13838352579_2.txt$$$$河南正诚机械设备销售有限公司
13838352579_3.txt$$$$郑州天匠机械设备有限公司
13838359037.txt$$$$郑州润航生物科技有限公司
13838362472.txt$$$$荥阳市豫荥致富机械厂
13838363221.txt$$$$郑州诚亿重型机械设备有限公司
13838369665.txt$$$$郑州紫东金属材料有限公司
13838371068.txt$$$$卡玛贝拉（北京）科技有限公司
13838381260.txt$$$$河南鑫源电子衡器有限公司
13838382917.txt$$$$荥阳市盛杰机械制造厂
13838386965.txt$$$$河南康百万环保科技有限公司
13838388268.txt$$$$新郑市东方铁艺厂
13838390271.txt$$$$郑州佰之科电子科技有限公司
13838391753.txt$$$$陕西明泰重工机器有限公司
13838401963.txt$$$$洛阳广通管件设备有限公司
13838509869.txt$$$$濮阳贝德福环源环保科技有限公司
13838513557.txt$$$$郑州耀弘机械设备有限公司
