18922195018.txt$$$$广州熹昊包装制品有限公司
18922199234.txt$$$$广州豆萌网络科技有限公司
18922199234_1.txt$$$$广州豆萌网络科技有限公司
18922201555.txt$$$$广州八方网络科技有限公司
18922208478.txt$$$$广州博格制冷设备有限公司
18922213185.txt$$$$广东乐善亭便利店有限公司
18922215966.txt$$$$广州尊美生物科技有限公司
18922216659.txt$$$$广州市天河区龙洞世通依品服饰经营部
18922242122.txt$$$$广州旗研机械设备有限公司
18922245601.txt$$$$广州安雅化妆品有限公司
18922260001.txt$$$$广州美咖科技有限公司
18922260001_1.txt$$$$广州美咖科技有限公司
18922260001_2.txt$$$$广州美咖科技有限公司
18922262253.txt$$$$广东海宜家装饰材料有限公司
18922262791.txt$$$$广州田正三大五金有限公司
18922278689.txt$$$$广州市保达电热钛制品有限公司
18922292239.txt$$$$广州净派保洁消毒用品有限公司
18922293128.txt$$$$广州市麦臣建筑材料有限公司
18922298871.txt$$$$广州市颖铼五金制品有限公司
18922305782.txt$$$$明通重型物流集团股份有限公司
18922311990.txt$$$$广州市咿呀乐婴儿用品有限公司
18922318676.txt$$$$广东中才教学仪器有限公司
18922358791.txt$$$$广东游小云信息技术有限公司
18922367830.txt$$$$佛山市巨雷建材有限公司
18922367830_1.txt$$$$佛山市巨雷建材有限公司
18922367830_2.txt$$$$佛山市巨雷建材有限公司
18922384116.txt$$$$广州市三蓝电子科技有限公司
18922390681.txt$$$$广州商链全球快运有限公司
18922390681_1.txt$$$$广州商链全球快运有限公司
18922390681_2.txt$$$$广州商链全球快运有限公司
