15958494362.txt$$$$东阳市南马黄伍胜木工艺品厂
15958587598.txt$$$$绍兴市源城机械有限公司
15958694615.txt$$$$上海仙圆不锈钢水箱制品厂
15958694615_1.txt$$$$上海仙圆不锈钢水箱制品厂
15958694615_2.txt$$$$上海仙圆不锈钢水箱制品厂
15958708387.txt$$$$苏州尚纯半导体设备有限公司
15958726363.txt$$$$温州经济技术开发区海城同富活动板房经营部
15958905085.txt$$$$义乌市伟邦机械厂
15958906020.txt$$$$义乌市乐维电器有限公司
15958957788.txt$$$$武义县富依佳工具有限公司
15958971116.txt$$$$潍坊瑞彩货运有限公司
15958977778.txt$$$$义乌市上溪镇三峰工艺品厂
15958999022.txt$$$$金华坤欣生物科技有限公司
15958999022_1.txt$$$$金华坤欣生物科技有限公司
15958999022_2.txt$$$$金华坤欣生物科技有限公司
15959065959.txt$$$$福州市德铭包装材料有限公司
15959100128.txt$$$$福州市万维电子科技有限公司
15959109079.txt$$$$福州京亿自动化设备有限公司
15959131136.txt$$$$福州奥特龙环保技术有限公司
15959131136_1.txt$$$$福州奥特龙环保技术有限公司
15959131136_2.txt$$$$福州奥特龙环保技术有限公司
15959220492.txt$$$$厦门市福荣鑫工贸有限公司
15959224522.txt$$$$厦门花雕传奇餐饮管理有限公司
15959231730.txt$$$$厦门鑫悦源餐饮管理有限公司
15959249961.txt$$$$广州市中有光电广告器材有限公司
15959352324.txt$$$$福建省乾禹建设工程有限公司
15959521700.txt$$$$河南伍贰叁商贸有限公司
15959556948.txt$$$$晋江市深沪镇金合意糖品厂
15959586001.txt$$$$泉州市创洲机械科技有限公司
15959634979.txt$$$$漳州市正兴学校
