13858202922.txt$$$$余姚市翔龙通讯实业有限公司
13858260868.txt$$$$宁波骏丰伟业机械有限公司
13858260868_1.txt$$$$宁波骏丰伟业机械有限公司
13858404628.txt$$$$新昌县同济轴承有限公司
13858528263.txt$$$$诸暨圣浩链条有限公司
13858528263_1.txt$$$$诸暨圣浩链条有限公司
13858528263_2.txt$$$$诸暨圣浩链条有限公司
13858581570.txt$$$$上海爱源生物科技有限公司
13858651503.txt$$$$芜湖亿拓机电设备有限公司
13858651503_1.txt$$$$芜湖亿拓机电设备有限公司
13858663655.txt$$$$美贸园林有限公司
13858686899.txt$$$$台州林隆贸易有限公司
13858751351.txt$$$$平阳县光成木艺厂
13858763399.txt$$$$温州律诚标牌有限公司
13858773888.txt$$$$苍南县鸿利机械设备有限公司
13858785142.txt$$$$苍南县金乡温尔纸塑工艺品厂
13858880682.txt$$$$浙江三迪电气有限公司
13858901262.txt$$$$永康市冰岚科技有限公司
13858905156.txt$$$$永康市赤阳五金制品有限公司
13858917070.txt$$$$永康市科海节能环保设备有限公司
13858918955.txt$$$$永康市芝英荣达涂料厂
13858927215.txt$$$$永康市唐先镇风华金属制品厂
13858927215_1.txt$$$$永康市唐先镇风华金属制品厂
13858927215_2.txt$$$$永康市唐先镇风华金属制品厂
13858928888.txt$$$$东阳旺丰工贸有限公司
13858928901.txt$$$$永康市和力模具有限公司
13858928901_1.txt$$$$永康市和力模具有限公司
13858928901_2.txt$$$$永康市和力模具有限公司
13858929500.txt$$$$浙江奥格尔心缘工贸有限公司
13858929992.txt$$$$永康市蓝凌模具制造厂
