15916868711_1.txt$$$$东莞市锋鑫再生资源回收有限公司
15916868711_2.txt$$$$东莞市锋鑫再生资源回收有限公司
15916868711_3.txt$$$$东莞市锋鑫再生资源回收有限公司
15916883898.txt$$$$东莞市辉扬机械有限公司
15916883898_1.txt$$$$东莞市辉扬机械有限公司
15916883898_2.txt$$$$东莞市辉扬机械有限公司
15916885211.txt$$$$东莞市安曼工业机器人有限公司
15916890999.txt$$$$东莞市艺可易装装饰设计工程有限公司
15916891665.txt$$$$东莞市广深金属材料有限公司
15916895422.txt$$$$东莞市盘古斧机械设备有限公司
15916910100.txt$$$$东莞市蒂森新材料有限公司
15916910100_1.txt$$$$东莞市蒂森新材料有限公司
15916910100_2.txt$$$$东莞市蒂森新材料有限公司
15916911019.txt$$$$东莞市多多发电机设备有限公司
15916925281.txt$$$$东莞乐尚康体设备有限公司
15916979732.txt$$$$东莞市立鹏货运代理有限公司
15916983814.txt$$$$东莞市智泉会展有限公司
15916997787.txt$$$$东莞市横沥鑫科威电源电气设备厂
15916998606.txt$$$$东莞中豪机电工程有限公司
15916999856.txt$$$$东莞市荣航五金模具有限公司
15917011165.txt$$$$佛山市高盛设备有限公司
15917013635.txt$$$$佛山市绿装保装饰材料科技有限公司
15917013635_1.txt$$$$佛山市绿装保装饰材料科技有限公司
15917013635_2.txt$$$$佛山市绿装保装饰材料科技有限公司
15917013635_3.txt$$$$佛山市绿装保装饰材料科技有限公司
15917076829.txt$$$$广州市番禺区荣成建基水泥制品厂
15917100760.txt$$$$茂名市茂南安达帆布店
15917233948.txt$$$$广州宝士朗照明灯具厂
15917312892.txt$$$$深圳市龙岗区亚来文教用品厂
15917390022.txt$$$$广州富仕枫电器科技有限公司
