15133167590_2.txt$$$$石家庄玛丝商贸有限公司
15133167590_3.txt$$$$石家庄玛丝商贸有限公司
15133200009.txt$$$$河北阪禾纺织有限公司
15133240888.txt$$$$安国市辉腾农机具制造有限公司
15133510183.txt$$$$河北觅橱智能科技有限公司
15133630970.txt$$$$霸州市南孟镇诺达液压工具厂
15133637789.txt$$$$河北国城交通设施有限公司
15133637789_1.txt$$$$河北沧州标志杆制造有限公司
15133637789_2.txt$$$$北京国城交通标志杆制造有限公司
15133637789_3.txt$$$$河北交通标志杆制造有限公司
15133637789_4.txt$$$$河北国城交通设施有限公司
15133652012.txt$$$$霸州市速运五金机具有限公司
15133662511.txt$$$$廊坊旺义防腐材料有限公司
15133667065.txt$$$$霸州市煎茶铺津文文教用品厂
15133667065_1.txt$$$$霸州市煎茶铺津文文教用品厂
15133667065_2.txt$$$$霸州市煎茶铺津文文教用品厂
15133669666.txt$$$$河北省固安县华威过滤净化设备有限公司
15133700513.txt$$$$泊头市天达联轴器有限公司
15133707899.txt$$$$河北秋实建筑设备租赁有限公司
15133719249.txt$$$$河北艺能锅炉有限责任公司
15133719249_1.txt$$$$河北艺能锅炉有限责任公司
15133734418.txt$$$$河北暖阁尔电器有限公司
15133750540.txt$$$$盐山县明通电力设备制造有限公司
15133750540_1.txt$$$$盐山县明通电力设备制造有限公司
15133750540_2.txt$$$$盐山县明通电力设备制造有限公司
15133750540_3.txt$$$$盐山县明通电力设备制造有限公司
15133757113.txt$$$$沧州兴恒机械配件有限公司
15133760926.txt$$$$泊头市泽宇环保设备有限公司
15133768551.txt$$$$沧州恒运管道装备制造有限公司
15133773340.txt$$$$河北固德耐磨管件制造有限公司
