17328602092.txt$$$$广东兰瑟贸易有限公司
17328632413.txt$$$$中威（广州）信息科技有限公司
17328632413_1.txt$$$$中威（广州）信息科技有限公司
17328632413_2.txt$$$$中威（广州）信息科技有限公司
17328672245.txt$$$$广州轩轩服装有限公司
17328672245_1.txt$$$$广州轩轩服装有限公司
17328672245_2.txt$$$$广州轩轩服装有限公司
17328787829.txt$$$$东莞市一马化工有限公司
17328854447.txt$$$$杭州杭塘文化创意有限公司
17329311666.txt$$$$郑州亿富达广告有限公司
17329427751.txt$$$$赢牌智能装备有限公司
17329436010.txt$$$$河南优送货物运输有限公司
17329638853.txt$$$$中山市铃风电器科技有限公司
17329892441.txt$$$$佛山市威彩翔新材料科技有限公司
17330010337.txt$$$$河北悦明电力设备科技有限公司
17330177003.txt$$$$泊头市立林波纹管制造有限公司
17330256999.txt$$$$保定傲义装饰装修工程有限公司
17330604521.txt$$$$安徽松巢金属制品有限公司
17330851601.txt$$$$三亚凤凰陈坊木艺加工店
17331017652.txt$$$$河北正浩紧固件制造有限公司
17331021042.txt$$$$河北卓盈通用设备科技有限公司
17331126686.txt$$$$河北盟泰电气科技有限公司
17331351075.txt$$$$河北惠泽蓝海环保科技有限公司
17331354443.txt$$$$河北路泽新材料科技有限公司
17331357247.txt$$$$北京八方泵业机械有限责任公司
17331364064.txt$$$$衡水瑞康桥梁配件有限责任公司
17331686757.txt$$$$北京米森科诺科技技术有限公司
17331701689.txt$$$$泊头市硕瑞环保设备有限公司
17331703266.txt$$$$泊头市清澜环保设备有限公司
17331719462.txt$$$$南皮县汇翔数控机械厂
