18051483831.txt$$$$连胜物流资材五金（昆山）有限公司
18051500762.txt$$$$无锡市江电固川金属管件有限公司
18051527010.txt$$$$苏州正典商贸有限公司
18051572190.txt$$$$无锡国劲合金有限公司
18051579250.txt$$$$无锡宝亮机械有限公司
18051679008.txt$$$$无锡晟皓船舶设备有限公司
18051730451.txt$$$$苏州新天远节能环保科技有限公司
18051730808.txt$$$$苏州永利达物流有限公司
18051737100.txt$$$$苏州昂弗特重工机械有限公司
18051751068.txt$$$$苏州名洋快餐有限公司
18051753813.txt$$$$苏州三体文明信息科技有限公司
18051758726.txt$$$$苏州墨色江南铝制品有限公司
18051758956.txt$$$$昆山新锋速刀具有限公司
18051767657.txt$$$$苏州高点建筑工程有限公司
18051789010.txt$$$$苏州惠洋环保科技有限公司
18051789011.txt$$$$江苏惠沣环保科技有限公司
18051827921.txt$$$$苏州松屹电子科技有限公司
18051845873.txt$$$$张家港弘一灿机械有限公司
18051899340.txt$$$$苏州鸿福缘钢结构工程有限公司
18052016836.txt$$$$南京品冠包装材料有限公司
18052016836_1.txt$$$$南京品冠包装材料有限公司
18052016836_2.txt$$$$南京品冠包装材料有限公司
18052017021.txt$$$$苏州恒联烤箱有限公司
18052048765.txt$$$$南京亿彩透水道路工程有限公司
18052066768.txt$$$$南京琦晟标识有限公司
18052089901.txt$$$$鹏科金属制品（南京）有限公司
18052111936.txt$$$$常德市益翔光电科技有限公司
18052128638.txt$$$$邯郸市恒铭光电科技有限公司
18052130677.txt$$$$湖南宏华光电科技有限公司
18052401399.txt$$$$苏州康诺厨具有限公司
