15122155326.txt$$$$天津市静海区金龙德众温室大棚制造厂
15122210370.txt$$$$天津印象装饰工程有限公司
15122216707.txt$$$$深圳市卓速科技有限公司
15122220792.txt$$$$天津市河西区车时代汽车配件销售中心
15122221338.txt$$$$天津冰冈制冷设备有限公司
15122224777.txt$$$$天津金贯鑫达金属材料有限公司
15122230008.txt$$$$天津北鸿制冷设备有限公司
15122230008_1.txt$$$$天津北鸿制冷设备有限公司
15122238496.txt$$$$天津英汉附件有限公司
15122258777.txt$$$$天津市平安公司
15122259118.txt$$$$天津冀通驾驶员培训有限公司
15122287677.txt$$$$友利通达金属（天津）有限公司
15122292655.txt$$$$成都一洋五金有限公司
15122298078.txt$$$$天津市恒鑫压型板有限公司
15122330420.txt$$$$天津市广鑫晨商贸有限公司
15122340026.txt$$$$天津彤海制冷设备有限公司
15122345567.txt$$$$天津市恒运汽车维修有限公司
15122411174.txt$$$$天津国慧国际贸易有限公司
15122429992.txt$$$$天津中泉泵业有限公司
15122442509.txt$$$$天津市西青区启跃配货中心
15122518063.txt$$$$天津长园电子材料有限公司
15122519505.txt$$$$天津市江瑞阀门贸易有限公司
15122525563.txt$$$$天津静宜机械商行
15122556218.txt$$$$天津众赢天下网络科技有限公司
15122556218_1.txt$$$$天津众赢天下网络科技有限公司
15122556218_2.txt$$$$天津优选天下科技有限公司
15122556218_3.txt$$$$天津众赢天下网络科技有限公司
15122556218_4.txt$$$$天津众赢天下网络科技有限公司
15122556218_5.txt$$$$天津世纪新联通科技股份有限公司
15122556218_6.txt$$$$天津世纪新联通科技股份有限公司
