15310309735.txt$$$$重庆朗致档案管理服务有限公司
15310465501.txt$$$$重庆曼斯特科技有限公司
15310478205.txt$$$$重庆御府川餐饮技术研发有限公司
15310895699.txt$$$$重庆瀚客企业管理顾问有限公司
15311083644.txt$$$$北京万珍坊国际贸易有限公司
15311098523.txt$$$$北京英尚利华国际会展有限公司
15311179095.txt$$$$北京中贸家和商业发展中心
15311183225.txt$$$$内蒙古三朵云环保科技有限公司
15311209600.txt$$$$中研智业研究院
15311343806.txt$$$$北京尚网汇智科技有限公司
15311491966.txt$$$$北京伯威克科技有限公司
15311494966.txt$$$$北京伯威克有限公司
15311496198.txt$$$$杭州中消展览服务有限公司
15311500421.txt$$$$北京东方波尔科技有限公司
15311526018.txt$$$$北京斯达恒通科技有限公司
15311581832.txt$$$$北京美怡佳装饰设计有限公司
15311637202.txt$$$$上海美博餐饮管理有限公司
15311643369.txt$$$$协同商函文化传媒（北京）有限公司
15311672271.txt$$$$北京凯擎东光电子有限公司
15311672271_1.txt$$$$北京凯擎东光电子有限公司
15311672271_2.txt$$$$北京凯擎东光电子有限公司
15311672272.txt$$$$北京易知易行科技有限公司
15311706376.txt$$$$北京国光恒通能源技术有限公司
15311775112.txt$$$$北京安迪利通消防技术服务有限公司
15311811805.txt$$$$融易会展（北京）有限公司
15311825118.txt$$$$北京瑞轩万达商贸有限公司
15311860889.txt$$$$北京艾凯德特咨询有限公司
15311875218.txt$$$$中科正奇（北京）科技有限公司
15311875218_1.txt$$$$中科正奇（北京）科技有限公司
15311875218_2.txt$$$$中科正奇（北京）科技有限公司
