14730571920.txt$$$$河北中泰信公路工程有限公司
14735309424.txt$$$$山西中亚威机床设备有限公司
14735309424_1.txt$$$$山西艾格瑞环保技术有限公司
14735309424_10.txt$$$$山西金巨禾工贸有限公司
14735309424_11.txt$$$$太原市尖草坪区圣罗兰窗帘商行
14735309424_12.txt$$$$山西晋阳锅炉制造有限公司
14735309424_13.txt$$$$山西省平遥县林海数控加工模具厂
14735309424_2.txt$$$$太原市晋昌盛起重索具有限公司
14735309424_3.txt$$$$定襄县星火管件锻压厂
14735309424_4.txt$$$$山西天禧物流
14735309424_5.txt$$$$山西天维钢结构工程有限公司
14735309424_6.txt$$$$太谷县中盛铸造有限公司
14735309424_7.txt$$$$山西恒信达机械设备有限公司
14735309424_8.txt$$$$山西顺航商贸有限公司
14735309424_9.txt$$$$太原市众和和泰贸易有限公司
14737322820.txt$$$$广州昊永机电设备有限公司
14737322827.txt$$$$广州帝昂天科自动化设备有限公司
14737395202.txt$$$$广州轻松包装设备有限公司
14737578736.txt$$$$广州市荣发餐饮有限公司
14739668041.txt$$$$广州市风华服装有限公司
14743481249.txt$$$$深圳中创鼎新工业节能智能化技术有限公司
14747373321.txt$$$$内蒙古国际公共关系专修学院
14747373321_1.txt$$$$内蒙古国际公共关系专修学院
14748042921.txt$$$$广州芳蕾园林绿化工程有限公司
14748333336.txt$$$$广州潮盈化工有限公司
14748333336_1.txt$$$$广州潮盈化工有限公司
14748333336_2.txt$$$$广州潮盈化工有限公司
14748672559.txt$$$$广东塔机壹号起重设备有限公司
14748672559_1.txt$$$$广东塔机壹号起重设备有限公司
14748672559_2.txt$$$$广东塔机壹号起重设备有限公司
