13767008122.txt$$$$南昌市青山湖区豪华德电器制造厂
13767015392.txt$$$$南昌佰洁保洁服务有限公司
13767048970.txt$$$$江西易成防水工程有限公司
13767048970_1.txt$$$$江西易成防水工程有限公司
13767048970_2.txt$$$$江西易成防水工程有限公司
13767092936.txt$$$$南昌金祥云降温通风设备厂
13767092936_1.txt$$$$南昌能安环保设备有限公司
13767092936_2.txt$$$$江西省能安实业有限公司
13767092936_3.txt$$$$江西省能安实业有限公司
13767092936_4.txt$$$$江西省能安实业有限公司
13767106230.txt$$$$南昌优质工程防水堵漏保温工程公司
13767118550.txt$$$$叶阳阳光房有限公司（江西总经销）
13767119413.txt$$$$江西瀚蓝环保科技有限公司
13767119413_1.txt$$$$江西瀚蓝环保科技有限公司
13767142337.txt$$$$江西恩博游乐设备有限公司
13767163216.txt$$$$南昌市青云谱区丰林户外休闲椅厂
13767174920.txt$$$$江西省长青家具有限公司
13767174920_1.txt$$$$江西省长青家具有限公司
13767179620.txt$$$$南昌奢与简家具有限公司
13767289336.txt$$$$义乌益心意亿电子商务有限公司
13767304473.txt$$$$上饶市嘉源环境工程有限公司
13767441933.txt$$$$青山湖区大成五金机电商行
13767588416.txt$$$$江西万合防水材料有限公司
13767739015.txt$$$$石城县宝山矿山设备有限公司
13767960870.txt$$$$南昌致力机械设备有限公司
13768198868.txt$$$$北海市海城区周师傅打铁铺
13768533032.txt$$$$兴安清国竹跳板加工厂
13768883338.txt$$$$广西南宁欢欣鼓舞庆典策划有限公司
13768888939.txt$$$$广西威玻复合材料有限公司
13769114766.txt$$$$云南汉华机械设备有限公司
