15610698910.txt$$$$泰安开发区鼎诺园艺场
15610714888.txt$$$$德州铭兢商贸有限公司
15610726026.txt$$$$德州薏芊环保科技有限公司
15610801730.txt$$$$安平县特迈丝网制品有限公司
15610812278.txt$$$$景县龙瑞特种材料制品有限公司
15610836122.txt$$$$河北衡水骏鸿工程橡胶有限公司
15610836599.txt$$$$衡水琳耀水处理有限公司
15610848785.txt$$$$河北省安平县航迪金属丝网制品有限公司
15610864888.txt$$$$安平县森喆金属制品有限公司
15610866035.txt$$$$枣强县鑫明玻璃钢制品厂
15610873385.txt$$$$安平县朝全丝网制作有限公司
15610879119.txt$$$$安平县恩硕丝网制品有限公司
15610880728.txt$$$$河北奥驰金属丝网制品有限公司
15610888827.txt$$$$阜城县百益金属制品厂
15610891659.txt$$$$安平聚海丝网制品有限公司
15610895286.txt$$$$河北国纤复合材料有限公司
15610896951.txt$$$$河北银兴机械配件有限公司
15610899765.txt$$$$安平县互泽路桥防护工程有限公司
15610899765_1.txt$$$$安平县耀佳丝网制品有限公司
15610909158.txt$$$$衡水衡顺机械有限公司
15610912231.txt$$$$安平县晟卿金属丝网制品有限公司
15610916673.txt$$$$沧州万承塑业有限公司
15610927009.txt$$$$衡水前进工程橡塑有限公司
15610935558.txt$$$$河北万达钢塑复合管业有限公司
15610936662.txt$$$$河北澳川建材科技有限公司
15610938680.txt$$$$安平县烨科冲孔网厂
15610975023.txt$$$$河北伟卓新材料科技有限公司
15610976626.txt$$$$安平县奥东金属丝网制品有限公司
15610990055.txt$$$$衡水地风工程橡有限公司
15611000568.txt$$$$北京起华情酒业有限公司
