18925208639.txt$$$$深圳市鑫贝利贸易有限公司
18925210594.txt$$$$西安鸿海钢构配件厂
18925215571.txt$$$$深圳欧比迪工业设备有限公司
18925222630.txt$$$$深圳市力邦新材料科技有限公司
18925228122.txt$$$$深圳新途实业有限公司
18925237210.txt$$$$三裕化工（深圳）有限公司
18925251054.txt$$$$深圳市力洁化工科技有限公司
18925255524.txt$$$$深圳市香麒麟贸易有限公司
18925261566.txt$$$$深圳市延铭标牌工艺有限公司
18925261566_1.txt$$$$深圳市延铭标牌工艺有限公司
18925263788.txt$$$$江苏华力达航空纺织科技有限公司
18925271837.txt$$$$深圳市赛特检测有限公司
18925276702.txt$$$$深圳市光明新区公明信益邦胶贴制品厂
18925278000.txt$$$$东莞市东合机械设备有限公司
18925285650.txt$$$$深圳市白雪投影显示技术有限公司
18925285823.txt$$$$深圳市迷你自动化有限公司
18925300184.txt$$$$中山市古镇正翔路灯厂
18925368584.txt$$$$深圳市巴丁微电子有限公司
18925374860.txt$$$$中山市阿里大师新材料有限公司
18925376695.txt$$$$中山市港顺制冷工程有限公司
18925377976.txt$$$$中山市诚信货运
18925392030.txt$$$$中山市惠尔普斯电器有限公司
18925414088.txt$$$$东莞市博文机电科技有限公司
18925414088_1.txt$$$$东莞市博文机电科技有限公司
18925414088_2.txt$$$$东莞市博文机电科技有限公司
18925418677.txt$$$$东莞市旭邦五金筛网制品有限公司
18925433252.txt$$$$东晟密封科技有限公司
18925460296.txt$$$$东莞市智合木业有限公司
18925470083.txt$$$$东莞市汇美金属家具有限公司
18925475888.txt$$$$广东坚广光学科技有限公司
