18596795849.txt$$$$福州五叶草装饰设计工程有限公司
18597123331.txt$$$$青海欧辰商贸有限公司
18598007003.txt$$$$百年盛世深圳酒业有限公司
18598080043.txt$$$$无锡盈达聚力科技有限公司
18598160123.txt$$$$广州波谱展示设计有限公司
18598244249.txt$$$$深圳市欧瑞玻璃制品有限公司
18598252652.txt$$$$深圳市澳格家具有限公司
18598252966.txt$$$$深圳市宝力威塑胶有限公司
18598270653.txt$$$$深圳市仁瑞电子科技有限公司
18599037762.txt$$$$乌鲁木齐市中润易和复合材料有限公司
18599038679.txt$$$$新疆科普勒压缩机有限公司
18599051231.txt$$$$新疆兴骏通铸管有限公司
18599110000.txt$$$$新疆鸿翔远拓金属制品有限公司
18599119418.txt$$$$新疆粤新安防智能有限公司
18599131721.txt$$$$乌鲁木齐大漠传奇网络科技有限公司
18599753605.txt$$$$新疆和家旺会展服务有限公司
18600009720.txt$$$$北京简格隔断技术有限公司
18600015089.txt$$$$北京博盛美展览有限公司
18600016587.txt$$$$北京中健格美科技有限公司
18600027185.txt$$$$北京塔溪提金诺丽饮品有限公司
18600079566.txt$$$$优沃普（北京）机械设备有限公司
18600083139.txt$$$$北京鼎力路桥养护有限责任公司
18600116965.txt$$$$北京华尊装饰工程有限责任公司
18600116965_1.txt$$$$北京华尊装饰工程有限责任公司
18600116965_2.txt$$$$北京华尊装饰工程有限责任公司
18600128887.txt$$$$北京蓝景都建筑安装工程有限公司
18600135650.txt$$$$环球毅嘉（北京）科技有限公司
18600158369.txt$$$$太原市怀远散热器有限公司
18600232054.txt$$$$山东沐点智能科技有限公司
18600252086.txt$$$$甘肃菲凡士环氧地坪有限公司
