13679405008.txt$$$$兰州拉瑞斯有限公司
13679410011.txt$$$$甘肃奥泰利灌浆料有限公司
13679435112.txt$$$$兰州沃特莱斯生物科技有限公司
13679441616.txt$$$$甘肃华鑫利源物资有限公司
13679492858.txt$$$$甘肃晋腾锌钢护栏厂
13679493890.txt$$$$兰州科阳交通设施有限公司
13679712072.txt$$$$佛山市耐泽保温耐火材料有限公司
13679752597.txt$$$$佛山市百洲自动化设备有限公司
13679787171.txt$$$$广东色彩大师建材有限公司
13679787171_1.txt$$$$广东色彩大师建材有限公司
13679787171_2.txt$$$$广东色彩大师建材有限公司
13679794681.txt$$$$广东烁云新型材料股份有限公司
13679795118.txt$$$$佛山市南海足智包装材料经营部
13679815119.txt$$$$佛山市南海区振艺家具五金制品有限公司
13679815119_1.txt$$$$佛山市南海区振艺家具五金制品有限公司
13679815119_2.txt$$$$佛山市南海区振艺家具五金制品有限公司
13679828693.txt$$$$佛山市腾凯包装材料有限公司
13679828792.txt$$$$佛山市众象设备租赁有限公司
13679829857.txt$$$$佛山市金大海数控机械有限公司
13679829857_1.txt$$$$佛山市金大海数控机械有限公司
13679829857_2.txt$$$$佛山市金大海数控机械有限公司
13679829857_3.txt$$$$佛山市金大海数控机械有限公司
13679830976.txt$$$$佛山市拓亿防水装饰工程有限公司
13679836080.txt$$$$佛山市南海区铂丽卫浴洁具有限公司
13679844964.txt$$$$深圳市光明新区高耀鑫塑料包装制品厂
13679845087.txt$$$$广州市劳恩塑料制品有限公司
13679845087_1.txt$$$$广州市劳恩塑料制品有限公司
13679845087_2.txt$$$$广州市劳恩塑料制品有限公司
13679858316.txt$$$$佛山市博义达自动化设备有限公司
13679858316_1.txt$$$$佛山市博义达自动化设备有限公司
