18288232583.txt$$$$云南钢满商贸有限公司
18288281618.txt$$$$云南茗柯广告有限公司
18288281618_1.txt$$$$云南茗柯广告有限公司
18288281618_2.txt$$$$云南茗柯广告有限公司
18288607991.txt$$$$昆明滇城环卫服务有限公司
18288616075.txt$$$$云南欧朗环保科技有限公司
18288616075_1.txt$$$$云南欧朗环保科技有限公司
18288688475.txt$$$$云南万隆会展服务有限公司
18288730119.txt$$$$云南翔腾丝网有限公司
18288730119_1.txt$$$$云南翔腾丝网有限公司
18288937374.txt$$$$云南哲创装饰工程有限公司
18288948296.txt$$$$云南凯川商贸有限公司
18288988727.txt$$$$云南达菱冷却塔有限公司
18288988957.txt$$$$云南长岭瀚欣科技有限公司
18289663999.txt$$$$三亚择信机电设备有限公司
18289770085.txt$$$$湖南文臣武将企业管理咨询有限公司
18289770085_1.txt$$$$湖南文臣武将企业管理咨询有限公司
18289770085_2.txt$$$$湖南文臣武将企业管理咨询有限公司
18289871618.txt$$$$瑞图明盛环保建材（昌江）有限公司
18290317771.txt$$$$渝中区勇英面庄
18290495210.txt$$$$九龙坡区谢家湾家电经营部
18291451699.txt$$$$西安恒翼隆机电设备有限公司
18291477773.txt$$$$西安每途网络科技有限公司
18291495139.txt$$$$陕西华艺佳晨门业有限公司
18291499866.txt$$$$西安纵横四海标识科技有限公司
18291763173.txt$$$$昭苏县新天雪乳制品有限责任公司
18291822272.txt$$$$西安上德环保工程有限公司
18291823009.txt$$$$鑫乐士建筑装饰科技有限公司
18291859598.txt$$$$庆阳戴瑞特石油仪器有限公司
18291880080.txt$$$$西安沃德士仪器设备有限公司
