13044012888.txt$$$$陕西金牛乳业有限公司山东总部
13044014321.txt$$$$泰安达兴新材料科技有限公司
13044057505.txt$$$$山东巧匠建材有限公司
13044292665.txt$$$$广州帆达货运代理有限公司
1304451880.txt$$$$泰州市泰诚液压机械有限公司
13044588858.txt$$$$福州鑫畅交通工程有限公司
13044594889.txt$$$$福州探饮餐饮管理有限公司
13044614063.txt$$$$上海北市场物资利用有限公司
13045030389.txt$$$$山东青岛拓科仪器有限公司
13045517815.txt$$$$合肥格云流体技术有限公司
13045677484.txt$$$$上海盾锐贸易有限公司
13045872534.txt$$$$祥福科技电子有限公司
13046023372.txt$$$$济南脉宽机电科技有限公司
13046032630.txt$$$$济南市新宏创智能科技有限公司
13046033453.txt$$$$济南鑫峰液压机械有限公司
13046033453_1.txt$$$$济南鑫峰液压机械有限公司
13046033453_2.txt$$$$济南鑫峰液压机械有限公司
13046037600.txt$$$$济南宏恩液压升降机械有限公司
13046045231.txt$$$$振宇物流
13046071990.txt$$$$淄博金冉重型机械有限公司
13046302836.txt$$$$深圳市智未来智能设备有限公司
13046462116.txt$$$$潍坊智工电子有限公司
13046560693.txt$$$$江苏盛华粉体环境工程有限公司
13047230090.txt$$$$深圳市星悦设计有限公司
13047755544.txt$$$$永年县鸿铭异型紧固件
13047786100.txt$$$$河北唐龙古建瓦业有限公司
13047786100_1.txt$$$$河北唐龙古建瓦业有限公司
13047786100_2.txt$$$$河北唐龙古建瓦业有限公司
13047788288.txt$$$$邯郸市永年区展宇紧固件制造有限公司
13047794568.txt$$$$邯郸市登泰紧固件销售有限公司
