13835933002.txt$$$$夏县久久动物胶业有限公司
13836021153.txt$$$$哈尔滨中博路灯厂
13836109517.txt$$$$吉林华宇交通工程有限公司
13836603892.txt$$$$天津佳电电机成套设备技术有限公司
13836603892_1.txt$$$$天津佳电电机成套设备技术有限公司
13836603892_2.txt$$$$天津佳电电机成套设备技术有限公司
13836669115.txt$$$$山西润通环保工程有限公司
13836957246.txt$$$$淄博夸福耐火材料有限公司
13837046335.txt$$$$虞城县顺达厨具厂
13837046335_1.txt$$$$虞城县顺达厨具厂
13837046335_2.txt$$$$虞城县顺达厨具厂
13837067886.txt$$$$商丘市梁园区瀚达副食商行
13837067886_1.txt$$$$商丘市梁园区瀚达副食商行
13837067886_2.txt$$$$商丘市梁园区瀚达副食商行
13837111991.txt$$$$郑州玄道商贸有限公司
13837123722.txt$$$$郑州先锋纹艺
13837135868.txt$$$$郑州博昌展览有限公司
13837138500.txt$$$$河南图腾数控设备有限公司
13837138822.txt$$$$河南万发天地装饰建材有限公司
13837139161.txt$$$$河南英电之家新能源科技有限公司
13837147123.txt$$$$郑州子夏电子科技有限公司
13837147123_1.txt$$$$郑州子夏电子科技有限公司
13837151164.txt$$$$广州俊成展览有限公司
13837151164_1.txt$$$$郑州千之秋展览展示有限公司
13837156904.txt$$$$河南佰路悍机械工业有限公司
13837157977.txt$$$$河南圣鸿机械设备有限公司
13837157977_1.txt$$$$河南圣鸿机械设备有限公司
13837157977_2.txt$$$$河南圣鸿机械设备有限公司
13837159488.txt$$$$郑州一佳建材有限公司
13837161792.txt$$$$郑州市二七区路达机械经营部
