13897889761.txt$$$$锦州华夏联创工程机械有限公司
13897974557.txt$$$$上品园林景观木业
13897979563.txt$$$$沈阳一通薪泽发电设备有限公司
13897990460.txt$$$$辽宁北方工商业展览服务有限责任公司
13898119588.txt$$$$沈阳市云鹏塑料制品有限公司
13898123309.txt$$$$沈阳东创贵金属材料有限公司
13898126176.txt$$$$沈阳市大东区众信汽车维修保养中心
13898158003.txt$$$$沈阳铭程建筑工程有限公司
13898210509.txt$$$$营口市经济技术开发区爱维尔铸业有限公司
13898481404.txt$$$$大连海滨格润特有限公司
13898518892.txt$$$$丹东泳兴科技门业有限公司
13898588286.txt$$$$辽宁海波有限公司
13898632837.txt$$$$大连图尔世电源科技有限公司
13898805641.txt$$$$沈阳市众合新能源科技有限公司
13898811912.txt$$$$沈阳昌锦科技有限公司
13898844098.txt$$$$沈阳爱可生健康咨询管理有限责任公司
13898849058.txt$$$$沈阳鑫艺游乐设备厂
13898856677.txt$$$$沈阳美景环境艺术工程有限公司
13898859079.txt$$$$沈阳市兴中工矿电子设备厂
13898863716.txt$$$$沈阳鹏程真空技术有限责任公司
13898863716_1.txt$$$$沈阳鹏程真空技术有限责任公司
13898863716_2.txt$$$$沈阳鹏程真空技术有限责任公司
13898880736.txt$$$$沈阳畔达企业营销策划有限公司
13898880736_1.txt$$$$沈阳畔达企业营销策划有限公司
13898880779.txt$$$$沈阳市巽程机械制造有限公司
13898885602.txt$$$$沈阳立孚科技有限公司
13898891827.txt$$$$沈阳市房帅装饰装修工程有限公司
13898893016.txt$$$$沈阳博斯特自动化设备有限公司
13898894461.txt$$$$沈阳恒之盛商贸有限公司
13898894461_1.txt$$$$沈阳恒之盛商贸有限公司
