13925728135_2.txt$$$$广东劲升智能科技有限公司
13925731277.txt$$$$东莞市融智通风机电工程有限公司
13925731277_1.txt$$$$东莞市融智通风机电工程有限公司
13925731277_2.txt$$$$东莞市融智通风机电工程有限公司
13925733543.txt$$$$东莞市索必克精密仪器有限公司
13925741397.txt$$$$东莞市誉达塑胶模具有限公司
13925741397_1.txt$$$$东莞市誉达塑胶模具有限公司
13925749049.txt$$$$广东胜辉家具有限公司
13925749415.txt$$$$东莞市航通五金制品有限公司
13925749415_1.txt$$$$东莞市航通五金制品有限公司
13925749415_2.txt$$$$东莞市航通五金制品有限公司
13925753018.txt$$$$东莞市铁榔头五金制品有限公司
13925753031.txt$$$$东莞市盈奥建材有限公司
13925753763.txt$$$$东莞市达强塑胶电子有限公司
13925755716.txt$$$$东莞吉创自动化设备有限公司
13925756044.txt$$$$东莞市卡布斯润滑油有限公司
13925756995.txt$$$$东莞市亦特气动科技有限公司
13925768057.txt$$$$东莞市世禾装饰建材有限公司
13925770905.txt$$$$东莞市特快物流有限公司
13925773438.txt$$$$东莞市沃尔森装饰设计工程有限公司
13925773636.txt$$$$东莞市艾拓电子有限公司
13925774711.txt$$$$康易洁洗涤科技有限公司
13925775757.txt$$$$东莞市志恒机电有限公司
13925776653.txt$$$$东莞市新友维胶粘制品有限公司
13925778556.txt$$$$东莞市如兰家庭服务有限公司
13925778978.txt$$$$东莞市冉宏五金机械有限公司
13925779918.txt$$$$东莞市杰力自动化设备有限公司
13925780872.txt$$$$上海嵘缇家纺有限公司
13925783551.txt$$$$东莞市群新包装制品有限公司
13925785819.txt$$$$东莞市宏图仪器有限公司
