13665373906_1.txt$$$$济宁恒小旺工矿机械有限公司
13665379651.txt$$$$济宁鑫博矿山物资有限公司
13665396593.txt$$$$临沂隆乔塑业有限公司
13665396593_1.txt$$$$临沂隆乔塑业有限公司
13665396593_2.txt$$$$临沂隆乔塑业有限公司
13665397688.txt$$$$临沂市诺力机械设备有限公司
13665419536.txt$$$$济南大名新材料科技有限公司
13665432919.txt$$$$邹平县德林新材料科技有限公司
13665448830.txt$$$$莱阳市达康物流配货站
13665479466.txt$$$$梁山浩运达交通设备制造有限公司
13665488008.txt$$$$山东九卫蓝新能源有限公司
13665492607.txt$$$$临沂鹏昊环保节能设备有限公司
13665496633.txt$$$$山东高明红星包装材料有限公司
13665516032.txt$$$$合肥瑞华安全玻璃技术有限公司
13665516032_1.txt$$$$合肥瑞华安全玻璃技术有限公司
13665516032_2.txt$$$$合肥瑞华安全玻璃技术有限公司
13665653010.txt$$$$安微明裕管道清淤服务有限公司
13665653279.txt$$$$安徽联塔盛通机械制造有限公司
13665653974.txt$$$$合肥安固建材有限公司
13665653974_1.txt$$$$合肥安固建材有限公司
13665655553.txt$$$$安徽诗雅园林景观工程有限公司
13665696128.txt$$$$合肥市优凯制冷设备有限公司
13665699441.txt$$$$合肥业达不锈钢有限公司
13665699441_1.txt$$$$合肥业达不锈钢有限公司
13665699441_2.txt$$$$合肥业达不锈钢有限公司
13665726910.txt$$$$净夫人邓婷工作室
13665826000.txt$$$$永康市力川建筑材料有限公司
13665830283.txt$$$$金华市丰成五金制品有限公司
13665830283_1.txt$$$$金华市丰成五金制品有限公司
13665830283_2.txt$$$$金华市丰成五金制品有限公司
