13418337740.txt$$$$东莞市翰达电子商务有限公司
13418344523.txt$$$$深圳金利源精细科技有限公司
13418366339.txt$$$$东莞市起旺服装有限公司
13418366339_1.txt$$$$东莞市起旺服装有限公司
13418366339_2.txt$$$$东莞市起旺服装有限公司
13418366339_3.txt$$$$东莞市起旺服装有限公司
13418366339_4.txt$$$$东莞市起旺服装有限公司
13418366339_5.txt$$$$东莞市起旺服装有限公司
13418370801.txt$$$$西米克中国有限公司
13418386881.txt$$$$惠州市天启者自动化设备有限公司
13418440423.txt$$$$佛山市钢兴盈金属制品有限公司
13418471813.txt$$$$深圳市洛伊服饰有限公司
13418550423.txt$$$$深圳安亿达制冷设备有限公司
13418554168.txt$$$$深圳市旭日鹏程光电有限公司
13418564098.txt$$$$东莞市悦而实业有限公司
13418564098_1.txt$$$$东莞市悦而实业有限公司
13418571044.txt$$$$深圳市新记模具钢材有限公司
13418585451.txt$$$$深圳市蓝青天环保科技有限公司
13418595281.txt$$$$深圳市联晟捷科技有限公司
13418600050.txt$$$$深圳市科创致远科技有限公司
13418606001.txt$$$$东莞市宏庆电子科技有限公司
13418606001_1.txt$$$$东莞市宏庆电子科技有限公司
13418606001_2.txt$$$$东莞市宏庆电子科技有限公司
13418606520.txt$$$$东莞市君业塑胶制品有限公司
13418607550.txt$$$$深圳市腾奥净化科技有限公司
13418623167.txt$$$$深圳市金天利装饰工程有限公司
13418625727.txt$$$$深圳市常用科技有限公司
13418632019.txt$$$$&#;深圳市远大智慧电子科技有限公司
13418652854.txt$$$$深圳市路易通五金制品有限公司
13418660005.txt$$$$深圳市卓粤新能源科技有限公司
