13640276597.txt$$$$佛山市景秀装饰材料有限公司
13640298822.txt$$$$广州市忠实通货运代理有限公司
13640300548.txt$$$$北京高昌寰球商贸有限公司
13640335595.txt$$$$深圳市魅影服饰有限公司
13640341435.txt$$$$美味不用等汕尾代理
13640666735.txt$$$$广州简逸室内设计有限公司
13640666735_1.txt$$$$广州简逸室内设计有限公司
13640666735_2.txt$$$$广州简逸室内设计有限公司
13640672303.txt$$$$广州精美爆款企业管理有限公司
13640672303_1.txt$$$$广州精美爆款企业管理有限公司
13640672303_2.txt$$$$广州精美爆款企业管理有限公司
13640695120.txt$$$$湛江市新坤环保材料有限公司
13640703288.txt$$$$广州百纳通信器材有限公司
13640703288_1.txt$$$$广州百纳通信器材有限公司
13640703288_2.txt$$$$广州百纳通信器材有限公司
13640714658.txt$$$$广州市怡申孚贸易有限公司
13640762750.txt$$$$广州市番禺区志美仪器厂.
13640771555.txt$$$$深圳市时代中视科技发展有限公司
13640778929.txt$$$$东莞市捷益塑胶原料有限公司
13640781217.txt$$$$广州市白云区石井梦迪舞台灯光厂
13640816511.txt$$$$广州市斯洛柯高分子聚合物有限公司
13640816511_1.txt$$$$广州市斯洛柯高分子聚合物有限公司
13640831140.txt$$$$广州市丽金首饰有限公司
13640842858.txt$$$$广州迪川电子科技有限公司
13640843926.txt$$$$广州领嘉包装机械设备有限公司
13640844530.txt$$$$广州市锐旗隔断装饰工程有限公司
13640881672.txt$$$$广州尧顺信息科技有限公司
13640887984.txt$$$$北京科智威智能科技有限公司
13640904145.txt$$$$深圳市前海泓立创技术有限公司
13640906748.txt$$$$深圳贝斯泰尔科技有限公司
