13586408707.txt$$$$海宁彩源新材料科技有限公司
13586485129.txt$$$$成都涵丰同创建材有限公司
13586511226.txt$$$$浙江科森环保科技有限公司
13586511226_1.txt$$$$宁波市广千暖通设备有限公司
13586511226_2.txt$$$$宁波市广千暖通设备有限公司
13586511226_3.txt$$$$宁波方大管道制造有限公司
13586559899.txt$$$$宁波铜浩金属材料有限公司
13586566984.txt$$$$慈溪市一德塑料制品厂
13586576492.txt$$$$宁波市晶固塑料颜料有限公司
13586623488.txt$$$$余姚市铭迪电器科技有限公司
13586696696.txt$$$$慈溪奥凌电器有限公司
13586784311.txt$$$$宁波火山电气有限公司
13586784311_1.txt$$$$宁波火山电气有限公司
13586784311_2.txt$$$$宁波火山电气有限公司
13586873305.txt$$$$宁波市德思宏液压科技有限公司
13586906026.txt$$$$宁波甬赢智能机械设备有限公司
13586934120.txt$$$$宁波怡先金属制品有限公司
13586994165.txt$$$$金华市一凯网络科技有限公司
13586994165_1.txt$$$$金华市一凯网络科技有限公司
13586994165_2.txt$$$$金华市一凯网络科技有限公司
13587000868.txt$$$$江山市永艺门厂
13587000868_1.txt$$$$江山市永艺门厂
13587000868_2.txt$$$$江山市永艺门厂
13587016316.txt$$$$江山市恒隆塑料制品有限公司
13587109563.txt$$$$衢州市华擎煤矿机械科技有限公司
13587125511.txt$$$$江山市润奇化工有限公司
13587129895.txt$$$$江山市纪达建材有限公司
13587129895_1.txt$$$$江山市纪达建材有限公司
13587129895_2.txt$$$$江山市纪达建材有限公司
13587255755.txt$$$$湖州仁皇山街道苹儿食品店
