13676986108.txt$$$$郑州顺昌耐火材料有限公司
13676990971.txt$$$$河南豫新森达重工机器有限公司
13676990972.txt$$$$郑州世工机械设备有限公司
13676992799.txt$$$$郑州高新区宏基印刷品装订部
13676992988.txt$$$$郑州星川感应技术有限公司
13676995662.txt$$$$巩义市孝义润合机械厂
13676995662_1.txt$$$$巩义市孝义润合机械厂
13676995662_2.txt$$$$巩义市孝义润合机械厂
13676995662_3.txt$$$$巩义市孝义润合机械厂
13676995662_4.txt$$$$巩义市孝义润合机械厂
13677005852.txt$$$$江西科通吊篮租赁有限公司
13677005852_1.txt$$$$无锡科通工程机械制造有限公司驻江西办事处
13677085325.txt$$$$东莞市塘厦金客蛋糕店
13677094078.txt$$$$温州市鹿城区五马小徐纹身贴画店
13677098232.txt$$$$南昌房快卖网络科技有限公司
13677098232_1.txt$$$$南昌房快卖网络科技有限公司
13677098232_2.txt$$$$南昌房快卖网络科技有限公司
13677098232_3.txt$$$$南昌房快卖网络科技有限公司
13677128518.txt$$$$武汉鑫源美清洁用品有限公司
13677136650.txt$$$$苏氏热处理（深圳）有限公司
13677143567.txt$$$$湖北天佑环保设备有限公司
13677209967.txt$$$$沙市区清林容器金属加工部
13677217677.txt$$$$湖北程力专用汽车股份有限公司
13677395858.txt$$$$长沙元德电子科技有限公司
13677397696.txt$$$$长沙硕博电子科技股份有限公司
13677401544.txt$$$$河南康地畜牧机械设备有限公司
13677483433.txt$$$$湖南铂斯科技有限公司
13677648606.txt$$$$东莞市昊晟自动化设备科技有限公司
13677679565.txt$$$$重庆市真空袋制品有限公司
13677707166.txt$$$$东兴市三纯饮品有限公司
