18927001188.txt$$$$河源市裕安消防阀门有限公司
18927030118.txt$$$$河源市浩篷帆布有限公司
18927205367.txt$$$$系格玛隔墙科技有限公司
18927205367_1.txt$$$$广东史贝斯铝业有限公司
18927219794.txt$$$$佛山市海峨桩工机械有限公司
18927221060.txt$$$$广州市中醇节能科技有限公司
18927223061.txt$$$$广东辰宜信息科技有限公司
18927223061_1.txt$$$$广东辰宜信息科技有限公司
18927228507.txt$$$$广东珠江开关有限公司
18927228629.txt$$$$佛山市禅城区柏为通信经营部
18927228629_1.txt$$$$佛山市禅城区柏为通信经营部
18927228629_2.txt$$$$佛山市禅城区柏为通信经营部
18927238851.txt$$$$佛山市国铝五金制品有限公司
18927263239.txt$$$$佛山市雷盾智能科技有限公司
18927268959.txt$$$$佛山市禅城区绿源清洁服务部
18927274559.txt$$$$顺德区容桂名澳制衣厂
18927276353.txt$$$$佛山市银江机械设备有限公司
18927276353_1.txt$$$$佛山市银江机械设备有限公司
18927285584.txt$$$$佛山市润合建材有限公司
18927285584_1.txt$$$$佛山市润合建材有限公司
18927285584_2.txt$$$$佛山市润合建材有限公司
18927308305.txt$$$$&#;惠州市人山硅胶制品有限公司
18927308361.txt$$$$惠州市人山模具制品有限公司
18927327949.txt$$$$恒英胶粘制品有限公司
18927331802.txt$$$$广东众博空压机网络营销有限公司
18927358789.txt$$$$惠州市科伟泰自动化设备有限公司
18927358789_1.txt$$$$惠州市科伟泰自动化设备有限公司
18927358789_2.txt$$$$惠州市科伟泰自动化设备有限公司
18927371191.txt$$$$惠州市德天新材料有限公司
18927401982.txt$$$$深圳市隽鹏科技有限公司
