18665839847.txt$$$$深圳市福和达自动化有限公司
18665849164.txt$$$$深圳市博恩建材有限公司
18665853033.txt$$$$东莞市伽祥精密五金制品有限公司
18665855806.txt$$$$深圳市戈埃尔科技有限公司
18665855806_1.txt$$$$深圳市戈埃尔科技有限公司
18665858259.txt$$$$深圳福能达空气与水科技发展有限公司
18665888746.txt$$$$郑州龙士母婴用品有限公司
18665899235.txt$$$$深圳市鼎力盛科技有限公司
18665942956.txt$$$$深圳市宠来了科技有限公司
18665954115.txt$$$$深圳市雨博士雨水利用设备有限公司
18665964162.txt$$$$广州天隆化妆品有限公司
18665967297.txt$$$$深圳市宏德激光有限公司
18665995240.txt$$$$东莞市炫彩图文广告服务中心
18666000471.txt$$$$广州市风尚实业有限公司
18666003528.txt$$$$广东硕通建筑工程有限公司
18666007655.txt$$$$广州虎跃贸易有限公司
18666028732.txt$$$$广州凯锐机械设备制造有限公司
18666075087.txt$$$$广州固展复合材料有限公司
18666075087_1.txt$$$$广州固展复合材料有限公司
18666084633.txt$$$$广州伟川智造科技有限公司
18666084633_1.txt$$$$广州伟川智造科技有限公司
18666084633_2.txt$$$$广州伟川智造科技有限公司
18666169817.txt$$$$广州天金化工有限公司
18666169817_1.txt$$$$广州天金化工有限公司
18666169817_2.txt$$$$广州天金化工有限公司
18666176488.txt$$$$中山市君正照明科技有限公司
18666200164.txt$$$$深圳市捷科精密设备有限公司
18666218118.txt$$$$深圳市新怡富数控设备有限公司
18666271117.txt$$$$广州奔宇汽车租赁服务有限公司
18666271273.txt$$$$佳丽宝（广州）生物科技有限公司
