13969213668.txt$$$$德州诺德环保科技有限公司
13969214183.txt$$$$德州格瑞德通风设备有限公司
13969214592.txt$$$$德州辰发商贸有限公司
13969217469.txt$$$$德州鑫旭车业有限公司
13969222398.txt$$$$德州昊威橡塑制品有限公司
13969222398_1.txt$$$$德州昊威橡塑制品有限公司
13969222398_2.txt$$$$德州昊威橡塑制品有限公司
13969222398_3.txt$$$$德州昊威橡塑制品有限公司
13969222826.txt$$$$平原县顺泰纸制品厂
13969230983.txt$$$$德州睿控电子科技有限公司
13969246754.txt$$$$山东德州丰润通风设备厂
13969247327.txt$$$$德州市德城区元泰液压机具厂
13969248588.txt$$$$德州腾鑫畜牧设备有限公司
13969249199.txt$$$$乐陵市德诚机械有限公司
13969259556.txt$$$$乐陵力能电动车配件有限公司
13969265588.txt$$$$山东双拓空调设备有限公司
13969265589.txt$$$$山东德旭达土工材料有限公司2
13969265605.txt$$$$德州仁铭电气设备有限公司
13969270062.txt$$$$宁津县三力玻璃机械有限公司
13969270062_1.txt$$$$宁津县三力玻璃机械有限公司
13969270062_2.txt$$$$宁津县三力玻璃机械有限公司
13969270062_3.txt$$$$宁津县三力玻璃机械有限公司
13969270062_4.txt$$$$宁津县三力玻璃机械有限公司
13969270547.txt$$$$宁津聚升液压设备有限公司
13969272211.txt$$$$武城县鲁权屯日月升通风设备加工处
13969272211_1.txt$$$$武城县日月升通风设备制造厂
13969272252.txt$$$$武城县鑫源筑路设备厂
13969277258.txt$$$$德州若信环保科技有限公司
13969285099.txt$$$$山东晟烁环保设备有限公司
13969289396.txt$$$$山东胡杨机械有限公司
