13506476165.txt$$$$青州市志伟沙矿机械厂
13506476165_1.txt$$$$青州志伟环保设备有限公司
13506476165_2.txt$$$$青州志伟环保设备有限公司
13506476165_3.txt$$$$青州志伟环保设备有限公司
13506477423.txt$$$$青州舟水商贸有限公司
13506478174.txt$$$$高密美德家居用品有限公司
13506478884.txt$$$$山东美卓环保科技有限公司
13506478884_1.txt$$$$山东美卓环保科技有限公司
13506478884_2.txt$$$$山东美卓环保科技有限公司
13506478884_3.txt$$$$山东美卓环保科技有限公司
13506479309.txt$$$$潍坊启明机械有限公司
13506480092.txt$$$$青岛英特质量工程技术有限公司
13506480325.txt$$$$青岛铭利祥工贸有限公司
13506481011.txt$$$$青岛龙诚志达工贸有限公司
13506489587.txt$$$$青岛荣鸿翔木工机械有限公司
13506492246.txt$$$$寿光市永盛机械有限公司
13506493926.txt$$$$潍坊军力金属制品厂
13506589838.txt$$$$金华市神龙建筑工程机械有限公司
13506589838_1.txt$$$$金华市神龙建筑工程机械有限公司
13506589838_2.txt$$$$金华市神龙建筑工程机械有限公司
13506594138.txt$$$$东阳市杜家古典红木家具有限公司
13506594138_1.txt$$$$东阳市杜家古典红木家具有限公司
13506594138_2.txt$$$$东阳市杜家古典红木家具有限公司
13506596077.txt$$$$上海沪盼门业有限公司
13506596077_1.txt$$$$上海沪盼门业有限公司
13506596077_2.txt$$$$上海沪盼门业有限公司
13506646270.txt$$$$温州市麦特隆机械有限公司
13506665377.txt$$$$温州鑫澳制药设备有限公司
13506665377_1.txt$$$$温州经济技术开发区沙城泰如机械设备厂
13506705766.txt$$$$龙游县韩氏小竹笋专业合作社
