15318815916_1.txt$$$$济南斌烨商贸有限公司
15318815916_2.txt$$$$济南斌烨商贸有限公司
15318837903.txt$$$$济南济腾网络科技有限公司
15318838817.txt$$$$济南华控仪表有限公司
15318840574.txt$$$$济南立德安新材料有限公司
15318843207.txt$$$$济南市瑞天设备有限公司
15318852575.txt$$$$济南龙华升降机械有限公司
15318852575_1.txt$$$$南昌尚和鼎升机械有限公司
15318855105.txt$$$$山东猪八戒商标代理有限公司
15318871342.txt$$$$高密市昊宇玻璃钢厂
15318872645.txt$$$$山东蓝领未来品牌运营管理有限公司
15318880610.txt$$$$青岛思源影音智能科技有限公司
15318900499.txt$$$$潍坊市昌泰新能源工程有限公司
15318901194.txt$$$$山东潍坊智勤信息科技有限公司
15318952283.txt$$$$安丘隆翔机械有限公司
15318952560.txt$$$$潍坊页川机械有限公司
15318956758.txt$$$$诸城市舜虹农牧有限公司
15318958388.txt$$$$诸城隆泽机械有限公司
15318958388_1.txt$$$$诸城隆泽机械有限公司
15318958388_2.txt$$$$诸城森峰食品机械有限公司
15318959677.txt$$$$潍坊丰业铝塑包装有限公司
15318980222.txt$$$$山东佳一工业装备有限公司
15318982777.txt$$$$潍坊市双源塑胶有限公司
15318987177.txt$$$$安丘东晟餐饮机械设备有限公司
15318987177_1.txt$$$$安丘东晟餐饮机械设备有限公司
15318988376.txt$$$$盛豪环保科技（潍坊）有限公司
15318988376_1.txt$$$$盛豪环保科技（潍坊）有限公司
15318988376_2.txt$$$$盛豪环保科技（潍坊）有限公司
15318989957.txt$$$$山东中智乔重工有限公司
15318991318.txt$$$$寿光市美源塑业有限公司
