15883442584.txt$$$$衡水霍剑机械制造有限公司
15883647450.txt$$$$深圳天成策略规划设计有限公司
15883651994.txt$$$$广州市正广和新型建材有限公司
15883755978.txt$$$$绵阳锐新制品厂
15884214092.txt$$$$成都海盈伟业装饰材料有限公司
15884415478.txt$$$$成都龙景企业管理有限公司
15884503142.txt$$$$四川菲凡服饰有限公司
15884544830.txt$$$$广汉市佳桦金属制品有限公司
15885050798.txt$$$$贵州易游山水汽车租赁有限公司
15886351669.txt$$$$湖南纽思曼导航定位有限公司
15886627373.txt$$$$湖南弘正交通设施有限公司
15887058885.txt$$$$云南泰发金属材料有限公司
15887074643.txt$$$$四川奥伯斯电梯有限公司
15887114285.txt$$$$云南顺天文化传播有限责任公司
15887114285_1.txt$$$$云南顺天文化传播有限责任公司
15887114285_2.txt$$$$云南顺天文化传播有限责任公司
15887128998.txt$$$$昆明奥图环保设备股份有限公司
15887150198.txt$$$$云南雨舟商贸有限公司
15887150198_1.txt$$$$云南雨舟商贸有限公司
15887150198_2.txt$$$$云南雨舟商贸有限公司
15887180182.txt$$$$云南宏阳温室工程有限公司
15887180182_1.txt$$$$云南宏阳温室工程有限公司
15887180182_2.txt$$$$云南宏阳温室工程有限公司
15887286959.txt$$$$官渡区刘建平蔬菜配送服务部
15887286959_1.txt$$$$官渡区刘建平蔬菜配送服务部
15887297786.txt$$$$云南巅尊科技有限公司
15887297786_1.txt$$$$云南巅尊科技有限公司
15887336084.txt$$$$宾川红提葡萄基地
15887530065.txt$$$$瑞丽市云承贸易有限公司
15887530065_1.txt$$$$瑞丽市云承贸易有限公司
