13902021502_2.txt$$$$天津五洲同创空调制冷设备有限公司
13902021502_3.txt$$$$天津五洲同创空调制冷设备有限公司
13902021502_4.txt$$$$天津五洲同创空调制冷设备有限公司
13902021502_5.txt$$$$天津五洲同创空调制冷设备有限公司
13902021502_6.txt$$$$天津五洲同创空调制冷设备有限公司
13902049313.txt$$$$天津市泰福钢塑管有限公司
13902049313_1.txt$$$$天津市泰福钢塑管有限公司
13902049313_2.txt$$$$天津市泰福钢塑管有限公司
13902049528.txt$$$$天津市莱德桑风动设备商贸中心
13902068223.txt$$$$天津鑫友软管制品有限公司
13902079171.txt$$$$天津安援汽车救援服务有限公司
13902079171_1.txt$$$$天津安援汽车救援服务有限公司
13902079171_2.txt$$$$天津安援汽车救援服务有限公司
13902082636.txt$$$$天津市津之塑德福塑胶制品销售中心
13902102253.txt$$$$天津市科士达阀门有限公司
13902125151.txt$$$$天津海河玻璃钢厂
13902146663.txt$$$$天津大明英格电机有限公司
13902156141.txt$$$$天津市莱试实验仪器技术服务中心
13902168411.txt$$$$天津博拓奔达机械设备有限公司
13902175020.txt$$$$天津市卓硕泵业有限公司
13902199842.txt$$$$天津市博浪商贸有限公司
13902200710.txt$$$$广州柜都家具有限公司
13902204594.txt$$$$广州恒宇化工有限公司1
13902204594_1.txt$$$$广州恒宇化工有限公司
13902204594_2.txt$$$$广州恒宇化工有限公司
13902204594_3.txt$$$$广州恒宇化工有限公司
13902205269.txt$$$$罗斯柴尔德防护涂料（武汉）有限公司
13902214431.txt$$$$广州广材仪器试验有限责任公司
13902218692.txt$$$$广州德旭新材料有限公司
13902219374.txt$$$$广州市红与黑广告有限公司
