15030554555.txt$$$$瑞尔法硅酸钙板（唐山）有限公司
15030554555_1.txt$$$$瑞尔法轻质隔墙板（唐山）有限公司
15030604766.txt$$$$廊坊昊诚机械设备有限公司
15030620996.txt$$$$廊坊盛东冷暖设备安装工程有限公司
15030651211.txt$$$$廊坊市德佰莱机电工程有限公司
15030651282.txt$$$$安东滤芯厂
15030659779.txt$$$$廊坊奥尔洁过滤器材设备厂
15030668682.txt$$$$固安温泉休闲商务产业园区领创过滤设备
15030700117.txt$$$$沧州兴国管道设备有限公司
15030701198.txt$$$$沧州精诚汉邦管道设备有限公司
15030706262.txt$$$$河北亿瑞管道有限公司
15030708500.txt$$$$泊头市新凯五金制品厂
15030710321.txt$$$$河北宏特隆体育设施有限公司
15030710321_1.txt$$$$沧州展达体育设施有限公司
15030710321_2.txt$$$$沧州展达体育设施有限公司
15030710321_3.txt$$$$沧州展达体育设施有限公司
15030710321_4.txt$$$$沧州展达体育设施有限公司
15030710321_5.txt$$$$沧州展达体育设施有限公司
15030710321_6.txt$$$$沧州展达体育设施有限公司
15030710321_7.txt$$$$沧州展达体育设施有限公司
15030710321_8.txt$$$$沧州展达体育设施有限公司
15030717099.txt$$$$河北崇盛钢管制造有限公司
15030717168.txt$$$$河北钢领管道有限公司
15030721568.txt$$$$盐山县庆恒机床附件厂
15030723501.txt$$$$泊头菲尔沃热能系统有限公司
15030737654.txt$$$$河北科臻环保设备有限公司
15030737654_1.txt$$$$河北科臻环保设备有限公司
15030737654_2.txt$$$$河北科臻环保设备有限公司
15030752636.txt$$$$河北康兴机电设备制造有限公司
15030753939.txt$$$$泊头市奔翔机械设备有限公司
