13728837107.txt$$$$深圳市龙华新区云峰路盛兴酒业经营部
13728838347.txt$$$$深圳天顺达工程设备有限公司
13728842298.txt$$$$深圳市宏耀自动化喷砂设备有限公司
13728843369.txt$$$$东莞市毅冠达实业有限公司
13728848898.txt$$$$东莞市来宝精密工业有限公司
13728852081.txt$$$$深圳市兴裕隆科技有限公司
13728852135.txt$$$$深圳市互联创科技通讯有限公司
13728853647.txt$$$$深圳市凯鑫宇电有电子科技有限公司
13728853829.txt$$$$香港吉康生物工程股份有限公司
13728869745.txt$$$$深圳市宝莱精工有限公司
13728876145.txt$$$$深圳市品诚展示有限公司
13728901023.txt$$$$深圳市源胜润滑油有限公司
13728904214.txt$$$$深圳市品诚珠宝展柜厂
13728906286.txt$$$$深圳市杰兴科技有限公司
13728920503.txt$$$$兴懋润滑油（深圳）有限公司
13728920503_1.txt$$$$深圳市润富源科技有限公司
13728965826.txt$$$$深圳市翔铭达科技有限公司
13728971586.txt$$$$深圳市万卷教育科技有限公司
13728980914.txt$$$$深圳市金诚混凝土切割有限公司
13728983018.txt$$$$东莞市银泰环保金属材料有限公司
13728999006.txt$$$$深圳市万腾达搬运吊装有限公司
13729004105.txt$$$$广东惠晟检验科技有限公司
13729009662.txt$$$$湛江市广新空调设备有限公司
13729026165.txt$$$$北京振协铜制品科技有限公司
13729035850.txt$$$$广州丽颜琦化妆品有限公司
13729035850_1.txt$$$$广州丽颜琦化妆品有限公司
13729035850_2.txt$$$$广州丽颜琦化妆品有限公司
13729185587.txt$$$$湛江广安防水外墙清洗工程有限公司
13729196793.txt$$$$珠海市华南集装箱有限公司
13729237979.txt$$$$深圳汇通进口供应链有限公司
