13931046363.txt$$$$邯郸市强德紧固件制造有限公司
13931046474.txt$$$$邯郸市运德紧固件有限公司
13931051267.txt$$$$邯郸市摩圣机械维修服务有限公司
13931051267_1.txt$$$$邯郸市摩圣机械维修服务有限公司
13931056968.txt$$$$河北高地建筑配件制造有限公司
13931056968_1.txt$$$$河北高地建筑配件制造有限公司
13931056968_2.txt$$$$河北高地建筑配件制造有限公司
13931056968_3.txt$$$$河北高地建筑配件制造有限公司
13931063367.txt$$$$永年县建兴标准件厂
13931088114.txt$$$$永年县令玺索具
13931088848.txt$$$$邯郸市众诺五金有限公司
13931088848_1.txt$$$$邯郸市众诺五金有限公司
13931088848_2.txt$$$$邯郸市众诺五金有限公司
13931090692.txt$$$$邯郸市永年区西睢宁科学异型件厂
13931090692_1.txt$$$$邯郸市永年区西睢宁科学异型件厂
13931090692_2.txt$$$$邯郸市永年区西睢宁科学异型件厂
13931093559.txt$$$$鸡泽县真诚化工贸易有限公司
13931093559_1.txt$$$$鸡泽县真诚化工贸易有限公司
13931095996.txt$$$$河北中盛能源装备有限公司
13931097199.txt$$$$永年县铁西正兴搓丝机厂
13931097199_1.txt$$$$河北欧德鑫机械制造有限公司
13931097936.txt$$$$河北硅谷化工有限公司
13931097936_1.txt$$$$河北硅谷化工有限公司
13931097936_2.txt$$$$河北硅谷化工有限公司
13931120318.txt$$$$晋州润安星电力器具经销部
13931132419.txt$$$$郑州博远化工有限公司
13931165637.txt$$$$石家庄永安安全设备有限公司
13931166005.txt$$$$河北名动体育用品有限公司
13931166005_1.txt$$$$河北名动体育用品有限公司
13931166005_2.txt$$$$河北名动体育有限公司
