18553728949.txt$$$$山东翔工机械制造有限公司
18553729905.txt$$$$山东济宁萨奥机械设备有限公司
18553749666.txt$$$$济宁鑫硕工程机械有限公司
18553751070.txt$$$$山东友大机械制造有限公司
18553751070_1.txt$$$$山东友大机械制造有限公司
18553751070_2.txt$$$$山东友大机械制造有限公司
18553751172.txt$$$$山东儒工机械制造有限公司
18553751172_1.txt$$$$山东儒工机械制造有限公司
18553751259.txt$$$$济宁萨奥机械有限公司
18553753509.txt$$$$山东友大机械制造有限公司
18553755680.txt$$$$山东盈诺供应链管理有限公司
18553769216.txt$$$$山东悦安电子科技有限公司
18553769216_1.txt$$$$山东悦安电子科技有限公司
18553769216_2.txt$$$$山东悦安电子科技有限公司
18553769216_3.txt$$$$山东悦安电子科技有限公司
18553772393.txt$$$$济宁捷通重工科技有限公司
18553773706.txt$$$$曲阜盛辰机械有限公司
18553787076.txt$$$$曲阜市圣源科技开发有限公司
18553788555.txt$$$$济宁云凯包装科技有限公司
18553803213.txt$$$$泰石岩棉有限公司
18553805005.txt$$$$泰安兰亭轩桃木工艺品有限公司
18553822070.txt$$$$山东韧博护坡工程材料有限公司
18553822712.txt$$$$泰安亿车行汽车销售服务有限公司
18553823353.txt$$$$山东钜宏土工材料有限公司
18553823585.txt$$$$泰安建辉建材有限公司
18553828231.txt$$$$泰安腾路工程材料有限公司
18553836639.txt$$$$泰安腾飞工程机械有限公司
18553836639_1.txt$$$$泰安腾飞工程机械有限公司
18553838386.txt$$$$肥城市泰山涂塑帆布有限公司
18553860777.txt$$$$泰安市鲁班建材有限公司
