18837212333.txt$$$$郑州凯旋玻璃钢有限公司
18837212333_1.txt$$$$河南鑫通环保科技有限公司
18837212333_2.txt$$$$河南中世源建材有限公司
18837215555.txt$$$$安阳市福斯德商贸有限公司
18837222663.txt$$$$滑县华科农业机械设备贸易有限公司
18837233128.txt$$$$安阳市恒信锡业有限公司
18837243121.txt$$$$安阳鑫炬环保设备制造有限公司
18837271388.txt$$$$安阳市圣鑫农业技术服务有限责任公司
18837275227.txt$$$$滑县伟业机械有限公司
18837275229.txt$$$$安阳市创佳复合材料有限责任公司
18837275229_1.txt$$$$河南省洁苑环保科技有限公司
18837275565.txt$$$$河南永昌工程机械有限公司
18837276600.txt$$$$安阳市新程轴业机械有限公司
18837280580.txt$$$$河南锦鲤泳池有限公司
18837290008.txt$$$$河南奥晟远龙喷淋贸易有限公司
18837303789.txt$$$$河南三石机电设备制造有限公司
18837305055.txt$$$$新乡市蓝海环境科技有限公司
18837307688.txt$$$$新乡市正杰电热设备电器厂
18837311651.txt$$$$新乡市特种电机制造有限公司
18837315789.txt$$$$河南德隆重工科技有限公司
18837325898.txt$$$$新乡市盛达起重机有限公司
18837331771.txt$$$$新乡市睿瑄滤器有限公司
18837352008.txt$$$$新乡市泰格实业有限公司
18837415341.txt$$$$河南省力之源机械有限公司
18837466688.txt$$$$河南微猫健康科技有限公司
18837466688_1.txt$$$$河南微猫健康科技有限公司
18837700687.txt$$$$南阳新峰塑业有限公司
18837716666.txt$$$$南阳市大玄空文化传播有限责任公司
18837716666_1.txt$$$$南阳市大玄空文化传播有限责任公司
18837716666_2.txt$$$$南阳市大玄空文化传播有限责任公司
