18906259699.txt$$$$苏州普菲兰环境系统工程有限公司
18906327980.txt$$$$山东震环机床制造有限公司
18906337702.txt$$$$山东索非亚生物科技有限公司
18906337702_1.txt$$$$山东索非亚生物科技有限公司
18906337702_2.txt$$$$山东索非亚生物科技有限公司
18906337702_3.txt$$$$山东索非亚生物科技有限公司
18906338322.txt$$$$方鼎科技有限公司
18906338322_1.txt$$$$方鼎科技有限公司
18906338322_2.txt$$$$方鼎科技有限公司
18906351119.txt$$$$山东聊城润豪钢管有限公司
18906351119_1.txt$$$$山东聊城国通机械设备有限公司
18906352171.txt$$$$山东冠县众达交通设施有限公司
18906352288.txt$$$$聊城市宝铁金属材料有限公司
18906352288_1.txt$$$$聊城市宝铁金属材料有限公司
18906352288_2.txt$$$$聊城市宝铁金属材料有限公司
18906353337.txt$$$$聊城市皇冠工匠金属制品有限公司
18906353337_1.txt$$$$聊城市皇冠工匠金属制品有限公司
18906353337_2.txt$$$$聊城市皇冠工匠金属制品有限公司
18906353604.txt$$$$山东信谊联丰金属材料有限公司
18906353604_1.txt$$$$山东信谊联丰金属材料有限公司
18906353604_2.txt$$$$山东信谊联丰金属材料有限公司
18906353636.txt$$$$山东聊城龙辉管业有限公司
18906355598.txt$$$$山东飞龙管业有限公司
18906355598_1.txt$$$$山东龙哲金属制品有限公司
18906355598_2.txt$$$$山东龙哲金属制品有限公司
18906355598_3.txt$$$$山东龙哲金属制品有限公司
18906355598_4.txt$$$$山东龙哲金属制品有限公司
18906360112.txt$$$$潍坊晟河环保机械制造有限公司
18906360112_1.txt$$$$潍坊晟河环保机械制造有限公司
18906362204.txt$$$$山东德图农业科技有限公司
