17083129900.txt$$$$保定市润达模具制造有限公司
17083129900_1.txt$$$$保定市正同塑料制造有限公司
17083370320.txt$$$$武汉璐婕网络科技有限公司
17083836193.txt$$$$深圳市宝安区西乡锐洋机械制造厂
17083953960.txt$$$$河南鼎创货物运输有限公司
17083953960_1.txt$$$$河南鼎创货物运输有限公司
17083953960_2.txt$$$$河南鼎创货物运输有限公司
17084631798.txt$$$$东莞塑运塑胶有限公司
17084804208.txt$$$$焦作市钰欣机械有限公司郑州办事处
17084804208_1.txt$$$$河南省铁山起重有限公司
17084804208_2.txt$$$$河南黄河水工机械有限公司
17084804208_3.txt$$$$河南省铁山起重设备有限公司
17084927381.txt$$$$无极县津润门业有限公司
17085279814.txt$$$$东莞市全测电子科技有限公司
17085529098.txt$$$$安徽合田农业发展有限公司
17086078999.txt$$$$青岛恒典机电工程有限公司
17086209587.txt$$$$山东庆儒环保设备有限公司
17086236761.txt$$$$青岛百士莱餐饮咨询管理有限公司
17086236761_1.txt$$$$青岛百士莱餐饮管理咨询有限公司
17086337222.txt$$$$临沂跃邦新能源有限公司
17086368888.txt$$$$山东联强物流有限公司
17086900959.txt$$$$澳蓝（福建）实业有限公司
17087119237.txt$$$$武汉釉衣美涂环保科技有限公司
17087722598.txt$$$$盐城无忧水下工程有限公司
17087883649.txt$$$$淄博毗沙门经贸有限公司
17087884155.txt$$$$淄博华波颜料有限公司
17087884419.txt$$$$潍坊鑫汇护栏有限公司
17088180278.txt$$$$成都澳诗逸服饰有限公司
17088381976.txt$$$$重庆郎洁环保科技有限公司
17089372032.txt$$$$遵义超世装饰设计有限公司
