13817298118_1.txt$$$$上海恒凯物流有限公司
13817298118_2.txt$$$$上海恒凯物流有限公司
13817318994.txt$$$$上海迅建筑配套工程有限公司
13817321100.txt$$$$上海雁元物资有限公司
13817380707.txt$$$$上海坤石园林绿化工程有限公司
13817398123.txt$$$$上海互信二手机动车经营有限公司
13817406795.txt$$$$上海波昂阀门有限公司
13817411257.txt$$$$上海众臻信息科技有限公司
13817418883.txt$$$$上海音维电子科技有限公司
13817448194.txt$$$$上海河姆渡实业发展有限公司
13817482669.txt$$$$汉高化学技术(上海)有限公司
13817514556.txt$$$$国流机电（上海）有限公司
13817540232.txt$$$$上海汇精亚纳米新材料有限公司
13817545496.txt$$$$上海枫庆测控技术有限公司
13817558347.txt$$$$上海恒耀餐饮设备有限公司
13817585539.txt$$$$上海汉彻金属制品有限公司
13817594699.txt$$$$上海捷徽电子科技有限公司
13817603895.txt$$$$上海晏陵智能设备有限公司
13817617784.txt$$$$上海博测环境科技有限公司
13817637478.txt$$$$上海智川工贸有限公司
13817639212.txt$$$$上海品擎机电设备有限公司
13817660336.txt$$$$上海海博展览服务有限公司
13817716563.txt$$$$上海美坤电子科技有限公司
13817719747.txt$$$$上海戎戈光电科技有限公司
13817735550.txt$$$$上海译轩业自动化设备有限公司
13817735550_1.txt$$$$上海译轩工业自动化设备有限公司
13817754431.txt$$$$上海普项传动皮带有限公司
13817756741.txt$$$$上海谨建实业有限公司
13817787069.txt$$$$晨昀环保科技（上海）有限公司
13817818429.txt$$$$上海雅傲国际贸易有限公司
