13838277368.txt$$$$河南卓科机械设备有限公司
13838277757.txt$$$$巩义市鹏远机械制造厂
13838277757_1.txt$$$$巩义市鹏远机械制造厂
13838277757_2.txt$$$$巩义市鹏远机械制造厂
13838279859.txt$$$$河南天和食品连锁有限公司
13838281898.txt$$$$巩义市三维耐材有限公司
13838281898_1.txt$$$$巩义市三维耐材有限公司
13838281898_2.txt$$$$巩义市三维耐材有限公司
13838281919.txt$$$$河南金迪机械设备有限公司
13838283827.txt$$$$郑州宏源遮阳制品有限公司
13838283827_1.txt$$$$郑州宏源遮阳制品有限公司
13838283827_2.txt$$$$郑州宏源遮阳制品有限公司
13838283827_3.txt$$$$郑州宏源遮阳制品有限公司
13838284566.txt$$$$巩义市万洋供水材料有限公司
13838284566_1.txt$$$$巩义市万洋供水材料有限公司
13838284566_2.txt$$$$巩义市万洋供水材料有限公司
13838284678.txt$$$$巩义市荣达净水材料有限公司
13838285203.txt$$$$巩义市昕洁净水材料有限公司
13838285208.txt$$$$巩义鹏程滤材有限公司
13838288378.txt$$$$河南恒丰机械制造有限公司
13838291533.txt$$$$巩义市鑫龙矿山机械设备厂
13838293573.txt$$$$河南伟志模板有限公司
13838303505.txt$$$$郑州程翔重工机械有限公司
13838304110.txt$$$$郑州青霸清洁服务有限公司
13838304971.txt$$$$甘肃北展盛世会展服务有限公司
13838306574.txt$$$$河南元鑫榨油机械厂
13838313345.txt$$$$广州砺风新材料科技有限公司
13838315287.txt$$$$新郑市炎黄机械厂
13838316804.txt$$$$巩义市威邦机械制造有限公司
13838316804_1.txt$$$$巩义市威邦机械制造有限公司
