13905110991.txt$$$$东台市星林船用设备厂
13905134622.txt$$$$连云港金亿自动门工程有限公司
13905138390.txt$$$$江苏清美紫辰环境艺术工程有限公司
13905141684.txt$$$$南京汇贤温控设备有限公司
13905149277.txt$$$$南京华欣分析仪器制造有限公司
13905150369.txt$$$$南京恒邦环保工程有限公司
13905163958.txt$$$$江苏亚伟建筑装饰设计工程有限公司
13905169356.txt$$$$南京盐阳建筑材料有限公司
13905177023.txt$$$$宿州艾美特货架有限公司
13905180520.txt$$$$南京全控航空科技有限公司
13905185416.txt$$$$南京申瓯通信设备有限公司
13905185416_1.txt$$$$南京申瓯通信设备有限公司
13905185416_2.txt$$$$南京申瓯通信设备有限公司
13905185416_3.txt$$$$南京申瓯通信设备有限公司
13905185416_4.txt$$$$南京申瓯通信设备有限公司
13905185416_5.txt$$$$南京申瓯通信设备有限公司
13905185416_6.txt$$$$南京申瓯通信设备有限公司
13905185416_7.txt$$$$南京申瓯通信设备有限公司
13905185416_8.txt$$$$南京申瓯通信设备有限公司
13905185416_9.txt$$$$南京申瓯通信设备有限公司
13905186499.txt$$$$南京市下关区熙媛服饰中心
13905213317.txt$$$$徐州耐锐机电设备贸易有限公司
13905251636.txt$$$$江苏天利电梯有限公司
13905253709.txt$$$$仪征市东南化纤原料有限公司
13905253709_1.txt$$$$仪征市东南化纤原料有限公司
13905254151.txt$$$$江苏新星照明电器有限公司
13905261613.txt$$$$靖江市嘉科净化设备制造有限公司
13905270541.txt$$$$扬州晨海机电有限公司
13905275621.txt$$$$扬州市汇通探测仪器设备厂
13905280021.txt$$$$镇江新区亿邦化工厂调漆服务部
