15621283425_2.txt$$$$德州市亿康餐车有限公司
15621283425_3.txt$$$$德州市亿康餐车有限公司
15621288179.txt$$$$德州宁津烨鲁木业有限公司
15621288555.txt$$$$德州帝旺通风设备有限公司
15621319900.txt$$$$泰安开发区宇凡园艺场
15621357679.txt$$$$济宁骄阳工程设备有限公司
15621360220.txt$$$$泰安辰茂矿山设备有限公司
15621470096.txt$$$$青岛济安流体设备有限公司
15621522007.txt$$$$肥城联谊工程塑料有限公司
15621559368.txt$$$$泰安市北山机械设备有限公司
15621573187.txt$$$$泰安市国安兴业工贸有限公司
15621575815.txt$$$$泰安市国瑞环保设备有限公司
15621575815_1.txt$$$$泰安市国瑞环保设备有限公司
15621575815_2.txt$$$$泰安市国瑞环保设备有限公司
15621581199.txt$$$$山东山一新材料科技有限公司
15621590922.txt$$$$泰安市尼蒙电子科技有限公司
15621607801.txt$$$$潍坊市邦威经贸有限公司
15621612015.txt$$$$山东卫林凯宠物用品有限公司
15621612623.txt$$$$山东乐斌环保科技有限公司
15621620407.txt$$$$山东孙鹏商贸有限公司
15621621109.txt$$$$山东中卓建材有限公司
15621625899.txt$$$$诸城市汇康食品机械有限公司
15621627658.txt$$$$山东大华玻璃钢有限公司
15621628988.txt$$$$诸城迈瑞特机械设备制造有限公司
15621631100.txt$$$$潍坊华星氟塑制品有限公司
15621633689.txt$$$$山东九重化工有限公司
15621637033.txt$$$$山东年丰动力机械有限公司
15621685685.txt$$$$潍坊聚和机械有限公司
15621686277.txt$$$$诸城市润鲁机械有限公司
15621696221.txt$$$$青州市信源温控设备有限公司
