18974863868.txt$$$$长沙静立方隔音窗有限公司
18974865268.txt$$$$四川宜居舒适建材有限公司
18974904380.txt$$$$长沙文铖电气设备有限公司
18974925972.txt$$$$长沙市望城区芦花江传统小吃店
18974948866.txt$$$$浏阳市天宇仿真模型有限公司
18975108318.txt$$$$湖南万物工业软件有限公司
18975116489.txt$$$$浏阳市湘东科技展览模型有限公司
18975135357.txt$$$$湖南纵南管业有限公司
18975136532.txt$$$$长沙威伟电能表有限公司
18975152482.txt$$$$湖南远仑化工科技有限公司
18975162211.txt$$$$湖南卉德戈商贸有限公司
18975201999.txt$$$$湖南恒润高科股份有限公司
18975258982.txt$$$$湖南麦克斯搅拌捏合设备有限公司
18975293197.txt$$$$广州力和海得换热设备有限公司
18975298315.txt$$$$湘潭华宇电炉制造有限公司
18975336008.txt$$$$湖北东升塑业有限公司
18975459888.txt$$$$江门湘粤建设有限公司
18975483666.txt$$$$湖南九龙山珍禽集团有限公司昆明分公司
18975483666_1.txt$$$$湖南九龙山珍禽集团有限公司昆明分公司
18975509988.txt$$$$湖南中升塑业科技有限公司
18975594950.txt$$$$广州德亮材料科技有限公司
18975725790.txt$$$$湖南小雷智能科技有限公司
18975801837.txt$$$$湖南欧足健针织有限公司
18975835518.txt$$$$临沂云熙商贸有限公司
18975853464.txt$$$$湖南腾广金属制品集团有限公司
18975859388.txt$$$$湖南伟亿复合建材有限公司
18975890151.txt$$$$湖南三仁机械有限公司
18975890151_1.txt$$$$湖南三仁机械有限公司
18975890151_2.txt$$$$湖南三仁机械有限公司
18975921400.txt$$$$湖南绿禽农牧有限公司
