15168906006.txt$$$$山东万润木业有限公司
15168985790.txt$$$$临沂德厚包装制品有限公司
15168985790_1.txt$$$$临沂德厚包装制品有限公司
15168985790_2.txt$$$$临沂德厚包装制品有限公司
15168994678.txt$$$$郯城县柴旺食品有限公司
15168994678_1.txt$$$$郯城县柴旺食品有限公司
15168994678_2.txt$$$$郯城县柴旺食品有限公司
15168995160.txt$$$$山东增发建材有限公司
15169002164.txt$$$$济南梦波餐饮有限公司
15169008682.txt$$$$济南中瑞游乐设备有限公司
15169008682_1.txt$$$$济南中瑞游乐设备有限公司
15169022933.txt$$$$山东蓝升泵业有限公司
15169022933_1.txt$$$$济南蓝升机械有限公司
15169028900.txt$$$$济南迪迈网络科技有限公司
15169042665.txt$$$$济南永好信息技术有限公司
15169062093.txt$$$$济南尚安电子科技有限公司
15169062585.txt$$$$山东大志天成企业管理咨询集团有限公司
15169075733.txt$$$$青岛康恒环保科技有限公司
15169079753.txt$$$$柳州萌芽商贸有限公司
15169126012.txt$$$$济南质臻自动化设备有限公司
15169130840.txt$$$$济南德莱威数控设备有限公司
15169133588.txt$$$$山东华鲁环保科技有限公司
15169133588_1.txt$$$$山东正舜环保科技有限公司
15169170063.txt$$$$山东创富餐饮有限公司
15169194412.txt$$$$历城区佰利汇达化工产品经营部
15169212580.txt$$$$山东飞地景观艺术工程有限公司
15169278957.txt$$$$淄博友胜化工设备有限公司
15169313188.txt$$$$周村金鲤养殖厂
15169335444.txt$$$$淄博国聚化工科技有限公司
15169355011.txt$$$$淄博恩泽网络科技有限公司
