18477160789.txt$$$$广西南宁千千创商贸有限公司
18477423575.txt$$$$梧州蓝农人农贸有限公司
18478216759.txt$$$$山东利嘉正锅炉有限公司
18481948561.txt$$$$湖北金雄和金属有限公司
18481955342.txt$$$$河南奥瑞克环保工程科技有限公司
18482148602.txt$$$$成都索季东股环保技术有限公司
18482165047.txt$$$$上海鹏圣实业有限公司
18482227637.txt$$$$山东欧展正锅炉有限公司
18482231138.txt$$$$湖南永高广顺工艺品有限公司
18482245717.txt$$$$泉州铠马厨卫有限公司
18482294884.txt$$$$郴州小净熊环保科技有限公司
18482327149.txt$$$$东莞常平壹本酿造设备经营部
18482343620.txt$$$$广东逸境居新型材料有限公司
18482351584.txt$$$$潍坊儒林遮阳篷工程有限公司
18482362932.txt$$$$石狮华宝新材料工程有限公司
18482366396.txt$$$$北京德晟基业建筑工程技术有限公司
18482369972.txt$$$$郑州奶茶店设备有限公司
18482374052.txt$$$$宜兴市盛龙金属丝网有限责任公司
18482376615.txt$$$$阿拉善盟双宝福兴石材有限公司
18482394232.txt$$$$临朐贵大瑞门业有限公司
18483675067.txt$$$$深圳杜因特电子有限公司
18483695138.txt$$$$无锡赛勒斯特环保科技有限公司
18487101941.txt$$$$云南美佳会展有限公司
18487150310.txt$$$$昆明春都特色小吃培训中心
18487237517.txt$$$$云南雷马塑料制品有限公司
18487353868.txt$$$$昆明博亮建材有限责任公司
18487353868_1.txt$$$$昆明博亮建材有限责任公司
18487353868_2.txt$$$$昆明博亮建材有限责任公司
18488344274.txt$$$$深圳市通畅五金有限公司
18500031370.txt$$$$广州市铭源物流有限公司
