13516906058_1.txt$$$$浦江县华涛印花厂
13516906058_2.txt$$$$浦江县华涛印花厂
13516907273.txt$$$$浦江卓尔雅化妆用具有限公司
13516912586.txt$$$$东阳市画水旭华红木家具厂
13516912586_1.txt$$$$东阳市画水旭华红木家具厂
13516912586_2.txt$$$$东阳市画水旭华红木家具厂
13516916709.txt$$$$东阳市吉堂红木家具厂
13516916709_1.txt$$$$东阳市吉堂红木家具厂
13516916709_2.txt$$$$东阳市吉堂红木家具厂
13516917665.txt$$$$东阳市真牛针织服饰有限公司
13516917665_1.txt$$$$东阳市真牛针织服饰有限公司
13516921688.txt$$$$金华市名邦新材料有限公司
13516921688_1.txt$$$$金华市名邦新材料有限公司
13516921688_2.txt$$$$金华市名邦新材料有限公司
13516929727.txt$$$$金华功彩安防设备有限公司
13516929727_1.txt$$$$金华功彩安防设备有限公司
13516929727_2.txt$$$$金华功彩安防设备有限公司
13516947666.txt$$$$浙江浙中链条有限公司
13516953812.txt$$$$东阳市铜闯废旧金属回收有限公司
13516963160.txt$$$$金华巨信实业有限公司
13516966951.txt$$$$金华市金东区浩均家庭农场
13516966951_1.txt$$$$金华市金东区浩均家庭农场
13516966951_2.txt$$$$金华市金东区浩均家庭农场
13516973849.txt$$$$金华市晟荣建材有限公司
13516973849_1.txt$$$$金华市晟荣建材有限公司
13516973849_2.txt$$$$金华市晟荣建材有限公司
13516988867.txt$$$$金华市国丰橡塑有限公司
13516988867_1.txt$$$$金华市国丰橡塑有限公司
13516988867_2.txt$$$$金华市国丰橡塑有限公司
13516988867_3.txt$$$$金华市国丰橡塑有限公司
