13590562670.txt$$$$佛山市华谨检测技术服务有限公司
13590574111.txt$$$$广州市津祺贸易有限公司
13590578555.txt$$$$佛山市顺德区众地市政建设工程有限公司
13590625888.txt$$$$佛山市华美森大保温材料有限公司
13590662222.txt$$$$佛山市康运复合材料有限公司
13590662222_1.txt$$$$佛山市康运复合材料有限公司
13590662222_2.txt$$$$佛山市康运复合材料有限公司
13590681968.txt$$$$佛山市兴铝装饰材料有限公司
13590685211.txt$$$$佛山市南海杰兰斯装饰材料有限公司
13590708081.txt$$$$中山恒兴船木家具有限公司
13590718065.txt$$$$中山市卡唯贸易有限公司
13590769021.txt$$$$深圳市好朋友国际货运代理有限公司
13590782978.txt$$$$中山万家老船木家具有限公司
13590786804.txt$$$$中山立讯电气有限公司
13590786804_1.txt$$$$中山朗立电气有限公司
13590912876.txt$$$$广东川田卫生用品有限公司
13591102298.txt$$$$大连众海包装设备有限公司
13591386783.txt$$$$大连宝通管业有限公司
13591406578.txt$$$$沈阳汇景建筑模型设计有限公司
13591476656.txt$$$$沈阳厚金科技有限公司
13591525818.txt$$$$丹东市振安区五龙背镇正和机械厂
13591529939.txt$$$$凤城市宏大环保锅炉制造有限公司
13591591590.txt$$$$本溪市欧瑾庄园
13591636995.txt$$$$沈阳恒悦管道设备制造有限公司
13591676175.txt$$$$辽阳嘉信碳素新材料有限公司
13591696063.txt$$$$沈阳东丰石材雕塑工程有限公司
13591863166.txt$$$$厦门市珑明机械设备有限公司
13591910761.txt$$$$辽阳兴德石墨有限公司
13591921277.txt$$$$辽阳县双力农机具厂
13592062406.txt$$$$洛阳昌瑞炉业有限责任公司
