18509222208.txt$$$$西安雁塔区星途文化艺术培训中心
18509227229.txt$$$$陕西绿达实创环保新材料有限公司
18509256883.txt$$$$陕西赤兔人力资源有限公司
18509282715.txt$$$$西安斯派新材料科技有限公司
18509526767.txt$$$$宁夏新开河储罐有限公司
18509933111.txt$$$$沙湾汇丰天下商贸有限公司
18509943798.txt$$$$新疆猎鹰无人机科技有限公司
18510005207.txt$$$$中版行知（广州）数字传媒有限公司
18510071555.txt$$$$山东龙圣嘉业环卫设备有限公司
18510115345.txt$$$$北京优测同信科技有限公司
18510115345_1.txt$$$$北京优测同信科技有限公司
18510115345_2.txt$$$$北京优测同信科技有限公司
18510121801.txt$$$$北京中捷四方生物科技股份有限公司
18510121801_1.txt$$$$北京中捷四方生物科技股份有限公司
18510121801_2.txt$$$$北京中捷四方生物科技股份有限公司
18510158629.txt$$$$北京中百文化传播有限公司
18510192048.txt$$$$北京广徐记餐饮管理有限公司
18510438947.txt$$$$北京爱宝兰装饰设计有限公司
18510450442.txt$$$$北京威动科技有限公司
18510450442_1.txt$$$$北京威动科技有限公司
18510450442_2.txt$$$$北京威动科技有限公司
18510466444.txt$$$$北京博立新地科技发展有限公司
18510525249.txt$$$$北京中科地联科技发展有限责任公司
18510531923.txt$$$$北京志成机电设备租赁有限公司
18510559879.txt$$$$北京齐乐祥豪文化传媒有限公司
18510565126.txt$$$$北京美德保润牧生物技术有限公司
18510585948.txt$$$$北京中科地联科技有限责任公司
18510630718.txt$$$$北京科锐广视科技发展有限公司
18510665798.txt$$$$河南掌间三寸教育科技有限公司
18510665798_1.txt$$$$河南掌间三寸教育科技有限公司
