13930214526.txt$$$$保定欧诺散热器销售有限公司
13930217801.txt$$$$雄县江源色母粒制造有限公司
13930222859.txt$$$$保定巨万商贸有限公司
13930229167.txt$$$$雄县远腾塑胶制品有限公司
13930233028.txt$$$$河北文禄雕塑工艺品销售有限公司
13930252698.txt$$$$唐县汇丰工艺品厂
13930252698_1.txt$$$$唐县汇丰工艺品厂
13930252698_2.txt$$$$唐县汇丰工艺品厂
13930252698_3.txt$$$$唐县汇丰工艺品厂
13930259926.txt$$$$河北宏通中药材销售有限公司
13930278183.txt$$$$雄县昝岗巨强塑料制品厂
13930287963.txt$$$$保定市冀玉模具制造有限公司
13930289039.txt$$$$雄县爱盛华塑胶制品有限公司
13930296315.txt$$$$易县永翔石材经销处
13930297911.txt$$$$雄县昝岗双明塑料制品厂
13930300310.txt$$$$秦皇岛市顺缘汽车修理服务有限公司
13930300855.txt$$$$供能工业科技秦皇岛有限公司
13930322198.txt$$$$昌黎县鑫林苗木有限公司
13930396861.txt$$$$秦皇岛市浩霖石英砂设备有限公司
13930429858.txt$$$$石家庄东泰兴钢铁有限公司
13930442222.txt$$$$河北电机股份有限公司
13930477756.txt$$$$石家庄宝瑞祥工贸有限公司
13930608026.txt$$$$文安县腾达纸箱厂
13930613951.txt$$$$廊坊宸科过滤设备有限公司
13930614400.txt$$$$河北欧顺过滤设备有限公司
13930614400_1.txt$$$$河北欧顺过滤设备有限公司
13930614400_2.txt$$$$河北欧顺过滤设备有限公司
13930616636.txt$$$$廊坊市航新仪器仪表有限公司
13930621601.txt$$$$文安县金源彩钢活动房厂
13930626723.txt$$$$华兴钢杆厂
