13698973928.txt$$$$海南诚信废旧物资回收有限公司
13699106553.txt$$$$北京京城瑞艺管道疏通清洗有限公司
13699126785.txt$$$$北京亿戈服装设计培训学校
13699134940.txt$$$$北京友联宇通环保科技有限公司
13699134940_1.txt$$$$北京友联宇通环保科技有限公司
13699134940_2.txt$$$$北京友联宇通环保科技有限公司
13699173593.txt$$$$北京赛雷亚展览有限公司
13699196943.txt$$$$北京德联达科技开发有限公司
13699215907.txt$$$$北京恒瑞天成商贸有限公司
13699251791.txt$$$$安捷美北京国际展览有限公司
13699252649.txt$$$$北京蒙科宏来服装有限公司
13699254621.txt$$$$北京启月星辰科技有限责任公司
13699281398.txt$$$$北京万延世纪科技有限公司
13699360802.txt$$$$新疆轻舟装饰工程有限公司
13699362343.txt$$$$新疆金杨万华木业有限公司
13699504571.txt$$$$南昌家政商会
13699509799.txt$$$$江西省南方通用设备厂
13699509799_1.txt$$$$江西省南方通用设备厂
13699509799_2.txt$$$$江西省南方通用设备厂
13699509799_3.txt$$$$江西省南方通用设备厂
13699509799_4.txt$$$$江西省南方通用设备厂
13699509799_5.txt$$$$江西省南方通用设备厂
13699526870.txt$$$$南昌亿天广告有限公司
13699526870_1.txt$$$$南昌亿天广告有限公司
13699526870_2.txt$$$$南昌亿天广告有限公司
13699526870_3.txt$$$$南昌亿天广告有限公司
13699526870_4.txt$$$$南昌亿天广告有限公司
13699527287.txt$$$$南昌冰点信息技术有限公司
13699527287_1.txt$$$$南昌冰点信息技术有限公司
13699527287_2.txt$$$$南昌冰点信息技术有限公司
