13092637678.txt$$$$岗春激光科技（江苏）有限公司
13092738608.txt$$$$黄冈市蕲春县新天地瓷业有限公司
13092978507.txt$$$$陕西罗文交通安防设备有限公司
13093022738.txt$$$$无锡神洲通用设备有限公司
13093027878.txt$$$$无锡市中柯机电有限公司
13093088756.txt$$$$无锡市安信物流有限公司
13093111710.txt$$$$无锡市麦海商贸有限公司
13093212545.txt$$$$钟祥市轩海装饰材料销售中心
13093455980.txt$$$$安徽浩远篷业有限公司
13093455980_1.txt$$$$安徽浩远篷业有限公司
13093459897.txt$$$$安徽华越环保科技有限公司
13093645735.txt$$$$芜湖市虎盛餐饮管理有限公司
13093645735_1.txt$$$$芜湖市虎盛餐饮管理有限公司
13093645735_2.txt$$$$芜湖市虎盛餐饮管理有限公司
13093672203.txt$$$$上海略晨建设有限公司
13093705286.txt$$$$杭州澜诺唯雪装饰工程有限公司
13093760970.txt$$$$兴达门业有限公司
13093786905.txt$$$$杭州秋蝶服装辅料有限公司
13093897335.txt$$$$台州亦找平新材料科技有限公司
13094126136.txt$$$$襄阳市俭鼎玻璃钢有限责任公司
13094180685.txt$$$$湖北心亚照明工程有限公司
13094664920.txt$$$$金华永恒台球桌厂
13094813251.txt$$$$沈阳瑞科斯节能科技有限公司
13094815058.txt$$$$浙江格林爱环保技术有限公司
13095531118.txt$$$$池州市超前石业有限公司
13095562777.txt$$$$安庆市顶旺商贸有限公司
13095620831.txt$$$$嘉兴集美新材料科技有限公司
13095800254.txt$$$$上海西熙工控自动化有限公司
13095805348.txt$$$$泌阳兴昌石材有限公司
13095819540.txt$$$$长沙市安思安电子科技有限公司
