13659402997.txt$$$$甘肃飞娱影视文化发展有限公司
13659419389.txt$$$$兰州华丰钢模板厂
13659444150.txt$$$$兰州新区顺鑫彩钢厂
13659466088.txt$$$$兰州宜恒水泥制品建材厂
13659481883.txt$$$$兰州拉瑞斯金属有限公司
13659721245.txt$$$$湛江市飞星贸易有限公司
13659807352.txt$$$$武汉市东西湖永泽木皮经营部
13659825317.txt$$$$武汉丰裕达商贸有限公司
13659828819.txt$$$$武汉雄纽迪机械制造有限公司
13659831970.txt$$$$武汉中频音响灯光工程有限公司
13659854668.txt$$$$武汉长通日新光电科技有限公司
13659863636.txt$$$$武汉弘仁兄弟科技股份有限公司
13659864538.txt$$$$武汉源闰环保科技有限公司
13659869809.txt$$$$武汉嘉源基业高新科技有限公司
13659875081.txt$$$$武汉保华智科数控设备有限公司
13659875081_1.txt$$$$武汉保华智科数控设备有限公司
13659875081_2.txt$$$$武汉保华智科数控设备有限公司
13659883519.txt$$$$武汉市武昌区永鑫搬家服务部
13659889290.txt$$$$湖北三行科技股份有限公司
13660011873.txt$$$$广州卡诺电子科技有限公司
13660028345.txt$$$$广州盈润环境工程有限公司
13660028345_1.txt$$$$广州盈润环境工程有限公司
13660028345_2.txt$$$$广州盈润环境工程有限公司
13660032916.txt$$$$广州市兴胜杰科技有限公司
13660032916_1.txt$$$$广州市兴胜杰科技有限公司
13660032916_2.txt$$$$广州市兴胜杰科技有限公司
13660035788.txt$$$$广州市白云区三元里大豪新美发用品用具商行
13660050588.txt$$$$广州暴风雨传媒有限公司
13660050588_1.txt$$$$广州暴风雨传媒有限公司
13660050588_2.txt$$$$广州暴风雨传媒有限公司
