18771070320.txt$$$$武汉安腾之星汽车服务有限公司
18771081158.txt$$$$湖北瑞依城服饰有限公司
18771093000.txt$$$$湖北传龙建材有限公司
18771100325.txt$$$$宜昌盼盼木制品有限责任公司
18771111383.txt$$$$湖北翊品鼎屹机械租赁有限公司
18771115015.txt$$$$武汉弘利顺钢构有限公司
18771165337.txt$$$$武汉吉慕体育用品有限公司
18771265888.txt$$$$咸宁子龙文武学校
18771271296.txt$$$$湖北轩德车业有限公司
18771301068.txt$$$$咸安区恒丰园林防腐木店
18771316073.txt$$$$咸宁桂花香养蜂专业合作社
18771316073_1.txt$$$$湖北香城泉都大桥村望花周健康养老院有限公司
18771361816.txt$$$$湖北舜宇房车装备有限公司
18771385535.txt$$$$湖北智乐游泳设施有限公司
18771442726.txt$$$$枣阳市栗宏图建材有限公司
18771442726_1.txt$$$$枣阳市栗宏图建材有限公司
18771526657.txt$$$$深圳市优远丝印移印有限公司
18771530923.txt$$$$襄阳腾辉电气制造有限公司
18771535888.txt$$$$襄阳昊海汽车服务有限公司
18771535888_1.txt$$$$襄阳昊海汽车服务有限公司
18771535888_2.txt$$$$襄阳昊海汽车服务有限公司
18771551442.txt$$$$襄阳顺科网络科技有限公司
18771551998.txt$$$$襄阳君雷汽车配件有限公司
18771551998_1.txt$$$$襄阳君雷汽车配件有限公司
18771551998_2.txt$$$$襄阳市君雷汽车配件有限公司
18771566115.txt$$$$襄阳臻美美容服务有限公司
18771660141.txt$$$$上海新宁热能设备有限公司
18771792116.txt$$$$上海诗幕自动化设备有限公司
18771867693.txt$$$$宜昌宏瑞清洁设备有限公司
18771907073.txt$$$$武汉市洪山区凉亭水泥经营部
