15201111208_2.txt$$$$广东维冠智安显示科技有限公司
15201160776.txt$$$$北京老上光仪器有限公司
15201160776_1.txt$$$$北京老上光仪器有限公司
15201160776_2.txt$$$$北京老上光仪器有限公司
15201186762.txt$$$$北京博奕通达装饰工程有限公司
15201255285.txt$$$$北京赛米莱德贸易有限公司
15201255285_1.txt$$$$北京赛米莱德贸易有限公司
15201255285_2.txt$$$$北京赛米莱德贸易有限公司
15201264971.txt$$$$北京搏恩科技有限公司
15201309414.txt$$$$福州鼎阳丰泰新能源科技有限公司
15201442255.txt$$$$山东龙圣嘉业展示道具制造有限公司
15201499042.txt$$$$北京盛翔非开挖管道穿越工程定向钻拉管施工队
15201521562.txt$$$$重庆酸辣粉做法学习加盟中心
15201528687.txt$$$$北京凯硕恒盛科技有限公司
15201528687_1.txt$$$$北京凯硕恒盛科技有限公司
15201528687_2.txt$$$$北京凯硕恒盛科技有限公司
15201586585.txt$$$$北京海闻展览策划有限公司
15201588510.txt$$$$北京嘉辉门窗厂
15201635295.txt$$$$长胜物流
15201689656.txt$$$$北京迪美视科技有限公司
15201707055.txt$$$$树新机械有限公司
15201735951.txt$$$$上海星光商业展览有限公司
15201798507.txt$$$$上海达琼流体科技有限公司
15201798507_1.txt$$$$Swagelok（世伟洛克）流体中国有限公司
15201849287.txt$$$$上海聚友木包装厂
15201867049.txt$$$$上海美露防静电地板有限公司
15201888915.txt$$$$慕尼黑展览有限公司
15201939775.txt$$$$上海振大电器成套有限公司
15201939775_1.txt$$$$上海振大电器成套有限公司
15201982698.txt$$$$上海乘心塑化科技有限公司
