18860378852.txt$$$$河南康旭环保科技有限公司
18860399633.txt$$$$河南盛世达门业有限公司
18860564119.txt$$$$山东硕玛环保科技有限公司
18860565388.txt$$$$博兴县兴福镇真诚不锈钢制品厂
18860594123.txt$$$$山东鸿升电器有限公司
18860594123_1.txt$$$$山东鸿升电器有限公司
18860594123_2.txt$$$$山东鸿升电器有限公司
18860594123_3.txt$$$$山东鸿升电器有限公司
18860597188.txt$$$$山东华誉机械设备有限公司
18860597188_1.txt$$$$山东华誉机械设备有限公司
18860705209.txt$$$$昆明耀特经贸有限公司
18860990836.txt$$$$上海安科瑞新能源有限公司
18860995251.txt$$$$江苏安科瑞电器有限公司
18860996032.txt$$$$江苏安科瑞微电网研究院有限公司
18861018111.txt$$$$连云港宏坤建材有限公司
18861019468.txt$$$$苏州顺辉新能源科技有限公司
18861119327.txt$$$$金诺市政工程有限公司
18861158811.txt$$$$江苏乾正古建工程有限公司
18861261683.txt$$$$常州双安公司
18861288770.txt$$$$常州圣德环保科技有限公司
18861319682.txt$$$$连云港欧德自动化设备有限公司
18861405917.txt$$$$常州优卓自动化科技有限公司
18861525728.txt$$$$无锡巨路光电科技有限公司
18861541782.txt$$$$无锡市嘉之信装饰设计有限公司
18861583675.txt$$$$江苏巴尔利环境科技有限公司
18861596585.txt$$$$宜兴市克洛瑞斯陶瓷科技有限公司
18861605876.txt$$$$无锡富罡金属制品有限公司
18861608001.txt$$$$无锡达鑫隔墙屏风有限公司
18861615341.txt$$$$无锡万利达铝业有限公司
18861700456.txt$$$$无锡鑫佰润精密轴承有限公司
