18853599671.txt$$$$山东莱州万达塑料机械厂
18853599671_1.txt$$$$莱州市沙河镇运通塑料机械厂
18853603226.txt$$$$诸城市双兴机械有限公司
18853610077.txt$$$$青州市欧特环保设备有限公司
18853610777.txt$$$$青州市欧特环保设备有限公司
18853611897.txt$$$$山东浩海疏浚装备有限公司
18853611897_1.txt$$$$山东浩海疏浚装备有限公司
18853611897_2.txt$$$$山东浩海疏浚装备有限公司
18853613217.txt$$$$潍坊金盟砂金矿业机械有限公司
18853613217_1.txt$$$$潍坊金盟砂金矿业机械有限公司
18853613217_2.txt$$$$潍坊金盟砂金矿业机械有限公司
18853613217_3.txt$$$$潍坊金盟砂金矿业机械有限公司
18853613219.txt$$$$潍坊金盟砂金矿业机械有限公司
18853613555.txt$$$$潍坊瀚泓节能温调设备有限公司市场部
18853613889.txt$$$$青州市同盛包装机械有限公司
18853615333.txt$$$$青州市建发温室大棚施工队
18853615776.txt$$$$青州百川温室工程有限公司
18853616111.txt$$$$山东大霖温室园艺工程有限公司
18853618818.txt$$$$青州市中科重工机械制造厂
18853618818_1.txt$$$$青州市盛金重工砂矿机械有限公司
18853622666.txt$$$$潍坊鼎福电炉科技有限公司
18853631626.txt$$$$山东省诸城市宏康塑料包装有限公司
18853635515.txt$$$$诸城市鑫鼎机械有限公司
18853636086.txt$$$$潍坊市瑞泰机械有限公司
18853637682.txt$$$$山东省泰安浩宇服饰有限公司
18853638900.txt$$$$寿光市润宏农业科技有限公司
18853650256.txt$$$$潍坊泰达环保设备有限公司
18853656957.txt$$$$山东博凌机械科技有限公司
18853660162.txt$$$$潍坊信邦网络有限公司
18853670565.txt$$$$潍坊义德换热设备有限公司
