15666861111.txt$$$$宁津县宁源铸造过滤网厂
15666862955.txt$$$$德州慧欣空调设备有限公司
15666878710.txt$$$$临沭瑞越石材有限公司
15666878710_1.txt$$$$临沭瑞越石材有限公司
15666878710_2.txt$$$$临沭瑞越石材有限公司
15666881150.txt$$$$诸城精诺机械有限公司
15666881197.txt$$$$诸城市精诺机械有限公司
15666882982.txt$$$$诸城市鼎惠机械科技有限公司
15666883513.txt$$$$诸城市铭越机械科技有限公司
15666886150.txt$$$$诸城市润成成机械有限公司
15666886159.txt$$$$诸城隆康食品机械有限公司
15666886599.txt$$$$山东省兆源机械制造有限公司
15666886661.txt$$$$山东国一重工环保装备有限公司
15666886661_1.txt$$$$山东国一重工环保装备有限公司
15666886897.txt$$$$山东兆鑫智能科技有限公司
15666886927.txt$$$$诸城市恒福机械有限公司
15666888520.txt$$$$诸城市永安机械有限公司
15666906090.txt$$$$烟台崑龙温泉有限公司
15666906090_1.txt$$$$烟台崑龙温泉有限公司
15666906090_2.txt$$$$烟台崑龙温泉有限公司
15666906090_3.txt$$$$烟台崑龙温泉有限公司
15666920990.txt$$$$曲阜市通源机械制造有限公司
15666929262.txt$$$$山东鼎冠机械设备有限公司
15666929892.txt$$$$山东锐捷机械有限公司
15666931112.txt$$$$山东柏步杨机械设备有限公司
15666931112_1.txt$$$$山东柏步杨机械设备有限公司
15666931112_2.txt$$$$山东柏步杨机械设备有限公司
15666935222.txt$$$$泰安市岱山区满庄镇万林苗圃
15666939375.txt$$$$泰安市泰山区财顺顺食品机械有限责任公司
15666984666.txt$$$$德州永利烘干设备有限公司
