18660761571.txt$$$$山东中煤工程机械有限公司
18660761597.txt$$$$山东天盾安防救援装备制造有限公司
18660761636.txt$$$$山东中煤工矿物资集团有限公司
18660761662.txt$$$$山东中煤集团
18660761671.txt$$$$山东中煤工矿物资集团有限公司
18660762755.txt$$$$济宁骄阳工矿设备有限公司
18660763605.txt$$$$中运智能机械集团有限公司
18660775538.txt$$$$山东本蓝环保设备科技有限公司
18660775938.txt$$$$山东蓝海环保科技有限公司
18660778779.txt$$$$济南索肯工控成套设备有限公司
18660780180.txt$$$$济南杰灵餐饮管理咨询有限公司
18660785138.txt$$$$济南正旺酒业有限公司
18660788688.txt$$$$济南宏基达升降机械有限公司
18660788721.txt$$$$山东耀钢物资有限公司
18660788902.txt$$$$济南烫煮风餐饮管理有限公司
18660793652.txt$$$$济南艾妮职业培训学校
18660809694.txt$$$$济南炳元建材有限公司
18660809694_1.txt$$$$济南炳元建材有限公司
18660811382.txt$$$$山东飞鲨展览有限公司
18660812347.txt$$$$济南博联泥浆泵有限责任公司
18660812347_1.txt$$$$济南博联泥浆泵有限公司
18660813919.txt$$$$盐山颢泰交通设施有限公司
18660815186.txt$$$$济南超凡园林景观工程有限公司
18660815215.txt$$$$山东晟博安金属制品有限公司
18660816658.txt$$$$山东创图建筑装饰工程有限公司
18660816658_1.txt$$$$山东创图建筑装饰工程有限公司
18660816658_2.txt$$$$山东创图建筑装饰工程有限公司
18660816658_3.txt$$$$山东创图建筑装饰工程有限公司
18660817150.txt$$$$山东燧光智能科技有限公司
18660820025.txt$$$$山东朋成建材有限公司
