18676702060.txt$$$$广州爱迪斯有限公司
18676705653.txt$$$$深圳市康利维修清洁服务中心
18676706083.txt$$$$深圳市广思科技有限公司
18676707508.txt$$$$东莞尚坤精密机械有限公司
18676707508_1.txt$$$$东莞尚坤精密机械有限公司
18676707508_2.txt$$$$东莞尚坤精密机械有限公司
18676715907.txt$$$$深圳市志远达治具开发有限公司
18676727970.txt$$$$惠州市麒麟环保材料有限公司
18676729436.txt$$$$深圳意合工业设备有限公司
18676751923.txt$$$$深圳市摩登视觉文化传播有限公司
18676767285.txt$$$$深圳市杰升达机械有限公司
18676769502.txt$$$$深圳市菲昂机电有限公司
18676784861.txt$$$$鸿祥宇科技有限公司
18676789693.txt$$$$深圳万兴达筛网制品有限公司
18676798999.txt$$$$深圳市天霖科技有限公司
18676839611.txt$$$$广州市迈阔物流有限公司
18676880116.txt$$$$广州万彩地坪装修材料有限公司
18676883019.txt$$$$广州船源食品有限公司
18676886630.txt$$$$聚媛美美容产品有限公司
18676908896.txt$$$$东莞市致荣环保设备有限公司
18676914921.txt$$$$东莞市三易智能设备有限公司
18676925815.txt$$$$东莞市索诚电子有限公司
18676929982.txt$$$$东莞市竞风电子有限公司
18676970823.txt$$$$东莞市西普机械有限公司
18676970823_1.txt$$$$东莞市西普机械有限公司
18676970823_2.txt$$$$东莞市西普机械有限公司
18676971545.txt$$$$东莞市瑞玛特塑料有限公司
18676983181.txt$$$$中青旅广州国际旅行社有限公司深圳罗湖分公司
18676988837.txt$$$$东莞市金烙印包装制品有限公司
18676989826.txt$$$$东莞星诺塑胶制品有限公司
