13867582179_1.txt$$$$浙江飞腾智能科技有限公司
13867582179_2.txt$$$$浙江飞腾智能科技有限公司
13867586185.txt$$$$浙江江欣铜管道有限公司
13867661819.txt$$$$台州市宝刚机械有限公司
13867665038.txt$$$$浙江浙非新能源有限公司
13867668686.txt$$$$台州市宏泽包装有限公司
13867713954.txt$$$$温州市元业空压机配件厂
13867734846.txt$$$$平阳县俪雅塑胶制品厂
13867778952.txt$$$$乐清市盛善电气有限公司
13867822138.txt$$$$宁波荣炎暖通工程有限公司
13867822138_1.txt$$$$宁波荣炎暖通工程有限公司
13867859555.txt$$$$宁波市海曙多力螺丝防松科技有限公司
13867895857.txt$$$$宁波亚驰汽车服务有限公司
13867902737.txt$$$$岑金灵万色城
13867904020.txt$$$$义乌市明创五金有限公司
13867921701.txt$$$$义乌市伟年建设工程有限公司
13867930046.txt$$$$浦江县老五废品回收站
13867939882.txt$$$$东阳市晴阳环保科技有限公司
13867939882_1.txt$$$$东阳市晴阳环保科技有限公司
13867939882_2.txt$$$$东阳市晴阳环保科技有限公司
13867943999.txt$$$$浙江晟伟科技有限公司
13867948213.txt$$$$浦江开泰新材料科技有限公司
13867948213_1.txt$$$$浦江开泰新材料科技有限公司
13867948213_2.txt$$$$浦江开泰新材料科技有限公司
13867948391.txt$$$$浦江蔡朋废旧金属回收有限公司
13867948391_1.txt$$$$浦江蔡朋废旧金属回收有限公司
13867948391_2.txt$$$$浦江蔡朋废旧金属回收有限公司
13867980110.txt$$$$金华市金东区永升木业商行永升木业
13867980110_1.txt$$$$金华市金东区永升木业商行永升木业
13867980110_2.txt$$$$金华市金东区永升木业商行永升木业
