13525696707_1.txt$$$$河南顺和会计服务有限公司
13525696707_2.txt$$$$河南顺和会计服务有限公司
13525765276.txt$$$$鹿邑县得一电子商务有限公司
13525837282.txt$$$$安阳民顺钙业有限公司
13525837282_1.txt$$$$安阳民顺钙业有限公司
13525849466.txt$$$$安阳天力机械设备租赁有限公司
13525907705.txt$$$$洛阳荣星模具有限公司
13525988617.txt$$$$巩义市四合机械贸易有限公司
13526138987.txt$$$$安阳市金辉温室工程有限公司
13526174746.txt$$$$安阳市龙安区东风凯撒自动旋转门业
13526228809.txt$$$$河南大搪化工设备有限公司
13526306556.txt$$$$商丘益众制冷设备有限公司
13526306556_1.txt$$$$商丘益众制冷设备有限公司
13526306556_2.txt$$$$商丘益众制冷设备有限公司
13526306905.txt$$$$商丘市嘉轩建筑机械租赁有限公司
13526306905_1.txt$$$$商丘市嘉轩建筑机械租赁有限公司
13526306905_2.txt$$$$商丘市嘉轩建筑机械租赁有限公司
13526401651.txt$$$$九州健诺有限公司
13526415188.txt$$$$河南双杰不锈钢制品有限公司
13526452393.txt$$$$郑州润泽机械有限公司
13526465941.txt$$$$郑州卓越游乐设备厂
13526466558.txt$$$$巩义市誉丰机械科技有限公司
13526500429.txt$$$$郑州瑞城服务有限公司
13526501737.txt$$$$郑州国邦机械设备有限公司
13526505620.txt$$$$河南希马电梯装饰有限公司
13526512701.txt$$$$河南三特钢铁郑州有限公司
13526535856.txt$$$$河南盛云实业有限公司
13526535856_1.txt$$$$河南盛云实业有限公司
13526541622.txt$$$$河南浩宇机械有限公司
13526550614.txt$$$$郑州农君科技有限公司
