17737776290.txt$$$$舞阳钢厂
17737781866.txt$$$$河南佳兴冶金材料有限公司
17737783877.txt$$$$河南金宝宝家政服务有限公司
17737783877_1.txt$$$$河南金宝宝家政服务有限公司
17737783877_2.txt$$$$河南金宝宝家政服务有限公司
17737788801.txt$$$$河南美好美家窗帘有限公司
17737869666.txt$$$$濮阳市广源包装有限公司
17737902087.txt$$$$洛阳市古洛玻璃有限公司
17738193897.txt$$$$宜南高空工程有限公司
17739159685.txt$$$$焦作圣盾机械设备有限公司
17739197555.txt$$$$河南省一鼎重型起重机有限公司
17739337658.txt$$$$河南豫绝电工材料有限公司
17739355888.txt$$$$濮阳鑫龙机械设备租赁有限公司
17739355888_1.txt$$$$濮阳鑫龙机械设备租赁有限公司
17739355888_2.txt$$$$濮阳鑫龙机械设备租赁有限公司
17739374769.txt$$$$河南白象饮品有限公司
17739630388.txt$$$$许昌智工机械制造有限公司
17739750778.txt$$$$郑州海益商贸有限公司
17739762505.txt$$$$郑州大庆户外用品有限公司
17739774333.txt$$$$河南世强机械设备有限公司
17739787010.txt$$$$河南德帆装饰设计工程有限公司
17739939933.txt$$$$甘肃爱科林科技有限公司
17740011588.txt$$$$天津荣江物流有限责任公司
17740011588_1.txt$$$$天津荣江物流有限责任公司
17740011588_2.txt$$$$天津荣江物流有限责任公司
17740378509.txt$$$$河北创肖电力器材有限公司
17740524216.txt$$$$武汉默沙克生物科技有限公司
17740524216_1.txt$$$$武汉默沙克生物科技有限公司
17740683740.txt$$$$武汉化泥巴数字科技有限公司
17740889420.txt$$$$上海君力行贸易有限公司
