15963139910.txt$$$$山东庞大机械设备有限公司
15963139910_1.txt$$$$山东庞大机械设备有限公司
15963139910_2.txt$$$$山东庞大机械设备有限公司
15963206856.txt$$$$青岛海裕丰辉国际物流有限公司
15963233023.txt$$$$格普汉德（青岛）智能装备有限公司
15963308351.txt$$$$山东龙华鑫环保科技有限公司
15963349586.txt$$$$山东七洋液压机械有限公司
15963365727.txt$$$$山东远翔空调设备有限公司
15963378908.txt$$$$陵县阳光输送设备有限公司
15963379688.txt$$$$武城海科车业科技有限公司
15963408899.txt$$$$潍坊市华良机电设备有限公司
15963408899_1.txt$$$$潍坊市华良机电设备有限公司
15963408899_2.txt$$$$潍坊市华良机电设备有限公司
15963415451.txt$$$$潍坊鑫航防水材料有限公司
15963428877.txt$$$$诸城市鼎恒机械有限公司
15963442596.txt$$$$山东昊威环保科技有限公司
15963443777.txt$$$$寿光市天创化工有限公司
15963444369.txt$$$$诸城市汇康食品机械有限公司
15963490235.txt$$$$宁津县鲁盛机械设备有限公司
15963490765.txt$$$$宁津县铭航网链输送设备有限公司
15963491051.txt$$$$山东巨鑫空调通风设备有限公司
15963491888.txt$$$$德州双盛建材有限公司
15963508886.txt$$$$烟台市兴北居装饰工程有限公司
15963549139.txt$$$$烟台仁飞熊商贸有限公司
15963549139_1.txt$$$$烟台仁飞熊商贸有限公司
15963549139_2.txt$$$$烟台仁飞熊商贸有限公司
15963602781.txt$$$$潍坊速能农业机械有限公司
15963610077.txt$$$$潍坊市路通机械电子有限公司销售部
15963616926.txt$$$$寿光市锦都商贸有限公司
15963625396.txt$$$$诸城市中远机械有限公司
