13580596318.txt$$$$广州州游测绘技术信息有限公司
13580599870.txt$$$$广州市普同实验分析仪器有限公司
13580700880.txt$$$$东莞市常平腾丰塑胶制品经营部
13580702859.txt$$$$东莞市美润建筑材料有限公司
13580702859_1.txt$$$$东莞市美润建筑材料有限公司
13580702859_2.txt$$$$东莞市美润建筑材料有限公司
13580706190.txt$$$$东莞市海新电子有限公司
13580707275.txt$$$$东莞市越创环保科技有限公司
13580709301.txt$$$$吴川市联江塑胶制品有限公司
13580709692.txt$$$$东莞演丰电子有限公司
13580711080.txt$$$$东莞市吉鸿吹瓶机械有限公司
13580719388.txt$$$$东莞市聚贤文化体育有限公司
13580723808.txt$$$$东莞市塘厦启通纸制品厂
13580724335.txt$$$$东莞市鸿希玻璃智能科技有限公司
13580725628.txt$$$$东莞市指南者高分子材料科技有限公司
13580727949.txt$$$$东莞市骏怡线棒制造有限公司
13580728519.txt$$$$东莞市银冠工艺制品有限公司
13580728519_1.txt$$$$东莞市银冠工艺制品有限公司
13580728519_2.txt$$$$东莞市银冠工艺制品有限公司
13580729638.txt$$$$东莞市常平悦动体育用品店
13580730368.txt$$$$东莞市科思创数控科技有限公司
13580730368_1.txt$$$$东莞市科思创数控科技有限公司
13580730368_2.txt$$$$东莞市科思创数控科技有限公司
13580730377.txt$$$$东莞市方菱冷却设备有限公司
13580732526.txt$$$$东莞市坤盛包装制品有限公司
13580744078.txt$$$$东莞市德烨电子科技有限公司
13580762098.txt$$$$东莞市鑫超纺织品有限公司
13580762098_1.txt$$$$东莞市鑫超纺织品有限公司
13580762098_2.txt$$$$东莞市鑫超纺织品有限公司
13580775296.txt$$$$东莞市迁喜搬家有限公司
