13013893968_1.txt$$$$苏州亿莱多电子科技有限公司
13013895611.txt$$$$苏州市天佳办公设备有限公司
13013896621.txt$$$$苏州锐鸿达装饰建材有限公司
13013956517.txt$$$$邳州云开苗木有限公司
13013956517_1.txt$$$$邳州云开苗木有限公司
13013956517_2.txt$$$$邳州云开苗木有限公司
13013986444.txt$$$$邳州市华园银杏苗木种植专业合作社
13013989526.txt$$$$徐州市伟思水务科技有限公司
13014021178.txt$$$$六安市宏运钢业有限公司
13014021178_1.txt$$$$六安市宏运钢业有限公司
13014021178_2.txt$$$$六安市宏运钢业有限公司
13014022777.txt$$$$六安市金诚钻井技术服务有限公司
13014226000.txt$$$$宁夏大诚至信新型建筑材料有限公司
13014226000_1.txt$$$$宁夏大诚至信新型建筑材料有限公司
13014226000_2.txt$$$$宁夏众晟新型建材有限公司
13014297999.txt$$$$宁夏金德爱淘二手车交易市场有限公司
13014297999_1.txt$$$$宁夏金德爱淘二手车交易市场有限公司
13014297999_2.txt$$$$宁夏金德爱淘二手车交易市场有限公司
13014331140.txt$$$$石家庄冀航电力科技有限公司
13014363642.txt$$$$石家庄艺匠模型科技有限公司
13014385331.txt$$$$石家庄市施华美文化传播有限公司
13014392496.txt$$$$石家庄华美门窗有限公司
13014505819.txt$$$$郑州众思创家具有限公司
13014516645.txt$$$$郑州市金水区淼鸿食品店
13014551299.txt$$$$河南新交际智能化工程有限公司
13014551518.txt$$$$河南鼎盛建筑装饰材料有限公司
13014570901.txt$$$$河南白云环保科技有限公司
13014570901_1.txt$$$$河南白云环保科技有限公司
13014617921.txt$$$$郑州红华废旧物资回收有限公司
13014617921_1.txt$$$$郑州红华废旧物资回收有限公司
