18037773776.txt$$$$丽华快餐（郑州）有限公司
18037776958.txt$$$$郑州尧安环保科技有限公司
18037777992.txt$$$$郑州爱之乐商贸有限公司
18037778333.txt$$$$河南省速高文化传媒有限公司
18037782256.txt$$$$河南博中天虹电子技术有限公司
18037785267.txt$$$$河南大恺热能科技有限公司
18037790373.txt$$$$郑州万达科技发展有限公司
18037792302.txt$$$$郑州喜乐多碰碰车有限公司
18037793209.txt$$$$河南亿富达广告有限公司
18037806907.txt$$$$郑州路安车厢制造有限公司
18037810258.txt$$$$郑州东南胶带有限公司
18037811670.txt$$$$郑州中原区蓝天宇晨电脑文具经营部
18037839897.txt$$$$河南豫铅再生资源有限公司
18037839897_1.txt$$$$河南豫铅再生资源有限公司
18037839897_2.txt$$$$河南豫铅再生资源有限公司
18037867166.txt$$$$郑州派尼尔教育科技有限公司
18037867166_1.txt$$$$郑州派尼尔教育科技有限公司
18037871921.txt$$$$郑州旭阳环保设备有限公司
18037883081.txt$$$$鸿发自动门有限公司
18037886665.txt$$$$河南康尼电子科技有限公司
18037888292.txt$$$$河南正大中科机械设备有限公司
18037888665.txt$$$$巩义市金辉滤材有限公司
18037930329.txt$$$$河南骨得香餐饮管理有限公司
18037934888.txt$$$$洛阳中意礼品
18037998869.txt$$$$科锐特新材料科技(洛阳)有限公司
18038004945.txt$$$$深圳市优视力光电科技有限公司
18038008758.txt$$$$深圳市科特净水设备有限公司
18038010748.txt$$$$深圳市力源兴科技有限公司
18038018096.txt$$$$深圳市世邦酒店管理有限公司
18038020630.txt$$$$深圳市一博群发科技有限公司
