15632250216.txt$$$$保定惠衡螺旋桨风机有限公司
15632261882.txt$$$$唐县灏瑞铜雕工艺品销售有限公司
15632343692.txt$$$$石家庄乐晨广告有限公司
15632385315.txt$$$$石家庄栾城区北泽杨机械厂
15632649428.txt$$$$霸州市康仙庄杜磊五金厂
15632669333.txt$$$$固安县华艺苗木种植场
15632689388.txt$$$$大城县秀力橡塑制品厂
15632766767.txt$$$$沧州隆海纸制品有限公司
15632766830.txt$$$$泊头市鸣远温室大棚工程有限公司
15632768117.txt$$$$天津万德凯彩钢钢结构有限公司
15632770228.txt$$$$泊头市翔宇环保设备有限公司
15632776087.txt$$$$河北路承机械科技有限公司
15632777827.txt$$$$河北祁源电力设备制造有限公司
15632777827_1.txt$$$$河北祁源电力设备制造有限公司
15632777827_2.txt$$$$河北祁源电力设备制造有限公司
15632782238.txt$$$$河北威岳机械设备有限公司
15632789839.txt$$$$北京亚泰科隆仪器技术有限公司
15632795136.txt$$$$天昊泵业有限公司
15632861133.txt$$$$河北乔士进出口贸易有限公司
15632870617.txt$$$$河北利荣金属丝网有限公司
15632876678.txt$$$$河北世纪科技有限公司
15632878131.txt$$$$安平县宝石焊网设备厂
15632884311.txt$$$$深州市恒泰建材有限公司
15632914612.txt$$$$河北腾达汽车配件厂
15632923035.txt$$$$河北超普机械制造有限公司
15633179690.txt$$$$河北振宇机床附件制造有限公司
15633179690_1.txt$$$$济南钢艺机械设备有限公司
15633179690_2.txt$$$$河北联航机床附件有限公司
15633181251.txt$$$$河北百康丝网焊接设备有限公司
15633185717.txt$$$$安平县建泰丝网有限公司
