17731216906.txt$$$$河北金记餐饮管理有限公司
17731585566.txt$$$$唐山大森环保科技有限公司
17731625307.txt$$$$固安县金滤得过滤设备厂
17731637760.txt$$$$北京艺彩童年教育科技有限公司
17731655688.txt$$$$廊坊市永暖建筑材料有限公司
17731702305.txt$$$$沧州市新华区鑫兴温室大棚制造厂
17731725461.txt$$$$沧州市双洲金属材料有限公司
17731725528.txt$$$$河北永鑫环保设备有限公司
17731727967.txt$$$$沧州世航管业有限公司
17731730091.txt$$$$河北昊航环保机械有限公司
17731733396.txt$$$$泊头市正安机械设备制造有限公司
17731743751.txt$$$$沧州浩瑞管道有限公司
17731757422.txt$$$$沧州庆成机械制造有限公司
17731765827.txt$$$$沧州冠霆机床附件有限公司
17731766959.txt$$$$河北和泰管件有限公司
17731766959_1.txt$$$$河北和泰管件有限公司
17731766959_2.txt$$$$河北和泰管件有限公司
17731770491.txt$$$$沧州景泽环保设备有限公司
17731777170.txt$$$$河北汇东管道有限公司
17731792669.txt$$$$河间市九龙建材有限公司
17731793222.txt$$$$沧州冀赢管道设备有限公司
17731796923.txt$$$$河北狮能体育用品有限公司
17731799029.txt$$$$河北沧州耀龙管道设备有限公司
17731836229.txt$$$$武汉缔梦者文化传媒有限公司
17731852556.txt$$$$保定市徐水区安宇水泥构件厂
17731879875.txt$$$$保定鑫天艺广告有限公司
17731940891.txt$$$$河北增利机械设备有限公司
17731960758.txt$$$$河北栗氏门业有限公司
17731965750.txt$$$$任县千润机械制造厂
17731965750_1.txt$$$$任县千润机械制造厂
