13902231181.txt$$$$深圳马肯汽车用品有限公司
13902236930.txt$$$$广州市邢海机电轴承有限公司
13902237687.txt$$$$广州市一日三餐食品股份有限公司
13902239478.txt$$$$广州天新游艺器材有限公司
13902242080.txt$$$$广州蓝光电焊机有限公司
13902242080_1.txt$$$$广州蓝光电焊机有限公司
13902242080_2.txt$$$$广州蓝光电焊机有限公司
13902253079.txt$$$$广州鼎纳物联网科技有限公司
13902253818.txt$$$$广州名臣生物科技有限公司
13902255245.txt$$$$广州捷邦电路科技有限公司
13902260023.txt$$$$广东凯天环保科技有限公司
13902273337.txt$$$$广东统塑管业有限公司
13902282425.txt$$$$广州昱光新材料科技有限公司
13902284486.txt$$$$广州博太电子有限公司
13902287577.txt$$$$广州瀛趣电子科技有限公司
13902288392.txt$$$$广州市王塑五金塑料有限公司
13902288392_1.txt$$$$广州市王塑五金塑料有限公司
13902288392_2.txt$$$$广州市王塑五金塑料有限公司
13902290258.txt$$$$广州市涵美化妆品有限公司
13902290258_1.txt$$$$广州市涵美化妆品有限公司
13902295653.txt$$$$广州卡杰仕汽车设备有限公司
13902304334.txt$$$$环创（厦门）科技股份有限公司
13902305096.txt$$$$广州华洋电梯有限公司
13902316991.txt$$$$深圳市尖端网络设计有限公司
13902317255.txt$$$$广州捷迅货车出租有限公司
13902323616.txt$$$$广州克伦宝木业有限公司
13902330769.txt$$$$东莞市宝能钢铁贸易有限公司
13902331059.txt$$$$广州市华溢饮食服务有限公司
13902331059_1.txt$$$$广州市华溢饮食服务有限公司
13902331059_2.txt$$$$广州市华溢饮食服务有限公司
