13823736502_2.txt$$$$广州市嘉阳电子有限公司
13823747708.txt$$$$深圳市永联机械有限公司
13823750013.txt$$$$深圳市鑫力达工业胶料辅料行
13823765528.txt$$$$深圳市鸿富锡业科技有限公司
13823774696.txt$$$$深圳市绿保投资有限公司
13823774796.txt$$$$深圳市互信恒科技有限公司
13823775266.txt$$$$深圳市添彩环氧地坪工程有限公司
13823783027.txt$$$$深圳市品极口腔生物科技有限公司
13823783027_1.txt$$$$深圳市品极口腔生物科技有限公司
13823783027_2.txt$$$$深圳市品极口腔生物科技有限公司
13823786526.txt$$$$深圳市鑫盈众数码科技有限公司
13823788846.txt$$$$深圳市威尔富科技有限公司
13823790647.txt$$$$深圳市宝安区鑫华鹏汽车自动变速箱维修部
13823793587.txt$$$$海思杰（深圳）暖通科技装饰有限公司
13823799407.txt$$$$深圳市瀚博服装有限公司
13823799407_1.txt$$$$深圳市瀚博服装有限公司
13823799407_2.txt$$$$深圳市瀚博防静电服有限公司
13823818221.txt$$$$东莞市仕易陶瓷科技有限公司
13823901581.txt$$$$中山市欧顺诺厨卫洁具有限公司
13823910361.txt$$$$中山市大利路精工机械有限公司
13823910361_1.txt$$$$中山市大利路精工机械有限公司
13823910361_2.txt$$$$中山市大利路精工机械有限公司
13823911630.txt$$$$中山市诚澳金属制品有限公司
13823923396.txt$$$$中山市富凯塑胶原料有限公司
13823950067.txt$$$$中山市成远机电工程有限公司
13823952788.txt$$$$中山市领秀展示制品有限公司
13824185985.txt$$$$莱恩泵阀制造（珠海）有限公司
13824204888.txt$$$$惠州市东展环保工程有限公司
13824216826.txt$$$$惠州市全通物流有限公司
13824268218.txt$$$$惠州市华企立方科技有限公司
