15252092253.txt$$$$江苏龙君展览服务有限公司
15252207765.txt$$$$邳州市春景银杏苗木基地
15252215789.txt$$$$邳州市康艺银杏苗木购销部
15252231318.txt$$$$邳州市绍启银杏苗木购销部
15252231318_1.txt$$$$邳州市绍启银杏苗木种植专业合作社
15252231318_2.txt$$$$邳州市绍启银杏苗木种植专业合作社
15252231318_3.txt$$$$邳州市绍启银杏苗木种植专业合作社
15252234667.txt$$$$邳州市鸿景银杏苗圃场
15252244647.txt$$$$邳州市绿林银杏树基地
15252255868.txt$$$$徐州盛祥矿山机械配件有限公司
15252421888.txt$$$$孙老三养殖有限公司
15252458319.txt$$$$南京捷顺管道工程有限公司
15252487369.txt$$$$兴化市亚泰化工有限公司
15252516566.txt$$$$江苏智锦光电科技有限公司
15252605282.txt$$$$泰州美旭仪器设备有限公司
15252612112.txt$$$$靖江市盛丰农业机械科技有限公司
15252615698.txt$$$$江苏银源机泵制造有限公司
15252621072.txt$$$$江苏诚迅泵阀制造有限公司
15252661011.txt$$$$靖江国林木业有限公司
15252708689.txt$$$$永嘉县双茂阀门制造有限公司
15252708689_1.txt$$$$常熟科新自动化设备有限公司
15252912177.txt$$$$丹阳市汇云装潢有限公司
15253137195.txt$$$$山东迈动数控机械设备有限公司
15253148990.txt$$$$济南正宸动力汽车零部件有限公司
15253148990_1.txt$$$$济南正宸动力汽车零部件有限公司
15253148990_2.txt$$$$济南正宸动力汽车零部件有限公司
15253165888.txt$$$$济南超捷机械设备有限公司
15253185631.txt$$$$河北建支铸造集团有限公司
15253186581.txt$$$$济南奥冠体育设施工程有限公司
15253201371.txt$$$$青岛浩正科仪智能技术有限公司
