15821677968.txt$$$$上海良犀铝业有限公司
15821683696.txt$$$$上海威棱展览有限公司
15821758578.txt$$$$南通翔展新型建材有限公司
15821789112.txt$$$$上海牛犇文化传媒有限公司
15821802759.txt$$$$上海仁太物流公司
15821811783.txt$$$$上海恒洋仪表科技有限公司
15821821887.txt$$$$上海九磊交通设备有限公司
15821877358.txt$$$$上海翌灿智能科技有限公司
15821887057.txt$$$$上海振贸会展有限公司
15821888565.txt$$$$上海江莱生物科技有限公司
15821907599.txt$$$$靖江市瑞能空调设备有限公司
15821918261.txt$$$$上海市雄达国际物流有限公司
15821952551.txt$$$$常州阿贝特机房设备有限公司
15821957931.txt$$$$沃茨实业（上海)有限公司
15821992358.txt$$$$上海九磊交通器材有限公司
15821992858.txt$$$$上海九磊交通设施工程有限公司
15822006798.txt$$$$天津市东丽区黔品五金机械厂
15822017953.txt$$$$天津洲宇机电设备科技有限公司
15822041140.txt$$$$天津平行恒昌汽车销售有限公司
15822047137.txt$$$$天津平行恒昌汽车销售有限公司
15822068357.txt$$$$天津平行恒昌汽车销售有限公司
15822070909.txt$$$$天津市诚信安消防阀门有限公司
15822081548.txt$$$$汕头市宜麦有道供应链有限公司
15822095075.txt$$$$东莞市中创数控设备科技有限公司
15822099103.txt$$$$天津华夏红星教育咨询有限公司
15822113032.txt$$$$天津平行恒昌汽车销售有限公司
15822116854.txt$$$$天津理想动力科技有限公司
15822132356.txt$$$$天津信科保温建材有限公司
15822133188.txt$$$$天津市贵博化工有限公司
15822133188_1.txt$$$$天津市贵博化工有限公司
