13700504971.txt$$$$太原市晋源区鸿泰机电设备销售处
13700504971_1.txt$$$$太原市晋源区鸿泰机电设备销售处
13700504971_2.txt$$$$太原市晋源区鸿泰机电设备销售处
13700512159.txt$$$$山西晋工卓达工程机械设备有限公司
13700515136.txt$$$$太原鑫凯达交通设施工程有限公司
13700611927.txt$$$$云南赛达净化设备有限公司
13700638292.txt$$$$宾川红提葡萄苗培育基地
13700662488.txt$$$$云南燎阳光电科技有限公司
13700662488_1.txt$$$$云南燎阳光电科技有限公司
13700695459.txt$$$$昆明泽祥电子技术有限公司
13700715447.txt$$$$安阳市坤鹏温室工程有限公司
13700716848.txt$$$$安阳市赛尔德精工机械有限公司
13700719239.txt$$$$安阳中科旭阳节能环保科技有限公司
13700719697.txt$$$$安阳市平原工务器材有限责任公司
13700736326.txt$$$$获嘉县富泰机械有限公司
13700774817.txt$$$$南阳市卧龙区申氏薯业机械经销处
13700805013.txt$$$$濮阳市永龙化工有限公司
13700833590.txt$$$$河南辣妈派母婴用品有限公司
13700833590_1.txt$$$$河南辣妈派母婴用品有限公司
13700833590_2.txt$$$$河南辣妈派母婴用品有限公司
13700833918.txt$$$$虞城县顺达厨具厂
13700833918_1.txt$$$$虞城县顺达厨具厂
13700833918_2.txt$$$$虞城县顺达厨具厂
13700858982.txt$$$$巩义市华硕机械设备贸易有限公司
13700866945.txt$$$$河南昌申有限公司
13700868611.txt$$$$巩义市鹏鑫铸造有限公司
13700868860.txt$$$$郑州全泰食品机械有限公司
13700869762.txt$$$$巩义市站街鑫达建筑机械厂
13700873828.txt$$$$郑州市雷军验房咨询有限公司
13700873828_1.txt$$$$郑州市雷军验房咨询有限公司
