15863673809.txt$$$$山东凯希威智能装备有限公司
15863687182.txt$$$$潍坊隆辉农业装备有限公司
15863694080.txt$$$$潍坊康华重工有限公司
15863698234.txt$$$$寿光金岳防水材料有限公司
15863724010.txt$$$$山东省曲阜市远大钢结构工程有限公司
15863731416.txt$$$$嘉祥奕源工程机械有限公司
15863737357.txt$$$$济宁浩鸿工贸有限公司
15863751658.txt$$$$山东沃尔工程机械制造有限公司
15863765881.txt$$$$沧州信加鑫机械机床附件有限公司
15863768757.txt$$$$宁津烨鲁木业有限公司
15863789298.txt$$$$章丘市金牛机械制造有限公司
15863806631.txt$$$$烟台猛士液压科技有限公司
15863850785.txt$$$$山东亚泉水表有限公司
15863850785_1.txt$$$$山东亚泉水表有限公司
15863850785_2.txt$$$$山东亚泉水表有限公司
15863850785_3.txt$$$$山东亚泉水表有限公司
15863856622.txt$$$$山东惠特利新型材料有限公司
15863861788.txt$$$$临沂市兰山区柏立胶带商行
15863861788_1.txt$$$$临沂市兰山区柏立胶带商行
15863861788_2.txt$$$$临沂市兰山区柏立胶带商行
15863890506.txt$$$$庆云鲁冠文体设备制造有限公司
15863892983.txt$$$$故城金万达工程机械加工厂
15863898466.txt$$$$德州德遥汽车租赁有限公司
15863925666.txt$$$$临沂万景生态木制造厂
15863925666_1.txt$$$$临沂万景生态木制造厂
15863925666_2.txt$$$$临沂万景生态木制造厂
15863975034.txt$$$$临沂市兰山区拉直器竹节铝梯铝制品经营部
15864007070.txt$$$$山东爱贝游乐设备有限公司
15864009090.txt$$$$山东爱贝游乐设备有限公司
15864023765.txt$$$$山东恒美百特新能源环保设备有限公司
