18236936920_1.txt$$$$河南星伟隆制冷设备有限公司
18236936920_2.txt$$$$河南星伟隆制冷设备有限公司
18236952562.txt$$$$巩义市满堂红磨料磨具厂
18236966326.txt$$$$郑州市中原区善眸堂视力健康管理中心
18236990109.txt$$$$郑州圣洲新能源科技有限公司
18236992865.txt$$$$河南巨无霸数控设备有限公司
18236996970.txt$$$$河南绮雯护肤品有限公司
18236996970_1.txt$$$$河南绮雯护肤品有限公司
18236996970_2.txt$$$$河南绮雯护肤品有限公司
18237018230.txt$$$$商丘市钟鸣环保设备有限公司
18237112335.txt$$$$河南奇达贸易有限公司
18237112335_1.txt$$$$河南奇达贸易有限公司
18237112335_2.txt$$$$河南奇达贸易有限公司
18237115567.txt$$$$郑州市改改商贸有限公司
18237115567_1.txt$$$$郑州市改改商贸有限公司
18237115567_2.txt$$$$郑州市改改商贸有限公司
18237124888.txt$$$$郑州鼎祥门窗装饰有限公司
18237130095.txt$$$$河南奇达贸易有限公司
18237137500.txt$$$$河南秋之润食品配料有限公司
18237147382.txt$$$$新乡宇仁化学有限公司
18237165083.txt$$$$郑州洋洋游乐设备有限公司
18237165083_1.txt$$$$郑州洋洋游乐设备有限公司
18237169771.txt$$$$河南绮雯面膜总公司
18237186291.txt$$$$郑州中科支护机械设备有限公司
18237197911.txt$$$$河南翔龙机械有限公司
18237217208.txt$$$$文峰区惠达电子科技经营部
18237339444.txt$$$$新乡县七里营镇致远日化经营部
18237352899.txt$$$$新乡市鸿源潜水工程有限公司
18237498111.txt$$$$香港黑马国际集团有限公司33
18237751777.txt$$$$河南艾善灸养生科技有限公司
