18588263937.txt$$$$深圳市豪瑞塑料有限公司
18588435398.txt$$$$深圳市鹏城绿野装饰工程设计有限公司
18588468367.txt$$$$深圳市科力超声波洗净设备有限公司
18588479617.txt$$$$东莞市东凌智能科技有限公司
18588506459.txt$$$$广东宏泰节能环保工程有限公司
18588507603.txt$$$$广州鑫诺家具有限公司
18588522185.txt$$$$广州明赛电子科技有限公司
18588532798.txt$$$$广州市凯威特家具有限公司
18588565516.txt$$$$广州弘毅生物科技有限公司
18588571466.txt$$$$广州华腾食品机械有限公司
18588582046.txt$$$$广州卓雅弟衣贸易有限公司
18588631688.txt$$$$广州普赞商贸有限公司
18588697705.txt$$$$广州极光网络技术有限公司
18588697705_1.txt$$$$广州极光网络技术有限公司
18588697705_2.txt$$$$广州极光网络技术有限公司
18588704889.txt$$$$广州鸿宇物流有限公司
18588721752.txt$$$$广州市天使俊朗服装厂
18588746238.txt$$$$广州布洛广告有限公司
18588770605.txt$$$$广州市思蜀邦护医疗科技有限公司
18588770605_1.txt$$$$广州市思蜀邦护医疗科技有限公司
18588770605_2.txt$$$$广州市思蜀邦护医疗科技有限公司
18588773320.txt$$$$广州艺胜机电设备工程有限公司
18588801245.txt$$$$广州中铿贸易有限公司
18588846388.txt$$$$广州犹泰上坊生物科技有限公司
18588847939.txt$$$$广州市汇汇科技推广有限公司
18588854720.txt$$$$宏泰节能环保工程有限公司
18588866785.txt$$$$广州恒川国际货运代理有限公司
18588873757.txt$$$$广东威路司环保科技有限公司
18588877833.txt$$$$广东龙林环保科技有限公司
18588885642.txt$$$$广州馥品化妆品有限公司
