13643101970_2.txt$$$$邯郸市唐景仿古建筑材料销售有限公司
13643105916.txt$$$$永年县固金紧固件
13643106999.txt$$$$邯郸市永年区河北铺学耕索具销售门市
13643106999_1.txt$$$$邯郸市永年区河北铺学耕索具销售门市
13643106999_2.txt$$$$邯郸市永年区河北铺学耕索具销售门市
13643107716.txt$$$$邯郸市富凯园林绿化工程有限公司
13643107716_1.txt$$$$邯郸市富凯园林绿化工程有限公司
13643107716_2.txt$$$$邯郸市富凯园林绿化工程有限公司
13643108318.txt$$$$永年县五里菩钰紧固件厂
13643108318_1.txt$$$$永年县五里菩钰紧固件厂
13643177602.txt$$$$海兴县华滨体育器材厂
13643177602_1.txt$$$$海兴县华滨体育器材厂
13643177602_2.txt$$$$海兴县华滨体育器材厂
13643212239.txt$$$$石家庄日助发贸易有限公司
13643216232.txt$$$$石家庄远迈泡塑制品有限公司
13643255676.txt$$$$东光县华顺通金属制品厂
13643261446.txt$$$$沧州益多管道设备有限公司
13643283764.txt$$$$盐山县龙浩翔管件加工厂
13643283776.txt$$$$盐山利明输送设备机械厂
13643283908.txt$$$$河北沧州鹏宇管业有限公司
13643283908_1.txt$$$$河北沧州鹏宇管业有限公司
13643283928.txt$$$$沧州鹏宇管业有限公司
13643283928_1.txt$$$$沧州鹏宇管业有限公司
13643283928_2.txt$$$$沧州鹏宇管业有限公司
13643283928_3.txt$$$$沧州鹏宇管业有限公司
13643292800.txt$$$$任县浩鼎机械厂
13643292800_1.txt$$$$任县浩鼎机械厂
13643292800_2.txt$$$$任县浩鼎机械厂
13643292800_3.txt$$$$任县浩鼎机械厂
13643375169.txt$$$$河北元成实业有限公司
