18902310331.txt$$$$深圳市恒兴昌模具科技有限公司
18902386903.txt$$$$广东奇翼智能信息科技有限公司
18902386903_1.txt$$$$广州赤普科技有限公司
18902386903_2.txt$$$$广州赤普科技有限公司
18902386903_3.txt$$$$广州赤普科技有限公司
18902386903_4.txt$$$$广州赤普科技有限公司
18902398225.txt$$$$广州市亿唐通信息科技有限责任公司
18902398225_1.txt$$$$广州市亿唐通信息科技有限责任公司
18902398225_2.txt$$$$广州市亿唐通信息科技有限责任公司
18902413255.txt$$$$广东艾诺威润滑油有限公司
18902416602.txt$$$$佛山市南海远锦塑料机械厂
18902422705.txt$$$$佛山瑞屋铝业科技有限公司
18902425633.txt$$$$佛山市易运智汇供应链有限公司
18902426648.txt$$$$佛山市南海区聚和超声波设备有限公司
18902437364.txt$$$$深圳研江平板智能科技有限公司
18902437660.txt$$$$深圳市酷思艺术设计有限公司
18902440834.txt$$$$深圳市豪华重工业设备有限公司
18902453226.txt$$$$深圳市赛德利电子科技有限公司
18902453491.txt$$$$瑞博（深圳）显示技术有限公司
18902455007.txt$$$$深圳市乾思迪电子科技有限公司
18902455300.txt$$$$深圳市前海美泰物流网科技有限公司
18902458068.txt$$$$深圳市裕满实业有限公司
18902460168.txt$$$$深圳市三能机电设备有限公司
18902462446.txt$$$$深圳市富邦不锈钢制品有限公司
18902463137.txt$$$$深圳市德盛恒商贸有限公司
18902469293.txt$$$$深圳市鸿昇不锈钢制品有限公司
18902476995.txt$$$$深圳市云康创新网络科技有限公司
18902492743.txt$$$$广州弘远物流
18902561610.txt$$$$威士特光电科技激光有限公司
18902565909.txt$$$$贵州圭农农业科技有限公司
