18831955060.txt$$$$邢台泰工机械制造有限公司
18831975830.txt$$$$任县富源机械制造厂
18832074973.txt$$$$邯郸市永年区吕七方古典青砖青瓦经销部
18832074973_1.txt$$$$邯郸市永年区吕七方古典青砖青瓦经销部
18832111388.txt$$$$石家庄得宝机械制造有限公司
18832133268.txt$$$$河北柏恩电子设备有限公司
18832136911.txt$$$$石家庄德金电力科技有限公司
18832166771.txt$$$$石家庄硕田生物科技有限公司
18832177781.txt$$$$石家庄碧蓝商贸有限公司
18832179551.txt$$$$石家庄凌云机械厂
18832238223.txt$$$$河北金利石泵业有限公司
18832266613.txt$$$$保定鼎世模具制造有限公司
18832526666.txt$$$$唐山市森瑞建材有限公司
18832529911.txt$$$$唐山市鑫业科技有限公司
18832622333.txt$$$$霸州市兴鼎钢杆有限公司
18832629555.txt$$$$廊坊坤耐建材有限公司
18832656855.txt$$$$河北春满园防火材料有限公司
18832662900.txt$$$$河北安高建材有限公司
18832689838.txt$$$$大城县富海机械设备制造厂
18832700972.txt$$$$河北本佳科技有限公司
18832705399.txt$$$$河北涛发钢管制造有限公司
18832709497.txt$$$$河北洪祥建筑工程材料有限公司
18832713115.txt$$$$特力达耐磨管道设备制造有限公司
18832723664.txt$$$$沧州方正电子衡器有限公司
18832741888.txt$$$$河间市宇航玻璃制品厂
18832762111.txt$$$$沧州万荣防腐保温管道有限公司
18832770153.txt$$$$沧州鑫宜达防腐保温工程有限公司
18832778357.txt$$$$河北省沧州市龙泰环保设备有限公司
18832779022.txt$$$$河间市连宇管业有限公司
18832787073.txt$$$$河北裕兴电力物资回收有限公司
