15065453335_1.txt$$$$烟台名雅装饰工程有限公司
15065453335_2.txt$$$$烟台名雅装饰工程有限公司
15065487487.txt$$$$泰安市康丰工程材料有限公司
15065521717.txt$$$$起点智能装饰设计工程有限公司
15065558333.txt$$$$日照博航实业有限公司
15065558333_1.txt$$$$日照博航实业有限公司
15065558333_2.txt$$$$日照博航实业有限公司
15065566657.txt$$$$山东五征集团有限公司
15065577777.txt$$$$日照贝特国际贸易有限公司
15065586999.txt$$$$日照市岚山区瑞升木材加工厂
15065589000.txt$$$$日照市岚山区晟荣木材加工厂
15065589000_1.txt$$$$日照市岚山区晟荣木材加工厂
15065589000_2.txt$$$$日照市岚山区晟荣木材加工厂
15065608111.txt$$$$青州市嘉华机械科技有限公司
15065610300.txt$$$$潍坊市济北矿山机械制造有限公司
15065622888.txt$$$$青州市大洋重工机械制造有限公司
15065629328.txt$$$$潍坊酉酉防水材料有限公司
15065630710.txt$$$$潍坊瑞速安物流运输有限公司
15065640390.txt$$$$山东天蓝防水科技有限公司
15065646786.txt$$$$高密市云发机械厂
15065665958.txt$$$$高密鼎泰锅炉配件有限公司
15065665958_1.txt$$$$高密鼎泰锅炉配件有限公司
15065665958_2.txt$$$$高密鼎泰锅炉配件有限公司
15065679717.txt$$$$诸城市鸿宣机械有限公司
15065693088.txt$$$$山东芝华智能科技有限公司
15065693088_1.txt$$$$山东芝华智能科技有限公司
15065696098.txt$$$$潍坊惜木机电科技有限公司
15065697600.txt$$$$诸城市易超机械科技有限公司
15065700902.txt$$$$烟台鑫海矿山机械有限公司
15065739785.txt$$$$龙口市金盟机械有限公司
