18601294415_2.txt$$$$安徽省德林贵园林景观工程有限公司
18601327496.txt$$$$山东诚晨气体有限公司
18601336706.txt$$$$北京幸福汇置业有限公司
18601337558.txt$$$$北京中矿大地地球探测工程技术有限公司
18601337558_1.txt$$$$北京中矿大地地球探测工程技术有限公司
18601337558_2.txt$$$$北京中矿大地地球探测工程技术有限公司
18601410652.txt$$$$徐州梦丝尼袜业有限公司
18601458822.txt$$$$苏州市吴江青云第一制桶厂
18601458822_1.txt$$$$苏州市吴江青云第一制桶厂
18601458822_2.txt$$$$苏州市吴江青云第一制桶厂
18601465997.txt$$$$上海市励纳展览服务有限公司
18601488111.txt$$$$无锡步逸科技有限公司
18601505588.txt$$$$芜湖市扬子航道工程有限公司
18601555458.txt$$$$无锡市中上美起重科技有限公司
18601576359.txt$$$$江苏酷米能源科技有限公司
18601588023.txt$$$$周口市东新区华运农民种植专业合作社
18601600665.txt$$$$安徽万锦电镀加工有限公司
18601600665_1.txt$$$$安徽万锦电镀加工有限公司
18601600665_2.txt$$$$安徽万锦电镀加工有限公司
18601621307.txt$$$$上海浩佳展览服务有限公司
18601622543.txt$$$$上海向高工业科技有限公司
18601626297.txt$$$$上海麦斯展览有限公司
18601651438.txt$$$$上海日柯阀门有限公司
18601674261.txt$$$$上海灵硕会展服务有限公司
18601696105.txt$$$$湖南汇博文化教育发展有限公司
18601709870.txt$$$$中联橡胶有限责任公司
18601716968.txt$$$$上海森虞机电工程有限公司
18601736437.txt$$$$上海伈迹展览服务有限公司
18601788591.txt$$$$上海华正纸塑包装有限公司
18601920081.txt$$$$北京中达信泰科技有限公司
