15591827790.txt$$$$甘肃科能建材集团股份有限公司
15591880436.txt$$$$西安洁丽特家政服务有限公司
15591880436_1.txt$$$$西安洁丽特家政服务有限公司
15591880436_2.txt$$$$西安洁丽特家政服务有限公司
15593308314.txt$$$$武汉启航者教育科技有限公司
15594139361.txt$$$$深圳市京粤装饰工程有限公司西安分公司
15594155007.txt$$$$西安金泰钢结构工程有限公司
15594166043.txt$$$$西安芯贵隔断实业有限公司
15594253444.txt$$$$陕西库里南建筑工程有限公司
15594276543.txt$$$$安康南北通门控科技有限公司
15594969304.txt$$$$西安同创交通设施工程有限公司
15595001167.txt$$$$银川汉邦锆斯威服装有限公司
15595001167_1.txt$$$$银川汉邦锆斯威服装有限公司
15595001167_2.txt$$$$银川汉邦锆斯威服装有限公司
15595008822.txt$$$$宁夏建科特种工程有限公司
15595018822.txt$$$$银川佰德亨商贸有限公司
15595622212.txt$$$$海南君衡实业有限公司
15596620286.txt$$$$西安枫之玲企业管理咨询有限公司
15596655599.txt$$$$西安嘉月诚化妆美甲纹绣培训中心
15596655599_1.txt$$$$西安夏娆商贸有限公司
15596819650.txt$$$$陕西满天星节能科技股份有限公司
15596853132.txt$$$$西安甘鲁机电设备有限公司
15596853132_1.txt$$$$西安甘鲁机电设备有限公司
15596853132_2.txt$$$$西安甘鲁机电设备有限公司
15597036119.txt$$$$青海强消消防设备有限公司
15597055511.txt$$$$青海锦轩暖通锅炉机电设备有限公司
15597116009.txt$$$$青海秦通水泥制品有限公司
15597116699.txt$$$$青海隆睿建材有限公司
15597199558.txt$$$$青海运喆建设工程有限公司
15597697458.txt$$$$青海光辉环保工程有限公司
