13605828952.txt$$$$浙江吉派日用品有限公司
13605871184.txt$$$$永嘉龙洋泵阀有限公司
13605871852.txt$$$$永嘉鸿宇阀门有限公司
13605893305.txt$$$$金华市永誉金属制品有限公司
13605893305_1.txt$$$$金华市永誉金属制品有限公司
13605893305_2.txt$$$$金华市永誉金属制品有限公司
13605898925.txt$$$$永康市畅阳工贸有限公司
13605940626.txt$$$$福州市晋安区佳裕贸易有限公司
13605955150.txt$$$$福州晶园铜制品有限公司
13605955150_1.txt$$$$福州晶园铜制品有限公司
13605955150_2.txt$$$$福州晶园铜制品有限公司
13606045145.txt$$$$厦门鑫通富机电设备有限公司
13606049478.txt$$$$厦门国净环保科技有限公司
13606060120.txt$$$$厦门久菲特医疗器械有限公司
13606060120_1.txt$$$$厦门久菲特医疗器械有限公司
13606060320.txt$$$$厦门市指针科技开发有限公司
13606067668.txt$$$$厦门鑫沪厦贸易有限公司
13606079382.txt$$$$厦门市鑫豪晟机械设备有限公司
13606096956.txt$$$$厦门晟意环保科技有限公司
13606127451.txt$$$$武进区九龙小商品批发市场建峰劳保用品商行
13606135245.txt$$$$苏州金博利精密机械有限公司
13606140158.txt$$$$常州拓承运动器材科技有限公司
13606155346.txt$$$$无锡江南电缆有限公司
13606172914.txt$$$$无锡市科丰自控设备有限公司
13606173034.txt$$$$无锡劳斯岚机械有限公司
13606175605.txt$$$$无锡市南泉化工成套设备有限公司
13606175932.txt$$$$无锡海科冷却技术有限公司
13606178557.txt$$$$无锡领丰塑业有限公司
13606187199.txt$$$$赣州市南康区万家达家具有限公司
13606191280.txt$$$$无锡精制佳机械制造有限公司
