13739772699.txt$$$$石家庄精泰电气成套设备有限公司
13739777720.txt$$$$石家庄市逐浪水利科技有限公司
13739803279.txt$$$$邢台丰丰机械制造厂
13739914183.txt$$$$内蒙古新倬文化传媒有限公司
13739969850.txt$$$$满洲里市爱林商贸有限公司
13750042882.txt$$$$头等舱互联科技（深圳）有限公司
13750057209.txt$$$$珠海盈科设计工程有限公司
13750242261.txt$$$$广东水博士供水设备有限公司
13750272572.txt$$$$深圳市宏博基电科技有限公司
13750308580.txt$$$$香港（江门）莎拉实业有限公司
13750391234.txt$$$$鹤山市桃源镇迷雨制伞厂
13750443596.txt$$$$广州富众展览管理有限公司
13750443765.txt$$$$汕头欧博国际展览服务有限公司
13750524372.txt$$$$梅州市伟丰新能源汽车有限公司
13750795032.txt$$$$昆山三太子模架有限公司
13750796674.txt$$$$苏州市璟森纺织有限公司
13750828851.txt$$$$南京元一工业自动化设备有限公司
13750854120.txt$$$$杭州勤路装饰材料有限公司
13750921707.txt$$$$东阳市城东进科印花厂
13750921707_1.txt$$$$东阳市城东进科印花厂
13750921707_2.txt$$$$东阳市城东进科印花厂
13750935561.txt$$$$义乌市森伟针织机械厂
13750935561_1.txt$$$$义乌市森伟针织机械厂
13750935561_2.txt$$$$义乌市森伟针织机械厂
13750940558.txt$$$$东阳市白云新概念绣花厂
13750945072.txt$$$$武义金尊工贸有限公司
13750958658.txt$$$$义乌市永欣线业有限公司
13750967555.txt$$$$东阳横国红木家具有限公司
13750968868.txt$$$$义乌市智高进出口有限公司
13750969846.txt$$$$义乌现代库存有限公司
