18953385888_2.txt$$$$山东国安特种设备检验检测有限公司
18953413818.txt$$$$莱芜市龙锦物资有限公司
18953415158.txt$$$$莱芜鲁达水泵设备有限公司
18953423698.txt$$$$德州亚美空调通风设备有限公司
18953430119.txt$$$$宁津县双星养殖基地
18953435977.txt$$$$德州利亚诺塑料制品有限公司
18953435977_1.txt$$$$德州利亚诺塑料制品有限公司
18953435977_2.txt$$$$德州利亚诺塑料制品有限公司
18953447889.txt$$$$德州亿奥人工环境有限公司
18953453000.txt$$$$德州舒卓通风设备有限公司
18953456008.txt$$$$宁津县奥华农业机械有限公司
18953471755.txt$$$$德州江森空调设备有限公司
18953473757.txt$$$$德州市谷美食品有限公司
18953482301.txt$$$$德州星昊电气设备有限公司
18953482801.txt$$$$山东威久壁挂炉制造厂
18953484311.txt$$$$德州市三德数控设备有限公司
18953485388.txt$$$$德州北森橡塑制品有限公司
18953485651.txt$$$$德州创拓空调设备有限公司
18953491413.txt$$$$宁津铭亿机械设备有限公司
18953491413_1.txt$$$$宁津铭亿机械设备有限公司
18953492001.txt$$$$山东御墅电梯设备有限公司
18953495987.txt$$$$武城县腾珩机电设备有限公司
18953498181.txt$$$$德州大瑞机械设备有限公司
18953499967.txt$$$$山东省宁津县广力棚业有限公司
18953499970.txt$$$$德州国为通风设备有限公司
18953529865.txt$$$$烟台坦嘉精密机械有限公司
18953600004.txt$$$$潍坊市佰特消毒剂有限责任公司
18953603339.txt$$$$诸城市龙达机械有限公司
18953606270.txt$$$$北京杜邦国际农业科技有限公司
18953611566.txt$$$$潍坊希诺特机械科技有限公司
