13128772120_2.txt$$$$东莞市同舟橡胶机械有限公司
13128951211.txt$$$$深圳市鑫华浦电子有限公司
13128959408.txt$$$$深圳亚特兰蒂斯珠宝投资有限公司
13128994136.txt$$$$深圳市嘉国丰精密机械科技有限公司
13129081213.txt$$$$佛山市影山红科技有限公司
13129085919.txt$$$$佛山市南海技新制冷设备厂
13129111828.txt$$$$仁洋不锈钢制品有限公司
13129231646.txt$$$$佛山市南海金匠皇门窗厂
13129324317.txt$$$$广州千飞网络科技有限公司
13129324317_1.txt$$$$广州千飞网络科技有限公司
13129324317_2.txt$$$$广州千飞网络科技有限公司
13129351351.txt$$$$广州持邦电梯设备有限公司
13129352746.txt$$$$广东野狼建材有限公司
13129372328.txt$$$$广州市西恩电气设备有限公司
13129586888.txt$$$$深圳市郭永良设计策划有限公司
13129755655.txt$$$$深圳天悦饮食文化传播有限公司
13129800359.txt$$$$东莞市塑鑫塑胶原料有限公司
13129871733.txt$$$$深圳卡尔倍可实业有限公司
13129892312.txt$$$$东莞市华翔货运有限公司
13129912370.txt$$$$武汉市天园盛景防腐木有限公司
13129916019.txt$$$$武汉品迪档案管理服务有限公司
13129931282.txt$$$$武汉市洪山区江城防水工程服务部
13130205205.txt$$$$沈阳市沃达丰洗涤设备有限公司
13130266948.txt$$$$沈阳中古诚品家具销售有限公司
13130548393.txt$$$$丹东市振安区江鑫阳苗圃
13131064888.txt$$$$河北凯傲紧固件制造有限公司
13131064888_1.txt$$$$河北凯傲紧固件制造有限公司
13131064888_2.txt$$$$河北凯傲紧固件制造有限公司
13131064888_3.txt$$$$河北凯傲紧固件制造有限公司
13131066624.txt$$$$邯郸市双兴水泥花砖厂
