18680045119.txt$$$$广州天宇展示设计有限公司
18680045119_1.txt$$$$广州天宇展示设计有限公司
18680045119_2.txt$$$$广州天宇展示设计有限公司
18680048181.txt$$$$佛山市金玉启航装饰材料有限公司
18680060401.txt$$$$东莞市贝斯汀理想实业有限公司
18680071862.txt$$$$瑞昌利民家政服务部
18680079263.txt$$$$东莞市珊西五金制品有限公司
18680080933.txt$$$$东莞市言瑞塑胶原料有限公司
18680080933_1.txt$$$$东莞市言瑞塑胶原料有限公司
18680080933_2.txt$$$$东莞市言瑞塑胶原料有限公司
18680095968.txt$$$$东莞市卡帕斯实业有限公司
18680095968_1.txt$$$$东莞市卡帕斯实业有限公司
18680095968_2.txt$$$$东莞市卡帕斯实业有限公司
18680099398.txt$$$$东莞市盛宝行体育用品有限公司
18680161652.txt$$$$中山市辉鼎灯饰有限公司
18680177399.txt$$$$中山市康筑建筑材料有限公司
18680193547.txt$$$$深圳市毕格加光电有限公司
18680196001.txt$$$$中山市双睿景观照明有限公司
18680198091.txt$$$$佛山市顺喜管业有限公司
18680209303.txt$$$$广州箔霏德建材有限公司
18680211431.txt$$$$广州市尚煌包装有限公司
18680211431_1.txt$$$$广州市尚煌包装有限公司
18680211431_2.txt$$$$广州市尚煌包装有限公司
18680212228.txt$$$$广州霖森环保科技有限公司
18680212228_1.txt$$$$广州霖森环保科技有限公司
18680212228_2.txt$$$$广州霖森环保科技有限公司
18680218516.txt$$$$广州友乐实业有限公司
18680218516_1.txt$$$$广州友乐实业有限公司
18680218516_2.txt$$$$广州友乐实业有限公司
18680221856.txt$$$$河南欧园居金属制品有限公司
