17049064150.txt$$$$东莞市湘大化工原料有限公司
17049238888.txt$$$$怀仁县鼎鑫泰祥建材有限公司
17049238888_1.txt$$$$怀仁县鼎鑫泰祥建材有限公司
17049238888_2.txt$$$$怀仁县鼎鑫泰祥建材有限公司
17050125555.txt$$$$天津美宜天环境科技有限公司
17050511777.txt$$$$布劳恩电梯（厦门）有限公司
17050754976.txt$$$$五莲县达众石材有限公司
17051050788.txt$$$$浙江杭州余杭加诚非金属矿业有限公司
17051092876.txt$$$$宁波振彪金属制造有限公司
17051263996.txt$$$$山东孔娃教玩具设备有限公司
17051271722.txt$$$$武汉德尔鑫诚自动化设备有限公司
17051319277.txt$$$$广州市领航消防设备有限公司
17051806540.txt$$$$常州市仪都仪器有限公司
17052254526.txt$$$$漳州市龙文区喜上美梢徐餐厅股份公司
17052607155.txt$$$$哈尔滨市森吉淼水泥制品有限责任公司
17052999186.txt$$$$杭州国美建筑设计研究院有限公司
17053716111.txt$$$$郑州屹成机械制造有限公司
17054615879.txt$$$$山东壹点壹餐饮管理有限公司
17054788888.txt$$$$山东华中重钢有限公司
17054841111.txt$$$$天津金驰汽车销售有限公司
17056039237.txt$$$$淄博永和颜料有限公司
17058000951.txt$$$$东莞市金凯服饰有限公司
17058173961.txt$$$$成都奇航系统集成有限公司
17058789333.txt$$$$郓城轩丰环保设备有限公司
17060469399.txt$$$$洮南市二龙乡新亿农养猪专业合作社
17060564888.txt$$$$河北恒弘机械设备租赁有限公司
17061826178.txt$$$$广州市三春晖生物研发有限责任公司
17062160372.txt$$$$深圳市棪森网络科技有限公司
17062163370.txt$$$$深圳市晶维显示科技有限公司
17065590111.txt$$$$沧州焜迈管道设备有限公司
