13622289798.txt$$$$广州草原城有限公司
13622292895.txt$$$$广州奥蓓斯化妆品有限公司
13622327167.txt$$$$临沂长乐食品经营部
13622334083.txt$$$$深圳市顺扬精工电子科技有限公司
13622349862.txt$$$$深圳幺加幺科技有限公司
13622350809.txt$$$$深圳市东马机电有限公司
13622351099.txt$$$$深圳市佰科源工业设备有限公司
13622364332.txt$$$$深圳市好鸿怡电子有限公司
13622381224.txt$$$$佛山市简豪铝制家居科技有限公司
13622381224_1.txt$$$$河南安阳海凰铝业科技有限公司
13622392582.txt$$$$深圳市中德太阳能科技有限公司
13622520707.txt$$$$佛山市伟邦不锈钢金属材料有限公司
13622563957.txt$$$$江门市易达交通设施有限公司
13622601675.txt$$$$东莞市黑林新能源有限公司
13622608897.txt$$$$东莞市科洁宝环保科技有限公司
13622634810.txt$$$$深圳腾龙智能设备有限公司
13622637686.txt$$$$东莞市装甲部落企业管理有限公司
13622652009.txt$$$$东莞市泰然塑胶有限公司
13622658522.txt$$$$东莞市南城天超橡胶制品加工店
13622662718.txt$$$$东莞市铭鸿自动化设备科技有限公司
13622664458.txt$$$$东莞市普诺克真空科技有限公司
13622664512.txt$$$$东莞市鸿发出国留学服务有限公司
13622665010.txt$$$$东莞市九品测量设备有限公司
13622665010_1.txt$$$$东莞市高格仪器有限公司
13622667724.txt$$$$东莞市十月莞月子家政服务咨询有限公司
13622667724_1.txt$$$$东莞市十月莞月子家政服务咨询有限公司
13622667724_2.txt$$$$东莞市十月莞月子家政服务咨询有限公司
13622669821.txt$$$$广东智子智能技术有限公司
13622669821_1.txt$$$$广东智子智能技术有限公司
13622669821_2.txt$$$$广东智子智能技术有限公司
