13562037749.txt$$$$聊城富佳金属材料有限公司
13562047678.txt$$$$山东沃达金属材料有限公司
13562057797.txt$$$$聊城乾盛钢材有限公司
13562059289.txt$$$$聊城市东昌府区旭盈钢材有限公司
13562060667.txt$$$$聊城圣荣机械设备有限公司
13562078895.txt$$$$聊城鑫方盛钢铁有限公司
13562083363.txt$$$$聊城展翼金属制品有限公司
13562098888.txt$$$$山东芸赫金属制品有限公司
13562162038.txt$$$$威海友谊包装有限公司
13562195130.txt$$$$乳山市创新畜牧机械加工厂
13562225832.txt$$$$滕州市南沙河科阳广告
13562306065.txt$$$$山东宏鑫源钢板有限公司
13562317218.txt$$$$山东瑞帆果蔬机械科技有限公司
13562317638.txt$$$$山东汇尔宝食品机械有限公司
13562378888.txt$$$$日照市岚山区闽东木材加工厂
13562378888_1.txt$$$$日照市岚山区闽东木材加工厂
13562378888_2.txt$$$$日照市岚山区闽东木材加工厂
13562378888_3.txt$$$$日照市岚山区闽东木材加工厂
13562382218.txt$$$$日照德信行服装有限公司
13562409672.txt$$$$济宁优尼特机械有限公司
13562412215.txt$$$$济宁华企工矿设备有限公司
13562412215_1.txt$$$$济宁欧科机械设备有限公司
13562412215_2.txt$$$$济宁欧科机械设备有限公司
13562413921.txt$$$$济宁欧科矿用电器有限公司
13562487119.txt$$$$宁津县德隆机械有限公司
13562488938.txt$$$$山东冀鲁体育器材有限公司
13562494193.txt$$$$宁津县鼎众机械制造有限公司
13562494794.txt$$$$德州万鑫机械科技有限公司
13562499102.txt$$$$德州豪特机械制造有限公司
13562555433.txt$$$$海阳市凌波造船科技有限公司
