18537733266_1.txt$$$$河南省盛世百代实业有限公司
18537733266_2.txt$$$$河南省盛世百代实业有限公司
18537903166.txt$$$$洛阳千协机械设备有限公司
18537917339.txt$$$$河南嘉峰实业有限公司
18537917986.txt$$$$洛阳君豪会务会展服务有限公司
18537958328.txt$$$$洛阳瑞恩矿山设备有限公司
18537976182.txt$$$$河南格拉瑞斯实业有限公司
18537983145.txt$$$$洛阳焱浩节能科技有限公司
18537988821.txt$$$$洛阳秦汉冷锻有限公司
18538009759.txt$$$$荥阳市星河游乐设备厂
18538018577.txt$$$$郑州宏宇重工有限公司
18538018886.txt$$$$郑州经济技术开发区盛鑫机械
18538025251.txt$$$$河南炫动文化传播有限公司
18538037562.txt$$$$河南誉鼎自动化信息技术有限公司
18538038872.txt$$$$巩义市合兴管道设备有限公司
18538038962.txt$$$$河南奥兰照明工程有限公司
18538039507.txt$$$$方圆会展策划有限公司
18538051024.txt$$$$北京窖公酒业有限公司
18538059127.txt$$$$郑州长帆建材有限公司
18538059127_1.txt$$$$郑州长帆建材有限公司
18538059127_2.txt$$$$郑州长帆建材有限公司
18538059127_3.txt$$$$郑州长帆建材有限公司
18538062968.txt$$$$河南省巩义市东和机械设备有限公司
18538070118.txt$$$$郑州璞诚纺织品有限公司
18538076877.txt$$$$郑州亚太能源环保科技有限公司
18538088828.txt$$$$郑州凯慕装饰材料有限公司
18538092022.txt$$$$河南冠元地坪工程有限公司
18538126276.txt$$$$郑州中科支护设备有限公司
18538150528.txt$$$$河南天宝交通设施工程有限公司
18538150848.txt$$$$河南腾之源电子科技有限公司
