13963578750_1.txt$$$$山东翔铭金属材料有限公司
13963578750_2.txt$$$$山东翔铭金属材料有限公司
13963580691.txt$$$$聊城龙宇装饰材料有限公司
13963580805.txt$$$$山东佳乐涂料有限公司
13963582552.txt$$$$山东海瑞轴承制造有限公司
13963590359.txt$$$$山东沐鑫金属制品有限公司
13963600729.txt$$$$山东奥卓电气科技发展有限公司
13963600729_1.txt$$$$山东奥卓电气科技发展有限公司
13963600729_2.txt$$$$山东奥卓电气科技发展有限公司
13963602333.txt$$$$青州市造锁厂
13963602397.txt$$$$青州市鲁夯工程机械有限公司
13963602736.txt$$$$诸城市金山机械有限公司
13963602736_1.txt$$$$诸城市金山机械有限公司
13963603073.txt$$$$高密市丰诚机械加工厂
13963605260.txt$$$$潍坊万博化工有限公司
13963606056.txt$$$$安丘市大昌机械有限公司
13963606056_1.txt$$$$安丘市大昌机械有限公司
13963606056_2.txt$$$$安丘市大昌机械有限公司
13963609628.txt$$$$潍坊盛德田汽车销售服务有限公司
13963618078.txt$$$$青州市通达路桥设备有限公司
13963618078_1.txt$$$$青州市通达路桥设备有限公司
13963620172.txt$$$$潍坊市旭升经贸有限责任公司
13963621008.txt$$$$潍坊市金优防水材料有限公司
13963622038.txt$$$$潍坊市金双王防水材料有限公司
13963622638.txt$$$$潍坊市巨森家具厂
13963631212.txt$$$$河北宝时珑机械制造有限公司
13963634899.txt$$$$寿光市华盾防水材料有限公司
13963634899_1.txt$$$$寿光市华盾防水材料有限公司
13963639571.txt$$$$青州大汉重工有限公司
13963639634.txt$$$$潍坊金美途汽车用品有限公司
