18678728020_1.txt$$$$山东华春新能源有限公司
18678728020_2.txt$$$$山东华春新能源有限公司
18678728020_3.txt$$$$山东华春新能源有限公司
18678728020_4.txt$$$$华春新能源有限公司
18678728020_5.txt$$$$华春新能源有限公司
18678728020_6.txt$$$$华春新能源有限公司
18678728020_7.txt$$$$华春新能源有限公司
18678733216.txt$$$$济宁恒通仪表测控技术有限公司
18678734878.txt$$$$嘉祥县得戊建筑装饰服务店
18678735955.txt$$$$山东润泰工矿科技有限公司
18678736659.txt$$$$曲阜凯元机械设备有限公司
18678737619.txt$$$$曲阜耀阳机械设备有限公司
18678740042.txt$$$$曲阜利康冶金铸造有限公司
18678740972.txt$$$$山东仁祥机械有限公司
18678740972_1.txt$$$$山东仁祥机械有限公司
18678740972_2.txt$$$$山东仁祥机械有限公司
18678750521.txt$$$$济宁华佳绳业有限公司
18678750521_1.txt$$$$济宁华佳绳业有限公司
18678750521_2.txt$$$$嘉祥县瑞祥包装制品厂
18678750521_3.txt$$$$嘉祥县瑞祥包装制品厂
18678750521_4.txt$$$$济宁华佳绳业有限公司
18678750521_5.txt$$$$济宁华佳绳业有限公司
18678750521_6.txt$$$$嘉祥县瑞祥包装制品厂
18678750521_7.txt$$$$嘉祥县瑞祥包装制品厂
18678752999.txt$$$$山东通华机械有限公司
18678752999_1.txt$$$$山东通华机械有限公司
18678752999_2.txt$$$$山东通华机械有限公司
18678755866.txt$$$$山东迪尚生物科技有限公司
18678775322.txt$$$$济南玖唐士建材有限公司
18678778382.txt$$$$济南居鑫化工有限公司
