15513697893_1.txt$$$$太原市志高信机电设备有限公司
15513697893_2.txt$$$$太原市志高信机电设备有限公司
15513899696.txt$$$$河北骏通机械制造有限公司
15513975596.txt$$$$太原万士达贸易有限公司
15514277208.txt$$$$上海康邦会展策划有限公司
15514350182.txt$$$$荥阳梦之园游乐设备厂
15514357805.txt$$$$河南创达线缆有限公司
15514513501.txt$$$$郑州广恒暖通设备有限公司
15514518068.txt$$$$河南环源环保设备有限公司
15514518079.txt$$$$河南环源环保科技有限责任公司
15514530555.txt$$$$河南省鼎创游乐设计研究院有限公司
15514572388.txt$$$$河南兰亭环保设备有限公司
15514572788.txt$$$$河南兰亭环保设备有限公司
15514572788_1.txt$$$$河南兰亭环保设备有限公司
15514572788_2.txt$$$$河南兰亭环保设备有限公司
15514578866.txt$$$$河南建杰实业有限公司
15514867111.txt$$$$滑县弹花匠弹花机械有限公司
15514895660.txt$$$$河南钢森耐磨钢有限公司
15514978896.txt$$$$河南兰堡湾涂料科技有限公司
15514993599.txt$$$$河南好丽得食品有限公司
15514993599_1.txt$$$$河南好丽得食品有限公司
15515025822.txt$$$$河南鑫达亿铁合金炉料有限公司
15515056623.txt$$$$安阳市华夏农业技术服务有限公司
15515066215.txt$$$$安阳市腾达农业技术推广服务有限责任公司
15515088533.txt$$$$安阳晟鑫丹冶金材料有限公司
15515088533_1.txt$$$$安阳晟鑫丹冶金材料有限公司
15515088533_2.txt$$$$安阳晟鑫丹冶金材料有限公司
15515249167.txt$$$$郑州勤耕电子科技有限公司
15515390306.txt$$$$洛阳哈瓦达进出口贸易有限公司
15515505997.txt$$$$瑞锦科技开发有限公司
