18634402999_2.txt$$$$太原市诚隆杰泰科贸有限公司
18634405602.txt$$$$同城酒库电子商务有限公司
18634405602_1.txt$$$$同城酒库电子商务有限公司
18634405602_2.txt$$$$同城酒库电子商务有限公司
18634406509.txt$$$$山西鸿展会展服务有限公司
18634406699.txt$$$$太原市迎泽区敬波棉制品加工部
18634407893.txt$$$$山西善德国际贸易有限公司
18634605454.txt$$$$太原市勇通鑫泰管道安装有限公司
18634605454_1.txt$$$$太原市勇通鑫泰管道安装有限公司
18634605454_2.txt$$$$太原市勇通鑫泰管道安装有限公司
18634825418.txt$$$$闻喜县东镇美恒服装厂
18634852000.txt$$$$太谷县宏大铸造有限公司
18634852000_1.txt$$$$太谷县宏大铸造有限公司
18634852000_2.txt$$$$太谷县宏大铸造有限公司
18635114321.txt$$$$太原欣美照明装饰工程有限公司
18635128285.txt$$$$太原市飞宇塑胶有限公司
18635128285_1.txt$$$$太原市飞宇塑胶有限公司
18635128285_2.txt$$$$太原市飞宇塑胶有限公司
18635129615.txt$$$$山西通隆特保温工程有限公司
18635129615_1.txt$$$$山西通隆特保温工程有限公司
18635129615_2.txt$$$$山西通隆特保温工程有限公司
18635129969.txt$$$$北京仕百成机械设备有限公司
18635129969_1.txt$$$$太原顺发机械设备有限公司
18635151925.txt$$$$太原市万柏林区聚欣鼎物资经销部
18635156318.txt$$$$山西新博翔科技有限公司
18635185089.txt$$$$太原市德龙信不锈钢科技有限公司
18635187835.txt$$$$山西芮海环保科技有限公司
18635195000.txt$$$$山西景尚天华科技有限公司
18635197319.txt$$$$山西华月家具有限责任公司
18635298395.txt$$$$阳泉市城区凯易通讯器材经销部
