15063621911.txt$$$$山东省晟诺防水材料有限公司
15063623672.txt$$$$诸城市泰运机械有限公司
15063634063.txt$$$$诸城市欧工机械科技有限公司
15063634063_1.txt$$$$诸城市欧工机械科技有限公司
15063639632.txt$$$$诸城市联兴机械有限公司
15063651873.txt$$$$诸城市玮明食品机械厂
15063653526.txt$$$$潍坊乾丰机电设备有限公司
15063653526_1.txt$$$$潍坊乾丰机电设备有限公司
15063653526_2.txt$$$$潍坊乾丰机电设备有限公司
15063659238.txt$$$$潍坊市星洲防水材料有限公司
15063672735.txt$$$$诸城市汇智自动化设备有限公司
15063672735_1.txt$$$$诸城市汇智自动化设备有限公司
15063672735_2.txt$$$$诸城市汇智自动化设备有限公司
15063672855.txt$$$$诸城市诚达食品机械有限公司
15063672855_1.txt$$$$诸城市诚达食品机械有限公司
15063672855_2.txt$$$$诸城市诚达食品机械有限公司
15063672886.txt$$$$山东杰华环保科技有限公司
15063672886_1.txt$$$$山东杰华环保科技有限公司
15063681666.txt$$$$青州市大丰收苗木专业合作社
15063681727.txt$$$$青州市钰龙液压机械厂
15063686891.txt$$$$诸城恩德斯精密机械有限公司
15063688111.txt$$$$诸城蓝晶机械有限公司
15063688111_1.txt$$$$诸城蓝晶机械有限公司
15063712993.txt$$$$济宁集合环保科技有限公司
15063724626.txt$$$$山东省济宁市薡成设备有限公司
15063724626_1.txt$$$$山东省济宁市鼎诚设备有限公司
15063732096.txt$$$$嘉祥县铭远石雕厂
15063732096_1.txt$$$$嘉祥县铭远石雕厂
15063732096_2.txt$$$$嘉祥县铭远石雕厂
15063756530.txt$$$$山东凯杰工程机械有限公司
