18872221133.txt$$$$武汉新空间集成房屋有限公司
18872228896.txt$$$$武汉同洗科技有限公司
18872234555.txt$$$$武汉润义升科技发展有限公司
18872236805.txt$$$$武汉迪可表面技术有限公司
18872252528.txt$$$$深圳市凯卓立液压设备股份有限公司湖北办事
18872260090.txt$$$$武汉科利特涂装技术有限公司
18872265501.txt$$$$武汉洁驰鼎胜环保有限公司
18872285591.txt$$$$武汉仕嘉喷码设备有限公司
18872287168.txt$$$$武汉永安宏成建筑工程有限公司
18872466660.txt$$$$湖北康姬贸易有限公司
18872484437.txt$$$$武汉拜斯特消毒杀虫有限公司
18872569091.txt$$$$东莞市安制电子科技有限公司
18872570179.txt$$$$襄阳鑫永信合道路设施有限公司
18872570179_1.txt$$$$襄阳鑫永信合道路设施有限公司
18872570179_2.txt$$$$襄阳鑫永信合道路设施有限公司
18872665052.txt$$$$华中淡水鱼苗养殖场
18872686840.txt$$$$广州奥盛展览顾问有限公司
18872797388.txt$$$$恩施市德汇文化传播有限公司
18872829978.txt$$$$咸安区月兔橱柜
18872837199.txt$$$$咸宁市启程装饰工程有限公司
18872843277.txt$$$$咸宁艾美佳布艺
18872848888.txt$$$$湖北鄂南建设工程有限公司
18872853199.txt$$$$湖北钟祥源升振动电机制造有限公司
18872989936.txt$$$$程力重工股份有限公司
18872997402.txt$$$$湖北宏鑫汽车科技有限公司
18872998020.txt$$$$湖北江南专用特种汽车有限公司
18872999362.txt$$$$程力集团专用汽车股份有限公司
18873031133.txt$$$$湖南增润农业有限公司
18873050138.txt$$$$湖南爱创餐饮管理有限公司
18874010025.txt$$$$湖南美味人生食品投资管理有限公司
