13336185021.txt$$$$杭州柘大飞秒检测技术有限公司
13336233358.txt$$$$五莲县伟燕车辆配件经销处
13336233358_1.txt$$$$五莲县伟燕车辆配件经销处
13336233358_2.txt$$$$五莲县伟燕车辆配件经销处
13336233358_3.txt$$$$五莲县伟燕车辆配件经销处
13336238009.txt$$$$五莲县圣鑫石材有限公司
13336238009_1.txt$$$$五莲县圣鑫石材有限公司
13336238009_2.txt$$$$五莲县圣鑫石材有限公司
13336259444.txt$$$$聊城市鸿福管业有限公司
13336260355.txt$$$$德州顺豪空调设备有限公司
13336269333.txt$$$$德州市友邦工程材料有限公司
13336270918.txt$$$$庆云辉煌精密铸造有限公司
13336270918_1.txt$$$$庆云辉煌精密铸造有限公司
13336271313.txt$$$$夏津县大地永康农场
13336276664.txt$$$$武城辰宇空调设备有限公司
13336279976.txt$$$$山东中威空调设备集团有限公司
13336281118.txt$$$$山东省博兴县华夏蓝天环保设备有限公司
13336281118_1.txt$$$$山东省博兴县华夏蓝天环保设备有限公司
13336281118_2.txt$$$$山东省博兴县华夏蓝天环保设备有限公司
13336281118_3.txt$$$$山东省博兴县华夏蓝天环保设备有限公司
13336291855.txt$$$$山东省博兴县鑫汇塑料制品有限公司
13336296137.txt$$$$山东聚力防静电科技有限公司
13336308257.txt$$$$威海中智电液自动化科技有限公司
13336308257_1.txt$$$$威海中智电液自动化科技有限公司
13336308257_2.txt$$$$威海市中智电液自动化科技有限公司
13336308257_3.txt$$$$威海中智电液自动化科技
13336323746.txt$$$$枣庄市鑫钰门业有限公司
13336328732.txt$$$$深圳市亦火科技有限公司
13336332010.txt$$$$日照鑫泰莱光电有限公司
13336351635.txt$$$$山东金仕霖机械制造有限公司
