13814928601.txt$$$$海安磐仪电子维修
13814988065.txt$$$$苏州必力信光电有限公司
13814991884.txt$$$$苏州德捷膜材料科技有限公司
13815017676.txt$$$$常州前航齿轮箱制造有限公司
13815022997.txt$$$$江苏利雄电器制造有限公司
13815039281.txt$$$$江苏海航阀门有限公司
13815050131.txt$$$$常州开美电子有限公司
13815063896.txt$$$$常州市雨鑫遮阳篷有限公司
13815079582.txt$$$$江苏无锡新大地合成材料有限公司
13815086087.txt$$$$吴中区木渎俪若化妆品经营部
13815104450.txt$$$$无锡市嘉特安铜门厂
13815120506.txt$$$$江阴优耐斯自动化技术有限公司
13815172958.txt$$$$镇江市丹徒区丰木源包装有限公司
13815180111.txt$$$$江苏金百伽塑业有限公司
13815181772.txt$$$$江苏华兴防火材料有限公司
13815182877.txt$$$$扬中市安扬电仪有限公司
13815183136.txt$$$$扬中经济开发区瑞达无纺厂
13815256501.txt$$$$苏州泰尔莎电子有限公司
13815261229.txt$$$$苏州华鹏热缩材料有限公司
13815261824.txt$$$$苏州市虎净净化设备有限公司
13815268205.txt$$$$苏州安捷伦精密机械有限公司
13815273224.txt$$$$昆山远大经纬停车设施有限公司
13815277766.txt$$$$苏州赫途机电工业有限公司
13815291316.txt$$$$苏州欧霖机电设备有限公司
13815374884.txt$$$$邳州市一帆农资经营部
13815377915.txt$$$$邳州市绿博银杏树购销部
13815379270.txt$$$$邳州景润园林绿化工程有限公司
13815402231.txt$$$$南京市秦淮区金鹏玻璃销售部
13815586500.txt$$$$盐城市宝利来精密机械制造有限公司
13815731375.txt$$$$江苏恒鑫种虾龙虾繁殖场
