15855999038_1.txt$$$$芜湖市兄弟金属制品有限公司
15856037891.txt$$$$重庆首席工匠门窗有限公司
15856154038.txt$$$$安徽极速时代动物营养有限公司
15856398609.txt$$$$合肥景盛电器设备有限公司
15856398609_1.txt$$$$合肥景盛电器设备有限公司
15856398609_2.txt$$$$合肥景盛电器设备有限公司
15856510702.txt$$$$潜山县康家制刷厂
15856556765.txt$$$$德聚仁金属制品有限公司
15856610901.txt$$$$安徽聚源水利科技有限公司
15856610901_1.txt$$$$安徽聚源水利科技有限公司
15856625527.txt$$$$铜陵青铜时代雕塑有限公司
15856658086.txt$$$$安徽华光仪表线缆有限公司
15856903675.txt$$$$合肥荣事达电子电器集团有限公司
15856912118.txt$$$$武汉华塑兴宏护栏有限公司
15856915556.txt$$$$合肥市远博给排水工程有限责任公司
15856923076.txt$$$$安徽中设国际展览有限公司
15856924097.txt$$$$合肥中设国际会展有限公司
15856925374.txt$$$$铜陵市博超企业管理有限公司
15856956679.txt$$$$合肥逸虹冷暖设备有限公司
15856956679_1.txt$$$$合肥逸虹冷暖设备有限公司
15856956679_2.txt$$$$合肥逸虹冷暖设备有限公司
15856957431.txt$$$$合肥铭莱光电科技有限公司
15856961884.txt$$$$安徽博盟威科技有限责任公司
15856971616.txt$$$$安徽启运建设工程有限公司
15856980132.txt$$$$合肥市润蓝电源设备有限公司
15856991608.txt$$$$合肥甯宝电子科技有限公司
15856991608_1.txt$$$$合肥甯宝电子科技有限公司
15856991608_2.txt$$$$合肥甯宝电子科技有限公司
15856992007.txt$$$$合肥科牧自动化科技有限公司
15856995558.txt$$$$合肥市包河区华森木业经营部
