13676358822.txt$$$$聊城市龙泽钢材有限公司
13676363376.txt$$$$诸城市东翰机械有限公司
13676363376_1.txt$$$$诸城市东翰机械有限公司
13676365003.txt$$$$诸城市新得利食品机械有限责任公司
13676369333.txt$$$$诸城市利杰食品机械有限公司
13676370768.txt$$$$山东宙虹精工机械有限公司
13676381400.txt$$$$聊城市龙泽钢材有限公司
13676385605.txt$$$$山东德通建筑工程有限公司
13676577080.txt$$$$乐清市铭隆液压机械设备有限公司
13676601606.txt$$$$衢州佳诚地坪有限公司
13676601606_1.txt$$$$衢州佳诚地坪有限公司
13676601606_2.txt$$$$衢州佳诚地坪有限公司
13676606725.txt$$$$浙江博浪家居有限公司
13676606725_1.txt$$$$浙江博浪家居有限公司
13676606725_2.txt$$$$浙江博浪家居有限公司
13676611246.txt$$$$衢州市河圣水力自控翻板门有限公司
13676663905.txt$$$$台州市鸿图门业有限公司
13676678038.txt$$$$润华生物技术有限公司
13676720010.txt$$$$温州经济技术开发区鑫盛活动板房加工厂
13676763805.txt$$$$太平洋泵业集团有限公司
13676800567.txt$$$$义乌市贝比妙妙屋托育服务有限公司
13676800567_1.txt$$$$义乌市贝比妙妙屋托育服务有限公司
13676820111.txt$$$$浦江县丰华塑料制品厂
13676820111_1.txt$$$$浦江县丰华塑料制品厂
13676820111_2.txt$$$$浦江县丰华塑料制品厂
13676823732.txt$$$$义乌诚信废旧金属机械回收
13676830888.txt$$$$浙江高鼎彩印包装有限公司
13676830888_1.txt$$$$浙江高鼎彩印包装有限公司
13676830888_2.txt$$$$浙江高鼎彩印包装有限公司
13676838388.txt$$$$东阳市唐三彩袜业有限公司
