15628862677_2.txt$$$$济南诚艺雕塑艺术有限公司
15628866867.txt$$$$廊坊捷普机房设备有限公司
15628868155.txt$$$$美芝饴品牌管理（上海）有限公司
15628887522.txt$$$$山东济南东山矿用设备有限公司
15628889616.txt$$$$山东刊易文化传播有限公司
15628889629.txt$$$$山东君众包装有限公司
15628906970.txt$$$$济南世泽信息技术有限公司
15628962319.txt$$$$济南宏大科创机械技术有限责任公司
15628967618.txt$$$$济南泽业机床制造有限公司
15628969688.txt$$$$济南煜森环保设备有限公司
15628996088.txt$$$$济南神博信息技术有限公司
15629050728.txt$$$$武汉瑞高鑫建筑工程有限公司
15629060737.txt$$$$武汉世隆科技有限公司
15629070891.txt$$$$河南省矿山起重机有限公司湖北省分公司
15629084271.txt$$$$武汉捷克斯清洁设备有限公司
15629085135.txt$$$$武汉永维洁清洁设备有限公司
15629124339.txt$$$$武汉展图劳保用品有限公司
15629130319.txt$$$$武汉同灿气体机械有限公司
15629139836.txt$$$$湖北华杉恒信科技发展有限公司
15629139836_1.txt$$$$武汉英莱德科技有限公司
15629151595.txt$$$$湖北和兴塑业股份有限公司
15629176688.txt$$$$武汉鸿顺通管道疏通工程有限公司
15629476997.txt$$$$咸安区智明轮胎经营部
15629477321.txt$$$$咸宁乐居门业
15629486682.txt$$$$咸安区红孩儿奶粉店
15629582008.txt$$$$汉川市汈汊湖四叉水产养殖专业合作社
15629776201.txt$$$$沙洋县金澳农机有限公司
15629921615.txt$$$$咸宁市腾飞摩托车修理有限公司
15629923339.txt$$$$咸安区和美婚庆店
15629927099.txt$$$$河南飞马起重机械有限公司 湖北销售公司
