13333875718.txt$$$$洛阳锦凯耐火材料有限公司
13333922859.txt$$$$河南帮太食品销售有限公司
13333996384.txt$$$$郑州佳鑫旺搬家服务有限公司
13333996384_1.txt$$$$郑州佳鑫旺搬家服务有限公司
13335005005.txt$$$$青岛鑫三晋工艺品有限公司
13335010882.txt$$$$青岛景平花卉有限公司
13335036687.txt$$$$青岛佳德工业设备有限公司
13335059581.txt$$$$青岛伊美环境工程有限公司
13335059850.txt$$$$青岛佳邦物流有限公司
13335069884.txt$$$$青岛一卓科技有限公司
13335077762.txt$$$$青岛同丰盛商贸有限公司
13335077792.txt$$$$济南苏派装饰设计工程有限公司
13335090262.txt$$$$深圳市星霖国际货运代理有限公司
13335090752.txt$$$$济南天桥区骄远乐器加工部
13335100829.txt$$$$扬子必威中央空调有限公司
13335111746.txt$$$$山东浩然正气机电科技有限公司
13335111746_1.txt$$$$山东浩然正气机电科技有限公司
13335111746_2.txt$$$$山东浩然正气机电科技有限公司
13335137719.txt$$$$济南海螺平衡机械有限公司
13335159321.txt$$$$济南历城区冠宇门业经营部
13335161693.txt$$$$济南福鑫汽车销售有限公司
13335161693_1.txt$$$$济南福鑫汽车销售有限公司
13335161693_2.txt$$$$济南福鑫汽车销售有限公司
13335171523.txt$$$$济南大财运升降机械制造有限公司
13335172099.txt$$$$山东易安换热设备有限公司
13335178468.txt$$$$山东美塑新材料科技有限公司
13335191575.txt$$$$山东东岸机械科技有限公司
13335193509.txt$$$$山东科辉包装有限公司
13335196877.txt$$$$山东格特机械设备有限公司
13335196877_1.txt$$$$济南格特数控设备有限公司
