18788880412_1.txt$$$$安徽鑫合机电设备有限公司
18788880412_2.txt$$$$安徽鑫合机电设备有限公司
18788881001.txt$$$$安徽先驱服务外包有限公司
18788881999.txt$$$$合肥智源钢结构彩板工程有限公司
18788881999_1.txt$$$$合肥智源钢结构彩板工程有限公司
18788881999_2.txt$$$$合肥智源钢结构彩板工程有限公司
18788882202.txt$$$$合肥市宗志商贸有限公司
18788898660.txt$$$$合肥玉通管道工程有限公司
18788900890.txt$$$$广东极米防滑科技有限公司
18788921214.txt$$$$成都墅筑集装箱有限公司
18788923756.txt$$$$四川咻电科技有限公司
18788923756_1.txt$$$$四川咻电科技有限公司
18789078800.txt$$$$海口源硕装饰工程有限公司
18789107773.txt$$$$海南晶洋集装箱服务有限公司
18789107773_1.txt$$$$海南晶洋集装箱服务有限公司
18789107773_2.txt$$$$海南晶洋集装箱服务有限公司
18789196606.txt$$$$海口汉唐盛世园林景观工程有限公司
18789196606_1.txt$$$$海口汉唐盛世园林景观工程有限公司
18789282828.txt$$$$海南匠鑫隆装饰设计工程有限公司
18789429994.txt$$$$西安中聚国能环保技术有限公司
18789768822.txt$$$$海口全逸清洁服务有限公司
18789979988.txt$$$$海南博园装饰工程有限公司
18789989850.txt$$$$海口琼山真美居窗帘店
18790284808.txt$$$$商丘佰诚金属结构有限公司
18790284808_1.txt$$$$商丘佰诚金属结构有限公司
18790284808_2.txt$$$$商丘佰诚金属结构有限公司
18790298625.txt$$$$程阳机械厂
18790502998.txt$$$$辉县市富丽建材厂
18790521813.txt$$$$新乡巴山航空材料有限公司
18790521813_1.txt$$$$新乡巴山航空材料有限公司
