15939546071.txt$$$$临颍东泰机械制造有限公司
15939768849.txt$$$$信阳市众圣保温建材有限公司
15939811509.txt$$$$洛阳东宏新材料科技有限公司
15940026889.txt$$$$沈阳海纳鑫科技有限公司
15940057957.txt$$$$沈阳伯特利楼梯安装设计有限公司
15940069991.txt$$$$沈阳永晟伟业建材科技有限公司
15940093438.txt$$$$沈阳富而特装饰装修工程有限公司
15940222193.txt$$$$沈阳市大东区百创电脑
15940265982.txt$$$$沈阳中隆嘉业金属制品有限公司
15940293358.txt$$$$沈阳国联物资回收有限公司
15940304338.txt$$$$沈阳未来新型建筑板材有限公司
15940320420.txt$$$$沈阳亿贝特光电有限公司
15940364581.txt$$$$沈阳雅轩雕塑设计制造厂
15940444750.txt$$$$美科洁净检测（沈阳）有限公司
15940821526.txt$$$$大连鑫盛设备租赁有限公司
15940868873.txt$$$$大连筑卡新型建材有限公司
15941044765.txt$$$$开原市森又苗木种子经销处
15941182539.txt$$$$大连第二电机厂
15941209641.txt$$$$河北铁路机械设备有限公司
15941519111.txt$$$$凤城市凤凰城经济管理区城东建筑材料经销处
15941649395.txt$$$$凌河区诚斌精密机械厂
15941951420.txt$$$$大连美最实服装有限公司
15942074578.txt$$$$临沂春成广告材料有限公司
15942308754.txt$$$$东戴河农家院
15942369268.txt$$$$沈阳金同创交通设施工程有限公司
15942849049.txt$$$$贝美装饰（大连）有限公司
15942880349.txt$$$$大连海峰伟业仪器有限公司
15942891255.txt$$$$大连众鑫新型建筑工程材料有限公司
15943501240.txt$$$$北京泵世界商业连锁管理有限公司
15943581549.txt$$$$正定县路海编织袋加工厂
