15675117072.txt$$$$深圳市睿克隆城展示展览有限公司
15675121340.txt$$$$湖南此间乐影文化传播有限公司
15675138322.txt$$$$湖南童尓乐游乐设备有限公司
15675395512.txt$$$$株洲市共创科技有限公司
15675395512_1.txt$$$$株洲市共创科技有限公司
15675395512_2.txt$$$$株洲市共创科技有限公司
15675403730.txt$$$$湖南丰昌环保科技有限公司
15675458987.txt$$$$耒阳市三湘竹木建材经营部
15675555920.txt$$$$陕西康霖现代农业科技有限公司
15675660871.txt$$$$东莞市塘厦领信电子有限公司
15675895071.txt$$$$武汉每时工业发展有限公司
15676089144.txt$$$$滨州荣满化纤绳网有限公司
15676738842.txt$$$$霸州市康仙庄卓远电力器材销售部
15677485737.txt$$$$深圳市宝峰达科技有限公司
15677910877.txt$$$$广西南宁静美花艺设计有限公司
15678880942.txt$$$$广西君诚展柜有限公司
15678912094.txt$$$$滕州市千盛旋转接头有限公司
15678984951.txt$$$$安丘市五洲液袋有限公司
15679230050.txt$$$$九江玲珑管道清洗吸污工程有限公司
15679273513.txt$$$$九江泽美智慧照明有限公司
15679308903.txt$$$$浙江嘉发阀门制造有限公司
15679411616.txt$$$$江西云帆环保建材有限公司
15679447002.txt$$$$福州欧固隆电气设备有限公司
15679736979.txt$$$$石城县浩鑫矿山机械制造厂
15679774720.txt$$$$赣州虔宁企业服务有限公司
15679774720_1.txt$$$$赣州虔宁企业服务有限公司
15679774720_2.txt$$$$赣州虔宁企业服务有限公司
15679928080.txt$$$$美国HOKE阀门有限公司
15680066099.txt$$$$成都街头立体画设计有限公司
15680235937.txt$$$$自贡腾艺彩灯文化有限公司
