15800460369.txt$$$$上海卓卡建筑科技有限公司
15800480588.txt$$$$上海人迈减速机有限公司
15800552257.txt$$$$上海永多隔音装备有限公司
15800566849.txt$$$$上海莉贸展览服务有限公司
15800584996.txt$$$$上海绿建展览有限公司
15800673986.txt$$$$上海杜塞尔多夫展览有限公司
15800677097.txt$$$$江苏信德智能气体装备有限公司
15800679667.txt$$$$台州路旺交通设施有限公司
15800685399.txt$$$$上海晟创门业有限公司
15800687278.txt$$$$万巢精密机械（上海）有限公司
15800695722.txt$$$$上海宏速金属材料有限公司
15800705472.txt$$$$上海华野会展股份有限公司
15800721854.txt$$$$上海友拓实业有限公司
15800733616.txt$$$$上海铭萱节能科技有限公司
15800751432.txt$$$$上海帆铭机械有限公司
15800763762.txt$$$$上海开航科教设备有限公司
15800791508.txt$$$$上海崛劲建筑装饰工程有限公司
15800812304.txt$$$$上海蒙均展览服务有限公司
15800815020.txt$$$$上海济司空间设计有限公司
15800851838.txt$$$$上海马热实业有限公司
15800856963.txt$$$$上海帆彩膜结构工程有限公司
15800869885.txt$$$$上海科蜀智能机械有限公司
15800871291.txt$$$$上海恒进色卡制作有限公司
15800903464.txt$$$$上海蓓诺润滑材料有限公司
15800907747.txt$$$$上海禾业轴承有限公司
15800918272.txt$$$$上海雨秀仪器设备有限公司
15800928281.txt$$$$上海玉祝贸易有限公司
15800929918.txt$$$$河南万巢实业有限公司
15800966818.txt$$$$万巢家居上海有限公司
15800977604.txt$$$$上海川领机电科技有限责任公司
