15710645920.txt$$$$厦门南超机械有限公司
15710663161.txt$$$$厦门市佳仕乐管道工程有限公司
15710672083.txt$$$$厦门昂泰自动化设备有限公司
15710673381.txt$$$$厦门南方智通科技有限公司
15710791785.txt$$$$深圳市文浩建材科技有限公司
15710819990.txt$$$$深圳市华宇润滑油有限公司
15710857848.txt$$$$广州市扬程电子有限公司
15710857848_1.txt$$$$广州市扬程电子有限公司
15710857848_2.txt$$$$广州市扬程电子有限公司
15710921509.txt$$$$昌黎县兴民伟业建筑设备有限公司
15711043020.txt$$$$北京志远通达国际物流
15711043020_1.txt$$$$北京志远通达物流货运
15711043020_2.txt$$$$宏盛达物流
15711043020_3.txt$$$$宏盛达物流
15711108965.txt$$$$武汉鸿兴展览有限公司
15711128257.txt$$$$北京华奥尚优科技有限公司
15711171151.txt$$$$北京鸿发不锈钢加工厂
15711183677.txt$$$$北京鑫达门业有限公司
15711311522.txt$$$$安徽郜畅商贸有限公司
15711489133.txt$$$$中金亚洲（北京）国际互联网科技有限公司
15711559907.txt$$$$秦汉新城森振华超市
15711594641.txt$$$$福州陆客餐饮有限公司
15711622486.txt$$$$上海常鹏金属制品有限公司
15711643521.txt$$$$上海京巴展览服务有限公司
15711727158.txt$$$$广州禹龙信息科技有限公司
15711937932.txt$$$$广州市篷晟金属制品有限公司
15712018327.txt$$$$深圳倍泰科技有限公司
15712072626.txt$$$$杰锐工业设备（深圳）有限公司
15712139930.txt$$$$深圳市富瑞联华科技有限公司
15712183658.txt$$$$深圳市钜浩科技有限公司
