13608189550.txt$$$$成都仁和一品环境工程有限公司
13608236726.txt$$$$成都源蓉科技有限公司
13608307636.txt$$$$重庆洁鼎清洁服务有限公司
13608317886.txt$$$$重庆通泽管业有限公司
13608325231.txt$$$$重庆万事兴家政服务有限公司
13608379099.txt$$$$重庆兴天下科技有限公司
13608398860.txt$$$$重庆跃光网络科技有限公司
13608511365.txt$$$$贵州福满万家建材有限公司
13608625787.txt$$$$林州市鸿盛铁路配件有限公司
13608628073.txt$$$$安阳市北关区金翔不锈钢门市部
13608628073_1.txt$$$$安阳市殷都区付军水暖卫浴门市部
13608667270.txt$$$$洛阳百润斯轴承有限公司
13608676577.txt$$$$郑州鼎商机械有限公司
13608696566.txt$$$$博爱县永光塑料制品加工厂
13608698005.txt$$$$河南协广机械有限公司
13608807258.txt$$$$昆明宏伟门业有限公司
13608808179.txt$$$$云南冠牧源禽业有限公司
13608818830.txt$$$$云南力海机电设备有限公司
13608844261.txt$$$$云南捷安物流运输有限公司
13608856304.txt$$$$昆明市五华区淼辉科技经营部
13608902781.txt$$$$临沂市兰山区恒砚塑料编织厂
13608902781_1.txt$$$$临沂市兰山区恒砚塑料编织厂
13608902781_2.txt$$$$临沂市兰山区恒砚塑料编织厂
13608920979.txt$$$$山东新泽仪器有限责任公司
13608942295.txt$$$$淄博菜根香桔梗有限公司
13608950650.txt$$$$潍坊市顺鑫电缆桥架有限公司
13608950960.txt$$$$潍坊德恒冷弯机械设备制造有限公司
13608955566.txt$$$$青州市远华环保科技有限公司
13608957529.txt$$$$潍坊英凯防水材料
13608959821.txt$$$$诸城市天威精密机械有限公司
