15996752055_2.txt$$$$江苏源泰智能交通设施有限公司
15996851277.txt$$$$邳州市港上鑫洋银杏苗木种植专业合作社
15996856229.txt$$$$山东鼎恒交通设施有限公司
15996858886.txt$$$$邳州市从刚银杏苗圃场
15996919944.txt$$$$徐州木石集建材有限公司
15996997976.txt$$$$徐州诸葛钢铁有限公司
15996998751.txt$$$$徐州伟思信息系统工程研究所
15997141400.txt$$$$广州白云区南粤防火门有限公司
15997181857.txt$$$$湖北新空电气有限公司
15997181857_1.txt$$$$湖北新空电气有限公司
15997181857_2.txt$$$$湖北新空电气有限公司
15997257817.txt$$$$宜城市李莉麦冬草经销部
15997257817_1.txt$$$$宜城市李莉麦冬草经销部
15997257817_2.txt$$$$宜城市李莉麦冬草经销部
15997272198.txt$$$$襄阳峻达机械有限公司
15997272198_1.txt$$$$襄阳峻达机械有限公司
15997272198_2.txt$$$$襄阳峻达机械有限公司
15997316310.txt$$$$襄阳银达银通节能建材有限公司
15997316310_1.txt$$$$襄阳银达银通节能建材有限公司
15997316310_2.txt$$$$襄阳银达银通节能建材有限公司
15997355767.txt$$$$武汉鸿威展览有限公司
15997386788.txt$$$$英山县艺家铁艺装饰店
15997490969.txt$$$$武汉哈夫节商贸有限公司
15997590549.txt$$$$宜昌冠霖商贸有限责任公司
15997641007.txt$$$$湖北携众建筑企业管理咨询有限公司
15997863028.txt$$$$杭州楚发不锈钢制品有限公司
15997873111.txt$$$$程力专用汽车股份有限公司
15997879248.txt$$$$湖北随州专业特种汽车有限公司
15997882309.txt$$$$随州泓顺汽车贸易有限公司
15997885222.txt$$$$湖北五环专用汽车有限公司
