13537369509.txt$$$$东莞市嘉通物流
13537379966.txt$$$$东莞市德郎普电子科技有限公司
13537379966_1.txt$$$$东莞市德郎普电子科技有限公司
13537379966_2.txt$$$$东莞市德郎普电子科技有限公司
13537389836.txt$$$$东莞市鑫港纸业有限公司
13537395560.txt$$$$东莞市锐拓机械设备有限公司
13537407658.txt$$$$东莞市鸿涂净化科技有限公司
13537407658_1.txt$$$$东莞市鸿涂净化科技有限公司
13537407658_2.txt$$$$东莞市鸿涂净化科技有限公司
13537412868.txt$$$$东莞市鸿新物业管理有限公司
13537438855.txt$$$$东莞市科信电子仪器有限公司
13537444004.txt$$$$东莞市益宗机械设备有限公司
13537494682.txt$$$$东莞市浩坚电子有限公司
13537494682_1.txt$$$$东莞市浩坚电子有限公司
13537494682_2.txt$$$$东莞市浩坚电子有限公司
13537500985.txt$$$$深圳市恒时安防有限公司
13537526665.txt$$$$深圳市奥博电子科技有限公司
13537539390.txt$$$$深圳市黑猫卫士电子有限公司
13537550155.txt$$$$深圳市艾瑞阀门有限公司
13537555960.txt$$$$深圳市昌盛行润滑油有限公司
13537555960_1.txt$$$$深圳市永耐润滑油有限公司
13537566612.txt$$$$深圳市森茂业科技有限公司
13537566766.txt$$$$深圳恒发机械设备回收有限公司
13537578865.txt$$$$深圳市兆达鑫科技有限公司
13537609510.txt$$$$广州市程浩化工有限公司
13537610201.txt$$$$深圳市瑞昇润滑材料有限公司
13537614467.txt$$$$东莞市星阳涂料有限公司
13537618778.txt$$$$东莞市国通通风设备有限公司
13537619833.txt$$$$深圳市戈瑞辐照科技有限公司
13537638158.txt$$$$深圳市英捷达科技有限公司
