18653156061.txt$$$$济南森朗环保科技有限公司
18653157275.txt$$$$齐河龙昌生物科技有限公司
18653163186.txt$$$$山东道润石油科技有限公司
18653167807.txt$$$$山东筑之杰检测技术有限公司
18653171752.txt$$$$唐山智锦阳科技有限公司
18653171812.txt$$$$济南双通电子有限公司
18653171812_1.txt$$$$济南双通电子有限公司
18653171812_2.txt$$$$济南双通电子有限公司
18653171876.txt$$$$济南绿和节能环保科技有限公司
18653175433.txt$$$$济南华瑞电子有限公司
18653175433_1.txt$$$$济南华瑞电子有限公司
18653175433_2.txt$$$$济南华瑞电子有限公司
18653175433_3.txt$$$$济南华瑞电子有限公司
18653179832.txt$$$$山东双润供热设备有限公司
18653181322.txt$$$$济南正通达物流有限公司
18653181322_1.txt$$$$济南正通达物流有限公司
18653181322_2.txt$$$$济南正通达物流有限公司
18653181322_3.txt$$$$济南正通达物流有限公司
18653185971.txt$$$$济南市市中区核群制冷设备中心
18653201110.txt$$$$青岛罗曼蒂克婚纱摄影有限公司
18653204828.txt$$$$青岛爱丰源果蔬专业合作社
18653208968.txt$$$$青岛邦钲线管桥架有限公司
18653216703.txt$$$$青岛力睿鸿塑料有限公司
18653217189.txt$$$$青岛盛兴源铝业有限公司
18653217801.txt$$$$青岛金宏宇机电设备有限公司
18653221629.txt$$$$青岛百事特空调安装工程有限公司
18653229936.txt$$$$青岛城市快车数据信息技术服务有限公司
18653230898.txt$$$$青岛艾普智能仪器有限公司
18653230898_1.txt$$$$青岛艾普智能仪器有限公司
18653231569.txt$$$$青岛中邦绿可工贸有限公司
