15588751072.txt$$$$山东恒旺重工有限公司
15588765028.txt$$$$济宁华德环保能源设备有限责任公司
15588767933.txt$$$$济宁市三人行机械制造有限公司
15588770018.txt$$$$梁山华腾运输服务有限公司
15588776863.txt$$$$济宁亚信机械科技有限公司
15588789062.txt$$$$山东铭勘工程机械有限公司
15588793097.txt$$$$曲阜市鲁晨机械制造有限公司
15588803002.txt$$$$济南金力液压机械有限公司
15588803002_1.txt$$$$济南金力液压机械有限公司
15588803002_2.txt$$$$济南金力液压机械有限公司
15588803002_3.txt$$$$济南金力液压机械有限公司
15588806116.txt$$$$济南路加升降机械设备有限公司
15588808789.txt$$$$济南蓝帝安防设备有限公司
15588836877.txt$$$$济南力豪机械制造有限公司
15588876938.txt$$$$济南龙微制药设备有限公司
15588986637.txt$$$$青岛金士威环保科技有限公司
15588997353.txt$$$$青岛格蓝森环保科技有限公司
15589004931.txt$$$$临沂惠尔动物营养有限公司
15589008896.txt$$$$平邑县新嘉木材加工厂
15589011550.txt$$$$山东百工机械有限公司
15589039553.txt$$$$深圳樱尼新材料科技有限公司
15589051239.txt$$$$临沂市兰山区金广遮阳网厂
15589051239_1.txt$$$$临沂市兰山区金广遮阳网厂
15589051239_2.txt$$$$临沂市兰山区金广遮阳网厂
15589069119.txt$$$$临沂市群豪木制品厂
15589144447.txt$$$$德州宝祥塑料制品有限公司
15589157258.txt$$$$德州宇晟通风设备有限公司
15589162552.txt$$$$山东康诺健身器材有限公司
15589174991.txt$$$$德州永杰信息技术有限公司
15589189109.txt$$$$宁津县宏旺温控设备经营部
