13703465235.txt$$$$安阳市普瑞森机械有限公司
13703466193.txt$$$$安阳市丰帆硅业有限公司
13703469518.txt$$$$内黄县二安乡腾达电气焊门市部
13703483806.txt$$$$台前县孙口将军渡电器厂
13703518000.txt$$$$山西百达电子科技有限公司
13703518000_1.txt$$$$山西百达电子科技有限公司
13703518000_2.txt$$$$山西百达电子科技有限公司
13703542066.txt$$$$山西安晟科技发展有限公司
13703545500.txt$$$$祁县汇鸿源化工有限公司
13703545500_1.txt$$$$祁县汇鸿源化工有限公司
13703545500_2.txt$$$$祁县汇鸿源化工有限公司
13703586991.txt$$$$山西仁和鑫光电工程有限公司
13703586991_1.txt$$$$山西仁和鑫光电工程有限公司
13703586991_2.txt$$$$山西仁和鑫光电工程有限公司
13703587382.txt$$$$山西宸鑫昊物资有限公司
13703587382_1.txt$$$$山西宸鑫昊物资有限公司
13703587382_2.txt$$$$山西宸鑫昊物资有限公司
13703588395.txt$$$$山西兴富利伟业科技有限公司
13703588395_1.txt$$$$山西兴富利伟业科技有限公司
13703588395_2.txt$$$$山西兴富利伟业科技有限公司
13703589501.txt$$$$太原市利鹏伟业商贸有限公司
13703712096.txt$$$$郑州正浩电子工程有限公司
13703712798.txt$$$$河南顺宝建材有限公司
13703713289.txt$$$$郑州华浩建筑装饰工程有限公司
13703713289_1.txt$$$$郑州华浩建筑装饰工程有限公司
13703713289_2.txt$$$$郑州华浩建筑装饰工程有限公司
13703713289_3.txt$$$$郑州华浩建筑装饰工程有限公司
13703714872.txt$$$$郑州中凯节能科技发展有限公司
13703715996.txt$$$$郑州市嵩阳煤机制造有限公司
13703717486.txt$$$$河南豫工机械有限公司
