18972242229_1.txt$$$$樊城区郑立建管道疏通服务部
18972242229_2.txt$$$$樊城区郑立建管道疏通服务部
18972244311.txt$$$$湖北泊林装饰工程有限公司
18972244311_1.txt$$$$湖北泊林装饰工程有限公司
18972244311_2.txt$$$$湖北泊林装饰工程有限公司
18972265000.txt$$$$襄阳海琦机电工程有限公司
18972265699.txt$$$$襄阳金冠宏建筑装饰有限公司
18972294767.txt$$$$湖北敏杰电器有限公司
18972294767_1.txt$$$$湖北敏杰电器有限公司
18972294767_2.txt$$$$湖北敏杰电器有限公司
18972299003.txt$$$$湖北通光电气有限公司
18972497683.txt$$$$十堰市摩天新型节能材料有限公司
18972546998.txt$$$$深圳市华玺尚雅健康形象投资有限公司
18972560018.txt$$$$宜昌天助人和计算机咨询有限公司
18972582120.txt$$$$宜昌慧诚自动化设备有限责任公司
18972635544.txt$$$$湖北洁创环保设备有限公司
18972676638.txt$$$$汉川市华旺铜锣厂
18972798180.txt$$$$湖北硒金农业科技有限公司
18972810002.txt$$$$咸宁市韵生环保科技有限公司
18972812444.txt$$$$咸宁市智家物联技术有限公司
18972814444.txt$$$$咸安区陈馨苑私房菜
18972815889.txt$$$$通山县彩虹超市
18972818988.txt$$$$湖北星汉园林有限公司
18972819738.txt$$$$温泉华盛卫浴专卖店
18972820600.txt$$$$咸宁市门窗制造
18972822510.txt$$$$温泉小梁水晶玻璃店
18972823753.txt$$$$咸安区浩轩卫浴五金批发部
18972826917.txt$$$$咸安区阳光林森家私店
18972832117.txt$$$$咸安区盛辉灯饰
18972839266.txt$$$$咸宁金德管业
