18981778858.txt$$$$成都诚信汇凯节能科技有限公司
18981778858_1.txt$$$$成都诚信汇凯节能科技有限公司
18981778858_2.txt$$$$成都诚信汇凯节能科技有限公司
18981787698.txt$$$$成都明峰实业有限公司
18981811611.txt$$$$四川美柯制冷科技有限公司
18981835466.txt$$$$成都宏得鑫瑞城市建设开发有限公司
18981864418.txt$$$$四川富益凯茂工业设备有限公司
18981893581.txt$$$$四川华驿公路交通工程有限公司
18981906173.txt$$$$无锡联合纬创机械有限公司
18981933621.txt$$$$成都锦恒荣泰电气设备有限公司
18981981233.txt$$$$四川致远办公家具有限公司
18981985975.txt$$$$成都杰兴清洁设备有限公司
18982089708.txt$$$$成都托马科技有限公司
18982120070.txt$$$$成都卓越杰克森纸品有限公司
18982131184.txt$$$$温江情缘喜事婚庆馆
18982191911.txt$$$$成都成航机械设备租赁有限公司
18982226066.txt$$$$成都市创世代广告传媒有限公司
18982271489.txt$$$$成都德润环保科技有限公司
18982274495.txt$$$$成都迈锐捷激光技术有限公司
18982274495_1.txt$$$$成都迈锐捷激光技术有限公司
18982274495_2.txt$$$$成都迈锐捷激光技术有限公司
18982274495_3.txt$$$$成都迈锐捷激光技术有限公司
18982277406.txt$$$$四川成都飞达电器维修公司
18982536379.txt$$$$云南金江花椒有限公司
18982536379_1.txt$$$$云南青蔓花椒有限公司
18982739999.txt$$$$泸州宋宇鹅卵石有限公司
18983005551.txt$$$$鑫火暖通设备(重庆)有限公司
18983005551_1.txt$$$$鑫火暖通设备(重庆)有限公司
18983072660.txt$$$$成都科冠涂料有限责任公司
18983072660_1.txt$$$$成都冠牌油漆涂料有限责任公司
