13389966822.txt$$$$天津市云舟机械配件有限公司
13389966822_1.txt$$$$天津市云舟机械配件有限公司
13389989535.txt$$$$天津沣泽财务咨询有限公司
13389989535_1.txt$$$$天津沣泽财务咨询有限公司
13389989535_2.txt$$$$天津沣泽财务咨询有限公司
13390021336.txt$$$$大连华工创新科技股份有限公司
13390110367.txt$$$$沈阳耀达太阳能新能源有限公司
13390136661.txt$$$$沈阳市沈河区海鑫工艺美术厂
13390165511.txt$$$$辽宁瑞卡建筑工程有限公司
13390511952.txt$$$$瑞徕宝汽车部件装备（大连）有限公司
13390585119.txt$$$$沈阳沈安防火材料有限公司
13390590170.txt$$$$沈阳永功钢材交易中心
13390600003.txt$$$$江苏龙凤照明电器有限公司
13390605032.txt$$$$扬州盛世液压机械有限公司
13390611476.txt$$$$镇江厚牛照明材料有限公司
13390652728.txt$$$$江苏省双马机电设备有限公司
13390658655.txt$$$$扬州旭欣气动液压设备有限公司
13390674848.txt$$$$盐城市腾龙生态科技有限公司
13390729222.txt$$$$江苏丰鑫源环保集团有限公司
13390729222_1.txt$$$$江苏丰鑫源环保集团有限公司
13390729222_2.txt$$$$江苏丰鑫源环保集团有限公司
13390748222.txt$$$$江苏鑫泉环保材料有限公司
13390765256.txt$$$$南京顺昌环保工程有限公司
13390768827.txt$$$$南京飞阳广告制作有限公司
13390773372.txt$$$$南京佳信塑料包装有限公司
13390823385.txt$$$$高风机电科技（苏州）有限公司
13390826361.txt$$$$常熟市凯隆无纺机械有限公司
13390851506.txt$$$$苏州拓鸿标识有限公司
13390851806.txt$$$$昆山阳未诚天商贸有限公司
13390856996.txt$$$$南京嘉诚机械有限公司
