13995644985.txt$$$$武汉天运汉菱冷气设备有限公司
13995649911.txt$$$$武汉顶想信息技术有限公司
13995658914.txt$$$$武汉楚峰企业管理顾问有限公司
13995665059.txt$$$$武汉佳和时代工程有限公司
13995666250.txt$$$$武汉添拓科贸有限公司
13995667663.txt$$$$武汉市友希梅包装有限公司
13995667663_1.txt$$$$武汉市家道兴包装有限公司
13995673501.txt$$$$武汉东方阳光物业服务有限公司
13995676659.txt$$$$武汉泰轮制冷成套设备有限公司
13995680009.txt$$$$武汉华天科远光电有限公司
13995697028.txt$$$$武汉文楚激光技术有限公司
13995727447.txt$$$$襄阳九利机械制造有限公司
13995733559.txt$$$$襄阳白石山白土有限公司
13995733559_1.txt$$$$襄阳白石山白土有限公司
13995733559_2.txt$$$$襄阳白石山白土有限公司
13995745676.txt$$$$盛龙门业店铺
13995747142.txt$$$$襄阳市襄州区燎原线缆销售中心
13995755190.txt$$$$湖北安耐捷炉衬材料有限公司
13995761234.txt$$$$襄阳鑫火旺金属制品有限公司
13995761234_1.txt$$$$襄阳鑫火旺金属制品有限公司
13995761234_2.txt$$$$襄阳鑫火旺金属制品有限公司
13995768321.txt$$$$襄阳襄济建材科技有限公司
13995792589.txt$$$$襄阳市襄州区帅尔杰玻璃钢构件厂
13995792589_1.txt$$$$襄阳市襄州区帅尔杰玻璃钢构件厂
13995792589_2.txt$$$$襄阳市襄州区帅尔杰玻璃钢构件厂
13995917123.txt$$$$蕲春长生艾叶艾制品有限公司
13996059268.txt$$$$重庆顺昌景观雕塑工程有限公司
13996059572.txt$$$$重庆赛奥玻璃钢制品有限公司
13996067358.txt$$$$重庆金特尔钢结构工程有限责任公司
13996067358_1.txt$$$$重庆金特尔钢结构工程有限责任公司
