13329730411.txt$$$$武汉格美乐管道工程有限公司
13329733803.txt$$$$华夏金桥湖北商业设施股份有限公司
13329819899.txt$$$$宜昌东英制冷设备工程有限公司
13329863644.txt$$$$襄阳联杰机电有限公司
13329879199.txt$$$$襄阳新诚铭玻璃有限公司
13329879199_1.txt$$$$襄阳新诚铭玻璃有限公司
13329879199_2.txt$$$$襄阳新诚铭玻璃有限公司
13329883133.txt$$$$湖北江南专用特种汽车有限公司
13329885001.txt$$$$程力专用汽车股份有限公司
13329897775.txt$$$$随州市大和汽车运输有限公司
13329983088.txt$$$$湖北丽尔家日用品股份有限公司
13329983088_1.txt$$$$湖北丽尔家日用品股份有限公司
13329983088_2.txt$$$$湖北丽尔家日用品股份有限公司
13329989186.txt$$$$温泉升达地板
13329989700.txt$$$$咸安紫荆花油漆店
13329989700_1.txt$$$$咸安紫荆花油漆店
13329999601.txt$$$$咸安区伟业汽车服务
13330089898.txt$$$$南昌驰晟广告有限公司
13330120062.txt$$$$江西凯瑞管道工程有限公司
13330197581.txt$$$$丰城市林友农林发展有限公司
13330242403.txt$$$$重庆泓佳德物流
13330276681.txt$$$$惠州市森德宝建材有限公司
13330276681_1.txt$$$$惠州市森德宝建材有限公司
13330276681_2.txt$$$$惠州市森德宝建材有限公司
13330283339.txt$$$$重庆天蚕网络科技有限公司
13330287997.txt$$$$重庆乐土乐土餐饮管理有限公司
13330498652.txt$$$$昆明欧美娜纺织品有限公司
13330498652_1.txt$$$$昆明欧美娜纺织品有限公司
13330498652_2.txt$$$$昆明欧美娜纺织品有限公司
13330500123.txt$$$$云南爽达膜结构工程有限公司
