13717765342_2.txt$$$$豪世通环保设备租赁有限责任公司
13717797962.txt$$$$北京盛翔伟业建筑工程有限公司
13717826933.txt$$$$北京新恒能分析仪器有限公司
13717827860.txt$$$$北京同舟视达科技有限公司
13717835135.txt$$$$北京正泰铭远科技有限公司
13717836540.txt$$$$北京华艺恒创视觉艺术有限公司
13717852695.txt$$$$北京精创致远机电设备有限公司
13717888512.txt$$$$北京中合盛通项目数据分析师事务所有限公司
13717979522.txt$$$$洁道夫（北京）环境科技有限公司
13717986720.txt$$$$北京全胜辉阀门有限公司
13717988963.txt$$$$北京洁娃机电设备有限公司
13718026379.txt$$$$北京博大荣升机电设备有限公司
13718071996.txt$$$$北京伯安工业装备有限公司
13718078250.txt$$$$北京古德维实机电设备有限公司
13718078250_1.txt$$$$北京古德维实机电设备有限公司
13718078250_2.txt$$$$北京古德维实机电设备有限公司
13718081088.txt$$$$北京恩博联华商贸有限公司
13718091568.txt$$$$北京易霖基业科技发展有限公司
13718108127.txt$$$$北京贝瑞迎轴承有限公司
13718119076.txt$$$$北京金禹华科技发展有限公司
13718151681.txt$$$$北京千和展览有限公司
13718207152.txt$$$$北京市企发展览服务有限公司
13718214792.txt$$$$慧嘉乐（北京）家政服务有限公司
13718222045.txt$$$$北京双悦时代水处理设备有限公司
13718228976.txt$$$$北京舜川环保科技有限责任公司
13718228976_1.txt$$$$北京舜川环保科技有限公司
13718249896.txt$$$$北京立高立德工程技术有限公司
13718300961.txt$$$$北京中德新亚建筑技术有限公司
13718300961_1.txt$$$$北京中德新亚建筑技术有限公司
13718300961_2.txt$$$$北京中德新亚建筑技术有限公司
