13066859222.txt$$$$深圳市金环达物流有限公司
13066887779.txt$$$$广州市跃美贸易有限公司
13066919036.txt$$$$深圳市品尚汽车销售服务有限公司
13066948787.txt$$$$东莞市潺林电子有限公司
13067111372.txt$$$$福州乾祥环保科技有限公司
13067304260.txt$$$$上海远步实业有限公司
13067390804.txt$$$$福州丹思特环保设备有限公司
13067776664.txt$$$$杭州车之音贸易有限公司
13067776664_1.txt$$$$杭州车之音贸易有限公司
13067776664_2.txt$$$$杭州车之音贸易有限公司
13067803627.txt$$$$嘉兴德运废旧物资回收有限公司
13067841688.txt$$$$海外海杭州商城斌斌家具家电经营部
13067848989.txt$$$$杭州嘉信环境科技有限公司
13067971884.txt$$$$杭州百乐粘胶有限公司
13067989551.txt$$$$浙江李子园食品股份有限公司
13067989551_1.txt$$$$浙江李子园食品股份有限公司
13067989551_2.txt$$$$浙江李子园食品股份有限公司
13068086656.txt$$$$山西长杰伟业商贸有限公司
13068089449.txt$$$$太原市亨旺物贸有限公司
13068195922.txt$$$$广州亿特快国际运输代理有限公司
13068300682.txt$$$$重庆逐阳机电有限公司
13068756658.txt$$$$石家庄庄里商贸有限公司
13068765568.txt$$$$河北蓝图部落商贸有限公司
13068808764.txt$$$$广州农冈机械设备有限公司
13068810511.txt$$$$广州固嘉包装材料有限公司
13068810511_1.txt$$$$广州固嘉包装材料有限公司
13068810511_2.txt$$$$广州固嘉包装材料有限公司
13068823043.txt$$$$广州市番之威包装材料有限公司
13068840123.txt$$$$广州固恒建材科技有限公司
13068840123_1.txt$$$$广州固恒建材科技有限公司
