18925963953.txt$$$$广东佛山信德成科技有限公司
18925968821.txt$$$$佛山市禅城区海峤力机电贸易商行
18925969838.txt$$$$佛山市柜人陈列道具制品有限公司
18925970012.txt$$$$佛山市景日塑料制品有限公司
18925970786.txt$$$$佛山市乔丰塑胶实业有限公司
18925970786_1.txt$$$$佛山市乔丰塑胶实业有限公司
18925971950.txt$$$$佛山市南海区金久机械厂
18925980589.txt$$$$广东怡轩园林环境工程有限公司
18925987271.txt$$$$奥也实业有限公司
18925988418.txt$$$$江门泉之风通风降温设备厂
18925997009.txt$$$$佛山市欧莱诺门窗科技有限公司
18926001456.txt$$$$深圳市一家乐数码科技有限公司
18926007187.txt$$$$深圳市锦锋科技有限公司
18926008545.txt$$$$为你省机器人（深圳）有限公司
18926011504.txt$$$$深圳市华安劳保用品有限公司
18926012403.txt$$$$深圳市坪山新区鑫阳玻璃钢厂
18926013343.txt$$$$深圳市小金宝实业有限公司
18926023916.txt$$$$深圳市再创达科技有限公司
18926028496.txt$$$$深圳宇鹏世纪钻石制品有限公司
18926033927.txt$$$$深圳市海盛达发展电子有限公司
18926037305.txt$$$$深圳市铭诚金属有限公司
18926046589.txt$$$$深圳研汉科技有限公司
18926052943.txt$$$$深圳市天助人和技术有限公司
18926053595.txt$$$$深圳市隆泰花纹纸业有限公司
18926062742.txt$$$$深圳市诚兴伟业实业有限公司
18926075608.txt$$$$深圳市凌宝电子有限公司
18926100089.txt$$$$广州市森玛服装有限公司
18926105981.txt$$$$广州市泽鑫机械设备有限公司
18926116607.txt$$$$广州市白云区品质展示用品厂
18926136001.txt$$$$广州辉龙过滤技术有限公司
