15112629081.txt$$$$深圳市宙辰科技有限公司
15112655843.txt$$$$正东源科技有限公司
15112669971.txt$$$$深圳市达源铜铝材料有限公司
15112684205.txt$$$$深圳鹏灏东源环保设备有限公司
15112684264.txt$$$$深圳市华宇通检测技术有限公司
15112687619.txt$$$$深圳市宸远电子科技有限公司
15112721920.txt$$$$东莞国森固体废物处理科技有限公司
15112798306.txt$$$$东莞兆舜有机硅科技股份有限公司
15112821738.txt$$$$东莞市永丰源食品有限公司
15112821738_1.txt$$$$东莞市永丰源食品有限公司
15112821738_2.txt$$$$东莞市永丰源食品有限公司
15112821738_3.txt$$$$东莞市永丰源食品有限公司
15112856066.txt$$$$东莞市新动力机电工程有限公司
15112856066_1.txt$$$$东莞市新动力机电工程有限公司
15112856066_2.txt$$$$东莞市新动力机电工程有限公司
15112872913.txt$$$$东莞市钧坚塑胶科技有限公司
15112872913_1.txt$$$$东莞市钧坚塑胶科技有限公司
15112872913_2.txt$$$$东莞市钧坚塑胶科技有限公司
15112880823.txt$$$$东莞市锐增实业有限公司
15112880823_1.txt$$$$东莞市锐增实业有限公司
15112880823_2.txt$$$$东莞市锐增实业有限公司
15112880823_3.txt$$$$东莞市锐增实业有限公司
15112883722.txt$$$$东莞市汉艺精密机械有限公司
15112886771.txt$$$$东莞市中源塑胶原料有限公司
15112888839.txt$$$$东莞昌鑫保温材料有限公司
15112888839_1.txt$$$$东莞昌鑫保温材料有限公司
15112888839_2.txt$$$$东莞昌鑫保温材料有限公司
15112901165.txt$$$$佛山市南海正佳不锈钢制品有限公司
15112967581.txt$$$$佛山市耐奇塑料制品有限公司
15113278408.txt$$$$惠州市仲恺高新区陈江骏盛机电设备经营部
