18031698444.txt$$$$固安中滤过滤科技有限公司
18031698777.txt$$$$廊坊康杰通风材料有限公司
18031709253.txt$$$$大征电线责任有限公司
18031709667.txt$$$$盐山县捌方管道制造有限公司
18031718182.txt$$$$河北华工管道装备制造有限公司
18031722111.txt$$$$河北广林管件有限公司
18031728965.txt$$$$沧州市佰誉管道有限公司
18031730272.txt$$$$河北鹏远建筑仪器厂
18031730602.txt$$$$河北砥砺钢管有限公司
18031731288.txt$$$$南皮县鹏宇机电有限公司
18031736190.txt$$$$石家庄森海包装有限公司
18031737697.txt$$$$石家庄安踏地板有限公司
18031760289.txt$$$$泊头市庆功机械设备制造有限公司
18031762099.txt$$$$泊头市鸿铭机械制造有限公司
18031762621.txt$$$$河北宁杰环保科技有限公司
18031765988.txt$$$$河北亿盛管业有限公司
18031769179.txt$$$$泊头市兴牧畜牧机械设备厂
18031777209.txt$$$$沧州英杰机械制造有限公司
18031795986.txt$$$$泊头市兴亚畜牧机械设备制造厂
18031795989.txt$$$$泊头兴牧畜牧机械设备厂
18031796139.txt$$$$沧州昊然教学设备有限公司
18031807333.txt$$$$安平县海创丝网制品有限公司
18031809899.txt$$$$安平县久高丝网制品有限公司
18031814024.txt$$$$河北广拓玻璃钢有限公司
18031816223.txt$$$$安平县恩宏丝网制品有限公司
18031827326.txt$$$$石家庄凯德过滤设备有限公司
18031874207.txt$$$$衡水康晟新材料科技有限公司
18031881725.txt$$$$安平县双柏丝网制品有限公司
18031882082.txt$$$$安平县厚信丝网制品有限公司
18031886321.txt$$$$安平县环凯丝网制品有限公司
