18868162645.txt$$$$杭州至开企业管理咨询有限公司
18868162645_1.txt$$$$杭州至开企业管理咨询有限公司
18868162645_2.txt$$$$杭州至开企业管理咨询有限公司
18868428088.txt$$$$杭州中江体育设施工程有限公司
18868458652.txt$$$$东阳市富万家红木家私有限公司
18868458797.txt$$$$东阳市金密钢带有限公司
18868462588.txt$$$$永康市唯爱不锈钢制品有限公司
18868473319.txt$$$$浙江东阳汝拉服饰有限公司
18868488911.txt$$$$金华市鼎砂机械有限公司
18868488911_1.txt$$$$金华市鼎砂机械有限公司
18868488911_2.txt$$$$金华市鼎砂机械有限公司
18868499996.txt$$$$永康市江南宇明翰铝护栏厂
18868526760.txt$$$$磐安县陈界永敢农家乐
18868562699.txt$$$$慈溪市聚聪帽厂
18868563279.txt$$$$东阳市泓盾建材有限公司
18868563279_1.txt$$$$东阳市泓盾建材有限公司
18868583338.txt$$$$浙江宠艾你金属制品有限公司
18868632009.txt$$$$余姚市优诚模架有限公司
18868702626.txt$$$$杭州杭达办公家具有限公司
18868722733.txt$$$$杭州婕宁捷艺术培训有限公司
18868734555.txt$$$$库堃物流科技（上海）有限公司
18868771682.txt$$$$合肥市钜翔精密五金制造有限公司
18868779371.txt$$$$杭州赛明照明电器有限公司
18868781353.txt$$$$杭州亿赫科技开发有限公司
18868799581.txt$$$$杭州康源过滤机有限公司
18868807098.txt$$$$杭州观澜过滤技术有限公司
18868811966.txt$$$$杭州日出水族工程有限公司
18868837878.txt$$$$九江海神摩托艇制造有限公司
18868845087.txt$$$$杭州市江干区魔雷汽车用品商行
18868924016.txt$$$$宁波俊达机电设备有限公司
