14781837388_1.txt$$$$东莞市中雷电子有限公司
14781837388_2.txt$$$$东莞市中雷电子有限公司
14781837388_3.txt$$$$东莞市中雷电子有限公司
14782824000.txt$$$$帝肯实业（上海）有限公司
14782824000_1.txt$$$$帝肯建材（上海）有限公司
14782836553.txt$$$$上海滨路环保设备有限公司
14787482465.txt$$$$郑州市太行影楼用品
14790209366.txt$$$$六安瞰雄车业有限公司
14790209366_1.txt$$$$六安瞰雄车业有限公司
14790519225.txt$$$$安徽省语安商贸有限公司
14794589483.txt$$$$成都市美鑫塑胶制品有限公司
14795005199.txt$$$$贺兰县德胜得利斯集装箱移动板房厂
14795005199_1.txt$$$$贺兰县德胜得利斯集装箱移动板房厂
14795005199_2.txt$$$$贺兰县德胜得利斯集装箱移动板房厂
14796326760.txt$$$$深圳市风谷三位科技有限公司
14797221033.txt$$$$文水县武午双建铸造厂
14797221033_1.txt$$$$太谷裕鑫玛钢铸造有限公司
14797221033_2.txt$$$$山西秋田科技有限公司
14797221033_3.txt$$$$河南省奥新体育场设施工程有限公司
14797221033_4.txt$$$$河南省中原矿山设备有限公司山西分公司
14797221033_5.txt$$$$山西科泰矿用装备有限公司
14797221033_6.txt$$$$山西能邦厨业科技开发有限公司
14797221033_7.txt$$$$山西弘通达自动化科技有限公司
14797221033_8.txt$$$$山西弘通达自动化科技有限公司
14797221033_9.txt$$$$山西弘通达自动化科技有限公司
14798348989.txt$$$$重庆力博汽车销售有限公司
15000000000.txt$$$$苏州慧照机电设备有限公司
15000067135.txt$$$$上海台庆交通设施有限公司
15000082050.txt$$$$南京多点米管道工程有限公司
15000119495.txt$$$$上海邵欧自动化设备有限公司
