18705315988.txt$$$$山东明通起重运输有限公司
18705315988_1.txt$$$$山东明通起重运输有限公司
18705315988_2.txt$$$$山东明通起重运输有限公司
18705344444.txt$$$$德州亚通空调有限公司
18705344444_1.txt$$$$德州亚通空调有限公司
18705344444_2.txt$$$$山东亚通环保科技集团有限公司
18705348885.txt$$$$德州广聚新材料有限公司
18705348980.txt$$$$德州市力诚吊装有限公司
18705366368.txt$$$$潍坊润金达新材料有限公司
18705391128.txt$$$$临沂市兰山区良永塑料制品厂
18705500827.txt$$$$广东和洋电动叉车有限公司
18705500827_1.txt$$$$广东和洋电动叉车有限公司
18705500827_2.txt$$$$广东和洋电动叉车有限公司
18705606395.txt$$$$安徽宜贞环保科技有限公司
18705623133.txt$$$$枞阳县丰泉建材厂
18705692368.txt$$$$合肥鑫耀达消防科技有限公司
18705697708.txt$$$$合肥涵行广告有限责任公司
18705697708_1.txt$$$$合肥涵行广告有限责任公司
18705697708_2.txt$$$$合肥赛佳广告装饰工程有限公司
18705697708_3.txt$$$$合肥涵行广告有限责任公司
18705697708_4.txt$$$$合肥涵行广告有限责任公司
18705705788.txt$$$$衢州忠邦涂料有限公司
18705705788_1.txt$$$$衢州忠邦涂料有限公司
18705772913.txt$$$$温州奥洋新材料有限公司
18705791302.txt$$$$义乌市耀桂工艺品有限公司
18705791302_1.txt$$$$义乌市耀桂工艺品有限公司
18705791302_2.txt$$$$义乌市耀桂工艺品有限公司
18705797671.txt$$$$永康市华睿反光制品厂
18705877163.txt$$$$温州精亚科技有限公司
18705890759.txt$$$$义乌市彩蕾烫画有限公司
