13828751050.txt$$$$深圳市美高精密工具有限公司
13828756623.txt$$$$深圳市鑫华微创电子有限公司
13828759660.txt$$$$深圳市金海特电子有限公司
13828766692.txt$$$$深圳易恒泰工业设备有限公司
13828769997.txt$$$$深圳市互帮搬迁服务有限公司
13828770253.txt$$$$深圳市鑫润昌科技有限公司
13828776372.txt$$$$深圳市天凌高实业发展有限公司
13828787951.txt$$$$东莞市德旺电子科技有限公司
13828787951_1.txt$$$$东莞市德旺电子科技有限公司
13828787951_2.txt$$$$东莞市德旺电子科技有限公司
13828787951_3.txt$$$$东莞市德旺电子科技有限公司
13828789845.txt$$$$深圳市青象信息科技有限公司
13828798237.txt$$$$深圳市兴富祥科技有限公司
13828810411.txt$$$$东莞市林洋机械设备有限公司
13828810411_1.txt$$$$东莞市林洋机械设备有限公司
13828810411_2.txt$$$$东莞市林洋机械设备有限公司
13828812026.txt$$$$深圳市创通智能设备有限公司
13828819035.txt$$$$东莞市凤岗铭旺机械经营部
13828821834.txt$$$$广州市南洋电缆有限公司销售部
13828822926.txt$$$$深圳市腾扬金属材料有限公司
13828825905.txt$$$$深圳市七号仓库装饰材料有限公司
13828829390.txt$$$$阿斯贝奇健康科技有限公司
13828832919.txt$$$$东莞市凯迪斯泰五金配件有限公司
13828842088.txt$$$$深圳市时代万网科技有限公司
13828852749.txt$$$$深圳博鳌精细化工有限公司
13828861792.txt$$$$深圳市蓝厨科技有限公司
13828861998.txt$$$$深圳市卡斯特物流设备有限公司
13828880272.txt$$$$卓茂光电科技（深圳）有限公司
13828885518.txt$$$$深圳市鑫科动力设备有限公司
13828889038.txt$$$$深圳市泰顺友电机电有限公司
