19820337791.txt$$$$中山市友祥机械有限公司
19821105917.txt$$$$上海寒生制冷设备有限公司
19821344591.txt$$$$上海泰威展览服务有限公司
19822116832.txt$$$$天津国联二手车报废车回收有限公司
19822116832_1.txt$$$$天津国联二手车报废车回收有限公司
19822116832_2.txt$$$$天津国联二手车报废车回收有限公司
19823456375.txt$$$$广东中耐智能电气科技有限公司
19823511013.txt$$$$重庆托力卡智能科技有限公司
19825017089.txt$$$$南京竹发物流有限公司
19825664446.txt$$$$江苏润通机具有限公司
19825946845.txt$$$$盐城创利光伏新能源有限公司
19828324280.txt$$$$四川金瑞林森园林景观工程有限公司
19829622021.txt$$$$西安赣达电器有限公司
19831032188.txt$$$$河北壹益生物科技有限公司
19831032188_1.txt$$$$河北壹益生物科技有限公司
19831032188_2.txt$$$$河北壹益生物科技有限公司
19831731616.txt$$$$东光县众泽塑业有限公司
19831866116.txt$$$$河北早强环保设备有限公司
19831868666.txt$$$$安平县固久金属丝网制造有限公司
19833166889.txt$$$$永清县洪莉水暖电建筑安装有限公司
19833199866.txt$$$$河北邦成电力器具制造有限公司
19833228786.txt$$$$河北巨奥泵业制造有限公司
19833286868.txt$$$$雄县运达塑料包装厂
19833727727.txt$$$$河北三庆机械制造有限公司
19833758881.txt$$$$金声钢管制造有限公司
19833775776.txt$$$$沧州华创农业科技发展有限公司
19833803335.txt$$$$安平县星飞金属网制品有限公司
19833869345.txt$$$$河北悦畅环保设备有限公司
19834427495.txt$$$$山西元一智能科技有限公司
19834427495_1.txt$$$$山西元一智能科技有限公司
