13616595910.txt$$$$浙江华检自动化设备有限公司
13616648004.txt$$$$海王科技有限公司
13616648004_1.txt$$$$浙江美仕电气有限公司
13616648004_2.txt$$$$温州美仕电气有限公司
13616821560.txt$$$$温州海得利电气有限公司
13616894200.txt$$$$义乌市泰恩彩砂厂（彩虹之约包装）
13617005287.txt$$$$南昌沐一电脑经营部
13617120538.txt$$$$湖北垄上畜牧养殖专业合作社
13617150911.txt$$$$咸宁市果宝咖啡馆
13617151470.txt$$$$咸安区新华汽车服务中心
13617152478.txt$$$$咸宁红兴石材
13617158199.txt$$$$咸宁双泉建材
13617209702.txt$$$$襄阳膜科水处理工程有限公司
13617209702_1.txt$$$$襄阳膜科水处理工程有限公司
13617209702_2.txt$$$$襄阳膜科水处理工程有限公司
13617225563.txt$$$$程力专用汽车股份有限公司
13617225563_1.txt$$$$程力专用汽车股份有限公司
13617225563_2.txt$$$$程力专用汽车股份有限公司
13617478888.txt$$$$耒阳市顺风石材雕刻工艺品有限公司
13617523133.txt$$$$海口百大水产种苗科技有限公司
13617661104.txt$$$$重庆旭源电力有限公司
13617689001.txt$$$$重庆赛宾建材有限公司
13617711638.txt$$$$南宁市豪泰纸制品包装有限公司
13617711638_1.txt$$$$南宁市豪泰纸制品包装有限公司
13617711638_2.txt$$$$南宁市豪泰纸制品包装有限公司
13617714688.txt$$$$隔音涂料厂
13617736077.txt$$$$桂林俊杰市政工程有限公司
13617780181.txt$$$$河池市佳园环保科技有限公司
13617910899.txt$$$$江西南科净化有限公司
13618089447.txt$$$$成都山本文化传播有限公司
