13674001531.txt$$$$佛山市南海沙头华南五金塑料厂
13674001531_1.txt$$$$佛山市南海沙头华南五金塑料厂
13674002780.txt$$$$佛山市高玛家具有限公司
13674061808.txt$$$$顺德区容桂丰利盛五金塑料厂
13674068515.txt$$$$立吉欣国际展览工程（广东）有限公司
13674085551.txt$$$$佛山浩克铝业有限公司
13674199209.txt$$$$辽阳天兴离心机有限公司
13674256119.txt$$$$沈阳盛世达机械制造有限公司
13674318390.txt$$$$长春市哈中信教学设备有限公司
13674350458.txt$$$$河北华光不锈钢制品有限公司
13674584392.txt$$$$中山福瑞卫浴设备有限公司
13674632495.txt$$$$哈尔滨凯捷环卫机械设备制造有限公司
13674904656.txt$$$$河南省博思创伟电子科技有限公司
13674904656_1.txt$$$$河南省博思创伟电子科技有限公司
13674904656_2.txt$$$$河南省博思创伟电子科技有限公司
13674917895.txt$$$$郑州巴特熔体泵有限公司
13674919820.txt$$$$郑州速捷电子商务有限公司
13674921999.txt$$$$巩义市亿丰环保制造有限公司
13674921999_1.txt$$$$河南省亿丰机械制造有限公司
13674955790.txt$$$$河南建杰集团有限公司
13674961207.txt$$$$郑州恒尔科贸有限公司
13674967666.txt$$$$郑州市强科机械设备有限公司
13674998789.txt$$$$河南信联重工机械有限公司
13674998789_1.txt$$$$河南信联重工机械有限公司
13674998789_2.txt$$$$河南信联重工机械有限公司
13674998789_3.txt$$$$河南信联重工机械有限公司
13674998789_4.txt$$$$河南信联重工机械有限公司
13675000503.txt$$$$福州龙楼阁木制品有限公司
13675005937.txt$$$$福建金柯广告标识工程有限公司
13675008062.txt$$$$福州市黄同茄餐饮管理有限责任公司
