15259783088.txt$$$$石狮市广光滴塑厂
15259783988.txt$$$$晋江市龙湖镇鑫广绳带加工厂
15260203002.txt$$$$厦门市希立仪器设备有限公司
15260204281.txt$$$$泉州盛古装饰材料有限公司
15260211800.txt$$$$泉州市立彩环氧地坪工程有限公司
15260215336.txt$$$$厦门联登科技有限公司
15260255083.txt$$$$煦炎实业（上海）有限公司
15260331297.txt$$$$福州翼办公网有限公司
15260331297_1.txt$$$$福州名龙贸易有限公司
15260393202.txt$$$$泉州立品商贸有限公司
15260533646.txt$$$$浪木环保科技有限公司
15260798200.txt$$$$重庆思耐尔包装制品有限公司
15261000022.txt$$$$泰州天佑数控机床制造有限公司
15261025672.txt$$$$泰州瑞鼎机械制造有限公司
15261045135.txt$$$$江苏先沃机械有限公司
15261078588.txt$$$$泰兴市天牧装饰工程有限公司
15261182691.txt$$$$常州潮尚文化传媒有限公司
15261192008.txt$$$$常州德能汽配有限公司
15261267888.txt$$$$江苏金诚冰雕工程有限公司
15261276286.txt$$$$江苏小龙虾虾苗繁殖基地
15261347503.txt$$$$江苏苏创节能科技有限公司
15261430491.txt$$$$南京金爱包装有限公司
15261451886.txt$$$$南京拓彩建筑工程有限公司
15261458138.txt$$$$南京九瑞管道工程有限公司
15261458138_1.txt$$$$南京九瑞管道工程有限公司
15261465297.txt$$$$南京天道教育科技有限公司
15261467557.txt$$$$南京赛维仪器有限公司
15261520449.txt$$$$无锡港威包装机械有限公司
15261535884.txt$$$$江苏七点工程科技有限公司
15261550166.txt$$$$无锡市鸿丰建材有限公司
