18730268555_2.txt$$$$保定聚鼎塑料模具制造有限公司
18730648919.txt$$$$廊坊科源环保科技有限公司
18730659378.txt$$$$固安温泉休闲商务产业园区万诺滤清器厂
18730661857.txt$$$$廊坊拓盈过滤器有限公司
18730665088.txt$$$$河北华能中天化工建材集团有限公司
18730710921.txt$$$$河北乾宏体育设施有限公司
18730714200.txt$$$$泊头市春华传动机械有限公司
18730723651.txt$$$$泊头市富佳环保机械设备有限公司
18730736322.txt$$$$沧州捷达钢管有限公司
18730738518.txt$$$$河北盈通流体设备制造有限公司
18730747434.txt$$$$河间市优凯防火门有限公司
18730751115.txt$$$$泊头市展恒机械有限公司
18730758510.txt$$$$泊头宏基养殖设备厂
18730758556.txt$$$$泊头市科菲尔环保设备有限公司
18730779971.txt$$$$盐山县龙江管道设备制造有限公司
18730789099.txt$$$$河北国人体育器材制造有限公司
18730802330.txt$$$$安平县联标丝网制品有限公司
18730808878.txt$$$$河北世泽交通设施有限公司
18730808878_1.txt$$$$河北世泽交通设施有限公司
18730809991.txt$$$$河北德源橡胶制品有限责任公司
18730835151.txt$$$$安平县秉德丝网制品有限公司
18730837373.txt$$$$衡水腾立达工程橡胶有限公司
18730840680.txt$$$$衡水华达商贸有限公司
18730846662.txt$$$$衡水红海工程橡塑有限公司
18730848824.txt$$$$安平县厚信丝网制品有限公司
18730852421.txt$$$$河北庆纲工程机械有限公司
18730852660.txt$$$$河北冀筛丝网制品有限公司
18730853086.txt$$$$枣强县昱诚玻璃钢制品厂
18730856393.txt$$$$衡水和裕路桥养护有限公司
18730866171.txt$$$$安平县健森金属丝网制造有限公司
