15668151158_3.txt$$$$山东新圣泰机械制造有限公司
15668153330.txt$$$$济宁百诚工矿设备有限公司
15668160103.txt$$$$山东淳启建筑装饰有限公司
15668177278.txt$$$$山东皓轩牧业
15668183819.txt$$$$济宁万鑫机械工矿设备有限公司
15668186591.txt$$$$瑞欧特机械科技（嘉祥）有限公司
15668287111.txt$$$$山东力乐包装有限公司
15668287111_1.txt$$$$山东力乐包装有限责任公司
15668303699.txt$$$$山东汇耕智能设备有限公司
15668316606.txt$$$$济南友晟环保设备有限公司
15668319187.txt$$$$济阳县友浩胶合木板加工中心
15668321193.txt$$$$济南狼腾数控设备有限公司
15668334655.txt$$$$济南智奥会展服务有限公司
15668350160.txt$$$$济南汇韵通商贸有限公司
15668363868.txt$$$$济南恒启液压机械有限公司
15668389633.txt$$$$济南隆安电子有限公司
15668405959.txt$$$$济南市仁风镇光军富硒西瓜采摘园
15668412119.txt$$$$高邮市盛鑫消防科技有限公司济南分公司
15668422769.txt$$$$淄博风机厂有限责任公司
15668456886.txt$$$$山东未之来能源科技集团有限公司
15668461775.txt$$$$济南航佳液压机械有限公司
15668489567.txt$$$$济阳县垛石镇兴铁机房装饰材料经营部
15668979322.txt$$$$葫芦岛市龙港区益兴连锁酒业
15669008841.txt$$$$深圳旭日环保设备有限公司
15669038078.txt$$$$佛山市南海区重亚包装材料厂
15669070218.txt$$$$杭州原筑科技有限公司
15669071333.txt$$$$杭州润景贸易有限公司
15669071333_1.txt$$$$杭州润景贸易有限公司
15669139658.txt$$$$宁波海曙辉凯物资有限公司
15669437657.txt$$$$上海侨雄商贸有限公司
