15965970035.txt$$$$山东欧拉德新型建材有限公司
15965970035_1.txt$$$$山东中坤源新型建材设备机械有限公司
15965970035_2.txt$$$$山东欧拉德新型建材有限公司
15965970035_3.txt$$$$山东欧拉德新型建材有限公司
15965980852.txt$$$$德州军豪空调设备有限公司
15965980909.txt$$$$德州泽一电子科技有限公司
15965981717.txt$$$$德州经济开发区慧旭减速机厂
15965987600.txt$$$$德州市德城区航天液压机具厂
15965990501.txt$$$$山东帅烨商贸有限公司
15965996236.txt$$$$山东易创光电科技有限公司
15965996236_1.txt$$$$山东易创光电科技有限公司
15965996236_2.txt$$$$山东易创光电科技有限公司
15965996755.txt$$$$德州市德城区众信孵化设备厂
15965998856.txt$$$$德州老高家餐饮有限公司
15966010001.txt$$$$泰安市信德硅酸钙制品有限公司
15966011882.txt$$$$肥城恒丰塑业有限公司
15966011882_1.txt$$$$肥城恒丰塑业有限公司
15966037603.txt$$$$山东一明节能环保设备科技有限公司
15966037603_1.txt$$$$山东一明节能环保设备科技有限公司
15966037603_2.txt$$$$山东一明节能环保设备科技有限公司
15966072005.txt$$$$潍坊双力普环境控制设备有限公司
15966073909.txt$$$$青州兴泰包装机械有限公司
15966076469.txt$$$$泰安开发区惠民园艺中心
15966080000.txt$$$$山东狂送网电子商务有限公司
15966089815.txt$$$$山东寿光世贸农业设施有限公司
15966089815_1.txt$$$$寿光市世茂农业设施有限公司
15966089815_2.txt$$$$寿光九润农业设施有限公司
15966090096.txt$$$$潍坊精诚机电有限公司
15966090096_1.txt$$$$潍坊精诚机电设备有限公司
15966100028.txt$$$$潍坊市沪联电机维修有限公司
