13342967026.txt$$$$深圳市万物生花智能科技有限公司
13342985907.txt$$$$深圳市翼凯源光电科技有限公司
13342994617.txt$$$$深圳市万海盛达装饰工程有限公司
13343060317.txt$$$$廊坊市洛华建材经营部
13343067297.txt$$$$霸州市裕华电力器材厂
13343078308.txt$$$$河北润宏建筑机械制造有限公司
13343111121.txt$$$$河北奥力特电子科技有限公司
13343161633.txt$$$$河北轩扬防腐设备有限公司
13343173119.txt$$$$任丘市精创门业有限公司
13343173974.txt$$$$河北正天市政道路设施有限公司
13343181372.txt$$$$安平县九福金属丝网有限公司
13343181578.txt$$$$衡水市舜禹水利机械有限公司
13343183939.txt$$$$安平县百灿丝网制品有限公司
13343197313.txt$$$$河北斯卡诺机械制造有限公司
13343215638.txt$$$$石家庄木音环保科技有限公司
13343265295.txt$$$$廊坊市京嘉服装服饰有限公司
13343278724.txt$$$$沧州同广机械制造有限公司
13343279967.txt$$$$盐山县豪达管道设备有限公司
13343279967_1.txt$$$$盐山县豪达管道设备有限公司
13343279967_2.txt$$$$盐山县豪达管道设备有限公司
13343351633.txt$$$$秦皇岛苏伏电子有限公司
13343355750.txt$$$$北京中盈展展览服务有限公司
13343369898.txt$$$$霸州市金榜家具有限公司
13343369898_1.txt$$$$霸州市金榜家具有限公司
13343369898_2.txt$$$$霸州市金榜家具有限公司
13343421088.txt$$$$武汉烽胜佳源暖通科技有限公司
13343423798.txt$$$$武汉苏蟹阁商贸有限公司
13343431598.txt$$$$武汉赛恩模型制作有限公司
13343432070.txt$$$$武汉诺展机械设备有限公司
13343433566.txt$$$$武汉市相瑞商务汽车服务有限公司
