15965230591.txt$$$$东莞市鲁盛精密机械有限公司
15965233391.txt$$$$山东金祥石油钢管有限公司
15965233440.txt$$$$聊城市敬众钢铁有限公司
15965235819.txt$$$$山东聊城旭诺管业有限公司
15965236522.txt$$$$山东飞龙金属材料有限公司
15965236522_1.txt$$$$山东飞龙金属材料有限公司
15965395552.txt$$$$临沂市兰山区卓佬汇铝材商行
15965456020.txt$$$$东营一恒新型建材有限公司
15965460324.txt$$$$东营开发区气球哥气球装饰服务中心
15965493122.txt$$$$临沂坤宝广告设计有限公司
15965511008.txt$$$$山东海程工程机械有限公司
15965573261.txt$$$$青岛龙锦机械有限公司
15965623088.txt$$$$济南健翔商贸有限公司
15965626561.txt$$$$山东亿津岳商贸有限公司
15965636280.txt$$$$济南雷讯防雷工程有限公司
15965642018.txt$$$$山东荣世机械有限公司
15965707030.txt$$$$济宁众卓机械设备有限公司
15965711561.txt$$$$上海方糖智能科技有限公司
15965716910.txt$$$$郓城县鼎轩环卫设备有限公司
15965717602.txt$$$$济宁时利机械工程有限公司
15965728997.txt$$$$济宁海能电子科技有限公司
15965735766.txt$$$$山东省妈妈抱食品有限公司
15965776691.txt$$$$济南中钰景观艺术有限公司
15965778168.txt$$$$山东华朗照明科技有限公司
15965797652.txt$$$$临沂市兰山区鑫来乐胶业商行
15965824574.txt$$$$北京航天铂钰科技有限公司
15965906353.txt$$$$德州奋斗空调设备有限公司
15965913267.txt$$$$武城县欣泓通风设备厂
15965923699.txt$$$$山东领翔新材料有限公司1
15965931033.txt$$$$山东赛鼎机械有限公司
