13964336689.txt$$$$山东宝盖新材料科技股份有限公司
13964336689_1.txt$$$$山东宝盖新材料科技股份有限公司
13964336689_2.txt$$$$山东宝盖新材料科技有限公司
13964350885.txt$$$$淄博泽邦化工设备有限公司
13964365177.txt$$$$淄博倍辰陶瓷器材有限公司
13964370246.txt$$$$淄博炬能玻璃有限公司
13964370996.txt$$$$山东程明化工设备有限公司
13964370996_1.txt$$$$山东程明化工设备有限公司
13964384555.txt$$$$淄博风机厂有限公司
13964413353.txt$$$$淄博广友化工设备有限公司
13964416578.txt$$$$淄博华鲁供水设备有限公司
13964419698.txt$$$$淄博宁泰陶瓷材料有限公司
13964462782.txt$$$$山东本鼎机械有限公司
13964462782_1.txt$$$$山东本鼎机械有限公司
13964462782_2.txt$$$$山东本鼎机械有限公司
13964477298.txt$$$$淄博鲁米环保科技有限公司
13964489903.txt$$$$淄博泰昌建材有限公司
13964489903_1.txt$$$$淄博泰昌建材有限公司
13964489903_2.txt$$$$淄博泰昌建材有限公司
13964507171.txt$$$$莱州市山海塑料机械厂
13964527388.txt$$$$龙口市同德利装饰材料有限公司
13964527388_1.txt$$$$龙口市同德利装饰材料有限公司
13964612827.txt$$$$山东山清水秀环境科技有限公司
13964616729.txt$$$$安丘市昌隆机械有限公司
13964624612.txt$$$$诸城市锐锋食品有限公司
13964631317.txt$$$$潍坊华信柴油发电机有限公司
13964632097.txt$$$$潍坊伊戈尔塑料科技有限公司
13964634797.txt$$$$高密市连意环保科技有限公司
13964634797_1.txt$$$$高密市连意环保科技有限公司
13964634797_2.txt$$$$高密市连意环保科技有限公司
