18055541856.txt$$$$安徽森加电器有限公司
18055572653.txt$$$$马鞍山豪宏机床制造有限公司
18055595660.txt$$$$四川省嘉辉食品有限公司
18055627127.txt$$$$上海韵兴工业自动化设备有限公司
18055658488.txt$$$$铜陵万泰机电设备工程有限公司
18055776456.txt$$$$临沂巨树商贸有限公司1
18056001504.txt$$$$安徽春申雕塑有限公司
18056002121.txt$$$$安徽沃龙科技有限公司
18056002121_1.txt$$$$合肥沃龙信息技术有限公司
18056002121_2.txt$$$$安徽沃龙科技有限公司
18056002121_3.txt$$$$安徽沃龙科技有限公司
18056015539.txt$$$$合肥翰林数码科技有限公司
18056031755.txt$$$$合肥金苏建筑钢品有限公司
18056036285.txt$$$$安徽启源市政工程有限公司
18056036285_1.txt$$$$安徽启源市政工程有限公司
18056036285_2.txt$$$$安徽启源市政工程有限公司
18056039957.txt$$$$安徽合肥金苏智能科技有限公司
18056048033.txt$$$$安徽相对面教育科技有限公司
18056048033_1.txt$$$$安徽相对面教育科技有限公司
18056048033_2.txt$$$$安徽相对面教育科技有限公司
18056056168.txt$$$$安徽申洪电子科技有限公司
18056056168_1.txt$$$$安徽申洪电子科技有限公司
18056058818.txt$$$$合肥豪顺铜门装饰工程有限公司
18056060301.txt$$$$安徽金用护栏制品有限公司
18056060301_1.txt$$$$安徽金用护栏制品有限公司
18056060301_2.txt$$$$安徽金用护栏制品有限公司
18056060922.txt$$$$安徽旺家欢农副产品配送服务有限公司
18056060922_1.txt$$$$安徽旺家欢农副产品配送服务有限公司
18056065567.txt$$$$合肥绿能智能测控有限公司
18056065567_1.txt$$$$合肥绿能智能测控有限公司
