13038910100.txt$$$$陕西华邦建设工程有限公司
13039118268.txt$$$$长春瑞仕广告有限公司
13039228787.txt$$$$长春市东扬经贸有限公司
13039994059.txt$$$$哈尔滨佰航冰雪雕塑工程有限公司
13040745000.txt$$$$温岭市诚农网业有限公司
13040853003.txt$$$$深圳市艾美佳科技有限公司
13040931700.txt$$$$咸宁温泉轮胎店
13041105262.txt$$$$北京翌格精机科技有限公司
13041105262_1.txt$$$$北京翌格精机科技有限公司
13041105262_2.txt$$$$北京翌格精机科技有限公司
13041486443.txt$$$$苏州振鑫焱光伏科技有限公司
13041580388.txt$$$$常州市伊万诺环保设备有限公司
13041608830.txt$$$$上海索拉云展览服务有限公司
13041639288.txt$$$$金耶会议展览（上海）有限公司
13041653335.txt$$$$上海巨坞船舶机械配件有限公司
13041661250.txt$$$$上海永沛实业有限公司
13042041214.txt$$$$广州红祥木制品有限公司
13042097793.txt$$$$广州市百盈通讯科技有限公司
13042248707.txt$$$$天津凤泰宝田科技有限公司
13042405511.txt$$$$沈阳格峰商务有限公司
13042806688.txt$$$$襄阳神狐专用汽车有限公司
13043020088.txt$$$$洛阳国润新材料有限公司
13043248888.txt$$$$天津荣兴钢铁有限公司
13043248888_1.txt$$$$天津荣兴钢铁有限公司
13043248888_2.txt$$$$天津荣兴钢铁有限公司
13043285988.txt$$$$天津市庞越贸易有限公司
13043412133.txt$$$$深圳市金佳佰业科技有限公司
13043494789.txt$$$$深圳华研科技研发有限公司
13043509826.txt$$$$福州鸿仁建筑装饰工程有限公司
13043735729.txt$$$$河南省云庆机械设备有限公司
