13373211393.txt$$$$石家庄一江服饰有限公司
13373225487.txt$$$$金丝路河北展览展示有限公司
13373230408.txt$$$$河北绿昂体育设施工程有限公司
13373237333.txt$$$$盐山世顺机床附件制造厂
13373237765.txt$$$$泊头市海骋机床有限公司
13373264429.txt$$$$天津迈德建材科技有限公司
13373315100.txt$$$$河北塑胶地板铺装有限公司
13373316761.txt$$$$河北可道试验机科技有限公司
13373361826.txt$$$$廊坊浩通化工建材有限公司
13373362444.txt$$$$廊坊洁蓝特清洁用品有限公司
13373379858.txt$$$$沧州民钢管道有限公司
13373380300.txt$$$$安平润迪丝网制品有限公司
13373380300_1.txt$$$$安平县润迪丝网制品有限公司
13373381171.txt$$$$河北正全丝网制造有限公司
13373385575.txt$$$$安平县日发金属丝网制品有限公司
13373388862.txt$$$$安平县朗萨金属丝网制造有限公司
13373399606.txt$$$$任县宾龙机械厂
13373399606_1.txt$$$$任县宾龙机械厂
13373399606_2.txt$$$$任县宾龙机械厂
13373399606_3.txt$$$$任县宾龙机械厂
13373402333.txt$$$$河北铄遂爱家伟业环保科技有限公司
13373405268.txt$$$$邯郸市航凯紧固件制造有限公司
13373487644.txt$$$$安平县林瑞丝网制品有限公司
13373489002.txt$$$$青岛高铁桥梁配件有限公司
13373489002_1.txt$$$$衡水卓成橡胶制品贸易有限公司
13373500611.txt$$$$邯郸市金坤紧固件制造有限公司
13373500611_1.txt$$$$邯郸市金坤紧固件制造有限公司
13373500611_2.txt$$$$邯郸市金坤紧固件制造有限公司
13373500611_3.txt$$$$邯郸市金坤紧固件制造有限公司
13373500611_4.txt$$$$邯郸市金坤紧固件制造有限公司
