13091161958.txt$$$$河北鑫奥创电力器材有限公司
13091163900.txt$$$$泊头市创新工量具有限公司
13091172118.txt$$$$安平县吴迪金属丝网厂
13091176335.txt$$$$衡水汉江橡塑科技有限公司
13091178188.txt$$$$安平县航友丝网制品有限公司
13091178759.txt$$$$河北丽民玻璃钢有限公司
13091180002.txt$$$$河北坤业金属丝网制品有限公司
13091180002_1.txt$$$$河北坤业金属丝网制品有限公司
13091186555.txt$$$$安平县浩启金属丝网制品厂
13091186555_1.txt$$$$安平县浩启防护工程有限公司
13091188877.txt$$$$安平县卓庆金属制品有限公司
13091230511.txt$$$$保定市建丰路沿石模具制造有限公司
13091251655.txt$$$$保定金色童年幼教设备厂
13091259439.txt$$$$河北昌宝祥雕塑工艺品制造有限公司
13091989856.txt$$$$乐清一鼎防爆电器有限公司
13092007717.txt$$$$安徽鸿德玻璃钢环保设备有限公司
13092009252.txt$$$$扬州双飞弹簧制造有限公司
13092009769.txt$$$$扬州悠游假期国际旅行社有限公司
13092021288.txt$$$$江苏奥崎电气科技有限公司
13092022702.txt$$$$扬州奥翔铆压设备有限公司
13092066138.txt$$$$高邮市朕邦机械制造有限公司
13092068066.txt$$$$扬州和鼎缘机械有限公司
13092122341.txt$$$$阜宁县给力风筒布有限公司
13092175555.txt$$$$盐城市大成环保科技有限公司
13092229269.txt$$$$昆山华扬钢茂电气科技有限公司
13092300555.txt$$$$徐州丽园园艺景观有限公司
13092525510.txt$$$$常州普亿环保设备有限公司
13092603709.txt$$$$苏州安达龙金属材料有限公司
13092606080.txt$$$$苏州鑫文包装材料有限公司
13092606080_1.txt$$$$苏州鑫文包装材料有限公司
