13810184677.txt$$$$北京隆泰恒兴科技有限公司
13810184677_1.txt$$$$北京隆泰恒兴科技有限公司
13810185511.txt$$$$北京沃一科技有限公司
13810246361.txt$$$$北京三态环境科技有限公司
13810257548.txt$$$$北京鑫盛昌建材有限公司
13810266809.txt$$$$北京中企世博国际展览有限公司
13810269887.txt$$$$北京秦海润家环境科技有限公司
13810277268.txt$$$$北京志成机电设备租赁有限公司
13810319174.txt$$$$北京同泰昌汽车维修设备有限公司
13810324100.txt$$$$北京万通顺发消防科技发展有限公司
13810331982.txt$$$$北京艾凡鹏仪表有限公司
13810359707.txt$$$$易纷享（北京）科技服务有限公司
13810372912.txt$$$$明华展览有限责任公司
13810378150.txt$$$$北京北铝天星金属结构有限公司
13810378150_1.txt$$$$北京北铝天星金属结构有限公司
13810378150_2.txt$$$$北京北铝天星金属结构有限公司
13810400136.txt$$$$北京展鑫热能科技有限公司
13810400136_1.txt$$$$北京展鑫热能科技有限公司
13810400136_2.txt$$$$北京展鑫热能科技有限公司
13810401269.txt$$$$北京众智佳华科技有限公司
13810401269_1.txt$$$$北京众智佳华科技有限公司
13810401269_2.txt$$$$北京众智佳华科技有限公司
13810406923.txt$$$$北京中顺航达货运代理有限公司
13810421957.txt$$$$北京万信达机械有限公司
13810421957_1.txt$$$$北京万信达机械有限公司
13810421957_2.txt$$$$北京万信达机械有限公司
13810458179.txt$$$$北京赛诚工控科技有限责任公司
13810458179_1.txt$$$$北京赛诚工控科技有限责任公司
13810458179_2.txt$$$$北京赛诚工控科技有限责任公司
13810461996.txt$$$$北京亚商联盟仓储设备有限公司
