13965129270.txt$$$$合肥蓝翔机电有限公司
13965129908.txt$$$$合肥创志门控科技有限公司
13965136172.txt$$$$安徽佳航智能技术有限公司
13965138195.txt$$$$合肥海浪水箱有限公司
13965138195_1.txt$$$$合肥海浪水箱有限公司
13965139220.txt$$$$合肥雷润电子科技有限公司
13965141714.txt$$$$合肥莱茵家具有限公司
13965142518.txt$$$$安徽力方达工业科技有限公司
13965168811.txt$$$$安徽影动巨星银幕有限公司
13965193936.txt$$$$芜湖金鼎叉车销售有限公司
13965193936_1.txt$$$$芜湖金鼎叉车销售有限公司
13965200039.txt$$$$铜陵县华建新材料有限责任公司
13965229280.txt$$$$铜陵县顺安镇鸿运机械加工厂
13965416339.txt$$$$宣城市俊鹏木业有限公司
13965416339_1.txt$$$$宣城市俊鹏木业有限公司
13965416339_2.txt$$$$宣城市俊鹏木业有限公司
13965603815.txt$$$$马鞍山德康假肢矫形器安装有限公司
13965603815_1.txt$$$$马鞍山德康假肢矫形器安装有限公司
13965603815_2.txt$$$$马鞍山德康假肢矫形器安装有限公司
13965619488.txt$$$$南京洁鑫新能源科技有限公司
13965670600.txt$$$$安徽浪语节能建材工程有限公司
13965749909.txt$$$$安徽兴盛四方商贸有限公司
13965908067.txt$$$$安徽华宇管道制造有限公司
13965913297.txt$$$$安徽华宇管道制造有限公司
13965915010.txt$$$$池州畜源牧业发展有限公司
13965980925.txt$$$$安徽天欧进出口有限责任公司
13965982658.txt$$$$安徽全球通仪表线缆有限公司
13966003000.txt$$$$芜湖昌鸿自动化技术有限公司
13966003000_1.txt$$$$芜湖昌鸿自动化技术有限公司
13966003000_2.txt$$$$芜湖昌鸿自动化技术有限公司
