19801863266.txt$$$$双冠塑胶制品有限公司
19801873404.txt$$$$河北尚发国际会展有限公司
19801959277.txt$$$$河北中程管道科技有限公司
19801982229.txt$$$$雄县雄阳新材料科技开发有限公司
19801982229_1.txt$$$$雄县雄阳新材料科技开发有限公司
19801982229_2.txt$$$$雄县雄阳新材料科技开发有限公司
19802088690.txt$$$$广州星童联盟服饰有限公司
19802088690_1.txt$$$$广州星童联盟服饰有限公司
19802088690_2.txt$$$$广州星童联盟服饰有限公司
19802166690.txt$$$$上海小白牛供应链管理有限公司
19802586298.txt$$$$佛山市特攻金属制品有限公司
19802866582.txt$$$$四川锦睿智诚科技有限公司
19803060376.txt$$$$河北航远金属制品有限公司
19803075789.txt$$$$河北凌岳管道装备有限公司
19805233796.txt$$$$江苏沭丰生态农业养殖场
19805233796_1.txt$$$$江苏和兴特种养殖场
19805487081.txt$$$$泰安路佳工程材料有限公司
19806133165.txt$$$$东莞市徽盛塑化科技有限公司
19806171018.txt$$$$烟台纵横网络科技有限公司
19806223993.txt$$$$潍坊市格亿机械有限公司
19806265516.txt$$$$巨匠机械制造有限公司
19806265518.txt$$$$山东省巨匠机械制造有限公司
19806276379.txt$$$$曲阜市盛民机械厂
19806276379_1.txt$$$$曲阜市盛民机械厂
19806276379_2.txt$$$$曲阜市盛民机械厂
19806276379_3.txt$$$$曲阜市盛民机械厂
19807175808.txt$$$$宜昌市夷陵区状元天麻专业合作社
19808141058.txt$$$$四川金瑞林森园林景观工程有限公
19809295718.txt$$$$海南碧蓝环境工程有限公司
19809420377.txt$$$$济阳万顺塑料制品有限公司
