13410493949.txt$$$$深圳市德豪商贸有限公司
13410521738.txt$$$$东莞市峰达纸品有限公司
13410527280.txt$$$$深圳市证照易科技有限公司
13410543927.txt$$$$广东藏艺轩传媒有限公司
13410571175.txt$$$$深圳市莱硕克光电有限公司
13410582513.txt$$$$深圳市众晟创科技有限公司
13410612901.txt$$$$深圳市协信达科技有限公司
13410629480.txt$$$$深圳市飞杨广告装饰有限公司
13410651200.txt$$$$深圳市华彩兴包装材料有限公司
13410723853.txt$$$$深圳市金鹏辉科技有限公司
13410735785.txt$$$$深圳市瑞泓科技有限公司
13410735785_1.txt$$$$深圳市瑞泓科技有限公司
13410735785_2.txt$$$$深圳市瑞泓科技有限公司
13410781027.txt$$$$深圳天地恒一科技发展有限公司
13410810111.txt$$$$深圳中力邦科技有限公司
13410812010.txt$$$$深圳市德而沃电气有限公司
13410812010_1.txt$$$$深圳市德而沃电气有限公司
13410812010_2.txt$$$$深圳市德而沃电气有限公司
13410818586.txt$$$$深圳市惠昕热印科技有限公司
13410884814.txt$$$$大连雨辰伟业货架制造有限公司
13410894074.txt$$$$广州市骏伯人力资源有限公司深圳分公司
13410980329.txt$$$$深圳市御光新材料有限公司
13411182267.txt$$$$广州美启时化妆品有限公司
13411182267_1.txt$$$$广州美启时化妆品有限公司
13411182267_2.txt$$$$广州美启时化妆品有限公司
13411423490.txt$$$$珠海市骑健科技有限公司
13411496839.txt$$$$珠海华鹰热能科技有限公司
13411628279.txt$$$$中山市京之杰贸易有限公司
13411819651.txt$$$$佛山市天易数码技术有限公司
13411861527.txt$$$$深圳市逊航跨境供应链有限公司
