18671997666.txt$$$$湖北红宇园林绿化有限公司
18672011516.txt$$$$湖北古今阁园林景观工程有限公司
18672011516_1.txt$$$$湖北古今阁园林景观工程有限公司
18672047135.txt$$$$恩施州鼎艺彩砖厂
18672112599.txt$$$$松滋市传豪矿山机械厂
18672154498.txt$$$$湖北裕久隆环保电气设备有限公司
18672154498_1.txt$$$$湖北裕久隆环保电气设备有限公司
18672154498_2.txt$$$$湖北裕久隆环保电气设备有限公司
18672154498_3.txt$$$$湖北裕久隆环保电气设备有限公司
18672154498_4.txt$$$$湖北裕久隆环保电气设备有限公司
18672154498_5.txt$$$$湖北裕久隆环保电气设备有限公司
18672156160.txt$$$$襄阳市腾龙石材有限公司
18672159467.txt$$$$北京双龙威科技有限公司
18672160885.txt$$$$上海泽冠口腔门诊部有限公司
18672175868.txt$$$$钟祥市鑫洲装饰工程有限公司
18672203221.txt$$$$随州市正华商务咨询有限公司
18672203221_1.txt$$$$随州市正华商务咨询有限公司
18672203221_2.txt$$$$随州市正华商务咨询有限公司
18672203221_3.txt$$$$程力专用汽车股份有限公司
18672203239.txt$$$$程力专用汽车股份有限公司(网销部)
18672223437.txt$$$$武汉华创全息影像技术有限公司
18672264899.txt$$$$圆通汽车科技随州有限公司
18672289081.txt$$$$随县晶安石材有限公司
18672314119.txt$$$$浙江拉手贸易有限公司
18672325875.txt$$$$武汉宏润天赐园林景观工程有限公司
18672351200.txt$$$$武汉市江汉区国创笔记本电脑维修中心
18672351200_1.txt$$$$武汉市江汉区国创笔记本电脑维修中心
18672351200_2.txt$$$$武汉市江汉区国创笔记本电脑维修中心
18672352920.txt$$$$武汉雷师机电工程有限公司
18672368436.txt$$$$武汉科普鑫宇数控科技有限公司
