13549491313.txt$$$$东莞市恒翔机械设备有限公司
13549491313_1.txt$$$$东莞市恒翔机械有限公司
13549685322.txt$$$$挖挖集团湖南宇广机械有限公司
13549839245.txt$$$$广州久生实业股份有限公司
13549876410.txt$$$$中山市利运新纺织服饰有限公司
13549876410_1.txt$$$$中山市利森日用品有限公司
13549899160.txt$$$$中山市英鹏电器有限公司
13549912939.txt$$$$广州市粤江装饰工程有限公司
13549928158.txt$$$$中山市集雅达物联网有限公司
13549928158_1.txt$$$$深圳市中科曼顿投资合伙企业（有限公司
13549952070.txt$$$$佛山市诺众钙塑包装有限公司
13549956008.txt$$$$佛山市盛大机电贸易有限公司
13549956996.txt$$$$佛山市顺德区伦教何福通木器厂
13549960912.txt$$$$佛山市速铺电子商务有限公司
13550006270.txt$$$$四川久强丝网有限公司
13550006287.txt$$$$四川越琪科技有限公司
13550204021.txt$$$$成都工匠时代机械设备有限公司
13550271727.txt$$$$成都欧正玻璃钢有限公司
13550300072.txt$$$$成都越琪科技有限公司
13550300072_1.txt$$$$四川俊川科技有限公司
13550306882.txt$$$$成都星海计量技术有限公司
13550306882_1.txt$$$$成都星海计量技术有限公司
13550306882_2.txt$$$$成都星海计量技术有限公司
13550341245.txt$$$$成都宇茂鑫实验室设备有限公司
13550634449.txt$$$$济宁干恒洪装饰材料有限公司
13550713712.txt$$$$上海素希智能科技有限公司
13551046167.txt$$$$特缆电工（成都）电缆有限公司
13551073013.txt$$$$四川捷美斯机械设备有限公司
13551160735.txt$$$$成都昶弘商贸有限责任公司
13551232880.txt$$$$成都大唐瑞成机械设备有限公司
