13829123611.txt$$$$东莞市大旺机械设备有限公司
13829125866.txt$$$$东莞市阿诺捷喷墨科技有限公司
13829126249.txt$$$$东莞市锦想机械有限公司
13829126249_1.txt$$$$东莞市锦想机械有限公司
13829126249_2.txt$$$$东莞市锦想机械有限公司
13829128006.txt$$$$东莞市华宇检测技术有限公司
13829128196.txt$$$$广东合顺节能环保科技有限公司
13829129466.txt$$$$东莞市金石电气科技有限公司
13829129466_1.txt$$$$东莞市金石电气科技有限公司
13829129466_2.txt$$$$东莞市金石电气科技有限公司
13829129466_3.txt$$$$东莞市金石电气科技有限公司
13829131003.txt$$$$伊恩电动叉车深圳销售公司
13829131078.txt$$$$东莞连通电气设备有限公司
13829132578.txt$$$$东莞市盈益包装材料有限公司
13829132935.txt$$$$东莞市伊恩电动机械科技有限公司
13829134269.txt$$$$广东正浩新材料科技有限公司
13829134269_1.txt$$$$广东正浩新材料科技有限公司
13829134269_2.txt$$$$广东正浩新材料科技有限公司
13829139239.txt$$$$东莞市原通搬运有限公司
13829139501.txt$$$$东莞市康创纸业有限公司
13829139501_1.txt$$$$东莞市康创纸业有限公司
13829139501_2.txt$$$$东莞市康创纸业有限公司
13829143927.txt$$$$东莞市厚街摩登香榭丽家具店
13829143927_1.txt$$$$东莞市厚街摩登香榭丽家具店
13829143927_2.txt$$$$东莞市厚街摩登香榭丽家具店
13829144663.txt$$$$东莞市中诚建筑装饰工程有限公司
13829148602.txt$$$$东莞诚达绣印数码科技有限公司
13829148602_1.txt$$$$东莞诚达绣印数码科技有限公司
13829150856.txt$$$$东莞市东城靖丰印刷机械加工厂
13829152677.txt$$$$东莞市龙权箱柜有限公司
