13957983030.txt$$$$浙江中和堂机电设备有限公司
13957991453.txt$$$$金华市强瑞木工机械有限公司
13957991453_1.txt$$$$金华市强瑞木工机械有限公司
13957991453_2.txt$$$$金华市强瑞木工机械有限公司
13957991820.txt$$$$金华市晟泰路基板塔吊租赁有限公司
13958014722.txt$$$$杭州侨辉净化工程有限公司
13958080928.txt$$$$杭州嘉汇节能设备有限公司
13958123204.txt$$$$杭州奥驰广告有限公司
13958125576.txt$$$$浙江汉力电缆有限公司
13958128874.txt$$$$浙江溢格智能设备有限公司
13958193162.txt$$$$杭州火林科技有限公司
13958285928.txt$$$$宁波浙翰环保科技有限公司
13958329810.txt$$$$宁波鸿忻体育设施有限公司
13958362772.txt$$$$慈溪市创蓝环保科技有限公司
13958400898.txt$$$$义乌亿满客库存回收公司
13958400898_1.txt$$$$义乌亿满客库存回收公司
13958400898_2.txt$$$$义乌亿满客库存回收公司
13958405515.txt$$$$金华市国威家具厂
13958405515_1.txt$$$$金华市国威家具厂
13958405515_2.txt$$$$金华市国威家具厂
13958407430.txt$$$$义乌市珍佳日用品厂
13958420537.txt$$$$义乌荣华地坪工程有限公司
13958420537_1.txt$$$$义乌荣华地坪工程有限公司
13958420537_2.txt$$$$义乌荣华地坪工程有限公司
13958423503.txt$$$$义乌兴隆库存回收有限公司
13958425222.txt$$$$义乌市西京建材有限公司
13958483347.txt$$$$金华市本土环保工程有限公司
13958488033.txt$$$$东阳市明清粒子红木家具有限公司
13958488033_1.txt$$$$东阳市明清粒子红木家具有限公司
13958488033_2.txt$$$$东阳市明清粒子红木家具有限公司
