13345129746.txt$$$$章丘市金属颜料有限公司
13345129746_1.txt$$$$章丘市金属颜料有限公司
13345129746_2.txt$$$$章丘市金属颜料有限公司
13345129746_3.txt$$$$章丘市金属颜料有限公司
13345209972.txt$$$$淄博腾乐化工设备有限公司
13345249922.txt$$$$诸城市久源机械有限公司
13345256686.txt$$$$诸城众赫棉业有限公司
13345259086.txt$$$$青州市洪坤花卉苗木有限公司
13345276144.txt$$$$泰安市东润土工材料有限公司
13345293123.txt$$$$泰安市汉高建材有限公司
13345299800.txt$$$$泰安市嘉程纤维有限公司
13345500517.txt$$$$江苏四新科技应用研究所股份有限公司
13345508158.txt$$$$天长市豪森食品机械设备有限公司
13345512860.txt$$$$合肥赛辰数控设备有限公司
13345617927.txt$$$$安徽省克仑巴安农业科技有限公司
13345811750.txt$$$$泰尼重工（杭州）有限公司
13345896378.txt$$$$东阳市画水纯皇红木家具厂
13345896378_1.txt$$$$东阳市画水纯皇红木家具厂
13345896378_2.txt$$$$东阳市画水纯皇红木家具厂
13346080651.txt$$$$平阳县新华彩印厂
13346171331.txt$$$$杭州轩泰贸易商行
13346173520.txt$$$$杭州运河集团投资发展有限公司
13346217776.txt$$$$菏泽钢佳水箱有限公司
13346218899.txt$$$$菏泽昊阳设备制造股份有限公司
13346218899_1.txt$$$$菏泽昊阳设备制造股份有限公司
13346218899_2.txt$$$$菏泽昊阳设备制造股份有限公司
13346266729.txt$$$$德州鑫煋橡塑制品有限公司
13346268760.txt$$$$德州锐迈传动机械有限公司
13346295313.txt$$$$山东省博兴县金美厨房设备厂
13346325677.txt$$$$枣庄冠世永恒包装设备有限公司
