15166983363.txt$$$$山东轩通车业有限公司
15166992545.txt$$$$德州凯力液压机具厂
15166995319.txt$$$$平原县盛隆机床附件加工厂
15167053777.txt$$$$常山兴健园林景观工程有限公司
15167053777_1.txt$$$$常山兴健园林景观工程有限公司
15167086962.txt$$$$开化县文化旅游集团有限公司
15167086962_1.txt$$$$开化县文化旅游集团有限公司
15167086962_2.txt$$$$开化县文化旅游集团有限公司
15167098728.txt$$$$温州永屹电工器材有限公司
15167141073.txt$$$$杭州永如建材有限公司
15167141073_1.txt$$$$杭州永如建材有限公司
15167141073_2.txt$$$$杭州永如建材有限公司
15167322316.txt$$$$嘉兴望亭机电科技有限公司
15167332705.txt$$$$嘉兴建大羊毛衫厂
15167438132.txt$$$$上海嘉泰激光技术有限公司
15167477216.txt$$$$浙江兴荣不锈钢制品有限公司
15167569341.txt$$$$绍兴上虞青山文化石有限公司
15167654666.txt$$$$玉环迪茨机械有限公司
15167785258.txt$$$$温州市百宏环保工程有限公司
15167879795.txt$$$$浙江时大电气有限公司
15167895252.txt$$$$浙江正泰电器股份有限公司
15167896011.txt$$$$温州一朗电气有限公司
15167914828.txt$$$$东阳市南马鸿鑫木制品厂
15167914828_1.txt$$$$东阳市南马鸿鑫木制品厂
15167929988.txt$$$$金华市浦江立海再生资源回收有限公司
15167929988_1.txt$$$$金华市浦江立海再生资源回收有限公司
15167929988_2.txt$$$$金华市浦江立海再生资源回收有限公司
15167952600.txt$$$$金华市金东区和升铝合金门窗经营部
15167953570.txt$$$$金华市鸿瑞纸制品有限公司
15167953570_1.txt$$$$金华市鸿瑞纸制品有限公司
