18942408108_1.txt$$$$佛山市昊博节能科技有限公司
18942408108_2.txt$$$$佛山市昊博节能科技有限公司
18942410559.txt$$$$佛山市铭越展示设备有限公司
18942410559_1.txt$$$$佛山市铭越展示设备有限公司
18942410559_2.txt$$$$佛山市铭越展示设备有限公司
18942410559_3.txt$$$$佛山市铭越展示设备有限公司
18942411605.txt$$$$佛山市逊然筛网五金有限公司
18942457375.txt$$$$佛山市骏特诚纺织有限公司
18942476199.txt$$$$鼎昌物流
18942477776.txt$$$$佛山市宏朋机械设备有限公司
18942483367.txt$$$$广东伍壹实业有限公司
18942484780.txt$$$$佛山市汉菲杰机电设备有限公司
18942492081.txt$$$$佛山市润尔门窗有限公司
18942513118.txt$$$$东莞市鑫银泰激光设备有限公司
18942539085.txt$$$$长沙昀丰塑胶有限公司
18942539085_1.txt$$$$长沙昀丰塑胶有限公司
18942539085_2.txt$$$$长沙昀丰塑胶有限公司
18942544404.txt$$$$湖南诺诚光伏发电有限公司
18942550575.txt$$$$湖南联瑞钢铁有限公司
18942555676.txt$$$$长沙祥露商贸有限公司
18942600365.txt$$$$邯郸市巨浪金属制品有限公司
18942600365_1.txt$$$$邯郸市巨浪金属制品有限公司
18942600365_2.txt$$$$邯郸市巨浪金属制品有限公司
18942600365_3.txt$$$$邯郸市巨浪金属制品有限公司
18942605559.txt$$$$永年县宙翔紧固件有限公司
18942605888.txt$$$$邯郸市恒大金属材料有限公司
18942605888_1.txt$$$$邯郸市恒大金属材料有限公司
18942653994.txt$$$$深州市昊源机械加工厂
18942678191.txt$$$$霸州市康仙庄卓远电力施工工具厂
18942910278.txt$$$$武汉万安智能技术有限公司
