15538367896_1.txt$$$$巩义市人和机械有限公司
15538367896_2.txt$$$$巩义市人和机械有限公司
15538385809.txt$$$$巩义市凯信机械设备有限公司
15538385881.txt$$$$郑州欧贝尔科技有限公司
15538385881_1.txt$$$$郑州欧贝尔科技有限公司
15538385881_2.txt$$$$郑州欧贝尔科技有限公司
15538387182.txt$$$$河南百城钢材有限公司
15538391978.txt$$$$河南商祺企业管理咨询有限公司
15538397506.txt$$$$河南易佳教育信息咨询有限公司
15538517830.txt$$$$洛阳凯萱商贸有限公司
15538584428.txt$$$$洛阳桂通管业有限公司
15538717037.txt$$$$郑州三笑游乐设备有限公司
15538717037_1.txt$$$$郑州三乐玩具有限公司
15538717037_2.txt$$$$郑州三乐玩具有限公司
15538717037_3.txt$$$$郑州三乐玩具有限公司
15538717866.txt$$$$河南信航机械制造有限公司
15538778166.txt$$$$南阳高新区精工电动门经销部
15538778166_1.txt$$$$南阳高新区精工电动门经销部
15538778166_2.txt$$$$南阳高新区精工电动门经销部
15538782525.txt$$$$河南超洁高压清洗设备有限公司
15538856829.txt$$$$河南德远橡塑有限公司
15538884495.txt$$$$洛阳大豫实业有限公司
15538899991.txt$$$$上品（洛阳）牡丹产业有限公司
15538939399.txt$$$$河南睿诺环保设备有限公司
15538939399_1.txt$$$$河南睿诺环保设备有限公司
15538939399_2.txt$$$$河南睿诺环保设备有限公司
15539042888.txt$$$$商丘佰诚金属结构有限公司
15539042888_1.txt$$$$商丘佰诚金属结构有限公司
15539042888_2.txt$$$$商丘佰诚金属结构有限公司
15539079939.txt$$$$河南澳雪制冷设备有限公司
