17753688945.txt$$$$山东泰成吉琉璃瓦有限公司
17753694523.txt$$$$淄博山前建材有限公司
17753708428.txt$$$$济宁中煤建设工程有限公司
17753709123.txt$$$$山东经运机械设备有限公司
17753739483.txt$$$$山东圣源石油化工有限公司
17753739483_1.txt$$$$山东圣源石油化工有限公司
17753739483_2.txt$$$$山东圣源石油化工有限公司
17753739483_3.txt$$$$山东圣源石油化工有限公司
17753742708.txt$$$$济宁芊怡雅日化有限公司
17753816717.txt$$$$山东金舆达检验检测有限公司
17753900783.txt$$$$山东金奈新材料科技有限公司
17754016515.txt$$$$上海博森雕塑艺术有限责任公司
17754192848.txt$$$$安徽比锡机械有限公司
17754301088.txt$$$$博兴县大信金属材料有限公司
17754335039.txt$$$$山东吉跃环保材料有限公司
17754335638.txt$$$$山东飞跃光电科技有限公司
17754362622.txt$$$$山东东冶金属科技发展有限公司
17754362825.txt$$$$滨州力恒环保科技有限公司
17755080206.txt$$$$安徽暖邦电气有限公司
17755108115.txt$$$$合肥腾日工业技术有限公司
17755108115_1.txt$$$$合肥腾日工业技术有限公司
17755143596.txt$$$$安徽清飞环境工程有限公司
17755143596_1.txt$$$$安徽清飞环境工程有限公司
17755300882.txt$$$$芜湖企皇建筑工程有限公司
17755335211.txt$$$$安徽润辉新能源科技有限公司
17755335211_1.txt$$$$合肥沃雨环保科技有限公司
17755341202.txt$$$$芜湖金蚂蚁家装服务有限公司
17755341202_1.txt$$$$芜湖金蚂蚁家装服务有限公司
17755341202_2.txt$$$$芜湖金蚂蚁家装服务有限公司
17755359653.txt$$$$芜湖讯成运输有限公司
