13953122528_2.txt$$$$山东科弘微波能有限公司
13953122528_3.txt$$$$山东科弘微波能有限公司
13953138550.txt$$$$济南市市中区治财大红门销售中心
13953138550_1.txt$$$$山东世华鑫智能科技有限公司
13953139098.txt$$$$济南泰钟衡器有限公司
13953156259.txt$$$$济南祥荣机械设备有限公司
13953157072.txt$$$$济南崇发纸业有限公司
13953167908.txt$$$$济南建隆餐饮管理咨询有限公司
13953181257.txt$$$$济南丽顺酒店用品有限公司
13953183111.txt$$$$济南凸凹数控设备有限公司
13953185017.txt$$$$济南普朗特农业技术有限公司
13953205838.txt$$$$青岛新锐塑料机械有限公司
13953208011.txt$$$$青岛新星悦机电设备有限公司
13953209558.txt$$$$青岛东华自强链条有限公司
13953225202.txt$$$$青岛力鼎自动化设备有限公司
13953230265.txt$$$$青岛枕之道家居科技有限公司
13953255119.txt$$$$青岛九龙海润工贸有限公司
13953269323.txt$$$$青岛泰明门业有限公司
13953281358.txt$$$$青岛大宇机械设备有限公司
13953283368.txt$$$$青岛德泰塑料机械有限公司
13953288119.txt$$$$山东齐安消防科技服务有限公司
13953302132.txt$$$$高青澳森特集装箱包装材料有限公司
13953302794.txt$$$$山东奥宝汽车服务有限公司
13953302794_1.txt$$$$山东奥宝汽车服务有限公司
13953302794_2.txt$$$$山东奥宝汽车服务有限公司
13953302794_3.txt$$$$山东奥宝汽车服务有限公司
13953308371.txt$$$$博山鲁升汽车板簧厂
13953312018.txt$$$$淄博市张店博中供销公司
13953312018_1.txt$$$$淄博市张店博中供销公司
13953312018_2.txt$$$$淄博市张店博中供销公司
