13811549435.txt$$$$北京爱静儿工贸有限责任公司
13811589634.txt$$$$天津中元恒基科技发展有限公司
13811589634_1.txt$$$$天津中元恒基科技发展有限公司
13811618228.txt$$$$北京和利时电机技术有限公司
13811618228_1.txt$$$$北京和利时电机技术有限公司
13811618228_2.txt$$$$北京和利时电机技术有限公司
13811629203.txt$$$$北京京科华美科技发展有限公司
13811663569.txt$$$$北京福司特国际文化艺术有限公司
13811681655.txt$$$$易鼎行环保科技（北京）有限公司
13811681655_1.txt$$$$易鼎行环保科技（北京）有限公司
13811681655_2.txt$$$$易鼎行环保科技（北京）有限公司
13811683019.txt$$$$北京三合信达管理有限公司
13811683687.txt$$$$北京泓森建筑科技有限公司
13811695426.txt$$$$北京晶迈中科材料技术有限公司
13811705577.txt$$$$北京和为贵粮油工贸有限公司
13811712604.txt$$$$北京华泥新材料科技有限公司
13811712604_1.txt$$$$北京华泥新材料科技有限公司
13811712604_2.txt$$$$北京华泥新材料科技有限公司
13811730194.txt$$$$北京得力共创科技有限公司
13811734986.txt$$$$北京津京行商贸有限公司
13811754233.txt$$$$晟旗科技(北京)有限公司
13811763365.txt$$$$京诚莱特柜业(北京)有限公司
13811765011.txt$$$$盈硕动力（北京）科技发展有限公司
13811795353.txt$$$$北京博爱门诊部
13811814778.txt$$$$北京众平科技股份有限公司
13811814778_1.txt$$$$北京众平科技股份有限公司
13811815048.txt$$$$北京和利时电机技术有限公司
13811830067.txt$$$$北京艺博天下工程技术有限公司
13811839465.txt$$$$北京康邦机电设备有限公司
13811864570.txt$$$$北京美泰科仪检测仪器有限公司
