13633368501.txt$$$$唐山大丹板业有限公司
13633375200.txt$$$$沧州汇众管道制造有限公司
13633382659.txt$$$$保定市上国服饰生产有限公司
13633388388.txt$$$$雄县昝岗镇荣硕塑料制品厂
13633410996.txt$$$$山西川泽电子设备有限公司
13633410996_1.txt$$$$山西川泽电子设备有限公司
13633410996_2.txt$$$$山西川泽电子设备有限公司
13633410996_3.txt$$$$山西川泽电子设备有限公司
13633445162.txt$$$$太原木雨刺青工作室
13633445162_1.txt$$$$太原木雨刺青工作室
13633445162_2.txt$$$$太原木雨刺青工作室
13633455615.txt$$$$山西泰立建筑工程有限公司
13633455615_1.txt$$$$山西泰立建筑工程有限公司
13633455615_2.txt$$$$山西泰立建筑工程有限公司
13633457789.txt$$$$山西百澳幕墙装饰有限公司
13633459669.txt$$$$山西华宸清新环保科技有限公司
13633459669_1.txt$$$$山西华宸清新环保科技有限公司
13633459669_2.txt$$$$山西华宸清新环保科技有限公司
13633473357.txt$$$$山西宏名科技有限公司
13633475921.txt$$$$太原成安消防设备有限公司
13633475921_1.txt$$$$太原成安消防设备有限公司
13633475921_2.txt$$$$太原成安消防设备有限公司
13633475921_3.txt$$$$太原成安消防设备有限公司
13633479536.txt$$$$山西艺泽景观工程有限公司
13633518844.txt$$$$山西福隆惠商贸有限公司
13633548237.txt$$$$太谷县恒瑞工贸有限公司
13633548237_1.txt$$$$太谷县恒瑞工贸有限公司
13633548237_2.txt$$$$太谷县恒瑞工贸有限公司
13633575204.txt$$$$翼城县飞翔管业有限公司
13633711602.txt$$$$河南省飞马起重机械有限公司
