15130759668.txt$$$$泊头市福宇养猪设备有限公司
15130760517.txt$$$$沧州友鑫管道设备有限公司
15130760517_1.txt$$$$沧州友鑫管道有限公司
15130764085.txt$$$$沧州市翔宇货运代理有限公司
15130768516.txt$$$$和盛管道制造有限公司
15130768516_1.txt$$$$沧州市永正管业有限公司
15130768518.txt$$$$沧州市永正管业有限公司
15130769659.txt$$$$沧州亚龙压滤机有限公司
15130781915.txt$$$$泊头市贝丰畜牧机械有限公司
15130782602.txt$$$$沧州阔欣管道有限公司
15130784343.txt$$$$泊头市健坤环保机械设备有限公司
15130787827.txt$$$$东光县浩鑫压瓦机械有限公司
15130802950.txt$$$$泊头市启辰环保设备有限公司
15130804488.txt$$$$泊头市实恒除尘设备有限公司
15130816879.txt$$$$盐山县强森体育器材有限公司
15130821007.txt$$$$河北创航贸易有限公司
15130825133.txt$$$$安平县鑫驰丝网厂
15130828622.txt$$$$衡水达顺橡塑制品有限公司
15130851697.txt$$$$安平县润熙丝网制品有限公司
15130856160.txt$$$$安平县铭邦金属丝网制造有限公司
15130870788.txt$$$$衡水宜轩金属制品有限公司
15130872878.txt$$$$安平领冠金属丝网制品有限公司
15130872878_1.txt$$$$安平领冠金属丝网有限公司
15130878881.txt$$$$安平县永盈丝网制品有限公司
15130879826.txt$$$$安平县尚贝丝网制品有限公司
15130881066.txt$$$$衡水华冠机械设备商贸有限公司
15130881331.txt$$$$安平县金宾丝网制造有限公司
15130895717.txt$$$$深县政通交通设施有限公司
15130895717_1.txt$$$$深州政通交通设施有限公司
15130895717_10.txt$$$$河北深州政通交通设施有限公司
