13339296533_1.txt$$$$安徽雨纯净化工程有限公司
13339297768.txt$$$$安徽铭锡金属贸易有限公司
13339392063.txt$$$$北京致远互联软件股份有限公司
13339728179.txt$$$$潜江市宏誉商贸有限公司
13339778711.txt$$$$荆门市荆逵塑胶有限公司
13339801250.txt$$$$襄阳顺特阳光科技有限公司
13339801250_1.txt$$$$襄阳顺特阳光科技有限公司
13339801250_2.txt$$$$襄阳顺特阳光科技有限公司
13339801250_3.txt$$$$襄阳顺特阳光科技有限公司
13339808799.txt$$$$襄阳绿之堂果蔬茶专业合作社联社
13339814467.txt$$$$湖北一门特门业有限公司
13339814467_1.txt$$$$湖北一门特门业有限公司
13339814467_2.txt$$$$湖北一门特门业有限公司
13339834200.txt$$$$湖北省卓逸塑业有限公司
13339870558.txt$$$$温泉恋伊晾衣架
13339871826.txt$$$$咸宁市永祥五金机电有限公司
13339871826_1.txt$$$$咸宁市永祥五金机电有限公司
13339882721.txt$$$$咸安区桂花美发店
13339922251.txt$$$$湖北古韵园林景观有限公司
13339922251_1.txt$$$$湖北古韵园林景观有限公司
13339990693.txt$$$$武汉匠人品胜汽车服务有限公司
13339990926.txt$$$$武汉亿诚野人龙服饰有限公司
13339991258.txt$$$$湖北天座壁神新型建材有限公司
13339991865.txt$$$$武汉食全食味餐饮管理有限公司
13339993019.txt$$$$武汉市东西湖恒业挖机配件行
13339996922.txt$$$$武汉达丰教育咨询有限公司
13340291827.txt$$$$重庆市森林平成机械有限公司
13340295386.txt$$$$重庆山之鹰金属制品有限责任公司
13341002882.txt$$$$北京万泽货运物流
13341067424.txt$$$$固安天和鑫迈塑料制品有限公司
