13782881286_1.txt$$$$河南飞鸿龙狮文化传播
13782889173.txt$$$$焦作果树苗批发基地
13783031747.txt$$$$河南以斯拉展览服务有限公司
13783092247.txt$$$$临颍县鼎峰机械设备有限公司
13783119966.txt$$$$洛阳国润管业有限公司
13783133236.txt$$$$偃师市城关镇上海国际商贸城雪尊防滑链厂
13783150007.txt$$$$洛阳圣工建材科技有限公司
13783150007_1.txt$$$$洛阳圣工建材科技有限公司
13783150007_2.txt$$$$洛阳圣工建材科技有限公司
13783405133.txt$$$$新郑市永兴涂料有限公司
13783405133_1.txt$$$$新郑市永兴涂料有限公司
13783405133_2.txt$$$$新郑市永兴涂料有限公司
13783410111.txt$$$$郑州凯岚水处理材料有限公司
13783417988.txt$$$$河南丰伟机械厂
13783418434.txt$$$$郑州市金水区康怡桶装水经营部
13783432399.txt$$$$巩义市盘龙净水填料有限公司
13783466866.txt$$$$巩义市金泉机械制造有限公司
13783466866_1.txt$$$$巩义市金泉机械设备有限公司
13783466866_2.txt$$$$巩义市金泉机械制造有限公司
13783466866_3.txt$$$$巩义市金泉机械制造有限公司
13783468766.txt$$$$河南秋姿秀商贸有限公司
13783480276.txt$$$$太康县中太锅炉设备制造有限公司
13783484993.txt$$$$河南山磊机械设备有限公司
13783488228.txt$$$$河南诚东机械设备有限公司
13783504198.txt$$$$郑州曼通机械设备有限公司
13783517522.txt$$$$郑州英九防锈纸有限公司
13783524043.txt$$$$河南省力基天源建设工程有限公司
13783540418.txt$$$$荥阳市利鑫重工机械设备厂
13783554338.txt$$$$河南尊荣环保科技有限公司
13783554338_1.txt$$$$河南尊荣环保科技有限公司
