13001769459.txt$$$$德州亚太集团有限公司
13001769459_1.txt$$$$德州亚太集团有限公司
13001769459_2.txt$$$$德州亚太集团有限公司
13001769459_3.txt$$$$德州亚太集团有限公司
13001771099.txt$$$$山东陌上源林生物科技有限公司
13001800400.txt$$$$石家庄恒超商贸有限公司
13001801517.txt$$$$河北昊嘉空调设备有限公司
13001816503.txt$$$$深圳市梦璐服饰有限公司
13001835270.txt$$$$通达顶管机械厂
13001835270_1.txt$$$$廊坊霸州市通达液压顶管机设备厂
13001959376.txt$$$$北京纳西德机电有限公司
13001972176.txt$$$$北京宏途金睿装饰工程有限公司
13001988143.txt$$$$中研信息研究所
13002016000.txt$$$$广州市鼎鸿科电子科技有限公司
13002064860.txt$$$$广州广电计量检测股份有限公司深圳分公司
13002066090.txt$$$$深圳市汇埠商贸有限公司
13002066090_1.txt$$$$深圳市汇埠商贸有限公司
13002066090_2.txt$$$$深圳市汇埠商贸有限公司
13002066090_3.txt$$$$深圳市汇埠商贸有限公司
13002068675.txt$$$$广州市宝来建筑材料科技有限公司
13002078918.txt$$$$广州麦盾知识产权事务所有限公司
13002078918_1.txt$$$$广州麦盾知识产权事务所有限公司
13002078918_2.txt$$$$广州麦盾知识产权事务所有限公司
13002080154.txt$$$$广州海唯电子技术有限公司
13002080858.txt$$$$珠海君奥新材料科技有限公司
13002083645.txt$$$$广州市特印展览服务有限公司
13002090837.txt$$$$广州镁诺电器有限责任公司
13002095035.txt$$$$广州濠天化工产品有限公司
13002095035_1.txt$$$$广州濠天化工产品有限公司
13002095035_2.txt$$$$广州濠天化工产品有限公司
