15003999085.txt$$$$郑州道盛电子有限公司
15004013456.txt$$$$沈阳殊同汽车销售有限公司
15004145185.txt$$$$成都市赫柏空调设备有限公司
15004209974.txt$$$$锦州利达环保科技有限公司
15004318076.txt$$$$吉林省鸿煊机电设备有限公司
15004459129.txt$$$$吉林省顺赢大棚骨架有限公司
15004622826.txt$$$$哈尔滨鑫安泰门业有限公司
15004849153.txt$$$$乌兰浩特市雪峰面粉有限责任公司
15005002883.txt$$$$福建领骏科技有限公司
15005019844.txt$$$$福州旭日兴装饰材料有限公司
15005141323.txt$$$$南京飞轩信息科技有限公司
15005142226.txt$$$$上海宇皇实业有限公司南京分公司
15005154646.txt$$$$南京谱时睿商贸有限公司
15005155500.txt$$$$南京百乐新型建材有限公司
15005158863.txt$$$$南京好新逸环境检测技术有限公司
15005175656.txt$$$$南京市栖霞区邹秀莲美容店
15005175656_1.txt$$$$南京美再美生物科技有限公司
15005175656_2.txt$$$$南京美再美生物科技有限公司
15005175656_3.txt$$$$南京美再美生物科技有限公司
15005186665.txt$$$$江苏宁烨市政工程有限公司
15005243558.txt$$$$宿迁梦之鸿工艺品有限公司
15005264000.txt$$$$泰州市广腾汽车销售服务有限公司
15005298948.txt$$$$丹阳市格美新材料有限公司
15005362239.txt$$$$潍坊安而信化工用品有限公司
15005373040.txt$$$$山东金耀鑫诺游乐设备有限公司
15005384995.txt$$$$泰安市鼎新土工材料有限公司
15005386688.txt$$$$新泰市福利铜材加工厂
15005446123.txt$$$$博兴县科瑞特厨具厂
15005446123_1.txt$$$$博兴县科瑞特厨具厂
15005446123_2.txt$$$$博兴县科瑞特厨具厂
