17075305359.txt$$$$北京智德传技术有限公司
17076020526.txt$$$$济南斯黛尔气模有限公司
17076425973.txt$$$$丹阳创达建材有限公司
17076612767.txt$$$$广州市途联物流
17076614087.txt$$$$深圳市宝安区宏而达五金制品厂
17076618797.txt$$$$广州市番禺区石壁通昱恒工艺品厂
17076729684.txt$$$$杭州筠姆仪表有限公司
17076774235.txt$$$$广州市正盈机械设备有限公司
17076850816.txt$$$$广州绿塔康体设施有限公司
17077353465.txt$$$$临沂百胜塑胶有限公司
17077366541.txt$$$$招远鑫诚石材有限公司
17077480821.txt$$$$河北凌众采暖设备有限公司
17077488657.txt$$$$成都亮度装饰工程有限公司
17078634745.txt$$$$北京宏达鑫鼎工贸有限公司
17079118002.txt$$$$宁波金诺国际会展有限公司
17079400248.txt$$$$上海向致时装有限公司
17080050678.txt$$$$英利浦（北京）环境技术有限公司
17080200095.txt$$$$潍坊立铭护栏有限公司
17080202337.txt$$$$福建雅鼎建筑工程有限公司
17080207677.txt$$$$山东现代密封科技装备有限公司
17080369140.txt$$$$东莞市常平尚一家具店
17080407119.txt$$$$河北西奥丝网制品有限公司
17080856067.txt$$$$上海仪诺展览服务有限公司
17080863222.txt$$$$兹优君（上海）轴承服务有限公司
17081490515.txt$$$$北京万荣世纪科技有限公司
17081490807.txt$$$$石家庄盈捷养殖笼具有限公司
17081630747.txt$$$$亚崴罗特勒机电国际有限公司
17082140418.txt$$$$兴化市巨匠五金制品有限公司
17082277166.txt$$$$天津艾克伦司服装有限公司
17082729747.txt$$$$武汉碧艾环保项目有限公司
