15195555359.txt$$$$扬州银东户外公共设施有限公司
15195669729.txt$$$$苏州德瑞风通风设备有限公司
15195671394.txt$$$$苏州市三创企业服务有限公司
15195682567.txt$$$$吴中区临湖雨强不锈钢制品厂
15195846134.txt$$$$南京市开源管业有限公司
15195876778.txt$$$$南京进源润汽车服务有限公司
15195879148.txt$$$$南京南叶金属制品有限公司
15195879503.txt$$$$安徽博睿新材料科技有限公司
15195909181.txt$$$$江苏消邦防火卷帘门有限公司
15195956304.txt$$$$南京欧能机械有限公司
15196344284.txt$$$$大连中昊金诚防水保温工程有限公司
15196460177.txt$$$$深圳市联欣科技有限公司
15196691618.txt$$$$成都捷力特电梯有限责任公司
15196989443.txt$$$$上海慧佳物流有限公司
15197498537.txt$$$$深圳市博世真空设备有限公司
15197499873.txt$$$$东莞市路迪森宝供应链管理有限公司
15198040186.txt$$$$广州大郎座椅有限公司
15198185797.txt$$$$都江堰春雨华环保科技有限公司
15198299976.txt$$$$临沂春成广告材料有限公司
15198573338.txt$$$$中美艺嘉雕塑艺术有限公司
15198709208.txt$$$$云南柯洁经贸有限公司
15198709208_1.txt$$$$云南柯洁经贸有限公司
15198709208_2.txt$$$$云南柯洁经贸有限公司
15198935736.txt$$$$云南江啼科技有限公司
15199095175.txt$$$$天山区中山路鑫浪涛电子产品经营部
15199198539.txt$$$$新疆冰山雪莲酒业有限责任公司
15200001500.txt$$$$石家庄新华区欧特办公家具中心
15200013788.txt$$$$石家庄铭驰彩砂集团有限公司
15200027845.txt$$$$河北强匠密封材料有限公司
15200044004.txt$$$$邢台澳奇龙自行车制造有限公司
