15623457237.txt$$$$武汉绿之漾园艺有限公司
15623497697.txt$$$$武汉保丽亿环保科技有限公司
15623593391.txt$$$$北京首农优加商业连锁有限公司
15623653580.txt$$$$恒瑞星科（武汉）科技发展有限公司
15623837260.txt$$$$武汉磊固实业有限公司
15623892129.txt$$$$武汉速风达市政工程有限公司
15623915239.txt$$$$湖北久华食安生物技术有限公司
15624025205.txt$$$$济南鲲升泵业有限公司
15624085967.txt$$$$济宁长虹机械工程有限公司
15624091077.txt$$$$济宁伊尔健生物工程科技有限公司
15624127383.txt$$$$山东邦泰置业有限公司
15624167677.txt$$$$山东煜阳福景观工程有限公司
15624207666.txt$$$$临朐县东昇金属制品厂
15624238899.txt$$$$潍坊圣兴化工有限公司
15624243105.txt$$$$山东鑫龙实业有限公司
15624255000.txt$$$$德州立业空调设备有限公司
15624285515.txt$$$$山东康特环保工程有限公司
15624285515_1.txt$$$$德州康特耐磨材料有限公司
15624305316.txt$$$$日照市勇杰生物质资源开发有限公司基地
15624346689.txt$$$$德州泰莱暖通设备有限公司
15624347017.txt$$$$山东艾堡森新材料有限公司
15624353684.txt$$$$潍坊市众宇防水建材有限公司
15624389107.txt$$$$济南龙宇液压机械有限公司
15624916951.txt$$$$天一健国际展览有限公司
15625009280.txt$$$$广州瞎操心商务服务有限公司
15625083773.txt$$$$广州市木栾家居用品有限公司
15625111048.txt$$$$广州启立环保设备有限公司
15625160719.txt$$$$广东欣创进出口有限公司
15625220886.txt$$$$深圳市蜘蛛物流科技有限公司
15625233211.txt$$$$深圳市南盟电子有限公司
