18995185212_1.txt$$$$银川华信智信息技术有限公司
18995185212_2.txt$$$$银川华信智信息技术有限公司
18995320033.txt$$$$宁夏智源农业装备有限公司
18995320033_1.txt$$$$宁夏智源农业装备有限公司
18995320033_2.txt$$$$宁夏智源农业装备有限公司
18995320033_3.txt$$$$宁夏智源农业装备有限公司
18995503788.txt$$$$鑫源八八八光伏环保安装工程有限公司
18995522564.txt$$$$武汉市洪山区新日机械设备经营部
18995539466.txt$$$$武汉东帆建筑工程有限公司
18995551194.txt$$$$武汉市金宏源农机制造有限公司
18995554601.txt$$$$武汉鑫群芳纸业有限公司
18995557010.txt$$$$鄂州姚叶水泥预制构件有限公司
18995565674.txt$$$$武汉添骏建材有限公司
18995601970.txt$$$$石家庄成邦环保设备有限公司
18995612130.txt$$$$湖北众登高机械设备有限公司
18995620225.txt$$$$武汉赛尔夫科技有限公司
18995622497.txt$$$$武汉阿米尔环保科技有限公司
18995627856.txt$$$$武汉市武昌区嘉进建材经营部
18995658386.txt$$$$上海高凳商业展览有限公司
18995810359.txt$$$$咸安区鸿新精品梯
18995814248.txt$$$$咸安区金创广告图文
18995821944.txt$$$$温泉欧阳板材店
18995851100.txt$$$$荆州爱尔瑞科技有限公司
18995908889.txt$$$$山东百辰广告有限公司
18995970321.txt$$$$湖北省诺亚清洗设备有限公司
18995977888.txt$$$$湖北双赢食用菌机械制造有限公司
18996015943.txt$$$$重庆川草阁农业科技有限公司
18996102680.txt$$$$重庆市蓝光机动车驾驶员培训有限公司黄泥磅分公司
18996102680_1.txt$$$$重庆市蓝光机动车驾驶员培训有限公司黄泥磅分公司
18996102680_2.txt$$$$重庆市蓝光机动车驾驶员培训有限公司黄泥磅分公司
