15839523753.txt$$$$郾城区永丰粮机厂
15839867625.txt$$$$三门峡丽源环保工程设备有限公司
15839867625_1.txt$$$$三门峡丽源环保工程设备有限公司
15839939821.txt$$$$社旗县大川薯业机械加工厂
15839939821_1.txt$$$$南阳市大川机械制造有限公司
15839939821_2.txt$$$$南阳市大川机械制造有限公司
15839953001.txt$$$$南召县昊海石材有限公司
15840000795.txt$$$$沈阳鹏翔包装制品有限公司
15840005026.txt$$$$沈阳世纪兴华制冷设备有限公司
15840040569.txt$$$$沈阳富士设备设计有限公司
15840286772.txt$$$$沈阳君道法律咨询服务有限公司
15840297368.txt$$$$新民市胡台镇宏波制板厂
15840351910.txt$$$$沈阳宇时先锋检测仪器有限公司
15840373834.txt$$$$沈阳三鑫科技有限公司
15840396865.txt$$$$沈阳稀有旅游投资发展有限公司
15840421216.txt$$$$沈阳哇咔哇咔贸易有限公司
15840471525.txt$$$$辽宁北方工商业展览服务有限公公司
15840508299.txt$$$$辽宁利盟高科新材料有限公司
15840555230.txt$$$$沈阳聚泰鑫经贸有限公司
15840555268.txt$$$$沈阳厚德永盛机械设备有限公司
15840580089.txt$$$$沈阳广纳金属材料有限公司
15840599995.txt$$$$沈阳简艺建材有限公司
15840652565.txt$$$$大连市甘井子区西南路青城装饰艺术工作室
15840977375.txt$$$$大连天宇货运
15840977375_1.txt$$$$大连天宇物流运输
15841146217.txt$$$$大连布来斯塑钢护栏有限公司
15841191856.txt$$$$大连龙腾迅达货运服务处
15841447802.txt$$$$沈阳上民电气有限公司
15841645084.txt$$$$锦州林安物流有限公司
15841773131.txt$$$$营口经济技术开发区爱维尔铸业有限公司
