13002984123.txt$$$$福建林泽节能科技有限公司
13002988649.txt$$$$陕西旭峰会展有限责任公司
13002993861.txt$$$$西安盛维模型制作有限公司
13003001916.txt$$$$安徽聚正科技有限公司
13003001916_1.txt$$$$安徽聚正科技有限公司
13003001916_2.txt$$$$安徽聚正科技有限公司
13003001916_3.txt$$$$安徽聚正科技有限公司
13003004897.txt$$$$合肥市包河区旺发木材经营部
13003004897_1.txt$$$$合肥市包河区旺发木材经营部
13003004897_2.txt$$$$合肥市包河区旺发木材经营部
13003007700.txt$$$$合肥尚好佳冷暖工程有限公司
13003054861.txt$$$$安徽金梁膜钢结构工程有限公司
13003054861_1.txt$$$$安徽金梁膜钢结构工程有限公司
13003054861_2.txt$$$$安徽金梁膜钢结构工程有限公司
13003054861_3.txt$$$$安徽金梁膜钢结构工程有限公司
13003083998.txt$$$$安徽全安消防安全设备有限公司
13003114131.txt$$$$上海锐飞企业管理有限公司
13003236738.txt$$$$上海蓝喆环保科技有限公司
13003318885.txt$$$$无锡安格力金属制品有限公司
13003328639.txt$$$$江苏维也维山生态科技发展有限责任公司
13003846353.txt$$$$福州龙成方文化传播有限公司
13003902458.txt$$$$领肯（厦门）会展服务有限公司
13003918127.txt$$$$厦门市驾盟科技有限公司
13004142648.txt$$$$上海添硕重型汽车有限公司
13004183722.txt$$$$上海沪衡重型衡器有限公司
13004306080.txt$$$$扬州伟德冷暖设备工程有限公司
13004540860.txt$$$$江苏久伴食品科技有限公司
13004540860_1.txt$$$$江苏久伴食品科技有限公司
13004540860_2.txt$$$$江苏久伴食品科技有限公司
13004588481.txt$$$$苏州德科机电设备安装工程有限公司
