13864929996.txt$$$$临沂市兰山区晟鼎包装材料厂
13864939818.txt$$$$沂南县齐力塑编有限公司
13864956789.txt$$$$山东省临沂市兰山区绢纺厂
13864956789_1.txt$$$$山东省临沂市兰山区绢纺厂
13864956789_2.txt$$$$山东省临沂市兰山区绢纺厂
13864961686.txt$$$$临沂富达生物质颗粒厂家
13864964308.txt$$$$沂水县瑞丰蔬菜专业合作社
13864976668.txt$$$$临沂市兰山区资盛木业板材厂
13865061150.txt$$$$五河县远腾机械租赁中心
13865122290.txt$$$$广州腾嘉材料科技有限公司
13865188878.txt$$$$安徽涂工涂装机械有限公司
13865218009.txt$$$$合肥车立方国际贸易有限公司
13865243604.txt$$$$合肥奇缘游乐设备有限公司
13865368828.txt$$$$宣城宾利智能家居有限公司
13865382169.txt$$$$宣城市盛宇防护设施有限公司
13865382169_1.txt$$$$宣城市盛宇防护设施有限公司
13865382169_2.txt$$$$宣城市盛宇防护设施有限公司
13865515738.txt$$$$合肥普视电子科技有限公司
13865515738_1.txt$$$$合肥普视电子科技有限公司
13865518998.txt$$$$合肥市怡云装饰工程有限公司
13865518998_1.txt$$$$合肥市怡云装饰工程有限公司
13865518998_2.txt$$$$合肥市怡云装饰工程有限公司
13865518998_3.txt$$$$合肥市怡云装饰工程有限公司
13865519685.txt$$$$合肥恒艺塑业有限公司
13865535290.txt$$$$繁昌县海波装饰材料厂
13865535290_1.txt$$$$繁昌县海波装饰材料厂
13865535290_2.txt$$$$繁昌县海波装饰材料厂
13865704866.txt$$$$六安市弘博智能科技有限公司
13865816661.txt$$$$天长市天鼎拉丝模具有限公司
13865825625.txt$$$$天长市云威电子有限公司
