15175030008_1.txt$$$$邯郸市永年区苑氏园林绿化工程有限公司
15175030008_2.txt$$$$邯郸市永年区苑氏园林绿化工程有限公司
15175054147.txt$$$$邯郸市兆森螺母厂
15175075513.txt$$$$邯郸市永年区年裕交通设施制造有限公司
15175075513_1.txt$$$$邯郸市永年区年裕交通设施制造有限公司
15175075513_2.txt$$$$邯郸市永年区年裕交通设施制造有限公司
15175081918.txt$$$$河北邯郸金诺古建砖雕瓦业
15175085444.txt$$$$鸡泽县天德生物饲料有限公司
15175085444_1.txt$$$$鸡泽县天德生物饲料有限公司
15175085444_2.txt$$$$鸡泽县天德生物饲料有限公司
15175096780.txt$$$$邯郸市永年区翠敏工矿配件有限公司
15175096780_1.txt$$$$邯郸市永年区翠敏工矿配件有限公司
15175099768.txt$$$$邯郸市益融紧固件制造有限公司
15175118888.txt$$$$河北庞氏金属丝网制品有限公司
15175208899.txt$$$$保定京博橡胶有限公司
15175224491.txt$$$$星豪铜艺有限公司
15175303967.txt$$$$河北宏达机械制造有限公司
15175328999.txt$$$$雄县金上通塑胶制品有限公司
15175397871.txt$$$$保定市华沃电力设备厂
15175443893.txt$$$$河北刘家窑建材科技有限公司
15175443893_1.txt$$$$河北刘家窑建材科技有限公司
15175443893_2.txt$$$$河北刘家窑建材科技有限公司
15175580354.txt$$$$广州市库博电子产品有限公司
15175635224.txt$$$$唐山市古冶区世赫硅酸钠厂
15175660866.txt$$$$廊坊大亮化工建材有限公司
15175663747.txt$$$$廊坊卓泰保温材料有限公司
15175684533.txt$$$$固安县马庄镇新钢五金加工厂
15175691777.txt$$$$廊坊旺益机械设备有限公司
15175703131.txt$$$$沧州冀业管道设备制造有限公司
15175711227.txt$$$$盐山胜龙文体器材有限公司
