18925111158_1.txt$$$$广州良信国际货物运输代理有限公司
18925111158_2.txt$$$$广州良信国际货物运输代理有限公司
18925114993.txt$$$$中俄快铁国际货运（深圳）有限公司
18925124252.txt$$$$广州汉源教育发展有限公司
18925127579.txt$$$$广州中增实验室设备有限公司
18925128630.txt$$$$广州互联宝电子科技有限公司
18925129007.txt$$$$广州古泉生物科技有限公司
18925132172.txt$$$$西安市星技自动化设备有限公司
18925135881.txt$$$$广州市骏逸物流有限公司
18925135881_1.txt$$$$广州市骏逸物流有限公司
18925136197.txt$$$$广州市隆星科技股份有限公司
18925149157.txt$$$$广州市骏凯电机有限公司
18925160198.txt$$$$广州市立马广告有限公司
18925165068.txt$$$$广州颜玺企业管理顾问有限公司
18925165645.txt$$$$广州市海珠区腾彩印刷厂
18925176489.txt$$$$广州粤控电气技术有限公司
18925181646.txt$$$$广州富和包装机械设备有限公司
18925181646_1.txt$$$$广州富和包装机械设备有限公司
18925181646_2.txt$$$$广州富和包装机械设备有限公司
18925187380.txt$$$$广州芝绿电子商务有限公司
18925190465.txt$$$$广州瑞鸿展览服务有限责任公司
18925190467.txt$$$$广州广旅展览策划有限公司
18925190565.txt$$$$广州菜鸟搬家有限公司
18925192520.txt$$$$云月（广州）科技有限公司
18925198168.txt$$$$百姓康(广州)健康产业有限公司
18925198168_1.txt$$$$百姓康(广州)健康产业有限公司
18925201540.txt$$$$深圳新立盈机电有限公司
18925202347.txt$$$$湖南大井电源技术有限公司
18925204678.txt$$$$深圳尊御汽车服务有限公司
18925205855.txt$$$$深圳久优印务有限公司
