15518655767_65.txt$$$$虞城县亿源筛业有限公司
15518655767_66.txt$$$$商丘鑫程餐具有限公司
15518655767_67.txt$$$$宁陵县沃农有机肥有限公司
15518655767_68.txt$$$$商丘五福正食品有限公司
15518655767_69.txt$$$$永城市东城区晴语电子科技专营店
15518655767_7.txt$$$$商丘市立达机械制造有限公司
15518655767_70.txt$$$$河南广祥交通设施有限公司
15518655767_71.txt$$$$虞城县亿源筛业有限公司
15518655767_72.txt$$$$商丘鑫程餐具有限公司
15518655767_73.txt$$$$商丘市天筑装饰工程有限公司
15518655767_74.txt$$$$宁陵县沃农有机肥有限公司
15518655767_75.txt$$$$商丘市天筑装饰工程有限公司
15518655767_76.txt$$$$民权华恩环保科技有限公司
15518655767_77.txt$$$$夏邑县火店鸿利工艺品经销部
15518655767_78.txt$$$$民权华恩环保科技有限公司
15518655767_79.txt$$$$商丘市睢阳区凌云自动化机械有限公司
15518655767_8.txt$$$$宁陵县石桥镇安泰欧式工艺品厂
15518655767_80.txt$$$$商丘市睢阳区凌云自动化机械有限公司
15518655767_81.txt$$$$商丘市梁园区候利杰家电维修服务部
15518655767_82.txt$$$$商丘市石头村园林绿化工程有限公司
15518655767_83.txt$$$$夏邑县火店鸿利工艺品经销部
15518655767_84.txt$$$$夏邑县火店鸿利工艺品经销部
15518655767_85.txt$$$$商丘市益年养老服务有限公司
15518655767_86.txt$$$$商丘市益年养老服务有限公司
15518655767_87.txt$$$$柘城县中顺粮保机械加工厂
15518655767_88.txt$$$$商丘市益年养老服务有限公司
15518655767_89.txt$$$$柘城县中顺粮保机械加工厂
15518655767_9.txt$$$$睢县永丰种植专业合作社
15518655767_90.txt$$$$商丘市金桥环保科技有限公司
15518655767_91.txt$$$$商丘市金桥环保科技有限公司
