13886285619_1.txt$$$$襄阳同兴电炉有限公司
13886285619_2.txt$$$$襄阳同兴电炉有限公司
13886287327.txt$$$$襄阳市临福润滑油有限公司
13886293530.txt$$$$襄阳迅捷润达企业管理有限公司
13886293530_1.txt$$$$襄阳迅捷润达企业管理有限公司
13886293530_2.txt$$$$襄阳迅捷润达企业管理有限公司
13886298232.txt$$$$襄阳市樊城区万发纸塑制品厂
13886354286.txt$$$$湖北汉江畜禽养殖专业合作社
13886416362.txt$$$$蕲春千年艾科技有限公司
13886491557.txt$$$$湖北省佛圣堂雕塑工艺有限公司
13886500119.txt$$$$咸宁市绿雅园林商行
13886509938.txt$$$$富丽居门饰1
13886510328.txt$$$$咸宁世友装修队
13886510632.txt$$$$咸安区鸿光伟业灯饰经营中心
13886510632_1.txt$$$$咸安区鸿光伟业灯饰经营中心
13886517441.txt$$$$湖北经元建筑安装工程有限责任公司
13886518847.txt$$$$咸安区涂奈克墙衣经销店
13886520625.txt$$$$通山县厦铺下金中板厂
13886520648.txt$$$$能一郎科技股份有限公司
13886529668.txt$$$$通山县晨晨超市
13886532303.txt$$$$咸宁市咸安区何萱集成吊顶店
13886535235.txt$$$$咸宁万能百货塑料店
13886535760.txt$$$$咸安区恒通货运
13886536178.txt$$$$咸安区宁通彩钢厂
13886539595.txt$$$$湖北流星物语婚庆礼仪有限公司
13886624998.txt$$$$荆州市金钻文化传媒有限公司
13886652944.txt$$$$枝江市复兴古典瓦厂
13886839992.txt$$$$十堰楚力机械有限公司
13886861727.txt$$$$湖北恒龙专用汽车有限公司
13886868039.txt$$$$湖北德祥专用汽车有限公司
