13111770508.txt$$$$沧州猪客电子商务有限公司
13111789808.txt$$$$河北隆康环保设备有限公司
13111795899.txt$$$$沧州远昌管道设备有限公司
13111875293.txt$$$$成都蜀宸彩色包装印务有限公司
13111975574.txt$$$$海口超扬装饰工程有限公司
13111994242.txt$$$$海南中海华宇实业有限公司
13111994343.txt$$$$海南柯逊隔墙装饰有限公司
13111994343_1.txt$$$$海南柯逊隔墙装饰有限公司
13111994343_2.txt$$$$海南柯逊隔墙装饰有限公司
13112020506.txt$$$$杭州夏果投资管理有限公司
13112215786.txt$$$$广州市白云区巧尔丹塑料制品厂
13112269993.txt$$$$广州市占兴筛网制造有限公司
13112279334.txt$$$$广州极妍教育咨询有限公司
13112279334_1.txt$$$$广州极妍教育咨询有限公司
13112700774.txt$$$$佛山市顺德区合创新盈包装材料有限公司
13112714737.txt$$$$佛山市御凯室内装饰设计有限公司
13112716683.txt$$$$广州市颖城机械设备有限公司
13112719619.txt$$$$广州产品远红外检测中心
13112731809.txt$$$$佛山市顺德区顺联机械城有限公司
13112732720.txt$$$$永双顺铸件广州有限公司
13112811231.txt$$$$东莞市欧可检测仪器有限公司
13112852595.txt$$$$东莞市倍特包装材料有限公司
13112852595_1.txt$$$$东莞市倍特包装材料有限公司
13112944129.txt$$$$中山飞熊环境艺术工程有限公司
13113002860.txt$$$$深圳盛世运通国际货运代理有限公司
13113052590.txt$$$$东莞市卡诺电气科技有限公司
13113061186.txt$$$$武汉洁琅环保科技有限公司
13113081919.txt$$$$江西石城县永盛选矿设备制造有限公司
13113159660.txt$$$$东莞市益霆环保设备有限公司
13113162079.txt$$$$东莞市祥东实业有限公司
