15800989208.txt$$$$瑞徽电子（上海）有限公司
15801012386.txt$$$$纵横伟业物流
15801012386_1.txt$$$$纵横伟业物流
15801025159.txt$$$$北京金华恒源钢结构有限公司
15801062231.txt$$$$北京东方汉诺杀虫服务有限公司
15801076109.txt$$$$北京怡鹏达振动盘有限公司
15801077293.txt$$$$北京恒远聚兴设备有限公司
15801151947.txt$$$$河北泽雨节水设备有限公司
15801188767.txt$$$$北京中博特生物技术有限公司
15801228330.txt$$$$北京千忆交通科技有限公司
15801235767.txt$$$$广州鑫瑞展览服务有限公司
15801258118.txt$$$$北京空港北光仪表有限公司
15801258118_1.txt$$$$北京空港北光仪表有限公司
15801309700.txt$$$$北京励航国际商务会展一部
15801310299.txt$$$$北京索瑞森蓄电池有限公司
15801334918.txt$$$$慧邦国际信息技术（北京）股份有限公司
15801334918_1.txt$$$$慧邦国际信息技术（北京）股份有限公司
15801352257.txt$$$$风果国际环境科技（北京）有限公司
15801371878.txt$$$$京东博艺（北京）建筑装饰工程有限公司
15801396781.txt$$$$今日升（北京）教育科技有限公司
15801396781_1.txt$$$$今日升（北京）教育科技有限公司
15801396781_2.txt$$$$今日升（北京）教育科技有限公司
15801451175.txt$$$$河北文未商贸有限公司
15801471840.txt$$$$北京连华永兴科技发展有限公司
15801497518.txt$$$$北京峰源尚美电器设备有限公司
15801560680.txt$$$$北京中瑞实创科技有限公司
15801580457.txt$$$$中源数聚（北京）信息科技有限公司
15801591518.txt$$$$北京金鼎志兴商贸有限公司
15801591518_1.txt$$$$北京金鼎志兴商贸有限公司
15801591518_2.txt$$$$北京金鼎志兴商贸有限公司
