18900715564.txt$$$$深圳佰旺电梯有限公司
18900757056.txt$$$$长沙明星光电科技有限公司
18900763501.txt$$$$湖南景丰建筑标化工程有限公司
18900763501_1.txt$$$$湖南景丰建筑标化工程有限公司
18900763501_2.txt$$$$湖南景丰建筑标化工程有限公司
18900820979.txt$$$$湛江市四龙钢结构工程有限公司
18900863048.txt$$$$广东顺德拓朴电子仪器有限公司
18900870452.txt$$$$广东建链汇平台科技有限公司
18900871004.txt$$$$佛山市志晟服饰有限公司
18900871290.txt$$$$佛山创金达机械有限公司
18900871855.txt$$$$佛山市德安物流
18900872615.txt$$$$佛山市钜亮光学材料有限公司
18900873268.txt$$$$佛山市胜邦钢结构有限公司
18900873268_1.txt$$$$佛山市胜邦钢结构有限公司
18901021698.txt$$$$环球视野（北京）科贸有限公司
18901056811.txt$$$$豪爵（北京）制衣有限公司
18901057899.txt$$$$北京合呈昌科技有限公司
18901068992.txt$$$$中科尚水(北京)环保科技有限公司
18901068992_1.txt$$$$中科尚水(北京)环保科技有限公司
18901088856.txt$$$$北京萨尔笛科技有限公司
18901104168.txt$$$$江西神龙环保科技有限公司
18901105296.txt$$$$北京博宇高科新材料技术有限公司
18901162112.txt$$$$北京科洁阳光环保科技有限公司
18901162112_1.txt$$$$北京科洁阳光环保科技有限公司
18901201068.txt$$$$临沂舜杰商贸有限公司7
18901231512.txt$$$$北京翰海博瑞科技有限责任公司
18901231512_1.txt$$$$北京翰海博瑞科技有限责任公司
18901245777.txt$$$$亚树科技（北京）有限公司
18901258800.txt$$$$北京森润达世纪信息技术有限公司
18901329649.txt$$$$北京鑫亿洲科贸有限公司
