13477770907.txt$$$$温泉振南石材经营部
13477771066.txt$$$$咸安区金桥石材批发部
13477771699.txt$$$$咸宁光影数码科技店
13477771820.txt$$$$咸宁瑞恒玻璃钢有限公司
13477771894.txt$$$$咸安区九鼎围栏厂
13477788163.txt$$$$高新温泉牧神西餐厅
13477788304.txt$$$$咸宁汇强陶瓷
13477788304_1.txt$$$$咸安汇强陶瓷店
13477794855.txt$$$$温泉徐邹陶瓷店
13477849961.txt$$$$宜昌市创意装饰装修工程有限公司
13478182999.txt$$$$沈阳有为食品有限公司
13478345485.txt$$$$沈阳华博会展有限公司
13478410058.txt$$$$大连润圣商贸有限公司
13478519787.txt$$$$大连中建新合工程技术有限公司
13478527986.txt$$$$大连液偶液力偶合器有限公司
13478618949.txt$$$$大连众和盛弹簧制品有限公司
13478668777.txt$$$$大连誉得液力机械有限公司
13478688193.txt$$$$大连市家具协会
13478696694.txt$$$$大连禹鼎沙克电子有限公司
13478884418.txt$$$$沈阳盛嘉采光板有限公司
13479066665.txt$$$$苏州速传导热电子材料科技有限公司
13479112528.txt$$$$江西宝象工程机械有限公司
13479112528_1.txt$$$$江西宝象工程机械有限公司
13479112528_2.txt$$$$江西宝象工程机械有限公司
13479195970.txt$$$$江西万竹山竹汁饮料有限公司
13479997016.txt$$$$扬州杰控自动化设备有限公司
13480073978.txt$$$$东莞市明哲包装材料有限公司
13480077016.txt$$$$东莞市创域仪器科技有限公司
13480080048.txt$$$$东莞协田胶粘科技有限公司
13480084018.txt$$$$东莞市瑞德力纳米科技有限公司
