18988659546.txt$$$$佛山市港怡液压设备有限公司
18988675518.txt$$$$佛山市嘉润科技发展有限公司
18988675518_1.txt$$$$佛山市嘉润科技发展有限公司
18988675518_2.txt$$$$佛山市嘉润科技发展有限公司
18988700498.txt$$$$东莞普莱特传动设备有限公司
18988700498_1.txt$$$$东莞普莱特传动设备有限公司
18988715977.txt$$$$东莞市茶山汇千五金模具加工部
18988719337.txt$$$$东莞市企石嘉景雅装饰材料厂
18988756536.txt$$$$深圳市诚骏达物流
18988757567.txt$$$$深圳市磅礴电子有限公司
18988762151.txt$$$$深圳大运发物流有限公司
18988762576.txt$$$$深圳市学立佳教育科技有限公司
18988775028.txt$$$$深圳市溢亿电子有限公司
18988832023.txt$$$$东莞市菲曼户外用品有限公司
18988852124.txt$$$$广州绿塔康体设施有限公司
18988902802.txt$$$$广州普氏达翻译有限公司
18988910510.txt$$$$广州中防科技有限公司
18988911026.txt$$$$广州凯业进出口贸易有限公司
18988918390.txt$$$$广州市工环实业有限公司
18988921129.txt$$$$广州众为自动化科技有限公司
18988934096.txt$$$$广州九君之环保科技有限公司
18988934792.txt$$$$广东顺景制冷科技有限公司
18988937564.txt$$$$明天货架有限公司
18988940917.txt$$$$广州玉贵广告有限公司
18988967013.txt$$$$广州市芳诚园艺设备有限公司
18988967013_1.txt$$$$广州市芳诚园艺设备有限公司
18988967013_2.txt$$$$广州市芳诚园艺设备有限公司
18988967013_3.txt$$$$广州市芳诚园艺设备有限公司
18988967562.txt$$$$广州市芳诚园艺设备有限公司
18988969394.txt$$$$广州市立腾电器有限公司
