15020007327.txt$$$$济南市天桥区三朵云门窗加工部
15020007327_1.txt$$$$济南市天桥区三朵云门窗加工部
15020007327_2.txt$$$$济南市天桥区三朵云门窗加工部
15020010269.txt$$$$历城区铭万网亮化照明中心
15020013033.txt$$$$济南东江泉环保科技有限公司
15020015555.txt$$$$山东姜荟生物科技有限公司
15020071788.txt$$$$青岛健兴祥泰保温材料有限公司
15020090572.txt$$$$青岛森口国际贸易有限公司
15020099677.txt$$$$青岛正大桥梁配件有限公司
15020132030.txt$$$$山东本农环卫设备有限公司
15020205798.txt$$$$单县宏旭园林景观工程工作室
15020223362.txt$$$$郓城县源丰节水设备有限公司
15020228556.txt$$$$淄博金河风机有限公司
15020228556_1.txt$$$$淄博金河风机有限公司
15020294681.txt$$$$山东归仁新型材料科技有限公司
15020301568.txt$$$$河东区飞蒙塑料制管厂
15020301568_1.txt$$$$河东区飞蒙塑料制管厂
15020301568_2.txt$$$$河东区飞蒙塑料制管厂
15020322333.txt$$$$临沂鼎得利装饰材料有限公司
15020347532.txt$$$$伟业伊美特实业有限公司
15020363553.txt$$$$临沂市森骏板材有限公司
15020366668.txt$$$$河东区赵梅吸塑包装厂
15020366668_1.txt$$$$河东区赵梅吸塑包装厂
15020366668_2.txt$$$$河东区赵梅吸塑包装厂
15020392999.txt$$$$临沂顺昌银杏苗木基地
15020504457.txt$$$$山东腾达兔业养殖
15020696968.txt$$$$山东亿佳连家居用品有限公司
15020775513.txt$$$$梁山县建成养殖场
15020811211.txt$$$$泰安市寸金机械设备有限公司
15020830198.txt$$$$山东昊洲矿业安全装备有限公司
