15731993863_2.txt$$$$河北蓝途交通工程有限公司
15731998208.txt$$$$邢台恒牛机械制造有限公司
15731998888.txt$$$$夏邑县华晨烟酒经销店
15731998888_1.txt$$$$夏邑县华晨烟酒经销店
15731998888_2.txt$$$$夏邑县华晨烟酒经销店
15732137810.txt$$$$石家庄苗爱发生态农业科技有限公司
15732695777.txt$$$$大城县卫昌机械厂
15732700033.txt$$$$河北亚中管道制造有限公司
15732700114.txt$$$$河北广浩管件有限公司
15732700114_1.txt$$$$河北广浩管件有限公司
15732702810.txt$$$$聚友信达温室设施有限公司
15732703886.txt$$$$泊头市领航压瓦机械有限公司
15732721215.txt$$$$吴桥县胜意减速机厂
15732753142.txt$$$$河北省泊头市兴和机械有限公司
15732772533.txt$$$$沧州佳骏环保设备有限公司
15732775251.txt$$$$沧州光大电缆桥架厂
15732780588.txt$$$$沧州沧铭管道有限公司
15732794836.txt$$$$沧州捷润管道装备制造有限公司
15732798231.txt$$$$泊头泽正环保设备有限公司
15732827297.txt$$$$河北凯茂塑料制品有限公司
15732837376.txt$$$$枣强县东鑫桥梁配件厂
15732837812.txt$$$$衡水明兴工程橡胶有限公司
15732838022.txt$$$$河北荣轩道路标牌有限公司
15732888806.txt$$$$河北鹏欣宇新材料科技有限公司
15732900218.txt$$$$邢台博遵机械制造有限公司
15732901579.txt$$$$南宫市祥巨橡胶密封件有限公司
15733325770.txt$$$$玉田县双赢瓦业有限公司
15733326777.txt$$$$天津君亿贝科技有限公司
15733326777_1.txt$$$$天津君亿贝科技有限公司
15733326777_2.txt$$$$天津君亿贝科技有限公司
