13649825183_2.txt$$$$东莞市智隆机械设备有限公司
13649836273.txt$$$$东莞邦诚空调工程有限公司
13649875098.txt$$$$东莞市耐力仕环保材料有限公司
13649883259.txt$$$$东莞隆斌建设机电工程有限公司
13649883259_1.txt$$$$东莞隆斌建设机电工程有限公司
13649893231.txt$$$$东莞市博悦复合材料科技有限公司
13649893231_1.txt$$$$东莞市博悦复合材料科技有限公司
13649893231_2.txt$$$$东莞市博悦复合材料科技有限公司
13649899979.txt$$$$东莞市万福五金制品有限公司
13649971199.txt$$$$新疆守信种业科技有限责任公司
13650003928.txt$$$$东莞市万楷电子材料有限公司
13650003928_1.txt$$$$东莞市万楷电子材料有限公司
13650003928_2.txt$$$$东莞市万楷电子材料有限公司
13650005094.txt$$$$东莞市宝亿自动化科技有限公司
13650005386.txt$$$$东莞市宝亿自动化科技有限公司
13650005386_1.txt$$$$东莞市宝亿自动化科技有限公司
13650005386_2.txt$$$$东莞市宝亿自动化科技有限公司
13650009957.txt$$$$东莞市马力机电有限公司
13650009957_1.txt$$$$东莞市马力机电有限公司
13650056542.txt$$$$东莞长安涌永硅橡胶制品有限公司
13650056618.txt$$$$广东奥伯特高新地坪材料科技有限公司
13650056618_1.txt$$$$广东奥伯特高新地坪材料科技有限公司
13650056618_2.txt$$$$广东奥伯特高新地坪材料科技有限公司
13650063637.txt$$$$东莞市凯盟表面处理开发有限公司
13650065587.txt$$$$东莞市塘厦益本机械设备经营部
13650074959.txt$$$$深圳市华鑫电气设备有限公司
13650080849.txt$$$$东莞市环亚风管有限公司
13650080849_1.txt$$$$东莞市环亚风管有限公司
13650080849_2.txt$$$$东莞市环亚风管有限公司
13650083438.txt$$$$东莞市中堂富威建材店
