13342454083.txt$$$$沈阳繁强玉涂装材料有限公司
13342457990.txt$$$$重庆凡布者软装设计有限公司
13342482999.txt$$$$沈阳市鹏利玻璃钢制造厂
13342515846.txt$$$$湖南泰丰暖通有限公司
13342601031.txt$$$$广东艾斯瑞仪器科技有限公司
13342621678.txt$$$$东莞市鸿鑫清洁有限公司
13342653335.txt$$$$东莞市多吉尼电器有限公司
13342659280.txt$$$$东莞市程鑫机电有限公司
13342684633.txt$$$$东莞市明奥数控机械有限公司
13342684633_1.txt$$$$东莞市明奥数控机械有限公司
13342684633_2.txt$$$$东莞市明奥数控机械有限公司
13342693554.txt$$$$东莞市得锯五金材料有限公司
13342694281.txt$$$$东莞晟泰胶粘制品有限公司
13342694281_1.txt$$$$东莞晟泰胶粘制品有限公司
13342694281_2.txt$$$$东莞晟泰胶粘制品有限公司
13342718308.txt$$$$汕头市铭建空调制冷设备工程有限公司
13342801111.txt$$$$广州童茹电子科技有限公司
13342832838.txt$$$$广州晖邦物流有限公司
13342832838_1.txt$$$$广州晖邦物流有限公司
13342832838_2.txt$$$$广州晖邦物流有限公司
13342845390.txt$$$$广州广涂建筑材料有限公司
13342849313.txt$$$$广州市迪曼蒂音响科技有限公司
13342851277.txt$$$$广州市星洋天然石膏制品装饰材料有限公司
13342859142.txt$$$$广州踏固鞋业有限公司
13342867973.txt$$$$广州力美工业设备有限公司
13342869773.txt$$$$广州顺企广告有限公司
13342921823.txt$$$$深圳市忠信诚自动化有限公司
13342936766.txt$$$$深圳市水天蓝环保科技有限公司
13342946660.txt$$$$深圳市蓝膜水处理技术有限公司
13342964795.txt$$$$深圳市光特通信技术有限公司
