15823199967.txt$$$$重庆钢绞线畅星物资有限公司
15823199967_1.txt$$$$重庆畅星物资有限公司
15823582362.txt$$$$高新技术产业开发区宇恒电脑经营部
15823586174.txt$$$$重庆市商顺换热设备有限公司
15823586174_1.txt$$$$重庆市商顺换热设备有限公司
15823586174_2.txt$$$$重庆市商顺换热设备有限公司
15823823445.txt$$$$渝都美食餐饮配送服务管理
15823858988.txt$$$$重庆振广环保设备有限公司
15823968144.txt$$$$重庆桌新祥贸易有限公司
15823985381.txt$$$$重庆段玉餐饮文化有限公司
15823997760.txt$$$$重庆新航液压油缸厂
15823999391.txt$$$$重庆伟宏装饰工程有限公司
15824222233.txt$$$$宁波博迪尔液压有限公司
15824451104.txt$$$$安徽中优环保工程有限公司
15824455787.txt$$$$杭州专一科技有限公司
15824546379.txt$$$$余姚市亿康清洗保洁有限公司
15824587088.txt$$$$慈溪市美泰贸易有限公司
15824668090.txt$$$$安阳市亿农农业服务有限公司
15824668090_1.txt$$$$安阳市亿农农业科技服务有限公司
15824668090_2.txt$$$$安阳市亿农农业科技服务有限公司
15824693039.txt$$$$安阳市兴厨调味品有限公司
15824786999.txt$$$$商丘市天润环保设备有限公司
15824786999_1.txt$$$$商丘市天润环保设备有限公司
15824786999_2.txt$$$$商丘市天润环保设备有限公司
15824800730.txt$$$$河南省誉耐有限公司
15824811353.txt$$$$郑州豪精机电有限公司
15824811815.txt$$$$河南春屹律师事务所
15824811815_1.txt$$$$河南春屹律师事务所
15824811815_2.txt$$$$河南春屹律师事务所
15824830218.txt$$$$河南赛利特建筑材料有限公司
