13378912366.txt$$$$长沙市拓博焊接技术有限公司
13378915559.txt$$$$湖南宇澄钢材贸易有限公司
13379032786.txt$$$$西安市高新区鸿运机械经销部
13379043557.txt$$$$西安健坤游乐设施有限公司
13379216719.txt$$$$虎鲸装饰材料工程有限公司
13379216743.txt$$$$陕西龙净源环保科技有限公司
13379256383.txt$$$$北京金诺时代科技发展有限公司
13379282070.txt$$$$常州市西淼装饰材料有限公司
13379301956.txt$$$$西安鸿安消防设备有限公司
13379375559.txt$$$$宝鸡市高新区美达家具有限公司
13379509228.txt$$$$西安雅固地坪材料有限公司
13379542883.txt$$$$西安峰顶建筑工程有限公司
13379833119.txt$$$$海南安素盛鑫消防设备有限公司
13379873190.txt$$$$海南海恩科技有限公司
13379889081.txt$$$$景德镇市阿龙达陶瓷制作有限公司
13379922823.txt$$$$海南民顺防水装饰工程有限公司
13380002388.txt$$$$广州高雅电器有限公司
13380004996.txt$$$$广州市慕尚装饰设计有限公司
13380004996_1.txt$$$$广州市慕尚装饰设计有限公司
13380004996_2.txt$$$$广州市慕尚装饰设计有限公司
13380005488.txt$$$$广州市澳林木制品有限公司
13380014292.txt$$$$广州佰鲜制冷设备有限公司
13380014292_1.txt$$$$广州佰鲜制冷设备有限公司
13380014292_2.txt$$$$广州佰鲜制冷设备有限公司
13380023748.txt$$$$广州市连拍广告有限公司
13380027044.txt$$$$广州市白云区良田广峰货运部
13380031119.txt$$$$广州市佑安消防设备有限公司
13380038844.txt$$$$广州市展帆化工有限公司
13380038844_1.txt$$$$广州市展帆化工有限公司
13380038844_2.txt$$$$广州市展帆科技新材料有限公司
