15806889279.txt$$$$武城县鲁权屯天启空调配件经销处
15806889279_1.txt$$$$德州郢凯空调设备有限公司
15806912380.txt$$$$临沂市兰山区盈欣木业商行
15806954888.txt$$$$聊城益华金属材料有限公司
15806955857.txt$$$$山东朋霸温室工程有限公司
15807003688.txt$$$$青云谱区湘之景防腐木加工厂
15807017019.txt$$$$鹰潭市舒美装饰有限公司
15807100898.txt$$$$武汉纳博智科技有限公司
15807133364.txt$$$$广州工匠家科技有限公司
15807150223.txt$$$$武汉市中硬笔头文化传播有限公司
15807155718.txt$$$$武汉港康明冷却塔有限公司
15807160027.txt$$$$郑州天晴宏业网络科技有限公司
15807179550.txt$$$$武汉市科尔创新软件技术有限公司
15807181565.txt$$$$武汉美德龙机电设备有限公司
15807187806.txt$$$$武汉广铎源博工贸有限公司
15807262888.txt$$$$钟祥市宇峰振动机械制造有限公司
15807268880.txt$$$$荆门广顺建材有限公司
15807405196.txt$$$$怀化市衣衣多服饰有限责任公司
15807551092.txt$$$$深圳市百强自动化喷砂设备有限公司
15807559961.txt$$$$鸿源泰物流
15807572866.txt$$$$佛山市子健金属制品有限公司
15807585641.txt$$$$佛山市普拉多金属制品有限公司
15807695167.txt$$$$东莞东晟旅行用品有限公司
15807699903.txt$$$$东莞市粤凯自动化科技有限公司
15807712555.txt$$$$南宁市追光科技有限公司
15807831135.txt$$$$桂林顺晖智能科技有限公司
15808009317.txt$$$$大渡口区优家卤菜经营部
15808036868.txt$$$$重庆观仁不锈钢制品有限公司
15808504030.txt$$$$贵阳南明华东地板经营部
15808824854.txt$$$$陕西方洲科技有限公司
