18248510925.txt$$$$浙江东胜车业有限公司
18248510925_1.txt$$$$浙江东胜车业有限公司
18248510925_2.txt$$$$浙江东胜车业有限公司
18248511130.txt$$$$金华生科环境检测有限公司
18248511130_1.txt$$$$金华生科环境检测有限公司
18248511130_2.txt$$$$金华生科环境检测有限公司
18248553077.txt$$$$永康市福美来门业有限公司
18248553077_1.txt$$$$永康市福美来门业有限公司
18248553077_2.txt$$$$永康市福美来门业有限公司
18248593827.txt$$$$永康市唐先镇黑步户外休闲用品厂
18248593827_1.txt$$$$永康市唐先镇黑步户外休闲用品厂
18248593827_2.txt$$$$永康市唐先镇黑步户外休闲用品厂
18248634808.txt$$$$绍兴上虞恒发物流有限公司
18248791602.txt$$$$南京雄起服饰有限公司
18248877331.txt$$$$江苏威腾电力科技有限公司
18248897393.txt$$$$苏州凯亿胜机械设备有限公司
18248897393_1.txt$$$$苏州凯亿胜机械设备有限公司
18248897393_2.txt$$$$苏州凯亿胜机械设备有限公司
18249249621.txt$$$$深圳高通管业有限公司
18249341375.txt$$$$石家庄鼎飞益木门有限公司
18249351170.txt$$$$临朐特洪胶业有限公司
18249372801.txt$$$$临沂市兰山区恒鼎板材厂
18249944052.txt$$$$南宁职来职往服装有限公司
18249999919.txt$$$$广西南宁普立捷喷码设备有限公司
18250222221.txt$$$$芝麻黑灰花岗岩石材有限公司
18250267777.txt$$$$福建南安市创升贸易有限公司
18250304209.txt$$$$福建省易联展会展服务有限公司
18250507275.txt$$$$泉州房屋抗震加固有限公司
18250709455.txt$$$$厦门奇妙游乐设备有限公司
18250783511.txt$$$$厦门燕春秋市政工程有限公司
