13783770769_1.txt$$$$宛城区永通家政服务
13783770769_2.txt$$$$宛城区永通家政服务
13783779095.txt$$$$南阳市弘伟包装材料有限公司
13783779095_1.txt$$$$南阳市弘伟包装材料有限公司
13783779095_2.txt$$$$南阳市弘伟包装材料有限公司
13783792076.txt$$$$洛阳威尔若普检测技术有限公司
13783797538.txt$$$$深圳市巨正东科技有限公司
13783801119.txt$$$$安阳英昊化工有限公司
13783801416.txt$$$$河南六维仓储设备有限公司
13783826805.txt$$$$河南赤创软件科技有限公司
13783826805_1.txt$$$$河南赤创软件科技有限公司
13783832517.txt$$$$河南阳光动力光伏设备有限公司
13783832626.txt$$$$林州市别具一格商贸有限公司
13783889723.txt$$$$安阳市宏祥机械制造有限责任公司
13783991265.txt$$$$河南蚁族装饰工程有限公司
13784021861.txt$$$$石家庄市新希望职业中专路翔校区
13784021861_1.txt$$$$石家庄路翔铁路中等专业学校
13784022509.txt$$$$无极县艺海装饰材料有限公司
13784056665.txt$$$$清苑县南阎庄锐铭模具机械加工厂
13784110090.txt$$$$固安县合乐滤清器厂
13784112485.txt$$$$固安县通诚滤清器厂
13784117077.txt$$$$固安县牛驼镇亚兴过滤器材厂
13784120348.txt$$$$北京罗溪贸易有限公司
13784120348_1.txt$$$$北京罗溪贸易有限公司
13784120348_2.txt$$$$北京罗溪贸易有限公司
13784126946.txt$$$$大城县弘通保温材料有限公司
13784131803.txt$$$$新河县前进水利机械厂
13784150635.txt$$$$盐山县安宇建筑材料销售处
13784155575.txt$$$$沧州市宝诚管道有限公司
13784164888.txt$$$$沧州鑫丰机床附件制造有限公司
