13764299865_1.txt$$$$上海中贸慕尼黑展览有限公司
13764311049.txt$$$$上海魔酷营销策划有限公司
13764347666.txt$$$$上海执鸿家具有限公司
13764357818.txt$$$$昆山中科易能工业设备有限公司
13764419346.txt$$$$上海柏汇自动化设备有限公司
13764466068.txt$$$$上海奥帆废旧物资回收有限公司
13764497810.txt$$$$富邦展览服务（上海）有限公司
13764501237.txt$$$$杭州市江干区谢二宝餐饮店
13764571737.txt$$$$上海佰诺泵阀有限公司
13764585580.txt$$$$上海威聚流体设备有限公司
13764585580_1.txt$$$$上海威聚流体设备有限公司
13764585816.txt$$$$上海充颖信息科技有限公司
13764602798.txt$$$$上海雅辉展览贸易有限公司
13764619814.txt$$$$北京火木国际展览有限公司
13764635229.txt$$$$上海增续实业有限公司
13764648595.txt$$$$上海椒顶机械有限公司
13764676595.txt$$$$励佳展览(上海）有限公司
13764778963.txt$$$$上海颀普电子设备有限公司
13764936878.txt$$$$上海天蕉体育设施工程有限公司
13764944580.txt$$$$上海恒杉清洁服务有限公司
13764955237.txt$$$$上海企展商贸展览有限公司
13764990025.txt$$$$上海林洛国际货物运输代理有限公司
13764990025_1.txt$$$$上海林洛国际货物运输代理有限公司
13764990025_2.txt$$$$上海林洛国际货物运输代理有限公司
13766353321.txt$$$$石城县宝钏选矿设备制造有限公司
13766353321_1.txt$$$$石城县宝钏选矿设备制造有限公司
13766353321_2.txt$$$$石城县宝钏选矿设备制造有限公司
13766378230.txt$$$$深圳市立尔讯科技有限公司
13766435990.txt$$$$袁州区城北海之车汽车服务中心
13766740434.txt$$$$无锡宜兴市前锦炉业设备有限责任公司
