13356683068.txt$$$$山东盖亚升降机械有限公司
13356683068_1.txt$$$$山东盖亚升降机械有限公司
13356683068_2.txt$$$$山东盖亚升降机械有限公司
13356693427.txt$$$$山东王氏环保材料有限公司
13356701788.txt$$$$天下无漏（北京）科技有限公司
13356702401.txt$$$$潍坊智宇教育咨询有限公司
13356715126.txt$$$$诸城市安泰机械有限公司
13356715126_1.txt$$$$诸城市安泰机械有限公司电磁锅炉销售部
13356717503.txt$$$$山东普茵沃润环保科技有限公司
13356717622.txt$$$$临朐沂山广源贸易有限公司
13356718079.txt$$$$诸城福大智能科技有限公司
13356719928.txt$$$$潍坊市坤岳防水材料有限公司
13356719928_1.txt$$$$潍坊市坤岳防水材料有限公司
13356721591.txt$$$$山东福大智能科技有限公司
13356721985.txt$$$$潍坊中晟压缩机有限公司
13356725668.txt$$$$诸城市高精食品机械有限公司
13356729386.txt$$$$诸城市奥德食品机械有限公司
13356737827.txt$$$$青州市领航汽车配件有限公司
13356738666.txt$$$$临朐县鸿瑞不锈钢有限公司
13356743112.txt$$$$诸城市邦厨机械有限公司
13356757527.txt$$$$山东方盛天然环保科技有限公司
13356757527_1.txt$$$$山东方盛天然环保科技有限公司
13356757527_2.txt$$$$山东方盛天然环保科技有限公司
13356757527_3.txt$$$$山东方盛天然环保科技有限公司
13356758360.txt$$$$诸城裕邦纺织有限公司
13356759813.txt$$$$山东泰广环保设备科技有限公司
13356770388.txt$$$$青州爱科机械科技有限公司
13356778928.txt$$$$潍坊华纤光电科技有限公司
13356780222.txt$$$$寿光中联精细蒙脱石有限公司
13356780547.txt$$$$山东宇源机电科技有限公司
