18758338808.txt$$$$宁波亚特兰通风设备有限公司
18758338808_1.txt$$$$宁波亚特兰通风设备有限公司
18758338808_2.txt$$$$宁波亚特兰通风设备有限公司
18758384499.txt$$$$芜湖市姝洁市政工程有限公司
18758384499_1.txt$$$$宁波市姝洁市政工程有限公司
18758406820.txt$$$$宁波鼎炽工贸有限公司
18758578457.txt$$$$上海亿欧仪表设备有限公司
18758885586.txt$$$$杭州懒汉机械有限公司
18758887800.txt$$$$杭州恒源纸箱厂
18758887800_1.txt$$$$杭州恒源纸箱厂
18758887800_2.txt$$$$杭州恒源纸箱厂
18758908696.txt$$$$义乌市盛隆机械厂
18758915557.txt$$$$浙江众福工贸有限公司
18758923850.txt$$$$浙江汇美生物科技有限公司
18758934250.txt$$$$湖州百林木业有限公司
18758948686.txt$$$$兰溪市新旺铝制品有限公司
18759109713.txt$$$$福州锐翔装饰设计工程有限公司
18759128821.txt$$$$福州成安消防设备有限公司
18759128821_1.txt$$$$福州成安消防设备有限公司
18759128821_2.txt$$$$福州成安消防设备有限公司
18759160007.txt$$$$福州坪安装饰工程有限公司
18759169882.txt$$$$福州丰瑞环保科技有限公司
18759199218.txt$$$$福州市家有名木木业有限公司
18759222933.txt$$$$厦门豪享麦物资回收有限公司
18759227859.txt$$$$厦门雄霸电子商务有限公司
18759269124.txt$$$$厦门闽彩商贸有限公司
18759278268.txt$$$$厦门雄发仪器仪表有限公司
18759279928.txt$$$$厦门靓车港汽车音响
18759293127.txt$$$$厦门库瑞德电子科技有限公司
18759297989.txt$$$$厦门承毅豪地坪工程有限公司
