18037464766.txt$$$$南京惠城展览服务有限公司
18037500210.txt$$$$河南动力无限网络科技有限公司
18037503739.txt$$$$郑州恒洁家政
18037508593.txt$$$$河南格美宜佳环保科技有限公司
18037512527.txt$$$$河南博威斯机械设备有限公司
18037518880.txt$$$$郑州岳首机械制造有限公司
18037551383.txt$$$$洛阳兴盛塑料制品厂
18037551383_1.txt$$$$洛阳兴盛塑料水桶有限公司
18037559998.txt$$$$河南科莱达新型建材有限公司
18037559998_1.txt$$$$河南科莱达新型建材有限公司
18037559998_2.txt$$$$河南科莱达新型建材有限公司
18037559998_3.txt$$$$河南科莱达新型建材有限公司
18037559998_4.txt$$$$河南科莱达新型建材有限公司
18037671221.txt$$$$河南固鸿工程机械有限公司
18037675701.txt$$$$郑州博尔特假肢矫形器有限公司
18037687073.txt$$$$河南鹿鸣服装厂
18037687073_1.txt$$$$郑州玉棉服装厂
18037688238.txt$$$$河南修补匠建材有限公司
18037715119.txt$$$$南阳市卧龙区舞彩工作室
18037732499.txt$$$$河南绿科电器科技有限公司
18037733398.txt$$$$商丘市梁园区永之源活动板房加工厂
18037733398_1.txt$$$$商丘市梁园区永之源活动板房加工厂
18037733398_2.txt$$$$商丘市梁园区永之源活动板房加工厂
18037753299.txt$$$$河南省天目装饰材料有限公司
18037757192.txt$$$$商丘市景园防腐木有限公司
18037758815.txt$$$$河南亚科环保机械设备有限公司
18037771858.txt$$$$林州林安物流有限公司
18037773000.txt$$$$河南喜来顺商贸有限公司
18037773000_1.txt$$$$河南喜来顺商贸有限公司
18037773000_2.txt$$$$河南喜来顺商贸有限公司
