15952901505.txt$$$$镇江华平机械有限公司
15952980881.txt$$$$镇江骐达防腐材料有限公司
15952980881_1.txt$$$$镇江骐达防腐材料有限公司
15952980881_2.txt$$$$镇江骐达防腐材料有限公司
15952983860.txt$$$$镇江荣诚管业有限公司
15952983988.txt$$$$江苏皓润环保科技有限公司
15953006700.txt$$$$单县万丰农中药材发展有限公司
15953105678.txt$$$$济南绿科新能源技术有限公司
15953112175.txt$$$$山东祥瑞达铝业有限公司
15953138767.txt$$$$山东济南电焊条机械设备制造厂
15953139316.txt$$$$济南中镁传动技术有限公司
15953139316_1.txt$$$$济南中镁传动技术有限公司
15953149856.txt$$$$高唐县德文钢塑有限公司
15953150414.txt$$$$山东天玉墙体工程有限公司
15953182099.txt$$$$安徽高华餐饮管理有限公司
15953213356.txt$$$$青岛卓牧贸易有限公司
15953251128.txt$$$$青岛鸿年工贸有限公司
15953267416.txt$$$$青岛鑫久源机械设备有限公司
15953269216.txt$$$$青岛泰科尔机械有限公司
15953298316.txt$$$$青岛中企达物流有限公司
15953325795.txt$$$$淄博鼎煜机械有限公司
15953400359.txt$$$$德州市陵城区紫葳排风烟道风管厂
15953407402.txt$$$$乐陵市远航机械设备有限公司
15953416001.txt$$$$山东旭诺标牌标识制品有限公司
15953418981.txt$$$$宁津县荣顺达包装机械厂
15953425758.txt$$$$宁津县德雷克输送机械厂
15953425758_1.txt$$$$宁津县德雷克输送机械厂
15953425758_2.txt$$$$宁津县德雷克输送机械厂
15953436699.txt$$$$平原县馨科电子机械厂
15953436699_1.txt$$$$平原县馨科电子机械厂
