13155503903.txt$$$$马鞍山市巨佳机械科技有限公司
13155539955.txt$$$$安徽永亚数控机床制造有限公司
13155722673.txt$$$$深圳市慧友安电子技术有限公司
13155737451.txt$$$$庐山市至美石材厂
13156006871.txt$$$$济南美腾机械设备有限公司
13156022698.txt$$$$山东飞鹏塑料包装有限公司
13156050099.txt$$$$青岛新源祥制冷设备有限公司
13156050099_1.txt$$$$青岛新源祥制冷设备有限公司
13156050099_2.txt$$$$青岛新源祥制冷设备有限公司
13156103377.txt$$$$山东佰诺生物科技有限公司
13156103752.txt$$$$山东铭耀管材有限公司
13156114028.txt$$$$章丘市德威尔机械有限公司
13156141187.txt$$$$山东新德拉贸易有限公司
13156145798.txt$$$$济南天易迅达电气科技有限公司
13156148842.txt$$$$山东佰昌信息科技有限公司
13156150337.txt$$$$山东明通起重运输有限公司
13156158881.txt$$$$济南极光化工科技有限公司
13156158908.txt$$$$济南苏田商贸有限公司
13156158908_1.txt$$$$济南苏田商贸有限公司
13156158908_2.txt$$$$济南苏田商贸有限公司
13156168224.txt$$$$济南宏恩建筑机械有限公司
13156168377.txt$$$$山东运昌环境工程科技有限公司
13156170367.txt$$$$济南龙铸液压机械有限公司
13156177338.txt$$$$济南农科生物技术有限公司
13156186711.txt$$$$济南永新激光刀模有限公司
13156189794.txt$$$$济南凯星液压机械有限公司
13156191230.txt$$$$济南亚欣机械设备有限公司
13156220271.txt$$$$青岛全景网展传媒科技有限公司
13156279488.txt$$$$青岛婉祯物流有限公司
13156287927.txt$$$$青岛宏鑫航物流有限公司
