13011132280.txt$$$$北京龙源国际会展有限公司
13011183382.txt$$$$汉诺威北京国际展览有限公司
13011247309.txt$$$$北京优中优科技集团有限公司
13011270747.txt$$$$北京一江致远科技有限公司
13011290753.txt$$$$北京华京顺通科技有限公司
13011306189.txt$$$$天津开发区迪奥特数字技术开发有限公司
13011336704.txt$$$$天津金骏铃汽车销售有限公司
13011360033.txt$$$$天津市川本动力机械有限公司
13011371602.txt$$$$天津景圣元橡塑制品有限公司
13011401150.txt$$$$保定有投网络科技有限公司
13011421700.txt$$$$沧州金旭机械制造有限公司
13011495137.txt$$$$邯郸市邯山区程氏编织袋经销处
13011495137_1.txt$$$$邯郸市邯山区程氏编织袋经销处
13011495137_2.txt$$$$邯郸市邯山区程氏编织袋经销处
13011579806.txt$$$$河北麦德斯特科技有限公司
13011580384.txt$$$$石家庄早来广告有限公司
13011653768.txt$$$$潍坊信合达机械有限公司
13011659871.txt$$$$潍坊市冠杰纺织有限公司
13011660953.txt$$$$诸城市金益百特机械有限公司
13011663270.txt$$$$诸城市万瑞塑胶有限公司
13011666571.txt$$$$青州市晟洋工程自动化设备有限公司
13011676979.txt$$$$寿光金磊化学有限公司
13011676979_1.txt$$$$寿光金磊化学有限公司
13011689299.txt$$$$潍坊市北海防水材料有限公司
13011704391.txt$$$$山东中赫翊重工机械有限公司
13011719038.txt$$$$济南百顿电子商务有限公司
13011726555.txt$$$$山东飞鹰体育用品有限公司
13011729680.txt$$$$济南大瑞汽车配件有限公司
13011740998.txt$$$$高德胶辊（济南）有限公司
13011751585.txt$$$$宁津县金琪美机械厂
