13632386018.txt$$$$广州中贝环保科技有限公司
13632389697.txt$$$$广州市幕影水景园林工程有限公司
13632400430.txt$$$$广州佐木品牌策划有限公司
13632435245.txt$$$$广州灵洁空气净化设备制造有限公司
13632437692.txt$$$$广州德蒙工业自动化科技有限公司
13632441355.txt$$$$广州万峰源广告有限公司
13632474578.txt$$$$广州美德包装材料有限公司
13632483270.txt$$$$广州市烧腊培训餐饮管理有限公司
13632490586.txt$$$$广州昌盛物流
13632504803.txt$$$$深圳市鑫佑鑫科技有限公司
13632504803_1.txt$$$$深圳市鑫佑鑫科技有限公司
13632504992.txt$$$$深圳市前万通物流
13632512363.txt$$$$深圳市昊腾雕塑艺术有限公司
13632512482.txt$$$$深圳市山海化工颜料有限公司
13632512949.txt$$$$深圳市同路行交通设施有限公司
13632519077.txt$$$$东莞市百扣五金制品有限公司
13632530829.txt$$$$五常市安洋水稻种植专业合作社
13632538554.txt$$$$深邦装饰设计工程有限公司
13632540865.txt$$$$深圳市诺威特电子有限公司
13632540865_1.txt$$$$深圳市诺威特电子有限公司
13632540865_2.txt$$$$深圳市诺威特电子有限公司
13632542977.txt$$$$深圳市龙华新区祥裕再生资源经营部
13632549093.txt$$$$深圳市一山数码科技有限公司
13632550212.txt$$$$诏安远大包装制品有限公司
13632551275.txt$$$$深圳市江华汽车销售有限公司
13632557728.txt$$$$鼎芯实业（深圳）有限公司
13632561750.txt$$$$深圳市焊锡排烟通风系统公司
13632568001.txt$$$$广州市博顿运动手套有限公司
13632574243.txt$$$$深圳市博速科技有限公司
13632574243_1.txt$$$$深圳市博速科技有限公司
