18972840638.txt$$$$咸宁雨顺防水工程有限公司
18972841062.txt$$$$咸宁兴旺家具
18972848640.txt$$$$武汉德林克斯新型装饰材料有限公司
18972850255.txt$$$$温泉鱼之友渔具店
18972859230.txt$$$$咸宁中融神州汽车租凭服务有限公司
18972864088.txt$$$$钟祥市侠客骑射俱乐部
18972908566.txt$$$$武汉嘉仪通科技有限公司
18972939999.txt$$$$天门市晨驰餐饮管理有限公司
18973072729.txt$$$$岳阳宇硕体育设施有限公司
18973075136.txt$$$$湖南中盛科建实业有限公司
18973123605.txt$$$$长沙市阳泽装饰设计工程有限公司
18973148165.txt$$$$长沙翰达仪器仪表有限公司
18973162110.txt$$$$长沙市岳麓区蓝音乐器商行
18973162110_1.txt$$$$长沙市岳麓区蓝音乐器商行
18973207007.txt$$$$湖南创新离心机制造有限公司
18973207007_1.txt$$$$湖南亚军离心机制造有限公司
18973315670.txt$$$$株洲纬尔机械制造有限公司
18973385231.txt$$$$株洲珍珠轴承有限责任公司
18973402835.txt$$$$湖南春雨检验检测有限公司
18973650596.txt$$$$湖南思毅黑豚养殖农牧场
18974006181.txt$$$$奇迹（深圳）汽车文化有限公司
18974101858.txt$$$$醴陵奥博森电气厂
18974171340.txt$$$$沈阳鑫汇品餐饮管理有限公司
18974559081.txt$$$$经济开发区鑫润达筛网经营部
18974699504.txt$$$$东莞市利宏工艺礼品有限公司
18974821158.txt$$$$长沙和道源酒店管理有限公司
18974841505.txt$$$$长沙科盛电气技术有限公司
18974846178.txt$$$$长沙清泉机械设备有限公司
18974853355.txt$$$$长沙阿凡达环保科技有限公司
18974862197.txt$$$$长沙练达化工有限公司
