13592070981.txt$$$$洛阳杜康控股有限公司
13592083040.txt$$$$洛阳伟翔磨料磨具有限公司
13592275464.txt$$$$河南田鸣科技有限公司
13592300136.txt$$$$商丘市福源石材厂
13592300136_1.txt$$$$商丘市福源石材厂
13592300136_2.txt$$$$商丘市福源石材厂
13592310848.txt$$$$商丘龙基装饰工程有限公司
13592310848_1.txt$$$$商丘龙基装饰工程有限公司
13592310848_2.txt$$$$商丘龙基装饰工程有限公司
13592322626.txt$$$$商丘神大起重机械安装工程有限公司
13592322626_1.txt$$$$商丘神大起重机械安装工程有限公司
13592322626_2.txt$$$$商丘神大起重机械安装工程有限公司
13592349117.txt$$$$商丘市梁园区晟昌电动门经营部
13592349117_1.txt$$$$商丘市梁园区晟昌电动门经营部
13592349117_2.txt$$$$商丘市梁园区晟昌电动门经营部
13592384187.txt$$$$河南建民园林绿化工程有限公司
13592384187_1.txt$$$$河南建民园林绿化工程有限公司
13592384187_2.txt$$$$河南建民园林绿化工程有限公司
13592400581.txt$$$$河南金瀚斯农业科技有限公司
13592432223.txt$$$$郑州今嘉电子科技有限公司
13592432434.txt$$$$郑州市合则通建材有限公司
13592432434_1.txt$$$$郑州市合则通建材有限公司
13592432658.txt$$$$郑州市管城区好运来食化商行
13592449019.txt$$$$河南中石新能源技术有限公司
13592453666.txt$$$$巩义市芝田金业机械厂
13592453666_1.txt$$$$巩义市芝田金业机械厂
13592462187.txt$$$$郑州高正商贸有限公司
13592462187_1.txt$$$$郑州高正商贸有限公司
13592462454.txt$$$$巩义市美尔地毯有限公司
13592467737.txt$$$$郑州力帆机械制造有限公司
