13922144934_6.txt$$$$广州云帆健康科技有限公司
13922145195.txt$$$$阿波罗（中国）有限公司
13922148004.txt$$$$广州市欧信汽车用品有限公司
13922148004_1.txt$$$$广州市欧信汽车用品有限公司
13922148004_2.txt$$$$广州市欧信汽车用品有限公司
13922149190.txt$$$$广州耐璞环保机械有限公司
13922149190_1.txt$$$$广州耐璞环保机械有限公司
13922149190_2.txt$$$$广州耐璞环保机械有限公司
13922152383.txt$$$$广东南方土木建筑科技研究院
13922154738.txt$$$$广州顺富装饰设计有限公司
13922156664.txt$$$$广州佳世丽防滑工程有限公司
13922160506.txt$$$$广州昇宝喷雾设备有限公司
13922172985.txt$$$$广州大骋汽车配件有限公司
13922175676.txt$$$$广州伦茨变频器维修有限公司
13922178004.txt$$$$广州卡米洛生物科技有限公司
13922181207.txt$$$$广州汇一节能科技有限公司
13922184951.txt$$$$广州市兴顺联输送机械配件有限公司
13922186702.txt$$$$江苏孚日玻璃科技有限公司
13922188476.txt$$$$广州市天河区五山贤茂百货经营部
13922189528.txt$$$$广州伽玛通电气有限公司
13922190042.txt$$$$广州鼎甫自动化控制设备有限公司
13922191086.txt$$$$广州市由乐包装设备有限公司
13922212189.txt$$$$广州柏西家具有限公司
13922214131.txt$$$$广州市侨毅水处理科技有限公司
13922215902.txt$$$$广州壹号实业有限公司
13922216827.txt$$$$广州火凤凰能源科技有限公司
13922216827_1.txt$$$$广州火凤凰能源科技有限公司
13922216827_2.txt$$$$广州火凤凰能源科技有限公司
13922233615.txt$$$$广州六恩环保科技有限公司
13922233615_1.txt$$$$广州六恩环保科技有限公司
