13080927175.txt$$$$西安曲江新区体衫服装经销部
13080929424.txt$$$$西安雨立方环保科技有限公司
13081023800.txt$$$$灵寿县中润矿产品有限公司
13081123831.txt$$$$灵寿县蟠龙建材有限公司
13081380396.txt$$$$本溪泰林高中频设备有限公司
13081421195.txt$$$$济南一萌广告有限公司
13081425885.txt$$$$济南速进优服机械设备有限公司
13081473555.txt$$$$新泰市青云街道宏金机械厂
13081661390.txt$$$$诸城市千秋食品机械有限公司
13081800795.txt$$$$武强县佳能焊接设备厂
13081801369.txt$$$$衡水亚恒桥梁维护工程有限公司
13081815891.txt$$$$河北京洲橡塑制品有限公司
13081819122.txt$$$$安平县潭鑫金属丝网制品有限公司
13081819178.txt$$$$河北拓中环保设备有限公司
13081922126.txt$$$$宁波市美图美制品有限公司
13082023896.txt$$$$河北利达物资回收有限公司
13082118158.txt$$$$大名县亿隆养殖有限公司
13082125396.txt$$$$河北诚制紧固件制造有限公司
13082134333.txt$$$$河北唐汐古建园林工程有限公司
13082134333_1.txt$$$$河北唐汐古建园林工程有限公司
13082134333_2.txt$$$$河北唐汐古建园林工程有限公司
13082134333_3.txt$$$$河北唐汐古建园林工程有限公司
13082161069.txt$$$$吴桥晨潮减速机有限公司
13082167362.txt$$$$河北华易管道制造有限公司
13082176323.txt$$$$河北神舟钢管有限公司
13082179507.txt$$$$沧州晟天管道有限公司
13082180807.txt$$$$沧州昊诚管道装备有限公司
13082180807_1.txt$$$$沧州昊诚管道
13082197368.txt$$$$盐山正祥耐磨管件制造厂
13082311507.txt$$$$河北保定水泥管厂
