18034363798.txt$$$$霸州市胜芳镇速运物资器材有限公司
18034367551.txt$$$$霸州市瑞源德电力科技有限公司
18034376064.txt$$$$河北圣天集团无缝钢管有限公司
18034468648.txt$$$$欧诚交通设施（河北）有限公司
18034505557.txt$$$$河北印超包装服务有限公司
18034532402.txt$$$$河北美鑫居装饰工程有限公司
18034545233.txt$$$$河北通州电力科技有限公司
18034563188.txt$$$$河北麦西贸易有限公司
18034586798.txt$$$$灵寿县源通矿产品加工厂
18034586798_1.txt$$$$石家庄彩瑞建材有限公司
18035101955.txt$$$$山西永维生物科技有限公司
18035116967.txt$$$$太原市广聚恒鑫建筑装饰有限公司
18035116967_1.txt$$$$寿阳县龙栖湖绿色生态度假村有限公司
18035119900.txt$$$$山西世纪天工科技有限公司
18035119900_1.txt$$$$山西世纪天工科技有限公司
18035119900_2.txt$$$$山西世纪天工科技有限公司
18035123453.txt$$$$太原市晋源区天晨石材经销部
18035129142.txt$$$$太原市金天诺建材有限公司
18035129142_1.txt$$$$太原市金天诺建材有限公司
18035129142_2.txt$$$$太原市金天诺建材有限公司
18035150704.txt$$$$山西安东强滤料制造有限公司
18035156007.txt$$$$太原彬力源节能环保设备有限公司
18035156007_1.txt$$$$太原彬力源节能环保设备有限公司
18035156007_2.txt$$$$太原彬力源节能环保设备有限公司
18035161680.txt$$$$山西联辉通信科技有限公司
18035167149.txt$$$$山西盖特科工贸有限公司
18035172000.txt$$$$太原市新美美容美发化妆职业培训学校
18035176807.txt$$$$山西晟丰机械制造有限公司
18035611605.txt$$$$晋城市健牛冶铸有限公司
18035611605_1.txt$$$$晋城市健牛冶铸有限公司
