15165916586.txt$$$$宁津县鑫诚达建材厂
15165928688.txt$$$$德州广通筑路设备有限公司
15165942999.txt$$$$山东宇泽新能源车业有限公司
15165945957.txt$$$$齐河刘浩陶艺研发中心
15165948830.txt$$$$德州晖航机床附件有限公司
15165948830_1.txt$$$$德州晖航机床附件有限公司
15165948830_2.txt$$$$德州晖航机床附件有限公司
15165950599.txt$$$$禹城市福航生物科技有限公司
15165954008.txt$$$$德州市德城区明硕液压机具厂
15165972292.txt$$$$宁津县昊川机械有限公司
15165976890.txt$$$$佛山金莱克新材料有限公司
15165978739.txt$$$$山东通涵机械有限公司
15165981848.txt$$$$德州延鑫土工材料有限公司
15165988698.txt$$$$宁津通亚木工机械设备厂
15165988921.txt$$$$宁津县永辉输送配件厂
15165988999.txt$$$$宁津县永润木工机械有限公司
15165988999_1.txt$$$$宁津县永润木工机械有限公司
15165999691.txt$$$$德州徳铭空调设备有限公司
15166001771.txt$$$$青岛市四方区人民路号甲
15166011988.txt$$$$青岛政德源家具有限公司
15166031004.txt$$$$青岛联众矿山设备有限公司
15166031341.txt$$$$青岛华甫水灵子生态环境科技有限公司
15166040110.txt$$$$青岛安特翔天信息工程有限公司
15166059330.txt$$$$青岛隆山机械工具有限公司
15166063609.txt$$$$青岛华世洁环保科技有限公司
15166073186.txt$$$$山东瑞普新能源有限公司
15166073186_1.txt$$$$山东瑞普新能源有限公司
15166073186_2.txt$$$$山东瑞普新能源有限公司
15166073823.txt$$$$淄博金洋水处理设备有限公司
15166106862.txt$$$$山东省德州盛通橡塑有限公司
