13951739256.txt$$$$南京贝思特新型材料有限公司
13951770129.txt$$$$南京侨坤制冷科技有限公司
13951776377.txt$$$$南京首屏商擎网络技术有限公司
13951787557.txt$$$$南京中成国际贸易有限公司
13951840507.txt$$$$南京宇东科技发展有限公司
13951913421.txt$$$$南京朗华汽车有限公司
13951940098.txt$$$$江苏蔚观新材料科技有限公司
13952004188.txt$$$$南京名堡科技实业有限公司
13952006550.txt$$$$南京新概念管道疏通清洗工程有限公司
13952008413.txt$$$$江苏文创文化发展有限公司
13952014331.txt$$$$南京电力工程
13952014638.txt$$$$南京正拓磨料有限公司
13952025666.txt$$$$南京珉珀新型材料有限公司
13952046888.txt$$$$南京雷能精密机械有限公司
13952055003.txt$$$$南京古蓝环保设备实业有限公司
13952069479.txt$$$$江苏艾森豪智能科技有限公司
13952069951.txt$$$$南京三门湾电器有限公司
13952087963.txt$$$$南京市江宁区东进通风设备经营部
13952123400.txt$$$$邳州市粒粒康银杏种植专业合作社
13952127688.txt$$$$徐州凯兴建筑材料有限公司
13952159343.txt$$$$徐州市金士特商贸有限公司
13952194935.txt$$$$徐州厽华进出口贸易有限公司
13952197940.txt$$$$江苏景盛源农业科技发展有限公司
13952204634.txt$$$$徐州博安科技发展有限责任公司
13952230678.txt$$$$徐州汉楚装饰建材有限公司
13952237444.txt$$$$邳州天成博森绿化工程有限公司
13952242169.txt$$$$徐州志森园林绿化工程有限公司
13952243260.txt$$$$邳州市华北银杏苗木种植专业合作社
13952296234.txt$$$$邳州市森林木银杏苗圃场
13952296234_1.txt$$$$邳州市森林木银杏苗圃场
