18605080588.txt$$$$福州粤祥实业有限公司
18605080882.txt$$$$福建新三协电动科技有限公司
18605106600.txt$$$$无锡汉诺曼能源设备有限公司
18605109966.txt$$$$无锡市名勋叉车有限公司
18605112662.txt$$$$镇江新东方驾驶员培训有限公司
18605115522.txt$$$$鑫观华汽车销售服务（上海）有限公司
18605127930.txt$$$$苏州市宣科机械设备有限公司
18605147722.txt$$$$江苏源涛玩具有限公司
18605163913.txt$$$$徐州都程塑料制品有限公司
18605220826.txt$$$$扬州欧科热工科技有限公司
18605232707.txt$$$$泰州市高港区凯旋气动液压件厂
18605311638.txt$$$$济南市槐荫区音乐盛典汽车音响商行
18605313657.txt$$$$济南伯特利印务有限公司
18605317317.txt$$$$济南法鑫数控机械有限公司
18605319845.txt$$$$山东领雁广告传媒有限公司
18605323568.txt$$$$青岛博瑞嘉科技机械有限公司
18605324611.txt$$$$青岛皓泽曼机械有限公司
18605333767.txt$$$$淄博网泰信息科技有限公司
18605333767_1.txt$$$$淄博网泰信息科技有限公司
18605333767_10.txt$$$$淄博网泰信息科技有限公司
18605333767_11.txt$$$$淄博网泰信息科技有限公司
18605333767_12.txt$$$$淄博网泰信息科技有限公司
18605333767_2.txt$$$$淄博网泰信息科技有限公司
18605333767_3.txt$$$$淄博网泰信息科技有限公司
18605333767_4.txt$$$$淄博网泰信息科技有限公司
18605333767_5.txt$$$$淄博网泰信息科技有限公司
18605333767_6.txt$$$$淄博网泰信息科技有限公司
18605333767_7.txt$$$$淄博网泰信息科技有限公司
18605333767_8.txt$$$$淄博网泰信息科技有限公司
18605333767_9.txt$$$$淄博网泰信息科技有限公司
