13954266642.txt$$$$青岛顺义科工贸有限公司
13954282078.txt$$$$青岛圣跃鑫钢管有限公司
13954288362.txt$$$$淄博佳木斯电机有限公司
13954299001.txt$$$$山东华绿保节能环保科技有限公司
13954305218.txt$$$$博兴县曹王镇东博机械设备厂
13954305218_1.txt$$$$博兴县曹王镇东博机械设备厂
13954305218_2.txt$$$$博兴县曹王镇东博机械设备厂
13954305218_3.txt$$$$博兴县曹王镇东博机械设备厂
13954323763.txt$$$$滨州君瑞护栏有限公司
13954323763_1.txt$$$$滨州君瑞护栏有限公司
13954327173.txt$$$$山东金厨制冷电器有限公司
13954327173_1.txt$$$$山东金厨制冷电器有限公司
13954366773.txt$$$$滨州达硕厨业有限公司
13954366773_1.txt$$$$滨州达硕厨业有限公司
13954366773_2.txt$$$$滨州达硕厨业有限公司
13954366773_3.txt$$$$滨州达硕厨业有限公司
13954376828.txt$$$$博兴县林安物流有限公司
13954386912.txt$$$$博兴县兴福镇冠威厨房设备厂
13954386912_1.txt$$$$博兴县兴福镇冠威厨房设备厂
13954386912_2.txt$$$$博兴县兴福镇冠威厨房设备厂
13954410608.txt$$$$郯城县泽诚种植农民专业合作社
13954478488.txt$$$$临沂再萍包装材料有限公司
13954490748.txt$$$$上海金利明电器有限公司
13954498326.txt$$$$临沂银河板材厂
13954500399.txt$$$$烟台市华运通新材料有限公司
13954508100.txt$$$$烟台家合世纪建筑装饰工程有限公司
13954533158.txt$$$$烟台苹果栖霞凯旋合作社
13954547955.txt$$$$莱州市海宇机械有限公司
13954547955_1.txt$$$$莱州市海宇机械有限公司
13954547955_2.txt$$$$莱州市海宇机械有限公司
