13838096621_2.txt$$$$郑州春润家政服务有限公司
13838098188.txt$$$$河南沃海重工机械有限公司
13838098188_1.txt$$$$河南沃海重工机械有限公司
13838098188_2.txt$$$$河南沃海重工机械有限公司
13838100478.txt$$$$河南亚达机械制造有限公司
13838100479.txt$$$$巩义市泰华机械厂
13838105291.txt$$$$巩义市永胜机械设备有限公司
13838107090.txt$$$$河南永业机械设备制造有限公司
13838121265.txt$$$$荥阳市腾飞广告制作部
13838136256.txt$$$$河南中豫远大重工科技有限公司
13838137827.txt$$$$郑州弘美德照明工程有限公司
13838138053.txt$$$$郑州中州电子衡器有限公司
13838138053_1.txt$$$$郑州中州电子衡器有限公司
13838138053_2.txt$$$$郑州中州电子衡器有限公司
13838138120.txt$$$$郑州综华泰多囊卵巢合症治疗中心
13838138489.txt$$$$巩义天顺机械制造有限公司
13838138489_1.txt$$$$巩义天顺机械制造有限公司
13838138489_2.txt$$$$巩义天顺机械制造有限公司
13838152340.txt$$$$河南和畅环境艺术设计有限公司
13838175343.txt$$$$郑州彩太太家居用品有限公司
13838175851.txt$$$$北京中远通科技有限公司
13838182842.txt$$$$河南晟金来信息科技有限公司
13838186555.txt$$$$河南滨江重工机械有限公司
13838186555_1.txt$$$$河南滨江重工机械有限公司
13838186555_2.txt$$$$河南滨江重工机械有限公司
13838186555_3.txt$$$$河南滨江重工机械有限公司
13838193330.txt$$$$巩义市河洛镇鑫悦机械厂
13838193330_1.txt$$$$巩义河洛镇鑫悦机械厂
13838193330_2.txt$$$$巩义市河洛镇鑫悦机械厂
13838193330_3.txt$$$$巩义市河洛镇鑫悦机械厂1
