15932123611.txt$$$$保定市清苑锦瑞棉纺织厂
15932138300.txt$$$$河北新楮泉泵业有限公司
15932138300_1.txt$$$$河北新楮泉泵业有限公司
15932175177.txt$$$$保定中渠商贸有限公司
15932198999.txt$$$$邢台远大机械制造有限公司
15932198999_1.txt$$$$邢台远大机械制造有限公司
15932198999_2.txt$$$$邢台远大机械制造有限公司
15932216181.txt$$$$栾城区联信草坪种植基地
15932220149.txt$$$$安国市恒越水泵厂
15932225558.txt$$$$保定华锐方正机械制造有限公司
15932299159.txt$$$$河北银佰合金焊材有限公司
15932313936.txt$$$$河北建泰橡胶制品有限公司
15932399360.txt$$$$北京飞龙搬家有限公司
15932410366.txt$$$$河北名驰久晟有限公司
15932422840.txt$$$$安平森旺丝网制品有限公司
15932499898.txt$$$$灵寿县京鹏矿产品加工厂
15932527403.txt$$$$唐山盛世凤凰电子商务有限公司
15932620787.txt$$$$固安县温泉休闲商务产业园区晴空滤芯厂
15932622806.txt$$$$霸州市开发区亿明线路工具
15932624663.txt$$$$廊坊鑫汇保温建材有限公司
15932624663_1.txt$$$$廊坊丛泰节能科技有限公司
15932628565.txt$$$$固安县博涵过滤净化设备有限公司
15932661206.txt$$$$石家庄里工机械有限公司
15932704427.txt$$$$南皮县聚辉五金制品厂
15932706295.txt$$$$泊头市中波防雷器材有限公司
15932709408.txt$$$$河北增润环保机械设备有限公司
15932709408_1.txt$$$$河北增润环保机械设备有限公司
15932718978.txt$$$$沧州东晟焊接设备有限公司
15932723023.txt$$$$南皮县中成温室大棚配件厂
15932728845.txt$$$$河北亿海管道有限公司
