13801547321_2.txt$$$$苏州智凡环保科技有限公司
13801548258.txt$$$$苏州创锦帆装饰工程有限公司
13801548258_1.txt$$$$苏州创锦帆装饰工程有限公司
13801548258_2.txt$$$$苏州创锦帆装饰工程有限公司
13801551081.txt$$$$苏州市天方空调净化有限公司
13801556695.txt$$$$吴江市华泰净化板业有限公司
13801563087.txt$$$$张家港市华阳机电制造有限公司
13801583006.txt$$$$南京明瑞机械设备有限公司
13801619288.txt$$$$上海远一阀门制造有限公司
13801631658.txt$$$$上海校平锻压设备有限公司
13801634993.txt$$$$上海曹氏化工科技发展有限公司
13801649659.txt$$$$上海郝迈阀门有限公司
13801668348.txt$$$$苏州卓和塑模科技有限公司
13801668348_1.txt$$$$苏州卓和塑模科技有限公司
13801668348_2.txt$$$$苏州卓和塑模科技有限公司
13801668348_3.txt$$$$苏州卓和塑模科技有限公司
13801761965.txt$$$$东莞市海力环保设备科技有限公司
13801839277.txt$$$$上海凤都热水器设备有限公司
13801902415.txt$$$$上海东南衡器有限公司
13801985075.txt$$$$上海圣惠包装纸品有限公司
13801985075_1.txt$$$$上海圣惠包装纸品有限公司
13802026933.txt$$$$天津天富机械设备有限公司
13802032325.txt$$$$康贝尔（天津）化工科技有限公司
13802032325_1.txt$$$$康贝尔（天津）化工科技有限公司
13802036981.txt$$$$天津市萧山管业有限公司
13802050597.txt$$$$天津市中盛全顺阀门有限公司
13802055727.txt$$$$天津市先科高温线缆厂
13802097097.txt$$$$天津同鑫化工厂（北京总部）
13802097097_1.txt$$$$天津同鑫化工厂（北京总部）
13802100390.txt$$$$天津弗舍尔机械设备有限公司
