18388105081_1.txt$$$$云南科创温室工程有限公司
18388133696.txt$$$$云南正亚科技有限公司
18388133696_1.txt$$$$云南正亚科技有限公司
18388133696_2.txt$$$$云南正亚科技有限公司
18388164126.txt$$$$云南汇美户外亮化工程有限公司
18388164126_1.txt$$$$云南汇美户外亮化工程有限公司
18388164126_2.txt$$$$云南汇美户外亮化工程有限公司
18388171710.txt$$$$云南圣泰商贸有限公司
18388398530.txt$$$$云南金卓贸易有限公司
18388398530_1.txt$$$$云南金卓贸易有限公司
18388398530_2.txt$$$$云南金卓贸易有限公司
18388458448.txt$$$$昆明市官渡区羽诚五金机电经营部
18388490068.txt$$$$昆明梓润教育信息咨询有限公司
18388665502.txt$$$$文山路泰商贸有限公司
18389108912.txt$$$$潍坊金锐物流有限公司
18389140456.txt$$$$荣成长盛配货站
18389231828.txt$$$$海南荷花生态园休闲农业开发有限公司
18389231828_1.txt$$$$海南荷花生态园休闲农业开发有限公司
18389231828_2.txt$$$$海南荷花生态园休闲农业开发有限公司
18389383322.txt$$$$海口华夏通物流服务有限公司
18389383322_1.txt$$$$海口华夏通物流服务有限公司
18389383322_2.txt$$$$海口华夏通物流服务有限公司
18389599293.txt$$$$海南科举实业有限公司
18389599293_1.txt$$$$海南科举实业有限公司
18389820442.txt$$$$海南海旅会展服务有限公司
18389834788.txt$$$$东莞市联丰年糕自动化设备有限公司
18389834788_1.txt$$$$东莞市联丰年糕自动化设备有限公司
18389834788_2.txt$$$$东莞市联丰年糕自动化设备有限公司
18390528904.txt$$$$苏州卡尔博德精密机械有限公司
18390789059.txt$$$$湖南瀚星纸业有限公司
