13675530010.txt$$$$繁昌县卓强机械制造有限公司
13675530010_1.txt$$$$繁昌县卓强机械制造有限公司
13675530010_2.txt$$$$繁昌县卓强机械制造有限公司
13675530010_3.txt$$$$繁昌县卓强机械制造有限公司
13675541106.txt$$$$凤台县新集镇刘中林陶粒经营部
13675549533.txt$$$$安徽智能迅博科技有限公司
13675603369.txt$$$$合肥市航拓机电设备有限公司
13675606488.txt$$$$合肥南都新能源科技有限公司
13675606936.txt$$$$安徽绿宝电缆有限公司
13675606936_1.txt$$$$安徽绿宝电缆有限公司
13675607947.txt$$$$安徽省利茂工程机械施工有限公司
13675607947_1.txt$$$$安徽省利茂工程机械施工有限公司
13675716149.txt$$$$衢州博舟装饰工程有限公司
13675716149_1.txt$$$$衢州博舟装饰工程有限公司
13675716149_2.txt$$$$衢州博舟装饰工程有限公司
13675718833.txt$$$$江山市亚欣消防器材有限公司
13675718833_1.txt$$$$江山市亚欣消防器材有限公司
13675820224.txt$$$$杭州古源广告策划有限公司
13675828166.txt$$$$绍兴绿华金属制品有限公司
13675872535.txt$$$$武汉启德瑞丽环保材料有限公司
13675990396.txt$$$$江苏鼎梁金属科技有限公司
13676210575.txt$$$$广州禹治环保科技有限公司
13676212296.txt$$$$广州心水模具制造有限公司
13676219124.txt$$$$佛山市南海九洲普惠风机有限责任公司
13676223660.txt$$$$广州易民清洁装修服务公司
13676226031.txt$$$$佛山市天盾护卫电子设备有限公司
13676285387.txt$$$$广州同泰电子科技有限公司
13676291782.txt$$$$广州迈森包装制品有限公司
13676319326.txt$$$$威海华泰金属制品有限公司
13676353778.txt$$$$山东聊城超航钢管有限公司
