15899669777_2.txt$$$$东莞市谷海物联网科技有限公司
15899689910.txt$$$$东莞市阳刚机械有限公司
15899771389.txt$$$$深圳市隆昌达物流有限公司
15899785057.txt$$$$深圳市沃而润生态科技有限公司
15899791689.txt$$$$深圳市兰丰科技有限公司
15899821984.txt$$$$佛山市禅城区蚂蚁广告策划有限公司
15899825854.txt$$$$佛山市顺德区朗通钢铁加工有限公司
15899826780.txt$$$$佛山市绎汇传媒广吿有限公司
15899830240.txt$$$$广东顺德佳和达清洗设备有限公司
15899834288.txt$$$$佛山市禹晟不锈钢有限公司
15899880795.txt$$$$深圳市多多乐家具有限公司
15899891008.txt$$$$深圳市亚特美艺术品有限公司
15899900657.txt$$$$惠州市华隆盛灯饰配件有限公司
15899900885.txt$$$$东莞市八部电子科技有限公司
15899902341.txt$$$$东莞市速创包装材料有限公司
15899903629.txt$$$$东莞市铭锦机械有限公司
15899903629_1.txt$$$$东莞市铭锦机械有限公司
15899903629_2.txt$$$$东莞市铭锦机械有限公司
15899912356.txt$$$$东莞市博凯纺织品有限公司
15899915909.txt$$$$东莞市穗福硅橡胶制品有限公司
15899915909_1.txt$$$$东莞市穗福硅橡胶制品有限公司
15899915909_2.txt$$$$东莞市穗福硅橡胶制品有限公司
15899916156.txt$$$$东莞市南城豪顺货运有限公司
15899916376.txt$$$$惠州市圣亚模胚制品有限公司
15899920385.txt$$$$东莞市优伦电子材料科技有限公司
15899920385_1.txt$$$$东莞市优伦电子材料科技有限公司
15899920385_2.txt$$$$东莞市优伦电子材料科技有限公司
15899920385_3.txt$$$$东莞市优伦电子材料科技有限公司
15899928902.txt$$$$东莞市扬铃电子商贸有限公司
15899929576.txt$$$$东莞市名妍雕塑艺术有限公司
