13886127627_2.txt$$$$武汉齐联包装制品有限公司
13886131678.txt$$$$武汉普特采光防腐建材营销中心
13886142099.txt$$$$武汉华塑亿美工贸有限公司
13886144569.txt$$$$武汉亿凯博汽车服务有限公司
13886151746.txt$$$$武汉顺达诚信机械土石方工程有限公司
13886163748.txt$$$$武汉山猫清洁服务有限公司
13886170831.txt$$$$武汉新谷集成房屋有限公司
13886171456.txt$$$$武汉海程腾达文化传播有限公司
13886194012.txt$$$$武汉市鑫雨雅洁清洗服务有限公司
13886200055.txt$$$$襄阳市民禹石英有限公司
13886209912.txt$$$$襄阳飞顺达物流有限公司
13886225265.txt$$$$襄阳傲虎建材有限公司
13886225265_1.txt$$$$襄阳傲虎建材有限公司
13886227833.txt$$$$襄阳市科瑞达机电设备有限公司
13886227833_1.txt$$$$襄阳市科瑞达机电设备有限公司
13886227833_2.txt$$$$襄阳市科瑞达机电设备有限公司
13886228247.txt$$$$襄阳凌霄模具有限公司
13886228247_1.txt$$$$襄阳凌霄模具有限公司
13886228247_2.txt$$$$襄阳凌霄模具有限公司
13886230976.txt$$$$湖北新耀专用汽车有限公司
13886232715.txt$$$$常州佳曼夫新材料科技有限公司
13886260261.txt$$$$咸宁万元建材店
13886266899.txt$$$$襄阳华图嘉恒机电工程有限公司
13886266899_1.txt$$$$襄阳华图嘉恒机电工程有限公司
13886266899_2.txt$$$$襄阳华图嘉恒机电工程有限公司
13886274972.txt$$$$湖北兴四方自动化设备有限公司
13886274972_1.txt$$$$湖北兴四方自动化设备有限公司
13886274972_2.txt$$$$湖北兴四方自动化设备有限公司
13886281316.txt$$$$湖北美利佳涂料有限公司
13886285619.txt$$$$襄阳同兴电炉有限公司
