13178897996.txt$$$$广州美吉第六感卫生用品有限公司
13178992858.txt$$$$海南思博窗帘布艺有限公司
13179395380.txt$$$$句容华鑫金属粉末有限公司
13179410175.txt$$$$常熟市碧溪新城特种机械厂
13179498889.txt$$$$丹徒区新城家辉装饰服务部
13179622565.txt$$$$苏州菲尔德特种纺织品有限公司
13179712010.txt$$$$徐州市四通工程橡胶有限公司
13179712010_1.txt$$$$徐州市四通工程橡胶有限公司
13179754548.txt$$$$高邮市科锐德照明器材厂
13179761008.txt$$$$扬州奥燕科技有限公司
13179807080.txt$$$$乌鲁木齐市邦达公路构件有限公司
13180002005.txt$$$$枣强县前进液化气配件有限公司
13180009601.txt$$$$河北福源金属丝网制品股份有限公司
13180009673.txt$$$$衡水驰跃科技有限公司
13180010005.txt$$$$安平县金创丝网制品有限公司
13180010359.txt$$$$河北益涛复合材料有限公司
13180015323.txt$$$$神州恒利{北京}丝网科贸有限公司
13180030060.txt$$$$邯郸市金流明灯具有限公司
13180031341.txt$$$$盼盼硅藻泥邯郸分公司
13180301106.txt$$$$泊头市万通铸造量具机械厂
13180309955.txt$$$$河北鹏宇环保设备有限公司
13180314111.txt$$$$沧州铭意管道制造有限公司
13180315179.txt$$$$沧州市蓝泽防雷器材有限公司
13180326607.txt$$$$河北唯洋管道装备制造有限公司
13180343227.txt$$$$璐瑶过滤器材厂
13180365357.txt$$$$霸州市程欢电力设备有限公司
13180407965.txt$$$$唐山市丰南区葛兴工业瓷厂
13180526921.txt$$$$河北万耐密封件有限公司
13180536786.txt$$$$永年县河北铺鑫洋索具门市
13180536786_1.txt$$$$永年县河北铺鑫洋索具门市
