15081081666.txt$$$$河北鼎业塑料制品有限公司
15081128801.txt$$$$河北拓洁环保科技有限公司
15081128801_1.txt$$$$河北拓洁环保科技有限公司
15081136631.txt$$$$晋州市荣马纺织品有限公司
15081152708.txt$$$$石家庄牵牛花电器科技有限公司
15081176636.txt$$$$深泽县鸿泰金属制品有限公司
15081176636_1.txt$$$$深泽县鸿泰金属制品有限公司
15081176636_2.txt$$$$深泽县鸿泰金属制品有限公司
15081176636_3.txt$$$$深泽县鸿泰金属制品有限公司
15081187822.txt$$$$河北尹恒机电科技有限公司
15081222333.txt$$$$保定漆彩建筑装饰工程有限公司
15081222333_1.txt$$$$保定漆彩建筑装饰工程有限公司
15081224000.txt$$$$保定驰泽商贸有限公司
15081224000_1.txt$$$$保定驰泽商贸有限公司
15081224000_2.txt$$$$保定驰泽商贸有限公司
15081244222.txt$$$$U型槽模具厂
15081290960.txt$$$$河北拓泉泵业有限公司
15081326655.txt$$$$涿鹿康源五金机电商行
15081423333.txt$$$$河北坤赞塑胶制品有限公司
15081479595.txt$$$$宾宏重工有限公司
15081479809.txt$$$$沧州宏鼎管业有限公司
15081479809_1.txt$$$$沧州宏鼎管业有限公司
15081489998.txt$$$$安平县航斯丝网制造有限公司
15081614858.txt$$$$永年县赛超紧固件制造有限公司
15081685190.txt$$$$大城县康旭密封材料厂
15081688880.txt$$$$文安县爱上家居用品店
15081710677.txt$$$$河北山水紧固件制造有限公司
15081741100.txt$$$$邯郸市永年区佳鹏工矿配件有限公司
15081800537.txt$$$$河北三丰生物肥有限公司
15081800537_1.txt$$$$河北三丰生物肥有限公司
