13220282888_1.txt$$$$重庆亿伦三梓新包装有限公司
13220282888_2.txt$$$$重庆亿伦三梓新包装有限公司
13220388388.txt$$$$重庆一片树广告传媒有限公司
13220521050.txt$$$$山东旭海新材料科技有限公司
13220533620.txt$$$$临沂市兰山区凡孟木业板材厂
13220533620_1.txt$$$$临沂市兰山区凡孟木业板材厂
13220533620_2.txt$$$$临沂市兰山区凡孟木业板材厂
13220580889.txt$$$$章丘市康乾炊具有限公司
13220587633.txt$$$$济南万宏数控机械有限公司
13220665111.txt$$$$山东日丰磨具有限公司
13220735651.txt$$$$昌邑市兴达铸造有限公司
13220795215.txt$$$$济宁矿物机械有限公司
13220811050.txt$$$$山东鲁环机械设备有限公司
13220812905.txt$$$$山东济宁博远机械有限公司
13220842668.txt$$$$威海七乐佳新材料有限公司
13220842668_1.txt$$$$威海七乐佳新材料有限公司
13220842668_2.txt$$$$威海七乐佳新材料有限公司
13220912230.txt$$$$龙口市电炉厂
13220912230_1.txt$$$$龙口市电炉厂
13220912230_2.txt$$$$龙口市电炉厂
13220965580.txt$$$$山东启鑫金属科技有限公司
13220965580_1.txt$$$$山东启鑫金属科技有限公司
13220965580_2.txt$$$$山东启鑫金属科技有限公司
13220977099.txt$$$$德州泰润空调设备有限公司
13220983086.txt$$$$德州格润环保科技有限公司
13220990960.txt$$$$山东欧准新能源科技有限公司
13221258009.txt$$$$永康市亚通机械设备有限公司
13221704426.txt$$$$青岛公宏石墨有限公司
13221744827.txt$$$$济南盛华消防器材有限公司
13221746934.txt$$$$上海博战光缆有限公司
