18211530852_1.txt$$$$清远市菁致建材有限公司
18211530852_2.txt$$$$清远市菁致建材有限公司
18211530852_3.txt$$$$清远市菁致建材有限公司
18211687928.txt$$$$滑县言鼎机械有限公司
18211687928_1.txt$$$$滑县言鼎机械有限公司
18211687928_2.txt$$$$滑县言鼎机械有限公司
18211752169.txt$$$$许昌志诚标牌有限公司
18211759888.txt$$$$湖北欣隆建材有限公司
18211759888_1.txt$$$$湖北欣隆建材有限公司
18211759888_2.txt$$$$湖北欣隆建材有限公司
18211759888_3.txt$$$$湖北欣隆建材有限公司
18211786518.txt$$$$信阳申辉膨润土有限公司
18211786518_1.txt$$$$信阳申辉膨润土有限公司
18211786518_2.txt$$$$信阳申辉膨润土有限公司
18211869666.txt$$$$南阳市卧龙区丰泰苗木种植专业合作社
18211872561.txt$$$$方城县三利热能开发有限公司
18211872561_1.txt$$$$河南合力合同能源管理有限公司
18211903307.txt$$$$洛阳慈竹环保设备有限公司
18211937995.txt$$$$河南木乔旅游开发有限公司
18213001189.txt$$$$云南安鑫环保工程有限公司
18213071898.txt$$$$云南浩智贸易有限公司
18213485889.txt$$$$深圳无忧草有限公司
18213879338.txt$$$$昆明科工矿山机械设备有限公司
18213879338_1.txt$$$$昆明科工矿山机械设备有限公司
18213879338_2.txt$$$$昆明科工矿山机械设备有限公司
18213911689.txt$$$$官渡区刘金门窗经营部
18213911689_1.txt$$$$官渡区刘金门窗经营部
18213911689_2.txt$$$$官渡区刘金门窗经营部
18213988437.txt$$$$云南环庆环保设备有限公司
18214608873.txt$$$$昆明拓滇防水工程有限公司
