13694922701.txt$$$$东莞市源鹏电子科技有限公司
13694922701_1.txt$$$$东莞市源鹏电子科技有限公司
13694922701_2.txt$$$$东莞市源鹏电子科技有限公司
13694925208.txt$$$$东莞市达孚电子科技有限公司
13694934889.txt$$$$东莞市冠城物流有限公司
13694934889_1.txt$$$$东莞市冠城物流有限公司
13694934889_2.txt$$$$东莞市冠城物流有限公司
13694989649.txt$$$$东莞德学教育咨询有限公司
13694989649_1.txt$$$$东莞德学教育咨询有限公司
13694989649_2.txt$$$$东莞德学教育咨询有限公司
13694992998.txt$$$$东莞市众耀自动化设备有限公司
13694992998_1.txt$$$$东莞市众耀自动化设备有限公司
13694992998_2.txt$$$$东莞市众耀自动化设备有限公司
13695004589.txt$$$$厦门安拓机电有限公司
13695005642.txt$$$$厦门万久科技股份有限公司
13695013705.txt$$$$大德汇成科技厦门有限公司
13695017671.txt$$$$大德汇成科技有限公司
13695155949.txt$$$$佛山市兴荣峰门业
13695159719.txt$$$$佛山市洁净美佳环保科技有限公司
13695201163.txt$$$$佛山市南海福兴防锈补漏工程部
13695201693.txt$$$$佛山市顺德区勒流玮鸿机械厂
13695202831.txt$$$$广州市创勇康体设备有限公司
13695220877.txt$$$$佛山市顺德区名哲家具有限公司
13695244008.txt$$$$佛山市顺德区盛宏金正五金有限公司
13695248988.txt$$$$佛山市首塑新型建材有限公司
13695270999.txt$$$$佛山市顺德区金华中宏木工机械有限公司
13695270999_1.txt$$$$佛山市顺德区金华中宏木工机械有限公司
13695270999_2.txt$$$$佛山市顺德区金华中宏木工机械有限公司
13695287313.txt$$$$广州市益丰玻璃钢工艺品有限公司
13695301487.txt$$$$山东朱氏印务有限公司
