15703716960_2.txt$$$$郑州高新开发区万达清洁服务部
15703721366.txt$$$$安阳市中兴耐火材料有限责任公司
15703750655.txt$$$$武汉市鑫鹏禹机电有限公司
15703750655_1.txt$$$$武汉市鑫鹏禹机电有限公司
15703753608.txt$$$$舞钢市鑫泽钢铁有限责任公司
15703759502.txt$$$$平顶山市威太电力设备有限公司
15703958897.txt$$$$漯河万美保洁服务有限公司
15703958897_1.txt$$$$漯河万美保洁服务有限公司
15703958897_2.txt$$$$漯河万美保洁服务有限公司
15703999287.txt$$$$濮阳市晟泰板业有限公司
15703999287_1.txt$$$$河南省濮阳晟泰板业有限公司
15704112868.txt$$$$大连志恒众鑫建筑工程材料有限公司
15704112868_1.txt$$$$大连志恒众鑫建筑工程材料有限公司
15704310202.txt$$$$长春巿爱诺安装清洗有限责任公司
15704461640.txt$$$$吉林省天诚装备工程有限公司
15704548525.txt$$$$北京亿德隆包装材料有限公司
15705200530.txt$$$$徐州蓝芯电子科技有限公司
15705389742.txt$$$$泰安市达兴新材料科技有限公司
15705416229.txt$$$$济南思润形象策划有限公司
15705692764.txt$$$$安徽戴鑫信息技术有限公司
15705696088.txt$$$$安徽捷迈体育用品有限公司
15705696412.txt$$$$安徽开山压缩空气系统设备有限公司
15705696412_1.txt$$$$安徽开山压缩空气系统设备有限公司
15705696412_2.txt$$$$安徽开山压缩空气系统设备有限公司
15705793111.txt$$$$义乌市喜道工艺品厂
15705879035.txt$$$$温州海驰泵阀有限公司
15705939068.txt$$$$福建优艺地漆交通工程有限公司
15706336011.txt$$$$山东臻英特无纺布制品有限公司
15706395297.txt$$$$青岛汇多道物流有限公司
15706427890.txt$$$$青岛豪盟国际物流有限公司
