13910805618_1.txt$$$$北京马赫天诚科技有限公司
13910805618_2.txt$$$$北京马赫天诚科技有限公司
13910808173.txt$$$$北京京电博天电力工程有限公司
13910808173_1.txt$$$$北京京电博天电力工程有限公司
13910808173_2.txt$$$$北京京电博天电力工程有限公司
13910811775.txt$$$$北京华峰联谊工贸有限公司
13910823824.txt$$$$宏富信精密科技（北京）有限公司
13910876944.txt$$$$北京东商电友贸易有限公司
13910878658.txt$$$$北京博艺润佳集成房屋有限公司
13910878658_1.txt$$$$北京博艺润佳集成房屋有限公司
13910878658_2.txt$$$$北京博艺润佳集成房屋有限公司
13910898322.txt$$$$北京恒朋建设工程有限公司
13910898322_1.txt$$$$北京恒朋建设工程有限公司
13910919771.txt$$$$北京骏腾斯瑞商贸有限责任公司
13910922631.txt$$$$北京超时代彩钢有限公司
13910925161.txt$$$$北京华业信科科技有限公司
13910961648.txt$$$$山东九路泊车设备股份有限公司
13910961648_1.txt$$$$山东九路泊车设备股份有限公司
13910971456.txt$$$$北京圣海林生态环境科技有限公司
13910980104.txt$$$$北京望腾伟业彩钢制品有限公司
13910987270.txt$$$$安柯孚莱流体科技（北京）有限公司
13910991183.txt$$$$北京科之信乳胶有限公司
13910991183_1.txt$$$$北京科之信乳胶有限公司
13910992099.txt$$$$北京环宇新特建材有限公司
13910999487.txt$$$$北京光大楚天激光科技有限公司
13910999487_1.txt$$$$北京光大楚天激光科技有限公司
13910999487_2.txt$$$$北京光大楚天激光科技有限公司
13911000056.txt$$$$北京航百川科技开发中心
13911001672.txt$$$$沈阳百坦科技有限公司
13911006449.txt$$$$长空日铸（辽宁）喷砂设备有限公司
