13070683217_1.txt$$$$淄博佳淇制冷设备有限公司
13070686111.txt$$$$山东千奥泵业有限公司
13070696137.txt$$$$淄博市荣瑞达粉体材料厂
13070706886.txt$$$$潍坊尚莱特装饰工程有限公司
13070721189.txt$$$$高密市锐威机械有限公司
13070721189_1.txt$$$$高密市锐威机械有限公司
13070721189_2.txt$$$$高密市锐威机械有限公司
13070730831.txt$$$$潍坊冠杰纺织有限责任公司
13070736299.txt$$$$昌乐立业塑料制品厂
13070749708.txt$$$$山东恒磁重工机械有限公司
13070749708_1.txt$$$$山东恒磁重工机械有限责任公司
13070753338.txt$$$$诸城市华森内燃机配件厂
13070757472.txt$$$$诸城市品尚机械有限公司
13070779125.txt$$$$山东田元机械制造有限公司
13070783263.txt$$$$山东和彩建材有限公司
13070808580.txt$$$$青岛立达拉杆箱维修
13070888285.txt$$$$青岛维科特瑞自动化装备有限公司
13070905550.txt$$$$东莞市恒发涂装机械有限公司
13070908779.txt$$$$东莞市统御汽车用品有限公司
13070928800.txt$$$$广东塞维斯数控科技有限公司
13071010888.txt$$$$河南麦多馅饼食品有限公司
13071018985.txt$$$$河南瑞之明包装材料有限公司
13071018985_1.txt$$$$河南瑞之明包装材料有限公司
13071024747.txt$$$$豫正重工集团有限公司
13071030678.txt$$$$&#;郑州昆泰建筑机械设备有限公司
13071049888.txt$$$$河南君意环保科技有限公司
13071050065.txt$$$$郑州有趣游乐设备制造有限公司
13071066050.txt$$$$郑州市同达程机械设备有限公司
13071075118.txt$$$$郑州大鑫宝食品有限公司
13071081851.txt$$$$荥阳市恒力养殖机械厂
