15979340151.txt$$$$上饶市思楠树脂有限公司
15979549171.txt$$$$深圳市致华电子有限公司
15979818830.txt$$$$南康区上行之诗家具厂
15979894389.txt$$$$新余市辉跃体育设施有限公司
15979894389_1.txt$$$$新余市辉跃体育设施有限公司
15979894389_2.txt$$$$新余市辉跃体育设施有限公司
15980010060.txt$$$$泉州市联锦包装材料有限公司
15980014315.txt$$$$泉州江心机电设备有限公司
15980057665.txt$$$$福建省酷奇仕服饰有限公司
15980075943.txt$$$$泉州华信石材有限公司
15980168707.txt$$$$福州美扬光电有限公司
15980216191.txt$$$$福州德建斯活动房有限公司
15980388877.txt$$$$福建省不鱼样餐饮管理有限公司
15980536456.txt$$$$闽侯县青口安拓机电设备经营部
15980559871.txt$$$$福建福州掌众工程建设有限公司
15980633358.txt$$$$福州风云企业管理有限公司
15980702019.txt$$$$福州旺高防水工程有限公司
15980756451.txt$$$$福建信德旺装饰工程有限公司
15980787508.txt$$$$厦门固达节能科技有限公司
15980806293.txt$$$$厦门琢裕钢结构有限公司
15980808989.txt$$$$厦门市思明区将军匙大排档
15980812520.txt$$$$瑞屏电子科技有限公司
15980820799.txt$$$$厦门宁凡生物科技有限公司
15980835150.txt$$$$厦门超越台球有限公司
15980843791.txt$$$$厦门耀弘火广告有限公司
15980856855.txt$$$$厦门市思明区弘帆家政服务部
15980857060.txt$$$$金门高粱酒（厦门）有限公司
15980872298.txt$$$$厦门世艺呈建筑工程有限公司
15980877201.txt$$$$厦门三涵装饰工程有限公司
15980877770.txt$$$$厦门纵想文化传媒有限公司
