18903713858.txt$$$$河南江宇环保科技有限公司
18903713858_1.txt$$$$河南江宇环保科技有限公司
18903713858_2.txt$$$$河南江宇环保科技有限公司
18903721476.txt$$$$安阳市新风尚广告传媒有限公司
18903729873.txt$$$$河南欧科塑业股份有限公司
18903729873_1.txt$$$$河南欧科塑业股份有限公司
18903729873_2.txt$$$$河南欧科塑业股份有限公司
18903778382.txt$$$$南阳高新区永福食品厂
18903780560.txt$$$$郑州市二七区聚源游乐玩具厂
18903794319.txt$$$$洛阳中星金属制品有限公司
18903805495.txt$$$$新乡市通佳工业装备科技有限公司
18903810150.txt$$$$河南怀森数码科技有限公司
18903837318.txt$$$$郑州继飞机电设备有限公司
18903837318_1.txt$$$$郑州继飞机电设备有限公司
18903837318_2.txt$$$$郑州继飞机电设备有限公司
18903857056.txt$$$$郑州隆地智能科技有限公司
18903857056_1.txt$$$$郑州隆地智能科技有限公司
18903857670.txt$$$$河南凯辉贸易有限公司
18903862628.txt$$$$郑州金诚达贸易有限公司
18903913375.txt$$$$焦作三棵树环保设备有限公司
18903936761.txt$$$$濮阳市众诚石油机械工程技术有限公司
18903990750.txt$$$$河南微猫健康科技有限公司
18904000996.txt$$$$沈阳中盛嘉兴彩板钢结构工程有限公司
18904045144.txt$$$$辽宁红门智慧停车科技有限公司
18904108881.txt$$$$沈阳金方兴新材料有限公司
18905036986.txt$$$$福建正亚中科建筑材料有限公司
18905056562.txt$$$$泉州闽古通今文化艺术有限公司
18905059981.txt$$$$福建省安溪圆圈商贸有限公司
18905108098.txt$$$$盐城天达纺织有限公司
18905139399.txt$$$$连云港岚宝科技有限公司
