18370769259.txt$$$$江西省恒达选矿设备制造有限公司
18370838383.txt$$$$江西卓越环保矿山机械制造有限公司
18370839187.txt$$$$江西省三兴机械设备有限公司
18371010117.txt$$$$襄阳市忠兵农业机械有限公司
18371029888.txt$$$$襄阳博思高机电设备工程有限公司
18371029888_1.txt$$$$襄阳博思高机电设备工程有限公司
18371029888_2.txt$$$$襄阳博思高机电设备工程有限公司
18371452331.txt$$$$武汉远伯体育发展有限责任公司
18371509289.txt$$$$咸安区韩高灯饰
18371546466.txt$$$$咸宁市品家智能科技有限公司
18371548817.txt$$$$深圳市阳光奔奔服装贸易有限公司
18371880977.txt$$$$随州市晨宇车辆装备有限公司
18372021864.txt$$$$埃姆依（武汉）系统工程有限公司
18372022021.txt$$$$武汉宏众环保物资有限公司
18372127864.txt$$$$武汉迪赛环保新材料股份有限公司
18372201398.txt$$$$随州市鸿遂专用汽车有限责任公司
18372206277.txt$$$$程力专用汽车股份有限公司
18372228756.txt$$$$程力有限公司
18372229000.txt$$$$湖北远诚专用汽车有限公司
18372601415.txt$$$$湖北清云矿业有限公司
18372728666.txt$$$$湖北薪胜不锈钢制品有限公司
18372729150.txt$$$$咸安区美典照明
18372739460.txt$$$$咸安区华鑫合众汽车维修中心
18372862284.txt$$$$湖北中智天翔科技发展有限公司
18373159580.txt$$$$长沙尚禹家具有限公司
18373307211.txt$$$$奢玲商贸有限公司
18373316158.txt$$$$炎陵县乐康水果种植专业合作社
18373316158_1.txt$$$$炎陵县乐康水果种植专业合作社
18373316158_2.txt$$$$炎陵县乐康水果种植专业合作社
18373375529.txt$$$$湖南荣朗建材有限公司
