17706065735.txt$$$$泉州海蓝蓝服饰有限公司
17706131531.txt$$$$上海曼戈斐光学技术有限公司
17706135658.txt$$$$苏州名图贸易有限公司
17706179259.txt$$$$北京科华光翌电热工程科技有限公司
17706193875.txt$$$$无锡迈科传感科技有限公司
17706217278.txt$$$$西朗门业（苏州）有限公司
17706217308.txt$$$$苏州西朗西明工业设备有限公司
17706354345.txt$$$$山东聊城聚鑫钢管制造有限公司
17706355784.txt$$$$聊城市鑫唐环保科技有限公司
17706356454.txt$$$$聊城市科聚激光设备有限公司
17706356623.txt$$$$山东思腾钢管有限公司
17706369998.txt$$$$诸城市龙润环保科技有限公司
17706394319.txt$$$$青岛宝利多化工有限公司
17706436721.txt$$$$杭州正工仓信息科技有限公司
17706500073.txt$$$$杭州华雷自动化工程有限公司
17706523505.txt$$$$芜湖幽若玻璃钢制造有限公司
17706614930.txt$$$$宁波众合瑞通智能科技有限公司
17706713597.txt$$$$杭州芯语广告有限公司
17706775976.txt$$$$温州工程机械有限公司
17706790397.txt$$$$金华市胜昌机械有限公司
17706790397_1.txt$$$$金华市胜昌机械有限公司
17706790397_2.txt$$$$金华市胜昌机械有限公司
17706907293.txt$$$$平潭一诺文化传媒有限公司
17706918917.txt$$$$福建车港信息技术有限公司
17707164130.txt$$$$荆州市鼎好餐饮管理有限公司
17707170818.txt$$$$宜昌新众展图科技有限公司
17707284465.txt$$$$武汉赢屏科技有限公司
17707503161.txt$$$$台山市雷克实业有限公司
17707697767.txt$$$$东莞智福智能科技有限公司
17707697767_1.txt$$$$东莞智福智能科技有限公司
