13804045606.txt$$$$辽宁三和管桩有限公司
13804050895.txt$$$$辽宁大中型电机修配厂
13804065806.txt$$$$沈阳北矿众成机器设备有限公司
13804125793.txt$$$$鞍山永华杆塔制造有限公司
13804263006.txt$$$$大连长城伟业消防设备有限公司
13804560388.txt$$$$哈尔滨海昌机电设备有限公司
13804574084.txt$$$$黑龙江拂尘龙清洗有限公司
13804765635.txt$$$$赤峰喜顺酒业有限公司
13804993280.txt$$$$沈阳市铁西区美德兰建材店
13804995371.txt$$$$沈阳鸿飞亮化有限公司
13804999296.txt$$$$沈阳盛西尔科技发展有限公司
13805008123.txt$$$$未来盛世传媒福建股份有限公司
13805045252.txt$$$$福州恒久建筑工程有限公司
13805052444.txt$$$$福州非凡建材有限公司
13805055610.txt$$$$福州铭泰展览展示有限公司
13805065160.txt$$$$福建奥库运动用品有限公司
13805080671.txt$$$$福州新捷塑胶有限公司
13805107065.txt$$$$盐城市海联机械设备有限公司
13805123706.txt$$$$连云港华源石英制品有限公司
13805136316.txt$$$$连云港筑峰贸易有限公司
13805144190.txt$$$$南京雅酷建筑装饰工程有限公司
13805153815.txt$$$$南京世宽装饰工程有限公司
13805154222.txt$$$$南京雄皓（机电）设备有限公司
13805174260.txt$$$$南京艾美特货架
13805186652.txt$$$$南京优杰电子有限公司
13805210468.txt$$$$徐州和胜重工有限公司
13805221468.txt$$$$徐州同创园林绿化工程有限公司
13805221468_1.txt$$$$徐州同创园林绿化工程有限公司
13805221468_2.txt$$$$徐州同创园林绿化工程有限公司
13805261497.txt$$$$江苏科泰印染机械技术研究中心有限公司
