13325288313_1.txt$$$$泰安市首威苗木专业合作社
13325298793.txt$$$$新泰九洲机械厂
13325386929.txt$$$$西安永盈钢结构工程有限公司
13325389535.txt$$$$西安市硕展电子科技有限公司
13325389535_1.txt$$$$西安市硕展电子科技有限公司
13325389535_2.txt$$$$西安市硕展电子科技有限公司
13325389910.txt$$$$西安袁记餐饮管理有限公司
13325467681.txt$$$$西安施昌电气科技有限公司
13325467681_1.txt$$$$西安施昌电气科技有限公司
13325467681_2.txt$$$$西安施昌电气科技有限公司
13325497775.txt$$$$西安市高新区马上印广告文印中心
13325561818.txt$$$$新疆尚层本色装饰工程有限公司
13325561818_1.txt$$$$新疆尚层本色装饰工程有限公司
13325563122.txt$$$$乌鲁木齐易通管道工程有限公司
13325710988.txt$$$$上海木客木结构有限公司
13325718889.txt$$$$常州赛默工具有限公司
13325733330.txt$$$$浙江福源智能科技有限公司
13325765988.txt$$$$温岭市箬横多芬琴行
13325770370.txt$$$$浙江尚为照明有限公司
13325811970.txt$$$$杭州凯德轻工产品技术服务有限公司
13325815212.txt$$$$浙江一芯智能科技有限公司
13325899683.txt$$$$义乌市煜乾商贸有限公司
13325899683_1.txt$$$$义乌市煜乾商贸有限公司
13325899683_2.txt$$$$义乌市煜乾商贸有限公司
13325912112.txt$$$$杭州留达科技有限公司
13325966700.txt$$$$浙江乐环科技有限公司
13325977791.txt$$$$温州弘凌泵阀有限公司
13325980690.txt$$$$浙江航仕电气有限公司
13326087276.txt$$$$台州艾锐斯环境设备有限公司
13326171990.txt$$$$湖州百思顺家政服务有限公司
