18326048393.txt$$$$安徽康斯贝节能科技有限公司
18326048393_1.txt$$$$安徽康斯贝节能科技有限公司
18326050279.txt$$$$安徽胜荣电子电器有限公司
18326050279_1.txt$$$$安徽胜荣电子电器有限公司
18326050279_2.txt$$$$安徽胜荣电子电器有限公司
18326058080.txt$$$$合肥市荣测捷电子有限公司
18326061921.txt$$$$合肥欣旺达包装技术有限公司
18326061921_1.txt$$$$合肥欣旺达包装技术有限公司
18326061921_2.txt$$$$合肥欣旺达包装技术有限公司
18326113005.txt$$$$合肥雅美娜电器集团有限公司
18326113005_1.txt$$$$合肥雅美娜电器集团有限公司
18326113005_2.txt$$$$合肥雅美娜电器集团有限公司
18326118957.txt$$$$安徽恒川科技咨询服务有限公司
18326118957_1.txt$$$$安徽恒川科技咨询服务有限公司
18326118957_2.txt$$$$安徽恒川科技咨询服务有限公司
18326149509.txt$$$$安徽创创文化传播有限公司
18326149509_1.txt$$$$安徽创创文化传播有限公司
18326156971.txt$$$$合肥歆鹏建材有限公司
18326161504.txt$$$$安徽润心水处理设备有限公司
18326161504_1.txt$$$$安徽润心水处理设备有限公司
18326161504_2.txt$$$$安徽润心水处理设备有限公司
18326182304.txt$$$$合肥泰精传动设备有限公司
18326182304_1.txt$$$$泰兴市合力减速机有限公司
18326193303.txt$$$$合肥镭申机电设备有限公司
18326197902.txt$$$$合肥特宇金属有限公司
18326235420.txt$$$$安徽广博物流供应链管理有限公司
18326238111.txt$$$$金寨县齐远木业有限公司
18326247321.txt$$$$上海丹埃液压设备有限公司
18326379926.txt$$$$六安市金海桥金属结构设施有限公司
18326379926_1.txt$$$$六安市金海桥金属结构设施有限公司
