13833698004.txt$$$$大城县正村展晨防火材料厂
13833702008.txt$$$$盐山县通利输送机械有限公司
13833702008_1.txt$$$$盐山县通利输送机械有限公司
13833702999.txt$$$$献县嘉和建筑器材有限公司
13833706719.txt$$$$河北长丰钢管制造集团有限公司
13833722099.txt$$$$沧州祥通机械制造有限公司
13833722258.txt$$$$泊头市科铭环保设备有限公司
13833726809.txt$$$$泊头市开泰环保设备有限公司
13833730614.txt$$$$泊头市旺水阀门制造有限公司
13833732444.txt$$$$泊头市春晖环保设备有限公司
13833735090.txt$$$$沧州渤泰管道设备有限公司
13833740282.txt$$$$河北安能防雷设备科技有限公司
13833745535.txt$$$$沧州市亿达机床附件制造有限公司
13833745535_1.txt$$$$沧州亿达机床附件制造有限公司
13833745535_2.txt$$$$沧州市亿达机床附件制造有限公司
13833745535_3.txt$$$$沧州市亿达机床附件制造有限公司
13833745535_4.txt$$$$沧州市亿达机床附件制造有限公司
13833747186.txt$$$$泊头市双齐机械设备制造有限公司
13833747336.txt$$$$盐山博天设备制造有限公司
13833753073.txt$$$$沧州绿邦环保设备有限公司
13833755074.txt$$$$河北圣天管件集团有限公司
13833755074_1.txt$$$$河北圣天管件集团有限公司
13833758454.txt$$$$南皮县中驰五金制造有限公司
13833758950.txt$$$$泊头市共创环保设备有限公司
13833763630.txt$$$$沧螺集团
13833765224.txt$$$$盐山县诚富输送设备有限公司
13833765224_1.txt$$$$盐山县诚富输送设备有限公司
13833772600.txt$$$$献县睿博联仪器设备处
13833775643.txt$$$$沧州瑞庆机床配件制造有限公司
13833777296.txt$$$$河间市广川电力器材有限公司
