13144919544.txt$$$$广东永合智能科技有限公司
13144919544_1.txt$$$$广东永合智能科技有限公司
13144919544_2.txt$$$$广东永合智能科技有限公司
13144972868.txt$$$$东莞市胜悦智能科技有限公司
13145034896.txt$$$$昆山福松环保设备有限公司
13145090862.txt$$$$福耐姆智能传输系统（苏州）有限公司
13145090862_1.txt$$$$福耐姆智能传输系统（苏州）有限公司
13145090862_2.txt$$$$福耐姆智能传输系统（苏州）有限公司
13145112558.txt$$$$苏州腾力越机电有限公司
13145313114.txt$$$$山东坦途发电设备有限公司
13145315932.txt$$$$中贸科技将集团有限公司
13145337251.txt$$$$淄博圣亚铝业有限公司
13145382511.txt$$$$山东安瑞矿山机械设备有限公司
13145389918.txt$$$$泰安亿佳工贸有限公司
13145414999.txt$$$$济南徳珂佳数控机械有限公司
13145414999_1.txt$$$$济南徳珂佳数控机械有限公司
13145414999_2.txt$$$$济南徳珂佳数控机械有限公司
13145416521.txt$$$$沈阳谷轮冷冻设备有限公司
13145473803.txt$$$$山东宏济堂制药集团济南阿胶制品有限公司
13145512818.txt$$$$安徽华星智能停车设备有限公司
13145721121.txt$$$$广州市衡瞬康体设备有限公司
13145738859.txt$$$$广州宏幅通汽车用品有限公司
13145840630.txt$$$$深圳市中贤在线技术有限公司
13145842235.txt$$$$东莞市嘉琰液压科技有限公司
13145851680.txt$$$$广州市扬帆化工
13145929512.txt$$$$深圳市东虹鑫静电器材有限公司
13145953989.txt$$$$深圳市龙华新区观澜佳润安全防护用品厂
13145961638.txt$$$$深圳可塑科技有限公司
13145979185.txt$$$$深圳云翔国际货运代理有限公司
13145979952.txt$$$$彼岸达科技有限公司
