18779141337_2.txt$$$$南昌森诺技术服务有限公司
18779143493.txt$$$$九江东锋镇木业有限公司
18779143493_1.txt$$$$九江东锋镇木业有限公司
18779143493_2.txt$$$$九江东锋镇木业有限公司
18779295386.txt$$$$九江净美居环保科技有限公司
18779557132.txt$$$$江西鸿鼎体育设施有限公司
18779695929.txt$$$$遂川县商龙果业种植专业合作社
18779754672.txt$$$$咸宁古迪皮具有限公司
18779760206.txt$$$$江西省雄发环保选矿设备制造有限公司
18779762333.txt$$$$梅州佳艺森模型有限公司
18779882567.txt$$$$江西成邦环保设备有限公司
18779898558.txt$$$$南昌御典门业有限公司
18779898558_1.txt$$$$南昌御典门业有限公司
18779929815.txt$$$$萍乡市小清蜓文化传媒有限公司
18779931196.txt$$$$江西省艾拓森机电设备有限公司
18779966639.txt$$$$西安创鑫捷环保设备有限公司
18780000179.txt$$$$成都恒昇远大机械设备有限公司
18780033485.txt$$$$四川骐成新能源科技有限公司
18780049644.txt$$$$大竹海纳广告装饰有限公司
18780081977.txt$$$$成都彩奕沙科技有限公司
18780090924.txt$$$$苏州盖勒普科技有限公司
18780105167.txt$$$$成都川禾食品原料有限公司
18780105167_1.txt$$$$成都顽牛餐饮管理有限公司
18780114144.txt$$$$中德新亚（重庆）建筑科技有限公司
18780132220.txt$$$$成都中科创科技有限公司
18780228351.txt$$$$四川倍莱停车设备租赁有限公司
18780229130.txt$$$$成都升华通风设备有限公司
18780242322.txt$$$$四川共建包装制品有限公司
18780285932.txt$$$$成都米乐高图像科技有限公司
18780485525.txt$$$$四川朗旭建筑有限公司
