13965082391.txt$$$$安徽迈星登实验设备有限公司
13965082391_1.txt$$$$安徽迈星登实验设备有限公司
13965082391_2.txt$$$$安徽迈星登实验设备有限公司
13965086093.txt$$$$合肥臻万盛华工业设备有限公司
13965086093_1.txt$$$$合肥臻万盛华工业设备有限公司
13965086253.txt$$$$合肥明和金属制品有限公司
13965087757.txt$$$$合肥市双强玻璃钢制品有限公司
13965087757_1.txt$$$$安徽双强环境科技有限公司
13965087757_2.txt$$$$安徽双强环境科技有限公司
13965095115.txt$$$$合肥村田电子科技有限公司
13965098983.txt$$$$安徽徽雪制冷设备工程有限公司
13965099001.txt$$$$安徽友胜建材科技集团有限公司肥东分公司
13965099447.txt$$$$肥东万顺运输有限公司
13965105760.txt$$$$安徽方圆货架制造有限公司
13965105760_1.txt$$$$安徽方圆货架制造有限公司
13965105760_2.txt$$$$安徽方圆货架制造有限公司
13965105760_3.txt$$$$安徽方圆货架制造有限公司
13965106352.txt$$$$安徽省佳诺化工有限公司
13965118061.txt$$$$合肥彩之丰科技有限公司
13965118631.txt$$$$合肥恺文重工机械有限公司
13965118631_1.txt$$$$合肥恺文重工机械有限公司
13965118978.txt$$$$合肥昌顺交通设施有限公司
13965118978_1.txt$$$$合肥昌顺交通设施有限公司
13965118978_2.txt$$$$合肥昌顺交通设施有限公司
13965118978_3.txt$$$$合肥昌顺交通设施有限公司
13965118978_4.txt$$$$合肥宝轩电子科技有限公司
13965127194.txt$$$$安徽圣悦文化传媒有限公司
13965127927.txt$$$$合肥迈思瑞仪器仪表有限公司
13965127927_1.txt$$$$合肥迈思瑞仪器仪表有限公司
13965127927_2.txt$$$$合肥迈思瑞仪器仪表有限公司
