13735611002.txt$$$$义乌市开英塑料包装厂
13735611002_1.txt$$$$义乌市开英制袋厂
13735611002_2.txt$$$$义乌市开英制袋厂
13735611002_3.txt$$$$义乌市开英制袋厂
13735614466.txt$$$$义乌市欧雅特装饰设计有限公司
13735615190.txt$$$$浦江县好时光包装有限公司
13735615943.txt$$$$东阳市福熙阁红木家具厂
13735615943_1.txt$$$$东阳市福熙阁红木家具厂
13735615943_2.txt$$$$东阳市福熙阁红木家具厂
13735620326.txt$$$$浙江包氏铸造有限公司
13735622394.txt$$$$永康市盛波彩钢瓦有限责任公司
13735622394_1.txt$$$$永康市盛波彩钢瓦有限责任公司
13735622929.txt$$$$永康市鑫顾工贸有限公司
13735622929_1.txt$$$$永康市鑫顾工贸有限公司
13735622929_2.txt$$$$永康市鑫顾工贸有限公司
13735623553.txt$$$$永康市创三手研贸易有限公司
13735626509.txt$$$$东阳市乾成仿古门窗有限公司
13735626509_1.txt$$$$东阳市乾成仿古门窗有限公司
13735666680.txt$$$$义乌市森华塑料制品有限公司
13735668228.txt$$$$金华市乾进商贸有限公司
13735668787.txt$$$$义乌市马益环保科技有限公司
13735671253.txt$$$$金华市夏天通风设备有限公司
13735675726.txt$$$$东阳市画水德惠红木家具店
13735675726_1.txt$$$$东阳市画水德惠红木家具店
13735675726_2.txt$$$$东阳市画水德惠红木家具店
13735682598.txt$$$$云和县皆利环保设备有限公司
13735682598_1.txt$$$$云和县皆利环保设备有限公司
13735682598_2.txt$$$$云和县皆利环保设备有限公司
13735691123.txt$$$$义乌市亿星口才培训部有限公司
13735705890.txt$$$$永康市前仓鸿来校具配件厂
