13918048653.txt$$$$上海兵路建筑装饰设计工程有限公司
13918056542.txt$$$$上海森美家居科技有限公司
13918071320.txt$$$$上海火鸟摄影制作有限公司
13918083882.txt$$$$上海鋆程轴承有限公司
13918111045.txt$$$$普讯科技(上海)有限公司
13918141405.txt$$$$上海豪异实业有限公司
13918185196.txt$$$$上海创烁电子有限公司
13918189001.txt$$$$上海江恒实业有限公司
13918189001_1.txt$$$$上海江恒实业有限公司
13918189025.txt$$$$上海泰度环保设备有限公司
13918189276.txt$$$$上海鑫扬建筑科技有限公司
13918189879.txt$$$$常州金纬片板设备制造有限公司
13918212874.txt$$$$上海安投新能源科技有限公司
13918224686.txt$$$$上海长高继保科技有限公司
13918237936.txt$$$$上海嘉柔电线电缆有限公司
13918296025.txt$$$$上海高登展览有限公司
13918298603.txt$$$$上海享滤净化科技有限公司
13918319351.txt$$$$上海攸杰数控模具技术有限公司
13918339566.txt$$$$翎恒实业发展（上海）有限公司
13918341521.txt$$$$上海绪坤传动科技有限公司
13918341521_1.txt$$$$上海绪坤传动科技有限公司
13918341521_2.txt$$$$上海绪坤传动科技有限公司
13918341521_3.txt$$$$上海绪坤传动科技有限公司
13918345268.txt$$$$上海宿新阀门有限公司
13918352228.txt$$$$上海阳庭建筑装饰工程有限公司
13918497255.txt$$$$上海信步科技有限公司
13918498769.txt$$$$上海波力电气有限公司
13918499969.txt$$$$上海睿析科学仪器有限公司
13918516869.txt$$$$上海速泽网络科技有限公司
13918518990.txt$$$$上海爱尚体育设施建材有限公司
