13336351635_1.txt$$$$山东金仕霖机械制造有限公司
13336352916.txt$$$$聊城东旭激光设备有限公司
13336353833.txt$$$$山东鲁匠金属制品有限公司
13336359310.txt$$$$聊城市森邦钢管有限公司
13336359833.txt$$$$桓业机械有限公司
13336360331.txt$$$$济南豪泽信息科技有限公司
13336364196.txt$$$$潍坊财源环保科技有限公司
13336365926.txt$$$$潍坊仁捷电子有限公司
13336369168.txt$$$$诸城市安泰机械有限公司
13336369168_1.txt$$$$诸城市安泰机械有限公司
13336369793.txt$$$$诸城市吉丰机械科技有限公司
13336395785.txt$$$$青岛龙华致远物流有限公司
13336396445.txt$$$$青岛平旭国际商贸有限公司
13336402610.txt$$$$佛山市京旗化工科技有限公司
13336413836.txt$$$$佛山市合创铖机械有限公司
13336422093.txt$$$$佛山市伟天盛不锈钢制品有限公司
13336447615.txt$$$$佛山市顺联集团有限公司
13336450254.txt$$$$广东人与物科技有限公司
13336480391.txt$$$$佛山市南海瑞滔纸箱厂
13336486800.txt$$$$佛山市金一帆金属制品有限公司
13336686138.txt$$$$宁波北仑明润船舶设备有限公司
13336748321.txt$$$$台州市黄岩龙云泽塑料模具厂
13336898963.txt$$$$宁波宇安物流
13336923345.txt$$$$乐清市国宏电气有限公司
13336979281.txt$$$$浙江品正阀门有限公司
13336993928.txt$$$$乐清市大菊电器有限公司
13337327770.txt$$$$湘潭中基电站辅机制造有限公司
13337336530.txt$$$$株洲市童师傅臭豆腐食品厂
13337503002.txt$$$$海南秀英鑫华美保温隔热材料经营部
13337558858.txt$$$$海南泉山实业有限公司
