13937396442.txt$$$$新乡市聚星龙水处理有限公司
13937398626.txt$$$$新乡市联众塑化有限公司
13937399127.txt$$$$河南宏旭农业机械有限公司
13937416662.txt$$$$河南大张过滤设备有限公司
13937436766.txt$$$$河南凯歌科技产业有限公司
13937492576.txt$$$$许昌魏都九州纸品机械加工厂
13937525035.txt$$$$平顶山市百阳丰机械制造有限公司
13937611526.txt$$$$信阳森华光电科技有限公司
13937616338.txt$$$$信阳市平桥区巨匠珍珠岩厂
13937706029.txt$$$$河南浩博机械制造有限公司
13937706029_1.txt$$$$河南浩博机械制造有限公司
13937706029_2.txt$$$$河南浩博机械制造有限公司
13937845911.txt$$$$河南航材科技有限公司
13937900530.txt$$$$洛阳润得利金属助剂有限公司
13937940688.txt$$$$洛阳芳华机械制造有限公司
13938100303.txt$$$$三门峡肯德商贸有限公司
13938153858.txt$$$$陕西方洲反腐科技有限公司
13938205182.txt$$$$巩义市孝义明阳机械厂
13938209076.txt$$$$河南江河测控技术有限公司
13938209076_1.txt$$$$河南江河测控技术有限公司
13938209076_2.txt$$$$河南江河测控技术有限公司
13938209758.txt$$$$巩义市元丰给排水材料有限公司
13938211653.txt$$$$河南中联热科工业节能股份有限公司
13938227267.txt$$$$郑州艾美瑞机械设备有限公司
13938229997.txt$$$$河南快发汽车服务有限公司
13938229997_1.txt$$$$河南快发汽车服务有限公司
13938236462.txt$$$$巩义市电子仪器厂
13938236462_1.txt$$$$巩义市电子仪器厂
13938249443.txt$$$$郑州基实表面处理技术有限公司
13938250451.txt$$$$巩义市华瑞重工机械制造有限公司
