15853452690_2.txt$$$$宁津县鑫丰化工有限公司
15853454222.txt$$$$德州通翔空调设备有限公司
15853454319.txt$$$$德州实达通风设备有限公司
15853457600.txt$$$$宁津县恒岳家具厂
15853457600_1.txt$$$$宁津县恒岳家具厂
15853457790.txt$$$$宁津德力网带机械厂
15853462178.txt$$$$宏祥新材料股份有限公司
15853465566.txt$$$$德州瑞新通风设备有限公司
15853467217.txt$$$$宁津县力能热工机械厂
15853467555.txt$$$$宁津县宏洲网链输送机械厂
15853473444.txt$$$$德州亚通空调有限公司
15853478888.txt$$$$山东金力特环保科技集团有限公司
15853488466.txt$$$$德州市嘉豪制衣有限公司
15853489984.txt$$$$宁津县盛亚软管有限公司
15853490476.txt$$$$山东三益育成鸡有限公司
15853491133.txt$$$$德州东方新材料工程有限公司
15853495557.txt$$$$宁津县帅博机械有限公司
15853496114.txt$$$$宁津县辉腾温控设备制造厂
15853498287.txt$$$$德州恒实空调通风设备有限公司
15853498983.txt$$$$武城县乾坤机电设备有限公司
15853569135.txt$$$$烟台伟明农业机械有限公司
15853602168.txt$$$$青州市古润园林绿化工程有限公司
15853602168_1.txt$$$$青州市古润园林绿化工程有限公司
15853602168_2.txt$$$$青州市古润园林绿化工程有限公司
15853602688.txt$$$$青州市全汇重工机械有限公司
15853602688_1.txt$$$$青州市全汇重工机械有限公司
15853602688_2.txt$$$$青州市全汇重工机械有限公司
15853616978.txt$$$$山东速成烘干设备有限公司
15853622729.txt$$$$百威德生物工程有限公司
15853654177.txt$$$$诸城市鹏福特机械厂
