13554950821.txt$$$$快来（深圳）生活服务有限公司
13554966566.txt$$$$广州市宇诺物流
13554966811.txt$$$$深圳市善知科技有限公司
13554979867.txt$$$$深圳市申联发实业有限公司
13555510558.txt$$$$大庆市连升文化传媒有限公司
13555700400.txt$$$$法库合派电动车销售中心
13555700400_1.txt$$$$法库合派电动车销售中心
13555711333.txt$$$$新民市晋瑶家具厂
13555766058.txt$$$$沈阳建野建筑模型有限公司
13555824688.txt$$$$辽中高山篷房制造有限公司
13555847379.txt$$$$北京添盈信息技术有限公司
13555878550.txt$$$$沈阳现代时园艺景观工程有限公司
13555881972.txt$$$$沈阳明丽雅物业管理有限公司
13555882193.txt$$$$沈阳远特橡塑制品有限公司
13555899666.txt$$$$沈阳好运达木业集团有限公司
13555993449.txt$$$$大连旅大物流有限公司
13556036789.txt$$$$广州战狼设备租赁有限公司
13556053301.txt$$$$广州市鸿玖环保技术有限公司
13556060928.txt$$$$影族摄影器材维修中心
13556064576.txt$$$$广州强点商贸发展有限公司
13556093442.txt$$$$广州良品会生物科技有限公司
13556116487.txt$$$$广州市北佳五金喷涂厂
13556132002.txt$$$$广州高峰电器科技维修有限公司
13556135613.txt$$$$广州顺捷机械设备租赁有限公司
13556143052.txt$$$$佛山市高耐数控刀具有限公司
13556160886.txt$$$$广州市君尚服装有限公司
13556177170.txt$$$$广州礼诚日用品有限公司
13556188399.txt$$$$广州广荣信服装辅料有限公司
13556195532.txt$$$$广东成功营地拓展服务有限公司
13556195532_1.txt$$$$广东成功营地拓展服务有限公司
