13905533847.txt$$$$芜湖一点水水族景观工程有限公司
13905533847_1.txt$$$$芜湖一点水水族景观工程有限公司
13905548598.txt$$$$阜阳市雨辰精细化工有限公司
13905551893.txt$$$$安徽三江水泥制品有限公司
13905551893_1.txt$$$$安徽三江水泥制品有限公司
13905551893_2.txt$$$$安徽三江水泥制品有限公司
13905570043.txt$$$$安徽汇诚精工机械制造有限公司
13905570043_1.txt$$$$安徽汇诚精工机械制造有限公司
13905603673.txt$$$$安徽省美亚锚固有限责任公司
13905603673_1.txt$$$$安徽省美亚锚固有限责任公司
13905603673_2.txt$$$$安徽省美亚锚固有限责任公司
13905607247.txt$$$$合肥新高电子有限公司
13905607388.txt$$$$安徽群星声学技术有限公司
13905607388_1.txt$$$$安徽群星声学技术有限公司
13905607388_2.txt$$$$安徽群星声学技术有限公司
13905620070.txt$$$$铜陵圆方广告有限公司
13905621289.txt$$$$池州市鑫美钙业有限公司
13905621289_1.txt$$$$池州市鑫美钙业有限公司
13905621289_2.txt$$$$池州市鑫美钙业有限公司
13905626038.txt$$$$铜陵县华建新材料有限责任公司
13905626265.txt$$$$铜陵亚泰涂料科技有限公司
13905627371.txt$$$$安徽盛吉源装饰工程有限公司
13905637306.txt$$$$宣城宏宇竹业有限公司
13905637306_1.txt$$$$宣城宏宇竹业有限公司
13905637306_2.txt$$$$宣城宏宇竹业有限公司
13905637306_3.txt$$$$宣城宏宇竹业有限公司
13905641763.txt$$$$六安天易网络科技有限公司
13905641763_1.txt$$$$六安天易网络科技有限公司
13905641763_2.txt$$$$六安天易网络科技有限公司
13905642589.txt$$$$安徽五月花酒店用品有限公司
