13925512618.txt$$$$杨乐个体经营
13925513017.txt$$$$江苏中裕保健品有限公司
13925513017_1.txt$$$$江苏中裕-有限公司
13925513017_2.txt$$$$江苏中裕-有限公司
13925513239.txt$$$$东莞废PS版回收公司
13925514678.txt$$$$东莞市万隆复合材料有限公司
13925515859.txt$$$$东莞市合兴环保科技有限公司
13925516124.txt$$$$东莞市捷信机电设备有限公司
13925517542.txt$$$$金泓电子科技有限公司
13925517543.txt$$$$东莞市金泓电子有限公司
13925527859.txt$$$$东莞市晁阳机械有限公司
13925529923.txt$$$$东莞市寮步一航胶粘制品厂
13925531553.txt$$$$东莞市上佳模型制品有限公司
13925533879.txt$$$$东莞市台宝环保机械有限公司
13925534616.txt$$$$东莞市伟盟达静电设备有限公司
13925536251.txt$$$$东莞优联机械设备有限公司
13925536251_1.txt$$$$东莞优联机械设备有限公司
13925536251_2.txt$$$$东莞优联机械设备有限公司
13925539239.txt$$$$东莞市尚科知识产权服务有限公司
13925539239_1.txt$$$$东莞市尚科知识产权服务有限公司
13925539239_2.txt$$$$东莞市尚科知识产权服务有限公司
13925539909.txt$$$$东莞市二郎神影像设备有限公司
13925548652.txt$$$$东莞市常平润培饰品厂
13925551962.txt$$$$东莞市车护宝汽车用品有限公司
13925552033.txt$$$$东莞市尚品再生资源回收有限公司
13925552033_1.txt$$$$东莞市尚品再生资源回收有限公司
13925552033_2.txt$$$$东莞市尚品再生资源回收有限公司
13925552526.txt$$$$东莞塞纳瑞液压科技有限公司
13925552636.txt$$$$东莞市圣珂新能源环保科技有限公司
13925552636_1.txt$$$$东莞市圣珂新能源环保科技有限公司
