18933966710.txt$$$$广州康美风空调设备有限公司
18933966960.txt$$$$西安麦林餐饮管理有限公司
18933968712.txt$$$$成都口福集餐饮管理有限公司
18933971329.txt$$$$广州懋能水上乐园设备有限公司
18933977557.txt$$$$广州市圣坦尼纳服饰有限公司
18933984142.txt$$$$广州市荔湾区满汉五金工艺厂
18933994256.txt$$$$东亚石油化工(广州)有限公司
18933997843.txt$$$$广州新大洋自助咖啡机有限公司
18934114535.txt$$$$广东衡源麻竹笋产业发展有限公司
18934132117.txt$$$$东莞市科信新能源设备有限公司
18934132117_1.txt$$$$东莞市科信新能源设备有限公司
18934132117_2.txt$$$$东莞市科信新能源设备有限公司
18934132929.txt$$$$东莞市廉美广告有限公司
18934135209.txt$$$$东莞市聚祺电脑科技有限公司
18934235303.txt$$$$中深集装厢有限公司
18934241257.txt$$$$广州旭程物流有限公司
18934280972.txt$$$$清远市万鑫包装保温材料有限公司
18934310998.txt$$$$佛山市新河玻璃机械有限公司
18934318997.txt$$$$佛山市新之河自动化设备有限公司
18934320652.txt$$$$佛山市顺德区龙江镇鸿涛家具有限公司
18934324044.txt$$$$佛山凯斯妮环保科技有限公司
18934324044_1.txt$$$$佛山凯斯妮环保科技有限公司
18934324044_2.txt$$$$佛山凯斯妮环保科技有限公司
18934328816.txt$$$$佛山市永高家具制造有限公司
18934346160.txt$$$$佛山市隆发物流
18934351918.txt$$$$佛山高翼表面处理科技有限公司
18934359052.txt$$$$佛山市嘉舜钢铁有限公司
18934374052.txt$$$$佛山市南海区雄大建交通设施厂
18934376307.txt$$$$佛山市南海拓工钢丝绳索具有限公司
18934376307_1.txt$$$$佛山市南海拓工钢丝绳索具有限公司
