19906359037_1.txt$$$$山东聊城庶峰生物科技有限公司
19906359037_2.txt$$$$山东聊城庶峰生物科技有限公司
19906359037_3.txt$$$$山东聊城庶峰生物科技有限公司
19906359798.txt$$$$山东展翅机械设备有限公司
19906367235.txt$$$$青州市园韵园林工程有限公司
19906367592.txt$$$$青州市诚意重工机械有限公司
19906371375.txt$$$$山东万发环保科技发展有限公司
19906658885.txt$$$$浙江瑞一阀门有限公司
19906658885_1.txt$$$$浙江瑞一阀门有限公司
19906658885_2.txt$$$$浙江瑞一阀门有限公司
19906983211.txt$$$$福建省常青竹酒业有限公司
19907110362.txt$$$$武汉市裕诚科汇科技有限公司
19907113832.txt$$$$湖北碱克新材料有限公司
19907113832_1.txt$$$$湖北碱克新材料有限公司
19907126527.txt$$$$武汉市江岸区易德物资回收经营部
19907150778.txt$$$$湖北泓泽泉钢结构工程有限公司
19907718123.txt$$$$南宁市青秀区茂肥化肥经营部
19907750288.txt$$$$广西香蕉谷科技有限公司
19908462395.txt$$$$湖南好到位新材料有限公司
19908482733.txt$$$$湖南德腾智能装备有限公司
19908490233.txt$$$$湖南味食圣餐饮集团有限公司
19908606507.txt$$$$宜昌大家庭生态农业有限公司
19909211536.txt$$$$西安创响新材料有限公司
19910386328.txt$$$$北京北环新工科技有限公司
19910391195.txt$$$$神州红国际展览（北京）有限公司
19910529349.txt$$$$北京帝阔健康管理有限公司郑州分公司
19910529349_1.txt$$$$北京帝阔健康管理有限公司郑州分公司
19910529349_2.txt$$$$北京帝阔健康管理有限公司郑州分公司
19910529349_3.txt$$$$北京帝阔健康管理有限公司郑州分公司
19912520502.txt$$$$承浩木业
