18108281993.txt$$$$四川曙辰电器设备有限公司
18108290817.txt$$$$成都龙阳机械设备有限责任公司
18108352698.txt$$$$重庆初阳科技有限公司
18108421335.txt$$$$湖南威腾自动化设备有限公司
18108430591.txt$$$$湖南湘美黑山羊繁育有限公司
18108433418.txt$$$$湖南华人灵芝社健康管理有限公司
18108629581.txt$$$$武汉市卓旺一家科技有限公司
18108629581_1.txt$$$$南京聆听建筑声学材料有限公司
18108664533.txt$$$$武汉鑫五彩仓储设备有限公司
18109032865.txt$$$$成都宠家乐宠物用品有限公司
18109069146.txt$$$$成都毕加展览服务有限公司
18109207927.txt$$$$西安绿川清洁服务有限公司
18109276656.txt$$$$西安派昂服饰有限公司
18109282058.txt$$$$西安唯典餐饮管理有限公司
18109298098.txt$$$$陕西吉米服饰有限公司
18109426453.txt$$$$兰州惟思隔断有限公司
18109586988.txt$$$$银川达美包装材料有限公司
18109586988_1.txt$$$$银川达美包装材料有限公司
18109586988_2.txt$$$$银川达美包装材料有限公司
18110407291.txt$$$$和稷（上海）工业控制系统有限公司
18110415192.txt$$$$安徽尚唯金属制品有限公司
18110562787.txt$$$$阜阳市远东阳光麻纺有限公司
18110906046.txt$$$$淮南市紫锦建材销售有限公司
18110906281.txt$$$$安徽星踪电子科技有限公司
18110917079.txt$$$$安徽明格标识设计制作有限公司
18110945267.txt$$$$安徽通标质量认证检测有限公司
18110955518.txt$$$$合肥新目标教育咨询有限公司
18110958685.txt$$$$合肥上腾家具有限公司
18110961158.txt$$$$安徽斑马文化传媒有限公司
18110961158_1.txt$$$$安徽斑马文化传媒有限公司
