13673681255_1.txt$$$$河南鑫飞宇机械设备有限公司
13673681255_2.txt$$$$河南鑫飞宇机械设备有限公司
13673681255_3.txt$$$$河南鑫飞宇机械设备有限公司
13673685596.txt$$$$郑州铭将机械设备有限公司
13673688655.txt$$$$巩义市福泰净水材料有限公司
13673689690.txt$$$$河南中成环保科技有限公司
13673689992.txt$$$$巩义市凯斯特管道设备制造有限公司
13673691419.txt$$$$河南科锐机械设备有限公司
13673691419_1.txt$$$$河南科锐机械设备有限公司
13673691669.txt$$$$利达机械设备有限公司
13673692758.txt$$$$河南范旦机械设备有限公司
13673693500.txt$$$$郑州如阳科技有限公司
13673712090.txt$$$$郑州卧龙游乐设备有限公司
13673715535.txt$$$$河南久盛交通设施有限公司
13673717178.txt$$$$巩义市正一机械厂
13673718264.txt$$$$郑州元素工具技术有限公司
13673718901.txt$$$$河南巾帼布艺包装有限公司
13673718901_1.txt$$$$河南巾帼布艺包装有限公司
13673730351.txt$$$$新乡市牧野区益通路桥设备材料厂
13673730965.txt$$$$新乡市捷瑞机床有限公司
13673769770.txt$$$$信阳工业城华鑫保温材料厂
13673769770_1.txt$$$$信阳工业城华鑫保温材料厂
13673769770_2.txt$$$$信阳工业城华鑫保温材料厂
13673779809.txt$$$$河南省安阳百甲技术有限公司
13673783699.txt$$$$河南骏达机械设备租赁有限公司
13673783699_1.txt$$$$河南骏达机械设备租赁有限公司
13673913794.txt$$$$焦作三岛输送机械有限公司
13673952717.txt$$$$河南鼎峰机械设备有限公司
13673972103.txt$$$$河南九洲协力国际贸易有限公司
13673990135.txt$$$$佛山千贝五金家具有限公司
