13395446158.txt$$$$格瑞德集团有限公司
13395472263.txt$$$$山东吉奥机械设备有限公司
13395478380.txt$$$$山东欧利德智能重工机械有限公司
13395494949.txt$$$$临沂市绿江南生态木有限公司
13395497288.txt$$$$山东汇旺环保建材科技有限公司
13395512227.txt$$$$江西林基环保新科技有限公司
13395512331.txt$$$$南京派纳斯新材料科技有限公司
13395517723.txt$$$$合肥市林胜锅炉燃烧器有限公司
13395561360.txt$$$$安庆博大铁皮通风管道加工厂
13395579191.txt$$$$宿州市恒元食品机械有限公司
13395608099.txt$$$$合肥市高新区得利高移印丝印器材经营部
13395716168.txt$$$$杭州高安办公设备有限公司
13395778009.txt$$$$温州市凯鲨机械有限公司
13395830988.txt$$$$嘉兴美库仓储科技有限公司
13395877376.txt$$$$荣朗电气有限公司
13395959170.txt$$$$泉州市丰泽三和胶带有限公司
13396019098.txt$$$$湖北恒荣机械有限公司
13396064636.txt$$$$武汉华康臣生物科技有限公司
13396073890.txt$$$$武汉群盛护栏有限公司
13396077761.txt$$$$江苏星光发电设备有限公司
13396089842.txt$$$$武汉泓达思创商贸有限公司
13396131231.txt$$$$咸安区恒盛新型不锈钢装饰店
13396163200.txt$$$$湖北金进自动化科技有限公司
13396164272.txt$$$$京山市武术影视学校
13396230677.txt$$$$日照海邻家庭宾馆
13396230999.txt$$$$山东新娘家纺有限公司
13396230999_1.txt$$$$山东新娘家纺有限公司
13396238915.txt$$$$五莲县盈源石材有限公司
13396238915_1.txt$$$$五莲县盈源石材有限公司
13396238915_2.txt$$$$五莲县盈源石材有限公司
