13589223377.txt$$$$青岛合木兴发洗涤设备有限公司
13589252670.txt$$$$青岛新豪建材有限公司
13589261569.txt$$$$青岛力维环保设备制造有限公司
13589261569_1.txt$$$$青岛力维环保设备制造有限公司
13589263190.txt$$$$青岛力维环保科技有限公司
13589290219.txt$$$$青岛固特丽地坪工程有限公司
13589331202.txt$$$$青岛宝铸机械设备有限公司
13589355136.txt$$$$青岛尚元新材料科技有限公司
13589387388.txt$$$$青岛鼎旭包装有限公司
13589387388_1.txt$$$$青岛鼎旭包装有限公司
13589387388_2.txt$$$$青岛鼎旭包装有限公司
13589414486.txt$$$$山东省博兴县博泓机械设备有限公司
13589414486_1.txt$$$$山东省博兴县博泓机械设备有限公司
13589464053.txt$$$$山东聊城兴发路缘石开沟机厂
13589468387.txt$$$$聊城市安泰冷拔钢管厂
13589473788.txt$$$$山东百利达金属制品有限公司
13589474288.txt$$$$聊城迈华冠金属制品有限公司
13589486596.txt$$$$山东中稷化工有限公司
13589486596_1.txt$$$$山东中稷化工有限公司
13589521242.txt$$$$淄博拓兴化工销售有限公司
13589521242_1.txt$$$$淄博拓兴化工销售有限公司
13589521242_2.txt$$$$淄博拓兴化工销售有限公司
13589542979.txt$$$$淄博亨特金属制品有限公司
13589562666.txt$$$$淄博中越工贸有限公司
13589582266.txt$$$$亿威隆（厦门）生物科技有限公司
13589582266_1.txt$$$$亿威隆（厦门）生物科技有限公司
13589626086.txt$$$$滕州梓翔机械设备有限公司
13589669529.txt$$$$沂南县阳都食品厂
13589807353.txt$$$$烟台凯尔微波系统有限公司
13589830330.txt$$$$烟台飞达机械包装设备有限公司
