17710817152_1.txt$$$$中诺新材（北京）科技有限公司
17710817152_2.txt$$$$中诺新材（北京）科技有限公司
17710817152_3.txt$$$$中诺新材（北京）科技有限公司
17710825802.txt$$$$北京中禾葆蓝环保科技有限公司
17710881660.txt$$$$北京天然康健科技股份有限公司
17711527907.txt$$$$成都勇创金诺科技有限公司
17711893334.txt$$$$宁夏鸿睿鑫电子科技有限责任公司
17711898003.txt$$$$银川金凤区卡门婚纱摄影影楼
17711898003_1.txt$$$$银川金凤区卡门婚纱摄影影楼
17711898003_2.txt$$$$银川金凤区卡门婚纱摄影影楼
17712072803.txt$$$$江苏兴邦标配制造有限公司
17712085303.txt$$$$江苏七子建设科技有限公司
17712105899.txt$$$$镇江新区华舒电器有限公司
17712111915.txt$$$$徐州木之裳智能科技有限公司
17712174342.txt$$$$徐州淮博仪器设备有限公司
17712283399.txt$$$$扬州市佳鑫橡塑厂
17712300007.txt$$$$常州天诺文化传播有限公司
17712352078.txt$$$$江苏众凯环保科技有限公司
17712369888.txt$$$$常州西邦铝业有限公司
17712382017.txt$$$$无锡科嘉塑胶新材料有限公司
17712386928.txt$$$$无锡市上广核能电力材料有限公司
17712403919.txt$$$$江苏俏柏电气有限公司
17712424277.txt$$$$南京晨商箕食品有限公司
17712478315.txt$$$$昆山富奇星电子科技有限公司
17712482869.txt$$$$苏州衍腾电子有限公司
17712520858.txt$$$$江苏高崎机械有限公司
17712602625.txt$$$$苏州斯维尔材料科技有限公司
17712628186.txt$$$$苏州昊诺工贸有限公司
17712656667.txt$$$$苏州市快乐龙贸易有限公司
17712671166.txt$$$$昆山铂斯蒂新材料有限公司
