17310773551.txt$$$$北京优利保生物技术有限责任公司
17310776551.txt$$$$北京优利保生物技术有限责任公司
17311158866.txt$$$$苏州振昌光伏科技有限公司
17311158866_1.txt$$$$苏州振昌光伏科技有限公司
17311158866_2.txt$$$$苏州振昌光伏科技有限公司
17311207218.txt$$$$四川盈帆环境科技有限公司
17311270927.txt$$$$成都成液机械设备制造有限公司
17311270927_1.txt$$$$成都成液机械设备制造有限公司
17311270927_2.txt$$$$成都成液机械设备制造有限公司
17311279681.txt$$$$四川巴渝情餐饮管理服务有限公司
17311855779.txt$$$$四川中智旗云通用设备有限公司
17311895580.txt$$$$遂宁市旺云科技有限公司
17312016176.txt$$$$南通利云石涂装工程有限公司
17312172907.txt$$$$昆山锦速联机电有限公司
17312223210.txt$$$$常州华彩幕墙制造有限公司
17312472976.txt$$$$苏州威士瀚工程塑料有限公司
17312615175.txt$$$$苏州奥裕浦机电设备有限公司
17312615175_1.txt$$$$苏州奥裕浦机电设备有限公司
17312615175_2.txt$$$$苏州奥裕浦机电设备有限公司
17312658588.txt$$$$昆山林威特门业有限公司
17312935399.txt$$$$扬州尚迪太阳能照明有限公司
17313034646.txt$$$$成都宏义动力科技有限公司
17313077263.txt$$$$成都车美洁洗车设备有限公司
17314779050.txt$$$$泰州市九聚机械设备有限公司
17314817714.txt$$$$上海伊茨郎机械设备有限公司
17315048992.txt$$$$潢川县天天家电维修中心
17315049526.txt$$$$昆山辉弘誉办公设备有限公司
17315258168.txt$$$$泰州市纳克商贸有限公司
17315289588.txt$$$$苏州密尔斯气动科技有限公司
17315299366.txt$$$$镇江新区丁卯盛达通风设备商行
