13677710972.txt$$$$南宁桂之邦工程机械有限公司
13677881670.txt$$$$广西体育设施有限公司
13677936567.txt$$$$上饶市永创广告有限公司
13677991891.txt$$$$临沂舜晓商贸有限公司
13677999701.txt$$$$奥夫尔科精铸机械（昆山）有限公司
13678177667.txt$$$$成都华体交通设备有限公司
13678183266.txt$$$$深圳市富达鑫实业有限公司成都分公司
13678186541.txt$$$$四川顺扬管道有限公司
13678477919.txt$$$$重庆舍贝科技有限公司
13678611823.txt$$$$广饶伟强金属制品有限公司
13678620917.txt$$$$德州德诺喷码机有限公司
13678622815.txt$$$$夏津县恺森禽蛋销售部
13678623888.txt$$$$宁津县鲁冠玻璃机械有限公司
13678623888_1.txt$$$$宁津县鲁冠玻璃机械有限公司
13678623888_2.txt$$$$宁津县鲁冠玻璃机械有限公司
13678623888_3.txt$$$$宁津县鲁冠玻璃机械有限公司
13678629187.txt$$$$德州信平电子有限公司
13678629187_1.txt$$$$德州信平电子有限公司
13678640999.txt$$$$淄博亿汇通建筑工程技术有限公司
13678682126.txt$$$$泰安品盛环保科技有限公司
13678683288.txt$$$$泰安富泰土工材料有限公司
13678686102.txt$$$$山东聚隆矿山设备制造有限公司
13678707850.txt$$$$昆明市官渡区源凯阀门经营部
13678707850_1.txt$$$$昆明市官渡区源凯阀门经营部
13678735056.txt$$$$云南久安建材有限公司
13678735056_1.txt$$$$云南久安建材有限公司
13678735056_2.txt$$$$云南久安建材有限公司
13678751919.txt$$$$昆明坚石矿山机械有限公司
13678770857.txt$$$$昆明琼杰管道疏通服务有限公司
13678775686.txt$$$$云南超雅轻钢活动房有限公司
