18005419593.txt$$$$济南艾科艾尔自动化科技有限公司
18005433338.txt$$$$山东奥纳尔制冷科技有限公司
18005433338_1.txt$$$$山东奥纳尔制冷科技有限公司
18005433338_2.txt$$$$山东奥纳尔制冷科技有限公司
18005433338_3.txt$$$$山东奥纳尔制冷科技有限公司
18005444114.txt$$$$山东冠臻通风设备有限公司
18005445311.txt$$$$德州新蓝智能科技有限公司
18005447473.txt$$$$山东银箭数控设备有限公司
18005473702.txt$$$$济宁盛捷环保科技有限公司
18005483114.txt$$$$济南顺昌玻璃钢有限公司
18005571352.txt$$$$宿州市泰华仪表有限公司
18005571352_1.txt$$$$宿州市泰华仪表有限公司
18005571352_2.txt$$$$宿州市泰华仪表有限公司
18005571352_3.txt$$$$宿州市泰华仪表有限公司
18005590168.txt$$$$黄山工业泵制造有限公司单螺杆泵分公司
18005600318.txt$$$$安徽卓优居家具有限公司
18005600318_1.txt$$$$安徽卓优居家具有限公司
18005600318_2.txt$$$$安徽卓优居家具有限公司
18005601392.txt$$$$安徽柒穆王服饰有限公司
18005605575.txt$$$$安徽天铸玻璃钢有限公司
18005605575_1.txt$$$$安徽天铸玻璃钢有限公司
18005691199.txt$$$$合肥市雅视智能科技有限公司
18005691199_1.txt$$$$合肥市雅视智能科技有限公司
18005691199_2.txt$$$$合肥市雅视智能科技有限公司
18005691856.txt$$$$合肥奇创门窗有限公司
18005694869.txt$$$$合肥永安电梯有限公司
18005694869_1.txt$$$$合肥永安电梯有限公司
18005694869_2.txt$$$$合肥永安电梯有限公司
18005699879.txt$$$$合肥固强保温工程有限公司
18005699879_1.txt$$$$合肥固强保温工程有限公司
