13809277016_2.txt$$$$东莞知音塑胶有限公司
13809277016_3.txt$$$$东莞知音塑胶有限公司
13809277244.txt$$$$东莞市宏立基线缆实业有限公司
13809283554.txt$$$$广州三森健康产业科技有限公司
13809283554_1.txt$$$$广州三森健康产业科技有限公司
13809283554_2.txt$$$$广州三森健康产业科技有限公司
13809285587.txt$$$$广东远舟货运代理有限公司
13809310773.txt$$$$兰州互帮五金工具有限责任公司
13809313640.txt$$$$甘肃大华月输送带有限公司
13809314834.txt$$$$七里河区长顺机电维修
13809419843.txt$$$$常州江立办公设备有限公司南方营销中心
13809443819.txt$$$$贵州来运红搬家服务有限公司
13809489185.txt$$$$贵州团达智慧云科技有限公司
13809502732.txt$$$$福州美乐鞋业有限公司
13809510203.txt$$$$福州一飞教育培训学校
13809510282.txt$$$$福建阿姆斯壮流体成套设备有限公司
13809531969.txt$$$$福州融方机械设备技术服务有限公司
13809612459.txt$$$$东莞建和电子有限公司
13809615610.txt$$$$东莞市科诺亚机械配件有限公司
13809618516.txt$$$$东莞市创盟电器科技有限公司
13809618802.txt$$$$广东杜巴新材料科技有限公司
13809622578.txt$$$$东莞市鸿塑包装材料有限公司
13809629596.txt$$$$东莞市美韩电子科技有限公司
13809630798.txt$$$$东莞市海量不锈钢水箱有限公司
13809630931.txt$$$$东莞市活泉机械设备有限公司
13809630931_1.txt$$$$东莞市活泉机械设备有限公司
13809630931_2.txt$$$$东莞市活泉机械设备有限公司
13809636906.txt$$$$东莞市领一电子有限公司
13809637070.txt$$$$东莞市三嘉光学科技有限公司
13809637669.txt$$$$东莞市奥达机械有限公司
