18719052725.txt$$$$深圳市帝富莱科技有限公司
18719211531.txt$$$$佛山市中安亿科新材料有限公司
18719390439.txt$$$$贵阳艾诺基壁挂炉销售服务中心
18719402885.txt$$$$广州朗玛篷房技术有限公司
18719576547.txt$$$$山东安达兴塑料有限公司
18719771647.txt$$$$滨州茂进全绳网有限公司
18719785233.txt$$$$兰州云泰物业管理有限责任公司
18719789119.txt$$$$甘肃兰州强盾消防设备有限公司
18720016993.txt$$$$临沂成功起重有限公司
18720042482.txt$$$$苏州温斯帕新型建材有限公司
18720042482_1.txt$$$$苏州温斯帕新型建材有限公司
18720042482_2.txt$$$$苏州温斯帕新型建材有限公司
18720049101.txt$$$$江西瑞州汽运集团鸿裕汽运有限公司
18720057873.txt$$$$南昌沪航起重机械有限公司
18720057873_1.txt$$$$南昌沪航起重机械有限公司
18720083787.txt$$$$南昌盛宇舞台桁架厂
18720220338.txt$$$$九江美奥建筑工程有限公司
18720232322.txt$$$$安徽九鑫管道工程有限公司
18720263265.txt$$$$德清石小牧电子商务有限公司
18720666526.txt$$$$云南钢旭贸易有限公司
18720778608.txt$$$$东莞市宏信机电工程有限公司
18721036523.txt$$$$安徽全科包装制品有限公司
18721036523_1.txt$$$$安徽全科包装制品有限公司
18721036523_2.txt$$$$安徽全科包装制品有限公司
18721055827.txt$$$$上海来惠酒店设备有限公司
18721085986.txt$$$$台州市黄岩必诺机械有限公司
18721109223.txt$$$$上海越流网络科技有限公司
18721121561.txt$$$$湖南中亿住工建筑科技有限公司
18721148941.txt$$$$上海协仝电气科技有限公司
18721148941_1.txt$$$$上海协仝电气科技有限公司
