15660605656_2.txt$$$$河南君诺环保科技有限公司
15660605678.txt$$$$河南联德环保科技有限公司
15660605678_1.txt$$$$河南联德环保科技有限公司
15660605678_10.txt$$$$河南沃杰森环保科技有限公司
15660605678_2.txt$$$$河南联德环保科技有限公司
15660605678_3.txt$$$$河南联德环保科技有限公司
15660605678_4.txt$$$$河南沃杰森环保科技有限公司
15660605678_5.txt$$$$河南沃杰森环保科技有限公司
15660605678_6.txt$$$$河南沃杰森环保科技有限公司
15660605678_7.txt$$$$河南沃杰森环保科技有限公司
15660605678_8.txt$$$$河南沃杰森环保科技有限公司
15660605678_9.txt$$$$河南沃杰森环保科技有限公司
15660672566.txt$$$$南阳宝欣工程机械有限公司
15660709222.txt$$$$苏州锐诺实验室系统工程有限公司
15660713820.txt$$$$商丘福达食品机械有限责任公司
15660713920.txt$$$$商丘市实泰博商贸有限公司
15660717391.txt$$$$上海新迹展览服务有限公司
15660879969.txt$$$$焦作市虹泰防腐材料有限公司
15661023170.txt$$$$内蒙古波鼎装饰工程有限公司
15661032713.txt$$$$内蒙古老泡儿啤酒有限公司
15661144666.txt$$$$内蒙古赫邦环保科技有限公司
15661385958.txt$$$$内蒙古哈木格能源工程有限公司
15661442443.txt$$$$沈阳铂莱特流体设备有限公司
15661499319.txt$$$$包头市凯耐得科技发展有限公司
15662002567.txt$$$$泰安润成新材料有限公司
15662006577.txt$$$$泰安市凯能热能科技有限公司
15662016401.txt$$$$山东万高工程材料有限公司
15662021866.txt$$$$泰安泰山力源机械科技有限公司
15662026128.txt$$$$泰安恒通洗砂机生产线机械制造厂
15662059668.txt$$$$泰安市龙铁钢材有限公司
