13953400012.txt$$$$德州江峰空调配件有限公司
13953400063.txt$$$$德州飞腾筑路机械有限公司
13953400544.txt$$$$德州奥鑫空调设备有限公司
13953403234.txt$$$$山东华辰塑业有限公司
13953412667.txt$$$$德州建工机电设备有限公司
13953416001.txt$$$$德州东迈减速机有限公司
13953416001_1.txt$$$$德州东迈减速机有限公司
13953416001_2.txt$$$$德州东迈减速机有限公司
13953416241.txt$$$$宁津县永胜输送设备厂
13953416286.txt$$$$宁津县环宇电扶梯部件有限公司
13953416569.txt$$$$宁津县朝辉海绵机械加工中心
13953425327.txt$$$$德州亚科液压机械自动化设备有限公司
13953426466.txt$$$$德州约特通风设备有限公司
13953426466_1.txt$$$$德州约特通风设备有限公司
13953426466_2.txt$$$$德州约特通风设备有限公司
13953428692.txt$$$$临邑隆祥润滑油有限公司
13953429696.txt$$$$德州耀华土工材料有限公司
13953431399.txt$$$$滨州瀚淼环保设备有限公司
13953431523.txt$$$$德州永旺油漆销售有限公司
13953431788.txt$$$$山东默科润滑油有限公司
13953431889.txt$$$$德州利环农机设备有限公司
13953432805.txt$$$$山东武城华源水箱有限公司
13953432833.txt$$$$德州科禄格风机有限公司
13953432833_1.txt$$$$德州科禄格风机有限公司
13953434228.txt$$$$山东迅淼净化设备有限公司
13953438606.txt$$$$山东拓兴塑料制品有限公司
13953438606_1.txt$$$$山东拓兴塑料制品有限公司
13953445950.txt$$$$宁津中原网链厂
13953449342.txt$$$$德州华钢通风设备有限公司
13953450597.txt$$$$山东德州盛源空调设备有限公司
