18750128772.txt$$$$福州市绿巢环保科技有限公司
18750191852.txt$$$$福州芋家人餐饮管理有限公司
18750223765.txt$$$$厦门成达斯橡胶密封有限公司
18750678080.txt$$$$福建惠安富士熙和石业有限公司
18750678080_1.txt$$$$福建惠安富士熙和石业有限公司
18750902238.txt$$$$福建亿汇鑫电子手工外发合作有限公司
18750918187.txt$$$$厦门安贸通科技有限公司
18750930818.txt$$$$厦门沧晟净化科技有限公司
18751071888.txt$$$$宿迁兴科广告设备有限公司
18751088881.txt$$$$苏州聚台美味餐饮管理有限公司
18751113553.txt$$$$常熟市星火教育科技有限公司
18751158188.txt$$$$上海荣鸿木业有限公司
18751186507.txt$$$$昆山达瑞美电子有限公司
18751216188.txt$$$$常州金纬片板设备制造有限公司
18751396516.txt$$$$南通中格电气有限公司
18751457118.txt$$$$常州威特福工具有限公司
18751551575.txt$$$$无锡元通优品科技有限公司
18751666230.txt$$$$邳州市恒运银杏苗木基地
18751781534.txt$$$$徐州赛百味有限公司
18751853571.txt$$$$南京晟杰信息技术有限公司
18751884486.txt$$$$南京圣祥电气自动化有限公司
18751897866.txt$$$$南京宁庐节能科技有限公司
18751942509.txt$$$$南京圣女果信息科技有限公司
18751989520.txt$$$$南京迪普冷暖设备有限公司
18751989520_1.txt$$$$南京迪普冷暖设备有限公司
18751994142.txt$$$$南京聚航科技有限公司
18752037801.txt$$$$南京杭叉物流设备有限公司
18752416728.txt$$$$宝应台球桌厂
18752460032.txt$$$$佛山智汇君彰新材料科技有限公司
18752560771.txt$$$$扬州市浩海液压设备制造有限公司
