17337725828_1.txt$$$$郑州天之顺园林绿化工程有限公司
17337725828_2.txt$$$$郑州天之顺园林绿化工程有限公司
17337928603.txt$$$$洛阳天泰环境科技有限公司
17337928703.txt$$$$天泰水处理科技有限公司
17337933563.txt$$$$洛阳腾昌旭坤生物科技有限公司
17337942260.txt$$$$河南德远橡塑制有限公司
17337990499.txt$$$$洛阳东宏新材料科技有限线公司
17338329597.txt$$$$重庆清鼎餐饮管理有限公司
17338383855.txt$$$$重庆巨人管道配件有限公司
17339116453.txt$$$$河南精恒机械设备有限公司
17339162665.txt$$$$河南振首机械设备有限公司
17339181842.txt$$$$焦作墨香包装设备有限公司
17339375552.txt$$$$河南省鲲华生物技术有限公司
17339532851.txt$$$$漯河市盛粮生物科技有限公司
17340098970.txt$$$$四川鑫农盛农业有限公司
17340121237.txt$$$$北京麦尔化工科技有限公司
17340367245.txt$$$$陕西川丰机电科技有限公司
17340609091.txt$$$$海南中兆工程有限公司
17340754111.txt$$$$沧州格锐特钻头有限公司
17340767794.txt$$$$武汉千材电气有限公司
17340837880.txt$$$$河北联佰树脂有限公司
17340919875.txt$$$$邢台三旗机械设备制造有限公司
17340919875_1.txt$$$$邢台三旗机械设备制造有限公司
17340919875_2.txt$$$$邢台三旗机械设备制造有限公司
17341226060.txt$$$$宁夏鑫茂原冷链物流专业合作社
17342058704.txt$$$$佛山市南海区远陶机电设备有限公司
17342957879.txt$$$$陕西瑞新电子科技有限公司
17343032665.txt$$$$北京爱科智慧科技有限公司
17343032665_1.txt$$$$北京爱科智慧科技有限公司
17343032665_2.txt$$$$北京爱科智慧科技有限公司
