15517521333.txt$$$$河南中泰重工科技有限公司
15517528779.txt$$$$巩义市钒宇型碳有限公司
15517532628.txt$$$$河南鑫丰牧环保科技有限公司
15517540612.txt$$$$北京东信展览有限公司
15517561292.txt$$$$郑州顺和智能卡有限公司
15517571175.txt$$$$巩义市宏瑞耐火材料有限公司
15517571175_1.txt$$$$巩义市宏瑞耐火材料有限公司
15517571175_2.txt$$$$巩义市宏瑞耐火材料有限公司
15517573888.txt$$$$郑州市佰鑫机械有限公司
15517585977.txt$$$$郑州超裕耐火材料有限公司
15517589868.txt$$$$巩义市富旺源机械销售有限公司
15517589868_1.txt$$$$巩义市富旺源机械销售有限公司
15517589868_2.txt$$$$巩义市富旺源机械销售有限公司
15517709595.txt$$$$南阳汉锋源科技有限公司
15517802032.txt$$$$河南省煜邦冶金科技有限公司
15517905555.txt$$$$洛阳马头实业发展有限公司
15517905555_1.txt$$$$洛阳马头实业发展有限公司
15517905555_2.txt$$$$洛阳马头实业发展有限公司
15517905555_3.txt$$$$洛阳马头实业发展有限公司
15517928512.txt$$$$洛阳国润新材料科技股份有限公司
15517928512_1.txt$$$$洛阳国润新材科技股份有限公司
15517973377.txt$$$$洛阳市恩泰金属材料有限公司
15517991971.txt$$$$洛阳互惠环保科技有限公司
15517993401.txt$$$$洛阳广盈机械设备有限公司
15517999939.txt$$$$洛阳德瑞克重工环保机械有限公司
15518082122.txt$$$$河南中奥防火材料有限公司
15518275577.txt$$$$漯河市地特威生物科技有限公司
15518300006.txt$$$$河南啄木鸟涂料有限公司
15518500031.txt$$$$焦作市世佳节能换热设备有限公司
15518535408.txt$$$$濮阳直流电机技术有限公司
