18235998806_5.txt$$$$夏县安信节能风机制造有限公司
18236092163.txt$$$$濮阳市千脑汇金升电脑经营部
18236139911.txt$$$$辉县市开元石材有限公司
18236376268.txt$$$$商丘市城乡一体化示范区顺心防腐木销售部
18236409015.txt$$$$河南艺境空间文化传播有限公司
18236409015_1.txt$$$$河南艺境空间文化传播有限公司
18236410987.txt$$$$河南欧远建材有限公司
18236412645.txt$$$$河南科进网络科技有限公司
18236650687.txt$$$$河南永宝盛钢铁销售有限公司
18236663769.txt$$$$舞钢市万容钢铁贸易有限公司
18236708663.txt$$$$河南智联环保科技有限公司
18236752708.txt$$$$河南斯鼎装饰工程有限公司
18236752708_1.txt$$$$河南斯鼎装饰工程有限公司
18236752708_2.txt$$$$河南斯鼎装饰工程有限公司
18236757202.txt$$$$郑州德兰门业有限公司
18236772576.txt$$$$河南力安测控科技有限公司
18236775010.txt$$$$郑州中天实业有限公司
18236790900.txt$$$$郑州市金水区樊红岗锁具
18236796281.txt$$$$河南省郑州市上街区游乐设备机械制造有限公司
18236796281_1.txt$$$$郑州金山游乐设备机械制造有限公
18236796281_2.txt$$$$河南郑州上街金山游乐设备有限公司
18236796281_3.txt$$$$郑州市金山游乐设备机械制造有限公司
18236796281_4.txt$$$$郑州市上街区游乐设备有限公司
18236796281_5.txt$$$$河南省郑州上街区金山游乐设备机械制造有限公司
18236799616.txt$$$$郑州联众环保设备有限公司
18236906068.txt$$$$郑州乐宇重工机械设备有限公司
18236915979.txt$$$$焦作淄华塑胶管业有限公司
18236915979_1.txt$$$$焦作淄华塑胶管业有限公司
18236915979_2.txt$$$$焦作淄华塑胶管业有限公司
18236936920.txt$$$$河南星伟隆制冷设备有限公司
