13869656688.txt$$$$高密市金圣园林工程有限公司
13869657189.txt$$$$青州市正兴机械厂
13869657505.txt$$$$青州市鼎科机械设备有限公司
13869658389.txt$$$$高密市中科容器厂
13869658389_1.txt$$$$高密市中科容器厂
13869658389_2.txt$$$$高密市中科容器厂
13869661232.txt$$$$寿光市顺发卷帘机有限公司
13869661921.txt$$$$寿光市鸿宇盐化机械设备有限公司
13869661921_1.txt$$$$寿光市鸿宇盐化机械设备有限公司
13869665938.txt$$$$潍坊市昊烨防水材料有限公司
13869665938_1.txt$$$$潍坊市昊烨防水材料有限公司
13869672739.txt$$$$潍坊晨丰发电设备有限公司
13869673985.txt$$$$青州市君诚花卉苗木专业合作社
13869675111.txt$$$$潍坊广顺金属制品有限公司
13869683781.txt$$$$诸城腾宇机械有限公司
13869685958.txt$$$$山东众诺温控设备有限公司
13869695195.txt$$$$青州市旭源建材机械厂
13869695195_1.txt$$$$青州市旭源建材机械厂
13869697952.txt$$$$高密市景远建筑节能开发有限公司
13869697952_1.txt$$$$高密市景远建筑节能开发有限公司
13869697952_2.txt$$$$高密市景远建筑节能开发有限公司
13869697952_3.txt$$$$高密市景远建筑节能开发有限公司
13869699576.txt$$$$潍坊兰亭化工有限公司
13869699576_1.txt$$$$潍坊兰亭化工有限公司
13869699576_2.txt$$$$潍坊兰亭化工有限公司
13869808826.txt$$$$青岛天海胶带科技有限公司
13869821456.txt$$$$香港康祺国际集团有限公司
13869824228.txt$$$$青岛诚合瑞通机电设备有限公司
13869827277.txt$$$$青岛远博通信工程有限公司
13869856688.txt$$$$青岛万路通物流有限公司
