18171417280.txt$$$$湖北北氧启创医疗设备有限公司
18171444786.txt$$$$武汉东湖生态旅游风景区新叶园艺资材批发部
18171449997.txt$$$$武汉市东西湖区隆尧诚信阀门经营部
18171507686.txt$$$$武汉昆泽机电设备有限公司
18171509148.txt$$$$杜肯索斯（武汉）空气分布系统有限公司
18171509217.txt$$$$杜肯新材料(武汉)集团股份有限公司
18171518649.txt$$$$武汉锐器通机电工程有限公司
18171518649_1.txt$$$$武汉锐器通机电工程有限公司
18171518649_2.txt$$$$武汉锐器通机电工程有限公司
18171757097.txt$$$$深圳市鑫鹏盛制冷设备有限公司
18171836708.txt$$$$松滋市全越新型材料厂
18171870979.txt$$$$高新温泉统一新能源车行
18171880888.txt$$$$湖北浩铮机电工程有限公司
18171885506.txt$$$$咸宁市果果电子商务有限公司
18171890853.txt$$$$咸安区进源竹业
18171913392.txt$$$$宜昌宏睿清洁设备有限公司
18171969575.txt$$$$湖北合一科技有限公司
18172001623.txt$$$$天津百氏洁环保科技有限公司
18172088443.txt$$$$广西精亿实验室设备有限公司
18172302030.txt$$$$广西南宁市柏萌商贸有限公司
18172323283.txt$$$$南宁市智华广告灯箱制作部
18172336615.txt$$$$南宁市德巨隆水电安装服务有限公司
18172609364.txt$$$$深圳市奥德智能装备有限公司
18172865755.txt$$$$江西立煌通风设备有限公司
18172877088.txt$$$$江西骏逸物流有限公司
18172938309.txt$$$$杭州荣盛家政服务有限公司
18173009311.txt$$$$华容县好味道食品有限公司
18173009311_1.txt$$$$湖南农家烟火食品科技有限公司
18173102222.txt$$$$长沙超源筛网有限公司
18173114505.txt$$$$湖南建繁环保科技有限公司
