15814595825.txt$$$$广州普晶真空设备有限公司
15814623177.txt$$$$深圳市沛城电子科技有限公司
15814642421.txt$$$$北京豪邦杯业有限公司
15814667595.txt$$$$深圳市云友信息技术有限公司
15814759109.txt$$$$深圳市澳科兴环保科技有限公司
15814759109_1.txt$$$$深圳市澳科兴环保科技有限公司
15814759109_2.txt$$$$深圳市澳科兴环保科技有限公司
15814759109_3.txt$$$$深圳市澳科兴环保科技有限公司
15814809568.txt$$$$广州个瑞检测设备有限公司
15814822977.txt$$$$广州鑫奥喷雾设备有限公司
15814826299.txt$$$$广州奇彩鸿办公耗材有限公司
15814826299_1.txt$$$$广州奇彩鸿办公耗材有限公司
15814826299_2.txt$$$$广州奇彩鸿办公耗材有限公司
15814829559.txt$$$$广州皇音建材有限公司
15814884250.txt$$$$广州旭杨国际展览有限公司
15814886250.txt$$$$广州宏富精密五金配件厂
15814888252.txt$$$$广州精科包装设备有限公司
15814899948.txt$$$$广州铂派厨具设备有限公司
15815035088.txt$$$$广东燊灿装饰材料有限公司
15815496363.txt$$$$惠州市吸引力婚纱摄影有限公司
15815503065.txt$$$$深圳市亿创微芯电子有限公司
15815504412.txt$$$$深圳市福田区华盛园艺经营部
15815509378.txt$$$$深圳创新基业科技发展有限公司
15815528248.txt$$$$深圳市锦宏工艺制品有限公司
15815545918.txt$$$$深圳市中州汽车物流有限公司
15815558181.txt$$$$深圳市兴东昌机电有限公司
15815558181_1.txt$$$$深圳市兴东昌机电有限公司
15815558181_2.txt$$$$深圳市兴东昌机电有限公司
15815563123.txt$$$$桂丰三安科技发展有限公司
15815596458.txt$$$$众望环保节能设备有限公司
