15617992289.txt$$$$安阳市有色金属化工有限公司
15617992289_1.txt$$$$安阳市有色金属化工有限公司
15617992289_2.txt$$$$安阳市有色金属化工有限公司
15617994661.txt$$$$安阳市金鹏温室工程有限责任公司
15618078252.txt$$$$上海熙南实业有限公司
15618090005.txt$$$$绿智商务服务有限公司
15618182735.txt$$$$上海广志自动化设备有限公司
15618182870.txt$$$$河南欧仕博环保科技有限公司
15618219957.txt$$$$丹鹿技研科技（上海）有限公司
15618224698.txt$$$$上海博仑润滑油有限公司
15618299298.txt$$$$上海杭幼展览有限公司
15618302397.txt$$$$上海城禾焊接技术有限公司
15618367317.txt$$$$上海绘尚文化传播有限公司
15618371711.txt$$$$佳振电子（上海）有限公司
15618373379.txt$$$$德升集团股份有限公司
15618504979.txt$$$$沧庆机床附件（上海）有限公司
15618516596.txt$$$$上海博计商贸有限公司
15618525892.txt$$$$上海欧蒙实业有限公司
15618625853.txt$$$$极焰科技（上海）有限公司
15618678203.txt$$$$上海捷誊粉体设备有限公司
15618746933.txt$$$$安徽景彩建筑材料有限公司
15618766740.txt$$$$上海亮实激光科技有限公司
15618793108.txt$$$$上海宝缘特种合金有限公司
15618819818.txt$$$$上海丹闵环保科技有限公司
15618821760.txt$$$$上海开艺设计集团有限公司
15618863192.txt$$$$上海墨玺设备租赁服务有限公司
15618884492.txt$$$$上海待武膜结构有限公司
15618896400.txt$$$$上海辉森木业有限公司
15618938126.txt$$$$上海卯金刀电子科技有限公司
15618960573.txt$$$$上海大朗冶金科技有限公司
