13809039538_2.txt$$$$南京奥瀚建筑工程有限公司
13809128060.txt$$$$榆林市新源环保科技有限公司
13809190988.txt$$$$东莞市傲德金属材料有限公司
13809195508.txt$$$$上海秦地纺织品有限公司
13809206596.txt$$$$广州市非帆游乐设备有限公司
13809208205.txt$$$$广州市集木蓄能技术开发有限公司
13809208205_1.txt$$$$广州市集木蓄能技术开发有限公司
13809208205_2.txt$$$$广州市集木蓄能技术开发有限公司
13809214992.txt$$$$佛山市南海区机动车驾驶员培训中心有限公司平洲苏健报名点
13809216912.txt$$$$佛山市乐岩科技有限公司
13809216912_1.txt$$$$佛山市易朗科技有限公司
13809216912_2.txt$$$$佛山市易朗科技有限公司
13809220988.txt$$$$佛山市承通机械有限公司
13809221614.txt$$$$佛山市南海区华仑观色装饰材料厂
13809226256.txt$$$$佛山市历胜物流有限公司
13809228850.txt$$$$佛山市优之采金属制品有限公司
13809241580.txt$$$$广东青龙新材料有限公司
13809244408.txt$$$$广州菱丰通风设备有限公司
13809260802.txt$$$$东莞市怡隆净化科技有限公司
13809261297.txt$$$$东莞市粤绿环保有限公司
13809261297_1.txt$$$$东莞市粤敏环保设备有限公司
13809261385.txt$$$$东莞市腾鹏土石方工程服务有限公司
13809261385_1.txt$$$$广东辉煌建设有限公司
13809269202.txt$$$$东莞市盖利克自动化科技有限公司
13809274265.txt$$$$东莞市金茂源五金制品有限公司
13809275684.txt$$$$广东康久实业有限公司
13809275684_1.txt$$$$东莞市傲德网络科技有限公司
13809275684_2.txt$$$$东莞市傲德网络科技有限公司
13809277016.txt$$$$东莞市骏祥塑胶科技有限公司
13809277016_1.txt$$$$东莞知音塑胶有限公司
