18923853866_1.txt$$$$深圳市华源康电子有限公司
18923853866_2.txt$$$$深圳市华源康电子有限公司
18923856087.txt$$$$深圳市誉林家具有限公司
18923858848.txt$$$$深圳市法士威精密零件有限公司
18923859415.txt$$$$深圳市鑫飞装饰设计工程有限公司
18923866604.txt$$$$深圳市华宇信机械设备有限公司
18923868016.txt$$$$深圳市大运发物流有限公司
18923870646.txt$$$$深圳市深圳市拓显通科技有限公司
18923870646_1.txt$$$$深圳市拓显通科技有限公司
18923884225.txt$$$$深圳市博比装饰工程有限公司
18924008057.txt$$$$广州尔雅品牌策划有限公司
18924036402.txt$$$$广州共至油脂化学有限公司
18924036402_1.txt$$$$广州共至油脂化学有限公司
18924037260.txt$$$$佛山市鹿角巷餐饮管理有限公司
18924040989.txt$$$$广州艾蜜优餐饮管理有限公司
18924059615.txt$$$$广州丹同化工有限公司
18924086180.txt$$$$广州三迪沃信息技术有限公司
18924106593.txt$$$$广州市远景达科技开发有限公司
18924115906.txt$$$$广州多乐信电器有限公司
18924129194.txt$$$$广州沃力机械设备有限公司
18924129201.txt$$$$广州艾韦迅信息有限公司
18924133358.txt$$$$广州睿沣新化工科技有限公司
18924133358_1.txt$$$$广州睿沣新化工科技有限公司
18924133358_2.txt$$$$广州睿沣新化工科技有限公司
18924135551.txt$$$$广州力动健康科技有限公司
18924135551_1.txt$$$$广州力动健康科技有限公司
18924135551_2.txt$$$$广州力动健康科技有限公司
18924136196.txt$$$$广州市线科电路科技有限公司
18924160075.txt$$$$广州壬文广告有限公司
18924167745.txt$$$$广州睿显创电子科技有限公司
