13890975613.txt$$$$五粮盛世有限公司
13891061142.txt$$$$咸阳市渭城区雄焕宠物服务部
13891304389.txt$$$$陕西西瓜哈密瓜金太阳杏油桃红富士苹果专业合作社
13891541052.txt$$$$西安和谐宠物服务有限公司
13891541052_1.txt$$$$西安和谐宠物服务有限公司
13891541052_2.txt$$$$西安和谐宠物服务有限公司
13891713835.txt$$$$宝鸡恒达鑫隆工贸有限公司
13891738800.txt$$$$宝鸡大秦铁路轨道车辆有限公司
13891752070.txt$$$$万佳市政工程有限公司
13891787655.txt$$$$宝鸡市润泽环保工程有限公司
13891834587.txt$$$$西安亚川电力有限公司
13891853856.txt$$$$陕西钰尚园林绿化工程有限责任公司
13891862138.txt$$$$陕西鸿硕汽车服务有限公司
13891870068.txt$$$$陕西昌鹏机电设备有限公司
13891881607.txt$$$$西安伟拓利工业自动化设备有限公司
13891897928.txt$$$$西安立森生物科技有限公本公司
13891903673.txt$$$$西安力信仓储设备有限公司
13891919837.txt$$$$深圳市再创达科技有限公司（西安分公司）
13891947152.txt$$$$西安艾贝尔科技发展有限公司
13891978927.txt$$$$西安光洋电子科技有限公司
13891992272.txt$$$$西安康特塑胶体育制品有限公司
13891992272_1.txt$$$$西安康特塑胶体育制品有限公司
13891992272_2.txt$$$$西安康特塑胶体育制品有限公司
13891993367.txt$$$$优尼可尔（西安）动力科技有限公司
13892453206.txt$$$$宝鸡威特朗机械有限公司
13892697058.txt$$$$汉中恒丰装饰工程有限公司
13892734707.txt$$$$宝鸡万工机械制造有限公司
13892837069.txt$$$$西安川普环保科技有限公司
13892852576.txt$$$$西安蓉杰体育设施有限公司
13892885326.txt$$$$南方泵业(西安)有限公司
