18955162216.txt$$$$合肥市顺昌达轻钢结构有限公司
18955164950.txt$$$$合肥展腾安防设备有限公司
18955164950_1.txt$$$$合肥展腾安防设备有限公司
18955164950_2.txt$$$$合肥展腾安防设备有限公司
18955165280.txt$$$$安徽迅诚环卫装备有限公司
18955166058.txt$$$$合肥展博商贸有限公司
18955166058_1.txt$$$$合肥展博商贸有限公司
18955176942.txt$$$$安徽深港影视文化传播有限公司
18955178057.txt$$$$安徽艾美丽电子科技有限公司
18955178057_1.txt$$$$安徽艾美丽电子科技有限公司
18955178057_2.txt$$$$安徽艾美丽电子科技有限公司
18955179364.txt$$$$合肥正皓保温材料有限公司
18955179364_1.txt$$$$合肥正皓保温材料有限公司
18955179364_2.txt$$$$合肥正皓保温材料有限公司
18955179364_3.txt$$$$合肥正皓保温材料有限公司
18955187325.txt$$$$安徽盛世基业智能停车管理有限公司
18955187325_1.txt$$$$安徽盛世基业智能停车管理有限公司
18955199038.txt$$$$安徽省保险箱厂
18955199038_1.txt$$$$安徽银领办公家具有限公司
18955199038_2.txt$$$$安徽省保险箱厂
18955199038_3.txt$$$$安徽银领办公家具有限公司
18955199038_4.txt$$$$安徽省保险箱厂
18955202987.txt$$$$安徽博锐玻璃机械有限公司
18955308075.txt$$$$安徽斯诺焊接器材有限公司
18955315036.txt$$$$安徽亮迪房屋维修工程有限公司
18955315036_1.txt$$$$安徽亮迪房屋维修工程有限公司
18955315036_2.txt$$$$安徽亮迪房屋维修工程有限公司
18955330400.txt$$$$芜湖市凌安通风设备有限公司
18955330400_1.txt$$$$芜湖市凌安通风设备有限公司
18955330400_2.txt$$$$芜湖市凌安通风设备有限公司
