13724200090.txt$$$$深圳市兴万达电子科技有限公司
13724223587.txt$$$$广州字圆工艺品有限公司
13724225863.txt$$$$深圳市群索科技有限公司
13724240537.txt$$$$长途货车调度
13724249458.txt$$$$东莞市鑫鸿辉薄膜实业有限公司
13724249458_1.txt$$$$东莞市鑫鸿辉薄膜实业有限公司
13724249458_2.txt$$$$东莞市鑫鸿辉薄膜实业有限公司
13724289692.txt$$$$广州雅达通国际物流有限公司
13724299517.txt$$$$深圳市宝安区松岗乔丰塑胶经营部
13724299517_1.txt$$$$深圳乔丰塑胶有限公司
13724299517_2.txt$$$$深圳市宝安区松岗乔丰塑胶经营部
13724299517_3.txt$$$$深圳市宝安区松岗乔丰塑胶经营部
13724314481.txt$$$$深圳市美的维修公司
13724314481_1.txt$$$$深圳市大众再生资源回收拆迁公司
13724314481_2.txt$$$$深圳市大众再生资源回收有限公司
13724319701.txt$$$$广东恒和体育博览中心有限公司
13724331280.txt$$$$深圳市纬迪实业发展有限公司
13724331280_1.txt$$$$深圳市纬迪实业发展有限公司
13724331280_2.txt$$$$深圳市纬迪实业发展有限公司
13724343598.txt$$$$深圳大跃电机实业有限公司
13724408346.txt$$$$科力传感器科技（东莞）有限公司
13724415008.txt$$$$東莞市偉一模具科技有限公司
13724415008_1.txt$$$$東莞市偉一模具科技有限公司
13724426623.txt$$$$东莞市盛野电子有限公司
13724426623_1.txt$$$$东莞市盛野电子有限公司
13724426623_2.txt$$$$东莞市盛野电子有限公司
13724428885.txt$$$$东莞市横沥华工轴承商行
13724456288.txt$$$$东莞市和泰鞋材有限公司
13724456288_1.txt$$$$东莞市和泰鞋材有限公司
13724456288_2.txt$$$$东莞市和泰鞋材有限公司
