15656066982.txt$$$$安徽久协质量认证检测有限公司
15656066982_1.txt$$$$安徽久协质量认证检测有限公司
15656066982_2.txt$$$$安徽久协质量认证检测有限公司
15656203913.txt$$$$上海柏南科技有限公司
15656270666.txt$$$$铜陵市悦城新型保温材料科技有限公司
15656515221.txt$$$$安徽鑫动力管理咨询有限公司
15656515221_1.txt$$$$安徽鑫动力管理咨询有限公司
15656515221_2.txt$$$$安徽鑫动力管理咨询有限公司
15656518003.txt$$$$安徽蓝脸墙体手绘有限公司
15656556666.txt$$$$金寨县齐远木业有限公司
15656556666_1.txt$$$$金寨县齐远木业有限公司
15656556666_2.txt$$$$金寨县齐远木业有限公司
15656622335.txt$$$$上海励新展览有限公司
15656780006.txt$$$$宿州市东达木业有限公司
15656912340.txt$$$$合肥维顶物资回收有限公司
15656955678.txt$$$$合肥宇浩物资有限公司
15656986093.txt$$$$合肥美润净化科技有限公司
15656990670.txt$$$$安徽正鼎亿商业运营管理有限公司
15656990912.txt$$$$世远航会展有限公司
15656991607.txt$$$$安徽安大华泰新材料有限公司
15656991607_1.txt$$$$安徽安大华泰新材料有限公司
15656991607_2.txt$$$$安徽安大华泰新材料有限公司
15657103613.txt$$$$深圳市老本行环保科技有限公司
15657113050.txt$$$$杭州匠人网络科技有限公司
15657562599.txt$$$$新昌县龙翔纺织有限公司
15657917333.txt$$$$东阳市南马满圆红红木家具有限公司
15657917333_1.txt$$$$东阳市南马满圆红红木家具有限公司
15657917333_2.txt$$$$东阳市南马满圆红红木家具有限公司
15657920135.txt$$$$永康市城龙模具厂
15657920135_1.txt$$$$东阳市铭华古典红木家具有限公司
