13981807538.txt$$$$四川崇州市声誉酒厂
13981853772.txt$$$$成都盛腾宇展广告有限责任公司
13981853772_1.txt$$$$成都盛腾宇展广告有限责任公司
13981853772_2.txt$$$$成都盛腾宇展广告有限责任公司
13981920800.txt$$$$成都战洁环保科技有限公司
13981932511.txt$$$$成都市贝迪母婴服务有限公司
13981982648.txt$$$$成都市华粮酿造原料有限公司
13982201237.txt$$$$成都安程货运代理有限公司
13982246193.txt$$$$成都蜀味缘餐饮管理有限公司
13982282471.txt$$$$俊川科技有限公司
13982288988.txt$$$$四川盛世麒麟食品有限公司
13982288988_1.txt$$$$四川盛世麒麟食品有限公司
13982301951.txt$$$$成都艾瑞卡家居用品有限公司
13982398614.txt$$$$攀枝花市锦华永业科技有限公司
13982618797.txt$$$$四川广安发电有限责任公司
13982754937.txt$$$$成都博世杰塑胶制品有限公司
13983013411.txt$$$$重庆维联管道设施有限公司
13983027517.txt$$$$重庆春鹏预应力钢绞线有限公司
13983031058.txt$$$$重庆犇牛皮业有限公司
13983031058_1.txt$$$$重庆犇牛皮业有限公司
13983031058_2.txt$$$$重庆犇牛皮业有限公司
13983033203.txt$$$$重庆科冠涂料化工有限公司
13983077618.txt$$$$重庆维庆液压机械有限公司
13983078732.txt$$$$重庆嘉禾会议展览有限公司
13983085031.txt$$$$重庆恒骏物流
13983086618.txt$$$$重庆联宏锅炉设备有限公司
13983086618_1.txt$$$$重庆联宏锅炉设备有限公司
13983086618_2.txt$$$$重庆联宏锅炉设备有限公司
13983091968.txt$$$$友信（重庆）电器有限公司
13983091968_1.txt$$$$友信（重庆）电器有限公司
