15305620088.txt$$$$铜陵市京华商贸有限公司
15305690306.txt$$$$江苏德聚仁金属制品
15305721780.txt$$$$浙江中瑞防火门窗有限公司
15305783306.txt$$$$帝虎门业有限公司
15305850960.txt$$$$绍兴清道夫环保工程有限公司
15305920686.txt$$$$福州日辉机电设备有限公司
15306004236.txt$$$$江苏西蒙电气有限公司
15306103839.txt$$$$丹阳市奥威灯罩有限公司
15306138389.txt$$$$天瑞仪器(中国)股份有限公司
15306158945.txt$$$$江苏森维电子有限公司
15306167156.txt$$$$瑞顿机械装备制造江阴有限公司
15306181685.txt$$$$无锡布尔泰能源科技有限公司
15306196052.txt$$$$无锡拓龙科技发展有限公司
15306196052_1.txt$$$$无锡拓龙科技发展有限公司
15306196052_2.txt$$$$无锡拓龙科技发展有限公司
15306205237.txt$$$$苏州斯龙特包装有限公司
15306217066.txt$$$$江苏中意智机电工程有限公司
15306265299.txt$$$$昆山茂祯胶粘带制品厂
15306268207.txt$$$$昆山市亨那语言培训有限公司
15306353089.txt$$$$山东鑫泽源射线防护工程有限公司
15306353600.txt$$$$聊城市亨通管业有限公司
15306354596.txt$$$$聊城市兴海物资有限公司
15306355282.txt$$$$临清市锐力机械有限公司
15306355544.txt$$$$山东溢恩钢材有限公司
15306357788.txt$$$$山东茂盛建筑工程有限公司
15306360077.txt$$$$诸城鑫泰新材料有限公司
15306360077_1.txt$$$$诸城鑫泰新材料有限公司
15306360077_2.txt$$$$诸城鑫泰新材料有限公司
15306361242.txt$$$$临朐云磊家具有限公司
15306393518.txt$$$$青岛千城通网络科技有限公司
