13798168761.txt$$$$广州东际国际货运代理有限公司
13798168761_1.txt$$$$广州东际国际货运代理有限公司
13798168761_2.txt$$$$广州东际国际货运代理有限公司
13798175573.txt$$$$广州隆盛包装材料制品厂
13798181037.txt$$$$广州思成灯光音响科技有限公司
13798190649.txt$$$$广州奥松电子有限公司
13798193721.txt$$$$广州市卡莱斯汽车用品有限公司
13798200469.txt$$$$深圳市中陆运通轿车运输有限公司
13798220517.txt$$$$深圳市宝安区松岗信易钛材五金商行
13798220517_1.txt$$$$深圳市宝安区松岗信易钛材五金商行
13798220517_2.txt$$$$深圳市宝安区松岗信易钛材五金商行
13798222273.txt$$$$沃德卡（深圳）新能源汽车有限公司
13798230743.txt$$$$深圳坪山物流
13798230743_1.txt$$$$飞腾货运部
13798235575.txt$$$$深圳市众益铭牌科技有限公司
13798243356.txt$$$$广东安浩电气设备有限公司
13798243356_1.txt$$$$广东安浩电气设备有限公司
13798243356_2.txt$$$$深圳安浩五金有限公司
13798243356_3.txt$$$$广东安浩电气设备有限公司
13798243356_4.txt$$$$广东安浩电气设备有限公司
13798246429.txt$$$$深圳伯爵电梯工程有限公司
13798249506.txt$$$$深圳市德载物流有限公司
13798254081.txt$$$$深圳市大运发物流有限公司
13798254081_1.txt$$$$深圳市大运发物流有限公司
13798262531.txt$$$$深圳市安斯达润滑油有限公司
13798272308.txt$$$$深圳市振欢电子有限公司
13798282978.txt$$$$深圳市三嘉伟业塑胶五金制品有限公司
13798289261.txt$$$$深圳市浩鑫达仪器有限公司
13798291814.txt$$$$深圳市隆禾测科技有限公司
13798307301.txt$$$$深圳市卓而雅家具科技有限公司
