13905280720.txt$$$$江苏科辰工程装备有限公司
13905282589.txt$$$$镇江市金华铝业有限公司
13905283884.txt$$$$扬中市荣达电器设备有限公司
13905285019.txt$$$$江苏宏强电气集团有限公司
13905285398.txt$$$$镇江市神龙电器管件有限公司
13905285402.txt$$$$扬中市振兴机电设备有限公司
13905288006.txt$$$$镇江市现代能源有限公司
13905288027.txt$$$$镇江市沪扬电器成套有限公司
13905288027_1.txt$$$$镇江市沪扬电器成套有限公司
13905288139.txt$$$$镇江博纳德电仪有限公司
13905288240.txt$$$$江苏希莱得暖通设备有限公司
13905289171.txt$$$$镇江芃兴橡塑制品有限公司
13905289171_1.txt$$$$镇江芃兴橡塑制品有限公司
13905289171_2.txt$$$$镇江芃兴橡塑制品有限公司
13905289639.txt$$$$镇江华翔机电制造有限公司
13905295155.txt$$$$江苏科博车业科技有限公司
13905298797.txt$$$$句容市鼎盛纸箱包装有限公司
13905299355.txt$$$$句容市茅山镇春城湖生态农庄
13905320730.txt$$$$青岛电子检测仪器厂
13905323713.txt$$$$青岛海牛多轴钻机床有限公司
13905323713_1.txt$$$$青岛辰华机械设备有限公司
13905338182.txt$$$$山东美煜智能科技有限公司
13905338182_1.txt$$$$山东美煜智能科技有限公司
13905338182_2.txt$$$$山东美煜智能科技有限公司
13905340329.txt$$$$武城县日月升通风设备制造厂
13905340329_1.txt$$$$武城县日月升通风设备制造厂
13905345059.txt$$$$宁津县鑫昌达机械有限公司
13905346236.txt$$$$德州天于空调设备有限公司
13905349053.txt$$$$平原县宏泰液压机械厂
13905350348.txt$$$$烟台蒂亚食品科技有限公司
