19931859053.txt$$$$廊坊正博保温材料有限公司
19931928660.txt$$$$河北靓仔儿童用品有限公司
19931946345.txt$$$$邢台焊捷机械制造有限公司
19931946345_1.txt$$$$邢台焊捷机械制造有限公司
19931946345_2.txt$$$$邢台焊捷机械制造有限公司
19931946345_3.txt$$$$邢台焊捷机械制造有限公司
19931985867.txt$$$$河北华旗专用汽车制造有限公司
19931985867_1.txt$$$$河北华旗专用汽车制造有限公司
19931985867_2.txt$$$$河北华旗专用汽车制造有限公司
19932006656.txt$$$$河北增圣紧固件制造有限公司
19932006656_1.txt$$$$河北增圣紧固件制造有限公司
19932006656_2.txt$$$$河北增圣紧固件制造有限公司
19932069234.txt$$$$河北傲强金属制品制造有限公司
19932069234_1.txt$$$$河北傲强金属制品制造有限公司
19932069234_2.txt$$$$河北傲强金属制品制造有限公司
19932069234_3.txt$$$$河北傲强金属制品制造有限公司
19932214005.txt$$$$河北千诚环保设备有限公司
19932215333.txt$$$$沧州宽鑫体育器材有限公司
19932215333_1.txt$$$$沧州宽鑫体育器材有限公司
19932215333_2.txt$$$$沧州宽鑫体育器材有限公司
19932241217.txt$$$$河北绿旺环保科技有限公司
19932255727.txt$$$$泊头市顺祥环保机械设备有限公司
19932368280.txt$$$$河北力迈丝网制造有限公司
19933138967.txt$$$$石家庄瑞特泵业有限公司
19933185251.txt$$$$深州市峻佑建筑材料有限公司
19933185956.txt$$$$枣强县纳远环保设备有限公司
19933198139.txt$$$$饶阳县天硕金属丝网制品有限公司
19933264792.txt$$$$泊头市千瑞机械设备有限公司
19933279923.txt$$$$河北荣泰管道保温工程有限公司
19933355533.txt$$$$保定市大进模具制造有限公司
