15830600315.txt$$$$固安县中跃过滤科技有限公司
15830606911.txt$$$$固安县龙沃过滤器材有限公司
15830662468.txt$$$$任丘市君发摩托车配件厂
15830666463.txt$$$$藁城区冯村同兴机械加工厂
15830669903.txt$$$$河北兴港环保设备有限公司
15830671906.txt$$$$赞皇县中天面粉机械制造有限公司
15830671906_1.txt$$$$赞皇县中天面粉机械制造有限公司
15830683656.txt$$$$石家庄嘉聪商贸有限公司
15830744777.txt$$$$邯郸古淼青砖青瓦厂
15830744777_1.txt$$$$邯郸古淼青砖青瓦厂
15830744777_2.txt$$$$邯郸古淼青砖青瓦厂
15830744777_3.txt$$$$邯郸古淼青砖青瓦厂
15830805371.txt$$$$河北金特尔钻头有限公司
15830805371_1.txt$$$$河北金特尔钻头有限公司
15830806135.txt$$$$华油飞达集团有限公司
15830806152.txt$$$$盐山蓝海机床附件制造厂
15830806177.txt$$$$盐山华蒴机床附件制造有限公司
15830806992.txt$$$$沧州奥祥文体用品制造有限公司
15830806992_1.txt$$$$沧州奥祥文体用品制造有限公司
15830806992_2.txt$$$$沧州奥祥文体用品制造有限公司
15830813799.txt$$$$任丘市博纳体育设施有限公司
15830816800.txt$$$$嘉业电力器材
15830826656.txt$$$$沧州名图体育器材制造有限公司
15830934171.txt$$$$河北东圣吊索具制造有限公司
15831013888.txt$$$$河北昊铁轨道装备材料有限公司
15831013888_1.txt$$$$河北昊铁轨道装备材料有限公司
15831013888_2.txt$$$$河北昊铁轨道装备材料有限公司
15831013888_3.txt$$$$河北昊铁轨道装备材料有限公司
15831054344.txt$$$$曲周县康硕车棚加工厂
15831082222.txt$$$$河北亲土生物科技有限公司
