13463426868.txt$$$$唐县艺都雕塑工艺品制造有限公司
13463442263.txt$$$$唐县立昌铜雕工艺品厂
13463607960.txt$$$$固安县梓泰过滤设备厂
13463617780.txt$$$$霸州市城区宏晨电力器材加工制造厂
13463637886.txt$$$$霸州市合乐滤芯厂
13463646763.txt$$$$固安县百盛滤清器厂
13463686308.txt$$$$定州市华龙纺织配件有限公司
13463712520.txt$$$$任丘市天尚电力器材有限公司
13463712520_1.txt$$$$任丘市天尚电力器材有限公司
13463719710.txt$$$$河北宝成管业有限公司
13463720002.txt$$$$沧州义发体育器材制造有限公司
13463721208.txt$$$$申亿机床附件制造有限公司
13463775959.txt$$$$泊头贵腾环保设备有限公司
13463935503.txt$$$$河北永达注塑件厂
13463935518.txt$$$$邢台盾克汽车配件有限公司
13463935518_1.txt$$$$邢台盾克汽车配件有限公司
13463935518_2.txt$$$$邢台盾克汽车配件有限公司
13463938801.txt$$$$清河县俊旭橡塑制品有限公司
13464131599.txt$$$$铁岭市凡河新城嘉瑞装饰工程有限公司
13464716498.txt$$$$营口美地装饰装修工程有限公司
13465019719.txt$$$$临沂长乐食品经营部
13465045575.txt$$$$曹县晟丰种植有限公司
13465076636.txt$$$$山东源丰食品机械有限公司
13465128998.txt$$$$山东蓝润水产有限公司
13465150168.txt$$$$山东省奥绒服装有限公司
13465165864.txt$$$$武城凤水电动四轮车配件有限公司
13465165864_1.txt$$$$武城凤水电动四轮车配件有限公司
13465182208.txt$$$$武城县鲁权屯金瑞特通风设备厂
13465186927.txt$$$$武城县鲁权屯顺翔空调配件加工厂
13465187502.txt$$$$宁津县泰达橡塑有限公司
