18068326965.txt$$$$无锡垚之久汽车零部件有限公司
18068357107.txt$$$$无锡宏迪金属制品有限公司
18068508200.txt$$$$常州光标环保科技有限公司
18068508200_1.txt$$$$艾普西隆环境科技（常州）有限公司
18068522889.txt$$$$江苏浩旺特照明有限公司
18068523556.txt$$$$常州市强宇金属制品有限公司
18068575580.txt$$$$江苏绿福源车业有限公司
18068575929.txt$$$$新北区春江天亚建材经营部
18068581696.txt$$$$常州武进区牛塘通缘食品机械有限公司
18068594096.txt$$$$正久通风设备有限公司
18068594096_1.txt$$$$正久通风设备有限公司
18068594096_2.txt$$$$正久通风设备有限公司
18068594096_3.txt$$$$正久通风设备有限公司
18068722870.txt$$$$徐州龙君展览服务有限公司
18068729616.txt$$$$江苏洁水神环境工程科技有限公司
18068736970.txt$$$$徐州市美诺电子科技有限公司
18068758376.txt$$$$常州沃特仪器有限公司
18068759290.txt$$$$常州市凯昆自动化设备有限公司
18068771880.txt$$$$常州朝康机械有限公司
18068800076.txt$$$$南京沃天科技有限公司
18068813009.txt$$$$振华测绘仪器有限公司
18068862488.txt$$$$陕西满天星节能科技股份有限公司
18068862488_1.txt$$$$陕西满天星节能科技股份有限公司
18069186512.txt$$$$宁波逸扬天云数码科技有限公司
18069190319.txt$$$$宁波国通环保工程有限公司
18069429881.txt$$$$杭州微企电子商务有限公司
18069502237.txt$$$$浙江东晟康达新材料有限公司
18069533111.txt$$$$绍兴市尚科容器有限公司
18069555151.txt$$$$浙江科诚暖通设备有限公司
18069582494.txt$$$$绍兴市泰亨重工制造有限公司
