15825766600.txt$$$$义乌灵峰包装材料有限公司
15825766686.txt$$$$义乌市煜达箱包厂
15825767513.txt$$$$义乌市祥大教育信息咨询有限公司
15825767513_1.txt$$$$义乌市祥大教育信息咨询有限公司
15825767513_2.txt$$$$义乌市祥大教育信息咨询有限公司
15825775880.txt$$$$义乌锦尚纸制品有限公司
15825790580.txt$$$$义乌阿昊上门回收公司
15825796768.txt$$$$义乌市顶美铁罐厂
15825930360.txt$$$$重庆市九龙坡区永昌办公设备厂
15825931378.txt$$$$重庆气泡膜包装制品有限公司
15826020465.txt$$$$重庆市皇玉庭科技发展有限公司
15826020465_1.txt$$$$重庆市皇玉庭科技发展有限公司
15826020465_2.txt$$$$重庆市皇玉庭科技发展有限公司
15826084643.txt$$$$重庆华阳景观雕塑设计工程有限公司
15826150006.txt$$$$重庆秦力电力电缆制造有限公司
15826199932.txt$$$$重庆保骊能环保节能科技有限公司
15826199932_1.txt$$$$重庆保骊能环保节能科技有限公司
15826199932_2.txt$$$$重庆保骊能环保节能科技有限公司
15826448180.txt$$$$万州区金龙路达玛网络宣传策划室
15826545320.txt$$$$湖北麦浪广告有限公司
15826551235.txt$$$$杨师傅特色小吃技术培训中心
15826593371.txt$$$$深圳市霍尼艾格科技有限公司
15826777703.txt$$$$程力专用汽车股份有限公司
15827001762.txt$$$$武汉市恒泰物流有限公司
15827006575.txt$$$$武汉汇启诚模塑有限公司
15827010640.txt$$$$广东南海意顺科技有限公司
15827011110.txt$$$$武汉良水井饮用水设备有限公司
15827022691.txt$$$$朝阳装饰材料商行
15827022691_1.txt$$$$咸宁市润强防水装饰工程有限公司
15827035147.txt$$$$湖北圣意达体育用品有限公司
