13366690123_2.txt$$$$韩硕明（北京）科技有限公司
13366746950.txt$$$$北京华宇物流
13366749418.txt$$$$北京环亚科泰科技有限公司
13366778185.txt$$$$北京逸海卓诚科技发展有限公司
13366778185_1.txt$$$$北京逸海卓诚科技发展有限公司
13366778185_2.txt$$$$北京逸海卓诚科技发展有限公司
13366802914.txt$$$$北京意诚意科技有限公司
13366838341.txt$$$$联盛科莱德(北京)新型建材有限公司
13366838341_1.txt$$$$联盛科莱德(北京)新型建材有限公司
13366838341_2.txt$$$$联盛科莱德(北京)新型建材有限公司
13366847852.txt$$$$北京明达富强餐饮管理有限公司
13366847855.txt$$$$明达富强（北京）餐饮管理有限公司
13366916500.txt$$$$北京绿洁晨阳环保设备有限公司
13366937016.txt$$$$北京瑞品惠众商贸有限公司
13366940883.txt$$$$北京数智意隆仪器有限公司
13366940883_1.txt$$$$北京数智意隆仪器有限公司
13366940883_2.txt$$$$北京数智意隆仪器有限公司
13366956689.txt$$$$河南国威展览服务有限公司
13366966869.txt$$$$北京朗正风尚商贸有限公司
13366992476.txt$$$$湖南星通汽车制造有限公司
13366998042.txt$$$$北京乔氏维益工程技术有限公司
13367062600.txt$$$$吉安云捷智能科技有限公司
13367081117.txt$$$$南昌潮讯科技有限公司
13367119493.txt$$$$湖北卓远塑业有限责任公司
13367150290.txt$$$$湖北锦睿木业有限公司体育路店
13367151862.txt$$$$咸安区佳丽窗帘店
13367225996.txt$$$$新沂市宝庐缘建材加工厂
13367230478.txt$$$$钟祥市宽盛水泥制品有限公司
13367247207.txt$$$$武汉福斯泰克科技有限公司
13367252525.txt$$$$武汉市艾派智能科技有限公司
