15098689527_2.txt$$$$烟台日日顺乐家物联科技有限公司
15098689527_3.txt$$$$烟台日日顺乐家物联科技有限公司
15098691555.txt$$$$日照市岚山区顺通木材加工厂
15098691555_1.txt$$$$日照市岚山区顺通木材加工厂
15098697568.txt$$$$日照市岚山区欣荣木材加工厂
15098697568_1.txt$$$$日照市岚山区欣荣木材加工厂
15098697568_2.txt$$$$日照市岚山区绿叶木材加工厂
15098697568_3.txt$$$$日照市岚山区绿叶木材加工厂
15098697568_4.txt$$$$日照市岚山区欣荣木材加工厂
15098701981.txt$$$$山东中产纸品有限公司
15098706260.txt$$$$历城区安路货运中心
15098726099.txt$$$$济南鸿利达信息科技有限公司
15098731892.txt$$$$广盛物流
15098731892_1.txt$$$$广盛物流
15098735596.txt$$$$山东腾博塑料制品有限公司
15098747666.txt$$$$山东米斯迪铝业有限公司
15098756216.txt$$$$济南鲁祥交通设施有限公司
15098761613.txt$$$$济南鲁创包装品有限公司
15098766626.txt$$$$山东慧麟机电设备有限公司
15098766626_1.txt$$$$山东慧麟机电设备有限公司
15098766626_2.txt$$$$山东慧麟机电设备有限公司
15098798775.txt$$$$济南鑫德会展服务有限公司
15098819755.txt$$$$济南中科数控设备有限公司
15098828283.txt$$$$济南玖延机械有限公司
15098828283_1.txt$$$$济南玖延机械有限公司
15098846985.txt$$$$济南市腾海机械有限公司
15098846985_1.txt$$$$济南市腾海机械有限公司
15098852601.txt$$$$济南泉金管道配件有限公司
15098854508.txt$$$$济南骐麟传动机械有限公司
15098854531.txt$$$$济南华盈建材有限公司
