13711990013_1.txt$$$$广东新长江环保科技有限公司
13711990013_2.txt$$$$广东新长江环保科技有限公司
13711990055.txt$$$$东莞市柜族集装箱有限公司
13711991002.txt$$$$东莞市乐阳精密电子有限公司
13711998508.txt$$$$东莞市国马实业有限公司
13711998611.txt$$$$东莞市森亚环保科技有限公司
13711999794.txt$$$$东莞湘火炬精密科技有限公司
13711999852.txt$$$$东莞市环鑫科技有限公司
13712001212.txt$$$$东莞市扬城标识设计有限公司
13712006259.txt$$$$深圳市涂美地坪漆材料有限公司
13712015546.txt$$$$东莞市台富环保科技有限公司
13712016909.txt$$$$东莞市浩通节能设备有限公司
13712024966.txt$$$$东莞市万富电子仪器有限公司
13712027557.txt$$$$东莞市红龙机械实业有限公司
13712031119.txt$$$$东莞市瑞思环保节能设备有限公司
13712035958.txt$$$$东莞市佛浦不锈钢材料有限公司
13712048009.txt$$$$源胜仓储设备有限公司
13712057150.txt$$$$东莞市高埗镇腾彩办公设备店
13712059239.txt$$$$台山市琪翔电子有限公司
13712059239_1.txt$$$$台山市琪翔电子有限公司
13712059239_2.txt$$$$台山市琪翔电子有限公司
13712059239_3.txt$$$$台山市琪翔电子有限公司
13712067600.txt$$$$东莞市临智略企业管理咨询有限公司
13712067600_1.txt$$$$东莞市临智略企业管理咨询有限公司
13712067600_2.txt$$$$东莞市临智略企业管理咨询有限公司
13712068110.txt$$$$东莞市九牛广告装饰工程有限公司
13712072418.txt$$$$东莞市寮步浩胜五金塑胶制品厂
13712081178.txt$$$$广东建安文件销毁有限公司
13712081178_1.txt$$$$广东建安文件销毁有限公司
13712081178_2.txt$$$$广东建安文件销毁有限公司
