13326452233_4.txt$$$$广州市非航国际物流有限公司
13326452233_5.txt$$$$广州市高运国际货运代理有限公司
13326452233_6.txt$$$$广州市非航国际物流有限公司
13326452827.txt$$$$广州市怡森环保设备有限公司
13326454623.txt$$$$广州家美餐饮管理有限公司
13326460196.txt$$$$广州市康珑电子有限公司
13326461318.txt$$$$湖北泛亚生物科技有限公司
13326473616.txt$$$$广州市施氏自动化设备有限公司
13326478076.txt$$$$广州禾信贸易有限公司
13326706893.txt$$$$佛山市顺德区海栓家具有限公司
13326710469.txt$$$$佛山市南海区隆信机械有限公司
13326751596.txt$$$$圳市南山区婧源包装材料制品厂
13326781818.txt$$$$广东顺德德力印刷机械有限公司
13326781818_1.txt$$$$广东顺德德力印刷机械有限公司
13326781818_2.txt$$$$广东顺德德力印刷机械有限公司
13326792993.txt$$$$佛山市金豪五金制品厂
13326851697.txt$$$$东莞市元美印刷有限公司
13326860299.txt$$$$东莞市清溪展宏机电设备经营部
13326862660.txt$$$$东莞市柯美检测设备有限公司
13326872877.txt$$$$广东省泰之然生物材料有限公司
13326873723.txt$$$$东莞市三木森自动化设备有限公司
13326878668.txt$$$$广东国兴电气有限公司
13326879698.txt$$$$广阳（东莞）塑胶原料有限公司
13326899279.txt$$$$东莞市渤溢精密机械有限公司
13326906112.txt$$$$中山金成精密科技有限公司
13326921823.txt$$$$中山市德至健康科技有限公司
13326921823_1.txt$$$$中山市德至健康科技有限公司
13326921823_2.txt$$$$中山市德至健康科技有限公司
13326921823_3.txt$$$$中山市德至健康科技有限公司
13326951652.txt$$$$力骏不干胶厂
