18019708097.txt$$$$上海相宜机械有限公司
18019790104.txt$$$$上海亨果实业发展有限公司
18019879772.txt$$$$安徽天康（集团）股份有限公司
18019902710.txt$$$$合肥铭晟智能科技有限公司
18019902710_1.txt$$$$合肥铭晟智能科技有限公司
18019902710_2.txt$$$$合肥铭晟智能科技有限公司
18019903231.txt$$$$合肥本泉自动化设备有限公司
18019921879.txt$$$$安徽尚亿热能有限公司
18019921879_1.txt$$$$安徽尚亿热能有限公司
18019931988.txt$$$$合肥泓鉴装饰工程有限公司
18019946608.txt$$$$合肥市荣誉堂景观雕塑艺术有限公司
18019946866.txt$$$$合肥焱众电子科技有限公司
18019946866_1.txt$$$$合肥焱众电子科技有限公司
18019952341.txt$$$$安徽捷马泰克自动化有限公司
18019952341_1.txt$$$$安徽捷马泰克自动化有限公司
18019952341_2.txt$$$$安徽捷马泰克自动化有限公司
18019968080.txt$$$$欧籁健康科技（中山）有限公司
18019968080_1.txt$$$$欧籁健康科技（中山）有限公司
18019979766.txt$$$$安徽鹏徽工程机械有限公司
18019983662.txt$$$$安徽泽渡木业有限公司
18019985577.txt$$$$峻岭财务管理有限公司
18019985577_1.txt$$$$峻岭财务管理有限公司
18019985577_2.txt$$$$峻岭财务管理有限公司
18019996537.txt$$$$安徽省威爱辟企业管理有限责任公司
18020016335.txt$$$$天津兆志钢铁贸易有限公司
18020060882.txt$$$$天津市潜成思源(深井泵)供水设备有限公司
18020060883.txt$$$$天津市潜成思源供水设备有限公司
18020060883_1.txt$$$$天津市潜成思源供水设备有限公司
18020060883_2.txt$$$$天津市潜成思源供水设备有限公司
18020060892.txt$$$$天津潜成思源供水设备有限公司
