18566872426.txt$$$$佛山市南海区绿优景环保机械有限公司
18566883549.txt$$$$佛山市慕雄科技有限公司
18566906699.txt$$$$东莞市广控电子科技有限公司
18566931118.txt$$$$广东盛世净源环保科技有限公司
18566966894.txt$$$$元亨电动科技（东莞）有限公司
18566976786.txt$$$$深圳佳平钛业有限公司
18567032000.txt$$$$开封鸿伟机械设备有限公司
18567098007.txt$$$$焦作市诚宇防腐材料有限公司
18567276758.txt$$$$个体经营（李总锋）
18567333141.txt$$$$河南省建贸机械设备有限公司
18567385366.txt$$$$河南力信液压升降设备有限公司
18567658209.txt$$$$洛阳世跃道路交通设施有限公司
18567685772.txt$$$$安阳市赵锦记餐饮管理有限公司
18567711989.txt$$$$徐记大锅台餐饮有限公司
18567719999.txt$$$$安阳永恒通钢板仓有限公司
18567719999_1.txt$$$$安阳永恒通钢板仓有限公司
18567719999_2.txt$$$$安阳永恒通钢板仓有限公司
18567744958.txt$$$$安阳高新区宏成机电设备经销部1
18567791971.txt$$$$安阳市通联科技有限公司
18567820345.txt$$$$河南省方禄光伏发电有限公司
18567890999.txt$$$$安阳县顺福冶金耐材有限公司
18567894311.txt$$$$安阳市新世纪电子研究所有限责任公司
18568198071.txt$$$$濮阳洁心家纺销售部
18568202222.txt$$$$新乡市鑫威工矿机械有限公司
18568205880.txt$$$$新乡市豫东轻工机械有限公司
18568226868.txt$$$$卫辉市天翔新型建材有限公司
18568250113.txt$$$$新乡市卡莱尔汽车装饰用品有限公司
18568257539.txt$$$$新乡市北方滤器有限公司
18568363316.txt$$$$河南小样服饰有限公司
18568459515.txt$$$$安阳县大明建材厂
