17305161997.txt$$$$江苏正盟包装科技有限公司
17305189058.txt$$$$海州区蔷薇社区凌鸿电动门经营部
17305303895.txt$$$$山东宛艺建筑材料有限公司
17305367595.txt$$$$潍坊旺火窑炉有限公司
17305393588.txt$$$$临沂周兴建材有限公司
17305396315.txt$$$$罗庄区祥和木制品店
17305396315_1.txt$$$$罗庄区祥和木制品店
17305396610.txt$$$$山东元丰建设工程有限公司
17305423889.txt$$$$昆山诺丹舜蒲胶辊有限公司
17305607919.txt$$$$合肥跃强金属制品有限公司
17305674869.txt$$$$美丛门业（南京）有限公司
17305696606.txt$$$$合肥杉林物资贸易有限公司
17305696606_1.txt$$$$合肥杉林物资贸易有限公司
17305698503.txt$$$$安徽柯森压缩机械有限公司
17305702923.txt$$$$贝德科技有限公司
17305896822.txt$$$$义乌涂来涂去少儿美术培训中心
17305960575.txt$$$$漳州佳臻商贸有限公司
17306016641.txt$$$$厦门永太骏扬科技有限公司
17306024732.txt$$$$厦门天厦国际贸易有限公司
17306024917.txt$$$$厦门泉球机械有限公司
17306171723.txt$$$$昆山源和环保科技有限公司
17306189352.txt$$$$汉达新材料（太仓）有限公司
17306189811.txt$$$$力颖自动化设备(昆山)有限公司
17306231888.txt$$$$昆山君如意激光科技有限公司
17306275399.txt$$$$扬州尙迪太阳能照明有限公司
17306323667.txt$$$$枣庄市新绿洲水处理科技有限公司
17306359888.txt$$$$聊城市阿尔斯通管道设备有限公司
17306362868.txt$$$$诸城市铭恩机械有限公司
17306362868_1.txt$$$$诸城市铭恩机械有限公司
17306422214.txt$$$$杭州玉沃自动化设备有限公司
