13529231997_2.txt$$$$云南鑫彩科技有限公司
13529252653.txt$$$$云南礼彩多商贸有限公司
13529253550.txt$$$$昆明市官渡区磊鑫建筑机械经营部
13529253550_1.txt$$$$昆明市官渡区磊鑫建筑机械经营部
13529271680.txt$$$$云南双正轻钢活动房有限公司
13529271680_1.txt$$$$云南双正轻钢活动房有限公司
13529285856.txt$$$$云南科越机械设备制造有限公司
13529285856_1.txt$$$$云南科越机械设备制造有限公司
13529289856.txt$$$$云南梦飞装饰工程有限公司
13529289856_1.txt$$$$云南梦飞装饰工程有限公司
13529330306.txt$$$$云南总章科技有限公司
13529330306_1.txt$$$$云南总章科技有限公司
13529330306_2.txt$$$$云南总章科技有限公司
13529355152.txt$$$$云南瑞聚配电柜成套设备有限公司
13529355152_1.txt$$$$云南瑞聚配电柜成套设备有限公司
13529398055.txt$$$$云南保宗金属制品有限公司
13529398055_1.txt$$$$云南保宗金属制品有限公司
13529398055_2.txt$$$$云南保宗金属制品有限公司
13529400745.txt$$$$云南宗团电器成套设备有限公司
13529400745_1.txt$$$$云南宗团电器成套设备有限公司
13529400745_2.txt$$$$云南宗团电器成套设备有限公司
13529456755.txt$$$$云南臻尚商贸有限公司
13529835743.txt$$$$乐媞缇商贸有限公司
13530008358.txt$$$$深圳市宝安区福永禾正一五金配件经营部
13530026394.txt$$$$深圳市倍测科技有限公司
13530034405.txt$$$$深圳市鑫益城机械模具有限公司
13530048849.txt$$$$深圳市硕臣空压机有限公司
13530056722.txt$$$$深圳国美空调拆装维修公司
13530092685.txt$$$$深圳市鑫昌源科技有限公司
13530093396.txt$$$$深圳市粤鸿孚商贸有限公司
