18331866777_1.txt$$$$邯郸市鑫凯农业科技有限公司
18331866777_2.txt$$$$邯郸市鑫凯农业科技有限公司
18331870277.txt$$$$邯郸市乐通紧固件制造有限公司
18331870277_1.txt$$$$邯郸市乐通紧固件制造有限公司
18331870277_2.txt$$$$邯郸市乐通紧固件制造有限公司
18331870772.txt$$$$邯郸市华阳瓦业有限公司
18331870772_1.txt$$$$邯郸市华阳瓦业有限公司
18331870772_2.txt$$$$邯郸市华阳瓦业有限公司
18331881632.txt$$$$华之杰物业服务有限公司
18331918888.txt$$$$邢台市奇星机械厂
18331918888_1.txt$$$$邢台市奇星机械厂
18331918888_2.txt$$$$邢台市奇星机械厂
18331918888_3.txt$$$$邢台市奇星机械厂
18331997616.txt$$$$邢台秦星科技有限公司
18331997616_1.txt$$$$邢台润联科技开发有限公司
18332459795.txt$$$$石家庄世都商贸有限公司
18332464691.txt$$$$石家庄恒维钢结构工程有限公司
18333019486.txt$$$$献县景泰环卫设备有限公司
18333021155.txt$$$$盐山县中凯管道设备有限公司
18333023005.txt$$$$泊头市威远电机厂
18333025158.txt$$$$河北康健体育器材有限公司
18333030187.txt$$$$沧州明博管道有限公司
18333041386.txt$$$$泊头满通泵业有限公司
18333063467.txt$$$$沧州宝聚环保设备有限公司
18333070389.txt$$$$沧州恒诚管道有限公司
18333095837.txt$$$$沧州龙浩管道装备有限公司
18333099789.txt$$$$任丘市鑫万达门窗厂
18333121701.txt$$$$河北昊远电气有限公司
18333218882.txt$$$$河北鑫盛精密板带加工有限公司
18333233383.txt$$$$保定市清苑区大进模具加工厂
