18840096888.txt$$$$沈阳市铁西区正标津达线缆销售处
18840369372.txt$$$$西安草木本心企业管理有限公司
18840455016.txt$$$$陕西秋获环保设备有限公司
18840654376.txt$$$$沈阳江龙机械制造有限公司
18840868518.txt$$$$大连金玻铝业有限公司
18840938888.txt$$$$深圳市乾晟尔家具有限公司
18841008881.txt$$$$沈阳方兴建材有限责任公司
18841212363.txt$$$$鞍山恒信供暖科技有限公司
18842366038.txt$$$$辽宁东检测技术有限公司
18842376156.txt$$$$沈阳艾立特雕塑工程有限公司
18842420283.txt$$$$大连恒众鑫新型建材有限公司
18842433544.txt$$$$大城县松川自动门有限公司
18842471150.txt$$$$沈阳华赢新型板材有限公司
18842626442.txt$$$$沈阳禾田昌鑫彩钢工程有限公司
18842856955.txt$$$$大连金杰创新科技有限公司
18842863563.txt$$$$哈尔滨鑫汇保温材料有限公司
18843588841.txt$$$$徐州佰盛金属科技有限公司
18843615804.txt$$$$深圳市睿利汉深激光设备有限公司
18844703363.txt$$$$延边思母味食品有限公司
18845416731.txt$$$$北京恒谦泰安建筑工程有限公司
18845804656.txt$$$$万载县悦美健环保科技有限公司
18845804957.txt$$$$金寨县一米物流有限公司
18845864654.txt$$$$山东泰浩洪实业有限公司
18846427696.txt$$$$黑龙江俄亿购电子商务有限公司
18846931266.txt$$$$哈尔滨常特钢材有限公司
18847757444.txt$$$$鄂尔多斯华夏禹工防水有限公司
18848857820.txt$$$$洛阳圆润管业有限公司
18848857820_1.txt$$$$河南苏源管业有限公司
18848865816.txt$$$$河南普罗斯顿环保科技有限公司
18848887984.txt$$$$河南御裁缝服饰有限公司
