17630012510.txt$$$$郑州天亿螺旋上料机有限公司
17630018604.txt$$$$河南馥美来实业有限公司
17630030764.txt$$$$海宁市许村镇南石纺织厂
17630038730.txt$$$$巩义市纳博万水处理有限公司
17630058451.txt$$$$郑州锐普医疗科技有限公司
17630168388.txt$$$$辉县市宇昊塑业有限公司
17630184544.txt$$$$河南砼语建筑材料有限公司
17630217983.txt$$$$新乡市牧野区瑞忠粮机制刷厂
17630509121.txt$$$$洛阳国润管业新材料科技股份有限公司
17630699199.txt$$$$河南省雷安防雷检测科技有限公司
17630709298.txt$$$$江苏凯美电子材料有限公司
17630776509.txt$$$$河南六工进出口贸易有限公司
17631058666.txt$$$$河北洺安金属制品有限公司
17631058666_1.txt$$$$河北洺安金属制品有限公司
17631058666_2.txt$$$$河北洺安金属制品有限公司
17631295260.txt$$$$安新素雅莲家庭农场
17631384504.txt$$$$保定广鑫起重机械有限公司
17631444502.txt$$$$承德永泰环保设备有限公司
17631502125.txt$$$$河北捷时通科技有限公司
17631535607.txt$$$$河北美多美卫生用品有限公司
17631620999.txt$$$$保定亿迈环保科技有限公司
17631718098.txt$$$$沧州昊凯耐磨管道设备制造有限公司
17631720222.txt$$$$沧州聚凯管道设备有限公司
17631720490.txt$$$$河北宝纪燃气设备有限公司
17631764281.txt$$$$天津维连钢管有限公司
17631773600.txt$$$$泊头市上源机械设备有限公司
17631807862.txt$$$$衡水易忠贸易有限责任公司
17631831983.txt$$$$汇顶橡塑衡水有限公司
17631833987.txt$$$$河北权艺橡塑制品有限公司
17632018902.txt$$$$河北万达环保设备有限公司
