15833335930.txt$$$$唐县博雅雕塑工艺品销售有限公司
15833335930_1.txt$$$$唐县博雅雕塑工艺品销售有限公司
15833335930_2.txt$$$$唐县博雅雕塑工艺品销售有限公司
15833338827.txt$$$$河北翔瑞水泵制造有限公司
15833375520.txt$$$$沧州一帆体育器材制造有限公司
15833379867.txt$$$$沧州锦熙管件制造有限公司
15833393164.txt$$$$邢台和佳机械制造有限公司
15833398388.txt$$$$平乡县惠波塑料包装厂
15833414999.txt$$$$鸡泽县雪刚支护材料有限公司
15833414999_1.txt$$$$鸡泽县雪刚支护材料有限公司
15833414999_2.txt$$$$鸡泽县雪刚支护材料有限公司
15833414999_3.txt$$$$鸡泽县雪刚支护材料有限公司
15833572471.txt$$$$唐山市路南山城电器厂
15833607660.txt$$$$任县鸣工机械厂
15833636661.txt$$$$任县滏镕机床厂
15833636661_1.txt$$$$任县滏镕机床厂
15833636661_2.txt$$$$任县滏镕机床厂
15833639647.txt$$$$雷涛会展（北京）有限公司
15833662211.txt$$$$沙河市天骄铁路器材有限公司
15833707953.txt$$$$任县栩翼机械制造厂
15833769366.txt$$$$沧州华海电气设备有限公司
15833769989.txt$$$$沧州鸿丰高压法兰管件有限公司
15833772331.txt$$$$沧州风景环卫设备有限公司
15833772621.txt$$$$沧州嘉永环卫设备有限公司
15833772815.txt$$$$海兴亚兴体育器材厂
15833772815_1.txt$$$$海兴亚兴体育器材厂
15833773919.txt$$$$河北尊岳环保科技有限公司
15833783020.txt$$$$盐山县鑫万通机械设备有限公司
15833783309.txt$$$$河北双欧管道制造有限公司
15833785611.txt$$$$河北省志达伟业通讯器材股份公司
