13405581181.txt$$$$江西渥泰环保科技有限公司
13405678046.txt$$$$昆山海德纳工业设备有限公司
13405778086.txt$$$$滨湖区谢钱城冰块经营部
13405781512.txt$$$$上海玻机智能幕墙股份有限公司
13405792585.txt$$$$无锡奇安特保温材料有限公司
13405862500.txt$$$$南京律和金属制品有限公司
13405872565.txt$$$$南京旭生电子信息技术有限公司
13405885215.txt$$$$南京希博伦安防科技有限公司
13405956297.txt$$$$福建乐印珠宝首饰有限公司
13406008030.txt$$$$菏泽良希宠物有限公司
13406062911.txt$$$$济南汇友建工机械有限公司
13406160918.txt$$$$山东新迈节能环保科技有限公司
13406186166.txt$$$$山东三阳通风设备有限公司
13406186166_1.txt$$$$山东三阳通风设备有限公司
13406186166_2.txt$$$$山东三阳通风设备有限公司
13406196277.txt$$$$山东宏鑫源钢板有限公司
13406196277_1.txt$$$$山东宏鑫源钢板有限公司
13406196277_2.txt$$$$山东宏鑫源钢板有限公司
13406196277_3.txt$$$$山东源丰新型材料有限公司
13406196277_4.txt$$$$山东源丰新型材料有限公司
13406273896.txt$$$$梁山中易二手化工设备购销部
13406282528.txt$$$$山东百来润生物科技有限责任公司
13406288972.txt$$$$山东济宁市贵和重工机械有限公司
13406338839.txt$$$$圣亚特橡塑制品厂
13406350453.txt$$$$聊城君杰钢管有限公司
13406353787.txt$$$$临清市华捷液压机械制造有限公司
13406354485.txt$$$$聊城聚佳金属材料有限公司
13406360989.txt$$$$山东芸赫金属制品有限公司
13406361117.txt$$$$路通工程机械厂
13406378222.txt$$$$大连弗瑞达轴承有限公司
