13601217123_1.txt$$$$北京云唤维科技有限公司
13601217123_2.txt$$$$北京云唤维科技有限公司
13601217123_3.txt$$$$北京云唤维科技有限公司
13601239698.txt$$$$北京乾盛成钢铁贸易有限公司
13601259708.txt$$$$北京长流科学仪器有限公司
13601273099.txt$$$$安徽朗东表面工程设备有限公司
13601295965.txt$$$$北京依美彩钢钢结构工程有限公司
13601317231.txt$$$$北京葛天建材有限公司
13601318940.txt$$$$北京百顺华美科技有限公司
13601332563.txt$$$$北京朋米科技有限公司
13601335822.txt$$$$北京弘森创新真空镀膜技术有限公司
13601359483.txt$$$$北京市宏科伟业商贸有限公司
13601359483_1.txt$$$$北京市宏科伟业商贸有限公司
13601359483_2.txt$$$$北京市宏科伟业商贸有限公司
13601361756.txt$$$$北京东博广告有限公司
13601374693.txt$$$$北京明旺盛安机电设备有限公司
13601385878.txt$$$$德创坤誉科技(北京)有限公司
13601385878_1.txt$$$$德创坤誉科技(北京)有限公司
13601396751.txt$$$$北京赛纳空间设计有限公司
13601396751_1.txt$$$$北京赛纳空间设计有限公司
13601396751_2.txt$$$$北京赛纳空间设计有限公司
13601445579.txt$$$$扬州易动机电科技有限公司
13601453532.txt$$$$南京兄联塑料包装有限公司
13601455955.txt$$$$南京莱普诺日用品有限公司
13601455955_1.txt$$$$南京莱普诺日用品有限公司
13601455955_2.txt$$$$南京莱普诺日用品有限公司
13601455955_3.txt$$$$南京莱普诺日用品有限公司
13601456576.txt$$$$南京龙轩机械设备有限公司
13601466360.txt$$$$南京市建邺区延雅酒店用品销售中心
13601466360_1.txt$$$$南京市建邺区延雅酒店用品销售中心
