13536689893.txt$$$$佛山安你心香精香料有限公司
13536699100.txt$$$$佛山市南海区合邦展览器材厂
13536699100_1.txt$$$$佛山市南海区合邦展览器材厂
13536699100_2.txt$$$$佛山市南海区合邦展览器材厂
13536871640.txt$$$$深圳市俩棵树科技有限公司
13536877369.txt$$$$汕头市山人品牌设计有限公司
13537012096.txt$$$$东莞市大岭山常盛五金加工店
13537023113.txt$$$$东莞市加诺酒业有限公司
13537034575.txt$$$$东莞市平力五金有限公司
13537034575_1.txt$$$$东莞市平力五金有限公司
13537034575_2.txt$$$$东莞市平力五金有限公司
13537040229.txt$$$$东莞市黄江鑫兰再生资源回收站
13537040229_1.txt$$$$东莞市黄江鑫兰再生资源回收站
13537040229_2.txt$$$$东莞市黄江鑫兰再生资源回收站
13537063177.txt$$$$东莞市博煜建筑装饰设计工程有限公司
13537087588.txt$$$$东莞市正毅包装材料科技有限公司
13537117712.txt$$$$东莞市航锐机械科技有限公司
13537117712_1.txt$$$$东莞市航锐机械科技有限公司
13537117712_2.txt$$$$东莞市航锐机械科技有限公司
13537117712_3.txt$$$$东莞市凯奥机械有限公司
13537123036.txt$$$$东莞市华利机电有限公司
13537129185.txt$$$$东莞市昌启自动化科技有限公司
13537129185_1.txt$$$$东莞市昌启自动化科技有限公司
13537129185_2.txt$$$$东莞市昌启自动化科技有限公司
13537131060.txt$$$$东莞市昌启自动化科技有限公司
13537134778.txt$$$$东莞市环盛自动化机械有限公司
13537134778_1.txt$$$$东莞市环盛自动化机械有限公司
13537134778_2.txt$$$$东莞市环盛自动化机械有限公司
13537135901.txt$$$$东莞市强详装饰有限公司
13537135901_1.txt$$$$东莞市强详装饰有限公司
