15953438494.txt$$$$宁津鲁正机械有限公司
15953439815.txt$$$$德州市鸿泰环保设备有限公司
15953439815_1.txt$$$$德州市鸿泰环保设备有限公司
15953439815_2.txt$$$$德州市鸿泰环保设备有限公司
15953447555.txt$$$$乐陵市华畅调味食品有限公司
15953448995.txt$$$$德州市德城区新程液压机具厂
15953496718.txt$$$$梁山县海天生物肥业有限公司
15953601150.txt$$$$诸城市瑞泽机械有限责任公司
15953604950.txt$$$$寿光市连胜防水材料有限公司
15953606166.txt$$$$青州市建英农业科技有限公司
15953606330.txt$$$$青州正大环境控制设备有限公司
15953606690.txt$$$$诸城市科林环保科技有限公司
15953612047.txt$$$$潍坊和正智能科技有限公司
15953612047_1.txt$$$$潍坊和正智能科技有限公司
15953612047_2.txt$$$$潍坊和正智能科技有限公司
15953613777.txt$$$$寿光彩色苗木基地
15953637888.txt$$$$青州中凯矿沙机械有限公司
15953638197.txt$$$$潍坊市正泰防水材料有限公司
15953638197_1.txt$$$$潍坊市正泰防水材料有限公司
15953642906.txt$$$$山东正瀚环保设备有限公司
15953651383.txt$$$$诸城浩德食品机械有限公司
15953652978.txt$$$$寿光承航景观工程有限公司
15953653383.txt$$$$潍坊万洁共创环保工程有限公司
15953660627.txt$$$$潍坊博冠涂装设备有限公司
15953661970.txt$$$$临朐迎宾减速机厂
15953665889.txt$$$$青州市金叶挖沙机械厂
15953669790.txt$$$$诸城市上铭机械有限公司
15953672268.txt$$$$安丘汇鑫包装制品厂
15953679811.txt$$$$潍坊金盟砂金矿业机械有限公司
15953689049.txt$$$$数控木工车床高密旭东数控木工车床厂
