13922907012.txt$$$$惠州市怡安和钢结构工程有限公司
13922907792.txt$$$$东莞市大岭山帝杨五金厂
13922907882.txt$$$$东莞市科利奇建筑材料有限公司
13922907882_1.txt$$$$东莞市科利奇建筑材料有限公司
13922907882_2.txt$$$$东莞市科利奇建筑材料有限公司
13922907882_3.txt$$$$东莞市科利奇建筑材料有限公司
13922908367.txt$$$$东莞市邓工精密仪器设备有限公司
13922908367_1.txt$$$$东莞市邓工精密仪器设备有限公司
13922908367_2.txt$$$$东莞市邓工精密仪器设备有限公司
13922910012.txt$$$$广东绿意环保科技有限公司
13922911855.txt$$$$东莞市速泓自动化科技有限公司
13922913813.txt$$$$东莞市植美生物科技有限公司
13922913813_1.txt$$$$东莞市植美生物科技有限公司
13922913813_2.txt$$$$东莞市植美生物科技有限公司
13922914469.txt$$$$东莞市利托电子有限公司
13922914469_1.txt$$$$东莞市利托电子有限公司
13922914469_2.txt$$$$东莞市利托电子有限公司
13922916821.txt$$$$东莞英能吉精密电子有限公司
13922917707.txt$$$$东莞财盛(CNC)五金加工厂
13922917707_1.txt$$$$东莞财盛(CNC)五金加工厂
13922918016.txt$$$$广东联源钢结构工程有限公司
13922919402.txt$$$$东莞市东洋饰品有限公司
13922921250.txt$$$$东莞市精工匠皮具有限公司
13922924540.txt$$$$东莞市好运搬家有限公司
13922925867.txt$$$$东莞市申午电子有限公司
13922926683.txt$$$$深圳市富东工业自动化科技有限公司
13922926683_1.txt$$$$深圳市富东工业自动化科技有限公司
13922926683_2.txt$$$$深圳市富东工业自动化科技有限公司
13922930331.txt$$$$东莞市昌运环保通风设备有限公司
13922930331_1.txt$$$$东莞市昌运环保通风设备有限公司
