13972048017.txt$$$$宜昌长兴机械制造有限公司
13972048017_1.txt$$$$宜昌长兴机械制造有限公司
13972048017_2.txt$$$$宜昌长兴机械制造有限公司
13972059775.txt$$$$湖北科辉特电气有限公司
13972059775_1.txt$$$$湖北科辉特电气有限公司
13972059775_2.txt$$$$湖北科辉特电气有限公司
13972095103.txt$$$$湖北景新达环保设备有限公司
13972095103_1.txt$$$$湖北景新达环保设备有限公司
13972095103_2.txt$$$$湖北景新达环保设备有限公司
13972137243.txt$$$$荆州杭叉叉车销售有限公司
13972208345.txt$$$$湖北康翔塑胶科技有限公司
13972209500.txt$$$$襄阳阜家房地产经纪有限公司
13972209500_1.txt$$$$襄阳阜家房地产经纪有限公司
13972209500_2.txt$$$$襄阳阜家房地产经纪有限公司
13972217481.txt$$$$襄阳市恒林制冷设备有限公司
13972217481_1.txt$$$$襄阳市恒林制冷设备有限公司
13972217481_2.txt$$$$襄阳市恒林制冷设备有限公司
13972218503.txt$$$$襄阳杭叉叉车销售有限公司
13972234939.txt$$$$湖北博比轮新材料有限公司
13972234946.txt$$$$湖北威尔夫机械有限公司
13972234946_1.txt$$$$湖北威尔夫机械有限公司
13972234946_2.txt$$$$湖北威尔夫机械有限公司
13972245384.txt$$$$湖北晋襄源工程机械制造有限公司
13972248345.txt$$$$湖北诚佰网络科技有限公司
13972248345_1.txt$$$$湖北诚佰网络科技有限公司
13972248345_2.txt$$$$湖北诚佰网络科技有限公司
13972270331.txt$$$$襄阳金英防锈材料有限公司
13972270331_1.txt$$$$襄阳金英防锈材料有限公司
13972270331_2.txt$$$$襄阳金英防锈材料有限公司
13972273755.txt$$$$湖北全地通顶管有限公司
