18615198297_2.txt$$$$济南华飞信息技术有限公司历城分公司
18615205678.txt$$$$山东双得利建设科技有限公司
18615205946.txt$$$$山东晟隆智能设备有限公司
18615205968.txt$$$$济南怡飞电气有限公司
18615215988.txt$$$$山东固砼加固工程有限公司
18615223531.txt$$$$济南数控模具科技研究所培训中心
18615225532.txt$$$$济南塑通达机械设备有限公司
18615228315.txt$$$$济南意胜达商贸有限公司
18615232777.txt$$$$山东广搜信息科技有限公司
18615232777_1.txt$$$$山东中远认证技术有限公司
18615233157.txt$$$$山东格力中央空调工程有限公司
18615233157_1.txt$$$$山东格力中央空调工程有限公司
18615256119.txt$$$$济南冰河电器有限公司
18615260212.txt$$$$济南瑞鑫雕塑艺术有限公司
18615260212_1.txt$$$$济南瑞鑫雕塑艺术有限公司
18615260212_2.txt$$$$济南瑞鑫雕塑艺术有限公司
18615266583.txt$$$$济南安凯义自动化科技有限公司
18615267316.txt$$$$济南鑫泽液压机械有限公司
18615271167.txt$$$$山东诚标认证技术有限公司
18615279819.txt$$$$济南海德森诺流体设备有限公司
18615280290.txt$$$$山东宝盛环保科技有限公司
18615283927.txt$$$$齐河古川酒业有限公司
18615286777.txt$$$$山东鲁源热能科技有限公司
18615286777_1.txt$$$$山东鲁源热能科技有限公司
18615286777_2.txt$$$$山东鲁源热能科技有限公司
18615287981.txt$$$$济南历下宏发金刚模型制作中心
18615288800.txt$$$$山东中联晶智信息科技有限公司
18615323940.txt$$$$青岛速风制冷电器设备有限公司
18615343277.txt$$$$禹城市远景护坡材料有限公司
18615343277_1.txt$$$$禹城市远景护坡材料有限公司
