16603183721.txt$$$$衡水市桃城区行达运脚轮厂
16603518665.txt$$$$山西丰裕宝环保科技有限公司
16603518665_1.txt$$$$山西展鹏环保科技开发有限公司
16603518665_2.txt$$$$山西展鹏环保科技开发有限公司
16603518665_3.txt$$$$山西展鹏环保科技开发有限公司
16603721230.txt$$$$永乐国际工程管理有限公司
16603827116.txt$$$$郑州有趣游乐设备有限公司
16603835193.txt$$$$北京京程天骄国际会展有限公司
16603967211.txt$$$$河南牛企牛财税咨询有限公司
16605315431.txt$$$$山东宏桥建设集团有限公司
16605347669.txt$$$$山东鲁德乐机械设备有限公司
16605660116.txt$$$$芜湖雪影实业有限公司
16605660116_1.txt$$$$安徽拂晓电子科技有限公司
16605660116_10.txt$$$$芜湖市鑫丰包装材料有限公司
16605660116_2.txt$$$$芜湖市探索广告装饰有限责任公司
16605660116_3.txt$$$$芜湖市探索广告装饰有限责任公司
16605660116_4.txt$$$$芜湖市探索广告装饰有限责任公司
16605660116_5.txt$$$$芜湖雪影实业有限公司
16605660116_6.txt$$$$芜湖雪影实业有限公司
16605660116_7.txt$$$$芜湖祺宁建材有限公司
16605660116_8.txt$$$$芜湖市鑫丰包装材料有限公司
16605660116_9.txt$$$$芜湖市鑫丰包装材料有限公司
16605674008.txt$$$$宿州龙润生物科技有限公司
16605817431.txt$$$$嘉兴洁盟环保科技有限公司
16606269647.txt$$$$杭州萧展建筑材料有限公司
16606340808.txt$$$$山东弘升钢铁贸易有限公司
16606373190.txt$$$$山东博先实业有限公司
16607139527.txt$$$$武汉新吉星搬家起重服务有限公司
16607565656.txt$$$$珠海众暖科技有限公司
16607690882.txt$$$$东莞市三达防水钢结构工程有限公司
