18863636126.txt$$$$潍坊华晨新能源开发有限公司
18863656658.txt$$$$潍坊盛大苗木培育基地
18863660560.txt$$$$山东顺众机械有限公司
18863662600.txt$$$$潍坊融硕物流有限公司
18863666707.txt$$$$潍坊亚斯特建材有限责任公司
18863679756.txt$$$$安丘市新希望农业技术服务有限公司
18863680066.txt$$$$山东鑫创金属制品有限公司
18863692872.txt$$$$潍坊海岸环保设备有限公司
18863699522.txt$$$$潍坊楚荣服饰有限公司
18863701203.txt$$$$济宁金耀鑫诺游乐设备有限公司
18863709809.txt$$$$山东济宁鑫隆机械设备厂
18863711502.txt$$$$济宁尼科赛机械有限公司
18863711919.txt$$$$济宁市华捷顺机电科技有限公司
18863712981.txt$$$$济宁市富民机械厂
18863712981_1.txt$$$$济宁王义古典文化艺术家具馆
18863719908.txt$$$$山东省济宁市中区鑫隆工矿配件厂
18863720528.txt$$$$梁山云天机械有限公司
18863721982.txt$$$$济宁通佳塑料发泡有限公司
18863722050.txt$$$$济宁市鼎诚工矿設备有限公司
18863725555.txt$$$$济宁四通工程机械有限公司
18863725555_1.txt$$$$济宁四通工程机械有限公司
18863725555_2.txt$$$$济宁四通工程机械有限公司
18863725555_3.txt$$$$济宁四通工程机械有限公司
18863750068.txt$$$$山东立潮机械有限公司
18863751181.txt$$$$山东济宁铭德机械有限公司
18863765526.txt$$$$济宁鹿鸣机械设备有限公司
18863784638.txt$$$$山东奔马工程制造有限公司
18863786350.txt$$$$济宁安捷重工机械有限公司
18863787568.txt$$$$山东贯筑新材料有限公司
18863788398.txt$$$$梁山县华浜二手化工设备有限公司
