17823626641_1.txt$$$$重庆万山装饰工程有限公司
17823626641_2.txt$$$$重庆万山装饰工程有限公司
17823881514.txt$$$$重庆普航机电设备有限公司
17825480238.txt$$$$广州隽沐生物科技股份有限公司
17825480238_1.txt$$$$广州隽沐生物科技股份有限公司
17825480238_2.txt$$$$广州隽沐生物科技股份有限公司
17825491912.txt$$$$广州邦首汽车租赁有限公司
17825499898.txt$$$$广州传承餐饮管理有限公司
17826110822.txt$$$$无锡市六海盈管道贸易有限公司
17826366555.txt$$$$泰州市汇涤机械设备有限公司
17826859144.txt$$$$杭州莓兽科技有限公司
17827405952.txt$$$$广东英鹏环境设备有限公司
17827605495.txt$$$$深圳市智诚精展科技有限公司
17828000500.txt$$$$四川越琪丝网科技有限公司
17828000500_1.txt$$$$四川省俊川科技有限公司
17828000500_2.txt$$$$四川省俊川科技有限公司
17828000500_3.txt$$$$四川省俊川科技有限公司
17828419598.txt$$$$成都市新都区蓉厨食品厂
17829827025.txt$$$$西安金森仿真植物有限公司
17830034637.txt$$$$重庆汉唯斯展览展示有限公司
17830426821.txt$$$$重庆狼王餐饮有限公司
17830426821_1.txt$$$$重庆狼王餐饮有限公司
17830426821_2.txt$$$$重庆狼王餐饮有限公司
17830637765.txt$$$$四川自贡富顺县红运志成机电设备租赁有限公司
17830828403.txt$$$$深圳宏源开泰科技发展有限公司
17830855580.txt$$$$重庆兰辉物流有限公司
17831005550.txt$$$$邯郸市永年区金恒福矿用支护紧固件有限公司
17831005550_1.txt$$$$邯郸市永年区金恒福矿用支护紧固件有限公司
17831005550_2.txt$$$$邯郸市永年区金恒福矿用支护紧固件有限公司
17831011888.txt$$$$顺平县豪德机械制造有限公司
