18355192757_1.txt$$$$安徽嘉隆建筑材料有限公司
18355194072.txt$$$$安徽卡尔制冷科技有限公司
18355237092.txt$$$$安徽敬飞金属制品有限公司
18355380245.txt$$$$芜湖山野电器有限公司
18355380245_1.txt$$$$芜湖山野电器有限公司
18355380245_2.txt$$$$芜湖山野电器有限公司
18355397522.txt$$$$芜湖尚安新材料有限公司
18355397522_1.txt$$$$芜湖尚安新材料有限公司
18355397522_2.txt$$$$芜湖尚安新材料有限公司
18355397522_3.txt$$$$芜湖尚安新材料有限公司
18355409686.txt$$$$合肥万学科教仪器有限公司
18355420291.txt$$$$潜山县大地辊刷厂
18355451891.txt$$$$阜阳良筑景观工程有限公司
18355550658.txt$$$$马鞍山市科驰科技有限公司
18355550658_1.txt$$$$马鞍山市科驰科技有限公司
18355550658_2.txt$$$$马鞍山市科驰科技有限公司
18355666922.txt$$$$安庆市梧桐广告有限公司
18355669199.txt$$$$桐城市汇成塑业有限公司
18355688190.txt$$$$安徽璟彩建筑材料有限公司
18355978887.txt$$$$黄山天曼泵业制造有限公司
18356005948.txt$$$$合肥小夫包装有限公司
18356005948_1.txt$$$$合肥小夫包装有限公司
18356005948_2.txt$$$$合肥小夫包装有限公司
18356009512.txt$$$$江苏德聚仁金属制品有限公司
18356042020.txt$$$$安徽心梦圆物资回收有限公司
18356058488.txt$$$$安徽金凌教育培训有限公司
18356082050.txt$$$$安徽晨晖照明科技有限公司
18356088788.txt$$$$安徽梯友装饰工程有限公司
18356088788_1.txt$$$$安徽梯友装饰工程有限公司
18356088788_2.txt$$$$安徽梯友装饰工程有限公司
