15271033666_3.txt$$$$湖北融润建材科技有限公司
15271065060.txt$$$$高新区新马广告策划中心
15271085166.txt$$$$奥耐德新型材料有限公司
15271097683.txt$$$$临沂巴巴恭商贸有限公司9
15271153233.txt$$$$武汉市佰惠成礼品有限公司
15271243469.txt$$$$咸安车易驰汽配销售部
15271247888.txt$$$$咸安区家具厂门店
15271250488.txt$$$$咸宁宏宇电脑店
15271251669.txt$$$$咸宁市咸安区安宁汽车服务有限公司
15271257219.txt$$$$咸安区盛华不锈钢加工部
15271262003.txt$$$$湖北及时雨专业快修服务有限公司
15271283636.txt$$$$咸宁宏兴物流有限公司
15271283636_1.txt$$$$咸宁宏兴物流有限公司
15271283636_2.txt$$$$咸宁宏兴物流有限公司
15271287499.txt$$$$温泉中天门业店
15271287499_1.txt$$$$咸宁酷炫美发店
15271287555.txt$$$$咸安区松源桂花苗木种植园
15271300898.txt$$$$咸宁市立邦涂料咸安代理处
15271304335.txt$$$$湖北省新华书店有限公司通山分公司
15271332600.txt$$$$冠县航达复合材料有限公司
15271336663.txt$$$$湖北合力专用汽车制造有限公司1
15271345666.txt$$$$程力专用汽车股份有限公司
15271345666_1.txt$$$$程力专用汽车股份有限公司
15271345666_2.txt$$$$程力专用汽车股份有限公司
15271465206.txt$$$$武汉五洲时代汽车服务有限公司
15271608087.txt$$$$黄冈恒晟墙绘艺术有限公司
15271633099.txt$$$$东莞市泓聚塑胶科技有限责任公司
15271770008.txt$$$$湖北省钟祥市明阳食品有限公司
15271801681.txt$$$$武汉市江岸区华明包装彩印厂
15271838223.txt$$$$武汉市硚口区雪峰辣椒批发部
