13801113657.txt$$$$北京新宇胜利仪器有限责任公司
13801119531.txt$$$$北京文仪通科技发展有限公司
13801168630.txt$$$$北京小森科技有限公司
13801194863.txt$$$$北京高能科迪科技有限公司
13801206349.txt$$$$北京根德科贸集团
13801206349_1.txt$$$$北京金鹏兴业电子科技有限公司
13801206349_2.txt$$$$杨名喜大大（北京）科技孵化器有限公司
13801206349_3.txt$$$$北京千城联播文化发展有限公司
13801206349_4.txt$$$$北京科远义通科技有限公司
13801212034.txt$$$$北京华腾伟业门窗装饰有限公司
13801280873.txt$$$$北京亦庄绿得金种养殖有限公司
13801307395.txt$$$$北京蔚蓝天创业科技发展有限公司
13801307395_1.txt$$$$北京蔚蓝天创业科技发展有限公司
13801307395_2.txt$$$$北京蔚蓝天创业科技发展有限公司
13801332069.txt$$$$北京智构奥普森科技有限公司
13801375096.txt$$$$北京跃新盛机电设备有限公司
13801375096_1.txt$$$$北京跃新盛机电设备有限公司
13801393181.txt$$$$北京金海鑫压力容器制造有限公司
13801394287.txt$$$$北京鸿商祺科技有限公司
13801396129.txt$$$$北京锋艺达文化发展有限公司
13801421289.txt$$$$泰州市银河仪器厂
13801438862.txt$$$$泰兴市经典印刷机械有限公司
13801439937.txt$$$$泰兴市金峰液压油泵厂
13801442020.txt$$$$扬州新乔机械工程有限公司
13801456943.txt$$$$扬州捷通供水技术设备有限公司
13801475766.txt$$$$靖江市松邦贸易有限公司
13801510406.txt$$$$无锡力光自动化设备有限公司
13801515862.txt$$$$江苏宇诺冷却科技有限公司
13801547321.txt$$$$苏州智凡环保科技有限公司
13801547321_1.txt$$$$苏州智凡环保科技有限公司
