18352411986.txt$$$$苏州润来包装制品有限公司
18352447335.txt$$$$苏州绿笑缘新能源工程有限公司
18352520999.txt$$$$无锡市锡都机床制造有限公司
18352520999_1.txt$$$$无锡精展机床制造有限公司
18352660926.txt$$$$南通宏置通信设备有限公司
18352793158.txt$$$$扬州光特环保科技有限公司
18353022700.txt$$$$山东兄创建筑材料有限公司
18353022700_1.txt$$$$山东兄创建筑材料有限公司
18353022700_2.txt$$$$山东兄创建筑材料有限公司
18353022700_3.txt$$$$山东兄创建筑材料有限公司
18353022700_4.txt$$$$山东兄创建筑材料有限公司
18353100069.txt$$$$山东聚鑫钢结构有限公司
18353100069_1.txt$$$$山东聚鑫钢结构有限公司
18353131828.txt$$$$济南起程升降机械有限公司
18353173723.txt$$$$山东世豪机床附件有限公司
18353183005.txt$$$$济南永明设备仪器有限公司
18353188088.txt$$$$山东豪沃电气有限公司
18353188088_1.txt$$$$山东英利电气有限公司
18353188088_2.txt$$$$山东英利电气有限公司
18353188088_3.txt$$$$山东英利电气有限公司
18353188088_4.txt$$$$山东豪沃电气有限公司
18353188088_5.txt$$$$山东豪沃电气有限公司
18353188188.txt$$$$山东豪沃电气有限公司
18353201323.txt$$$$青岛金港新机械科技有限公司
18353201323_1.txt$$$$青岛金港新机械科技有限公司
18353201323_2.txt$$$$青岛金港新机械科技有限公司
18353357415.txt$$$$淄博万华新材料科技有限公司
18353389229.txt$$$$淄博海阔国际贸易有限公司
18353416106.txt$$$$宁津县劦客机械加工厂
18353418806.txt$$$$德州华翔新材料科技有限公司
