13234337158.txt$$$$吉林省敦化市鑫隆机械制造有限公司
13234563312.txt$$$$黑龙江省优圣尔加油设备有限公司
13234653312.txt$$$$黑龙江省优圣尔加油设备有限公司
13235246370.txt$$$$陕西三八妇乐科技股份有限公司
13235319970.txt$$$$山东省济南盛阳高温材料有限公司
13235343416.txt$$$$德州长明防水防腐保温工程有限公司
13235365893.txt$$$$潍坊罗图风机有限公司
13235378172.txt$$$$济宁元润汽车租赁有限公司
13235533456.txt$$$$武汉市硚口区晓发工业设计工作室
13235571989.txt$$$$通山滨河苑超市
13235572908.txt$$$$咸宁绿地肥料有限公司
13235576367.txt$$$$通山县客天客地日杂店
13235583800.txt$$$$咸安区协力汽车维修服务中心
13235614111.txt$$$$城南开发区文淼水上挖掘机租赁部
13235628158.txt$$$$湖北海江服饰有限公司
13235711887.txt$$$$杭州佳洁机电设备有限公司
13235813119.txt$$$$麦捷博科技（杭州）有限公司
13235815558.txt$$$$杭州璞提文化艺术有限公司
13235828438.txt$$$$兴化市大唐木业制品厂
13235913797.txt$$$$福建大宽装饰设计工程有限公司
13235921692.txt$$$$厦门市集美区未来色彩广告制作店
13236091576.txt$$$$海安宏利数控机床有限公司
13236195858.txt$$$$扬子江空调集团有限公司
13236286369.txt$$$$北京清大高科伟业技术开发有限公司
13236287159.txt$$$$盐城市科利达科技有限公司
13236506911.txt$$$$南京微乐文化艺术培训有限公司
13236535392.txt$$$$南京文远物资有限公司
13236613629.txt$$$$沈阳欣瑞精密机械有限公司
13236619651.txt$$$$沈阳海格尔机电设备安装工程有限公司
13237105827.txt$$$$湖北荆狮防水材料工程有限公司
