15056990060.txt$$$$合肥经济技术开发区宾迪宠物用品翠微苑店
15056991706.txt$$$$淮南德比水处理科技有限公司
15056991706_1.txt$$$$淮南德比水处理科技有限公司
15056991706_2.txt$$$$淮南德比水处理科技有限公司
15056995665.txt$$$$合肥徽之源冷链节能设备有限公司
15056998110.txt$$$$丽水市富利达纸制品有限公司
15056999933.txt$$$$合肥信和殡葬礼仪服务有限公司
15056999933_1.txt$$$$合肥信和殡葬礼仪服务有限公司
15056999933_2.txt$$$$合肥信和殡葬礼仪服务有限公司
15057069955.txt$$$$龙游博学电子商务商行
15057157157.txt$$$$济南华特易建材有限公司
15057157157_1.txt$$$$济南华特易建材有限公司
15057188892.txt$$$$安徽旭日煜辰包装印务有限公司
15057188892_1.txt$$$$安徽旭日煜辰包装印务有限公司
15057188892_2.txt$$$$安徽旭日煜辰包装印务有限公司
15057303030.txt$$$$瑞安市福禄殡葬用品有限公司
15057375838.txt$$$$叶其上海电器有限公司
15057553762.txt$$$$乐清市新亿电器厂
15057560099.txt$$$$浙江恒捷通信科技有限公司
15057576885.txt$$$$上海浩淇防静电三角带有限公司
15057617068.txt$$$$浙江龙恩自动化设备有限公司
15057628560.txt$$$$天台县迪迪橡胶制品厂
15057681992.txt$$$$台州市路桥奇精剥线机制造厂
15057771429.txt$$$$浙江森恩防爆电器有限公司
15057812100.txt$$$$金华市金东区启发水果苗木基地
15057920368.txt$$$$苏州斯艺艾尔遮阳科技有限公司
15057929329.txt$$$$义乌市健涛箱包商行
15057929329_1.txt$$$$义乌市健涛箱包商行
15057929329_2.txt$$$$义乌市健涛箱包商行
15057934900.txt$$$$东阳市聚欣家具商行
