18039971334_2.txt$$$$河南普亚特化工产品有限公司
18039977800.txt$$$$郑州实强电子有限公司
18040018855.txt$$$$长春红门智慧停车科技有限公司
18040018917.txt$$$$沈阳佳琦商务策划有限公司
18040021059.txt$$$$辽宁恒锐达金属制品有限公司
18040040778.txt$$$$沈阳市铁西区迦勒家具厂
18040091620.txt$$$$辽宁首耀新能源科技发展有限公司
18040256190.txt$$$$沈阳鹤邦自动化设备有限公司
18040333356.txt$$$$四川冰皇科技发展有限公司
18040355588.txt$$$$成都蛟龙市政工程有限公司
18040509108.txt$$$$武汉福美嘉装饰材料有限公司
18040509331.txt$$$$武汉中飞旗帜横幅厂
18040547793.txt$$$$武汉北湖水乡生态农业发展有限公司
18040555504.txt$$$$湖北翼合通智能科技有限公司
18040585696.txt$$$$武汉新天地疏通清洗服务公司
18040594929.txt$$$$湖北小林古方生物科技有限公司
18040663468.txt$$$$十堰航丰工贸有限公司
18040674320.txt$$$$湖北中启重工有限公司
18042025230.txt$$$$广州市周鲁白文具有限公司
18042035018.txt$$$$杭州临安鑫旺厨具有限公司
18042119333.txt$$$$博广电气科技有限责任公司
18042203333.txt$$$$兰溪市贝斯特铝制品有限公司
18042221112.txt$$$$浦江蔡朋废旧金属回收有限公司
18042334505.txt$$$$浙江百胜钢业有限公司
18042344255.txt$$$$无锡林顺金属材料加工有限公司
18042457396.txt$$$$广州丰琪贸易有限公司
18042457396_1.txt$$$$广州丰琪贸易有限公司
18042457396_2.txt$$$$广州丰琪贸易有限公司
18042487677.txt$$$$杭州全优装饰设计有限公司
18042541176.txt$$$$宁波蓝箭环保科技有限公司
