18715046926.txt$$$$河南郑州酒精测试仪有限公司
18715051451.txt$$$$安徽盛欣怡保温包装材料有限公司
18715051451_1.txt$$$$安徽盛欣怡保温包装材料有限公司
18715051451_2.txt$$$$安徽盛欣怡保温包装材料有限公司
18715073461.txt$$$$安徽美信净化工程有限公司
18715073461_1.txt$$$$安徽美信净化工程有限公司
18715073461_2.txt$$$$安徽美信净化工程有限公司
18715077773.txt$$$$安徽鸿昊钢结构彩板有限公司
18715077773_1.txt$$$$安徽鸿昊钢结构彩板有限公司
18715079152.txt$$$$上海艺向装饰工程设计有限公司
18715088373.txt$$$$安徽博励会展有限公司
18715126888.txt$$$$安徽众道科技有限公司
18715156691.txt$$$$台州神渔机电有限公司
18715166081.txt$$$$合肥逸斋汽车贸易有限公司
18715166081_1.txt$$$$合肥逸斋汽车贸易有限公司
18715209576.txt$$$$金华市金东区天池日用品厂
18715310808.txt$$$$芜湖市吾诚装饰工程有限公司
18715310808_1.txt$$$$芜湖市吾诚装饰工程有限公司
18715310808_2.txt$$$$芜湖市吾诚装饰工程有限公司
18715603046.txt$$$$安徽双凯智能科技有限公司
18715603046_1.txt$$$$安徽双凯智能科技有限公司
18715603046_2.txt$$$$安徽双凯智能科技有限公司
18715603046_3.txt$$$$安徽双凯智能科技有限公司
18716326588.txt$$$$重庆佳凯真空袋包装有限公司
18716403173.txt$$$$重庆市洁星化工有限公司
18716807711.txt$$$$临沂华威物业服务有限公司
18717106531.txt$$$$武汉市洪山区晗梅园艺经营部
18717173670.txt$$$$武汉克诺思商贸有限公司
18717192422.txt$$$$武汉智力起重有限公司
18717386801.txt$$$$西安法平文化传播有限公司
