15589307117.txt$$$$淄博透水砖制造有限公司
15589488887.txt$$$$聊城市昌浩钢管制造有限公司
15589498123.txt$$$$聊城市经济技术开发区金利钢管制造厂
15589501518.txt$$$$烟台海正金属制品有限公司
15589501518_1.txt$$$$烟台海正金属制品有限公司
15589501518_2.txt$$$$烟台海正金属制品有限公司
15589506998.txt$$$$龙口靖诚金属制品有限公司
15589595811.txt$$$$烟台中安防水防腐材料有限公司
15589622348.txt$$$$烟台市墅达网络有限责任公司
15589637678.txt$$$$山东祥坤重工机械有限公司
15589637678_1.txt$$$$山东祥坤重工机械有限公司
15589637678_2.txt$$$$山东祥坤重工机械有限公司
15589652930.txt$$$$青州市军岩农业机械有限公司
15589652930_1.txt$$$$青州市军岩农业机械有限公司
15589652930_2.txt$$$$青州市军岩农业机械有限公司
15589662018.txt$$$$山东惠信环保工业制造有限公司
15589701203.txt$$$$济宁山拓机电设备有限公司
15589701203_1.txt$$$$济宁山拓机电设备有限公司
15589701203_2.txt$$$$济宁山拓机电设备有限公司
15589701203_3.txt$$$$济宁山拓机电设备有限公司
15589713226.txt$$$$山东恒旺重工设备有限公司
15589717043.txt$$$$济宁市龙汲工矿设备有限公司
15589735827.txt$$$$山东旭兴机械制造有限公司
15589751958.txt$$$$济宁市碧海洗涤用品有限公司
15589751958_1.txt$$$$济宁市碧海洗涤用品有限公司
15589751958_2.txt$$$$济宁市碧海洗涤用品有限公司
15589753866.txt$$$$山东昊骏机械有限公司
15589753866_1.txt$$$$山东昊骏机械有限公司
15589753866_2.txt$$$$山东昊骏机械有限公司
15589753866_3.txt$$$$山东昊骏机械有限公司
