18605392671.txt$$$$临沂金常青机械有限公司
18605393666.txt$$$$临沂汶青建材有限公司
18605393666_1.txt$$$$临沂汶青建材有限公司
18605393666_2.txt$$$$临沂汶青建材有限公司
18605396911.txt$$$$临沂市兰山区吉祥搬家服务部
18605397625.txt$$$$临沂市兰山区百佳好装饰材料商行
18605401441.txt$$$$郓城县起运苗木种植专业合作社
18605471280.txt$$$$山东省济宁市路义再生资源有限公司
18605473001.txt$$$$济宁市金鑫工矿设备有限公司
18605476095.txt$$$$济宁市路义再生资源有限公司
18605477272.txt$$$$济宁亨达超声设备有限公司
18605477272_1.txt$$$$济宁亨达超声设备有限公司
18605480055.txt$$$$山东润杰工程材料有限公司
18605480055_1.txt$$$$肥城三杰工程材料有限公司
18605482355.txt$$$$山东鼎鑫矿用设备有限公司
18605483003.txt$$$$泰安市鼎鑫矿用风机有限公司
18605487730.txt$$$$泰安市三诚电子科技有限公司
18605487730_1.txt$$$$泰安市三诚电子科技有限公司
18605488126.txt$$$$泰安中益企业管理咨询有限公司
18605489859.txt$$$$泰安市正裕源酿酒设备厂
18605489859_1.txt$$$$泰安市正裕源酿酒设备厂
18605489859_2.txt$$$$泰安市正裕源酿酒设备厂
18605516928.txt$$$$安徽循创建筑材料有限公司
18605516928_1.txt$$$$安徽循创建筑材料有限公司
18605517855.txt$$$$安徽大淮科技有限公司
18605530017.txt$$$$芜湖市永格节能材料有限公司
18605530017_1.txt$$$$芜湖市永格节能材料有限公司
18605530017_2.txt$$$$芜湖市永格节能材料有限公司
18605530805.txt$$$$安徽中杭保安服务有限公司
18605530805_1.txt$$$$安徽中杭保安服务有限公司
