13323028706_2.txt$$$$保定市盛发护坡模具制造有限公司
13323028706_3.txt$$$$保定市润达模具厂
13323070317.txt$$$$沧州鼎信钢管有限公司
13323070761.txt$$$$河北圣天管件集团有限公司
13323070761_1.txt$$$$河北圣天管件集团有限公司
13323070761_2.txt$$$$河北圣天管件集团有限公司
13323075989.txt$$$$河北天宁环保设备有限公司
13323077557.txt$$$$河北润腾管道设备制造有限公司
13323081487.txt$$$$枣强县凿岩机械配件厂
13323081571.txt$$$$安平县日昱线材厂
13323085667.txt$$$$河北忠良包装制品有限公司
13323104770.txt$$$$永年县青云高强度紧固件
13323115065.txt$$$$石家庄市裕华区金时代文化艺术培训学校
13323115540.txt$$$$河北智学科技有限公司
13323163355.txt$$$$河北派尔过滤设备技术有限公司
13323171048.txt$$$$沧州隆越机床附件制造有限公司
13323172430.txt$$$$泊头九运环保机械有限公司
13323172957.txt$$$$沧州亿博砼泵管道有限公司
13323178468.txt$$$$泊头市华康环保设备有限公司
13323180377.txt$$$$阜城县军桥橡胶有限公司
13323181021.txt$$$$河北瑞鑫公路工程有限公司
13323183551.txt$$$$河北冀工环保科技有限公司
13323185532.txt$$$$安平县联迈丝网制品有限公司
13323197213.txt$$$$任县科达机械制造厂
13323199393.txt$$$$河北省邢台市捷利商贸有限公司
13323202099.txt$$$$武安市助友标准件制造有限公司
13323222831.txt$$$$定州市优信自动化科技有限公司
13323256825.txt$$$$源泉液体净化机械有限公司
13323271376.txt$$$$泊头市红红建材销售处
13323271636.txt$$$$孟村回族自治县義润异径管厂
