13855533968.txt$$$$马鞍山市华东耐磨合金有限公司
13855533968_1.txt$$$$马鞍山市腾超耐磨合金有限公司
13855559518.txt$$$$马鞍山亚通重工机械有限公司
13855596925.txt$$$$东莞威密科自动化设备有限公司
13855664526.txt$$$$安徽精泰机电设备有限公司
13855761362.txt$$$$灵璧县满意石业有限公司
13855884286.txt$$$$武汉旺然兴汽车科技有限公司
13855987204.txt$$$$黄山亦百诺泵业有限公司
13855989032.txt$$$$黄山美森新材料科技有限公司
13856003485.txt$$$$合肥珂玛环保科技有限公司
13856003485_1.txt$$$$合肥珂玛环保科技有限公司
13856003485_2.txt$$$$合肥珂玛环保科技有限公司
13856003485_3.txt$$$$合肥珂玛环保科技有限公司
13856014258.txt$$$$合肥高志电子科技有限公司
13856023118.txt$$$$安徽倍斯特交通科技有限公司
13856023735.txt$$$$合肥金鹰新型材料有限公司
13856023735_1.txt$$$$合肥金鹰新型材料有限公司
13856024604.txt$$$$合肥汇一能源科技有限公司
13856024799.txt$$$$合肥丽装装饰工程有限公司
13856025593.txt$$$$安徽奇道智能门业有限公司
13856026258.txt$$$$合肥市望溪商贸有限责任公司
13856026258_1.txt$$$$合肥市望溪商贸有限责任公司
13856026766.txt$$$$肥西县花岗镇永胜水泥制品厂
13856026766_1.txt$$$$肥西县花岗镇永胜水泥制品厂
13856030088.txt$$$$合肥凌江物资回收有限公司
13856040507.txt$$$$合肥宝发动力技术股份有限公司
13856056665.txt$$$$合肥远恒包装材料有限公司
13856056665_1.txt$$$$合肥远恒包装材料有限公司
13856067561.txt$$$$安徽彧尊商贸有限公司
13856068993.txt$$$$合肥朗希文化传播有效公司
