15553465678.txt$$$$山东轩竹机电设备有限公司
15553491506.txt$$$$邹平铭鑫塑业有限公司
15553531234.txt$$$$烟台嘉保信装饰工程有限公司
15553531234_1.txt$$$$烟台嘉保信装饰工程有限公司
15553531234_2.txt$$$$烟台嘉保信装饰工程有限公司
15553531234_3.txt$$$$烟台嘉保信装饰工程有限公司
15553570298.txt$$$$山东捷运顺程交通设施有限公司
15553571754.txt$$$$山东宸禄医疗器械有限公司
15553571754_1.txt$$$$山东宸禄医疗器械有限公司
15553571754_2.txt$$$$山东宸禄医疗器械有限公司
15553588952.txt$$$$烟台天裳贸易有限责任公司
15553608565.txt$$$$高密市东宇机械科技有限公司
15553608565_1.txt$$$$高密市东宇机械科技有限公司
15553608565_2.txt$$$$高密市东宇机械科技有限公司
15553630513.txt$$$$高密市博艺木工机械厂
15553660001.txt$$$$潍坊顺天祥地坪工程有限公司
15553660001_1.txt$$$$潍坊顺天祥地坪工程有限公司
15553660001_2.txt$$$$潍坊顺天祥地坪工程有限公司
15553701038.txt$$$$山东新圣泰机械制造有限公司
15553701038_1.txt$$$$山东新圣泰机械制造有限公司
15553701038_2.txt$$$$山东新圣泰机械制造有限公司
15553701038_3.txt$$$$山东新圣泰机械制造有限公司
15553711369.txt$$$$济宁市浩博工矿机械设备有限公司
15553721191.txt$$$$曲阜铭轩机械制造有限公司
15553721191_1.txt$$$$曲阜铭轩机械制造有限公司
15553721191_2.txt$$$$曲阜铭轩机械制造有限公司
15553721191_3.txt$$$$曲阜铭轩机械制造有限公司
15553721193.txt$$$$曲阜市圣强机械制造有限公司
15553721193_1.txt$$$$曲阜市圣强机械制造有限公司
15553721193_2.txt$$$$曲阜市圣强机械制造有限公司
