13821960618.txt$$$$天津爱阳光科技有限公司
13821960618_1.txt$$$$天津爱阳光科技有限公司
13821968577.txt$$$$天津凯志达钢铁贸易有限公司
13821979063.txt$$$$天津一品背胶包装制品有限公司
13821998977.txt$$$$天津益利佰成汽车销售有限公司
13821998977_1.txt$$$$天津益利佰成汽车销售有限公司
13821998977_2.txt$$$$天津益利佰成汽车销售有限公司
13822055650.txt$$$$铭宇加工厂
13822064530.txt$$$$揭阳市弘润印刷实业有限公司
13822064530_1.txt$$$$广东揭阳弘润包装有限公司
13822064530_2.txt$$$$广东弘润食品包装有限公司
13822100062.txt$$$$广州市天霖装饰工程有限公司
13822101132.txt$$$$广州鸿思挖掘机配件厂
13822101173.txt$$$$广州游淏水上乐园设备有限公司
13822102050.txt$$$$广州市尺度展示道具有限公司
13822102050_1.txt$$$$广州市尺度展示道具有限公司
13822102050_2.txt$$$$广州市尺度展示道具有限公司
13822103093.txt$$$$广州缔歌纺织有限公司
13822103313.txt$$$$广州市骏宝清洁服务有限公司
13822103559.txt$$$$广州市浪泰计算机技术有限公司
13822105381.txt$$$$广州启翼门业有限公司
13822105835.txt$$$$广州科诗马谛贸易有限公司
13822105835_1.txt$$$$广州科诗马谛贸易有限公司
13822105835_2.txt$$$$广州科诗马谛贸易有限公司
13822110159.txt$$$$广州市增城泰峰塑胶五金制品厂
13822110159_1.txt$$$$广州市增城泰峰塑胶五金制品厂
13822110159_2.txt$$$$广州市增城泰峰塑胶五金制品厂
13822116200.txt$$$$广东万德福环保科技有限公司
13822116221.txt$$$$广州恒源环保科技有限公司
13822116657.txt$$$$广州市康华金属回收有限公司
