16507416833.txt$$$$哈尔滨双鑫水泥制品有限公司
16510310324.txt$$$$武汉麦桐文化传媒有限公司
16510825011.txt$$$$黄岩远征机械有限公司
16511122085.txt$$$$济宁紫星电子商务有限公司
16511241234.txt$$$$枣庄市蚂蚁文化传媒有限公司
16511622262.txt$$$$山东陈亮世家餐饮管理有限公司
16511921118.txt$$$$泉州丰泽区启航电脑经营部
16512418888.txt$$$$秦皇岛晶久环保设备有限公司
16512418888_1.txt$$$$秦皇岛晶久环保设备有限公司
16512418888_2.txt$$$$秦皇岛晶久环保设备有限公司
16513666688.txt$$$$山东菏矿重工机械有限公司
16513666688_1.txt$$$$山东菏矿重工机械有限公司
16513666688_2.txt$$$$山东菏矿重工机械有限公司
16515593666.txt$$$$太和县淞顺建筑材料有限公司
16518817666.txt$$$$巩义市站街德睿卫浴经销部
16518817666_1.txt$$$$巩义市站街德睿卫浴经销部
16518817666_2.txt$$$$巩义市站街德睿卫浴经销部
16520699333.txt$$$$山东省微步智能科技有限公司
16522052692.txt$$$$浙江安安电子有限公司
16522374673.txt$$$$临朐县丰吉铁艺制品有限公司
16523893999.txt$$$$葫芦岛林安物流有限公司
16524988944.txt$$$$佛山宏洋不锈钢有限公司
16525129888.txt$$$$山东世纪晨晖文化传媒有限公司
16530528666.txt$$$$雷因化学（上海）有限公司
16530800923.txt$$$$福州赛西尔家居有限公司
16530800941.txt$$$$滨州市美厨厨业有限公司
16530801182.txt$$$$佛山市迪海网络科技有限公司
16533907253.txt$$$$湘潭市经航仪器仪表有限公司
16533907256.txt$$$$意卡夫冰淇淋机有限公司
16533907257.txt$$$$上海众濒科技有限公司
