18086697727.txt$$$$武汉市美奇斯机械设备有限公司
18086698779.txt$$$$武汉大视界显示技术有限公司
18086726895.txt$$$$高曼城电子材料经营部
18086752387.txt$$$$徐州雷科建设科技有限公司
18086813198.txt$$$$成都蓉鑫泰市政工程有限公司
18087100885.txt$$$$云南鸿洛均装饰有限公司
18087100885_1.txt$$$$云南鸿洛均装饰有限公司
18087100885_2.txt$$$$云南鸿洛均装饰有限公司
18087125295.txt$$$$云南羽拓金属制品有限公司
18087125295_1.txt$$$$云南羽拓金属制品有限公司
18087184977.txt$$$$昆明道思建筑工程有限公司
18087184977_1.txt$$$$昆明道思建筑工程有限公司
18087184977_2.txt$$$$昆明道思建筑工程有限公司
18087199965.txt$$$$云南皇威泳池桑拿设备有限公司
18087199965_1.txt$$$$云南皇威泳池桑拿设备有限公司
18087238721.txt$$$$荥阳市茂源机械厂
18087259557.txt$$$$云南登豪商贸有限公司
18087534223.txt$$$$云南福欣瑞农业发展有限公司
18087534223_1.txt$$$$云南福欣瑞农业发展有限公司
18087593581.txt$$$$保山好帝亚装饰有限公司
18088138975.txt$$$$云南致宽商贸有限公司
18088138975_1.txt$$$$云南致宽商贸有限公司
18088139908.txt$$$$云南玖敦电气成套设备有限公司
18088139908_1.txt$$$$云南玖敦电气成套设备有限公司
18088139908_2.txt$$$$云南玖敦电气成套设备有限公司
18088140246.txt$$$$昆明格拉瑞斯交通工程有限公司
18088166393.txt$$$$瑞丽市华翠汇电子商务有限公司
18088247078.txt$$$$昆明市五华区昆中建材经营部
18088881592.txt$$$$深圳市金福源塑料制品有限公司
18088882209.txt$$$$东莞市莞城龙涛再生资源回收站
