18263988866.txt$$$$莒南县成鹏果树苗木中心
18264107778.txt$$$$山东祥峰蒲草制品有限公司
18264258197.txt$$$$山东强兴机械设备有限公司
18264309340.txt$$$$山东半斤八两贸易有限公司
18264397762.txt$$$$山东索雷石墨烯聚合物新材料有限公司
18264483739.txt$$$$潍坊雪飞化工有限公司
18264483739_1.txt$$$$潍坊雪飞化工有限公司
18264488397.txt$$$$潍坊市坊子区星卫苗木种植专业合作社
18264541333.txt$$$$山东久鑫环保科技有限公司
18264617278.txt$$$$诸城市宏旭机械厂
18264620004.txt$$$$临朐鸿海电子机械设备厂
18264626852.txt$$$$潍坊晨景通风设备有限公司
18264626852_1.txt$$$$潍坊晨景通风设备有限公司
18264626852_2.txt$$$$潍坊晨景通风设备有限公司
18264626852_3.txt$$$$潍坊晨景通风设备有限公司
18264637799.txt$$$$山东恒尔工业装备有限公司
18264637799_1.txt$$$$山东恒尔工业装备有限公司
18264637799_2.txt$$$$山东恒尔工业装备有限公司
18264637799_3.txt$$$$山东恒尔工业装备有限公司
18264637799_4.txt$$$$山东恒尔工业装备有限公司
18264647899.txt$$$$青州华拓环保科技有限公司
18264665988.txt$$$$山东翔鹏工贸有限公司
18264666261.txt$$$$青州鸿兴环保设备有限公司
18264676567.txt$$$$临朐金达涂装设备有限公司
18264721764.txt$$$$曲阜汇德机械有限公司
18264733518.txt$$$$濮阳市双宇机械电子有限公司
18264750238.txt$$$$济宁奥星文教体育器材有限公司
18264761919.txt$$$$山东天意新型建材设备有限公司
18264796890.txt$$$$山东百辉环保机械设备有限公司
18264796890_1.txt$$$$山东百辉环保机械设备有限公司
