17802255517_3.txt$$$$天津市明德装饰工程有限公司
17802468155.txt$$$$沈阳中海建筑板材有限公司
17802711161.txt$$$$武汉楚状元餐饮管理有限公司
17802727079.txt$$$$武汉欣农科技有限公司
17802727079_1.txt$$$$武汉欣农科技有限公司
17802727079_2.txt$$$$武汉欣农科技有限公司
17803071888.txt$$$$献县恒路通土工材料有限公司
17803295552.txt$$$$任县天航机械制造厂
17803295552_1.txt$$$$任县天航机械制造厂
17803295552_2.txt$$$$任县天航机械制造厂
17803295552_3.txt$$$$任县天航机械制造厂
17803295552_4.txt$$$$任县天航机械制造厂
17803748563.txt$$$$襄城县博一化纤有限公司
17803855007.txt$$$$巩义市立净净水材料有限公司
17803858833.txt$$$$河南领尊环保科技有限公司
17805061468.txt$$$$江苏鼎诺机电有限公司
17805143422.txt$$$$南京环奥橡塑有限公司
17805157319.txt$$$$南京中教美育科教设备有限公司
17805311771.txt$$$$国际职业技能鉴定协会有限公司
17805318282.txt$$$$济南鲁艺彩印有限公司
17805373626.txt$$$$济宁喜运机械有限公司
17805407188.txt$$$$山东航牡航天农业科技有限公司
17805445066.txt$$$$庆云吉达电动三轮车棚厂
17805445066_1.txt$$$$庆云吉达电动三轮车棚厂
17805445066_2.txt$$$$庆云吉达电动三轮车棚厂
17805445300.txt$$$$德州市旭日空调设备有限公司
17805447710.txt$$$$山东乐陵鲁乐力能电动车配件有限公司
17805483566.txt$$$$泰安浩龙矿山机械有限公司
17805928208.txt$$$$福州华腾环保有限公司
17805928208_1.txt$$$$福州华腾环保有限公司
