15399603111.txt$$$$太湖家电维修有限公司
15399936556.txt$$$$长沙加邦环保科技有限公司
15500049190.txt$$$$吉林省鸿诺企业管理咨询有限公司
15500609000.txt$$$$青海慧劭商贸有限公司
15500626166.txt$$$$青海鸿瑞筛网丝网有限公司
15500989721.txt$$$$海南诚信防水补漏工程有限公司
15501053722.txt$$$$北京中展未来会展有限公司
15501134237.txt$$$$广州市美粤视听科技有限公司
15501134237_1.txt$$$$北京美粤视听科技有限公司
15501162936.txt$$$$北京华展励德展览有限公司
15501212120.txt$$$$临沂华威物业服务有限公司
15501275760.txt$$$$北京伏安特电力服务有限公司
15501328886.txt$$$$昆山金琪农副产品有限公司
15501381005.txt$$$$江苏模宝电子商务有限公司
15501478799.txt$$$$苏州盟讯电子有限公司
15501478799_1.txt$$$$苏州盟讯电子有限公司
15501478799_2.txt$$$$苏州盟讯电子有限公司
15501508668.txt$$$$卡塔罗精密部件（苏州）有限公司
15501552323.txt$$$$济南秀雅商贸有限公司
15501555751.txt$$$$江苏隆轩纳米材料有限公司
15501557989.txt$$$$太仓万顺门业经营部
15501927770.txt$$$$海口天道国兴实业有限公司
15501932999.txt$$$$海南润之达汽车租赁有限公司
15502130916.txt$$$$上海迎河展览服务有限公司
15502161117.txt$$$$上海美妙机电科技有限公司
15502230878.txt$$$$天津市瀚洋纸业有限公司
15502270777.txt$$$$天津锦万商贸有限公司
15502279323.txt$$$$天津市百冠金属制品有限公司
15502435317.txt$$$$辽宁金石展览展示工程有限公司
15502457636.txt$$$$沈阳赞源环保科技有限公司
