13488917798.txt$$$$四川永腾达建筑工程有限公司
13489008324.txt$$$$福建鱼郎餐饮管理有限公司
13489122168.txt$$$$福州中钦环境工程有限公司
13489782712.txt$$$$泉州名佳建材有限公司
13489808482.txt$$$$智信阀门有限公司
13489808482_1.txt$$$$智信阀门有限公司
13489808482_2.txt$$$$智信阀门有限公司
13489810953.txt$$$$泉州创艺园林有限公司
13489874268.txt$$$$泉州台商投资区晋裕密胺餐具有限公司
13489883939.txt$$$$福建省铸翔景观工程有限公司
13500000000.txt$$$$昆山中科通风降温设备有限公司
13500000000_1.txt$$$$昆山中科通风降温设备有限公司
13500000000_2.txt$$$$昆山中科通风降温设备有限公司
13500000258.txt$$$$湖南骏迪仪器设备有限公司
13500000540.txt$$$$广州市蓝西机电设备有限公司
13500003081.txt$$$$广东鑫越路桥设备租赁有限公司
13500003760.txt$$$$鑫越路桥设备租赁有限公司
13500003760_1.txt$$$$广东鑫越路桥设备租赁有限公司
13500003781.txt$$$$广州豪潞交通设施有限公司
13500004467.txt$$$$广州金琢人水处理设备有限公司
13500004467_1.txt$$$$广州金琢人水处理设备有限公司
13500004467_2.txt$$$$广州金琢人水处理设备有限公司
13500005808.txt$$$$广州市久百曜电子有限公司
13500005808_1.txt$$$$广州市久百曜电子有限公司
13500005808_2.txt$$$$广州市久百曜电子有限公司
13500007259.txt$$$$广州市绮易美化妆品有限公司
13500007259_1.txt$$$$广州市绮易美化妆品有限公司
13500007259_2.txt$$$$广州市绮易美化妆品有限公司
13500007259_3.txt$$$$广州市绮易美化妆品有限公司
13500008984.txt$$$$广州凯科阀门制造有限公司
