18063521722.txt$$$$山东信哲金属制品有限公司
18063531111.txt$$$$山东川启达通交通设施有限公司
18063531111_1.txt$$$$山东川启达通交通设施有限公司
18063553332.txt$$$$聊城市永业通风设备有限公司
18063553332_1.txt$$$$聊城市永业通风设备有限公司
18063553332_2.txt$$$$聊城市永业通风设备有限公司
18063553332_3.txt$$$$聊城市永业通风设备有限公司
18063553332_4.txt$$$$聊城市永业通风设备有限公司
18063553332_5.txt$$$$聊城市永业通风设备有限公司
18063560856.txt$$$$山东冠县宏合交通设施有限公司
18063561158.txt$$$$山东聊城正鑫风机有限公司
18063570520.txt$$$$聊城睿诺伟业钢铁销售有限公司
18063570520_1.txt$$$$聊城睿诺伟业钢铁有限公司
18063571223.txt$$$$山东冠县远创交通设施有限公司
18063573749.txt$$$$山东飞龙金属材料有限公司
18063574822.txt$$$$冠县荣泽副食经营部
18063593294.txt$$$$山东神龙金属制造有限公司
18063598830.txt$$$$山东东阿百年堂阿胶生物制品股份有限公司
18064006650.txt$$$$武汉梦梵建筑装饰工程有限公司
18064012992.txt$$$$武汉图腾环保产品有限公司
18064017281.txt$$$$武汉智建安防科技有限公司
18064018287.txt$$$$武汉赫威迈机械设备有限公司
18064024419.txt$$$$安徽良基德森环保科技有限公司
18064028292.txt$$$$武汉万香缘商贸有限公司
18064057460.txt$$$$武汉诚志和文化传媒有限公司
18064077656.txt$$$$武汉菁菁草环保科技有限公司
18064090673.txt$$$$武汉卓磊展示设计工程有限公司
18064201328.txt$$$$咸宁友力汽车销售服务有限公司马桥展示厅
18064337480.txt$$$$咸阳龙超机械制造有限公司
18064452489.txt$$$$厦门壹笔品牌设计有限公司
