13377726599_1.txt$$$$东莞市企石精微五金制品厂
13377726599_2.txt$$$$东莞市企石精微五金制品厂
13377726599_3.txt$$$$东莞市企石精微五金制品厂
13377749195.txt$$$$东莞市携成机械设备有限公司
13377755349.txt$$$$东莞市东深发电设备有限公司
13377772399.txt$$$$广东大洲律师事务所
13377772399_1.txt$$$$广东大洲律师事务所
13377772399_2.txt$$$$广东大洲律师事务所
13377773451.txt$$$$广东扬光照明科技有限公司
13377775451.txt$$$$河北新风缘净化设备有限公司
13377777186.txt$$$$东莞市飞宇电子有限公司
13377779557.txt$$$$东莞市文创优品民族文化创意科技有限公司
13377779557_1.txt$$$$东莞市文创优品民族文化创意科技有限公司
13377779557_2.txt$$$$东莞市文创优品民族文化创意科技有限公司
13377782908.txt$$$$东莞市企石欣荣饰品厂
13377783177.txt$$$$安阳市元启婴幼儿用品有限公司
13377789225.txt$$$$东莞市快布自动化设备有限公司
13377798288.txt$$$$东莞市千汇报关报检服务有限公司
13377850633.txt$$$$湖北通顺通管道工程有限公司
13377852244.txt$$$$武汉半岛砖机设备有限公司
13377852537.txt$$$$武汉融创诚机电技术有限公司
13377862020.txt$$$$武汉市东西湖金雕电器经营部
13377872282.txt$$$$湖北艾克尔工程塑料零部件制造有限公司
13377872378.txt$$$$武汉欣玺汇商贸有限公司
13377876123.txt$$$$武汉市欣旺康室内环境治理服务中心
13377878150.txt$$$$上海品奥涂料有限公司
13377880246.txt$$$$武汉鑫葆士科技有限公司
13377888062.txt$$$$武汉天创匠谷设计有限公司
13377888125.txt$$$$武汉联合创佳科技有限公司
13377896389.txt$$$$武汉市武昌区紫荆打字服务部
