18764605795.txt$$$$诸城市喜砾商贸有限公司
18764606631.txt$$$$诸城市鼎兴机械科技有限公司
18764608899.txt$$$$诸城市浩泽机械有限公司
18764629587.txt$$$$潍坊华敏塑胶有限公司
18764643487.txt$$$$诸城市瑞恒食品机械厂
18764644399.txt$$$$诸城市汇康食品机械有限公司
18764644399_1.txt$$$$诸城市汇康食品机械有限公司
18764644399_2.txt$$$$诸城市汇康食品机械有限公司
18764644545.txt$$$$诸城市旭德科技机械有限公司
18764644699.txt$$$$诸城市康汇机械有限公司
18764645799.txt$$$$山东恒川矿砂机械有限公司
18764649875.txt$$$$诸城市鼎迅机械有限公司
18764651717.txt$$$$潍坊市贝特建筑设备有限公司
18764665688.txt$$$$临朐县汇吉机械设备厂
18764665688_1.txt$$$$临朐县汇吉机械设备厂
18764665688_2.txt$$$$临朐县汇吉机械设备厂
18764695798.txt$$$$潍坊丰茂动力设备有限公司
18764721882.txt$$$$山东薯之源生物科技有限公司
18764731119.txt$$$$诸城广运数控自动化设备有限公司
18764770200.txt$$$$济宁力扬环保节能设备制造有限公司
18764779888.txt$$$$济宁市兖州区乾安汽车配件有限公司
18764785230.txt$$$$济宁顺达机械设备有限公司
18764802456.txt$$$$泰安市高新区金果树园艺场
18764908333.txt$$$$临沂尚景信息技术有限公司
18765109661.txt$$$$潍坊市裕宝农业机械有限公司
18765141048.txt$$$$山东宝润环保科技有限公司
18765163370.txt$$$$山东龙鑫塑业有限公司
18765192222.txt$$$$山东闻达彩印包装有限公司
18765199111.txt$$$$临朐鸿洋金属制品厂
18765202756.txt$$$$长沙百商美博会服务有限公司
