13938250451_1.txt$$$$巩义市华瑞重工机械制造有限公司
13938250451_2.txt$$$$巩义市华瑞重工机械制造有限公司
13938258831.txt$$$$郑州市建新机械制造有限公司
13938262588.txt$$$$郑州五贝子生物科技有限公司
13938266119.txt$$$$巩义市佳宏机械有限公司
13938270695.txt$$$$郑州畅言清洗服务有限公司
13938273599.txt$$$$郑州永泰建材有限公司
13938276262.txt$$$$巩义市铭德矿山设备厂
13938276262_1.txt$$$$巩义市铭德矿山设备厂
13938282633.txt$$$$巩义市强胜机械有限公司
13938286481.txt$$$$郑州起运机械设备有限公司
13938286963.txt$$$$郑州沃趣电子商务有限公司
13938286965.txt$$$$巩义市天择机械设备有限公司
13938286965_1.txt$$$$巩义市天择机械设备有限公司
13938286965_2.txt$$$$巩义市天择机械设备有限公司
13938286965_3.txt$$$$巩义市天择机械设备有限公司
13938291056.txt$$$$巩义市孝义红卫粘合剂厂
13938291798.txt$$$$郑州卓航净水材料有限公司
13938292762.txt$$$$河南昌美环卫设备有限公司
13938293113.txt$$$$巩义市老城振华机械厂
13938293113_1.txt$$$$巩义市老城振华机械厂
13938293113_2.txt$$$$巩义市老城振华机械厂
13938293113_3.txt$$$$巩义市老城振华机械厂
13938293527.txt$$$$河南九萬里智能科技有限公司
13938295125.txt$$$$河南省顶冠新能源科技有限公司
13938297868.txt$$$$河南恒雁装饰工程有限公司
13938297868_1.txt$$$$河南恒雁装饰工程有限公司
13938297868_2.txt$$$$河南恒雁装饰工程有限公司
13938318091.txt$$$$濮阳鑫超强管具有限公司
13938319008.txt$$$$濮阳市海华石油机械有限公司
