13163376733.txt$$$$武汉八爪鱼广告策划有限公司
13163412751.txt$$$$重庆创兴玻璃钢制品有限公司
13163778188.txt$$$$深圳市洪泰显示科技有限公司
13163781592.txt$$$$深圳市国威威电器有限公司
13163798260.txt$$$$深圳市瑞盛新能源科技有限公司
13164075497.txt$$$$天津斗金科技有限公司
13164099046.txt$$$$天津市和远钢铁有限公司
13164099046_1.txt$$$$天津市和远钢铁有限公司
13164112211.txt$$$$武汉万福源商贸有限公司
13164180612.txt$$$$湖北梓山湖航天科普运营有限公司
13164301115.txt$$$$河南辰鑫机械设备有限公司
13164330001.txt$$$$郑州永丰玻璃礼品厂
13164351300.txt$$$$河南日博贸易有限公司
13164369999.txt$$$$郑州新安测控科技有限公司
13164665077.txt$$$$武汉市金诚瑞达石材有限公司
13165000010.txt$$$$青岛超发物流
13165011063.txt$$$$青岛绿诺环保科技有限公司
13165060572.txt$$$$青岛巨顺智能设备有限公司
13165070790.txt$$$$青岛垒德康普动力机械有限公司
13165099717.txt$$$$青岛即墨市艺华织带厂
13165110686.txt$$$$济南市天桥区金聪汽车配件经营部
13165118121.txt$$$$济南恒联烤箱设备公司
13165130007.txt$$$$济南市长清区卢玺圳面馆
13165131866.txt$$$$济南奥力机械厂
13165175381.txt$$$$济宁贝斯机电设备有限公司
13165195718.txt$$$$山东顺鑫挂车制造有限公司
13165197195.txt$$$$山东荣兴机械设备有限公司
13165231678.txt$$$$庆云县嘉诺塑料制品有限公司
13165242352.txt$$$$乐陵市枣上好红枣购销中心
13165245446.txt$$$$德州鲁发机械有限公司
