15917400298.txt$$$$广州海珠区开荒保洁公司地毯清洗公司
15917407564.txt$$$$广州全优能气模有限公司
15917417013.txt$$$$英德市望埠镇颐和园景观工程有限公司
15917429442.txt$$$$东莞臻誉钢结构工程有限责任公司
15917445766.txt$$$$广州蓝态清洁有限公司
15917463665.txt$$$$广州市火龙焊接设备有限公司
15917474269.txt$$$$广州万化网互联网服务有限公司
15917482757.txt$$$$广州市柜都家具有限公司
15917652692.txt$$$$东莞市开创餐饮管理有限公司
15917660864.txt$$$$东莞市冠钜自动化设备有限公司
15917676030.txt$$$$英能汽车配件有限公司
15917677931.txt$$$$东莞市德隆包装材料有限公司
15917686122.txt$$$$东莞市浦阳五金有限公司
15917698625.txt$$$$东莞市益升泵业有限公司
15917698625_1.txt$$$$东莞市益升泵业有限公司
15917698625_2.txt$$$$东莞市益升泵业有限公司
15917703300.txt$$$$东莞市烨烁五金制品有限公司
15917710059.txt$$$$广东南能新能源有限公司
15917718206.txt$$$$东莞市春和电子商贸有限公司
15917724812.txt$$$$东莞佳涵电子仪器仪表有限公司
15917753859.txt$$$$星鑫鸿印刷有限公司
15917781276.txt$$$$东莞市茶山百立鑫检测技术
15917837875.txt$$$$江门市惠和硅制品有限公司
15917925355.txt$$$$汕头市君建电子有限公司
15918001615.txt$$$$佛山博新酒店用品厂
15918068863.txt$$$$佛山市东力高燃气设备有限公司
15918098666.txt$$$$佛山市华美奥龙保温建材有限公司
15918098666_1.txt$$$$佛山市华美奥龙保温建材有限公司
15918151996.txt$$$$广东鸿威国际会展集团
15918349571.txt$$$$东莞市寮步洁顺清洁用品
