13750969846_1.txt$$$$义乌现代库存有限公司
13750969846_2.txt$$$$义乌现代库存有限公司
13750978787.txt$$$$义乌市元伟钢材有限公司
13750978787_1.txt$$$$义乌市元伟钢材有限公司
13750978787_2.txt$$$$义乌市元伟钢材有限公司
13750981987.txt$$$$金华市金东区荣凤玩具加工厂
13750981987_1.txt$$$$金华市金东区荣凤玩具加工厂
13750981987_2.txt$$$$金华市金东区荣凤玩具加工厂
13750989088.txt$$$$金华市元芳家庭农场
13750989793.txt$$$$金华市华雨电力设备有限公司
13750989793_1.txt$$$$金华市华雨电力设备有限公司
13750989793_2.txt$$$$金华市华雨电力设备有限公司
13750991078.txt$$$$东阳市南马天忆仿古门窗店
13750991078_1.txt$$$$东阳市南马天忆仿古门窗店
13750991078_2.txt$$$$东阳市南马天忆仿古门窗店
13751000034.txt$$$$深圳市世纪风华科技有限公司
13751007898.txt$$$$深圳市北宸新材料科技有限公司
13751008082.txt$$$$深圳市金巽源科技有限公司
13751012487.txt$$$$深圳市威森汽车科技有限公司
13751027079.txt$$$$深圳市粤星磁铁有限公司
13751029550.txt$$$$深圳市色彩光电有限公司
13751049325.txt$$$$深圳市千家科技有限公司
13751060871.txt$$$$深圳市金鹏德物流
13751065333.txt$$$$深圳法利莱集成房屋有限公司
13751065333_1.txt$$$$深圳法利莱集成房屋有限公司
13751065426.txt$$$$惠州市鑫昌隆科技有限公司
13751074447.txt$$$$深圳市诚浩达电子科技有限公司
13751095215.txt$$$$广州锦钰家具租赁服务有限公司
13751096794.txt$$$$深圳市万佳乐塑胶制品有限公司
13751116259.txt$$$$深圳市远美佳科技有限公司
