13475778999.txt$$$$山东梁山润华运输服务有限公司
13475792219.txt$$$$山东中煤工矿设备厂
13475796160.txt$$$$济宁欧科工矿设备有限公司
13475797446.txt$$$$济宁市一飞工程机械有限公司
13475820929.txt$$$$青岛华盛泰抛丸机械有限公司
13475820929_1.txt$$$$青岛华盛泰抛丸机械有限公司
13475830552.txt$$$$青岛汉盟科技有限公司
13475852719.txt$$$$青岛弗瑞特流体控制有限公司
13475888585.txt$$$$两岸早教聊城中心
13475889633.txt$$$$山东新恒久射线防护工程有限公司
13475983366.txt$$$$济南鸿霖啤酒设备有限公司
13475995515.txt$$$$山东同力达智能机械有限公司
13476065386.txt$$$$上海鼎焕玻璃窗膜有限公司
13476066086.txt$$$$广西融水新林木业有限公司
13476102697.txt$$$$咸安区格莱美装饰材料经营部
13476102697_1.txt$$$$咸安区格莱美装饰材料经营部
13476109633.txt$$$$荆州市江汉众力实业有限公司
13476155700.txt$$$$武汉凯洁丽商贸有限公司
13476161678.txt$$$$武汉跃新智能科技有限公司
13476207111.txt$$$$镭德杰标识科技武汉有限公司
13476207111_1.txt$$$$武汉博诺昇科技有限公司
13476207111_2.txt$$$$武汉博诺昇科技有限公司
13476207111_3.txt$$$$武汉博诺昇科技有限公司
13476258330.txt$$$$湖北水总水利水电建设股份有限公司
13476264323.txt$$$$武汉时运达电业科技有限公司
13476264323_1.txt$$$$武汉铭能商贸发展有限公司
13476322845.txt$$$$襄阳市襄州区金火焰灶具加工厂
13476444748.txt$$$$襄阳广丽装饰有限公司
13476444748_1.txt$$$$襄阳广丽装饰有限公司
13476473678.txt$$$$湖北万力饲料有限公司
