13523558850_3.txt$$$$巩义市龙祥机械厂
13523558850_4.txt$$$$巩义市龙祥机械厂
13523558850_5.txt$$$$郑州巩义龙祥机械厂
13523565839.txt$$$$郑州市管城区圣德蛋糕花园
13523589098.txt$$$$惠州市欧宝隆门业有限公司
13523589234.txt$$$$巩义市站街新鸿达机械厂
13523605102.txt$$$$洛阳争争农业种植有限公司
13523635857.txt$$$$洛阳市诺赢商贸有限公司
13523718338.txt$$$$郑州市二七区绿城搬家服务店
13523730016.txt$$$$新乡市东海实业有限公司
13523735397.txt$$$$卫辉市华卫机械制造厂
13523753512.txt$$$$河南仁德凿井有限公司
13523765138.txt$$$$潢川县绿海花木种植专业合作社
13523765138_1.txt$$$$潢川县绿海花木种植专业合作社
13523765138_2.txt$$$$潢川县绿海花木种植专业合作社
13523846907.txt$$$$新乡市振泰机械有限公司
13523851165.txt$$$$新乡新航液压设备有限公司
13523851165_1.txt$$$$新乡新航食品机械有限公司
13523928070.txt$$$$鹤壁市冀南矿山机械制造有限公司
13523928070_1.txt$$$$鹤壁市冀南矿山机械制造有限公司
13523928070_2.txt$$$$鹤壁市冀南矿山机械制造有限公司
13523928070_3.txt$$$$鹤壁市冀南矿山机械制造有限公司
13523938482.txt$$$$濮阳市安丰农业发展有限公司
13523938482_1.txt$$$$濮阳市安丰农业发展有限公司
13523938482_2.txt$$$$濮阳市安丰农业发展有限公司
13524002899.txt$$$$上海铭尚体育工程有限公司
13524076646.txt$$$$上海川竑实业有限公司
13524116918.txt$$$$上海枫尚电子科技有限公司
13524127662.txt$$$$上海抒眸坤企业管理有限公司
13524148810.txt$$$$上海千秋实业有限公司
