15903611977.txt$$$$巩义市宇建机械制造有限公司
15903618600.txt$$$$河南达人传媒有限公司
15903618600_1.txt$$$$河南达人传媒有限公司
15903618600_2.txt$$$$河南达人传媒有限公司
15903630998.txt$$$$郑州祥智机械设备有限公司
15903630998_1.txt$$$$郑州祥智机械设备有限公司
15903630998_2.txt$$$$郑州祥智机械设备有限公司
15903652920.txt$$$$郑州酵素浴健康服务有限公司
15903652920_1.txt$$$$郑州酵素浴健康服务有限公司
15903661291.txt$$$$郑州东升汽车音响有限公司
15903663076.txt$$$$巩义市昌旺给排水材料厂
15903666279.txt$$$$河南七色花建材有限公司
15903666279_1.txt$$$$河南七色花建材有限公司
15903666279_2.txt$$$$河南七色花建材有限公司
15903666279_3.txt$$$$河南七色花建材有限公司
15903667720.txt$$$$郑州天瑞液压设备有限公司
15903668658.txt$$$$河南省世源净水材料有限公司
15903668658_1.txt$$$$河南省世源净水材料有限公司
15903668658_2.txt$$$$河南省世源净水材料有限公司
15903688933.txt$$$$郑州明亮照明工程有限公司
15903694808.txt$$$$郑州爱尔洁环卫设备有限公司
15903720677.txt$$$$安阳高新区天鑫防水建材经销处
15903721156.txt$$$$安阳高新区石来运转园林景观门市部
15903727036.txt$$$$林州市中州裕丰商贸有限公司创业精神培训咨询中心
15903728888.txt$$$$安阳沃金实业有限公司
15903733339.txt$$$$新乡市新亚电机设备制造有限公司
15903830811.txt$$$$宁陵县华彩建筑装饰店
15903830811_1.txt$$$$宁陵县华彩建筑装饰店
15903830811_2.txt$$$$宁陵县华彩建筑装饰店
15903850425.txt$$$$新乡市低噪音风机厂
