13138888728.txt$$$$路华科技（深圳）有限公司
13139056733.txt$$$$西宁福军交通设施有限公司
13139072711.txt$$$$青海居巢隆建筑装饰工程有限公司
13139248019.txt$$$$甘肃林峰水泵有限公司
13139256392.txt$$$$甘肃力王建材有限公司
13139264535.txt$$$$兰州市西固区星宇脚手架加工厂
13140001899.txt$$$$巩义市安达管道设备有限公司
13140001937.txt$$$$郑州永焰热能设备有限公司
13140001937_1.txt$$$$郑州永焰热能设备有限公司
13140001937_2.txt$$$$郑州永焰热能设备有限公司
13140003565.txt$$$$河南明成服装厂
13140003565_1.txt$$$$河南明成服饰有限公司
13140003565_2.txt$$$$河南明成服饰有限公司
13140003868.txt$$$$郑州同福搬家运输有限公司
13140003868_1.txt$$$$郑州同福搬家运输有限公司
13140003868_2.txt$$$$郑州同福搬家运输有限公司
13140009631.txt$$$$深圳市善仁教育科技有限公司
13140009828.txt$$$$巩义市华瑞机械制造有限公司
13140013646.txt$$$$郑州市云泰机械设备有限公司
13140019034.txt$$$$河南丁泉金融服务有限公司
13140023915.txt$$$$郑州金盟游乐设备有限公司
13140026482.txt$$$$郑州耿好商贸有限公司
13140026482_1.txt$$$$郑州耿好商贸有限公司
13140027279.txt$$$$开封市金辉游乐设备有限公司
13140027279_1.txt$$$$开封市金辉游乐设备有限公司
13140027279_2.txt$$$$开封市金辉游乐设备有限公司
13140031063.txt$$$$河南荣新塑料制品有限公司
13140035583.txt$$$$河南野望包装制品有限公司
13140036323.txt$$$$河南郑州环源环保设备有限公司
13140059809.txt$$$$巩义市中凯机械设备贸易有限公司
