13927466975.txt$$$$深圳市共创源科技有限公司
13927474112.txt$$$$百盛达金属材料(深圳)有限公司
13927479647.txt$$$$深圳石力金科技有限公司
13927484173.txt$$$$深圳市柏林德电器有限公司
13927489158.txt$$$$深圳市瑞福自动化设备有限公司
13927490383.txt$$$$深圳市冠联通信技术有限公司
13927490689.txt$$$$深圳市伟业创兴建材有限公司
13927492629.txt$$$$北京慧博时代科技有限公司
13927528067.txt$$$$广州市番禺区悠然居装饰材料厂
13927561871.txt$$$$茂名市恒尔威衡器销售有限公司
13927567078.txt$$$$茂名市华冠房地产有限公司
13927698698.txt$$$$友联绿建工程建设有限公司
13927698698_1.txt$$$$友联绿建工程建设有限公司
13927701380.txt$$$$广东信广律师事务所
13927701380_1.txt$$$$广东信广律师事务所
13927701380_2.txt$$$$广东信广律师事务所
13927701380_3.txt$$$$广东信广律师事务所
13927720327.txt$$$$佛山市佛格机电设备有限公司
13927722970.txt$$$$佛山市科城建筑防水工程有限公司
13927723304.txt$$$$佛山市凯音装饰材料厂
13927723325.txt$$$$黄岐菲士舞蹈培训
13927723345.txt$$$$佛山市润竹五金制品有限公司
13927727470.txt$$$$佛山市特赛化工设备有限公司
13927727470_1.txt$$$$佛山市特赛化工设备有限公司
13927727470_2.txt$$$$佛山市特赛化工设备有限公司
13927735106.txt$$$$佛山市南海弘博铝制品厂
13927735106_1.txt$$$$佛山市南海弘博铝制品厂
13927735160.txt$$$$佛山德林环保材料有限公司
13927735759.txt$$$$佛山市南海皓天铝业有限公司
13927735759_1.txt$$$$佛山市南海皓天铝业有限公司
