13376494687_2.txt$$$$山东省博兴县金利丰环保科技有限公司
13376891989.txt$$$$武义金诺美门业有限公司
13376891989_1.txt$$$$武义金诺美门业有限公司
13376891989_2.txt$$$$武义金诺美门业有限公司
13376921586.txt$$$$厦门琴岛视光眼镜有限公司
13376928118.txt$$$$厦门杰辉冷链物流有限公司
13376940014.txt$$$$武汉中琛建筑工程有限公司
13376987776.txt$$$$厦门市诚保力工贸有限公司
13377001056.txt$$$$南宁三合庆典策划有限公司
13377082969.txt$$$$广西南宁昊展会展服务有限公司
13377168127.txt$$$$广西多美施肥业有限公司
13377180113.txt$$$$广西科绿环保科技有限责任公司
13377180138.txt$$$$广西华成一品园林景观工程有限公司
13377180138_1.txt$$$$广西怡佳景观工程有限公司
13377180138_2.txt$$$$广西怡佳景观工程有限公司
13377180138_3.txt$$$$广西怡佳景观工程有限公司
13377186957.txt$$$$南宁市金沛教育咨询有限公司
13377211171.txt$$$$柳州延龙汽车有限公司
13377235655.txt$$$$广西纪涛金属材料有限公司
13377355857.txt$$$$东莞市大岭山科杰精密五金加工店
13377574366.txt$$$$佛山市信德成门业科技有限公司
13377575789.txt$$$$佛山市盾标防护设备科技有限公司
13377618169.txt$$$$河源蔚蓝环境绿化有限公司
13377650066.txt$$$$佛山市二朋智能餐饮设备有限公司
13377700570.txt$$$$东莞市大朗瀚柏鞋材厂
13377702509.txt$$$$东莞市晋旭机电设备有限公司
13377711337.txt$$$$东莞市万佳机械设备有限公司
13377716075.txt$$$$东莞市柯宇管业有限公司
13377722186.txt$$$$翔胜制衣厂
13377726599.txt$$$$东莞市企石精微五金制品厂
