18957980128.txt$$$$金华建培教育咨询有限公司
18958000059.txt$$$$杭州展拓展览有限公司
18958034376.txt$$$$浙江金实乐环境工程有限公司
18958065408.txt$$$$溧阳汉克斯隔音材料有限公司
18958107818.txt$$$$浙江久美新材料有限公司
18958144576.txt$$$$杭州欧凯实业有限公司
18958147087.txt$$$$杭州博志科技有限公司
18958157258.txt$$$$杭州金镂智能科技有限公司
18958163383.txt$$$$杭州华媛餐饮管理有限公司
18958223135.txt$$$$余姚市品科新材料有限公司
18958229723.txt$$$$浙江中溯计量技术有限公司
18958259981.txt$$$$宁波具盈电子科技有限公司
18958463611.txt$$$$东阳市盛泰服饰有限公司
18958482031.txt$$$$义乌市本嚓服饰商行
18958482806.txt$$$$浙江杰创新材料科技有限公司
18958482806_1.txt$$$$浙江杰创新材料科技有限公司
18958482806_2.txt$$$$浙江杰创新材料科技有限公司
18958505353.txt$$$$台州市黄岩迈骏塑料模具有限公司
18958569810.txt$$$$台州市浙印商贸有限公司
18958572171.txt$$$$台州仙果庄园有限公司
18958677911.txt$$$$玉环昶坤机械设备有限公司
18958703897.txt$$$$苍南县佳福工艺品有限公司
18958855272.txt$$$$浙江东标电气有限公司
18958858230.txt$$$$浙江旭力电气有限公司
18958882797.txt$$$$上海丹博泵业制造有限公司
18958891889.txt$$$$温州市博源阀门有限公司
18958905759.txt$$$$上海高裕电气有限公司
18958929500.txt$$$$浙江扬子江泵业有限公司
18958953888.txt$$$$广东振信清洗服务有限公司
18958956176.txt$$$$浙江腾扬智能科技有限公司
