13919071166_2.txt$$$$甘肃兰州新钢联物资有限公司
13919086607.txt$$$$甘肃东特彩钢板有限公司
13919111195.txt$$$$甘肃永鑫成商贸有限公司
13919126371.txt$$$$兰州银河化学清洗技术有限公司
13919139852.txt$$$$兰州金链机电设备有限公司
13919143177.txt$$$$兰州荣发化工有限公司
13919154468.txt$$$$兰州奥泰利灌浆料工程材料有限公司
13919192156.txt$$$$甘肃凌霄泵业有限公司
13919197170.txt$$$$兰州标牌厂
13919203138.txt$$$$兰州陇峰岩棉彩钢厂
13919211178.txt$$$$兰州爱蓝工贸有限公司
13919227899.txt$$$$甘肃百森防腐木有限公司
13919227899_1.txt$$$$甘肃百森园林工程有限公司
13919233505.txt$$$$兰州旺达伟业保温材料有限公司
13919233505_1.txt$$$$兰州旺达伟业保温材料有限公司
13919234203.txt$$$$甘肃黎明发电机服务有限公司
13919236664.txt$$$$甘肃川建机械化拆除有限公司
13919237649.txt$$$$兰州永祥保温材料有限公司
13919243449.txt$$$$兰康真石漆有限公司
13919260503.txt$$$$兰州恒易达机电设备有限公司
13919298204.txt$$$$城关区焦家湾路恒宇通风机电商行
13919298476.txt$$$$甘肃圣天热力管件设备有限公司
13919318118.txt$$$$甘肃佳信焊接机电技术有限责任公司
13919324606.txt$$$$兰州盛赢风管加工厂
13919324606_1.txt$$$$兰州盛赢风管加工厂
13919330528.txt$$$$甘肃建投建材有限公司
13919346769.txt$$$$兰州普罗门工贸有限公司
13919361946.txt$$$$甘肃秀景园林机械设备有限公司
13919363763.txt$$$$兰州拉瑞斯金属制品有限公司
13919395088.txt$$$$甘肃福霖新能源科技有限公司
