15062686285.txt$$$$昆山市杰瑞安制刷有限公司
15062690773.txt$$$$玖德隆机械有限公司
15062690977.txt$$$$昆山兵仕机械有限公司
15062694545.txt$$$$透明母粒造粒机
15062698931.txt$$$$上海龙魁工业技术有限公司
15062722715.txt$$$$南通精匠建筑模型设计有限公司
15062757074.txt$$$$南通亚恒广告有限公司
15062838190.txt$$$$施博尔科技股份有限公司
15062996707.txt$$$$泰州市邦驰不锈钢材料有限公司
15062999845.txt$$$$兴化市万港不锈钢制品厂
15063021185.txt$$$$青岛沃格斯电器有限公司
15063031203.txt$$$$青岛海艺家具装饰有限公司
15063090700.txt$$$$青岛迪凯机械设备有限公司
15063120699.txt$$$$威海恒达超声设备有限公司
15063191092.txt$$$$威海盛凯贸易有限公司
15063207897.txt$$$$滕州大千马铃薯种植专业合作社
15063333590.txt$$$$济南乐控自动化设备有限公司
15063391260.txt$$$$济南德世数控机械有限公司
15063510534.txt$$$$聊城毅远恒物流有限公司
15063534666.txt$$$$天津市金华易钢材有限公司
15063536111.txt$$$$聊城市华赫钢管有限公司
15063536111_1.txt$$$$聊城市华赫钢管有限公司
15063536111_2.txt$$$$聊城市华赫钢管有限公司
15063537666.txt$$$$山东莘泉灌排设备有限公司
15063551234.txt$$$$临清市九星轴承科技有限公司
15063555678.txt$$$$聊城市开发区志远物资有限公司
15063571080.txt$$$$济南金源清洁环保设备有限公司
15063589663.txt$$$$山东博旺铅材料有限公司
15063592888.txt$$$$山东蓝宇精密轴承制造有限公司
15063617211.txt$$$$潍坊市晟诺防水材料有限公司
