18921360027.txt$$$$江阴市健丽达科技有限公司
18921391128.txt$$$$无锡鼎沃营销策划有限公司
18921410887.txt$$$$南京天诗新材料科技有限公司
18921507619.txt$$$$无锡恒易通特钢材料有限公司
18921519008.txt$$$$无锡善成金属材料制品有限公司
18921530044.txt$$$$无锡瑞辰宇环卫有限公司
18921670007.txt$$$$南通康隆新能源工程有限公司
18921712358.txt$$$$泰州铭嘉达橡塑机械有限公司
18921731091.txt$$$$靖江格兰富泵业有限公司
18921875323.txt$$$$江苏军曼农业科技有限公司
18921928229.txt$$$$扬州润通汽车用品有限公司
18921966176.txt$$$$张家港小助手贸易有限公司
18921969985.txt$$$$苏州兴志宝电子科技有限公司
18921971888.txt$$$$邳州市永驰苗木种植专业合作
18922000596.txt$$$$广东伟创科技开发有限公司
18922109048.txt$$$$广州君思网络科技有限公司
18922115537.txt$$$$广州立铭环保科技有限公司
18922121456.txt$$$$广州早晨运动材料有限公司
18922124277.txt$$$$广州市掘配信息科技有限公司
18922128751.txt$$$$广州澳盾智能科技有限公司
18922128751_1.txt$$$$广州澳盾智能科技有限公司
18922128751_2.txt$$$$广州澳盾智能科技有限公司
18922130992.txt$$$$广州市番业纸制品有限公司
18922137386.txt$$$$广州帛扬服装有限公司
18922139910.txt$$$$广州宏锐筛网有限公司
18922150067.txt$$$$广州市丰辉货运代理有限公司
18922154363.txt$$$$广州燊鸿巨亚国际货运代理有限公司
18922173859.txt$$$$广州迈联贸易有限公司
18922188230.txt$$$$广州市程信物流
18922193939.txt$$$$广州硕驰物流有限公司
