18653385178.txt$$$$淄博晟峰机械有限公司
18653389386.txt$$$$山东大通机械科技有限公司
18653391060.txt$$$$淄博凌达物流有限公司
18653394810.txt$$$$淄博市周村永鑫通风机械厂
18653396167.txt$$$$淄博维德瑞电气科技有限公司
18653396167_1.txt$$$$淄博维德瑞电气科技有限公司
18653400004.txt$$$$德州大洋空调设备有限公司
18653400004_1.txt$$$$德州大洋空调设备有限公司
18653400999.txt$$$$德州東恒空调设备有限公司
18653401259.txt$$$$山东松丽耐磨材料有限公司
18653401259_1.txt$$$$山东松丽塑料制品有限公司
18653402152.txt$$$$德州赛丰空调设备有限公司
18653402660.txt$$$$宁津县卓远输送设备有限公司
18653402660_1.txt$$$$宁津县卓远输送设备有限公司
18653402845.txt$$$$宁津县硕丰新型建材设备有限公司
18653403448.txt$$$$德州科伦空调设备有限公司
18653406605.txt$$$$宁津鸿晨网链设备有限公司
18653406910.txt$$$$山东德宁制药装备有限公司
18653407559.txt$$$$山东英模家居有限公司
18653407822.txt$$$$德州市陵县华龙化纤有限公司
18653408095.txt$$$$山东辰龙防火科技有限公司
18653408095_1.txt$$$$山东辰龙防火科技有限公司
18653408515.txt$$$$德州堤口牧歌调味品有限公司
18653411888.txt$$$$武城县鲁权屯镇永兴玻璃钢风机加工厂
18653412553.txt$$$$山东泰瑞丰新材料有限公司
18653412579.txt$$$$德州驰晨液压设备有限公司
18653413518.txt$$$$夏津县雅硕纺织厂
18653414199.txt$$$$山东省宁津县金宏机械有限责任公司
18653414281.txt$$$$德州建工机电设备有限公司
18653415729.txt$$$$山东烨鲁木业有限公司
