18823411191.txt$$$$深圳市汉派科技有限公司
18823475826.txt$$$$佛山市恒应美不锈钢制品有限公司
18823604415.txt$$$$惠州市艾博实业发展有限公司
18823666805.txt$$$$深圳市信品贸易有限公司
18823713239.txt$$$$深圳市宝顺钢材有限公司
18823726677.txt$$$$深圳市宝安区沙井聚鑫旺电子材料行
18823730593.txt$$$$深圳赛勒尔装饰工程有限公司
18823755552.txt$$$$深圳市忠信润滑油有限公司
18823780122.txt$$$$深圳市众创好电子有限公司
18823790590.txt$$$$深圳市多合成电子科技有限公司
18823803458.txt$$$$东莞市常平灏达工业气体经营部
18823803940.txt$$$$深圳天策激光科技有限公司
18823838621.txt$$$$深圳市福田区永捷和建材经营部
18823881300.txt$$$$惠州市晟达商贸实业有限公司
18823885027.txt$$$$深圳市易技自动化技术有限公司
18823885730.txt$$$$创蓝环保通风设备有限公司
18823886232.txt$$$$深圳市天策塑胶五金激光镭雕机有限公司
18824101714.txt$$$$厦门货之家电子商务有限公司
18824102821.txt$$$$广东陆海空物流集团有限公司
18824119411.txt$$$$广州捷跃升降机械有限公司
18824138009.txt$$$$中佳国际货运代理深圳有限公司
18824140202.txt$$$$广州晶能光伏科技有限公司
18824140202_1.txt$$$$广州晶能光伏科技有限公司
18824140202_2.txt$$$$广州晶能光伏科技有限公司
18824180108.txt$$$$耒创（广州）会展服务有限公司
18824183798.txt$$$$广州市江凌贸易有限公司
18824186386.txt$$$$香港优尚国际集团有限公司
18824190796.txt$$$$广州炫苹器材有限公司
18824192876.txt$$$$广州建五建筑工程有限公司
18824195132.txt$$$$东莞市麻涌海之光办公耗材经营部
