15730053382.txt$$$$重庆市华硕气柱袋包装制品有限公司
15730116877.txt$$$$重庆四海物资回收有限公司
15730116877_1.txt$$$$重庆四海物资回收有限公司
15730116877_2.txt$$$$重庆四海物资回收有限公司
15730174355.txt$$$$浩宇名品回收有限公司
15730473330.txt$$$$重庆路基土工建材有限公司
15730495255.txt$$$$重庆逞斯科技有限公司
15730572043.txt$$$$广州市星耀塑料包装有限公司
15730572043_1.txt$$$$广州市星耀塑料包装有限公司
15730572043_2.txt$$$$广州市星耀塑料包装有限公司
15731076006.txt$$$$邯郸市铭邦紧固件制造有限公司
15731076006_1.txt$$$$邯郸市铭邦紧固件制造有限公司
15731076006_2.txt$$$$邯郸市铭邦紧固件制造有限公司
15731094949.txt$$$$河北德纳金属制品有限公司
15731113121.txt$$$$武汉猫人云商科技有限公司
15731171517.txt$$$$石家庄绿远环卫设施有限公司
15731200835.txt$$$$宏涛机械加工厂
15731261688.txt$$$$保定晖煌废旧物资回收有限公司
15731291187.txt$$$$定州鼎程物联网科技有限公司
15731621555.txt$$$$廊坊市航帆贸易有限公司
15731629836.txt$$$$廊坊中润密封材料有限责任公司
15731632333.txt$$$$廊坊昌盛铭远过滤设备有限公司
15731653623.txt$$$$霸州阔勤楼梯有限公司
15731662236.txt$$$$北京文安安信科技发展有限公司
15731662236_1.txt$$$$北京文安安信科技发展有限公司
15731662236_2.txt$$$$北京文安安信科技发展有限公司
15731676082.txt$$$$霸州市霸州镇朝阳电力器材厂
15731677571.txt$$$$霸州市诚商惠电子商务有限公司
15731684112.txt$$$$天联线缆有限公司
15731700739.txt$$$$沧州篮鲸文体器材设备厂
