18071534979.txt$$$$武汉慧展科技有限公司
18071540300.txt$$$$武汉春天源实业发展有限责任公司
18071544458.txt$$$$武汉洁之净保洁服务有限公司
18071555108.txt$$$$湖北润泽神农生物科技有限公司
18071599268.txt$$$$沙洋县无声文化传媒有限公司
18071631969.txt$$$$盐城市自强化纤机械有限公司
18071643066.txt$$$$盐城启琛船舶设备有限公司
18071705677.txt$$$$武汉亿盛源建筑装饰有限公司
18071710811.txt$$$$武汉中恒达钢结构有限责任公司
18071719278.txt$$$$湖北博悦佳实业有限公司
18071747292.txt$$$$武汉越安特楼宇设备有限公司
18071776661.txt$$$$襄阳土家香食品科技开发有限公司
18071776661_1.txt$$$$襄阳傲农现代农业有限公司
18071776661_2.txt$$$$襄阳永力通机械有限公司
18071776661_3.txt$$$$襄阳永力通机械有限公司
18071782580.txt$$$$湖北珠峰净化设备有限公司
18071782580_1.txt$$$$湖北珠峰净化设备有限公司
18071782580_2.txt$$$$湖北珠峰净化设备有限公司
18071795156.txt$$$$广州靓裳服饰有限公司
18071797718.txt$$$$湖北丰鸿生态农业技术有限公司
18071877766.txt$$$$咸安区华帝专卖店
18071898891.txt$$$$深圳市恒广祥科技有限公司
18071969555.txt$$$$湖北弘力专用汽车有限公司
18072078689.txt$$$$福建康普暖通设备有限公司
18072085158.txt$$$$苍南县方辉制袋厂
18072090121.txt$$$$温州顺意焊接设备有限公司
18072108829.txt$$$$乐清市辰光塑料有限公司
18072139958.txt$$$$上海蓝夺电气科技有限公司
18072152802.txt$$$$浙江中油防爆电气有限公司
18072160176.txt$$$$浙江悦泰电气有限公司
