13623933119.txt$$$$濮阳市铁汉带压堵漏技术服务有限公司
13624028195.txt$$$$福兴达木业
13624038683.txt$$$$沈阳碰碰凉连锁企业管理有限公司
13624068799.txt$$$$沈阳金影形象设计有限公司
13624080087.txt$$$$北京同仁堂健康（大连）海洋食品有限公司
13624213442.txt$$$$沈阳星淼教育咨询有限公司
13624219395.txt$$$$沈阳万思达翻译有限公司
13624272427.txt$$$$盘山县睿诚产业投资发展有限公司
13624613971.txt$$$$哈尔滨智新家工程设计有限公司
13624818441.txt$$$$呼和浩特市鼎创之盛文化传媒有限公司
13625002036.txt$$$$厦门艾斯纹艺教育咨询有限公司
13625008356.txt$$$$厦门恩创智达科技有限公司
13625063386.txt$$$$福州代金网络科技有限公司
13625068086.txt$$$$安徽厚普模具有限公司
13625128841.txt$$$$上海檀质防火材料有限公司
13625187137.txt$$$$江苏奥海船舶设备有限公司
13625199876.txt$$$$泰州明煌电器线缆有限公司
13625202800.txt$$$$扬州振中锌业有限公司
13625203965.txt$$$$扬州市塑奇机械设备有限公司
13625206133.txt$$$$江苏江盈家居用品有限公司
13625272028.txt$$$$昆山欧士机工具钢有限公司
13625277192.txt$$$$苏州鑫仕能精密机械有限公司
13625286904.txt$$$$苏州普锐万机电有限公司
13625288739.txt$$$$苏州联合琴行有限公司
13625290648.txt$$$$苏州顺腾包装加工厂
13625291945.txt$$$$苏州瑞郎特电子科技有限公司
13625291945_1.txt$$$$苏州瑞郎特电子科技有限公司
13625291945_2.txt$$$$苏州瑞郎特电子科技有限公司
13625294649.txt$$$$江苏瑞合硕电子科技有限公司
13625314294.txt$$$$济南奇迹环保设备有限公司
