18520369899.txt$$$$广州市红蚯蚓生物科技有限公司
18520380992.txt$$$$广州凯志能源科技有限公司
18520385354.txt$$$$八方网络科技有限公司
18520408882.txt$$$$广州春明环保科技有限公司
18520415880.txt$$$$广州创驰智能科技有限公司
18520482640.txt$$$$广州市亿帆展览服务有限公司
18520506968.txt$$$$广州白鳍豚气模游艺设备有限公司
18520506968_1.txt$$$$广州白鳍豚气模游乐设备股份有限公司
18520517072.txt$$$$广东七彩茶业有限公司
18520538080.txt$$$$广州禧缤纷餐饮管理有限公司
18520565500.txt$$$$广州博昊光电科技有限公司
18520565500_1.txt$$$$广州博昊光电科技有限公司
18520591008.txt$$$$广州凯丽洁科技有限公司
18520675982.txt$$$$广州市特龙再生资源回收有限公司
18520677278.txt$$$$广州锐镐机电科技有限公司
18520677278_1.txt$$$$广州锐镐机电科技有限公司
18520677278_2.txt$$$$广州锐镐机电科技有限公司
18520693820.txt$$$$广州普尔技术有限公司
18520701964.txt$$$$广州视瑞电子设备有限公司
18520753844.txt$$$$圣德兰香氛科技（广州）有限公司
18520756016.txt$$$$佛山市裕冠新材料科技有限公司
18520766839.txt$$$$广州九川货架有限公司
18520766839_1.txt$$$$广州九川货架有限公司
18520766839_2.txt$$$$广州九川货架有限公司
18520767229.txt$$$$广州瑞睿办公设备有限公司
18520777078.txt$$$$广州三乔自动控制科技有限公司
18520785138.txt$$$$广州雅邦地毯有限公司
18520803181.txt$$$$深圳市宝铭源科技有限公司
18520807191.txt$$$$深圳市通宝坏境有限公司
18520828258.txt$$$$深圳市凯程通国际物流有限公司
