13793076758.txt$$$$山东鑫鹏环保设备安装工程有限公司
13793088007.txt$$$$聊城元浩腾飞钢铁有限公司
13793088862.txt$$$$山东协力钢铁有限公司
13793091266.txt$$$$山东聊城永胜金属材料有限公司
13793091266_1.txt$$$$聊城市通海钢管有限公司
13793095308.txt$$$$山东跃进轴承厂
13793098493.txt$$$$聊城皓哲管业有限公司
13793098688.txt$$$$临清市优库轴承有限公司
13793108885.txt$$$$济南卓荣机械设备有限公司
13793123559.txt$$$$济南清波害虫防治技术有限公司
13793123559_1.txt$$$$济南清波害虫防治技术有限公司
13793123696.txt$$$$济阳县建华雕塑工艺品加工厂
13793129999.txt$$$$济南贵和酒业有限公司
13793130697.txt$$$$济南大力神机械制造有限公司
13793168557.txt$$$$济南兰江家具有限公司
13793170921.txt$$$$济南镁嘉图新型材料开发有限公司
13793174057.txt$$$$泰安市一麦通电子科技有限公司
13793235268.txt$$$$青岛友信高科液压气动有限公司
13793263308.txt$$$$青岛永焕新塑料机械有限公司
13793268961.txt$$$$青岛宏利仓储设备有限公司
13793279169.txt$$$$青岛科华达电源有限公司
13793280999.txt$$$$青岛元大人防工程防护设备有限公司
13793290018.txt$$$$青岛福隆瑞洋工贸有限公司
13793313773.txt$$$$淄博金河风机有限公司
13793351591.txt$$$$威海市文登区黎明机械厂
13793351591_1.txt$$$$威海市奥荷环保科技有限公司
13793351591_2.txt$$$$威海市奥荷环保科技有限公司
13793351591_3.txt$$$$威海市奥荷环保科技有限公司
13793359122.txt$$$$威海特瑞防腐材料有限公司
13793411777.txt$$$$五莲县江南石材有限公司
