18939265130.txt$$$$郑州一尔游乐设备有限公司
18939267653.txt$$$$博雅时代国际展览（北京）有限公司
18939268670.txt$$$$郑州养发斯特生物科技有限公司
18939305123.txt$$$$濮阳市普惠农生物科技有限公司
18939361103.txt$$$$河南斐鸣棋广告传媒有限公司
18939361103_1.txt$$$$河南斐鸣棋广告传媒有限公司
18939361103_2.txt$$$$河南斐鸣棋广告传媒有限公司
18939483986.txt$$$$佛山市帝汇化工有限公司
18939503586.txt$$$$郑州炜业电子科技有限公司
18939513755.txt$$$$郑州杰凯包装设备有限公司
18939518519.txt$$$$郑州瑞普生物工程有限公司
18939522695.txt$$$$郑州市恒源建筑设备有限公司
18939526221.txt$$$$郑州新大新电气有限公司
18939563887.txt$$$$郑州豫兴印务有限公司
18939564155.txt$$$$郑州亿佳亿佳倡弘标识标牌有限公司
18939579871.txt$$$$郑州烤箱食品机械有限公司
18939677596.txt$$$$北京恒合伟业科技有限公司
18939735610.txt$$$$上海韵桐景观材料
18939736019.txt$$$$寰域展览上海有限公司
18939736019_1.txt$$$$宇内文化传播(上海)有限公司
18939737652.txt$$$$上海杳田新材料科技有限公司
18939771010.txt$$$$浙江托马仕智能科技有限公司
18939775889.txt$$$$上海正江实业有限公司
18939782719.txt$$$$上海三旗喷设备有限公司
18939831185.txt$$$$上海河辰物资有限公司
18939862619.txt$$$$上海净览暖通工程设备有限公司
18939862619_1.txt$$$$上海净览暖通工程设备有限公司
18939862619_2.txt$$$$上海净览暖通工程设备有限公司
18939862619_3.txt$$$$上海净览暖通工程设备有限公司
18939900689.txt$$$$上海铸然供应链（集团）有限公司
