13703717640.txt$$$$河南国网电缆集团有限公司
13703722695.txt$$$$安阳市六方机电有限责任公司
13703724766.txt$$$$河南云宵包装制品有限公司
13703725873.txt$$$$安阳锅炉有限公司
13703726677.txt$$$$安阳市华伟冶金机械有限责任公司
13703729129.txt$$$$安阳市建源温室工程有限公司
13703729129_1.txt$$$$安阳市建源温室工程有限公司
13703729129_2.txt$$$$安阳市建源温室工程有限公司
13703729381.txt$$$$安阳市群袖塑业有限责任公司
13703730187.txt$$$$河南瑞锋机械有限公司
13703735703.txt$$$$河南大境风机科技有限公司
13703737072.txt$$$$新乡市中原泡沫制品有限公司
13703737072_1.txt$$$$新乡市中原泡沫制品有限公司
13703737072_2.txt$$$$新乡市中原泡沫制品有限公司
13703738559.txt$$$$河南北方重工科技有限公司
13703749518.txt$$$$许昌县军祥建筑设备销售租赁处
13703757576.txt$$$$河南省舜利商贸有限公司
13703793918.txt$$$$洛阳益心食品饮料有限公司
13703820799.txt$$$$郑州童乐游艺设备厂
13703826272.txt$$$$巩义市城区景欣装饰材料行
13703826272_1.txt$$$$巩义市城区景欣装饰材料行
13703826272_2.txt$$$$巩义市城区景欣装饰材料行
13703826727.txt$$$$巩义市佰润商贸有限公司
13703826727_1.txt$$$$巩义市佰润商贸有限公司
13703826727_2.txt$$$$巩义市佰润商贸有限公司
13703826821.txt$$$$郑州鑫玖隆机械设备有限公司
13703843473.txt$$$$巩义市顺诚供水材料有限公司
13703846029.txt$$$$郑州军安机械制造有限公司
13703846029_1.txt$$$$郑州军安机械制造有限公司
13703846029_2.txt$$$$郑州军安机械有限公司
