18096148867.txt$$$$贵州青帝酒业有限责任公司
18096176303.txt$$$$贵阳麦乐道餐饮管理有限公司
18096222822.txt$$$$宜宾美视光电科技有限公司
18096428110.txt$$$$镜湖区匙全匙美锁具经营部
18096591158.txt$$$$安徽虎嗅服饰有限公司
18096602725.txt$$$$合肥盛大计量仪器有限公司
18096603910.txt$$$$安徽晟川膜分离技术有限公司
18096615555.txt$$$$合肥悦享餐饮有限公司
18096618836.txt$$$$安徽风淼环保科技有限公司
18096693319.txt$$$$安徽淳烽环境科技有限公司
18096851876.txt$$$$新疆国展展览有限公司
18097075888.txt$$$$青海诚渤源金属丝网制造有限公司
18097114830.txt$$$$西宁千乔松环保设备有限公司
18098157588.txt$$$$佛山市藤中王家具有限公司
18098158901.txt$$$$广东省精美检测技术有限公司
18098161410.txt$$$$佛山市衍深建材有限公司
18098177553.txt$$$$佛山市通乾钢铁贸易有限公司
18098188470.txt$$$$佛山市晟懋机电设备有限公司
18098211621.txt$$$$东莞市润生包装有限公司
18098212759.txt$$$$欧迈能源控股（深圳）有限公司
18098216620.txt$$$$东莞盛维创数控设备有限公司
18098218517.txt$$$$欧迈能源控股有限公司
18098224367.txt$$$$东莞市亿辰铝业有限公司
18098243835.txt$$$$广东建鼎水泥制品有限公司
18098259273.txt$$$$东莞市广锦数控设备有限公司
18098279061.txt$$$$东莞市民扬机电设备有限公司
18098281768.txt$$$$广东宏河环保科技有限公司
18098500359.txt$$$$合肥宣净净化科技有限公司
18098730085.txt$$$$灵璧县渔沟弥峰石业
18098900808.txt$$$$深圳市华凯达实业发展有限公司
