13333413550_1.txt$$$$太原市志翔电梯有限公司
13333413550_2.txt$$$$太原市志翔电梯有限公司
13333413616.txt$$$$山西亿联科技有限公司
13333414319.txt$$$$山西远大基越工程机械销售有限公司
13333414319_1.txt$$$$山西远大基越工程机械销售有限公司
13333414319_2.txt$$$$山西远大基越工程机械销售有限公司
13333433362.txt$$$$山西通顺建筑安装有限公司
13333433362_1.txt$$$$山西通顺建筑安装有限公司
13333433362_2.txt$$$$山西通顺建筑安装有限公司
13333433362_3.txt$$$$山西通顺建筑安装有限公司
13333465530.txt$$$$太原市安恒利电子有限公司
13333465688.txt$$$$太原源灯笼科技文化有限公司
13333465688_1.txt$$$$太原源灯笼科技文化有限公司
13333465688_2.txt$$$$太原源灯笼科技文化有限公司
13333466454.txt$$$$山西忆聚香餐饮管理有限公司
13333508252.txt$$$$山西东方万联莫来砂铸造科技有限公司
13333511383.txt$$$$山西英优品商贸有限公司
13333511383_1.txt$$$$山西英优品商贸有限公司
13333511383_2.txt$$$$山西英优品商贸有限公司
13333657687.txt$$$$南阳市民发水泥构件厂
13333663663.txt$$$$河南环宇分子筛有限公司
13333666747.txt$$$$深圳沃德一佳科技有限公司
13333716115.txt$$$$河南创卓仓储科技有限公司
13333728368.txt$$$$安阳安振环境高科有限公司
13333730303.txt$$$$新乡市盛宇机械有限公司
13333785107.txt$$$$河南水福无塔供水设备有限公司
13333785107_1.txt$$$$河南水福无塔供水设备有限公司
13333785107_2.txt$$$$河南水福无塔供水设备有限公司
13333791082.txt$$$$洛阳市鑫晟鑫建筑科技有限公司
13333801700.txt$$$$河南郑平家政服务有限公司
