15169617668.txt$$$$青州市华瑞通风设备厂
15169621988.txt$$$$昌乐福荣线业有限公司
15169639468.txt$$$$诸城市天海环保科技有限公司
15169649567.txt$$$$山东货叉叉机械设备有限公司
15169664657.txt$$$$鹤山市行云流水卫浴有限公司
15169672188.txt$$$$诸城市鹏福特机械厂
15169673944.txt$$$$诸城市鑫盛源机械有限公司
15169675195.txt$$$$潍坊千禾环保科技有限公司
15169676997.txt$$$$诸城市然翔食品机械有限公司
15169677788.txt$$$$诸城市鹏程环保设备有限公司
15169712229.txt$$$$山东鸿跃环保科技股份有限公司
15169718631.txt$$$$德州市东旭粮油调味品有限公司
15169718631_1.txt$$$$德州市东旭粮油调味品有限公司
15169728111.txt$$$$庆云铭锐电力科技有限公司
15169729509.txt$$$$德州谊通空调设备有限公司
15169822896.txt$$$$泰安新路通用设备有限公司
15169881824.txt$$$$泰安市绿泰排水板有限公司
15169881824_1.txt$$$$泰安市百斯特进出口有限公司
15169888779.txt$$$$泰安市泰山区鑫新缝纫设备销售中心
15169943222.txt$$$$庆云诺鑫塑胶新材料有限公司
15169995951.txt$$$$山东省博兴县洁速尔厨业有限公司
15169995951_1.txt$$$$山东省博兴县洁速尔厨业有限公司
15169995951_2.txt$$$$山东省博兴县洁速尔厨业有限公司
15170081751.txt$$$$南昌聚新塑胶有限公司
15170268927.txt$$$$深圳市赛鑫厨具设备有限公司
15170423838.txt$$$$南昌梧桐树广告装饰工程有限公司
15170467855.txt$$$$霸王生物技术有限公司
15170709898.txt$$$$江西临居房屋科技有限公司
15170767031.txt$$$$赣州添美环保科技有限公司
15170778302.txt$$$$赣州卫家环保科技有限公司
