13974024817_1.txt$$$$河源市源城区兢业型材拉弯加工厂
13974024817_2.txt$$$$河源市源城区兢业型材拉弯加工厂
13974132361.txt$$$$桂东县致富农林专业合作社
13974205670.txt$$$$常德市吉鑫农业科技服务有限公司
13974640810.txt$$$$深圳澳华国际物流有限公司
13974813625.txt$$$$长沙春飞食品科技有限公司
13974816412.txt$$$$湖南瑞沙管道工程有限公司
13974816412_1.txt$$$$湖南中亚管道工程技术有限公司
13974816412_2.txt$$$$市政管道工程有限公司
13974816412_3.txt$$$$湖南市政管道工程有限公司
13974816412_4.txt$$$$湖南市政工程有限公司
13974828852.txt$$$$湖南粉巢食品科技有限公司
13974832390.txt$$$$长沙市芙蓉区自强创业科技
13974857645.txt$$$$湖南千慕软装设计有限公司
13974863460.txt$$$$长沙京瑞建材有限公司
13974863460_1.txt$$$$长沙京瑞建材有限公司
13974863460_2.txt$$$$长沙京瑞建材有限公司
13974897104.txt$$$$湖南荣光照明科技有限公司
13974899143.txt$$$$长沙江高建筑幕墙工程有限公司
13974902380.txt$$$$长沙四通锯床锯带有限公司
13974909037.txt$$$$长沙浩松建材贸易有限公司
13974934368.txt$$$$长沙市雨花区盛敏图文经营部
13974991809.txt$$$$浏阳市创新科技模型有限公司
13975085777.txt$$$$湖南御雄生态农业科技有限公司
13975132660.txt$$$$湖南托兰工程建设有限公司
13975180161.txt$$$$长沙颂韵文化传播有限公司
13975189768.txt$$$$湖南百盛家具制造有限公司
13975193865.txt$$$$长沙威巴仕新材料科技有限公司
13975306957.txt$$$$湖南高杆红叶石楠基地
13975330850.txt$$$$株洲华强硬质合金工具有限公司
