15556961811_2.txt$$$$合肥瑶海区俏明月布艺商行
15557030025.txt$$$$慈溪市飞纳得电器厂
15557582123.txt$$$$浙江北固电力设备有限公司
15557818888.txt$$$$浙江天进工贸有限公司
15558055577.txt$$$$杭州优圣办公家具有限公司
15558055577_1.txt$$$$杭州优圣办公家具有限公司
15558055577_2.txt$$$$杭州优圣办公家具有限公司
15558164836.txt$$$$天台邦耀滤布有限公司
15558383322.txt$$$$宁波市三得金属材料科技有限公司
15558555366.txt$$$$浙江奥兹装饰材料有限公司
15558614576.txt$$$$霸州市浩杰电力金具有限公司
15558666123.txt$$$$浙江英都阀门科技有限公司
15558670503.txt$$$$费县凤之鸣草鸡养殖专业合作社
15558916639.txt$$$$乐清市君通电气有限公司
15559163914.txt$$$$厦门瑞斯特电动科技有限公司
15559900665.txt$$$$昆明晨钟会展服务有限公司
15560027759.txt$$$$虞城县广丰农具加工厂
15560027759_1.txt$$$$虞城县广丰农具加工厂
15560027759_2.txt$$$$虞城县广丰农具加工厂
15560083838.txt$$$$商丘辉腾建筑工程有限公司
15560083838_1.txt$$$$商丘辉腾建筑工程有限公司
15560083838_2.txt$$$$商丘辉腾建筑工程有限公司
15560083838_3.txt$$$$商丘辉腾建筑工程有限公司
15560126362.txt$$$$河南疆粮机械有限公司
15560197308.txt$$$$新乡真彩设计印刷有限公司
15560205796.txt$$$$北京大有帅才科技有限公司
15560227811.txt$$$$新乡市博华机械设备有限公司
15560256661.txt$$$$获嘉县鹏盛建材有限公司
15560265326.txt$$$$新乡市志忠机械设备有限公司
15560265326_1.txt$$$$新乡市志忠机械设备有限公司
