13522404671.txt$$$$北京兴顺瑞达商贸中心
13522419759.txt$$$$北京春天木业有限公司
13522423511.txt$$$$北京国光恒通能源技术有限公司
13522441456.txt$$$$北京京大绿源环保科技有限公司
13522474164.txt$$$$北京共元科技有限公司
13522474164_1.txt$$$$北京共元科技有限公司
13522474164_2.txt$$$$北京共元科技有限公司
13522569220.txt$$$$北京喜丰年声光科技有限公司
13522570827.txt$$$$北京新卓博宇光机电设备有限公司
13522617198.txt$$$$北京西奥昆仑电梯工程有限公司
13522660727.txt$$$$北京恒汇国际展览有限公司
13522694826.txt$$$$北京华控恒通机电设备有限责任公司
13522695647.txt$$$$中亨智显（北京）科技有限公司
13522733598.txt$$$$北京纵横卓越科技有限公司
13522773459.txt$$$$易县古岩商贸有限公司
13522803111.txt$$$$北京晟游货物运输服务有限责任公司
13522815592.txt$$$$北京奥赛星体育器材有限公司
13522816982.txt$$$$亚洲中国北京明华国际展览有限公司
13522825593.txt$$$$北京柔星管道有限责任公司
13522872400.txt$$$$北京龙浩装饰工程设计有限责任公司
13522900133.txt$$$$北京华宇物流
13522919557.txt$$$$北京中德新亚建筑有限公司
13522923215.txt$$$$北京九州同诚制冷设备有限公司
13522987265.txt$$$$北京万吉建材有限公司
13523002859.txt$$$$郑州学研热能设备有限公司
13523003465.txt$$$$郑州佳琪家庭服务有限公司
13523006868.txt$$$$深圳光纳时代企业策划有限公司
13523015655.txt$$$$巩义市鸿源机械制造有限公司
13523019495.txt$$$$郑州市思博温室工程有限公司
13523022669.txt$$$$荥阳市光明金刚石实业有限公司
