13119135353.txt$$$$西安赵家腊汁肉餐饮管理有限公司
13119135353_1.txt$$$$西安赵家腊汁肉餐饮管理有限公司
13119135353_2.txt$$$$西安赵家腊汁肉餐饮管理有限公司
13119135353_3.txt$$$$西安赵家腊汁肉餐饮管理有限公司
13119135353_4.txt$$$$西安赵家腊汁肉餐饮管理有限公司
13119181558.txt$$$$西安静研家具有限公司
13119189212.txt$$$$西安美博宇联电子科技有限公司
13119196956.txt$$$$西安咖夏介贸易有限公司
13119196958.txt$$$$陕西宸宇华中实业有限公司
13119382370.txt$$$$陕西华阳新材料科技有限公司
13119505650.txt$$$$清远爱邦物流
13119520520.txt$$$$广州小道信息技术有限公司
13119527353.txt$$$$广州琪之琪饰品连锁有限公司
13119555343.txt$$$$广州金涞得贸易有限公司
13119580363.txt$$$$佛山市精密双金属元件厂
13119599925.txt$$$$增城市新塘盈智高科精细化工厂
13119788666.txt$$$$青海亿茂吊装工程有限公司
13119866153.txt$$$$佛山市溢升金属制品厂
13119867393.txt$$$$广州赛百诺烘干设备有限责任公司
13120015084.txt$$$$北京天意兴隆信科技有限公司
13120041039.txt$$$$北京中岩特材科技有限公司
13120150017.txt$$$$北京华旭世纪科技有限公司
13120162310.txt$$$$天津冀邯达轴承有限公司
13120189666.txt$$$$北京市瑞华货运有限公司
13120218439.txt$$$$山东慧美新材料有限公司
13120222960.txt$$$$北京时代北利离心机有限公司
13120229557.txt$$$$北京创诚致佳科技有限公司
13120246508.txt$$$$北京四方博远文化传媒有限公司
13120266211.txt$$$$北京远盛管道清洗服务有限公司
13120379292.txt$$$$京洁环（北京）环卫服务有限公司
