13711015608.txt$$$$广州长出工艺品有限公司
13711015608_1.txt$$$$广州长出工艺品有限公司
13711015608_2.txt$$$$广州长出工艺品有限公司
13711015608_3.txt$$$$广州长出工艺品有限公司
13711025258.txt$$$$广州市邦大国际物流
13711043495.txt$$$$广州芬臣生物科技有限公司
13711043495_1.txt$$$$广州芬臣生物科技有限公司
13711043495_2.txt$$$$广州芬臣生物科技有限公司
13711047717.txt$$$$广州聚大生物科技有限公司
13711048088.txt$$$$广州市番禺区立丰纸制品厂
13711051215.txt$$$$广东时成富科技有限公司
13711051215_1.txt$$$$广东时成富科技有限公司
13711051215_2.txt$$$$广东时成富科技有限公司
13711058867.txt$$$$广州大麦信息科技有限公司
13711077436.txt$$$$广州市新立达箱包实业有限公司
13711114640.txt$$$$广东鑫越路桥设备租赁有限公司
13711115416.txt$$$$广东省广州市似海交通设施有限公司
13711118182.txt$$$$广州和事美发用品有限公司
13711125353.txt$$$$广州扬克清洁服务有限公司
13711126152.txt$$$$广州市联生广告装饰有限公司
13711126152_1.txt$$$$广州市联生广告装饰有限公司
13711126152_2.txt$$$$广州市联生广告装饰有限公司
13711134774.txt$$$$广州富宏自动售货机有限公司
13711134774_1.txt$$$$广州富宏自动售货机有限公司
13711142633.txt$$$$广州市黄埔区金太洋电工电源工贸部
13711147767.txt$$$$广州洁珑化工有限公司
13711147767_1.txt$$$$广州洁珑化工有限公司
13711147767_2.txt$$$$广州洁珑化工有限公司1
13711147767_3.txt$$$$广州洁珑化工有限公司
13711147767_4.txt$$$$广州洁珑化工有限公司
