18214608873_1.txt$$$$昆明拓滇防水工程有限公司
18214757576.txt$$$$安徽泰恒环保科技有限公司
18215103710.txt$$$$甘肃东盟电力变压器设备有限公司
18215143407.txt$$$$甘肃高通商贸有限公司
18215151177.txt$$$$兰州宏林轻质隔墙板有限公司
18215174343.txt$$$$七里河区鑫博宽物资经销部
18215178377.txt$$$$甘肃德嘉净化设备有限责任公司
18215186212.txt$$$$兰州启鸿金属制品有限责任公司
18215193539.txt$$$$上海多茂建筑科技有限公司
18215550680.txt$$$$四川信日东上机械设备有限公司
18215550788.txt$$$$四川恒鼎瑞达环保科技有限公司
18215555141.txt$$$$武定县云鹅养殖专业合作社
18215555141_1.txt$$$$武定县云鹅养殖专业合作社
18215627883.txt$$$$四川省诚申兄弟汽车服务有限公司
18215667151.txt$$$$重庆美格斯升降机械有限公司
18215667151_1.txt$$$$四川乐山市锅炉有限公司
18215694023.txt$$$$成都快展时代展览有限公司
18216438958.txt$$$$邵阳市富森阻燃材料有限公司
18216459541.txt$$$$衡阳普利电子商务有限公司
18216462730.txt$$$$津市市石油化工仪器有限公司
18217051701.txt$$$$上海优隆电子衡器有限公司
18217058128.txt$$$$北极绒（上海）电子商务有限公司
18217095569.txt$$$$上海楚控自动化设备有限公司
18217099007.txt$$$$上海万丁信息科技有限公司
18217118533.txt$$$$上海立文会展服务有限公司
18217135005.txt$$$$东莞市三聚胶粘剂科技有限公司
18217152303.txt$$$$武汉华尔佳传动设备有限公司
18217163905.txt$$$$上海腾威彩钢制品南通有限公司
18217166528.txt$$$$上海鑫淄信息数据事务所
18217166528_1.txt$$$$上海鑫淄信息数据事务所
