15345261199.txt$$$$扬州翌倍公共设施有限公司
15345264300.txt$$$$扬州市东顺机械设备有限公司
15345324945.txt$$$$济南国华绿能动力设备有限公司
15345327116.txt$$$$青岛一番货运代理有限公司
15345357886.txt$$$$莱州凯临机械设备有限公司
15345368152.txt$$$$山东博新工业科技有限公司
15345371005.txt$$$$曲阜汇众机械设备有限公司
15345372279.txt$$$$济宁市兖州区正丰机械有限公司
15345375662.txt$$$$曲阜市博远机械设备有限公司
15345375662_1.txt$$$$曲阜市博远机械设备有限公司
15345375662_2.txt$$$$曲阜市博远机械设备有限公司
15345376943.txt$$$$山东盟聚信息科技有限公司
15345405351.txt$$$$山东恒运达电力科技有限公司
15345406760.txt$$$$山东锐威机械设备有限公司
15345440666.txt$$$$茌平县小海豚新能源车业有限公司
15345570146.txt$$$$宿州市埇桥区伟力种苗种植专业合作社
15345602335.txt$$$$江苏泰兴减速机总厂有限公司
15345617607.txt$$$$安徽省克仑巴安农业科技有限公司
15345823627.txt$$$$浙江兴技建筑工程检测有限公司
15345828165.txt$$$$浙江北鼎律师事务所
15345828165_1.txt$$$$浙江北鼎律师事务所
15345828165_2.txt$$$$浙江北鼎律师事务所
15346073008.txt$$$$开封市嘉昊文化传媒有限公司
15346117581.txt$$$$灵宝市林安物流有限公司
15346178798.txt$$$$河南中科路桥机械设备有限公司
15346375033.txt$$$$昆山汇智电子有限公司
15346455331.txt$$$$南阳炫彩装饰有限公司
15346565001.txt$$$$河南上禅文化传播有限公司
15346576850.txt$$$$河南楼兰装饰工程设计有限公司
15346578998.txt$$$$郑州来往家具有限公司
