15819432787.txt$$$$中山市小榄镇合森洋塑料制品厂
15819580696.txt$$$$深圳市颖尚电子材料有限公司
15819727627.txt$$$$鹤山市桃源镇嘉鸿制伞厂
15819727627_1.txt$$$$鹤山市桃源镇嘉鸿雨伞厂
15819885604.txt$$$$东莞市正启金属制品有限公司
15819945003.txt$$$$江门市金明机电设备有限公司
15820007755.txt$$$$济南槐勃机械设备有限公司
15820007837.txt$$$$时代百超科技有限公司
15820010057.txt$$$$济南路加升降机械有限公司
15820017535.txt$$$$济南万通铸造装备工程有限公司
15820018648.txt$$$$济南丰业兴保温建材有限公司
15820039099.txt$$$$青岛天润高周波电器有限公司
15820039099_1.txt$$$$青岛天润高周波电器有限公司
15820039099_2.txt$$$$青岛天润高周波电器有限公司
15820041277.txt$$$$山东鼎盛金属制品有限公司
15820049888.txt$$$$山东聊城亚宇特轴承厂
15820062669.txt$$$$山东天惠通风设备有限公司
15820063123.txt$$$$山东卓弛智能科技有限公司
15820069138.txt$$$$德州市德城区畅达液压机具厂
15820069138_1.txt$$$$德州市德城区畅达液压机具厂
15820090135.txt$$$$济南隆佳电子设备有限公司
15820096991.txt$$$$济南天康恒达工贸有限公司
15820099440.txt$$$$章丘市普集运昌节能环保设备厂
15820131611.txt$$$$潮州市金源创富机械设备有限公司
15820165513.txt$$$$广州市原煜健贸易有限公司
15820215187.txt$$$$广州康美风数控设备股份有限公司
15820232550.txt$$$$广州推神网络科技有限公司
15820232550_1.txt$$$$广州推神网络科技有限公司
15820232550_2.txt$$$$广州推神网络科技有限公司
15820239843.txt$$$$深圳市龙岗区南湾永腾工艺制品厂
