18130463191.txt$$$$合肥福精特集成墙面有限公司
18130463191_1.txt$$$$合肥福精特集成墙面有限公司
18130463191_2.txt$$$$合肥福精特集成墙面有限公司
18130466232.txt$$$$安徽德益美环保设备有限公司
18130466232_1.txt$$$$安徽德益美环保设备有限公司
18130466232_2.txt$$$$安徽德益美环保设备有限公司
18130608555.txt$$$$芜湖市优创环保科技有限公司
18130608555_1.txt$$$$芜湖市优创环保科技有限公司
18130608555_2.txt$$$$芜湖市优创环保科技有限公司
18130610112.txt$$$$芜湖纳川消防工程有限公司
18130610112_1.txt$$$$芜湖纳川消防工程有限公司
18130610112_2.txt$$$$芜湖纳川消防工程有限公司
18130758390.txt$$$$阜阳市汇家通风设备有限公司
18130772157.txt$$$$阜阳醛家新环保科技有限公司
18130866849.txt$$$$鑫跃强金属制品有限公司
18131055996.txt$$$$河北磊梦商贸有限公司
18131055996_1.txt$$$$河北磊梦商贸有限公司
18131055996_2.txt$$$$河北磊梦商贸有限公司
18131073918.txt$$$$河北广阔紧固件制造有限公司
18131077555.txt$$$$永年县鼎茂地脚螺栓有限公司
18131085888.txt$$$$上海钻尾实业有限公司河北分公司
18131085888_1.txt$$$$上海钻尾实业有限公司河北分公司
18131085888_2.txt$$$$上海钻尾实业有限公司河北分公司
18131152106.txt$$$$石家庄万泰物流信息服务处
18131221193.txt$$$$保定特创电力科技有限公司
18131436333.txt$$$$承德神通铸材有限公司
18131519991.txt$$$$唐山雅心健康管理有限公司
18131519991_1.txt$$$$唐山雅心健康管理有限公司
18131519991_2.txt$$$$唐山雅心健康管理有限公司
18131586825.txt$$$$唐山净泉环保有限公司
