15056334444.txt$$$$宣城市格朗门业有限公司
15056334444_1.txt$$$$宣城市格朗门业有限公司
15056334444_2.txt$$$$宣城市格朗门业有限公司
15056409566.txt$$$$六安市鹏诚保洁有限公司
15056463276.txt$$$$安徽力尤特机电设备有限公司
15056463276_1.txt$$$$安徽力尤特机电设备有限公司
15056463276_2.txt$$$$安徽力尤特机电设备有限公司
15056544889.txt$$$$东莞市泓浩机电设备有限公司
15056562815.txt$$$$安徽联特智能科技有限公司
15056571888.txt$$$$安徽正富拆除工程有限公司
15056599948.txt$$$$合肥金新创交通设施有限公司
15056599948_1.txt$$$$合肥佳新源智能科技有限公司
15056900322.txt$$$$合肥建野温室工程有限公司
15056900322_1.txt$$$$合肥建野温室工程有限公司
15056900322_2.txt$$$$合肥建野温室工程有限公司
15056912993.txt$$$$合肥易搬搬搬家有限公司
15056912993_1.txt$$$$合肥易搬搬搬家有限公司
15056912993_2.txt$$$$合肥易搬搬搬家有限公司
15056918997.txt$$$$安徽雁松环保科技有限公司
15056920166.txt$$$$合肥盛誉建工机械有限公司
15056920166_1.txt$$$$合肥盛誉建工机械有限公司
15056920166_2.txt$$$$合肥盛誉建工机械有限公司
15056938101.txt$$$$合肥深茂楼宇配套设施有限公司
15056938101_1.txt$$$$合肥深茂楼宇配套设施有限公司
15056938101_2.txt$$$$合肥深茂楼宇配套设施有限公司
15056940072.txt$$$$安徽凯瑞市政工程有限公司
15056973532.txt$$$$合肥诚盈自动化设备有限公司
15056976818.txt$$$$安徽承固建材有限公司
15056976818_1.txt$$$$安徽承固建材有限公司
15056988317.txt$$$$合肥恒通井盖销售有限公司
