13577057880.txt$$$$浙江泳乐节能设备有限公司
13577079683.txt$$$$昆明巨东科技有限公司
13577099938.txt$$$$云南润四季节水灌溉有限公司
13577099938_1.txt$$$$云南润四季节水灌溉有限公司
13577108737.txt$$$$昆明超友科技有限公司
13577108737_1.txt$$$$昆明超友科技有限公司
13577116646.txt$$$$云南水鑫科技有限公司
13577116646_1.txt$$$$云南水鑫科技有限公司
13577132362.txt$$$$云南盾固实业有限公司
13577132362_1.txt$$$$云南盾固实业有限公司
13577132362_2.txt$$$$云南盾固实业有限公司
13577145518.txt$$$$昆明豪义照明工程有限公司
13577145518_1.txt$$$$昆明豪义照明工程有限公司
13577145518_2.txt$$$$昆明豪义照明工程有限公司
13577169133.txt$$$$云南普明清洁服务有限公司
13577169133_1.txt$$$$云南普明清洁服务有限公司
13577169133_2.txt$$$$云南普明清洁服务有限公司
13577199701.txt$$$$昆明萌芽生物科技有限公司
13577199701_1.txt$$$$昆明萌芽生物科技有限公司
13578545008.txt$$$$蛟河市黄松甸镇迦南地食用菌合作社
13578706889.txt$$$$长春品尚装饰有限公司
13578725958.txt$$$$吉林省佳鸿机械设备制造有限公司
13578906986.txt$$$$北京凯丝兰散热器有限公司
13578914787.txt$$$$北京凯丝兰散热器有限公司
13578918673.txt$$$$长春市凯乐光电科技有限责任公司
13578971211.txt$$$$通化市神芝健生物科技有限公司
13579218257.txt$$$$乌鲁木齐胜泰创源机电设备有限公司
13579218257_1.txt$$$$乌鲁木齐胜泰创源机电设备有限公司
13579278187.txt$$$$新疆振鹏防水技术公司
13579923436.txt$$$$新疆创意空间服务有限公司
