13450030818_2.txt$$$$东莞市宏峡精密机械有限公司
13450032728.txt$$$$东莞市鑫昊市政工程有限公司
13450035568.txt$$$$东莞市路遥货运代理有限公司
13450035568_1.txt$$$$东莞市路遥货运有限公司
13450041008.txt$$$$东莞市振贤金属线材有限公司
13450050778.txt$$$$东莞市景大高分子新材料有限公司
13450051501.txt$$$$东莞柏然机电设备租赁有限公司
13450082237.txt$$$$东莞市赛朗密封科技有限公司
13450082237_1.txt$$$$东莞市赛朗密封科技有限公司
13450082237_2.txt$$$$东莞市赛朗密封科技有限公司
13450087070.txt$$$$东莞市粤秀光电材料有限公司
13450098689.txt$$$$东莞市仪锐电子有限公司
13450157436.txt$$$$肇庆万顺达食品制造有限公司
13450202126.txt$$$$广州市恒十宇光电科技有限公司
13450202650.txt$$$$广州万创信息科技有限公司
13450202650_1.txt$$$$广州万创信息科技有限公司
13450202650_2.txt$$$$广州万创信息科技有限公司
13450228781.txt$$$$广州中山金龙游乐设备有限公司
13450228878.txt$$$$广州市宝越电子有限公司
13450231393.txt$$$$广东长凌新能源有限公司
13450296899.txt$$$$广州世纳贸易有限公司
13450350044.txt$$$$广东盛世荣兰纺织品有限公司
13450350044_1.txt$$$$广东盛世荣兰纺织品有限公司
13450350044_2.txt$$$$广东盛世荣兰纺织品有限公司
13450387388.txt$$$$广州市增城艺菲印刷材料经营部
13450390196.txt$$$$广州市汇翔化工有限公司
13450424615.txt$$$$广州滨利电子科技有限公司
13450460020.txt$$$$东莞市港汇制冷机电设备有限公司
13450517373.txt$$$$广州卡曼生物科技有限公司
13450517373_1.txt$$$$广州卡曼生物科技有限公司
