13310889291.txt$$$$广州浩粤物流
13310903766.txt$$$$陕西弘朗环保工程有限公司
13311002532.txt$$$$北京江海洋线缆有限公司
13311003802.txt$$$$北京绿色亿家咨询服务有限公司
13311051612.txt$$$$中科瑞阳膜技术（北京）有限公司
13311059757.txt$$$$军恒嘉业（北京）贸易有限公司
13311059757_1.txt$$$$军恒嘉业（北京）贸易有限公司
13311096696.txt$$$$河南森安顺管业有限公司
13311101515.txt$$$$北京雷萨德仪器仪表有限公司
13311108730.txt$$$$北京燕翔通达技术开发有限公司
13311108730_1.txt$$$$北京燕翔通达技术开发有限公司
13311108730_2.txt$$$$北京燕翔通达技术开发有限公司
13311113448.txt$$$$北京中科晶研碳晶科学技术研究院
13311136609.txt$$$$北京索兰时尚影音科技有限公司
13311139159.txt$$$$北京安汇科技开发有限公司
13311158927.txt$$$$北京西联创兴五金材料有限公司
13311192289.txt$$$$北京七星飞行电子有限公司
13311192289_1.txt$$$$北京七星飞行电子有限公司
13311192289_2.txt$$$$北京七星飞行电子有限公司
13311195380.txt$$$$北京宏盛通达建筑加固工程有限公司
13311195380_1.txt$$$$北京宏盛通达建筑加固工程有限公司
13311220127.txt$$$$北京市龙江水泥制品厂
13311227424.txt$$$$北京旺旅展览展示有限公司
13311235330.txt$$$$北京卡沃特电气有限公司
13311257269.txt$$$$北京华兴融合有限公司
13311260360.txt$$$$南京汇雅展览工程有限公司
13311261902.txt$$$$北京尚杉服装有限公司
13311261902_1.txt$$$$北京尚杉服装有限公司
13311261902_2.txt$$$$北京尚杉服装有限公司
13311261902_3.txt$$$$北京尚杉服装有限公司
