18767777733.txt$$$$昆明正泰电气成套设备有限公司
18767810505.txt$$$$浙江新都纸业有限公司
18767909158.txt$$$$东阳市合创磁业有限公司
18767909158_1.txt$$$$东阳市合创磁业有限公司
18767909158_2.txt$$$$东阳市合创磁业有限公司
18767981666.txt$$$$东阳市海檀红木家具有限公司
18768315962.txt$$$$嘉兴惠通美居集成家居有限公司
18768315962_1.txt$$$$嘉兴惠通美居集成家居有限公司
18768491413.txt$$$$杭州森楷机电设备有限公司
18768851323.txt$$$$郑州金河科技有限公司
18768856202.txt$$$$河南山之田建材有限公司
18768856202_1.txt$$$$河南山之田建材有限公司
18768856202_2.txt$$$$河南山之田建材有限公司
18768880524.txt$$$$郑州布艺坊制袋商贸有限公司
18768885330.txt$$$$河南格致机械设备有限公司
18768885440.txt$$$$郑州初末包装制品有限公司
18768886500.txt$$$$郑州初末布艺
18768886500_1.txt$$$$郑州初末布艺包装有限公司
18768890608.txt$$$$河南天士药业有限公司
18768890608_1.txt$$$$河南天士药业有限公司
18768890608_2.txt$$$$河南天士药业有限公司
18768890608_3.txt$$$$河南天士药业有限公司
18769000317.txt$$$$山东邻社信息技术有限公司
18769000317_1.txt$$$$济南膳宿商贸有限公司
18769294999.txt$$$$滕州市青峰木业有限公司
18769357778.txt$$$$日照市岚山区博通木材加工厂
18769357778_1.txt$$$$日照市岚山区博通木材加工厂
18769357778_2.txt$$$$满洲里闽通防腐木加工厂
18769357778_3.txt$$$$日照市岚山区博通木材加工厂
18769357778_4.txt$$$$日照市岚山区博通木材加工厂
