15016882473_1.txt$$$$东莞市康有农业开发有限公司
15016882473_2.txt$$$$东莞市康有农业开发有限公司
15016882473_3.txt$$$$东莞市康有农业开发有限公司
15016885518.txt$$$$东莞市兴利机床有限公司
15016887773.txt$$$$东莞市裕东锡金属制品有限公司
15016887773_1.txt$$$$东莞市裕东锡金属制品有限公司
15016887773_2.txt$$$$东莞市裕东锡金属制品有限公司
15016888408.txt$$$$东莞市北通润滑油有限公司
15016889537.txt$$$$广东天珹新材料有限公司
15016909010.txt$$$$东莞市凯富五金制品有限公司
15016909118.txt$$$$东莞市煜耀电子科技有限公司
15016909118_1.txt$$$$东莞市煜耀电子科技有限公司
15016909118_2.txt$$$$东莞市煜耀电子科技有限公司
15016922176.txt$$$$佛山市魅声演说加文化传播有限公司
15016928659.txt$$$$东莞市三箭金属材料有限公司
15016942485.txt$$$$东莞宗炜机电有限公司
15016981922.txt$$$$东莞市帕思克包装制品有限公司
15017001308.txt$$$$东莞市瑞舟自动化技术有限公司
15017030841.txt$$$$东莞庆宇金属材料有限公司
15017060068.txt$$$$东莞市品铭机械设备科技有限公司
15017065546.txt$$$$东莞祥笃机电有限公司
15017082789.txt$$$$东莞市高翔包装制品有限公司
15017091995.txt$$$$东莞市兴兴尚金属材料有限公司
15017118185.txt$$$$东莞市品胜水性涂料有限公司
15017118662.txt$$$$东莞市台粤自动化科技有限公司
15017118662_1.txt$$$$广东省东莞市粤凯自动化科技有限公司
15017120261.txt$$$$东莞市科渡机电设备科技有限公司
15017120261_1.txt$$$$东莞市科渡机电设备科技有限公司
15017120261_2.txt$$$$东莞市科渡机电设备科技有限公司
15017137241.txt$$$$广州市聚乐音响设备有限公司
