13054999853.txt$$$$济宁市裕泽工业科技有限公司
13055175665.txt$$$$温州苍南金鼎钢结构有限公司
13055175665_1.txt$$$$长沙程能钢结构有限公司
13055253381.txt$$$$福州元凯农业技术开发有限公司
13055288568.txt$$$$福州拉维斯文化发展有限公司
13055322306.txt$$$$南安市恒顺通讯器材有限公司
13055620905.txt$$$$福建省鑫玛特机械设备有限公司
13055738085.txt$$$$福州乐达文化传播有限公司
13055803151.txt$$$$福建省不休知识产权研究院有限公司
13055870976.txt$$$$厦门优家美环保科技有限公司
13055928175.txt$$$$厦门捷商智能技术有限公司
13056202988.txt$$$$浙江绍兴欧利雅红木家具有限公司
13056202988_1.txt$$$$浙江绍兴欧利雅红木家具有限公司
13056386887.txt$$$$江都区弘华木雕工艺品厂
13056728576.txt$$$$宁波享电智能科技有限公司
13056828067.txt$$$$宁波史方塑料有限公司
13056853550.txt$$$$宁波科顿磁业有限公司
13057339206.txt$$$$惠山区堰桥再龙机械厂
13057359926.txt$$$$东莞市一斯尔电子科技有限公司
13057470426.txt$$$$苏州大朗实业有限公司
13057505566.txt$$$$南京众拓信息科技有限公司
13057508686.txt$$$$南京环楼装饰工程有限公司
13057529803.txt$$$$南京镁乐金属装饰材料有限公司
13057685721.txt$$$$南京维尊商贸有限公司
13057686000.txt$$$$南京奥威斯室内通风科技有限公司
13057958085.txt$$$$浙江中技电气有限公司
13058020506.txt$$$$深圳市深度网络有限公司
13058063622.txt$$$$深圳市欧创检测技术有限公司
13058118170.txt$$$$深圳市新威新能源电子有限公司
13058185105.txt$$$$优尔鸿信检测技术（深圳）有限公司
