13609670753.txt$$$$东莞市大力发电机设备有限公司
13609673787.txt$$$$东莞市爱锝空气净化工程有限公司
13609673863.txt$$$$东莞市径达交通设施有限公司
13609680530.txt$$$$东莞市方荣精机工业有限公司
13609688086.txt$$$$东莞市匠心全屋石材定制有限公司
13609688086_1.txt$$$$东莞市匠心全屋石材定制有限公司
13609688086_2.txt$$$$东莞市匠心全屋石材定制有限公司
13609695795.txt$$$$东莞市泰兴煤业
13609696987.txt$$$$东莞市高埗明业装饰材料经营部
13609698150.txt$$$$东莞市东日钢结构建筑工程有限公司
13609698817.txt$$$$东莞市科兴氟塑设备有限公司
13609706308.txt$$$$广州市南得环保科技有限公司
13609731972.txt$$$$广州市宝润喷泉喷灌园林有限公司
13609731972_1.txt$$$$广州市宝润喷泉喷灌园林有限公司
13609731972_2.txt$$$$广州市宝润喷泉喷灌园林有限公司
13609738130.txt$$$$广州市润泽空调设备工程有限公司
13609738130_1.txt$$$$广州市润泽空调设备工程有限公司
13609738130_2.txt$$$$广州市润泽空调设备工程有限公司
13609778515.txt$$$$广州市白云区丰祺纸品厂
13609778515_1.txt$$$$广州市白云区丰祺纸品厂
13609779212.txt$$$$佛山市南海华亚歌龙头皮具厂
13609779212_1.txt$$$$佛山市南海华亚歌龙头皮具厂
13609794534.txt$$$$广州华威软件科技有限公司
13609794712.txt$$$$广州市日川鸿机电科技有限公司
13609795869.txt$$$$广州华黛生物科技有限公司
13609798755.txt$$$$广州兴达泡沫珍珠棉厂
13609814118.txt$$$$东莞市百通商贸有限公司辽宁分公司
13609886391.txt$$$$沈阳百乐真空技术有限公司
13609920550.txt$$$$乌鲁木齐市沙依巴克区大明鞋行
13609920550_1.txt$$$$乌鲁木齐市沙依巴克区大明鞋行
