18638591085.txt$$$$郑州凯岚水处理材料有限公司
18638592800.txt$$$$河南鑫启航软件科技有限公司
18638596207.txt$$$$郑州市伟艺机械有限公司
18638615515.txt$$$$郑州美浩德装饰工程有限公司
18638615515_1.txt$$$$郑州美浩德装饰工程有限公司
18638615515_2.txt$$$$郑州美浩德装饰工程有限公司
18638635298.txt$$$$河南奥凯伦服饰有限公司
18638635298_1.txt$$$$河南奥凯伦服饰有限公司
18638635298_2.txt$$$$河南奥凯伦服饰有限公司
18638652588.txt$$$$巩义市银基机械制造有限公司
18638652588_1.txt$$$$巩义市银基机械制造有限公司
18638652588_2.txt$$$$巩义市银基机械制造有限公司
18638653900.txt$$$$河南铭泽环保科技有限公司
18638654606.txt$$$$郑州金鹏环保设备制造有限公司
18638661606.txt$$$$河南付弟塑料制品有限公司
18638661606_1.txt$$$$河南付弟塑料制品有限公司
18638661606_2.txt$$$$河南付弟塑料制品有限公司
18638661606_3.txt$$$$河南付弟塑料制品有限公司
18638661983.txt$$$$郑州三度机械设备有限公司
18638669131.txt$$$$郑州嘉威超硬材料有限公司
18638678098.txt$$$$河南省大自然室鑫家具有限公司
18638682856.txt$$$$河南荣锦玻璃钢制品有限公司
18638682856_1.txt$$$$河南荣锦玻璃钢制品有限公司
18638685839.txt$$$$河南银之辉建筑修缮技术有限公司
18638685839_1.txt$$$$河南银之辉建筑修缮技术有限公司
18638685839_2.txt$$$$河南银之辉建筑修缮技术有限公司
18638697071.txt$$$$河南口口相宜生物科技有限公司
18638697071_1.txt$$$$河南口口相宜生物科技有限公司
18638697071_2.txt$$$$河南口口相宜生物科技有限公司
18638728761.txt$$$$郑州博辰游乐设备有限公司
