15647228727_1.txt$$$$内蒙古江晨教育咨询有限责任公司
15647228727_2.txt$$$$内蒙古江晨教育咨询有限责任公司
15648802127.txt$$$$赤峰亿爵餐饮服务有限责任公司
15649000777.txt$$$$郑州正通机械设备有限公司
15649000777_1.txt$$$$河南省彭大顺实业有限公司
15649013071.txt$$$$河南驰诚电气股份有限公司
15649019777.txt$$$$河南顺邦环保科技有限公司
15649029678.txt$$$$郑州赛鼎机械设备有限公司
15649271567.txt$$$$郑州豫企耐火材料有限公司
15649515888.txt$$$$河南八骏服饰有限公司
15649546782.txt$$$$安阳哲润文化传媒有限公司
15649601316.txt$$$$新乡市奥瑞机械设备有限公司
15649685111.txt$$$$河南百城万景网络科技有限公司
15649685111_1.txt$$$$河南百城万景网络科技有限公司
15649685111_2.txt$$$$河南百城万景网络科技有限公司
15650021359.txt$$$$香港黑马国际集团有限公司19
15650029802.txt$$$$济南海德森诺流体设备有限公司
15650030619.txt$$$$山东哥瓦邦消防装备集团有限公司
15650053166.txt$$$$山东骏大重工物联股份有限公司
15650092627.txt$$$$泰安路铭工程材料有限公司
15650152929.txt$$$$青岛云速科技信息咨询有限公司
15650175182.txt$$$$青岛精创鑫工贸有限公司
15650232555.txt$$$$山东非同机械凿岩设备有限公司
15650235558.txt$$$$山东天华环保设备有限责任公司
15650248098.txt$$$$济宁东源机械制造有限公司
15650260152.txt$$$$临朐县美墅金属制品厂
15650277057.txt$$$$诸城市朝阳机械有限公司
15650277057_1.txt$$$$诸城市朝阳机械有限公司
15650277057_2.txt$$$$诸城市朝阳机械有限公司
15650326688.txt$$$$淄博林德环保科技有限公司
