13831892602.txt$$$$河北凯迎输送设备有限公司
13831893060.txt$$$$河北润海工程橡胶有限公司
13831894499.txt$$$$安平县丰海丝网制造有限公司
13831897353.txt$$$$安平县财润丝网制品有限公司
13831897375.txt$$$$衡水前进油脂有限责任公司
13831899198.txt$$$$景县万马橡塑制品有限公司
13831911822.txt$$$$河北邢台中宁电热有限公司
13831966817.txt$$$$任县昌通机械制造厂
13831966817_1.txt$$$$任县昌通机械制造厂
13831966817_2.txt$$$$任县昌通机械制造厂
13831973693.txt$$$$任县沐夏机械厂
13831973693_1.txt$$$$任县沐夏机械厂
13831973693_2.txt$$$$任县沐夏机械厂
13831987871.txt$$$$邢台市大东方机械厂
13831987871_1.txt$$$$邢台市大东方机械厂
13831987871_2.txt$$$$邢台市大东方机械厂
13831993290.txt$$$$沙河市天骄铁路器材有限公司
13831993290_1.txt$$$$沙河天骄铁路器材有限公司
13831993290_2.txt$$$$沙河市天骄铁路器材有限公司
13831993290_3.txt$$$$沙河市天骄铁路器材有限公司
13831993290_4.txt$$$$沙河市天骄铁路器材有限公司
13831998458.txt$$$$任县泰航机械制造厂
13832006575.txt$$$$永年县西滩头红指印超音频门市
13832006575_1.txt$$$$永年县西滩头红指印超音频门市
13832006575_2.txt$$$$永年县西滩头红指印超音频门市
13832008536.txt$$$$邯郸市顺兴通风设备有限公司
13832009175.txt$$$$邯郸市科硕通风设备安装有限公司
13832009175_1.txt$$$$邯郸市科硕通风设备安装有限公司
13832009175_2.txt$$$$邯郸市科硕通风设备安装有限公司
13832024227.txt$$$$邯郸市瑞之琛紧固件制造有限公司
