15951761678.txt$$$$南京泓奥电梯有限公司
15951763797.txt$$$$南京涵书环保科技有限公司
15951783266.txt$$$$南京碧海环保有限公司
15951789897.txt$$$$南京策木微波科技有限公司
15951863779.txt$$$$南京九零林装饰工程有限公司
15951930539.txt$$$$苏州馨格家居用品股份有限公司
15951950962.txt$$$$南京今和易展会展服务有限公司
15951955885.txt$$$$铜陵光晟量子科技有限公司
15952003645.txt$$$$南京奥拓电子科技有限公司
15952016960.txt$$$$南京佳饶智能科技有限公司
15952038136.txt$$$$南京诺邦电子科技有限公司
15952121236.txt$$$$邳州市富丽银杏苗木种植专业合作社
15952122978.txt$$$$邳州市绿丰银杏苗圃场
15952168321.txt$$$$徐州佳永工程机械有限公司
15952177742.txt$$$$江苏乐晶生物科技有限公司
15952276228.txt$$$$邳州市大观园银杏苗木购销中心
15952290333.txt$$$$邳州市苏港银杏苗木购销部
15952290333_1.txt$$$$邳州市苏港银杏苗木购销部
15952320493.txt$$$$金湖金帛机械有限公司
15952437873.txt$$$$苏州明葵消防科技有限公司
15952440926.txt$$$$南京醛盾环保科技有限公司
15952440926_1.txt$$$$南京醛盾环保科技有限公司
15952440926_2.txt$$$$南京醛盾环保科技有限公司
15952506265.txt$$$$扬州市乾广照明科技有限公司
15952557285.txt$$$$扬州三水水务设备有限公司
15952603577.txt$$$$能翔（泰州）机械制造有限公司
15952607323.txt$$$$北京瓜尔润科技股份有限公司
15952609023.txt$$$$扬州金盛达液压机械制造有限公司
15952615008.txt$$$$扬州屹盛金属表面处理有限公司
15952740058.txt$$$$扬州市鹏泰鞋材有限公司
