15001293781.txt$$$$上海博华国际展览有限公司
15001301730.txt$$$$北京云尚智造科技有限公司
15001317292.txt$$$$北京恒泰利达科技(有限)公司
15001336607.txt$$$$北京云杉景观设计有限公司
15001338018.txt$$$$北京华峰创业彩钢钢构工程有限公司
15001338018_1.txt$$$$北京华峰创业彩钢钢构工程有限公司
15001363631.txt$$$$北京华兴景程建设有限公司
15001366099.txt$$$$廊坊市众恒建筑材料有限公司
15001769611.txt$$$$上海劲藤实业有限公司
15001799713.txt$$$$上海隆继金属制品有限公司
15001801390.txt$$$$上海工开阀门制造有限公司
15001817669.txt$$$$蓝帕控制阀门江苏有限公司
15001881533.txt$$$$继扬展览（上海）有限公司
15001883237.txt$$$$上海苏隆实业有限公司
15001909485.txt$$$$上海昶文展览服务有限公司
15001941801.txt$$$$上海派协包装机械有限公司
15001974650.txt$$$$上海博乐清洁设备有限公司
15001992862.txt$$$$昆山谦威贸易有限公司
15001993228.txt$$$$上海赞略电气设备制造有限公司
15002014722.txt$$$$广州合弛金属制造有限公司
15002015929.txt$$$$广州楚宸信息科技有限公司
15002015929_1.txt$$$$广州楚宸信息科技有限公司
15002015929_2.txt$$$$广州楚宸信息科技有限公司
15002021207.txt$$$$广州捷触电子科技有限公司
15002021348.txt$$$$广州英朗光纤科技有限公司
15002027188.txt$$$$广州派卫格包装材料实业有限公司
15002064520.txt$$$$广州中海名家居有限公司
15002083139.txt$$$$深圳市爱俪饰珠宝有限公司
15002107595.txt$$$$沪鑫堡文化传播有限公司
15002141462.txt$$$$上海腾王电器有限公司
