18664373063.txt$$$$深圳南方诚通物流有限公司
18664399113.txt$$$$华银精密制品有限公司
18664511081.txt$$$$东莞市德膳源膳食管理服务有限公司
18664511081_1.txt$$$$东莞市德膳源膳食管理服务有限公司
18664511081_2.txt$$$$东莞市德膳源膳食管理服务有限公司
18664511797.txt$$$$广州金利信制冷设备有限公司
18664532656.txt$$$$广州乐居日化用品有限公司
18664532722.txt$$$$栖霞丹阳果蔬有限公司
18664540218.txt$$$$广州飞宏户外用品有限公司
18664553150.txt$$$$深圳市远信膜结构工程有限公司
18664564376.txt$$$$深圳市电器有限公司
18664568812.txt$$$$深圳博士达自动化科技有限公司
18664589395.txt$$$$东莞市华企包装有限公司
18664591134.txt$$$$新拓三维技术（深圳）有限公司
18664606704.txt$$$$广州市朗森机电有限公司
18664610487.txt$$$$广州元酉餐饮管理有限公司
18664625096.txt$$$$广州泽创电子科技有限公司
18664627606.txt$$$$广州鸿宇运输有限公司
18664635064.txt$$$$广东大榕树信息科技有限公司
18664638867.txt$$$$广州市旭光包装设备有限公司
18664663377.txt$$$$广州三广生物科技有限公司
18664663377_1.txt$$$$广州三广生物科技有限公司
18664663377_2.txt$$$$广州三广生物科技有限公司
18664666105.txt$$$$广州市正皓健身器材厂
18664677610.txt$$$$广州路泰汽车配件有限公司
18664684401.txt$$$$广州欣力高电子设备有限公司
18664684401_1.txt$$$$广州欣力高电子设备有限公司
18664684401_2.txt$$$$广州欣力高电子设备有限公司
18664689670.txt$$$$广州市通骏机械设备有限公司
18664695092.txt$$$$广州市思菲电子科技有限公司
