15689880870_1.txt$$$$山东施美特农业科技有限公司
15689886980.txt$$$$山东科邦生物科技有限公司
15689887868.txt$$$$潍坊至诚环保技术工程有限公司
15689901059.txt$$$$青岛华能远见电气有限公司
15689919168.txt$$$$青岛英睿信息技术有限公司
15689926869.txt$$$$石家庄奥康体育设施贸易有限公司
15689981208.txt$$$$青岛明道节能环保科技有限公司
15689988633.txt$$$$青岛爱克森机械有限公司
15690000878.txt$$$$永年县元盈紧固件制造有限公司
15690011556.txt$$$$邯郸市博腾紧固件制造有限公司
15690011556_1.txt$$$$邯郸市博腾紧固件制造有限公司
15690011556_2.txt$$$$邯郸市博腾紧固件制造有限公司
15690011556_3.txt$$$$邯郸市博腾紧固件制造有限公司
15690170888.txt$$$$廊坊世科门业有限公司
15690178555.txt$$$$潍坊荣佳保温建材有限公司
15690178555_1.txt$$$$廊坊德腾保温材料有限公司
15690188831.txt$$$$景县惠兴橡塑制品有限公司
15690190850.txt$$$$河北弘创橡塑科技有限公司
15690197966.txt$$$$安平县德玛金属丝网制品厂
15690207388.txt$$$$河北兴柯管道科技有限公司
15690212100.txt$$$$优威环保设备科技有限公司
15690263930.txt$$$$河北胜仓管道防腐工程有限公司
15690273258.txt$$$$河北广润管道装备制造有限公司
15690273791.txt$$$$河北星空环保设备有限公司
15690276611.txt$$$$河北标华机电设备有限公司
15690296666.txt$$$$肃宁县东发养殖专业合作社
15690311954.txt$$$$石家庄红玺传媒广告有限公司
15690314658.txt$$$$石家庄智学机械科技有限公司
15690314658_1.txt$$$$藁城区鑫奥祥玻璃门加工厂
15690315648.txt$$$$石家庄瑞特泵业有限公司
