13500342208.txt$$$$文安县宏盛龙骨厂
13500503222.txt$$$$合肥中旺桥架有限公司
13500503401.txt$$$$合肥巴宝云斯新型材料有限公司
13500505423.txt$$$$合肥长氏机电设备有限公司
13500505423_1.txt$$$$合肥长氏机电设备有限公司
13500506599.txt$$$$安徽丞奉密胺制品有限公司
13500511677.txt$$$$中设环保科技有限公司
13500511677_1.txt$$$$中设环保科技有限公司
13500535954.txt$$$$马鞍山向阳护理院
13500535954_1.txt$$$$马鞍山向阳护理院
13500535954_2.txt$$$$马鞍山向阳护理院
13500556780.txt$$$$铜陵市宇昊膜结构工程有限公司
13500703600.txt$$$$大连中发互感器有限公司
13501005754.txt$$$$铭大振业（北京）科技有限公司
13501028309.txt$$$$北京汇诚中大热辊技术开发有限公司
13501028309_1.txt$$$$北京汇诚中大热辊技术开发有限公司
13501028309_2.txt$$$$北京汇诚中大热辊技术开发有限公司
13501037611.txt$$$$北京一造电子技术有限公司
13501037611_1.txt$$$$北京一造电子技术有限公司
13501057828.txt$$$$科耐达（北京）科技有限公司
13501080639.txt$$$$北京东晟智科机械设备有限公司
13501098332.txt$$$$北京大方园艺有限公司
13501115124.txt$$$$北京金源天和科技有限公司
13501127533.txt$$$$北京泓稷科技有限公司
13501127533_1.txt$$$$北京泓稷科技有限公司
13501127533_2.txt$$$$北京泓稷科技有限公司
13501133440.txt$$$$河北初心环保设备有限公司
13501138500.txt$$$$雄县昝岗镇创通塑料制管厂
13501162072.txt$$$$北京市百年携手装饰有限公司
13501169098.txt$$$$北京家家红红木家具厂
