18957035566.txt$$$$浙江禾美文化传媒有限公司
18957059580.txt$$$$丽水龙源农业开发有限公司
18957068688.txt$$$$昆山安科隆科技有限公司
18957113826.txt$$$$杭州胜欢汽车服务有限公司
18957128050.txt$$$$杭州两根葱网络科技有限公司
18957135526.txt$$$$杭州澳泽物资有限公司
18957155002.txt$$$$杭州朔和科技有限公司
18957175089.txt$$$$杭州百利文仪家具有限公司
18957282927.txt$$$$浙江圣氏生物科技有限公司
18957310273.txt$$$$浙江豪精机电有限公司
18957313301.txt$$$$浙江阿古斯电气设备有限公司
18957368339.txt$$$$嘉兴市航成机械设备有限公司
18957520893.txt$$$$浙江东晟康达新材料有限公司
18957683637.txt$$$$台州固德建筑特种工程有限公司
18957738133.txt$$$$温州市韩钢阀门有限公司
18957753520.txt$$$$上海磐陵电气有限公司
18957846198.txt$$$$宁波市鄞州邱隘浩大热水器商行
18957849986.txt$$$$宁波易顺市政工程有限公司
18957861905.txt$$$$宁波中博展览有限公司
18957865572.txt$$$$中劲新材料科技有限公司
18957865613.txt$$$$宁波诚之信物流
18957866910.txt$$$$浙江中劲环保科技有限公司
18957871847.txt$$$$宁波金宏达新材料有限公司
18957900567.txt$$$$聊城市巨丰管业有限公司
18957910262.txt$$$$义乌市远畅自动化科技有限公司
18957929601.txt$$$$义乌市腾飞国际货运代理有限公司
18957959916.txt$$$$浙江高普服饰有限公司
18957963239.txt$$$$武义欧信包装机械有限公司
18957963239_1.txt$$$$武义欧信包装机械有限公司
18957963239_2.txt$$$$武义欧信包装机械有限公司
