13528996661.txt$$$$佛山市忠胜金属废品回收有限公司
13529022628.txt$$$$晋宁晋城俊坤苗圃
13529022628_1.txt$$$$晋宁晋城俊坤苗圃
13529022628_2.txt$$$$晋宁晋城俊坤苗圃
13529075502.txt$$$$云南传诚企业管理有限公司
13529076847.txt$$$$丽江光鹤肉鸽养殖农场
13529086619.txt$$$$昆明中原印务商贸有限公司
13529091663.txt$$$$宜良县醉花阴园林园艺
13529091663_1.txt$$$$宜良县醉花阴园林园艺
13529091663_2.txt$$$$宜良县醉花阴园林园艺
13529111558.txt$$$$云南梓扬宗久工贸有限公司
13529111558_1.txt$$$$云南梓扬宗久工贸有限公司
13529115959.txt$$$$昆明昆重环保科技有限公司
13529115959_1.txt$$$$昆明昆重环保科技有限公司
13529115959_2.txt$$$$昆明昆重环保科技有限公司
13529171296.txt$$$$云南志琦集装箱有限公司
13529174478.txt$$$$云南恒云净化工程有限公司
13529174478_1.txt$$$$云南恒云净化工程有限公司
13529174478_2.txt$$$$云南恒云净化工程有限公司
13529199201.txt$$$$昆明市官渡区顺安矿山机械经营部
13529205214.txt$$$$昆明锦能工程造价咨询有限公司
13529208640.txt$$$$云南绿居环保科技有限公司
13529223925.txt$$$$云南鹏程生物有机肥有限公司
13529223925_1.txt$$$$云南鹏程生物有机肥有限公司
13529223925_2.txt$$$$云南鹏程生物有机肥有限公司
13529228583.txt$$$$云南煌顺商贸有限公司
13529228583_1.txt$$$$云南煌顺商贸有限公司
13529228583_2.txt$$$$云南煌顺商贸有限公司
13529231997.txt$$$$云南鑫彩科技有限公司
13529231997_1.txt$$$$云南鑫彩科技有限公司
