13180536786_2.txt$$$$永年县河北铺鑫洋索具门市
13180555328.txt$$$$任县超航机械制造厂
13180944119.txt$$$$吉林省酉盛达农业科技有限公司
13181039567.txt$$$$滨州京大电器有限公司
13181046888.txt$$$$山东锦坤机械制造有限公司
13181065811.txt$$$$聊城日鑫机械厂
13181085877.txt$$$$山东斯贝歇尔钢管有限公司
13181096658.txt$$$$山东聊城明达金属制品有限公司
13181135199.txt$$$$山东方高新材料科技有限公司
13181159277.txt$$$$山东北漂环境工程有限公司
13181170277.txt$$$$山东省五莲县通达石材有限公司
13181170277_1.txt$$$$日照天助昊诺电商服务有限公司
13181170277_2.txt$$$$山东省五莲县通达石材有限公司
13181170277_3.txt$$$$山东省五莲县通达石材有限公司
13181170277_4.txt$$$$山东省五莲县通达石材有限公司
13181170277_5.txt$$$$山东省五莲通达石材有限公司
13181300912.txt$$$$山东雄泰机械集团有限公司
13181302899.txt$$$$山东省嘉祥县盛宏养殖场
13181305520.txt$$$$济宁优钢工程机械有限公司
13181311360.txt$$$$山东森泰机械有限公司
13181312417.txt$$$$济宁铁兴铁路机械设备厂
13181315593.txt$$$$山东科工机械设备有限公司
13181316687.txt$$$$浙江铁兴铁路设备有限公司
13181320808.txt$$$$济宁福康机械加工有限公司
13181340077.txt$$$$梁山天岳二手设备购销有限公司
13181353541.txt$$$$德州众汇土工材料有限公司
13181357395.txt$$$$武城县鲁权屯志鹏空调末端产品加工处
13181363601.txt$$$$德州罗密机床有限公司
13181364888.txt$$$$宁津金宝节能设备有限公司
13181381166.txt$$$$德州市德城区景辉隐形防盗纱窗厂
