13580880353.txt$$$$东莞市源泉不锈钢制品厂
13580880353_1.txt$$$$东莞市源泉不锈钢制品厂
13580880353_2.txt$$$$东莞市源泉不锈钢制品厂
13580885159.txt$$$$东莞市杰特龙自动门有限公司
13580885159_1.txt$$$$佛山市杰特龙自动门有限公司
13580885159_2.txt$$$$广州市杰特龙自动门有限公司
13580886714.txt$$$$东莞霖晨纳米科技有限公司
13580891030.txt$$$$东莞市广大废旧物资回收有限公司
13580898788.txt$$$$东莞市明阳光电有限公司
13580899052.txt$$$$东莞航晨自动化设备科技有限公司
13580899958.txt$$$$东莞市佳汶塑胶电子有限公司
13580917858.txt$$$$东莞市厚街速锋模具厂
13580928841.txt$$$$东莞全程交通设施工程有限公司
13580928841_1.txt$$$$东莞全程交通设施工程有限公司
13580928841_2.txt$$$$东莞全程交通设施工程有限公司
13580931617.txt$$$$东莞市协达环保机械有限公司
13580932086.txt$$$$东莞市勤鑫再生资源回收有限公司
13580945926.txt$$$$广东利鑫智能科技有限公司
13580955119.txt$$$$东莞市樟木头振超消防器材店
13580957122.txt$$$$东莞市一箭天网络科技有限公司
13580965166.txt$$$$东莞古钢金属材料有限公司
13580970178.txt$$$$东莞市乔润有限公司
13580980025.txt$$$$东莞三恒真空设备有限公司
13580980112.txt$$$$东莞市翰皓精密电子有限公司
13580981853.txt$$$$东莞市皇图机械有限公司
13580984957.txt$$$$广东首镭激光科技有限公司
13580985688.txt$$$$盟机智能机器（广东）有限公司
13580992159.txt$$$$东莞市塘厦天强五金加工厂
13580992159_1.txt$$$$东莞市塘厦天强五金加工厂
13580992159_2.txt$$$$东莞市塘厦天强五金加工厂
