13929264393.txt$$$$东莞润海玻璃制品有限公司
13929264920.txt$$$$东莞市沃隆新材料科技有限公司
13929266101.txt$$$$广东汇利兴精工科技有限公司
13929266234.txt$$$$东莞市宇曦实业投资有限公司
13929266401.txt$$$$东莞致荣环保设备有限公司
13929268897.txt$$$$广东费斯拓智能科技股份有限公司
13929268897_1.txt$$$$广东费斯拓智能科技股份有限公司
13929270253.txt$$$$东莞市聚辉环保科技有限公司
13929270657.txt$$$$东莞市科耀光电有限公司
13929273420.txt$$$$东莞市桥头捷镁机械设备经营部
13929273557.txt$$$$东莞市卓尔凡电力科技有限公司
13929275619.txt$$$$东莞市新金阳光电科技有限公司
13929275619_1.txt$$$$东莞市新金阳光电科技有限公司
13929275619_2.txt$$$$东莞市新金阳光电科技有限公司
13929279671.txt$$$$东莞市荧月电子科技有限公司
13929400567.txt$$$$东莞市群桦精密五金有限公司
13929405623.txt$$$$东莞市欣能童车设备有限公司
13929405623_1.txt$$$$东莞市欣能童车设备有限公司
13929405623_2.txt$$$$东莞市欣能童车设备有限公司
13929406167.txt$$$$东莞市百世鼎电线电缆有限公司
13929406840.txt$$$$东莞市川澳工程塑料原料有限公司
13929406840_1.txt$$$$东莞市川澳工程塑料原料有限公司
13929406840_2.txt$$$$东莞市川澳工程塑料原料有限公司
13929411965.txt$$$$健德佳（深圳）智能电热科技有限公司
13929413568.txt$$$$东莞市创鑫机械设备有限公司
13929413568_1.txt$$$$东莞市创鑫机械设备有限公司
13929413568_2.txt$$$$东莞市创鑫机械设备有限公司
13929417031.txt$$$$东莞市东朗塑胶制品有限公司
13929417031_1.txt$$$$东莞市东朗塑胶制品有限公司
13929423119.txt$$$$东莞市吉创自动化设备有限公司
