15156047947.txt$$$$安徽嘉旺制冷设备有限公司
15156048497.txt$$$$肥东县石塘土元养殖场
15156060876.txt$$$$安徽瑞猫服饰有限公司
15156078800.txt$$$$安徽点为科技有限公司
15156078800_1.txt$$$$安徽点为科技有限公司
15156078800_2.txt$$$$安徽点为科技有限公司
15156093669.txt$$$$安徽欣纳汽车服务有限公司
15156093669_1.txt$$$$安徽欣纳汽车服务有限公司
15156113423.txt$$$$安徽集维智能装备有限公司
15156138252.txt$$$$安徽裕顺保安服务有限公司
15156215757.txt$$$$安徽博儒木业有限公司
15156328107.txt$$$$安徽圣贤包装有限公司
15156328107_1.txt$$$$安徽圣贤包装有限公司
15156328107_2.txt$$$$安徽圣贤包装有限公司
15156502464.txt$$$$芜湖鑫桥护栏工程有限公司
15156502464_1.txt$$$$芜湖鑫桥护栏工程有限公司
15156502464_2.txt$$$$芜湖鑫桥护栏工程有限公司
15156510334.txt$$$$安徽国登管业科技有限公司
15156510334_1.txt$$$$安徽国登管业科技有限公司
15156510334_2.txt$$$$安徽国登管业科技有限公司
15156510334_3.txt$$$$安徽国登管业科技有限公司
15156520776.txt$$$$合肥早力机电设备有限公司
15156525321.txt$$$$合肥三峰塑业有限公司
15156532958.txt$$$$新站区名匠沙发家具
15156532958_1.txt$$$$新站区名匠沙发家具
15156532958_2.txt$$$$新站区名匠沙发家具
15156564793.txt$$$$合肥优邦商贸有限公司
15156578686.txt$$$$安徽万博建筑工程有限公司
15156685318.txt$$$$合肥翔飞塑胶有限公司
15156688943.txt$$$$安徽恒创智能装备有限公司
