18553861552.txt$$$$泰安市泰山区新浦工程材料有限公司
18553867515.txt$$$$山东中泰铝业有限公司
18553867515_1.txt$$$$山东中泰铝业有限公司
18553886673.txt$$$$泰安市东诺工程材料有限公司
18553893998.txt$$$$临沂舜杰商贸有限公司6
18553907176.txt$$$$临沭县通达石材厂
18553927017.txt$$$$临沂百汇装饰制品有限公司
18553969618.txt$$$$山东广盛人防工程服务有限公司
18554167888.txt$$$$山东谦益挂车配件有限公司
18554167888_1.txt$$$$山东谦益挂车配件有限公司
18554191012.txt$$$$泰安开发区滨诺园艺场
18554198916.txt$$$$志耀防腐科技(山东)有限公司
18554201323.txt$$$$山东创鸿工程材料有限公司
18554212270.txt$$$$泰安市达强机械设备有限公司
18554228589.txt$$$$泰安市鲁润建材有限公司
18554229808.txt$$$$泰安市护神环保科技有限公司
18554311009.txt$$$$邹平汉隆机械制造有限公司
18554311009_1.txt$$$$邹平汉隆机械制造有限公司
18554311009_2.txt$$$$邹平汉隆机械制造有限公司
18554357726.txt$$$$博兴县爱德信商用厨具有限公司
18554357726_1.txt$$$$博兴县爱德信商用厨具有限公司
18554630583.txt$$$$东营乾舜管业有限公司
18554702715.txt$$$$贵州大食堂餐饮管理有限公司
18554731608.txt$$$$山东伟恒新材料科技有限公司
18554743167.txt$$$$山东海德瑞仪表股份有限公司
18554826991.txt$$$$山东鑫吉尔环保科技有限公司
18554887175.txt$$$$青岛瑞海美缝建材有限公司
18555118570.txt$$$$安徽晓星能源科技有限公司
18555399486.txt$$$$合肥志诚木制品有限公司
18555694288.txt$$$$安徽圣宁德智能科技有限公司
