15864028206.txt$$$$济南豪行化工有限公司
15864042306.txt$$$$山东联宇起重安装工程有限公司
15864063973.txt$$$$龙口市芦头浦川机械配件厂
15864114661.txt$$$$梁山县盛源二手化工设备购销部
15864114661_1.txt$$$$梁山县盛鑫二手化工设备购销有限公司
15864155709.txt$$$$山东建亚重工机械有限公司
15864180366.txt$$$$武城县路虹筑路机械有限公司
15864186488.txt$$$$德州海联液压科技有限公司
15864193755.txt$$$$德州市森奥木业有限公司
15864195641.txt$$$$宁津县奥讯电梯配件厂
15864288976.txt$$$$青岛瑞鑫新宇物流有限公司
15864309888.txt$$$$临朐博联工贸有限公司
15864320883.txt$$$$青州中威贸易有限公司
15864324000.txt$$$$诸城金海诚机械科技有限公司
15864337497.txt$$$$诸城市鼎诚机械有限公司
15864366156.txt$$$$山东聊城巨钢钢材有限公司
15864381363.txt$$$$山东昊阳节能材料有限公司
15864388909.txt$$$$山东易潼盛金属材料有限公司
15864403775.txt$$$$山东绿保园环保科技有限公司
15864496898.txt$$$$淄博双隆风机有限公司
15864512530.txt$$$$济南缤纷地坪工程有限公司
15864516952.txt$$$$济南绿禾农业科技开发有限公司
15864526033.txt$$$$济南顺祥物流有限公司
15864541937.txt$$$$济宁龙松工程机械设备有限公司
15864551167.txt$$$$山东驰胜智能科技有限公司
15864565736.txt$$$$诸城市金运机械有限公司
15864565736_1.txt$$$$诸城金运机械有限公司
15864568078.txt$$$$潍坊市坊子区汇鑫机械厂
15864583687.txt$$$$临朐炜阳机械设备厂
15864589675.txt$$$$诸城聚信工贸有限公司
