17636571790_2.txt$$$$太原馨海装饰工程有限公司
17637061717.txt$$$$河南一二三文化传播有限公司
17637081177.txt$$$$商丘市柒便利商贸有限公司
17637081177_1.txt$$$$商丘市柒便利商贸有限公司
17637081177_2.txt$$$$商丘市柒便利商贸有限公司
17637175002.txt$$$$香之缘粮油股份有限公司
17637176898.txt$$$$河南凯腾环保科技有限公司
17637188688.txt$$$$北京市安博（郑州）律师事务所
17637188688_1.txt$$$$北京市安博（郑州）律师事务所
17637197395.txt$$$$河南弘讯机械设备有限公司
17637197395_1.txt$$$$河南弘讯机械设备有限公司
17637197395_2.txt$$$$河南弘讯机械设备有限公司
17637232091.txt$$$$河南圣驰新材料科技有限公司
17637232091_1.txt$$$$河南圣驰新材料科技有限公司
17637232091_2.txt$$$$河南圣驰新材料科技有限公司
17637326052.txt$$$$新乡市众和保温材料有限公司
17637326052_1.txt$$$$新乡市众和保温材料有限公司
17637326052_2.txt$$$$新乡市众和保温材料有限公司
17637991991.txt$$$$河南九星金属制品有限公司
17638045989.txt$$$$商丘飞纪电子商务有限公司
17638144649.txt$$$$杭州品众云谷科技有限公司
17638145356.txt$$$$博茹展览（上海）服务有限公司
17638257123.txt$$$$邓州市华耀风神雷诺汽车玻璃有限公司
17638257123_1.txt$$$$邓州市华耀风神雷诺汽车玻璃有限公司
17638257123_2.txt$$$$邓州市华耀风神雷诺汽车玻璃有限公司
17638365371.txt$$$$北京森汉国际展览有限公司
17638428346.txt$$$$河南省商丘市夏邑县营房机械厂
17638577696.txt$$$$河南德顺发机械设备有限公司
17638582538.txt$$$$周口市华宇杨帆教育科技有限公司
17638582538_1.txt$$$$河南华宇杨帆教育科技有限公司
