13930801269_1.txt$$$$保定市清苑区硕达再生资源收购站
13930801269_2.txt$$$$保定市清苑区硕达再生资源收购站
13930815244.txt$$$$保定市叶冀商贸有限公司
13930815244_1.txt$$$$保定市叶冀商贸有限公司
13930819577.txt$$$$河北旭泉园林绿化有限公司
13930828533.txt$$$$清苑县力邦起重机械制造有限公司
13930833572.txt$$$$安新县康辉纸管制造有限公司
13930833572_1.txt$$$$安新县康辉纸管制造有限公司
13930836336.txt$$$$保定卓尔板材销售有限公司
13930837317.txt$$$$曲阳县艺铭雕塑模型制作销售中心
13930838986.txt$$$$易县狼牙山生态园有限公司
13930859311.txt$$$$顺发金属织网纺织器械有限公司
13930865992.txt$$$$河北万泰起重机械制造有限公司
13930878718.txt$$$$保定八达胶带有限公司
13930881921.txt$$$$雄县昝岗润雄塑料管材销售部
13930884666.txt$$$$唐县卫恒铜制工艺品有限公司
13930884666_1.txt$$$$唐县卫恒铜制工艺品有限公司
13930890824.txt$$$$保定市厚业新型建材制造有限公司
13930902954.txt$$$$衡水诚禹水利机械有限公司
13930907077.txt$$$$邢台铭川密封件有限公司
13930908556.txt$$$$任县鑫鼎机械制造厂
13930910367.txt$$$$宁晋县增益食品机械厂（北京分公司）
13930910367_1.txt$$$$宁晋县增益食品机械厂（北京分公司）
13930910367_2.txt$$$$宁晋县增益食品机械厂（北京分公司）
13930923692.txt$$$$邢台同益螺纹模具厂
13930923692_1.txt$$$$邢台同益螺纹模具厂
13930923692_2.txt$$$$邢台同益螺纹模具厂
13930926376.txt$$$$邢台德港电子有限公司
13930979925.txt$$$$邢台科阳机械有限公司
13930979925_1.txt$$$$邢台科阳机械有限公司
