15335341555.txt$$$$德州万润空调设备有限公司
15335346697.txt$$$$山东德贤自动化科技有限公司
15335352279.txt$$$$招远市大明仪表有限公司
15335361678.txt$$$$高密宏泰机床制造有限公司
15335361678_1.txt$$$$高密宏泰机床制造有限公司
15335361678_2.txt$$$$高密宏泰机床制造有限公司
15335369990.txt$$$$诸城广合盛食品机械有限公司
15335372927.txt$$$$济宁市汇彩机械有限公司
15335382399.txt$$$$新泰泉润环保科技有限公司
15335419201.txt$$$$山东祥图建筑工程有限公司
15335441877.txt$$$$山东冠诺环境科技有限公司
15335446486.txt$$$$武城亨通车业有限公司
15335479092.txt$$$$济宁鲁星板材有限公司
15335779771.txt$$$$湖北五环专用汽车有限公司
15335891795.txt$$$$武汉我爱拍文化传播有限公司
15335922866.txt$$$$枣阳市博创五金厂
15335928888.txt$$$$襄阳凡氏拓宇机械有限公司
15335930167.txt$$$$襄阳市襄州区新恒信机械商行
15335933260.txt$$$$襄阳市樊城区聚艺堂工艺品加工厂
15335960335.txt$$$$十堰市嘉泰工贸有限公司
15336104366.txt$$$$咸阳创伟橡胶制品有限公司
15336338229.txt$$$$日照金顺清洁服务有限公司
15336338876.txt$$$$五莲县中辰畜牧机械厂
15336338876_1.txt$$$$五莲县中辰畜牧机械厂
15336338876_2.txt$$$$五莲县中辰畜牧机械厂
15336338876_3.txt$$$$五莲县良丰畜牧机械厂
15336355556.txt$$$$山东旺盛钢铁有限公司
15336363060.txt$$$$潍坊华坤柴油机有限公司
15336363332.txt$$$$诸城市龙达机械有限公司
15336363332_1.txt$$$$诸城市龙达机械有限公司
