15063769951.txt$$$$济宁宏润轨道器材厂
15063770837.txt$$$$济宁博远机械有限公司
15063775890.txt$$$$济宁鲁江工程机械有限公司
15063785579.txt$$$$济宁市巨永工矿设备有限公司
15063828752.txt$$$$烟台核创机械有限责任公司
15063886761.txt$$$$山东宏浩文化传媒有限公司
15063997742.txt$$$$济宁广域商贸有限公司
15064003811.txt$$$$济南德赛尔机器有限公司
15064016897.txt$$$$济南腾达视频科技有限公司
15064016897_1.txt$$$$济南历下腾达视频科技经营部
15064018978.txt$$$$济南乐彩装饰工程有限公司
15064020585.txt$$$$济南创想餐饮管理咨询有限公司
15064044111.txt$$$$山东昊铄智控科技有限公司
15064058080.txt$$$$济南市东大宠物兔养殖专业合作社
15064073590.txt$$$$济南永拓安防器材有限公司
15064078733.txt$$$$山东帝航石化股份有限公司
15064078733_1.txt$$$$山东帝航石化股份有限公司
15064078733_2.txt$$$$山东帝航石化股份有限公司
15064121956.txt$$$$济南鼎聚盛电子科技有限公司
15064146517.txt$$$$济南工大数控设备有限公司
15064207128.txt$$$$胶州市兰源橡胶制品经销部
15064222610.txt$$$$栖霞忠涛苗木专业合作社
15064223285.txt$$$$青岛钧亿来机械有限公司
15064297352.txt$$$$青岛中创环保设备有限公司
15064306988.txt$$$$淄博工搪化工设备有限公司
15064385350.txt$$$$淄博市恒环铝业有限公司
15064431999.txt$$$$山东雨燕防水科技股份有限公司
15064438999.txt$$$$寿光市金奥机械设备有限公司
15064438999_1.txt$$$$寿光市金奥机械设备有限公司
15064440139.txt$$$$诸城市翔盛机械有限公司
