13671505284.txt$$$$上海芬创信息科技有限公司
13671508713.txt$$$$（上海）乐臣广告标识有限公司
13671531675.txt$$$$上海凯全泵业制造有限公司
13671539231.txt$$$$上海颖臣实业有限公司
13671540364.txt$$$$平湖市建盟电子有限公司
13671561267.txt$$$$上海宝缘钢铁有限公司
13671561267_1.txt$$$$上海优钢集团有限公司
13671595734.txt$$$$上海贸发策划有限公司
13671610249.txt$$$$安科瑞电气股份有限公司
13671611586.txt$$$$上海澈沦贸易有限公司
13671630181.txt$$$$中煤一公司多种经营公司磨削冷却液厂
13671666838.txt$$$$上海轴姆轴承科技有限公司
13671720568.txt$$$$上海风上门业有限公司
13671760593.txt$$$$上海登闵传动科技有限公司
13671775289.txt$$$$上海鹤权景观工程有限公司
13671781237.txt$$$$雷蒙展览上海服务有限公司
13671809771.txt$$$$上海凯媛丝绸贸易有限公司
13671812196.txt$$$$斯堪纳实业（上海）有限公司
13671845309.txt$$$$上海赣乌实业有限公司
13671846097.txt$$$$浙江开山压缩机股份有限公司
13671856722.txt$$$$上海市建筑材料行业协会国际二部
13671857203.txt$$$$立笙金属材料（上海）有限公司
13671857518.txt$$$$励鸿展览（上海）有限公司
13671882207.txt$$$$入江贸易（上海）有限公司
13671889457.txt$$$$海巴智能科技（上海）有限公司
13671907265.txt$$$$上海歌臣实业有限公司
13671927581.txt$$$$上海中筑供应链管理有限公司
13671958853.txt$$$$上海遵利物流
13671994922.txt$$$$上海游义传动机械有限公司
13672025209.txt$$$$天津市天宇钢结构有限公司
