18653453280_1.txt$$$$德州春意空调设备有限公司
18653453280_2.txt$$$$德州春意空调设备有限公司
18653453280_3.txt$$$$德州春意空调设备有限公司
18653453312.txt$$$$乐陵市瑞祥机械制造有限公司
18653453312_1.txt$$$$山东乐陵市瑞祥机械制造有限公司
18653453367.txt$$$$平原县采河消毒制品有限公司
18653455089.txt$$$$德州烁兴橡塑制品有限公司
18653455281.txt$$$$德州泰合土工材料工程有限公司
18653456202.txt$$$$德州协美电子商务有限公司
18653456202_1.txt$$$$德州协美电子商务有限公司
18653456987.txt$$$$德州锦华建筑工程有限公司
18653463003.txt$$$$德州经济技术开发区乾艺艺术品经销处
18653463191.txt$$$$德州耀华土工材料有限公司
18653464446.txt$$$$山东中亿达健身器材有限公司
18653466288.txt$$$$德州拓勃精密机械有限公司
18653466288_1.txt$$$$德州拓勃精密机械有限公司
18653470001.txt$$$$德州吉盈润滑科技有限公司
18653470818.txt$$$$宁津县威诺网链机械制造有限公司
18653471363.txt$$$$宁津县星旺输送网链机械有限公司
18653471363_1.txt$$$$宁津县星旺输送网链机械有限公司
18653471363_2.txt$$$$宁津县星旺输送网链机械有限公司
18653471363_3.txt$$$$宁津县星旺输送网链机械有限公司
18653472031.txt$$$$山东领翔新材料有限公司
18653472070.txt$$$$德州美德建材有限公司
18653474617.txt$$$$德州金宏机械有限责任公司
18653477624.txt$$$$德州众力护坡工程有限公司
18653479447.txt$$$$宁津县红利机械厂
18653479661.txt$$$$山东衡泰祥烘干设备有限公司
18653479661_1.txt$$$$山东衡泰祥烘干设备有限公司
18653479661_2.txt$$$$山东衡泰祥烘干设备有限公司
