13824434345.txt$$$$广州赛蝶化妆品有限公司
13824436720.txt$$$$广州真知丽化妆品有限公司
13824436720_1.txt$$$$广州真知丽化妆品有限公司
13824436720_2.txt$$$$广州真知丽化妆品有限公司
13824443290.txt$$$$广州妍芳化妆品有限公司
13824446695.txt$$$$广州车功臣汽车配件有限公司
13824457799.txt$$$$广州市唯腾光电子技术有限公司
13824460666.txt$$$$义乌市大华托运处
13824467443.txt$$$$广州市天香装饰设计有限公司
13824468485.txt$$$$广东恒壳孚润滑油贸易有限公司
13824469902.txt$$$$广州碧宸新材料科技有限公司
13824471226.txt$$$$广州白云区石井卡季服装经营部
13824486352.txt$$$$广州倍达机械工程有限公司
13824490769.txt$$$$广州市龙宇机械设备有限公司
13824490769_1.txt$$$$广州市龙宇机械设备有限公司
13824490769_2.txt$$$$广州市龙宇机械设备有限公司
13824491898.txt$$$$广州胜蓝物流有限公司
13824497223.txt$$$$广州华工百川科技有限公司
13824497223_1.txt$$$$广州绘泓新材料科技有限公司
13824509208.txt$$$$佛山力航达机械科技有限公司
13824509896.txt$$$$佛山市昊天燃烧设备有限公司
13824524282.txt$$$$佛山市德烨贸易有限公司
13824534455.txt$$$$广州市伟森机电科技有限公司
13824536660.txt$$$$广州市伟帮铝业有限公司
13824549850.txt$$$$佛山市泓田卫浴厂
13824600043.txt$$$$高要市金利镇安泰五金塑料制品商行
13824712703.txt$$$$中山誉胜智能科技有限公司
13824906862.txt$$$$广州市爱邦物流
13824932225.txt$$$$广东火壁虎建材有限公司
13824997899.txt$$$$阳江市永旺体育设施有限公司
