13731222315.txt$$$$锐铭模具模盒液压砖机厂
13731249656.txt$$$$顺平县凡宇机械制造厂
13731249656_1.txt$$$$顺平县凡宇机械制造厂
13731249656_2.txt$$$$顺平县凡宇机械制造厂
13731250217.txt$$$$河北环球泵业制造有限公司
13731266066.txt$$$$保定市钜顺模具制造厂
13731269035.txt$$$$保定市清苑区国通模具厂
13731269035_1.txt$$$$保定开元国通模具厂
13731269035_2.txt$$$$保定市清苑区国通模具厂
13731269035_3.txt$$$$保定市清苑区国通模具厂
13731278358.txt$$$$河北海菱包装有限公司
13731291882.txt$$$$河北亿诺起重设备制造有限公司
13731351083.txt$$$$河北联兴橡塑有限公司
13731353998.txt$$$$安平县江威丝网制造有限公司
13731362853.txt$$$$安平县艾斯欧金属丝网制品有限公司
13731366563.txt$$$$安平县中金丝网制品有限公司
13731366701.txt$$$$河北科力玻璃钢集团
13731367268.txt$$$$河北霸鑫丝网制造有限公司
13731367268_1.txt$$$$河北霸鑫丝网制造有限公司
13731369305.txt$$$$河北鸿悦环保设备有限公司
13731371222.txt$$$$河北东联金属网栏有限公司
13731480701.txt$$$$保定山水模具制造有限公司
13731516955.txt$$$$遵化市恒锐液压科技有限公司
13731579766.txt$$$$邢台名满机械制造有限公司
13731579892.txt$$$$邢台茂泰机械制造有限公司
13731579892_1.txt$$$$邢台茂泰机械制造有限公司
13731579892_2.txt$$$$邢台茂泰机械制造有限公司
13731604588.txt$$$$大城县福友装饰材料厂（普通合伙）
13731606535.txt$$$$文安县吴鑫磊板厂
13731607110.txt$$$$固安县雪源滤清器厂
