18300222151.txt$$$$平度市丰泰果品苗木场
18300227291.txt$$$$青岛川泽翔挡边输送带有限公司
18300228880.txt$$$$青岛驰尔泰建材有限公司
18300231816.txt$$$$青岛市即墨市海晨希纺织有限公司
18300291306.txt$$$$青岛安成食品机械有限公司
18300337566.txt$$$$日照鹏高贸易有限公司
18300337566_1.txt$$$$日照经济技术开发区聚仁纸制品厂
18300662018.txt$$$$河南商之富电子科技有限公司
18300668033.txt$$$$河南伟邦智能科技有限公司
18300679665.txt$$$$河南维之科电子科技有限公司
18300679665_1.txt$$$$河南维之科电子科技有限公司
18300679665_2.txt$$$$河南维之科电子科技有限公司
18300703737.txt$$$$深圳开源精工实业有限公司
18300750028.txt$$$$河南总建建材有限公司
18300773913.txt$$$$河南百慧园置业有限公司
18301069822.txt$$$$德州浩顺橡塑制品有限公司
18301170098.txt$$$$北京共享环境工程有限公司
18301300734.txt$$$$飞扬体育设施张家口有限公司
18301353453.txt$$$$北京市通孚精细化工厂
18301373807.txt$$$$北京美凯雅奥建材有限公司
18301382701.txt$$$$北京松鼎科技有限公司
18301387763.txt$$$$北京潇辰文化传媒有限公司
18301414359.txt$$$$北京自助袋鼠仓科技有限公司
18301515388.txt$$$$上海携深消防工程有限公司
18301532092.txt$$$$北京尚艾国际展览有限公司
18301593588.txt$$$$北京童逗游乐设备有限公司
18301631636.txt$$$$北京市欣欣旺迪商贸有限公司
18301731868.txt$$$$上海国维汽车销售服务有限公司
18301740328.txt$$$$百文展览上海有限公司
18301763686.txt$$$$上海飞乐联亚电子有限公司
