13815737312.txt$$$$沭阳县陈雪莲园艺场
13815805893.txt$$$$江苏鑫立强机械科技有限公司
13815839796.txt$$$$扬州宝锦盛节能科技有限公司
13815840062.txt$$$$扬州市苏高阀门控制有限公司
13815840062_1.txt$$$$扬州市苏高阀门控制有限公司
13815869108.txt$$$$南京恒群干燥设备有限公司
13815869313.txt$$$$南京功茂机电设备有限公司
13815869313_1.txt$$$$南京功茂机电设备有限公司
13815869313_2.txt$$$$南京功茂机电设备有限公司
13815889474.txt$$$$南京雨花台区犇达建材经营部
13815889907.txt$$$$南京易云智动网络信息技术有限公司
13815947222.txt$$$$江苏共拓装备科技有限公司
13815957055.txt$$$$泰州市清华明森机床厂
13815957176.txt$$$$泰州海鑫机电制造有限公司
13816024404.txt$$$$安徽春华起重机械有限公司
13816049004.txt$$$$上海蓝瑾机械设备制造有限公司
13816068751.txt$$$$上海耐盛消防装备有限公司
13816148615.txt$$$$上海湛流环保有限公司
13816152761.txt$$$$上海腾柔仪器设备有限公司
13816166343.txt$$$$上海冶韩金属有限公司
13816171640.txt$$$$上海立正阀门有限公司
13816178393.txt$$$$上海富功阀门科技有限公司
13816179191.txt$$$$本色环境科技（上海）有限公司
13816179368.txt$$$$上海越广模具有限公司
13816227080.txt$$$$上海时代天成汽车销售有限公司
13816227080_1.txt$$$$上海集鑫重型汽车销售有限公司
13816329726.txt$$$$德光电子仪器(上海)有限公司
13816332858.txt$$$$上海金流茂业流体科技有限公司
13816357694.txt$$$$上海汗越阀门有限公司
13816369009.txt$$$$树典贸易(上海)有限公司
