18140611686.txt$$$$湖北蛙农生态养殖发展有限公司
18140690931.txt$$$$武汉马房山理工工程结构检测有限公司
18140698868.txt$$$$武汉火星墙绘艺术工程有限公司
18140809554.txt$$$$新疆北展盛世会展服务有限公司
18140901888.txt$$$$乌鲁木齐市米东区新弘荣邦金属网业
18142056426.txt$$$$宁波鑫禾舞美文化传播有限公司
18142211263.txt$$$$天津市红旗制冷设备有限公司
18142557916.txt$$$$四川尚宇科技有限公司
18142606780.txt$$$$湖南湘塑管业有限公司
18142607147.txt$$$$湖南皇爷食品有限公司
18142801860.txt$$$$广州市忠艺包装材料有限公司
18143449241.txt$$$$杭州中消会展服务有限公司
18143460352.txt$$$$杭州骏鹏科技有限公司
18144098566.txt$$$$厦门绿源通物流
18144156849.txt$$$$漳州众品汇食品有限公司
18144158376.txt$$$$福建省速凌机械设备有限公司
18144738029.txt$$$$佛山市芬德金属有限公司
18144768253.txt$$$$佛山市万诚机械设备有限公司
18144773239.txt$$$$佛山市南海广一塑薄膜有限公司
18144778195.txt$$$$佛山市顺德区佳福斯电器有限公司
18144812532.txt$$$$深圳市飞宇光纤信息有限公司
18144831556.txt$$$$广州市敏杰进出口贸易有限公司
18144855898.txt$$$$广州万旭餐饮管理有限公司
18144860720.txt$$$$广州市之信物流有限公司
18145199666.txt$$$$黑龙江省华纯生态农业科技有限公司
18145412277.txt$$$$四川润泽佳源商贸有限公司
18145803037.txt$$$$深圳市清索科技有限公司
18145855552.txt$$$$深圳市合通泰电子有限公司
18145883898.txt$$$$东莞市昌隆木业有限公司
18145898529.txt$$$$广东成氏餐饮管理有限公司
