18103017169_1.txt$$$$东莞市龙晟生物科技有限公司
18103017169_2.txt$$$$东莞市龙晟生物科技有限公司
18103063662.txt$$$$东莞荟千云仓仓储有限公司
18103065675.txt$$$$东莞市力创能源有限公司
18103065675_1.txt$$$$东莞市力创能源有限公司
18103065675_2.txt$$$$东莞市力创能源有限公司
18103071061.txt$$$$广东维杰物料自动化系统有限公司
18103105888.txt$$$$河北方和圆紧固件制造有限公司
18103105888_1.txt$$$$河北方和圆紧固件制造有限公司
18103162333.txt$$$$廊坊富瑞克新能源有限公司
18103168163.txt$$$$固安县牛驼镇龙源滤芯厂
18103191508.txt$$$$邢台市领航科技有限公司
18103191508_1.txt$$$$邢台市领航科技有限公司
18103239553.txt$$$$涿州晟泽鸿通节能设备有限公司
18103270221.txt$$$$泊头市庆功机械设备制造有限公司
18103270236.txt$$$$泊头庆功机械设备制造有限公司
18103272309.txt$$$$泊头市泰达压瓦机械厂
18103277029.txt$$$$河北拉克曼环保设备制造有限公司
18103284112.txt$$$$河北衡瑞环保设备有限公司
18103292047.txt$$$$河北立华水泥制品有限公司
18103303158.txt$$$$邯郸振祥包装有限公司
18103303158_1.txt$$$$邯郸振祥包装有限公司
18103303158_2.txt$$$$邯郸振祥包装有限公司
18103322550.txt$$$$保定正固模具制造有限公司
18103373316.txt$$$$沧州永宸耐磨管件制造有限公司
18103373316_1.txt$$$$沧州永宸耐磨管件制造有限公司
18103373316_2.txt$$$$沧州永宸耐磨管件制造有限公司
18103387889.txt$$$$河北诚至环保设备有限公司
18103397589.txt$$$$河北润星信息技术有限公司
18103435023.txt$$$$太原晋邦兄弟环保工程有限公司
