13909527988.txt$$$$宁夏鲁宁润通管业有限公司
13909527988_1.txt$$$$宁夏鲁宁润通管业有限公司
13909527988_2.txt$$$$宁夏鲁宁润通管业有限公司
13909581206.txt$$$$宁夏施克三防工贸有限公司
13909581206_1.txt$$$$宁夏施克三防工贸有限公司
13909581206_2.txt$$$$宁夏施克三防工贸有限公司
13909602150.txt$$$$安徽齐新仪表科技有限公司
13909696891.txt$$$$合肥同盛物资有限公司
13909787092.txt$$$$青海枞桐建材有限公司
13909826946.txt$$$$昆明振动科技发展有限公司
13909826946_1.txt$$$$昆明振动科技发展有限公司
13909847681.txt$$$$大连麦斯维尔电磁设备有限公司
13909892685.txt$$$$兴城市环保节能设备厂
13910014455.txt$$$$北京金三航科技发展有限公司
13910017248.txt$$$$北京励航国际展览有限公司
13910035636.txt$$$$北京有同盛都建筑工程有限公司
13910048900.txt$$$$北京东照泓达科技有限公司
13910054908.txt$$$$北京布拉德科技发展有限公司
13910062820.txt$$$$沃特杰特贸易（北京）有限公司
13910062820_1.txt$$$$沃特杰特贸易（北京）有限公司
13910072497.txt$$$$北京奥龙飞腾科技有限公司
13910082994.txt$$$$北京京工铸源建筑工程有限公司
13910096707.txt$$$$沈阳赵野雕塑有限公司
13910099522.txt$$$$北京鑫磊建筑工程有限公司
13910103654.txt$$$$北京金溪宏运工贸有限公司
13910117835.txt$$$$曲阳盛晟园林雕塑有限公司
13910125460.txt$$$$北京华翔恒瑞建筑工程有限公司
13910131365.txt$$$$北京耐尔得智能科技有限公司
13910135408.txt$$$$北京南海万通科贸发展有限公司
13910136986.txt$$$$北京吉祥府金属制品有限公司
