18722665858.txt$$$$维洛克（天津）环保科技有限公司
18722687299.txt$$$$天津市滨海源鑫恒业汽车维修有限公司
18722701961.txt$$$$天津南轩松餐饮管理有限公司
18723048710.txt$$$$广州南妆生物科技有限公司
18723361333.txt$$$$重庆大丰交通设施制造有限公司
18723361333_1.txt$$$$重庆大丰交通设施制造有限公司
18723361333_2.txt$$$$重庆大丰交通设施制造有限公司
18723376393.txt$$$$重庆剑云软件科技有限公司
18723453848.txt$$$$东莞市金峥机械有限公司重庆分公司
18724041911.txt$$$$无锡市赢信钢业有限公司
18724700057.txt$$$$青岛沃尼特重工有限公司
18725050627.txt$$$$昆明灯源太阳能设备有限公司
18725050627_1.txt$$$$昆明灯源太阳能设备有限公司
18725050627_2.txt$$$$昆明灯源太阳能设备有限公司
18725127389.txt$$$$云南万雄工程材料有限公司
18725147270.txt$$$$昆明滇武商贸有限公司
18725162161.txt$$$$云南中天矿山机械制造有限公司
18725186100.txt$$$$云南拓扑环保工程有限责任公司
18725510603.txt$$$$菲仕达智能家居有限公司
18725514410.txt$$$$安徽弘盛伟再生资源有限公司
18725515621.txt$$$$合肥利普科技有限公司
18725708598.txt$$$$重庆欧之联电缆有限公司
18725708598_1.txt$$$$重庆欧之联电缆有限公司
18725708598_2.txt$$$$重庆欧之联电缆有限公司
18725892769.txt$$$$重庆丝锦服装有限公司
18725892769_1.txt$$$$重庆丝锦服装有限公司
18725892769_2.txt$$$$重庆丝锦服装有限公司
18725909762.txt$$$$重庆雄帆商贸有限公司
18726277537.txt$$$$砀山县财顺管道疏通有限公司
18726476963.txt$$$$深圳市睿奥电子有限公司
