13632582253.txt$$$$深圳战狼光电有限公司
13632585815.txt$$$$深圳骆伟达科技有限公司
13632589178.txt$$$$深圳市米彤实业有限公司
13632592678.txt$$$$深圳市嘉盛辉电子材料有限公司
13632593889.txt$$$$深圳信意胶业有限公司
13632596067.txt$$$$深圳市宇联科技有限公司
13632602747.txt$$$$千厨餐饮管理(东莞)有限公司
13632610877.txt$$$$深圳锦泽阀门有限公司
13632621035.txt$$$$深圳市美恒婚庆服务有限公司
13632623570.txt$$$$深圳市胜兴源服装有限公司
13632631392.txt$$$$中北模型（东莞）有限公司
13632651358.txt$$$$深圳市华骏鑫科技有限公司
13632652391.txt$$$$深圳市欧力克斯科技有限公司
13632690630.txt$$$$深圳市子庚科技有限公司
13632691964.txt$$$$深圳市航宇通讯设备有限公司
13632691964_1.txt$$$$深圳市航宇通讯设备有限公司
13632715756.txt$$$$东莞市鑫美机械设备有限公司
13632715756_1.txt$$$$东莞市鑫美机械设备有限公司
13632715756_2.txt$$$$东莞市鑫美机械设备有限公司
13632724201.txt$$$$永达城科技有限公司
13632726643.txt$$$$深圳市宁远电子科技有限公司
13632728097.txt$$$$深圳市安东尼工业设备有限公司
13632728893.txt$$$$深圳市中汇兴印刷技术有限公司
13632728893_1.txt$$$$深圳市中汇兴印刷技术有限公司
13632741770.txt$$$$深圳市宏达鑫氟塑制品有限公司
13632746683.txt$$$$深圳泰源工业配件有限公司
13632772585.txt$$$$深圳市森格林实业有限公司
13632772585_1.txt$$$$深圳市森格林实业有限公司
13632776966.txt$$$$东莞市鑫全盛印刷实业有限公司
13632784717.txt$$$$东莞市和冠电气有限公司
