15139915342.txt$$$$洛阳华纳精密轴承科技有限公司
15139985151.txt$$$$欧德宝（北京）能源设备有限公司
15140022386.txt$$$$沈阳润洁给水工程有限公司
15140038578.txt$$$$沈阳市原嘉铭电料商行
15140073811.txt$$$$沈阳衡慧科技有限公司
15140199667.txt$$$$沈阳市东陵区（浑南新区）益华佳业电子经营部
15140290666.txt$$$$沈阳瑞阳冷冻设备有限公司
15140372586.txt$$$$大连信雅达翻译服务有限公司
15140581118.txt$$$$大连鑫绿源复合材料有限公司
15140618608.txt$$$$大连市西岗区鑫瓯影智能卡工艺设计服务部
15141589492.txt$$$$海南雨俊文化传媒发展有限公司
15141903180.txt$$$$辽阳市文圣区丽军孵化场
15142501193.txt$$$$沈阳电科电器股份有限公司
15142545335.txt$$$$辽宁九鼎启阳建筑装饰安装工程有限公司
15142558999.txt$$$$东港市长山镇俊芃舞台设计安装部
15143012189.txt$$$$长春木既念文化传媒有限公司
15143268461.txt$$$$深圳市德沃尔精密机械技术有限公司
15143580614.txt$$$$青岛博恒利石墨有限公司
15143594043.txt$$$$章丘市群艺机械制造有限公司
15143594043_1.txt$$$$泰安市志诚节能环保设备有限公司
15143596481.txt$$$$大连怡禾环保科技有限公司
15144551184.txt$$$$深圳市奥廷科技有限公司
15145001121.txt$$$$哈尔滨诚帮环保科技有限公司
15145109962.txt$$$$牡丹江万丰机械制造有限公司
15145801564.txt$$$$杭州富阳富春江仪表厂
15145834936.txt$$$$广州远研环保科技有限公司
15145996146.txt$$$$滨州多利伟绳网有限公司
15146080093.txt$$$$哈尔滨市道外区起航不锈钢制品经销部
15146169052.txt$$$$杭州悟焱餐饮管理有限公司
15147235435.txt$$$$包头倍力肯工业科技有限公司
