17502996296.txt$$$$咸阳赛亚思科技有限公司
17503175194.txt$$$$河北亮彦环保设备有限公司
17504700470.txt$$$$鹏辉国际贸易有限公司
17505123045.txt$$$$上海歌闻展览服务有限公司
17505320578.txt$$$$青岛海瑞卓越工业科技有限公司
17505377775.txt$$$$济宁市华航环保机械设备有限公司
17505534888.txt$$$$安徽正优环保工程有限公司
17505534888_1.txt$$$$安徽正优环保工程有限公司
17505692779.txt$$$$合肥跃强金属制品有限公司
17505693705.txt$$$$合肥亿诺信息科技有限公司
17506105894.txt$$$$陕西育通消防安全技术有限公司
17506125111.txt$$$$连云港市润美清洁用品有限公司
17506163735.txt$$$$苏州市相城区元和华富家具店
17506177559.txt$$$$山东旺昌环保科技有限公司
17508430625.txt$$$$湖南景悦木业有限公司
17511683189.txt$$$$河北振创电子科技有限公司
17512580187.txt$$$$南京吉跃试验仪器有限公司
17512660665.txt$$$$江苏宜尙标牌制作有限公司
17512887727.txt$$$$深圳市英朗光电有限公司
17513080869.txt$$$$河南卓凡塑业有限公司
17513080869_1.txt$$$$河南卓凡塑业有限公司
17513080869_2.txt$$$$河南卓凡塑业有限公司
17513133111.txt$$$$河南鑫楠建材有限公司
17513170158.txt$$$$郑州零度环保科技有限公司
17513217999.txt$$$$郑州中强板业有限公司
17513288562.txt$$$$河南鼎汉软件科技有限公司
17513288562_1.txt$$$$河南鼎汉软件科技有限公司
17513307601.txt$$$$河南卡车帮供应链有限公司
17513377905.txt$$$$北京嵩安环境技术有限公司
17515011901.txt$$$$宁津县盛大网链制造有限公司
