15030754973.txt$$$$泊头市兴和机械有限公司
15030755492.txt$$$$环保恒兴环保设备有限公司
15030755496.txt$$$$河北恒兴环保设备有限公司
15030763606.txt$$$$泊头市盛达矿山机械厂
15030765634.txt$$$$河北兆丰阀门制造有限公司
15030765815.txt$$$$沧州市方圆管业有限公司
15030777229.txt$$$$泊头市鸿途五金制品有限公司
15030808338.txt$$$$衡水顺淇厨具商贸有限公司
15030820384.txt$$$$安平县贝达丝网厂
15030826565.txt$$$$枣强县和泰地坪装饰有限公司
15030836501.txt$$$$衡水宏鑫工程橡胶有限公司
15030855521.txt$$$$河北鑫盛塔业有限公司
15030857779.txt$$$$安平县博展金属丝网制造有限公司
15030872756.txt$$$$河北鸿顺燃气设备有限公司
15030886114.txt$$$$河北天检工程仪器有限公司
15030897696.txt$$$$南宫市鸿星焊接材料有限公司
15030897913.txt$$$$南宫市鑫源羊毛制品有限公司
15030897913_1.txt$$$$南宫市鑫源羊毛制品有限公司
15030897913_2.txt$$$$南宫市鑫源羊毛制品有限公司
15030919181.txt$$$$邢台创普金属容器销售有限公司
15030923027.txt$$$$邢台筑业机械有限公司
15030971100.txt$$$$邢台晨工机械厂
15030973485.txt$$$$振岐五金工具厂
15030981973.txt$$$$河北德科机械有限公司
15031017956.txt$$$$邯郸市永年区刘营志越金属制品加工厂
15031024111.txt$$$$邯郸市固基工矿铁路配件厂
15031090867.txt$$$$河北宏邦生物科技有限公司
15031091088.txt$$$$邯郸市汇然农业开发有限公司
15031091088_1.txt$$$$邯郸市汇然农业开发有限公司
15031091088_2.txt$$$$邯郸市汇然农业开发有限公司
