13608964338.txt$$$$青岛美林生物科技有限公司
13608973712.txt$$$$青岛佳吉门窗设备有限公司
13608990020.txt$$$$临沂市兰山区岳子俊遮阳网厂
13608990020_1.txt$$$$临沂市兰山区岳子俊遮阳网厂
13608990020_2.txt$$$$临沂市兰山区岳子俊遮阳网厂
13608990804.txt$$$$临沂市兰山区普利马木业厂
13608996672.txt$$$$临沂市罗庄区和年孔雀养殖场
13609001277.txt$$$$广州市首冠礼品有限公司
13609007912.txt$$$$广州市番禺新天力服装专用设备商行
13609008575.txt$$$$广州启众集装箱服务有限公司
13609008575_1.txt$$$$广州启众集装箱服务有限公司
13609008575_2.txt$$$$广州启众集装箱服务有限公司
13609026464.txt$$$$广州明浩商贸有限公司
13609036096.txt$$$$广州市思源数控设备有限公司
13609036096_1.txt$$$$广州市思源数控设备有限公司
13609036096_2.txt$$$$广州市思源数控设备有限公司
13609040558.txt$$$$广州市孚佰科技有限公司
13609049145.txt$$$$广州凯胜建筑材料有限公司
13609078003.txt$$$$广东精诚致远检测技术服务有限公司
13609080218.txt$$$$广州市永跃环保科技有限公司
13609080218_1.txt$$$$广州市永跃环保科技有限公司
13609081617.txt$$$$广州英博通设备有限公司
13609088875.txt$$$$广州市宏鑫防水装饰工程有限公司
13609090982.txt$$$$广州市柜族集装箱有限公司
13609090982_1.txt$$$$广州市柜族集装箱有限公司
13609090982_2.txt$$$$广州市柜族集装箱有限公司
13609096120.txt$$$$广州康护急救转运有限公司
13609096120_1.txt$$$$广州康护急救转运有限公司
13609096120_2.txt$$$$广州康护急救转运有限公司
13609115528.txt$$$$西安市未央区东方交通设施经销部
