13583404543.txt$$$$宁津鸿博机械设备有限公司
13583408246.txt$$$$宁津县鑫泽新型建材设备厂1
13583409211.txt$$$$山东中南科莱空调设备有限公司
13583410118.txt$$$$德州创宏空调设备有限公司
13583410669.txt$$$$德州市德城区守信液压机械厂
13583415565.txt$$$$武城县鲁权屯鲁权屯陆浩铁活加工处
13583415565_1.txt$$$$武城县鲁权屯鲁权屯陆浩铁活加工处
13583415565_2.txt$$$$武城县鲁权屯鲁权屯陆浩铁活加工处
13583416627.txt$$$$德州市立博电气技术有限公司
13583439059.txt$$$$乐陵市建华饮食调味加工厂
13583449509.txt$$$$德州市友源制冷设备有限公司
13583450266.txt$$$$山东日力重工机械有限责任公司
13583450266_1.txt$$$$山东日力重工机械有限责任公司
13583450605.txt$$$$山东盛鲁空调设备有限公司
13583450680.txt$$$$德州春志空调设备有限公司
13583454008.txt$$$$德州建华玻璃钢风机厂
13583454008_1.txt$$$$德州建华玻璃钢风机厂
13583462008.txt$$$$德州通风空调设备制造有限公司
13583463215.txt$$$$德州市德城区金德力液压机具厂
13583463215_1.txt$$$$德州市德城区鑫德力液压机具厂
13583466000.txt$$$$德州洁盛环保科技有限公司
13583475787.txt$$$$乐陵市金水帆布厂
13583477050.txt$$$$山东本铄新能源科技有限公司
13583477611.txt$$$$德州东明空调设备加工厂
13583485658.txt$$$$陵县鑫凯土工材料有限公司
13583486868.txt$$$$武城县宏达筑路机械设备有限公司
13583486868_1.txt$$$$武城县宏达筑路机械设备有限公司
13583486868_2.txt$$$$武城县宏达筑路机械设备有限公司
13583494903.txt$$$$山东国盛机床设备有限公司
13583494913.txt$$$$德州正合办公家具有限公司
