18259229199.txt$$$$福建浦达兴环保工程有限公司
18259386978.txt$$$$福安蔚然工程广告有限公司
18259474178.txt$$$$厦门仝昱琞电子科技有限公司
18259488444.txt$$$$厦门善画文化传媒有限公司
18259488837.txt$$$$厦门远企商贸有限公司
18259571188.txt$$$$福建省博鑫建材科技有限公司
18259571188_1.txt$$$$福建省博鑫建材科技有限公司
18259571188_2.txt$$$$福建省博鑫建材科技有限公司
18260006037.txt$$$$南京红番茄健康技术服务有限公司
18260052991.txt$$$$南京紫能电力科技有限公司
18260109937.txt$$$$扬州隋扬彩灯艺术有限公司
18260132490.txt$$$$苏州净又净无尘科技有限公司
18260150896.txt$$$$苏州福瑞德陶瓷有限公司
18260191760.txt$$$$苏州欣汇宝仪器有限公司
18260206640.txt$$$$昆山心成装修设计有限公司
18260222677.txt$$$$航振普林斯顿仪器仪表制造（昆山）有限公司
18260256077.txt$$$$玖德隆机械（江苏）有限公司
18260258332.txt$$$$苏州三川宏化工设备有限公司
18260276492.txt$$$$昆山日日先精密机械有限公司
18260276492_1.txt$$$$马鞍山黑田智能科技有限公司
18260351616.txt$$$$徐州高峰展览服务有限公司
18260386619.txt$$$$江苏工兵机械装有限公司
18260761311.txt$$$$邳州市茗景银杏苗木基地
18260849177.txt$$$$广西捷亮环保工程有限公司
18260885968.txt$$$$南宁广荣包装制品有限公司
18260888884.txt$$$$南宁市众垚城来贸易有限公司
18260917281.txt$$$$南宁市兴宁区偲之慕美容工作室
18260917281_1.txt$$$$南宁市兴宁区偲之慕美容工作室
18260917281_2.txt$$$$南宁市兴宁区偲之慕美容工作室
18260920892.txt$$$$广西新韵空气净化设备有限公司
