18523527317.txt$$$$重庆新丽辰投资管理有限公司
18523556544.txt$$$$重庆岭汇装饰设计有限公司
18523808570.txt$$$$贵州微超购信息科技有限公司
18523811889.txt$$$$重庆野牛机械设备有限公司
18523821958.txt$$$$重庆老火夫餐饮文化管理有限公司
18523826523.txt$$$$巴南区膜术师汽车美容服务部
18523837963.txt$$$$重庆康茂环保有限公司
18523910138.txt$$$$重庆盖博试验设备有限公司
18523950383.txt$$$$阿思卡尔人工智能科技重庆有限责任公司
18524519133.txt$$$$锦州俏牌机械有限公司
18524652005.txt$$$$天津非梵一品家居有限公司
18524652005_1.txt$$$$天津非梵一品家居有限公司
18524652005_2.txt$$$$天津非梵一品家居有限公司
18524652005_3.txt$$$$天津非梵一品家居有限公司
18525854438.txt$$$$湖南汉疆畅科金属制品有限公司
18526058120.txt$$$$天津市河北区彰德府保健按摩馆
18526058120_1.txt$$$$天津市河北区彰德府保健按摩馆
18526058120_2.txt$$$$天津市河北区彰德府保健按摩馆
18526067356.txt$$$$天津承讼律师事务所
18526067356_1.txt$$$$天津承讼律师事务所
18526085090.txt$$$$天津友缘商务咨询服务有限公司
18526085090_1.txt$$$$天津公墓营销有限公司
18526085090_2.txt$$$$天津友缘商务咨询服务有限公司
18526085090_3.txt$$$$天津友缘商务咨询服务有限公司
18526105281.txt$$$$天津市河西区晟昊诚企业管理顾问社
18526118662.txt$$$$天津世纪众融电子商务有限公司
18526118662_1.txt$$$$天津世纪众融电子商务有限公司
18526118680.txt$$$$天津众赢天下网络科技有限公司
18526118680_1.txt$$$$天津众赢天下网络科技有限公司
18526118680_2.txt$$$$天津众赢天下网络科技有限公司
