18539997599.txt$$$$河南华旭装饰设计工程有限公司
18540010855.txt$$$$沈阳安喆智能科技有限公司
18540102777.txt$$$$沈阳恩腾电热科技有限公司
18540258486.txt$$$$沈阳康沃特机电设备有限公司
18540324493.txt$$$$沈阳安达节能阀门科技有限公司
18541276858.txt$$$$海城市冠论耐火材料有限公司
18543133477.txt$$$$长春恒力玻璃钢制品有限公司
18545208733.txt$$$$深圳市精诚致远科技有限公司
18547133326.txt$$$$呼和浩特市开迈法拉财务咨询有限公司
18547136438.txt$$$$金桥开发区鹏磊石材经销店
18547136438_1.txt$$$$金桥开发区鹏磊石材经销店
18547136438_2.txt$$$$金桥开发区鹏磊石材经销店
18549836420.txt$$$$玛奇纳米科技（苏州）有限公司
18550005615.txt$$$$江苏友迪激光科技有限公司
18550005615_1.txt$$$$江苏友迪激光科技有限公司
18550005615_2.txt$$$$江苏友迪激光科技有限公司
18550007222.txt$$$$洛克西德机器人系统工程(苏州)有限公司
18550063988.txt$$$$昆山彬阳威电子有限公司
18550065082.txt$$$$苏州新塑语塑胶原料有限公司
18550073888.txt$$$$彩靓建筑装饰材料（昆山）有限公司
18550089419.txt$$$$苏州英航自动化设备有限公司
18550101543.txt$$$$江苏阳光四季新能源科技股份有限公司
18550133304.txt$$$$格宇地板
18550166866.txt$$$$苏州斯普锐智能系统有限公司
18550186299.txt$$$$苏州钜柏医疗科技有限公司
18550186299_1.txt$$$$苏州钜柏医疗科技有限公司
18550186299_2.txt$$$$苏州钜柏医疗科技有限公司
18550191066.txt$$$$苏州杜尔气体化工装备有限公司
18550191066_1.txt$$$$苏州杜尔气体化工装备有限公司
18550191066_2.txt$$$$苏州杜尔气体化工装备有限公司
