13903222543.txt$$$$河北弘茂顺隆金属铸造有限公司
13903227102.txt$$$$保定市新市区永胜包装厂
13903228775.txt$$$$唐县恒盈雕塑工艺品销售有限公司
13903228775_1.txt$$$$唐县恒盈雕塑工艺品销售有限公司
13903228775_2.txt$$$$唐县恒盈雕塑工艺品销售有限公司
13903267242.txt$$$$廊坊科宇达过滤设备有限公司
13903271770.txt$$$$河北雷泰兴管道装备有限公司
13903274310.txt$$$$河间市万胜焊机有限公司
13903276612.txt$$$$沧州市德惠环保科技有限公司
13903278123.txt$$$$盐山奥峰体育器材厂
13903278156.txt$$$$沧州金同成机械有限公司
13903278178.txt$$$$沧州浚鼎机械制造有限公司
13903280263.txt$$$$衡水市海桥工程橡胶有限公司
13903280268.txt$$$$德州天蓝环保科技有限公司
13903287878.txt$$$$河北乔士五金网类制品有限公司
13903295367.txt$$$$任县德源机械厂
13903311567.txt$$$$石家庄强农肥业科技有限公司
13903311567_1.txt$$$$石家庄强农肥业科技有限公司
13903320110.txt$$$$易县色石总厂
13903320889.txt$$$$雄县津联塑料包装厂
13903328924.txt$$$$广州汇朋服装有限公司
13903329879.txt$$$$保定鑫源羽绒制品有限公司
13903329879_1.txt$$$$河北鑫源羽绒制品有限公司
13903334231.txt$$$$鳄鱼新材料科技（北京）有限公司
13903334231_1.txt$$$$鳄鱼新材料科技（北京）有限公司
13903334231_2.txt$$$$鳄鱼新材料科技（北京）有限公司
13903361503.txt$$$$群吊电动葫芦生产厂
13903365020.txt$$$$北京隆泰日丰科技发展有限公司保定分公司
13903365715.txt$$$$雄县凌诺软包装饰材料制品有限公司
13903366760.txt$$$$雄县龙湾袁清塑料厂
