15238688879.txt$$$$巩义市源洲净化滤材有限公司
15238688879_1.txt$$$$巩义市源洲净化滤材有限公司
15238688879_2.txt$$$$巩义市源洲净化滤材有限公司
15238699949.txt$$$$巩义市博达净水材料有限公司
15238699949_1.txt$$$$郑州市豫佰润净水材料有限公司
15238699949_2.txt$$$$郑州市豫佰润净水材料有限公司
15238699949_3.txt$$$$郑州市豫佰润净水材料有限公司
15238818722.txt$$$$太康县永顺利豆芽机械有限公司
15239147567.txt$$$$武陟县林艺苗木种植专业合作社
15239151461.txt$$$$焦作市虹旭制动器有限公司
15239253770.txt$$$$鹤壁市永心新材料科技有限公司
15239312127.txt$$$$河南奥科达石化设备制造有限公司
15239330331.txt$$$$台前县孙口镇来福激光数控设备销售门市
15239379222.txt$$$$濮阳县聚鑫恒益水泥构件有限公司
15239395666.txt$$$$濮阳市恒发不锈钢装饰工程有限公司
15239968229.txt$$$$清丰县双庙乡华宇干花工艺品厂
15240031159.txt$$$$合肥科悦智能科技有限公司
15240195678.txt$$$$南京市溧水区陈运龙建材经营部
15240233948.txt$$$$南京安其罗电气有限责任公司
15240397230.txt$$$$江苏美宗园林建设有限公司
15240405552.txt$$$$徐州华泰废旧金属回收公司
15240478288.txt$$$$邳州市雨羲苗木种植专业合作社
15240676775.txt$$$$南宁市健宁体育游乐设施厂
15241100558.txt$$$$大连裕菖环保科技有限公司
15241126556.txt$$$$大连力驰机电设备有限公司
15241209119.txt$$$$辽宁信力科技有限公司
15241209119_1.txt$$$$辽宁信力科技有限公司
15241209119_2.txt$$$$辽宁信力科技有限公司
15241417225.txt$$$$沈阳都华科技有限公司
15241575737.txt$$$$东港市新城区海裕网具厂
