15755154699.txt$$$$安徽华诺智能工程有限公司
15755165557.txt$$$$合肥祎诺装饰材料有限公司
15755189988.txt$$$$安徽熊彩体育科技有限公司
15755189988_1.txt$$$$安徽熊彩体育科技有限公司
15755189988_2.txt$$$$安徽熊彩体育科技有限公司
15755198634.txt$$$$安徽绿岛风环境科技有限公司
15755336356.txt$$$$芜湖冀腾商贸有限公司
15755336356_1.txt$$$$芜湖冀腾商贸有限公司
15755336356_2.txt$$$$芜湖冀腾商贸有限公司
15755355060.txt$$$$安徽朵朵香科技有限公司
15755367888.txt$$$$芜湖华耀铁艺制品销售有限公司
15755367888_1.txt$$$$芜湖华耀铁艺制品销售有限公司
15755367888_2.txt$$$$芜湖华耀铁艺制品销售有限公司
15755555655.txt$$$$苏州铂澜钟表有限公司
15755755551.txt$$$$宿州新通建材有限公司
15755755551_1.txt$$$$宿州新通建材有限公司
15755755551_2.txt$$$$宿州新通建材有限公司
15755759884.txt$$$$温州乐视电子科技有限公司
15755909894.txt$$$$义乌市叶宇托运处
15756129372.txt$$$$安徽省中坤元新型建材有限公司
15756129372_1.txt$$$$安徽省中坤元新型建材有限公司
15756129372_2.txt$$$$安徽省中坤元新型建材有限公司
15756129830.txt$$$$安徽省中坤元新型建材有限公司
15756129830_1.txt$$$$安徽省中坤元新型建材有限公司
15756320628.txt$$$$天津市富涛电气技术有限公司
15756320652.txt$$$$成都慧显科技有限公司
15756320652_1.txt$$$$成都浩博酒店用品有限公司
15756320656.txt$$$$黄石东贝制冷有限公司
15756696908.txt$$$$成都小幸然餐饮管理有限公司
15757093886.txt$$$$上海富肯机电设备有限公司
