18620297968_2.txt$$$$广州稳达科技有限公司
18620299291.txt$$$$广州鑫蕊生物科技有限公司
18620299291_1.txt$$$$广州鑫蕊生物科技有限公司
18620299291_2.txt$$$$广州鑫蕊生物科技有限公司
18620299291_3.txt$$$$广州鑫蕊生物科技有限公司
18620300402.txt$$$$深圳市佳迅电子科技有限公司
18620307599.txt$$$$深圳市尚格鼎工科技有限公司
18620322825.txt$$$$铜陵汇利丰科贸易有限公司
18620349779.txt$$$$深圳市新源科技贸易有限公司
18620362649.txt$$$$深圳市康振机械科技有限公司
18620364466.txt$$$$迪泰克（武汉）车载检测设备有限公司
18620374161.txt$$$$徐州易企汇信息技术有限公司
18620374161_1.txt$$$$徐州易企汇信息技术有限公司
18620399708.txt$$$$东莞市恒浩塑胶有限公司
18620399708_1.txt$$$$东莞市恒浩塑胶有限公司
18620399708_2.txt$$$$东莞市恒浩塑胶有限公司
18620409858.txt$$$$广州市翱群酒店用品有限责任公司
18620419699.txt$$$$广州金洋大型数码印花有限公司
18620419699_1.txt$$$$广州润兴布业有限公司
18620434129.txt$$$$广州普持咨询有限公司
18620434129_1.txt$$$$广州普持咨询有限公司
18620440909.txt$$$$广州吉本电子有限公司
18620440909_1.txt$$$$广州吉本电子有限公司
18620440909_2.txt$$$$广州吉本电子有限公司
18620441116.txt$$$$重庆市图阑电子科技有限公司
18620454185.txt$$$$广州百荣管理有限公司
18620470917.txt$$$$顺诚车业贸易有限公司
18620479800.txt$$$$阳西县聪博水产有限公司
18620486118.txt$$$$广州市番禺区南村先尚锦红服装厂
18620501948.txt$$$$广州市凌邦能源科技有限公司
