13538493997_2.txt$$$$东莞市欣亿乳胶模具有限公司
13538504883.txt$$$$东莞市凯兴纸品有限公司
13538504883_1.txt$$$$东莞市凯兴纸品有限公司
13538504883_2.txt$$$$东莞市凯兴纸品有限公司
13538518803.txt$$$$东莞市墨云服饰有限公司
13538519989.txt$$$$东莞市兴乐门业有限公司
13538526986.txt$$$$东莞市伟创激光科技有限公司
13538526986_1.txt$$$$伟创科电自动化科技有限公司
13538538678.txt$$$$东莞市晶富清洁服务有限公司
13538555440.txt$$$$深圳赛宇物流
13538566966.txt$$$$东莞市宏彩丝印有限公司
13538569561.txt$$$$东莞市翔雅电子有限公司
13538586433.txt$$$$东莞市鸿润创业塑胶有限公司
13538593045.txt$$$$东莞市宝鸿精密机械有限公司
13538593045_1.txt$$$$东莞市宝鸿精密机械有限公司
13538593906.txt$$$$东莞市卓腾纺织品有限公司
13538603758.txt$$$$东莞市兴凯再生资源回收有限公司
13538603758_1.txt$$$$东莞市兴凯再生资源回收有限公司
13538603758_2.txt$$$$东莞市兴凯再生资源回收有限公司
13538603758_3.txt$$$$东莞市兴凯再生资源回收有限公司
13538605832.txt$$$$东莞市特速拉木业有限公司
13538612370.txt$$$$东莞市明君机械科技有限公司
13538612370_1.txt$$$$东莞市明君机械科技有限公司
13538612370_2.txt$$$$东莞市明君机械科技有限公司
13538637770.txt$$$$东莞市光洋机械有限公司
13538637770_1.txt$$$$东莞市光洋机械有限公司
13538637770_2.txt$$$$东莞市光洋机械有限公司
13538637770_3.txt$$$$东莞市光洋机械有限公司
13538637770_4.txt$$$$东莞市光洋机械有限公司
13538671322.txt$$$$鑫鸿顺门业有限公司
