13383710532.txt$$$$郑州圳星机械设备厂
13383711145.txt$$$$郑州飞鸿机械设备有限公司
13383712080.txt$$$$郑州梦卓墙艺装饰材料有限公司
13383712236.txt$$$$郑州明智电子科技有限公司
13383712236_1.txt$$$$郑州明智电子科技有限公司
13383712236_2.txt$$$$郑州明智电子科技有限公司
13383716855.txt$$$$河南天之晟机电设备有限公司
13383731220.txt$$$$河南万业智能科技有限公司
13383810986.txt$$$$郑州睿之声商贸有限公司
13383811338.txt$$$$郑州鑫源包装有限公司
13383811338_1.txt$$$$郑州鑫源包装有限公司
13383811338_2.txt$$$$郑州鑫源包装有限公司
13383816660.txt$$$$河南郑大零醛屋环保科技有限公司
13383816745.txt$$$$郑州雷地电子工程有限公司
13383824333.txt$$$$郑州林雅木业有限公司
13383833381.txt$$$$河南梵月瑜伽健身服务有限公司
13383833381_1.txt$$$$河南梵月瑜伽健身服务有限公司
13383833381_2.txt$$$$河南梵月瑜伽健身服务有限公司
13383837408.txt$$$$郑州磐石支护有限公司
13383843821.txt$$$$郑州正耐实业有限公司
13383852425.txt$$$$郑州深途信息科技有限公司
13383853656.txt$$$$郑州迈得电动观光车有限公司
13383856046.txt$$$$郑州泰利通科技有限公司
13383858280.txt$$$$河南宝目光学科技有限公司
13383866284.txt$$$$郑州华锦游乐设备有限公司
13383882279.txt$$$$偃师市亚新机械制造有限公司
13383896261.txt$$$$洛阳西子湖水业有限公司
13383918431.txt$$$$焦作蓝林机械设备有限公司
13384020802.txt$$$$郑州市金水区忝冉桶装水店
13384020802_1.txt$$$$郑州市金水区忝冉桶装水店
