13963777635.txt$$$$济宁市全尊工矿设备有限公司
13963789099.txt$$$$郓城华运养殖有限公司
13963814999.txt$$$$莱州市鲁禹管业有限公司
13963836691.txt$$$$龙口市伍洋电子有限公司
13963836691_1.txt$$$$龙口市伍洋电子有限公司
13963844986.txt$$$$烟台江海保洁服务有限公司
13963852552.txt$$$$莱州市虎头崖镇国林滑石粉厂
13963893508.txt$$$$临沂市方升新型建筑材料有限公司
13963893508_1.txt$$$$临沂市方升新型建筑材料有限公司
13963899000.txt$$$$山东鲁宇重工机械有限公司
13963932533.txt$$$$青岛进通包装有限公司
13963934572.txt$$$$青岛盛世耀阳国际货运代理有限公司
13963942324.txt$$$$七台河市源达运输有限责任公司青岛分公司
13964005126.txt$$$$济南辰典电子有限公司
13964007235.txt$$$$济南永兴农业科技有限公司
13964015780.txt$$$$济南今博伟业科技有限公司
13964021046.txt$$$$济南华泰精工机械设备有限公司
13964021046_1.txt$$$$济南华泰精工机械设备有限公司
13964036319.txt$$$$山东彩兔建材科技有限公司
13964037038.txt$$$$济南申合电机有限公司
13964060489.txt$$$$济南化轻化工有限公司
13964082700.txt$$$$振动时效设备有限公司
13964089161.txt$$$$济南钢林清真食品有限公司
13964093388.txt$$$$济南闻韶环保包装材料有限公司
13964107364.txt$$$$济南正扬托盘有限公司
13964116026.txt$$$$济南庆霖佳冠装饰工程有限责任公司
13964122130.txt$$$$济南欧方自动化科技有限公司
13964126879.txt$$$$济南嘉尼特环保水处理设备有限公司
13964129106.txt$$$$济南雁飞商贸有限公司
13964137888.txt$$$$济南垚俊环保设备有限公司
