18672375901.txt$$$$武汉艾睿达智能技术有限公司
18672380835.txt$$$$武汉五星华美建材有限公司
18672393939.txt$$$$湖北中豫防水工程有限公司
18672396661.txt$$$$武汉星链起重机械有限公司
18672599505.txt$$$$杭州礼诚服饰有限公司
18672660667.txt$$$$宜昌市伍家岗区达安汽车租赁服务部
18672720999.txt$$$$湖北新耀专用汽车有限公司
18672735250.txt$$$$程力专用汽车股份有限公司销售部
18672771018.txt$$$$湖北中技益家新材料科技有限公司
18672772137.txt$$$$武汉跃莱健康产业有限公司
18672774677.txt$$$$武汉薛景插画设计有限公司
18672792335.txt$$$$武汉市东西湖区鑫精诚门业经营部
18672799896.txt$$$$武汉日立舒适机电工程有限公司
18672886004.txt$$$$海南赛高新材料有限公司
18672886782.txt$$$$云南易佳洁环保科技有限公司
18672911819.txt$$$$武汉创新好未来文化传播有限公司
18672919290.txt$$$$武汉优诚艺文化传播有限公司
18672920627.txt$$$$武汉文盛电脑维修
18672920627_1.txt$$$$武汉博宏信息科技有限公司
18672949069.txt$$$$湖北特尔诺实验室设备有限公司
18672970395.txt$$$$武汉三江源水务工程有限公司
18672973856.txt$$$$武汉谷月林花卉园艺有限公司
18672980772.txt$$$$中山市吉力电器制造有限公司
18673002423.txt$$$$岳阳宝通电磁机械制造有限公司
18673183039.txt$$$$湖南智耀工贸有限公司
18673192596.txt$$$$首特宏发（北京）环保能源科技有限公司
18673214248.txt$$$$湘潭市雨湖区老赵家电维修服务部
18673386835.txt$$$$湖南瑞峰腾润滑设备科技有限公司
18673415659.txt$$$$湖南卫宁贸易有限公司
18673625585.txt$$$$石门华强盛电子科技有限公司
