13827249125_2.txt$$$$东莞市均逸实业有限公司
13827252390.txt$$$$东莞市快盟国际物流
13827257307.txt$$$$深圳市富克电子有限公司
13827258378.txt$$$$东莞市鑫品展示制品有限公司
13827258378_1.txt$$$$东莞市鑫品展示制品有限公司
13827258378_2.txt$$$$东莞市鑫品展示制品有限公司
13827259865.txt$$$$东莞市倚运康塑胶电子科技有限公司
13827260751.txt$$$$东莞市富永硬质合金有限公司
13827263365.txt$$$$东莞市恒圆转印有限公司
13827263786.txt$$$$东莞市中港家具有限公司
13827264484.txt$$$$东莞市汉能再生资源回收有限公司
13827268221.txt$$$$东莞市大岭山宏顺通风设备加工店
13827269858.txt$$$$东莞市鸿羽机械制造有限公司
13827269858_1.txt$$$$东莞市鸿羽机械制造有限公司
13827269858_2.txt$$$$东莞市鸿羽机械制造有限公司
13827270580.txt$$$$武汉御鉴科技有限公司
13827273861.txt$$$$东莞高冠机械科技有限公司
13827274973.txt$$$$东莞市南风挤出机设备有限公司
13827277485.txt$$$$东莞市锦泰包装材料有限公司
13827278819.txt$$$$鸿楷科技（香港）有限公司
13827279945.txt$$$$东莞市一木数控设备有限公司
13827279945_1.txt$$$$东莞市一木数控设备有限公司
13827279945_2.txt$$$$东莞市一木数控设备有限公司
13827281005.txt$$$$东莞市三而造纸科技有限公司
13827283763.txt$$$$东莞市瑞启化工有限公司
13827285586.txt$$$$东莞市晶纳真空镀钛厂
13827285983.txt$$$$东莞长宏清洁工程有限公司
13827286172.txt$$$$东莞市华亮玻璃有限公司
13827293036.txt$$$$华骏鑫科技有限公司
13827296658.txt$$$$东莞市好弗来家具有限公司
