13431688896_1.txt$$$$佛山市永泰二手桶回收有限公司
13431688896_2.txt$$$$佛山市永泰二手桶回收有限公司
13431958414.txt$$$$广东任我通汽车云智能科技股份有限公司
13432019259.txt$$$$广州海粤机械有限公司
13432041851.txt$$$$广州顶赞科技有限公司
13432089988.txt$$$$佛山钢瑞钢铁贸易有限公司
13432106022.txt$$$$中山市中裕脆鲩有限公司
13432127075.txt$$$$中山市添力特机电科技有限公司
13432310225.txt$$$$东莞市鸿威广告有限公司
13432422688.txt$$$$龙游山宇机械有限公司
13432422688_1.txt$$$$龙游山宇机械有限公司
13432422688_2.txt$$$$龙游山宇机械有限公司
13432453505.txt$$$$肇庆市端州区辉煌贸易有限公司
13432998251.txt$$$$佛山市正熙建材有限公司
13433017923.txt$$$$东莞市铭美机械有限公司
13433024346.txt$$$$东莞市绿生源二手设备有限公司
13433043393.txt$$$$东莞市博友实业投资有限公司
13433055303.txt$$$$东莞市广展包装材料有限公司
13433066925.txt$$$$东莞市蓝山创想食品饮料有限公司
13433077400.txt$$$$东莞市中扬机械有限公司
13433077400_1.txt$$$$东莞市中扬机械设备有限公司
13433077400_2.txt$$$$东莞市中扬机械设备有限公司
13433077400_3.txt$$$$东莞市中扬机械设备有限公司
13433119639.txt$$$$佛山市顺德区伟迪生精密机电有限公司
13433151000.txt$$$$佛山市沧宇钢铁有限公司
13433202020.txt$$$$佛山市松夏建材有限公司
13433220990.txt$$$$佛山世博机电设备有限公司
13433231719.txt$$$$佛山市南海区博品棋金属制品厂
13433291111.txt$$$$土禾设备实业有限公司
13433484332.txt$$$$广东佳有环保技术有限公司
