13840230201.txt$$$$沈阳水邦防水技术有限公司
13840230831.txt$$$$沈阳鸿宇科技有限公司
13840239130.txt$$$$沈阳市盛和兴模型设计有限公司
13840281858.txt$$$$沈阳宇大冷链设备制造有限公司
13840326668.txt$$$$沈阳安酉环保科技有限公司
13840350802.txt$$$$沈阳兴中恒发矿山设备有限公司
13840351902.txt$$$$沈阳普玛激光科技有限公司
13840365693.txt$$$$沈阳建野建筑模型有限公司
13840384661.txt$$$$沈阳正联企业管理有限公司
13840407949.txt$$$$山东珏新商贸有限公司7
13840422209.txt$$$$沈阳正联管理有限公司
13840432516.txt$$$$沈阳中瑞环保科技有限公司
13840496649.txt$$$$沈阳昌鑫源不锈钢制品有限公司
13840543691.txt$$$$沈阳唯实数码科技发展有限公司
13840576299.txt$$$$沈阳市鸿之业装饰材料厂
13840712234.txt$$$$辽宁鲅鱼圈苗木基地
13840816209.txt$$$$大连创新密封件厂
13840833283.txt$$$$大连德信实验室设备有限公司
13840911331.txt$$$$大连力得现代科技有限公司
13840947269.txt$$$$大连中建达贸易有限公司
13840984796.txt$$$$大连开发区朗然外语培训学校
13841000095.txt$$$$铁岭天宠宠物训练寄养中心
13841093352.txt$$$$昌图常杰鹅雏孵化厂
13841130204.txt$$$$大连市甘井子区汛源水处理设备经销处
13841234056.txt$$$$海城市华自经贸有限责任公司
13841513878.txt$$$$东港市马家店镇林源绿化苗圃
13841518166.txt$$$$丹东市广缘科技有限公司
13841751766.txt$$$$营口瑞卡建筑工程有限公司
13841909988.txt$$$$辽阳县鑫禹机械制品有限公司
13841972086.txt$$$$辽阳磁性衬板厂
