18765227575.txt$$$$深圳神眼通智能科技有限公司
18765265288.txt$$$$青岛久兴隆物流有限公司
18765284654.txt$$$$青岛捷动塑料机械有限公司
18765319850.txt$$$$山东万牛信息科技有限公司
18765323131.txt$$$$青岛新盛交通设施有限公司
18765326397.txt$$$$青岛运达天下物流有限公司
18765341243.txt$$$$德州君赫耐磨材料有限公司
18765360127.txt$$$$寿光市万禾农业科技有限公司
18765382180.txt$$$$泰安市景华物业管理有限公司
18765416543.txt$$$$山东通盈光电技术有限公司
18765478910.txt$$$$济宁远建建筑设备有限公司
18765504177.txt$$$$宁津浩源聚氨酯制品有限公司
18765504466.txt$$$$宁津县圣金德机械制造厂
18765508985.txt$$$$陵县聚德土工材料工程有限公司
18765516525.txt$$$$陵县通达英枪电动车厂
18765516888.txt$$$$山东鲁达体育器材有限公司
18765520219.txt$$$$庆云县鸿凯塑业有限公司
18765522845.txt$$$$宁津县航宇网链输送设备厂
18765522939.txt$$$$德州翔燕机械制造有限公司
18765553445.txt$$$$德州汇航机械设备有限公司
18765558966.txt$$$$德州卓特空调设备有限公司
18765577688.txt$$$$庆云县天虹精细塑料包装有限公司
18765605001.txt$$$$青州市启航石粉洗砂机械有限公司
18765605001_1.txt$$$$海南启航洗沙机设备有限公司
18765605001_2.txt$$$$青州市中兴温室大棚有限公司
18765605001_3.txt$$$$青州如信环保科技有限公司
18765611666.txt$$$$山东海得晶高分子材料有限公司
18765620119.txt$$$$诸城市亿马机械有限公司
18765651983.txt$$$$临朐县署晨金属加工厂
18765651983_1.txt$$$$山东锐岩建材科技有限公司
