15580004004_2.txt$$$$湖南启信行汽车销售服务有限公司
15580030711.txt$$$$湖南中创钢结构建材有限公司
15580088228.txt$$$$长沙美锦家居有限公司
15580125948.txt$$$$深圳市菲凡食品有限公司
15580156122.txt$$$$江苏奥崎科技有限公司
15580217208.txt$$$$湖南富庭食品有限公司
15580376481.txt$$$$东莞市威骏不织布有限公司
15580806906.txt$$$$长沙迪凡
15581021571.txt$$$$湖南银匠新材料科技有限公司
15581600906.txt$$$$长沙固鑫机械设备有限公司
15581621516.txt$$$$长沙天之净净化设备有限公司
15581843334.txt$$$$山西龙御四海保洁服务有限公司
15581843334_1.txt$$$$山西龙御四海保洁服务有限公司
15581843334_2.txt$$$$山西龙御四海保洁服务有限公司
15583300493.txt$$$$泸州川田门窗家具有限公司
15584143049.txt$$$$常州卓利仪器科技有限公司
15584188437.txt$$$$寿光市盈捷节水灌溉设备有限公司
15584264243.txt$$$$长春市吉恒光电有限责任公司
15584344923.txt$$$$河北电力防护设备有限公司
15584345785.txt$$$$河北佰欧防火材料有限公司
15584352524.txt$$$$德州鸿顺过滤网有限公司
15584372841.txt$$$$河北华美格瑞玻璃制品贸易有限公司
15584414047.txt$$$$安平县万大丝网制品有限公司
15585216025.txt$$$$河南长河易观酒业有限公司
15586060398.txt$$$$湖北华贵饮品有限公司
15586637766.txt$$$$鹤峰县世茂苗木专业合作社
15586780208.txt$$$$咸安区鸿瑞五金机电经营部
15586787799.txt$$$$咸宁七七管家家政服务有限公司
15586859867.txt$$$$襄阳好风物网络科技有限公司
15586859867_1.txt$$$$襄阳好风物网络科技有限公司
