17526579966.txt$$$$天津市和平区色彩纹身美容工作室
17526579966_1.txt$$$$天津市和平区色彩纹身美容工作室
17526579966_2.txt$$$$天津市和平区色彩纹身美容工作室
17526581039.txt$$$$北京斯泰瑞电力技术有限公司
17526591560.txt$$$$天津施格自动化科技有限公司
17526591560_1.txt$$$$天津施格自动化科技有限公司
17526591560_2.txt$$$$天津施格自动化科技有限公司
17526607507.txt$$$$美家中亚（天津）科技有限公司
17526607507_1.txt$$$$美家中亚（天津）科技有限公司
17526607507_2.txt$$$$美家中亚（天津）科技有限公司
17526607545.txt$$$$天津滨生源节能环保设备有限公司
17526856207.txt$$$$北京光大远见技术有限公司
17526981778.txt$$$$泰兴市新牛盾叉车制造有限公司
17530105108.txt$$$$民权川姐苗木种植有限公司
17530105108_1.txt$$$$民权川姐苗木种植有限公司
17530105108_2.txt$$$$民权川姐苗木种植有限公司
17530105108_3.txt$$$$民权川姐苗木种植有限公司
17530137760.txt$$$$深圳东亚能源有限公司
17530398763.txt$$$$鹤壁市山城区常盛蛋鸡青年鸡养殖场
17531038303.txt$$$$邯郸市永年区昊哲五金紧固件有限公司
17531038303_1.txt$$$$邯郸市永年区昊哲五金紧固件有限公司
17531038303_2.txt$$$$邯郸市永年区昊哲五金紧固件有限公司
17531058068.txt$$$$河北筑远紧固件制造有限公司
17531726230.txt$$$$泊头市金昊源防雷器材有限公司
17531776337.txt$$$$河北欧特管道设备制造有限公司
17531890356.txt$$$$景县杜桥恒扬橡塑制品厂
17531891702.txt$$$$安平县天顺五金网业有限公司
17531898861.txt$$$$景县金旺压滤机有限公司
17531985105.txt$$$$沙河市嘉炎镜业科技有限公司
17532065235.txt$$$$雄县龙盛纸管机械制造厂
