16653911090_1.txt$$$$山东拓通管业有限公司
16653911090_2.txt$$$$山东拓通管业有限公司
16653911090_3.txt$$$$山东拓通管业有限公司
16654151665.txt$$$$佛山市鹏粤祥铝业有限公司
16670790853.txt$$$$湖南尚品莲皇湘莲食品有限公司
16670978777.txt$$$$衡阳华雯节能科技有限公司
16671261338.txt$$$$湖北凯胜清洗有限公司
16672081181.txt$$$$湖北教厨餐饮管理有限公司
16675168843.txt$$$$深圳市图腾机电设备有限公司
16675169525.txt$$$$深圳市一二三自动化设备有限公司
16675567448.txt$$$$深圳市全容科技有限公司
16675570695.txt$$$$中青旅山水酒店集团股份有限公司
16675984999.txt$$$$东莞市珀雅化妆品有限公司
16675984999_1.txt$$$$东莞市珀雅化妆品有限公司
16675984999_2.txt$$$$东莞市珀雅化妆品有限公司
16676523831.txt$$$$东莞市塘厦盛尔达塑胶五金厂
16676523831_1.txt$$$$东莞市塘厦盛尔达塑胶五金厂
16676523831_2.txt$$$$东莞市塘厦盛尔达塑胶五金厂
16676963352.txt$$$$东莞市凯昕顺进出口有限公
16678037353.txt$$$$山东齐鲁模具钢有限公司
16678506113.txt$$$$山东路维尔工程技术有限公司
16678540013.txt$$$$青岛新辐塑料焊接设备有限公司
16678606502.txt$$$$青岛海越膜结构工程有限公司
16678651063.txt$$$$青岛欧森展览有限公司
16679071985.txt$$$$江西兴宏农产品有限公司
16680533171.txt$$$$湖南智心心理科教设备有限公司
16686411307.txt$$$$广州腾工通用设备有限公司
16687105535.txt$$$$昆明载航商贸有限公司
16688029816.txt$$$$济宁市顾安人力资源服务有限公司
16689779250.txt$$$$海南太平洋国际会展服务有限公司
