18127157242_2.txt$$$$佛山市金大海数控机械有限公司
18127323085.txt$$$$茂名市港安物流有限公司
18127415176.txt$$$$广州钜诚餐饮管理有限公司
18127723877.txt$$$$惠州费希尔阀门有限公司
18127812081.txt$$$$东莞市普声电子科技有限公司
18127834376.txt$$$$广州缔维装饰材料有限公司
18127839360.txt$$$$广州市禾森服饰有限公司
18127839408.txt$$$$广州市鑫海潮水上乐园设备有限公司
18127844902.txt$$$$广州高野能源科技有限公司
18127851748.txt$$$$广州天弘文化传播有限公司
18127859156.txt$$$$广州灵洁空气净化设备制造有限公司
18127871479.txt$$$$广州市多美多新材料有限公司
18127871659.txt$$$$广州市宸熙环保工程有限公司
18127871659_1.txt$$$$广州市宸熙环保工程有限公司
18127874575.txt$$$$广州展览有限公司
18127883813.txt$$$$广州腾卓智能机械设备有限公司
18127883813_1.txt$$$$广州腾卓智能机械设备有限公司
18127883813_2.txt$$$$广州腾卓智能机械设备有限公司
18127894213.txt$$$$广州辰睿智能装备有限公司
18127898633.txt$$$$广州芳利医药科技有限公司
18127898633_1.txt$$$$广州芳利医药科技有限公司
18127898633_2.txt$$$$广州芳利医药科技有限公司
18127918952.txt$$$$广州车洁汽车用品有限公司
18127919907.txt$$$$广州优美制冷设备有限公司
18127938079.txt$$$$上海市泽旭楼宇建材有限公司
18127955606.txt$$$$广州正广生物科技有限公司
18127955606_1.txt$$$$广州正广生物科技有限公司
18127955606_2.txt$$$$广州正广生物科技有限公司
18127955609.txt$$$$广州汝丽多食品科技有限公司
18127955889.txt$$$$广州贝倍婴动漫科技有限公司
