18721148941_2.txt$$$$上海协仝电气科技有限公司
18721168219.txt$$$$特歆智能设备（上海）有限公司
18721173829.txt$$$$上海辉德展览服务责任有限公司
18721226004.txt$$$$上海轩誉遮阳制品有限公司
18721234881.txt$$$$上海秦泉机电有限公司
18721234881_1.txt$$$$上海秦泉机电有限公司
18721236401.txt$$$$意大利ELATECH意拉泰同步带有限公司
18721266615.txt$$$$上海星佳清洗管道疏通，工程有限公司
18721293806.txt$$$$协卓企业管理（上海）有限公司
18721312526.txt$$$$上海邦海展览服务有限公司
18721357158.txt$$$$秋硕展览（上海）有限公司
18721377180.txt$$$$上海沐辰会展服务有限公司
18721405301.txt$$$$上海欧鲍实业有限责任公司
18721462623.txt$$$$上海迎河展览有限公司
18721509978.txt$$$$上海巡宣实业有限公司
18721543588.txt$$$$上海优睦实业有限公司
18721549940.txt$$$$上海顺洋动力科技有限公司
18721561180.txt$$$$上海栩彩信息科技有限公司
18721579439.txt$$$$上海鸣格夹具有限公司
18721605318.txt$$$$上海九芳包装机械有限公司
18721668961.txt$$$$上海蓝科建筑减震科技股份有限公司
18721676067.txt$$$$上海万佳汽车销售有限公司
18721803047.txt$$$$上海锝茂信息科技有限公司
18721845001.txt$$$$汉萨汽油发电机上海有限公司
18721873260.txt$$$$上海申仕展览有限公司
18721875507.txt$$$$昆山安斯密机械设备有限公司
18721910782.txt$$$$恒温恒湿试验箱(上海)有限公司
18721913045.txt$$$$上海起裕贸易有限公司
18721917653.txt$$$$广州富洋展览有限公司
18721952589.txt$$$$上海博州智能科技有限公司
