15552578507.txt$$$$山东济南盛阳高温材料有限公司
15552582363.txt$$$$济南顺宇安装工程有限公司
15552595061.txt$$$$山东放哨人安全设备有限公司
15552603866.txt$$$$乐陵市园林木语家具有限公司
15552646234.txt$$$$山东博容环保科技有限公司
15552785905.txt$$$$山东西格玛检测技术服务有限公司
15552806660.txt$$$$青州青途环保设备有限公司
15552810121.txt$$$$山东鲁润环保工程有限公司
15552818620.txt$$$$泰安市力都物资有限公司
15552818620_1.txt$$$$泰安市力都物资有限公司
15552818620_2.txt$$$$泰安市力都物资有限公司
15552834777.txt$$$$泰安市大展广告制作中心
15552844567.txt$$$$泰安东利机械设备有限公司
15552852178.txt$$$$山东厨贝乐食品有限公司
15552854476.txt$$$$济南哈金机械设备有限公司
15552858513.txt$$$$济南瑞鱻餐饮技术有限公司
15552861717.txt$$$$济南龙腾升降机械有限公司
15552879075.txt$$$$山东金手指服务外包有限公司
15552880067.txt$$$$济南精美机械设备有限公司
15552881222.txt$$$$山东科发石化股份有限公司
15552951000.txt$$$$临沂昕霖塑料制品有限公司
15552966777.txt$$$$山东鑫强物流有限公司
15553092712.txt$$$$菏泽贝迪思真空科技有限公司
15553101559.txt$$$$济南圣塔升降机械有限公司
15553114088.txt$$$$济南振阳升降机械有限公司
15553125387.txt$$$$济南龙艺机械制造有限公司
15553135728.txt$$$$山东宇龙机械有限公司
15553162020.txt$$$$济南瑞莱肥料有限公司
15553188388.txt$$$$济南瓦特机电设备有限公司
15553198467.txt$$$$济南中轴传动机械有限公司
