13785785883_1.txt$$$$孟村华益管件厂
13785785883_2.txt$$$$孟村回族自治县科正管道制造有限公司
13785787150.txt$$$$河北大华机械制造有限公司
13785793972.txt$$$$河间市向阳电力器材有限公司
13785793972_1.txt$$$$河间市向阳电力器材有限公司
13785801397.txt$$$$泊头市嘉屹环保设备有限公司
13785803211.txt$$$$沧州森蒂枫环保有限公司
13785808255.txt$$$$盐山县丰泰管件厂
13785808383.txt$$$$沧州沧峻管道装备有限公司
13785811892.txt$$$$河北固伦特机械有限公司
13785812331.txt$$$$河北恒天通信器材有限公司
13785819002.txt$$$$河北冀孟高压法兰管件集团有限公司
13785828239.txt$$$$安平县永亚金属丝网制品厂
13785830227.txt$$$$河北华成盛茂金属制品有限公司
13785833863.txt$$$$河北九正复合材料有限公司
13785837775.txt$$$$河北灿旗丝网制品有限公司
13785837775_1.txt$$$$河北灿旗丝网制品有限公司
13785840719.txt$$$$安平县卓昌金属丝网制品有限公司
13785850235.txt$$$$安平县源盛网格布厂
13785855121.txt$$$$安平县满洋丝网制品有限公司
13785855258.txt$$$$衡水益丰科技有限责任公司
13785860005.txt$$$$安平县安恒丝网制造有限公司
13785861600.txt$$$$安平县冠欧丝网制品有限公司
13785861922.txt$$$$武强县振兴焊接设备厂
13785865807.txt$$$$安平金洲塑料窗纱厂
13785876577.txt$$$$河北省深州市政通交通设施有限公司
13785878789.txt$$$$安平县德兰金属丝网制品有限公司
13785879006.txt$$$$阜城县盛鑫建筑机械制品厂
13785879611.txt$$$$青海鸿盛彩钢钢结构有限公司
13785879611_1.txt$$$$西宁城北鸿盛彩钢厂
