15017153757.txt$$$$东莞市横沥弘利信五金加工店
15017177636.txt$$$$东莞市金盘模具配件有限公司
15017193000.txt$$$$东莞市亿华塑胶容器有限公司
15017200315.txt$$$$汕头市澄海区溪南联兴五金塑料厂
15017331811.txt$$$$中山市横栏镇凤宇照明灯具经营部
15017364419.txt$$$$湛江蓝鲸广告有限公司
15017482158.txt$$$$深圳千利有害生物防治有限公司
15017501108.txt$$$$广州领嘉机械设备有限公司
15017501879.txt$$$$广州韵秀生物科技有限公司
15017581765.txt$$$$广州国保科技有限公司
15017776926.txt$$$$佛山市水流花开卫浴科技有限公司
15017861889.txt$$$$广州峰奥体育设施有限公司
15017880890.txt$$$$永康市华鹰锁业有限公司
15017914661.txt$$$$深圳市安堡德信有限公司
15017916679.txt$$$$深圳阳光兴亚文化传播有限责任公司
15017923592.txt$$$$深圳市旭同心物流有限公司
15017923592_1.txt$$$$深圳旭同心物流有限公司
15017923592_2.txt$$$$深圳旭同心物流有限公司
15018177077.txt$$$$珠海百珍园天然食品有限公司
15018330198.txt$$$$珠海安作机器人智能制造有限公司
15018330198_1.txt$$$$珠海安作机器人智能制造有限公司
15018330198_2.txt$$$$珠海安作机器人智能制造有限公司
15018410074.txt$$$$广州仕伯特体育发展有限公司
15018500734.txt$$$$格雷斯服饰有限公司
15018501135.txt$$$$宏业成科技有限公司
15018528738.txt$$$$深圳市瑞纳斯门窗五金有限公司
15018660461.txt$$$$东莞市聚福堂设计工程有限公司
15018706086.txt$$$$广州煜华科技有限公司
15018720868.txt$$$$广州轻松包装设备有限公司
15018720868_1.txt$$$$广州轻松包装设备有限公司
