19942084515.txt$$$$美商思科电气（苏州）有限公司
19942709374.txt$$$$天厦国际贸易有限公司
19942991716.txt$$$$福建米斯科生物技术有限公司
19943300017.txt$$$$海南博泰彩砖有限公司
19943530111.txt$$$$山西中方达节能环保科技有限公司
19943530111_1.txt$$$$山西中方达节能环保科技有限公司
19943530111_2.txt$$$$山西中方达节能环保科技有限公司
19943539120.txt$$$$邢台福华机械制造厂
19943539120_1.txt$$$$邢台福华机械制造厂
19943539120_2.txt$$$$邢台福华机械制造厂
19943539120_3.txt$$$$邢台福华机械制造厂
19943582396.txt$$$$青岛大龙输送设备有限公司
19943780739.txt$$$$霸州市强霸线路工具有限公司
19943785591.txt$$$$廊坊市安次区隆福市场润鹏家具经营部
19943839990.txt$$$$河南鼎轩水处理设备有限公司
19943839990_1.txt$$$$河南鼎轩水处理设备有限公司
19943839990_2.txt$$$$河南鼎轩水处理设备有限公司
19943839990_3.txt$$$$河南鼎轩水处理设备有限公司
19944608038.txt$$$$阜阳市天利游乐设备有限公司
19944608038_1.txt$$$$阜阳市天利游乐设备有限公司
19944608038_2.txt$$$$阜阳市天利游乐设备有限公司
19944608038_3.txt$$$$阜阳市天利游乐设备有限公司
19945228592.txt$$$$陕西高华建筑工程有限公司
19945647043.txt$$$$扬州飞珠高压电器厂
19945780954.txt$$$$上海港榕木结构工程有限公司
19947679112.txt$$$$湖北天唯实业发展有限公司
19948168098.txt$$$$石家庄市义德隆机电设备制造有限责任公司
19948275495.txt$$$$东光县鼎新锅炉制造有限公司
19948612488.txt$$$$云南格物交通设施有限公司
19949269875.txt$$$$林州市宝通电动车业有限公司
