18273186886_1.txt$$$$湖南靖凯电梯有限公司
18273186886_2.txt$$$$湖南靖凯电梯有限公司
18273323502.txt$$$$湖南宏釉有限公司
18273564141.txt$$$$郴州市苏仙区天行绿茵草皮基地
18273656228.txt$$$$广州佰晟餐饮管理有限公司
18273660853.txt$$$$湖南瑭桥科技发展有限公司
18274174980.txt$$$$株洲市创凌机械设备有限公司
18274531288.txt$$$$厦门鑫嘉固工程技术有限公司
18274775069.txt$$$$湖南高致精工有限公司
18274870051.txt$$$$长沙双鑫测量技术有限公司
18274881125.txt$$$$湖南湘元管业有限公司
18274882864.txt$$$$长沙市英超节能科技有限公司
18274987181.txt$$$$西湖区宏盛游乐设备经营部
18275014851.txt$$$$贵州浙诚圆建筑工程有限公司
18275103303.txt$$$$贵阳林安运输有限公司
18275327735.txt$$$$贵州聚恒睿智科技有限公司
18275332785.txt$$$$贵州怡景潭旅游发展有限公司
18275492437.txt$$$$贵州省仁怀市匠大福酒业有限公司
18275673893.txt$$$$贵州哗逸包装制品有限公司
18275716492.txt$$$$广西亚磊机电设备有限责任公司
18275716492_1.txt$$$$广西亚磊机电设备有限责任公司
18275725528.txt$$$$广西南宁雄智科技有限公司
18275736314.txt$$$$南宁市致青春广告传媒有限公司
18275736314_1.txt$$$$南宁市致青春广告传媒有限公司
18275754290.txt$$$$广西南宁初旭防水装饰工程有限公司
18275825389.txt$$$$东莞市莞城信任宠物店
18275825389_1.txt$$$$东莞市莞城信任宠物店
18275832799.txt$$$$广西绿桂装饰材料有限公司
18276109247.txt$$$$深圳市荣恒泰科技有限公司
18276193240.txt$$$$华汇时代
