13966737039.txt$$$$深圳市高通管业有限公司
13966737039_1.txt$$$$深圳塑料高通管业有限公司
13966741156.txt$$$$合肥市鑫城玻璃钢制造有限公司
13966741785.txt$$$$合肥东淘餐饮管理有限公司
13966741785_1.txt$$$$合肥东淘餐饮管理有限公司
13966746875.txt$$$$安徽雨亭钢膜结构有限公司
13966746875_1.txt$$$$安徽雨亭钢膜结构有限公司
13966746875_2.txt$$$$安徽雨亭钢膜结构有限公司
13966753328.txt$$$$安徽省百泰环保科技集团有限公司
13966753328_1.txt$$$$安徽省百泰环保科技集团有限公司
13966753328_2.txt$$$$安徽省百泰环保科技集团有限公司
13966755728.txt$$$$安徽五松建设工程有限公司
13966755728_1.txt$$$$安徽五松建设工程有限公司
13966755728_2.txt$$$$合肥畅隆智能工程有限公司
13966757983.txt$$$$六安金泰电机有限公司
13966757983_1.txt$$$$六安金泰电机有限公司
13966767286.txt$$$$安徽省科学器材有限责任公司
13966786896.txt$$$$合肥久泰电动门有限公司
13966790944.txt$$$$合肥凯速机电设备有限公司
13966793537.txt$$$$合肥耀安科技有限公司
13966793537_1.txt$$$$合肥耀安科技有限公司
13966909399.txt$$$$安徽宝联刷业有限公司
13967000086.txt$$$$江山江盾门业有限责任公司
13967000086_1.txt$$$$江山江盾门业有限责任公司
13967000086_2.txt$$$$江山江盾门业有限责任公司
13967002972.txt$$$$江山市溥枥家居有限公司
13967002972_1.txt$$$$江山市溥枥家居有限公司
13967002972_2.txt$$$$江山市溥枥家居有限公司
13967005215.txt$$$$江山市三鑫文体用品
13967145725.txt$$$$杭州易虎科技有限公司
