13803841371.txt$$$$郑州市二七区祥盛机械销售部
13803843923.txt$$$$中部科技发展有限公司
13803857310.txt$$$$河南豫晖矿山机械有限公司
13803857571.txt$$$$巩义市东风供水材料有限公司
13803857638.txt$$$$巩义市鑫达供水材料有限公司
13803859368.txt$$$$巩义市宜水源净化材料有限公司
13803860906.txt$$$$巩义市东风供水材料有限公司
13803862576.txt$$$$郑州市威力达机械有限公司
13803862576_1.txt$$$$郑州市威力达机械有限公司
13803862576_2.txt$$$$郑州市威力达机械有限公司
13803865220.txt$$$$河南雷力机械制造有限公司
13803865220_1.txt$$$$河南雷力机械制造有限公司
13803865220_2.txt$$$$河南雷力机械制造有限公司
13803869269.txt$$$$郑州健民餐饮管理咨询有限公司
13803872992.txt$$$$河南鑫泰钙业有限公司
13803872992_1.txt$$$$河南鑫泰钙业有限公司
13803882002.txt$$$$洛阳厚德金属材料有限公司
13803882780.txt$$$$洛阳市秦岭暖气片有限公司
13803884495.txt$$$$洛阳锐通轴承有限公司
13803889041.txt$$$$洛阳旭辰机械设备有限公司
13803889041_1.txt$$$$洛阳旭辰机械设备有限公司
13803889041_2.txt$$$$洛阳旭辰机械设备有限公司
13803897500.txt$$$$郑州市荣欣装饰有限公司
13803898757.txt$$$$巩义市天泉水处理材料有限公司
13803975022.txt$$$$虞城县坤峰仓储设备有限公司
13803975022_1.txt$$$$虞城县坤峰仓储设备有限公司
13803975022_2.txt$$$$虞城县坤峰仓储设备有限公司
13803990772.txt$$$$郑州市鑫源特种阀门制造有限公司
13803992200.txt$$$$巩义市丰瑞机械设备有限公司
13803995005.txt$$$$郑州晟世嘉碳素有限公司
