15617555185.txt$$$$巩义市万洋供水材料有限公司
15617560067.txt$$$$河南帝利达建材有限公司
15617562688.txt$$$$郑州富乐机械设备有限公司
15617573138.txt$$$$郑州三鼎磨料磨具有限公司
15617579941.txt$$$$郑州鹏锐机械设备有限公司
15617579941_1.txt$$$$郑州鹏锐机械设备有限公司
15617579941_2.txt$$$$郑州鹏锐机械设备有限公司
15617579941_3.txt$$$$郑州鹏锐机械设备有限公司
15617583599.txt$$$$郑州正华环保设备有限公司
15617589193.txt$$$$河北鑫悦纸塑包装有限公司
15617589683.txt$$$$郑州市太行影楼用品有限公司
15617595280.txt$$$$河南科林恩环保材料有限公司
15617598518.txt$$$$郑州文松家具有限公司
15617606688.txt$$$$河南纳博机械设备有限公司
15617613531.txt$$$$河南城市园丁园艺有限公司
15617617287.txt$$$$巩义市联通管道厂
15617636512.txt$$$$郑州科瑞建材有限公司
15617636512_1.txt$$$$郑州科瑞建材有限公司
15617636512_2.txt$$$$郑州科瑞建材有限公司
15617639289.txt$$$$河南誉鼎自动化信息技术有限公司
15617643888.txt$$$$河南省凯达波纹管有限公司
15617643888_1.txt$$$$河南省凯达波纹管有限公司
15617643888_2.txt$$$$河南省凯达波纹管有限公司
15617643888_3.txt$$$$河南省凯达波纹管有限公司
15617643888_4.txt$$$$河南省凯达波纹管有限公司
15617643888_5.txt$$$$河南省凯达波纹管有限公司
15617648521.txt$$$$郑州华邦有限公司
15617662333.txt$$$$巩义市联盛水处理材料有限公司
15617663162.txt$$$$河南华亿兄弟仪器设备有限公司
15617663162_1.txt$$$$河南华亿兄弟仪器设备有限公司
