13606798633_1.txt$$$$浦江亿合塑胶有限公司
13606798633_2.txt$$$$浦江亿合塑胶有限公司
13606799772.txt$$$$浦江县志坚五金厂
13606853190.txt$$$$浙江洁泽贸易有限公司
13606903898.txt$$$$厦门子润传媒有限公司
13606910785.txt$$$$厦门鑫永通建筑材料有限公司
13606911254.txt$$$$厦门美佳盛手工制作有限公司
13606911787.txt$$$$厦门市亚狄工贸有限公司
13606920160.txt$$$$厦门匠心远航雕塑工程有限公司
13606922082.txt$$$$厦门锦杏工程技术有限公司
13606926809.txt$$$$厦门市齐源工贸有限公司
13606938852.txt$$$$厦门兴鹭达电气有限公司
13607005187.txt$$$$南昌久星机械设备有限公司
13607069448.txt$$$$江西顺安创交通设施有限公司
13607089996.txt$$$$平阳县叶勇工艺品厂
13607103577.txt$$$$武汉嘉合晟机电设备有限公司
13607131012.txt$$$$武汉锡鹏钢结构工程有限公司
13607148988.txt$$$$武汉金华通物流
13607154403.txt$$$$武汉永正兴钢质门窗有限公司
13607154403_1.txt$$$$武汉永正兴钢质门窗有限公司
13607154403_2.txt$$$$武汉永正兴钢质门窗有限公司
13607165002.txt$$$$武汉隆瑞安装工程服务有限公司
13607167726.txt$$$$武汉市天政木材有限责任公司
13607179391.txt$$$$武汉正中源电器有限公司
13607207639.txt$$$$宜昌壹加贰装饰工程有限公司
13607262523.txt$$$$湖北恒晟源机电制造有限公司
13607270083.txt$$$$襄阳市樊城区琚老二酸浆面馆
13607270083_1.txt$$$$襄阳市樊城区琚老二酸浆面馆
13607270083_2.txt$$$$襄阳市樊城区琚老二酸浆面馆
13607290696.txt$$$$孝感卓通商贸有限公司
