18607570281.txt$$$$巩义市米河鑫华耐火材料厂佛山分公司
18607575578.txt$$$$佛山市桀旺家居饰品有限公司
18607575578_1.txt$$$$山东浩发机械有限公司
18607575578_2.txt$$$$佛山市桀旺家居饰品有限公司
18607575578_3.txt$$$$佛山市桀旺家居饰品有限公司
18607579006.txt$$$$佛山世纪青年信息技术有限公司
18607622231.txt$$$$广东特吉讯科技有限公司
18607633448.txt$$$$英德市英城晨耀奇石经营部
18607694777.txt$$$$东莞市辰滔新材料有限公司
18607695532.txt$$$$东莞市茶山百乐玩具厂
18607698015.txt$$$$东莞市印达印章材料有限公司
18607698015_1.txt$$$$东莞市印达-材料有限公司
18607732201.txt$$$$天津钜宝电子有限公司
18607810103.txt$$$$广西南宁桂刷电子科技有限公司
18607910304.txt$$$$江西普杰通信设备有限公司
18607915912.txt$$$$南昌保格利环保科技有限公司
18607915912_1.txt$$$$南昌保格利环保科技有限公司
18607915912_2.txt$$$$南昌保格利环保科技有限公司
18607928008.txt$$$$浔阳区薇薇新娘婚纱摄影店
18607978180.txt$$$$赣州市东道广告有限公司
18607979129.txt$$$$江西驴充充充电技术有限公司
18607979129_1.txt$$$$江西驴充充充电技术有限公司
18607979129_2.txt$$$$江西驴充充充电技术有限公司
18608023501.txt$$$$成都市田世汽车服务有限公司
18608070620.txt$$$$福建省娅蔓妮职业培训学校
18608159339.txt$$$$四川蜀荩园艺有限公司
18608330001.txt$$$$四川倍嘉尔特家用电器有限公司
18608419862.txt$$$$湖南金沃财智科技有限公司
18608473220.txt$$$$桃江县永利竹业机械研发有限公司
18608619201.txt$$$$湖北阡照复合材料有限公司
