18665610988_1.txt$$$$广州仨仨玖机械有限公司
18665610988_2.txt$$$$广州仨仨玖机械有限公司
18665610988_3.txt$$$$广州仨仨玖机械有限公司
18665651800.txt$$$$佛山旺运物流有限公司
18665654600.txt$$$$广州礼之欢贸易有限公司
18665654882.txt$$$$广州春沐广告标识有限公司
18665654882_1.txt$$$$广州春沐广告标识有限公司
18665654882_2.txt$$$$广州春沐广告标识有限公司
18665656261.txt$$$$广州思达广告有限公司
18665658566.txt$$$$广州市索弗智能共享科技有限公司
18665667286.txt$$$$广州市艾菲扬服装有限公司
18665667286_1.txt$$$$广州市艾菲扬服装有限公司
18665667286_2.txt$$$$广州市艾菲扬服装有限公司
18665667286_3.txt$$$$广州市艾菲扬服装有限公司
18665667323.txt$$$$广州市申隆波纹管制造有限公司
18665675076.txt$$$$佛山市南海龙赢化工贸易有限公司
18665684012.txt$$$$广州市黄埔区超森机电安装维修部
18665704130.txt$$$$广州市彩源印刷包装有限公司
18665704130_1.txt$$$$广州市彩源印刷包装有限公司
18665704130_2.txt$$$$广州市彩源印刷包装有限公司
18665721120.txt$$$$广州振威国际展览有限公司
18665721554.txt$$$$广州诺川文化传播有限公司
18665722201.txt$$$$广州市白云区安德利制冷设备厂
18665724781.txt$$$$广州市鑫锐陈列展示用品有限公司
18665736126.txt$$$$广州虎龙灯光设备有限公司
18665739596.txt$$$$广东厦鼎新材料科技有限公司
18665739596_1.txt$$$$广东厦鼎新材料科技有限公司
18665739596_2.txt$$$$广东厦鼎新材料科技有限公司
18665785719.txt$$$$广东禾苗种业有限公司
18665808627.txt$$$$深圳市和康工艺制品有限公司
