13303544585_1.txt$$$$祁县盛大怡达彩钢有限公司
13303585013.txt$$$$山西晋发环保科技有限公司
13303585013_1.txt$$$$山西晋发环保科技有限公司
13303585013_2.txt$$$$山西晋发环保科技有限公司
13303712979.txt$$$$巩义市蓝星净水材料厂
13303716600.txt$$$$郑州市中原区泽熙美容店
13303716600_1.txt$$$$郑州市中原区泽熙美容店
13303716600_2.txt$$$$郑州市中原区泽熙美容店
13303719895.txt$$$$巩义市波涛净水材料限公司
13303719895_1.txt$$$$巩义市波涛净水材料限公司
13303719895_2.txt$$$$巩义市波涛净水材料限公司
13303719895_3.txt$$$$巩义市波涛净水材料限公司
13303720353.txt$$$$文峰区安信门窗门市部
13303721997.txt$$$$安阳欣宇自动化设备有限公司
13303729058.txt$$$$滑县王庄镇中良畜禽饲料购销部
13303733765.txt$$$$新乡市中天机械有限公司
13303761219.txt$$$$信阳诚飞新材料科技有限公司
13303761219_1.txt$$$$信阳诚飞新材料科技有限公司
13303761219_2.txt$$$$信阳诚飞新材料科技有限公司
13303795166.txt$$$$洛阳固耐得轮胎有限公司
13303802200.txt$$$$新乡新飞散热器有限公司
13303811928.txt$$$$河南省腾大重工机械制造有限公司
13303817191.txt$$$$荥阳惠通达机械设备有限公司
13303817393.txt$$$$郑州华致电子科技有限公司
13303819383.txt$$$$郑州艾迪科技有限责任公司
13303829131.txt$$$$河南程力市政工程有限公司
13303831626.txt$$$$郑州市天荣建材有限公司
13303831860.txt$$$$郑州富泰兴设计制版有限公司
13303850237.txt$$$$郑州道清文化传播有限公司
13303854355.txt$$$$郑州恒凯能源科技股份有限公司
