18958958869.txt$$$$温州伟亚机械设备有限公司
18958993979.txt$$$$温州弘铭仪器有限公司
18958993979_1.txt$$$$温州弘铭仪器有限公司
18958993979_2.txt$$$$温州弘铭仪器有限公司
18959185459.txt$$$$福州耐特电子科技有限公司
18959189577.txt$$$$福州玉龙建材有限公司
18959198409.txt$$$$福建贵福新能源科技有限公司
18959201177.txt$$$$厦门西网惠商贸有限公司
18959226295.txt$$$$福建美沿科技有限公司
18959227230.txt$$$$固成密封件（厦门）有限公司
18959233166.txt$$$$厦门瑞时通用设备有限公司
18959246230.txt$$$$厦门市巨顺典当有限公司
18959246292.txt$$$$厦门博测商务服务有限公司
18959263902.txt$$$$厦门市诚益尚文化传媒有限公司
18959278843.txt$$$$厦门翰枢电子科技有限公司
18959278925.txt$$$$厦门允昌印刷有限公司
18959369685.txt$$$$西安闽陕机电有限公司
18959466320.txt$$$$福建中旭机械设备有限公司
18959547719.txt$$$$江夏芦荟开发有限公司
18959757292.txt$$$$厦门天振福物流有限公司
18959798969.txt$$$$福建九龙星石业发展有限公司
18959861998.txt$$$$泉州中建机械有限公司
18959921116.txt$$$$浴阀科技有限公司
18959997298.txt$$$$泉州市恒兴工业机械有限公司
18960011333.txt$$$$厦门凯益胜新材料科技有限公司
18960063186.txt$$$$漳州英特捷自动化科技有限公司
18960292276.txt$$$$时迈（泉州）石材科技有限公司
18960309522.txt$$$$泉州市亿配动力技术有限公司
18960404929.txt$$$$福建未来邦环保科技有限公司
18960794509.txt$$$$福建水中舟科技有限公司
