13001305539.txt$$$$天津市研翔电子科技有限公司
13001305650.txt$$$$天津市比利科技发展有限公司
13001327388.txt$$$$天津德霖骏驰汽车贸易有限公司
13001398807.txt$$$$天津优能贝尔环保科技有限公司
13001398807_1.txt$$$$天津优能贝尔环保科技有限公司
13001398807_2.txt$$$$天津优能贝尔环保科技有限公司
13001398807_3.txt$$$$天津优能贝尔环保科技有限公司
13001447711.txt$$$$泊头市睿重工量具有限公司
13001454466.txt$$$$任县强功机械制造厂
13001454466_1.txt$$$$任县强功机械制造厂
13001454466_2.txt$$$$任县强功机械制造厂
13001539788.txt$$$$潍坊西贝嘉化工有限公司
13001539788_1.txt$$$$寿光市馨海融雪制品有限公司
13001545856.txt$$$$山东缔宸防水材料有限公司
13001579437.txt$$$$沂水祥瑞物流有限公司
13001586502.txt$$$$日照昊云琪服装有限公司
13001592666.txt$$$$东莞市德邦克石材有限公司
13001592666_1.txt$$$$东莞市德邦克石材有限公司
13001592666_2.txt$$$$东莞市德邦克石材有限公司
13001592666_3.txt$$$$东莞市德邦克石材有限公司
13001640986.txt$$$$荣成市寻山荣威种植园
13001640986_1.txt$$$$荣成市寻山荣威种植园
13001640986_2.txt$$$$荣成市寻山荣威种植园
13001640986_3.txt$$$$荣成市寻山荣威种植园
13001651296.txt$$$$威海有独造型艺术有限公司
13001702330.txt$$$$济南科迈尔机械制造有限公司
13001721422.txt$$$$章丘市日月发烤漆设备厂
13001738668.txt$$$$济南朝晖种业有限公司
13001748789.txt$$$$济南金创机械制造有限公司
13001762130.txt$$$$德州德强工贸有限公司
