13253512976.txt$$$$郑州发达技术学校
13253512976_1.txt$$$$郑州发达技术学校
13253512976_2.txt$$$$郑州发达技术学校
13253512976_3.txt$$$$郑州发达技术学校
13253512976_4.txt$$$$郑州发达技术学校
13253512976_5.txt$$$$郑州发达技术学校
13253513267.txt$$$$河南隆俊翔电子科技有限公司
13253513267_1.txt$$$$河南隆俊翔电子科技有限公司
13253515172.txt$$$$郑州诚达物流
13253521078.txt$$$$郑州锅炉安装工程有限公司
13253530068.txt$$$$郑州好事达标识标牌有限公司
13253530068_1.txt$$$$郑州好事达标识标牌有限公司
13253536578.txt$$$$郑州开源瑞特建材有限公司
13253537717.txt$$$$河南易动体育文化有限公司
13253550345.txt$$$$巩义市恒兴管道设备有限公司
13253557957.txt$$$$河南圣起机械集团有限公司
13253557957_1.txt$$$$河南圣起机械集团有限公司
13253557957_2.txt$$$$河南圣起机械集团有限公司
13253582717.txt$$$$河南福达交通设施有限公司
13253590971.txt$$$$郑州尚格电子科技有限公司
13253603355.txt$$$$郑州昌原电子设备有限公司高新区分公司
13253616988.txt$$$$巩义市中科大机械制造有限公司
13253616988_1.txt$$$$巩义市中科大机械制造有限公司
13253616988_2.txt$$$$巩义市中科大机械制造有限公司
13253632929.txt$$$$郑州东皇铜门有限公司
13253646063.txt$$$$郑州阳光视线装饰设计有限公司
13253646063_1.txt$$$$郑州阳光视线装饰设计有限公司
13253646063_2.txt$$$$郑州阳光视线装饰设计有限公司
13253646063_3.txt$$$$郑州阳光视线装饰设计有限公司
13253646653.txt$$$$郑州阳光视线实业有限公司
