18653558908_1.txt$$$$临沂保发交通设施有限公司
18653558908_2.txt$$$$临沂保发交通设施有限公司
18653573059.txt$$$$烟台金润达克清洗科技有限公司
18653605068.txt$$$$潍坊正大机械研究所
18653607799.txt$$$$诸城市众友有限公司
18653615858.txt$$$$聊城市华泰通风设备有限公司
18653615858_1.txt$$$$聊城市鲁翔通风设备有限公司
18653616559.txt$$$$山东省聊城市锦康塑料容器制品厂
18653618872.txt$$$$山东飞龙金属材料有限公司
18653627351.txt$$$$山东万达环保科技有限公司
18653627351_1.txt$$$$山东万达环保科技有限公司
18653627727.txt$$$$青州龙建特种机械有限公司
18653633883.txt$$$$山东美封包装材料有限公司
18653633883_1.txt$$$$山东美封包装材料有限公司
18653633883_2.txt$$$$山东美封包装材料有限公司
18653641305.txt$$$$诸城市华杰机械有限公司
18653658111.txt$$$$潍坊银盾保安服务有限公司
18653660739.txt$$$$潍坊重恩堂健康管理咨询有限公司
18653660739_1.txt$$$$潍坊重恩堂健康管理咨询有限公司
18653671350.txt$$$$济宁源矿工程机械设备有限公司
18653671350_1.txt$$$$济宁源矿工程机械设备有限公司
18653671350_2.txt$$$$济宁源矿工程机械设备有限公司
18653671350_3.txt$$$$济宁源矿工程机械设备有限公司
18653676121.txt$$$$济宁神东工矿设备有限公司
18653676876.txt$$$$济宁德翊机械有限公司
18653679291.txt$$$$山东兴唐房地产开发有限公司
18653682659.txt$$$$青州市正隆机械厂
18653686700.txt$$$$青州谭福环保设备有限公司
18653706871.txt$$$$济宁市赢华机械设备有限公司
18653715055.txt$$$$济宁市弘景环保设备制造有限公司
