18918182481.txt$$$$江苏爱科美特科技发展有限公司
18918183230.txt$$$$上海萌日金属制品有限公司
18918199710.txt$$$$上海嘉鹏科技有限公司
18918247386.txt$$$$瑞昌市辉煌家电有限公司
18918338004.txt$$$$上海德载传动机械有限公司
18918338207.txt$$$$上海优尚包装材料有限公司
18918366535.txt$$$$上海田意环保科技有限公司
18918379553.txt$$$$全椒光太胶粘制品有限公司
18918433671.txt$$$$上海世朝电子有限公司
18918462396.txt$$$$库纳格流体控制系统（上海）有限公司
18918602815.txt$$$$翌忱通工业设备上海有限公司
18918618840.txt$$$$日本滔辰阀门有限公司
18918645309.txt$$$$上海川黎金属材料有限公司
18918652119.txt$$$$维兢（上海）消防科技有限公司
18918763812.txt$$$$鸿特机械发展（上海）有限公司
18918812024.txt$$$$荔誉铝业(上海)有限公司
18918926905.txt$$$$如橙（上海）会展服务有限公司
18918935702.txt$$$$上海臻辛自动化有限公司
18918954576.txt$$$$超嵘传感科技（上海）有限公司
18918956358.txt$$$$指印（上海）电气有限公司
18918967075.txt$$$$上海钢擎机械制造有限公司
18919019992.txt$$$$甘肃中洋钢铁有限公司
18919028111.txt$$$$甘肃立典精机科技有限公司
18919044115.txt$$$$甘肃洮源水处理设备工程有限公司
18919051955.txt$$$$兰州兰石重工有限公司
18919096685.txt$$$$众又(上海)实业有限公司
18919188231.txt$$$$甘肃骄隆喷泉园林工程有限公司
18919199828.txt$$$$兰州顺昌门窗厂
18919598004.txt$$$$青海青藜农业开发有限公司
18919602598.txt$$$$安徽福朋化工有限公司
