18025316170.txt$$$$深圳市华泰兴塑胶制品有限公司
18025316300.txt$$$$深圳市英航科技有限公司
18025325935.txt$$$$深圳市快视电子有限公司
18025328308.txt$$$$深圳森玛纳科技有限公司
18025336448.txt$$$$深圳市亮明科技有限公司
18025354803.txt$$$$深圳市前海三合创投实业有限公司
18025376525.txt$$$$深圳市稳达时钟表有限公司
18025376525_1.txt$$$$深圳市稳达时钟表有限公司
18025376525_2.txt$$$$深圳市稳达时钟表有限公司
18025376526.txt$$$$深圳市稳达时钟表有限公司
18025396510.txt$$$$深圳市微米生物技术有限公司
18025403346.txt$$$$深圳市港骏国际货运代理有限公司
18025404009.txt$$$$深圳市美福橡胶制品有限公司
18025419618.txt$$$$深圳市美泰胶粘剂有限公司
18025430523.txt$$$$励展华博展览(深圳)有限公司
18025441512.txt$$$$深圳市草原峰印花有限公司
18025489257.txt$$$$深圳市华维计量检测有限公司
18025496644.txt$$$$深圳市康乐达游乐设备有限公司
18025549462.txt$$$$广州云蜗智能科技有限公司
18025602210.txt$$$$广东美唐网络科技有限公司
18025844046.txt$$$$易送网络（深圳）有限公司
18025857792.txt$$$$深圳市租仓宝科技有限公司
18025858691.txt$$$$深圳市锦恒鑫科技有限公司
18025858691_1.txt$$$$深圳市弘晟辉科技有限公司
18025910827.txt$$$$中隆能源科技(东莞)有限公司
18025918686.txt$$$$东莞市莞丰建筑机械设备有限公司
18025931992.txt$$$$东莞市凤岗明顺模具加工店
18025947928.txt$$$$东莞市腾裕膳食管理服务有限公司
18025952016.txt$$$$广州市世杰自动门设备有限公司
18025959716.txt$$$$佰鲜环保包装（佛山）有限公司
