13584802030.txt$$$$苏州力玛特机械设备有限公司
13584806818.txt$$$$苏州江锋鑫智能科技有限公司
13584806818_1.txt$$$$苏州江锋鑫智能科技有限公司
13584806818_2.txt$$$$苏州江锋鑫智能科技有限公司
13584832719.txt$$$$苏州杰米纳环保有限公司
13584834037.txt$$$$苏州市金派气体设备有限公司
13584837882.txt$$$$苏州浦阳瑞钢铁有限公司
13584838995.txt$$$$苏州鑫源包装有限公司
13584838995_1.txt$$$$苏州三木包装加工厂
13584840618.txt$$$$苏州知仁环保设备有限公司
13584845536.txt$$$$科朗斯（苏州）节能科技有限公司
13584845640.txt$$$$苏州太渔蟹业有限公司
13584848547.txt$$$$苏州仟佑机械科技有限公司
13584849995.txt$$$$昆山杜特易电子有限公司
13584854583.txt$$$$苏州金泰防静电制品有限公司
13584858066.txt$$$$苏州天瑞达电子科技有限公司
13584858066_1.txt$$$$苏州天瑞达点胶设备有限公司
13584873025.txt$$$$苏州智诺环保工程有限公司
13584888834.txt$$$$苏州奥本马精密机械有限公司
13584888834_1.txt$$$$苏州奥本马精密机械有限公司
13584888834_2.txt$$$$苏州奥本马精密机械有限公司
13584897830.txt$$$$苏州鑫洁雅包装材料有限公司
13584900324.txt$$$$昆山优杰工业设备有限公司
13584902103.txt$$$$尚硕隆模架科技（苏州）有限公司
13584926700.txt$$$$东台启程精密电子技术有限公司
13584926700_1.txt$$$$东台启程精密电子技术有限公司
13584926700_2.txt$$$$东台启程精密电子技术有限公司
13584929083.txt$$$$苏州正清拆除工程有限公司
13584951458.txt$$$$苏州联正测试技术服务有限公司
13584961038.txt$$$$昆山西克尔自动化科技有限公司
