13629622369.txt$$$$昆明历祥机电设备有限公司
13629627858.txt$$$$昆明空港经济区创茂塑料制品厂
13629627858_1.txt$$$$昆明空港经济区创茂塑料制品厂
13629635159.txt$$$$云南芷阳温室工程有限公司
13629635159_1.txt$$$$云南芷阳温室工程有限公司
13629635159_2.txt$$$$云南芷阳温室工程有限公司
13629686985.txt$$$$云南仕沃贸易有限公司
13629693555.txt$$$$云南右转科技有限公司
13629696232.txt$$$$昆明澳哥洲服装有限公司
13629696232_1.txt$$$$昆明澳哥洲服装有限公司
13629696232_2.txt$$$$昆明澳哥洲服装有限公司
13629701668.txt$$$$重庆建宇展览有限公司
13629789503.txt$$$$重庆礼之鑫科技有限公司
13629789503_1.txt$$$$重庆礼之鑫科技有限公司
13629789503_2.txt$$$$重庆礼之鑫科技有限公司
13629789503_3.txt$$$$重庆礼之鑫科技有限公司
13629797801.txt$$$$重庆彩晶铝箔袋制品有限公司
13629809284.txt$$$$洛阳圣工建材科技有限公司
13629842395.txt$$$$河南大美生物科技股份有限公司
13629842959.txt$$$$河南青蓝净水材料有限公司
13629845333.txt$$$$河南固德重型机器制造公司
13629846199.txt$$$$河南东亮水处理设备有限公司
13629846199_1.txt$$$$河南东亮水处理设备有限公司
13630004850.txt$$$$佛山市世捷金属制品有限公司
13630015433.txt$$$$佛山市天兰园林绿化有限公司
13630024642.txt$$$$佛山市通达热熔机厂
13630033803.txt$$$$佛山市万邦机械设备有限公司
13630033803_1.txt$$$$佛山市万邦机械设备有限公司
13630033803_2.txt$$$$佛山市万邦机械设备有限公司
13630075279.txt$$$$佛山市南海区卫朗金属制品厂
