13360159111.txt$$$$中山市亚比仕照明电器厂
13360301054.txt$$$$广东顺德彩尚建材有限公司
13360309117.txt$$$$佛山市顺德区迪迈斯机电设备有限公司
13360309878.txt$$$$佛山市金呈不锈钢科技有限公司
13360323344.txt$$$$广东欧帝洁科技有限公司
13360328480.txt$$$$深圳市伟加展览有限公司
13360332571.txt$$$$佛山市茂宏贸易有限公司
13360335918.txt$$$$佛山市立成门业有限公司
13360337456.txt$$$$佛山晾能科技有限公司
13360346552.txt$$$$佛山泰铵金属制品有限公司
13360348813.txt$$$$广东顺德永宸节能环保设备制造有限公司
13360349484.txt$$$$珠海莱斯域环保科技有限公司
13360349484_1.txt$$$$珠海莱斯域环保科技有限公司
13360349484_2.txt$$$$珠海莱斯域环保科技有限公司
13360350889.txt$$$$佛山市炫展舞台灯光设备有限公司
13360359831.txt$$$$广东宜铝香智能家居科技有限公司
13360359831_1.txt$$$$广东宜铝香智能家居科技有限公司
13360360717.txt$$$$佛山市美波罗化工有限公司
13360362084.txt$$$$佛山市南海区嘉艺藤制品厂
13360370751.txt$$$$广东鸿泉节能设备有限公司
13360371632.txt$$$$佛山一众传感仪器有限公司
13360407797.txt$$$$深圳市衡轩塑胶制品有限公司
13360468367.txt$$$$东莞市越泰新材料有限公司
13360472016.txt$$$$东莞市南锋精密钣金制品有限公司
13360526069.txt$$$$深圳海祺检测认证有限公司
13360530795.txt$$$$深圳市源安泰实业有限公司
13360540395.txt$$$$深圳市华宝环境科技有限公司
13360572868.txt$$$$广州市完美电子科技有限公司
13360576709.txt$$$$广州比图斯网络科技有限公司
13360576709_1.txt$$$$广州比图斯网络科技有限公司
