15269866338.txt$$$$泰安市嘉海新材料科技有限公司
15269866888.txt$$$$泰安市金锅锅炉有限公司
15269873399.txt$$$$山东恒安泰重型机械有限公司
15269881789.txt$$$$泰安铭润工程材料有限公司
15269885329.txt$$$$肥城市泰肥家庭农场
15269894456.txt$$$$辰鑫工程材料（山东）有限公司
15269979777.txt$$$$山东鼎崇新型建材有限公司
15269979777_1.txt$$$$山东鼎崇新型建材有限公司
15269979777_2.txt$$$$山东鼎崇新型建材有限公司
15269985888.txt$$$$临沂市国福食品有限公司
15270029539.txt$$$$江西隆昌建材有限公司
15270029539_1.txt$$$$江西隆昌建材有限公司
15270029539_2.txt$$$$江西隆昌建材有限公司
15270154468.txt$$$$宜春市袁州区福利印刷厂
15270249459.txt$$$$豪世通管道疏通北京有限责任公司
15270606668.txt$$$$东莞永井氟材料有限公司
15270759989.txt$$$$赣州市江鼎电气有限公司
15270806237.txt$$$$江西天翔钢铁贸易有限公司
15270806237_1.txt$$$$江西天翔钢铁贸易有限公司
15270831026.txt$$$$南昌竹喧环保科技有限公司
15270852480.txt$$$$广州虫洞网络科技有限公司
15270885847.txt$$$$江西运通管业有限公司
15270939038.txt$$$$江西绿贝建材有限公司
15270991066.txt$$$$北京博瑞双杰新技术有限公司
15271006789.txt$$$$宜城市鼎信新型建材有限公司
15271006789_1.txt$$$$宜城市鼎信新型建材有限公司
15271006789_2.txt$$$$宜城市鼎信新型建材有限公司
15271033666.txt$$$$襄阳汉润水泥制品有限公司
15271033666_1.txt$$$$襄阳汉润水泥制品有限公司
15271033666_2.txt$$$$襄阳汉润水泥制品有限公司
