15009289675.txt$$$$陕西亚川电力科技有限公司
15009461088.txt$$$$兰州祥达机电设备有限公司
15009468782.txt$$$$甘肃金城鑫汇桥架设备有限公司
15009507541.txt$$$$宁夏禹羿文化科技有限公司
15009562561.txt$$$$银川市兴庆区宇浩鑫货运
15009615806.txt$$$$宁夏悦见广告装饰设计有限公司
15009615806_1.txt$$$$宁夏悦见广告装饰设计有限公司
15009615806_2.txt$$$$宁夏悦见广告装饰设计有限公司
15009616195.txt$$$$宁夏大阳谷电缆有限公司
15009663516.txt$$$$银川市兴庆区鼎正诚建筑机械经销部
15009663516_1.txt$$$$银川市兴庆区鼎正诚建筑机械经销部
15009663516_2.txt$$$$银川市兴庆区鼎正诚建筑机械经销部
15009715753.txt$$$$西宁祥华吊篮出租有限公司
15009887843.txt$$$$沈阳市华之翼机械设备厂
15010002602.txt$$$$北京世纪京雨防水工程有限公司
15010004585.txt$$$$中核控制系统工程有限公司
15010004585_1.txt$$$$中核控制系统工程有限公司
15010004585_2.txt$$$$中核控制系统工程有限公司
15010004585_3.txt$$$$中核控制系统工程有限公司
15010070705.txt$$$$北京合创三众能源科技股份有限公司
15010107061.txt$$$$任丘市华飞仿真植物厂
15010107061_1.txt$$$$天津襄景人造草坪有限公司
15010108666.txt$$$$北京法利莱得移动板房有限公司
15010140678.txt$$$$北京携深消防工程有限公司
15010150388.txt$$$$北京华荣达科技有限公司
15010186000.txt$$$$北京华盛法利莱移动板房有限责任公司
15010188916.txt$$$$运通物流
15010290899.txt$$$$北京中来化工有限公司
15010296280.txt$$$$北京三维博艺机械制造有限公司
15010302085.txt$$$$北京恒泰利达科学技术有限公司
