15550415888_3.txt$$$$山东亚鑫华数控设备有限公司
15550432637.txt$$$$济南科迪工控设备有限公司
15550472888.txt$$$$山东聚瑞鑫环境工程有限公司
15550472888_1.txt$$$$山东聚瑞鑫环境工程有限公司
15550472888_2.txt$$$$山东聚瑞鑫环境工程有限公司
15550476789.txt$$$$山东三维包装制品有限公司
15550482937.txt$$$$济南红旗升降机械有限公司
15550600153.txt$$$$绳网部落游乐设备有限公司
15550612718.txt$$$$博兴县兴福镇金易达厨房设备厂
15550612718_1.txt$$$$博兴县兴福镇金易达厨房设备厂
15550612718_2.txt$$$$博兴县兴福镇金易达厨房设备厂
15550677677.txt$$$$威海石岛赤山旅游有限公司
15550693322.txt$$$$荣成市埠柳镇淘胶东果蔬种植场
15550693598.txt$$$$威海德科生物科技有限公司
15550718766.txt$$$$山东城基工程机械有限公司
15550729895.txt$$$$济宁森悦机械有限公司
15550808589.txt$$$$山东斯福特实业有限公司
15550813655.txt$$$$山东东泰电力器材有限公司
15550828409.txt$$$$泰安市泰山区飞腾建筑机械有限公司
15550839860.txt$$$$山东龙辉起重机械有限公司
15550857180.txt$$$$山东环润工程材料有限公司
15550899776.txt$$$$泰安鑫华煎饼机制造厂
15550980398.txt$$$$临沂市河东区大华机械厂
15551188555.txt$$$$马鞍山市博雅钢结构工程有限公司
15551188555_1.txt$$$$马鞍山市博雅钢结构工程有限公司
15551188555_2.txt$$$$马鞍山市博雅钢结构工程有限公司
15551278887.txt$$$$芜湖恒汇包装有限公司
15551278887_1.txt$$$$芜湖恒汇包装有限公司
15551278887_2.txt$$$$芜湖恒汇包装有限公司
15551593085.txt$$$$亳州市谯城区正庆中药材种植专业合作社
