15258909888_1.txt$$$$磐安县鑫王木业家具厂
15258909888_2.txt$$$$磐安县鑫王木业家具厂
15258920906.txt$$$$东阳市白云陈九辉铝合金门窗加工点
15258920906_1.txt$$$$东阳市白云陈九辉铝合金门窗加工点
15258920906_2.txt$$$$东阳市白云陈九辉铝合金门窗加工点
15258940888.txt$$$$上海韩意机电设备有限公司
15258940888_1.txt$$$$上海韩意机电设备有限公司
15258963391.txt$$$$金华随笔墙绘有限公司
15258966566.txt$$$$义乌市源九通物流有限公司
15258966566_1.txt$$$$义乌市源九通物流有限公司
15258966566_2.txt$$$$义乌市源九通物流有限公司
15258967288.txt$$$$义乌易善工艺品有限公司
15258982018.txt$$$$浦江伟铭废旧金属回收有限公司
15258982018_1.txt$$$$浦江伟铭废旧金属回收有限公司
15258982018_2.txt$$$$浦江伟铭废旧金属回收有限公司
15258985178.txt$$$$永康市豪能工贸有限公司
15258988795.txt$$$$浙江天洲车轮有限公司
15258998150.txt$$$$永康市西城贵凯五金厂
15258998150_1.txt$$$$永康市西城贵凯五金厂
15258998150_2.txt$$$$永康市西城贵凯五金厂
15258998333.txt$$$$永康贵清电泳加工厂
15259108019.txt$$$$福州兰舍硅藻泥建材运营中心
15259168832.txt$$$$南康区客匠根艺中心
15259217397.txt$$$$厦门鑫三阳实业有限公司
15259249197.txt$$$$厦门赛恩斯自动化系统有限公司
15259252707.txt$$$$中物香炉（厦门）投资管理有限公司
15259255168.txt$$$$厦门欣达洲机械设备有限公司
15259539869.txt$$$$泉州市南安福银机械有限公司
15259699063.txt$$$$厦门晟乔手工合作有限公司
15259714377.txt$$$$晋江市池店镇陈文强汽车维修
