13917334429.txt$$$$汉墓展览（上海）有限公司
13917365518.txt$$$$便力机械（上海）有限公司
13917389219.txt$$$$冶韩合金（上海）有限公司
13917396080.txt$$$$上海峻英捷机械设备租赁有限公司
13917429828.txt$$$$上海丽索机械有限公司
13917448076.txt$$$$上海振大电器成套集团有限公司
13917511776.txt$$$$上海岩联工程技术有限公司
13917546848.txt$$$$上海勃西曼特殊钢有限公司
13917546848_1.txt$$$$勃西曼特殊钢（上海）有限公司
13917559788.txt$$$$上海阪村实业有限公司
13917560658.txt$$$$上海祥洪自动化设备有限公司
13917579985.txt$$$$上海好夫满电气设备有限公司
13917658098.txt$$$$上海蝶津阀门制造有限公司
13917680936.txt$$$$上海凯尔孚应力腐蚀试验设备有限公司
13917682116.txt$$$$上海朗信机械设备有限公司
13917757220.txt$$$$上海汇全电器有限公司
13917762353.txt$$$$上海承滨阀门有限公司
13917773408.txt$$$$上海宝皇建筑装饰设计有限公司
13917782290.txt$$$$江苏卡尔富塑业科技有限公司
13917783351.txt$$$$上海昱载金属制品有限公司
13917785966.txt$$$$上海优诺沃密封件有限公司
13917816505.txt$$$$上海永顾实业有限公司
13917860487.txt$$$$上海为品工贸发展有限公司
13917880178.txt$$$$临沂巴巴恭商贸有限公司4
13917909444.txt$$$$上海凡而阀门有限公司
13917914973.txt$$$$上海雍悦实业有限公司
13917923507.txt$$$$上海乐钢阀门制造有限公司
13917964812.txt$$$$上海同途会展有限公司
13917974131.txt$$$$上海贯泉实业有限公司
13917996526.txt$$$$上海益荣铝业有限公司
