18924947618.txt$$$$中山市鸿丰源电脑科技有限公司
18924966195.txt$$$$广东德邦智能科技有限公司
18924977377.txt$$$$中山市鹏伟电子有限公司
18925003073.txt$$$$广东福瑞装饰工程有限公司
18925003261.txt$$$$广州市耀南环保科技有限公司
18925007094.txt$$$$广州佰强家具租赁有限公司
18925016706.txt$$$$广州市昌博电子有限公司
18925021698.txt$$$$广州达邦建材有限公司
18925031478.txt$$$$广州超杰电子科技有限公司
18925046585.txt$$$$广州市威子地坪漆有限公司
18925062325.txt$$$$广州恒马物流有限公司
18925062776.txt$$$$广州斯柯林环保科技有限公司
18925065007.txt$$$$广州色河服饰有限公司
18925074353.txt$$$$中欧铁路班列国际货运（深圳）有限公司
18925080801.txt$$$$广州泰格激光技术有限公司
18925080801_1.txt$$$$广州泰格激光技术有限公司
18925080801_2.txt$$$$广州泰格激光技术有限公司
18925080801_3.txt$$$$广州泰格激光技术有限公司
18925084665.txt$$$$广州市忠义国际货运代理有限公司
18925084665_1.txt$$$$广州市忠义国际货运代理有限公司
18925084665_2.txt$$$$广州市忠义国际货运代理有限公司
18925089187.txt$$$$广州市一家铝窗花厂
18925095598.txt$$$$广州市云彩喷画设计有限公司
18925095995.txt$$$$广州市南沙区祥合气模制品厂
18925102879.txt$$$$广东海峰商务会展有限公司
18925103846.txt$$$$广州悦欣电子科技有限公司
18925103846_1.txt$$$$广州悦欣电子科技有限公司
18925103846_2.txt$$$$广州悦欣电子科技有限公司
18925103897.txt$$$$北京东方餐饮有限公司
18925111158.txt$$$$广州良信国际货物运输代理有限公司
