13068840123_2.txt$$$$广州固恒建材科技有限公司
13068859090.txt$$$$广州市番禺区大石合振服装辅料厂
13068861118.txt$$$$东莞力通机电设备有限公司
13068882361.txt$$$$广州精鑫针车行
13068883359.txt$$$$广州兄弟搬家起重吊装有限公司
13068886887.txt$$$$广州永欣家具有限公司
13068888669.txt$$$$广州磊硕电子科技有限公司
13068895355.txt$$$$滕州市益荣旋转接头有限公司
13068896251.txt$$$$广州市顺安停车场有限公司
13068896251_1.txt$$$$广州市顺安停车场有限公司
13069308883.txt$$$$河南省远征冶金科技有限公司
13069336799.txt$$$$开封市鼓楼区创美蹦床有限公司
13069359209.txt$$$$新乡市宜科机电设备有限公司
13069719160.txt$$$$哈尔滨红肠厂
13069958114.txt$$$$北京佳明厨房设备有限公司
13070135932.txt$$$$北京久阳盛业环保设备有限公司
13070175815.txt$$$$北京克拉恋人文化传媒有限公司
13070175815_1.txt$$$$北京克拉恋人文化传媒有限公司
13070225872.txt$$$$广州品洁清洁有限公司
13070522111.txt$$$$定州华都装饰工程有限公司
13070539350.txt$$$$保定市武德电器制造有限公司
13070551112.txt$$$$保定市新思达电气科技有限公司
13070551112_1.txt$$$$保定市新思达电气科技有限公司
13070551112_2.txt$$$$保定市新思达电气科技有限公司
13070564536.txt$$$$北京京滕华达科贸有限公司
13070655667.txt$$$$淄博万事达风机有限公司
13070677329.txt$$$$淄博互搜信息科技有限公司
13070677329_1.txt$$$$淄博互搜信息科技有限公司
13070677329_2.txt$$$$淄博互搜信息科技有限公司
13070683217.txt$$$$淄博天罡网络科技有限公司
