17792701513.txt$$$$西安菲伊特环保科技有限公司
17792759999.txt$$$$西安晶鑫消防安全技术有限公司
17792945592.txt$$$$西安华正消防设备有限公司
17793111223.txt$$$$兰州金大碗牛肉面餐饮管理有限公司
17793139940.txt$$$$甘肃柠檬酸工业盐化工原料有限公司
17793199078.txt$$$$甘肃特固环保科技有限公司
17793251696.txt$$$$定西昱祥模具厂
17794291828.txt$$$$城关区高滩村锦鸿木工机械店
17794549551.txt$$$$鲜丰水果股份有限公司
17794872556.txt$$$$新疆世华融泰会展服务有限公司
17795706199.txt$$$$陕西亚彩数码光电科技有限公司
17795824220.txt$$$$西安润鑫钢结构有限公司
17795999960.txt$$$$景县德瑞克橡塑制品有限公司
17796013873.txt$$$$中山市希越美五金制品有限公司
17796032819.txt$$$$佛山汇百盛激光科技有限公司
17796179813.txt$$$$佛山市南海区优之佳美塑胶制品有限公司
17796179813_1.txt$$$$佛山市南海区优之佳美塑胶制品有限公司
17796179813_2.txt$$$$佛山市南海区优之佳美塑胶制品有限公司
17796349404.txt$$$$深圳市妙尔巧智能科技有限公司
17796430322.txt$$$$四川川阳环保科技有限公司
17796645529.txt$$$$郑州市惠济区乐尚金属制品加工厂
17796737567.txt$$$$中雄管业有限公司
17796737567_1.txt$$$$洛阳中雄管有限公司
17796846132.txt$$$$河南奋能生态农业开发有限公司
17796904411.txt$$$$华太圣阳河北新能源科技有限公司
17796918703.txt$$$$石家庄信中商贸有限公司
17796918728.txt$$$$河北依梦纸制品有限公司
17796987798.txt$$$$迁安市健康职业培训学校
17797533257.txt$$$$甘肃华德地毯有限公司
17797567793.txt$$$$兰州市圣美居装饰有限公司
