13757693280.txt$$$$商丘市豪鑫亿金属制品有限公司
13757693280_1.txt$$$$商丘市豪鑫亿金属制品有限公司
13757693280_2.txt$$$$商丘市豪鑫亿金属制品有限公司
13757725786.txt$$$$上海水手供水设备有限公司
13757772139.txt$$$$华邦电力科技股份有限公司
13757772139_1.txt$$$$华邦电力科技股份有限公司
13757772139_2.txt$$$$华邦电力科技股份有限公司
13757781378.txt$$$$浙江山耐斯气动有限公司
13757806887.txt$$$$丽水绣田农业开发有限公司
13757806887_1.txt$$$$丽水绣田农业开发有限公司
13757806887_2.txt$$$$丽水绣田农业开发有限公司
13757830963.txt$$$$缙云县赵氏工具有限公司
13757867999.txt$$$$丽水市精锐轴承制造有限公司
13757900035.txt$$$$义乌市智信进出口有限公司
13757900660.txt$$$$义乌市鸿利展览服务有限公司
13757900660_1.txt$$$$义乌市鸿利展览服务有限公司
13757900660_2.txt$$$$义乌市鸿利展览服务有限公司
13757906731.txt$$$$义乌市梦钰吸塑厂
13757906731_1.txt$$$$义乌市梦钰吸塑厂
13757912698.txt$$$$豪舒家居用品有限公司
13757912698_1.txt$$$$豪舒家居用品有限公司
13757912698_2.txt$$$$豪舒家居用品有限公司
13757912951.txt$$$$浙江名妆化妆品有限公司
13757912951_1.txt$$$$浙江名妆化妆品有限公司
13757941799.txt$$$$义乌市励展广告有限公司
13757943620.txt$$$$义乌市圣泉金铂饰电镀厂
13757943620_1.txt$$$$义乌市圣泉金铂饰电镀厂
13757960259.txt$$$$浦江县鼎圣水晶有限公司
13757978894.txt$$$$金华市仙蜜果家庭农场
13757978894_1.txt$$$$金华市仙蜜果家庭农场
