18127955889_1.txt$$$$广州贝倍婴动漫科技有限公司
18127955889_2.txt$$$$广州贝倍婴动漫科技有限公司
18127956047.txt$$$$广州好声音建材有限公司
18127963538.txt$$$$广州市海庆电子设备有限公司
18128012897.txt$$$$广东省鑫建华建筑工程有限公司
18128016059.txt$$$$东莞立豪精密机械有限公司
18128028313.txt$$$$广东奥美格传导科技股份有限公司
18128030965.txt$$$$东莞市响泰精密机械有限公司
18128030965_1.txt$$$$东莞市响泰精密机械有限公司
18128030965_2.txt$$$$东莞市响泰精密机械有限公司
18128030965_3.txt$$$$东莞市响泰精密机械有限公司
18128035502.txt$$$$东莞市腾怡包装机械有限公司
18128120981.txt$$$$珠海达瑞欣科技有限公司
18128286115.txt$$$$恩平市亿诚电声器材厂
18128501180.txt$$$$义兴包装制品有限公司
18128502865.txt$$$$深圳金人智能科技有限公司
18128503667.txt$$$$深圳市金人智能科技有限公司
18128569653.txt$$$$东莞市派尔自动化科技有限公司
18128572037.txt$$$$东莞市乐美居环保服务有限公司
18128593896.txt$$$$东莞市牟景仪器设备制造有限公司
18128597886.txt$$$$东莞市谢岗宏业兴工艺品有限公司
18128599291.txt$$$$东莞市琪诺自动化设备有限公司
18128599291_1.txt$$$$东莞市琪诺自动化设备有限公司
18128599291_2.txt$$$$东莞市琪诺自动化设备有限公司
18128599291_3.txt$$$$东莞市琪诺自动化设备有限公司
18128611751.txt$$$$东莞市智彤包装制品有限公司
18128626790.txt$$$$东莞市福睿达检测设备有限公司
18128660995.txt$$$$深圳市加能光电科技有限公司
18128669517.txt$$$$东莞市玉祺服装有限公司
18128693985.txt$$$$东莞市中首新能源有限公司
