13365904989.txt$$$$纳琪（厦门）五金制品有限公司
13365906444.txt$$$$厦门牧巢家居用品有限公司
13365908699.txt$$$$厦门兴力源机电设备有限公司
13365909991.txt$$$$福建德特森阀门有限公司
13366081056.txt$$$$北京市大兴区新宇培训学校
13366082968.txt$$$$北京绿景苑园林机械有限公司
13366082968_1.txt$$$$北京绿景苑园林机械有限公司
13366174925.txt$$$$深圳市三明岐山文化发展有限公司
13366226268.txt$$$$北京东方东正货架有限公司
13366249291.txt$$$$恒星国际会展（北京）有限公司
13366383609.txt$$$$北京和众世通国际贸易有限公司
13366414155.txt$$$$北京景智通科技有限公司
13366416036.txt$$$$北京华威盛达科技有限公司
13366435398.txt$$$$北京天地万物健康科技发展有限公司
13366438141.txt$$$$北京中创汇安责任有限公司
13366456061.txt$$$$北京国电天邦科技有限公司
13366465016.txt$$$$北京宝盛通物流
13366484079.txt$$$$北京雨全防水工程有限公司
13366506786.txt$$$$山东一顺工程材料有限公司
13366506786_1.txt$$$$山东一顺工程材料有限公司
13366535363.txt$$$$北京鑫信瑞达环保科技有限公司
13366590737.txt$$$$北京伟恒元商贸中心
13366604970.txt$$$$北京汇丰货运物流
13366628825.txt$$$$北京天地倚创科技有限公司
13366651294.txt$$$$北京亦兴宏业科技有限公司
13366651294_1.txt$$$$北京亦兴宏业科技有限公司
13366651294_2.txt$$$$北京亦兴宏业科技有限公司
13366669511.txt$$$$北京国藏中金礼品有限公司
13366690123.txt$$$$韩硕明（北京）科技有限公司
13366690123_1.txt$$$$韩硕明（北京）科技有限公司
