18633786217.txt$$$$廊坊泰润过滤设备有限公司
18633793372.txt$$$$星仪传感器制造有限公司
18633793372_1.txt$$$$星仪传感器制造有限公司
18633793372_2.txt$$$$星仪传感器制造有限公司
18633802770.txt$$$$正定县正力建材生产有限公司
18633810931.txt$$$$灵寿县嘉德矿产加工厂
18633813056.txt$$$$石家庄那顿包装制品有限公司
18633846022.txt$$$$河北迪特旅游开发有限公司
18633903528.txt$$$$藁城区海森装饰材料厂
18633907987.txt$$$$石家庄金农机械科技有限公司
18633930480.txt$$$$晋州市晨华纺织有限公司
18633936177.txt$$$$石家庄吉时雨山泉水有限公司
18634065221.txt$$$$河北誉铭环保机械有限公司
18634182296.txt$$$$唐县海谊雕塑工艺品销售有限公司
18634182296_1.txt$$$$唐县海谊雕塑工艺品销售有限公司
18634182296_2.txt$$$$唐县海谊雕塑工艺品销售有限公司
18634236177.txt$$$$大同市益民管道疏通
18634312274.txt$$$$山西慧宇科技开发有限公司
18634312274_1.txt$$$$山西慧宇科技开发有限公司
18634312274_2.txt$$$$山西慧宇科技开发有限公司
18634361566.txt$$$$河南知汇电力技术有限公司
18634376600.txt$$$$山西明纳能源科技有限公司
18634376600_1.txt$$$$山西明纳能源科技有限公司
18634376600_2.txt$$$$山西明纳能源科技有限公司
18634385795.txt$$$$太原鑫友维商贸有限公司
18634385795_1.txt$$$$太原鑫友维商贸有限公司
18634385795_2.txt$$$$太原鑫友维商贸有限公司
18634402110.txt$$$$山西至臻时代文化传媒有限公司
18634402999.txt$$$$太原市诚隆杰泰科贸有限公司
18634402999_1.txt$$$$太原市诚隆杰泰科贸有限公司
