13485316798.txt$$$$太原市迎泽区艺彩飞扬广告设计工作室
13485322332.txt$$$$山西匠诚机电设备有限公司
13485322332_1.txt$$$$山西匠诚机电设备有限公司
13485322332_2.txt$$$$山西匠诚机电设备有限公司
13485328128.txt$$$$太原华忠信彩板钢结构有限公司
13485328128_1.txt$$$$太原华忠信彩板钢结构有限公司
13485328128_2.txt$$$$太原华忠信彩板钢结构有限公司
13485389573.txt$$$$太原市小店区天佑通盛电子产品经销部
13485389873.txt$$$$山西锦达泵业工矿设备有限公司
13485425305.txt$$$$山西鑫晋商生物科技有限公司
13485488514.txt$$$$太谷县保根农资经销部
13485488514_1.txt$$$$太谷县保根农资经销部
13485488514_2.txt$$$$太谷县保根农资经销部
13485515798.txt$$$$安徽索诺特自动化科技有限公司
13485578877.txt$$$$安徽特力重工矿山机械制造有限公司
13485578877_1.txt$$$$安徽特力重工矿山机械制造有限公司
13485578877_2.txt$$$$安徽特力重工矿山机械制造有限公司
13485578877_3.txt$$$$安徽特力重工矿山机械制造有限公司
13485627168.txt$$$$铜陵和庆纸箱加工有限公司
13485758788.txt$$$$安徽康恒机械配件有限公司
13485851115.txt$$$$九江通用阀门有限公司
13485922896.txt$$$$宁国市玉东塑料制品有限公司
13486011337.txt$$$$慈溪市宏盈电子元器件厂（普通合伙
13486100689.txt$$$$杭州旺顺暖通工程有限公司
13486100689_1.txt$$$$杭州旺顺暖通工程有限公司
13486100689_2.txt$$$$杭州旺顺暖通工程有限公司
13486123984.txt$$$$杭州芷芷庄贸易有限公司
13486186523.txt$$$$杭州鑫球物流有限公司
13486525957.txt$$$$绍兴市上虞清风暖通设备有限公司
13486731178.txt$$$$上海禹轩泵阀有限公司
