18661344188.txt$$$$山东昊洲矿业安全装备有限公司
18661347779.txt$$$$泰安市鸿奕矿业科技有限公司
18661365325.txt$$$$山东钜宏土工材料有限公司
18661367835.txt$$$$山东方瑞矿山设备有限公司
18661441650.txt$$$$青岛盛腾源机械有限公司
18661588693.txt$$$$山东硅兔智能装备有限公司
18661602189.txt$$$$青岛吉亚宁健康管理咨询有限公司
18661628638.txt$$$$青岛六橡橡胶输送带有限公司
18661647848.txt$$$$青岛润泰制漆有限公司
18661649010.txt$$$$青岛隆欣源机械设备有限公司
18661655119.txt$$$$青岛德尔环保技术有限公司
18661676662.txt$$$$青岛嘉瑞福国际货运代理有限公司
18661708290.txt$$$$青岛瑞康隔音材料有限公司
18661775524.txt$$$$黄岛区农旅市政工程设计研究院总店
18661810881.txt$$$$青岛中瑞塑料机械有限公司
18661814777.txt$$$$青岛海州重工机械有限公司
18661836230.txt$$$$青岛力泰自动化设备有限公司
18661859697.txt$$$$青岛一鲁鲜食品有限公司
18661866152.txt$$$$青岛莱克力特生物科技有限公司
18661915266.txt$$$$青岛仁和昌模具材料有限公司
18661915926.txt$$$$青岛崂山管业科技有限公司
18661915926_1.txt$$$$青岛崂山管业健康科技有限公司
18661939866.txt$$$$青岛欧冠门窗有限公司
18661951583.txt$$$$青岛鑫博仪器有限公司
18661953067.txt$$$$青岛恒氧科技有限公司
18661955819.txt$$$$青岛喜贵工贸有限责任公司
18662007188.txt$$$$江苏皓羿机械制造科技有限公司
18662011928.txt$$$$盐城永弘机械有限公司
18662037048.txt$$$$盐城市佰润机械科技有限公司
18662126333.txt$$$$苏州空动力电子技术有限公司
