18017309090_1.txt$$$$上海思伟软件有限公司
18017309090_2.txt$$$$上海思伟软件有限公司
18017355355.txt$$$$昆明多速科技有限公司
18017355355_1.txt$$$$北京鑫钜科技有限公司
18017367812.txt$$$$五冠（上海）环境设施设备有限公司
18017375160.txt$$$$上海额赫贸易有限公司
18017382181.txt$$$$上海万享供应链有限公司
18017559213.txt$$$$上海好尔洗涤机械有限公司
18017565882.txt$$$$上海矜颐文化传播有限公司
18017610361.txt$$$$上海上力有限公司
18017635816.txt$$$$上海汉齐金箔实业有限公司
18017643659.txt$$$$上海鹰鹤货物运输代理有限公司
18017647703.txt$$$$上海迅越软件有限公司
18017647703_1.txt$$$$上海迅越软件有限公司
18017647703_2.txt$$$$上海迅越软件有限公司
18017734703.txt$$$$宁波天誉机械设备有限公司
18017844061.txt$$$$上海剑钝生物科技有限公司
18017902101.txt$$$$鸿麦金属材料（上海）有限公司
18017902836.txt$$$$上海翔洽金属制品有限公司
18017902916.txt$$$$上海益励金属材料有限公司
18017918816.txt$$$$上海星力仓储服务有限公司
18017933500.txt$$$$上海隆继金属合金有限公司
18017938296.txt$$$$上海荔通金属材料有限公司
18017979358.txt$$$$上海金喜展览服务有限公司
18018024213.txt$$$$苏州全安精密机械制造有限公司
18018072397.txt$$$$南京科友工业设备有限公司
18018090029.txt$$$$南京联特化工有限公司
18018111379.txt$$$$张家港市艾斯曼机械有限公司
18018111379_1.txt$$$$张家港市艾成机械有限公司
18018127593.txt$$$$姑苏区智胜慧家电子设备经营部
