17727907097.txt$$$$深圳意普兴科技有限公司
17727950461.txt$$$$深圳市储安科技有限公司
17727977083.txt$$$$广和国际物流（深圳）有限公司
17727977083_1.txt$$$$广和国际物流（深圳）有限公司
17727977083_2.txt$$$$广和国际物流（深圳）有限公司
17727983568.txt$$$$深圳市众协力精密设备服务有限公司
17728019610.txt$$$$东莞市轩业电子科技有限公司
17728071408.txt$$$$广州中诺集装箱有限公司
17728079322.txt$$$$广州舜达餐饮服务管理有限公司
17728101970.txt$$$$广州永潮水上乐园设备股份有限公司
17728131076.txt$$$$广州亚龙国际货运代理有限公司
17728217139.txt$$$$江门市新普华复合胶粘科技有限公司
17728998702.txt$$$$广东中海南联能源有限公司
17728998706.txt$$$$茂名市环海化工有限公司
17729568788.txt$$$$宝鸡晨源金属材料有限公司
17729602658.txt$$$$重庆美蓝清洁服务有限公司
17729711520.txt$$$$濮阳市布鲁机电设备有限公司
17729718000.txt$$$$濮阳市晴雨建设工程机械租赁有限公司
17729718000_1.txt$$$$濮阳市晴雨建设工程机械租赁有限公司
17729718000_2.txt$$$$濮阳市晴雨建设工程机械租赁有限公司
17729752088.txt$$$$郑州三淼建材有限公司
17729770933.txt$$$$河南梅之鑫贸易有限公司
17729777770.txt$$$$河南佳家净洗信息科技有限公司
17729780576.txt$$$$康佛森工贸(上海）有限公司
17729780586.txt$$$$昆峰重工（苏州）有限公司
17729780586_1.txt$$$$昆山市昆峰机械工程有限公司
17729780586_2.txt$$$$昆峰重工（苏州）有限公司
17729786799.txt$$$$中建华金盛建设工程有限公司
17729903561.txt$$$$淮南市盛杰锚固材料有限责任公司
17729958314.txt$$$$宣城易展会展服务有限公司
