15657920135_2.txt$$$$永康市城龙模具厂
15657920135_3.txt$$$$永康市城龙模具厂
15657920135_4.txt$$$$东阳市铭华古典红木家具有限公司
15657960077.txt$$$$东阳市吉盛红木家具有限公司
15657960077_1.txt$$$$东阳市吉盛红木家具有限公司
15657960077_2.txt$$$$东阳市吉盛红木家具有限公司
15657960100.txt$$$$金华博朗体育发展有限公司
15657960100_1.txt$$$$金华博朗体育发展有限公司
15657960100_2.txt$$$$金华博朗体育发展有限公司
15657996617.txt$$$$浙江小黄鸭生物科技有限公司
15657996666.txt$$$$义乌安慈母婴护理有限公司
15657996666_1.txt$$$$义乌安慈母婴护理有限公司
15657996666_2.txt$$$$义乌安慈母婴护理有限公司
15658137006.txt$$$$杭州百旋动力科技有限公司
15658162656.txt$$$$浙江科洁净化工程有限公司
15658591755.txt$$$$温州童行游乐设备有限公司
15658655030.txt$$$$浙江赢瑞防爆电器有限公司
15658672017.txt$$$$温州迈欧克机电设备有限公司
15658811533.txt$$$$上海轩一物流有限公司
15658905998.txt$$$$嘉彩数码有限公司
15658906012.txt$$$$义乌市亚杰塑胶制品有限公司
15658919107.txt$$$$上海安立得建设工程有限公司衢州分公司
15658919107_1.txt$$$$上海安立得建设工程有限公司衢州分公司
15658919107_2.txt$$$$上海安立得建设工程有限公司衢州分公司
15658950523.txt$$$$缙云帆创机械有限公司
15658950523_1.txt$$$$缙云帆创机械有限公司
15658950523_2.txt$$$$缙云帆创机械有限公司
15659050859.txt$$$$福建北峰通信科技股份有限公司
15659271230.txt$$$$厦门松诚机电科技有限公司
15659336966.txt$$$$百能数控设备（福建）有限公司
