18033540168.txt$$$$秦皇岛奇然暖通设备有限公司
18033586481.txt$$$$河北雷发照明灯具有限公司
18033618558.txt$$$$廊坊元一保温材料有限公司
18033618666.txt$$$$廊坊美昌保温材料有限公司
18033643051.txt$$$$永清县刘街万鑫电力工具经销部
18033656583.txt$$$$霸州市城区恩特机械设备制造厂
18033673444.txt$$$$大城县天磊防火材料厂
18033678173.txt$$$$霸州市康仙庄润江五金厂new
18033734683.txt$$$$河北鹏之飞体育用品有限公司
18033857332.txt$$$$河北鸿邦电气设备科技有限公司
18033989888.txt$$$$福鼎市航洲餐饮管理有限公司
18034002875.txt$$$$河北诚佑管道安装工程有限公司
18034002875_1.txt$$$$河北诚佑管道安装工程有限公司
18034002875_2.txt$$$$河北诚佑管道安装工程有限公司
18034028000.txt$$$$清苑县高庄佳旭模盒模具经销处
18034028000_1.txt$$$$保定市清苑区华兴模具加工厂
18034079758.txt$$$$沧州维宇管件有限公司
18034102999.txt$$$$邯郸市柏林金属制品有限公司
18034106999.txt$$$$河北霞现金属制品有限公司
18034123555.txt$$$$河北迪悦塑料制品有限公司
18034123555_1.txt$$$$河北迪悦塑料制品有限公司
18034167932.txt$$$$北京诺成清水装饰工程有限公司
18034170669.txt$$$$泊头市诺和环保设备有限公司
18034170726.txt$$$$河北九正通明除尘设备有限公司
18034170726_1.txt$$$$河北九正通明除尘设备有限公司
18034170729.txt$$$$九正通明除尘设备有限公司
18034171659.txt$$$$河北九州环保设备有限公司
18034221932.txt$$$$保定达洋废旧金属回收有限公司
18034223339.txt$$$$河北千层双灰纸板厂
18034279783.txt$$$$泊头市久运环保有限公司
