13690255888_5.txt$$$$佛山市海派厨房设备工程有限公司
13690255888_6.txt$$$$佛山市海派厨房设备工程有限公司
13690255888_7.txt$$$$佛山市海派厨房设备工程有限公司
13690291685.txt$$$$佛山市南海区劲丰锯业有限公司
13690302926.txt$$$$佛山市恒裕翔金属制品有限公司
13690302926_1.txt$$$$佛山市恒裕翔金属制品有限公司
13690313757.txt$$$$珠海市中深集装箱有限公司
13690320117.txt$$$$佛山市华业装饰材料有限公司
13690335481.txt$$$$佛山市璟泰建材有限公司
13690335481_1.txt$$$$佛山市璟泰建材有限公司
13690335481_2.txt$$$$佛山市璟泰建材有限公司
13690355363.txt$$$$佛山市金盛贵金属回收公司
13690422922.txt$$$$佛山市安特尔燃气设备有限公司
13690425551.txt$$$$佛山市南海区驭圣金属制品厂
13690437198.txt$$$$佛山伊清环保工程技术有限公司
13690520065.txt$$$$佛山市华厦绿宝建材有限公司
13690521138.txt$$$$广东日冠不锈钢制品有限公司
13690532899.txt$$$$佛山市欧承慧骏机械有限公司
13690538372.txt$$$$佛山市利德鑫机械制造有限公司
13690549614.txt$$$$佛山市顺德区世壮木业热处理有限公司
13690560666.txt$$$$广州佳驰自动化科技有限公司
13690565257.txt$$$$佛山市润福建筑工程有限公司
13690567238.txt$$$$佛山市万旺信建筑工程有限公司
13690580585.txt$$$$佛山百晟不锈钢有限公司
13690606062.txt$$$$佛山市慧通信众信息科技有限公司
13690625123.txt$$$$广东汇远陶瓷有限公司
13690668977.txt$$$$佛山市美嘉彩化工有限公司
13690697999.txt$$$$佛山市壹品佳餐饮管理服务有限公司
13690707696.txt$$$$佛山市龙恒精密机械有限公司
13690778166.txt$$$$佛山钢瑞钢铁贸易有限公司
