18998323286.txt$$$$广州市宝比万像软件科技有限公司
18998349320.txt$$$$广州市茵焙贸易有限公司
18998369010.txt$$$$广州市天河区东圃东奕机械配件店
18998372026.txt$$$$广州棋骏家具有限公司
18998384491.txt$$$$广州新顿速进出口贸易有限公司
18998389887.txt$$$$广州鑫飞扬电子科技有限公司
18998408330.txt$$$$广东福莱特建筑材料有限公司
18998440125.txt$$$$广州市蓝格软件科技有限公司
18998440125_1.txt$$$$广州市蓝格软件科技有限公司
18998440125_2.txt$$$$广州市蓝格软件科技有限公司
18998450169.txt$$$$广州隆天环保科技有限公司
18998482165.txt$$$$广州永利佳印刷包装有限公司
18998482812.txt$$$$广州市汇沣电气有限公司
18998485957.txt$$$$广州嘉华鑫商贸有限公司
18998584119.txt$$$$肇庆市高要区兴大成科技有限公司
18998624323.txt$$$$新兴县帝恒贸易有限公司
18998805812.txt$$$$广州五星洗涤用品设备有限公司
18998807650.txt$$$$广州峻辉电子科技有限公司
18998810165.txt$$$$中山市横栏镇通明电子设备厂（广州办事处）
18998816862.txt$$$$广州佳鑫财税信息咨询有限公司
18998816862_1.txt$$$$广州佳鑫财税信息咨询有限公司
18998862889.txt$$$$钻驰自动化设备有限公司
18998863290.txt$$$$东莞赞引机械设备有限公司
18998907611.txt$$$$深圳昂业科技有限公司
18998907611_1.txt$$$$深圳昂业科技有限公司
18998949687.txt$$$$深圳市雅特美设计印刷有限公司
18998974788.txt$$$$汕头市龙湖区博世格空压机设备有限商行
18998990347.txt$$$$深圳品拓科技有限公司
18999296440.txt$$$$乌鲁木齐鑫众万家管道工程有限公司
18999379555.txt$$$$中山市诚君越户外用品有限公司
