13603837597_2.txt$$$$清丰县三元水泥制品有限公司
13603841641.txt$$$$郑州鑫和机器制造有限公司
13603860954.txt$$$$郑州海名汇博会展策划有限公司
13603894228.txt$$$$焦作市安信轻合金科技有限公司
13603894288.txt$$$$沁阳市德远机械有限公司
13603921673.txt$$$$鹤壁市天瑞煤炭化验设备有限公司
13603922771.txt$$$$鹤壁市裕达禽业有限公司
13603924595.txt$$$$信创展览服务有限公司
13603930908.txt$$$$新乡市三环机械有限公司
13603937288.txt$$$$河南多吉多利经贸有限公司
13603982128.txt$$$$河南恒力吊装租赁工程有限公司
13603984592.txt$$$$郑州市金水区阿土伯可丽饼店
13603990189.txt$$$$新郑市欧亚铁艺厂
13603992353.txt$$$$荥阳市特耐磨料有限公司
13603994371.txt$$$$新郑市东阳铁艺厂
13603994371_1.txt$$$$河南省东阳铜雕工艺品厂
13604009716.txt$$$$沈阳长富钢管有限公司
13604016204.txt$$$$沈阳利群伟业电子有限公司
13604023348.txt$$$$沈阳市于洪区路胜东北筑路机械租赁处
13604024232.txt$$$$沈阳双壹市政工程有限公司
13604024232_1.txt$$$$沈阳双壹市政工程有限公司
13604056659.txt$$$$沈阳杜威商贸有限公司
13604059083.txt$$$$沈阳市苏家屯区浩瀚智能家居体验中心
13604446159.txt$$$$长春市克冬热能设备科技有限公司
13604523366.txt$$$$黑龙江六和敬塑料制品有限公司
13604951900.txt$$$$东港市鸿天食品有限公司
13604951983.txt$$$$东港市龙王庙众信草莓苗繁育厂
13604961780.txt$$$$北镇市高山子镇鑫盛农机厂
13605102961.txt$$$$盐城市盛祥包装材料厂
13605128323.txt$$$$连云港双木成林装饰工程有限公司
