17564308377.txt$$$$济宁林安物流有限公司
17566728272.txt$$$$东莞市佳华电子仪器经营部
17568066351.txt$$$$临沂敬德通风设备有限公司
17568066351_1.txt$$$$临沂敬德通风设备有限公司
17568066351_2.txt$$$$临沂敬德通风设备有限公司
17568066351_3.txt$$$$临沂敬德通风设备有限公司
17568094600.txt$$$$山东汉龙木业有限公司
17568180747.txt$$$$山东速装环保科技有限公司
17568276020.txt$$$$临沂同正新材料有限公司
17570759756.txt$$$$湖南力行自动化设备有限公司
17573133791.txt$$$$长沙湘雕数控设备有限公司
17573204989.txt$$$$湘潭市羽飞工程机械有限公司
17576015440.txt$$$$仁化县唯镁广告设计工作室
17576048733.txt$$$$广州市新动力数字科技有限公司
17576055284.txt$$$$广州市大吕装饰有限公司
17579289569.txt$$$$江西省昌亿矿山机械有限公司
17581865973.txt$$$$深圳市南岛机电有限公司
17581865973_1.txt$$$$南岛机电有限公司
17585513792.txt$$$$贵阳坤达玻璃有限责任公司
17588063199.txt$$$$山东京力科畜牧科技有限公司
17588063998.txt$$$$山东鸿跃环保科技股份有限公司
17588066976.txt$$$$德州吉盾耐磨材料有限公司
17589662625.txt$$$$郑州绿鼎环保设备有限公司
17591088899.txt$$$$河南灵静环保净化工程有限公司
17596505320.txt$$$$驻马店辉腾机械设备有限公司
17596553786.txt$$$$郑州先泰化工设备有限公司
17599810192.txt$$$$新疆美美华茂会展服务有限公司
17600223703.txt$$$$北京汇捷通国际展览有限公司
17600277911.txt$$$$河北万高化工建材有限公司
17600277911_1.txt$$$$河北万高化工建材有限公司
