13937076783_1.txt$$$$睢县四方建筑装饰材料厂
13937076783_2.txt$$$$睢县四方建筑装饰材料厂
13937077794.txt$$$$商丘市睢阳区丰锦电机维修服务部
13937077794_1.txt$$$$商丘市睢阳区丰锦电机维修服务部
13937077794_2.txt$$$$商丘市睢阳区丰锦电机维修服务部
13937086985.txt$$$$夏邑县传理模具厂
13937086985_1.txt$$$$夏邑县传理模具厂
13937086985_2.txt$$$$夏邑县传理模具厂
13937090795.txt$$$$河南前沿建材有限公司
13937101069.txt$$$$郑州世纪众智酒店智能工程有限公司
13937104761.txt$$$$郑州恒佑科技有限公司
13937106456.txt$$$$郑州中博耐火材料有限公司
13937112036.txt$$$$华纳时代检测认证有限公司
13937116396.txt$$$$郑州华之睿机械设备有限公司
13937116396_1.txt$$$$郑州华睿机械制造有限公司
13937116396_2.txt$$$$郑州华睿机械制造有限公司
13937116396_3.txt$$$$郑州华睿机械制造有限公司
13937128543.txt$$$$郑州腾科电子衡器有限公司
13937129875.txt$$$$郑州三超除锈技术有限公司
13937129875_1.txt$$$$郑州三超除锈技术有限公司
13937138558.txt$$$$郑州豫中原水处理设备有限公司
13937138818.txt$$$$郑州龙之湖文化传播有限公司
13937141820.txt$$$$郑州市银泰交通设施有限公司
13937141820_1.txt$$$$郑州市银泰交通设施有限公司
13937146777.txt$$$$巩义市大华机械有限公司
13937151761.txt$$$$河南恒视软件科技有限公司
13937173357.txt$$$$郑州聚亿科贸有限公司
13937181588.txt$$$$郑州骊越标识标牌有限公司
13937181588_1.txt$$$$郑州骊越标识标牌有限公司
13937181588_2.txt$$$$郑州骊越标识标牌有限公司
