13098862119_1.txt$$$$诺派科技（湖北）有限公司
13098862119_2.txt$$$$诺派科技（湖北）有限公司
13098881228.txt$$$$武汉口袋秀传媒有限公司
13098888405.txt$$$$武汉华彩尚映文化艺术有限公司
13098893885.txt$$$$武汉阿力格科技有限公司
13098893885_1.txt$$$$武汉阿力格科技有限公司
13098984617.txt$$$$三亚盛普天创文化发展有限公司
13099001654.txt$$$$山西锦荣智能技术有限公司
13099001654_1.txt$$$$山西锦荣智能技术有限公司
13099060978.txt$$$$山西金亿达科技有限公司
13099060978_1.txt$$$$山西金亿达科技有限公司
13099082998.txt$$$$山西三伟兴业聚氨酯保温工贸有限公司
13099082998_1.txt$$$$山西三伟兴业聚氨酯保温工贸有限公司
13099082998_2.txt$$$$山西三伟兴业聚氨酯保温工贸有限公司
13099084800.txt$$$$太原市予晨企业事务代理有限公司
13099084800_1.txt$$$$太原市予晨企业事务代理有限公司
13099118991.txt$$$$兰州宏源油漆涂料工程有限公司
13099123088.txt$$$$兰州友宏烤漆房设备有限公司
13099186568.txt$$$$兰州振大电缆桥架有限公司
13099188666.txt$$$$甘肃利盟电力变压器有限公司
13099188666_1.txt$$$$甘肃利盟电力工程有限公司
13099212822.txt$$$$甘肃振大电缆桥架有限公司
13099520368.txt$$$$宁夏胜诚财务咨询服务有限公司
13099520368_1.txt$$$$宁夏胜诚财务咨询服务有限公司
13099520368_2.txt$$$$宁夏胜诚财务咨询服务有限公司
13099788135.txt$$$$西宁龙硕工程新能源有限公司
13099909170.txt$$$$昆明坤程科技有限公司
13099973571.txt$$$$昆明单山调味食品有限公司
13099987118.txt$$$$云南科昆机械机械设备有限公司
13099993221.txt$$$$昆明全联科技有限公司
