15631054999_1.txt$$$$河北久金电力器材制造有限公司
15631054999_2.txt$$$$河北久金电力器材制造有限公司
15631071988.txt$$$$永年县裴坡庄宝通紧固件厂
15631111151.txt$$$$邢台昶力自行车制造有限公司
15631111151_1.txt$$$$石家庄顽聪商贸有限公司
15631139730.txt$$$$石家庄托玛琳矿产品有限公司
15631161189.txt$$$$石家庄辰硕肥料科技有限公司
15631203787.txt$$$$涿州市锐刚钢结构有限公司
15631206832.txt$$$$永华有色金属回收
15631233387.txt$$$$河北中跃泵业有限公司
15631241369.txt$$$$涿州市双德生物技术有限公司
15631255994.txt$$$$北京圣华美业科技发展有限公司安国分公司
15631267130.txt$$$$满城县金博士纸制品有限公司
15631267135.txt$$$$涿州鑫罡机械制造有限公司
15631267135_1.txt$$$$河北战鹰起重机械制造有限公司
15631267135_2.txt$$$$河北战鹰起重机械制造有限公司
15631267136.txt$$$$涿州铁利机械设备有限公司
15631267136_1.txt$$$$保定市杰凯杰塑料制品制造有限公司
15631267136_2.txt$$$$涿州市丰硕伟业精细化工有限公司
15631267138.txt$$$$涿州杰壹机械设备有限公司
15631272022.txt$$$$河北国达机电科技有限公司
15631275216.txt$$$$曲阳县腾阳雕塑有限公司
15631275216_1.txt$$$$曲阳县腾阳雕塑有限公司
15631275216_2.txt$$$$曲阳县腾阳雕塑有限公司
15631450888.txt$$$$邯郸市永年区千固紧固件有限公司
15631450888_1.txt$$$$邯郸市永年区千固紧固件有限公司
15631450888_2.txt$$$$邯郸市永年区千固紧固件有限公司
15631478000.txt$$$$邯郸市远达紧固件制造有限公司
15631478000_1.txt$$$$邯郸市远达紧固件制造有限公司
15631478000_2.txt$$$$邯郸市远达紧固件制造有限公司
