13416377233.txt$$$$广州海川机电设备有限公司
13416445294.txt$$$$广州市邦尼家信息科技有限责任公司
13416448536.txt$$$$广州捷文信息科技有限公司
13416460318.txt$$$$广东宏汇通信科技有限公司
13416463733.txt$$$$广州市创骐散热器有限公司
13416605829.txt$$$$东莞市晨晖润滑油有限公司
13416626061.txt$$$$东莞市国钛金属材料有限公司
13416661251.txt$$$$东莞市景固胶粘制品有限公司
13416687325.txt$$$$东莞市钜海机械设备有限公司
13416693777.txt$$$$东莞市倍力恒传动设备有限公司
13416707800.txt$$$$东莞市奇一包装材料有限公司
13416740827.txt$$$$东莞市玮隆机械有限公司
13416787909.txt$$$$东莞凯扬五金机械有限公司
13416811987.txt$$$$东莞市虎门毅威达胶袋厂
13416858111.txt$$$$东莞市兴之扬电子科技有限公司
13416858111_1.txt$$$$东莞市兴之扬电子科技有限公司
13416858111_2.txt$$$$东莞市兴之扬电子科技有限公司
13416858669.txt$$$$东莞市宇博仕金属表面科技有限公司
13416865791.txt$$$$东莞市茶山优佳振动盘设备厂
13416865791_1.txt$$$$东莞市茶山优佳振动盘设备厂
13416865791_2.txt$$$$东莞市茶山优佳振动盘设备厂
13416876046.txt$$$$东莞市万信再生资源回收有限公司
13416876046_1.txt$$$$东莞市万信再生资源回收有限公司
13416876046_2.txt$$$$东莞市万信再生资源回收有限公司
13416889700.txt$$$$东莞市引梦家居有限公司
13416911223.txt$$$$东莞市雷凌机械设备有限公司
13416968857.txt$$$$东莞市元厨电子科技有限公司
13416986018.txt$$$$东莞市美冠塑胶制品有限公司
13416991425.txt$$$$东莞市祥恩金属制品有限公司
13417038004.txt$$$$汕头市瑞达展览有限公司
