13137378330.txt$$$$信阳市盛源包装材料有限公司
13137381114.txt$$$$息县夏庄镇鱼苗养殖场
13137500906.txt$$$$河南精舞钢铁贸易有限公司
13137705625.txt$$$$河南华丰机械设备有限公司
13137705625_1.txt$$$$河南华丰机械设备有限公司
13137705625_2.txt$$$$河南华丰机械设备有限公司
13137722727.txt$$$$河南缮文档案管理有限公司
13137727711.txt$$$$巩义市联拓机械设备有限公司
13137732572.txt$$$$河南火烈鸟网络科技有限公司
13137732572_1.txt$$$$河南火烈鸟网络科技有限公司
13137736292.txt$$$$郑州中博奥信息技术有限公司
13137736292_1.txt$$$$郑州中博奥信息技术有限公司
13137736292_2.txt$$$$郑州中博奥信息技术有限公司
13137736292_3.txt$$$$郑州中博奥信息技术有限公司
13137739927.txt$$$$河南龙阅品牌策划有限公司
13137917996.txt$$$$河南盈科机械制造有限公司
13137917996_1.txt$$$$河南盈科机械制造有限公司
13137966970.txt$$$$漯河天之硕商贸有限公司
13138155596.txt$$$$深圳市梦客科技有限公司
13138201006.txt$$$$乳山市思海恋水产店
13138209971.txt$$$$佛山市鑫艺金属制品有限公司
13138250218.txt$$$$宝和堂冬虫夏草专卖公司
13138314688.txt$$$$惠州市兴洪粮油有限公司
13138482424.txt$$$$广州鸿鑫绝缘材料有限公司
13138497666.txt$$$$广州宏鑫建筑基础工程有限公司
13138609902.txt$$$$广州市洁洋印刷有限公司
13138627938.txt$$$$苏州盛源金属材料有限公司
13138641099.txt$$$$广州美涺家然装饰材料有限公司
13138790510.txt$$$$惠州市家唯依家具有限公司
13138811858.txt$$$$东莞市美兴空间艺术有限公司
