18363672078.txt$$$$济南方正伟业机械制造有限公司
18363685185.txt$$$$青州惠联灌装机械有限公司
18363691006.txt$$$$山东北泽阀门科技有限公司
18363691006_1.txt$$$$山东北泽阀门科技有限公司
18363691006_2.txt$$$$山东北泽阀门科技有限公司
18363696663.txt$$$$青州市一帆重工机械制造有限公司
18363697851.txt$$$$山东隆昌多辉机械科技有限公司
18363827127.txt$$$$烟台现代果业发展有限公司
18363827127_1.txt$$$$烟台现代果业发展有限公司
18363827127_2.txt$$$$烟台现代果业发展有限公司
18363936903.txt$$$$青岛鹏诚达机电设备有限公司
18363969016.txt$$$$青岛亿和海丽安防科技有限公司
18364128826.txt$$$$山东海兰德升降机械有限公司
18364137267.txt$$$$济南东泰自动化机械设备有限公司
18364174848.txt$$$$山东达库自动化设备有限公司
18364320788.txt$$$$淄博荔枝环保科技有限公司
18364327007.txt$$$$淄博市思瑞颖胶粘剂有限公司
18364349888.txt$$$$山东方泰自动化科技有限公司
18364349888_1.txt$$$$山东方泰自动化科技有限公司
18364349888_2.txt$$$$山东方泰自动化科技有限公司
18364352988.txt$$$$淄博耀隆机械设备有限公司
18364352988_1.txt$$$$淄博耀隆机械设备有限公司
18364352988_2.txt$$$$淄博耀隆机械设备有限公司
18364360388.txt$$$$淄博工搪化工设备有限公司
18364532726.txt$$$$甜甜向上有限公司
18364628888.txt$$$$山东临朐富华铸造总厂
18364633483.txt$$$$科大矿砂机械有限公司
18364645505.txt$$$$山东洁之源环保工程有限公司
18364653008.txt$$$$高密市旭航机械科技有限公司
18364653008_1.txt$$$$高密市旭航机械科技有限公司
