13924140188_1.txt$$$$广州龙腾环保通风设备工程有限公司
13924140188_2.txt$$$$广州龙腾环保通风设备工程有限公司
13924158335.txt$$$$广州益满城机电安装工程有限公司
13924159577.txt$$$$广州九虎电子科技有限公司
13924159577_1.txt$$$$广州九虎电子科技有限公司
13924159577_2.txt$$$$广州九虎电子科技有限公司
13924160389.txt$$$$海川智能设备(广州)有限公司
13924160389_1.txt$$$$海川智能设备(广州)有限公司
13924160389_2.txt$$$$海川智能设备(广州)有限公司
13924174386.txt$$$$广州保圣机械设备有限公司
13924200298.txt$$$$广州亿俐缇国际货运代理有限公司
13924200335.txt$$$$广州锴富防雷科技有限公司
13924205698.txt$$$$广东晨工环保工程实业有限公司
13924217918.txt$$$$广州图特广告有限公司
13924225858.txt$$$$广州市启迪化妆品有限公司
13924226298.txt$$$$广州市慧仁化工有限公司
13924230818.txt$$$$广州市博迅实验仪器有限公司
13924245693.txt$$$$广州万能文化发展有限公司
13924253488.txt$$$$广州市炬芯过滤材料科技有限公司
13924261680.txt$$$$广州市花都区宏丰丰塑料厂
13924265238.txt$$$$广州市云聚力信息科技有限公司
13924266198.txt$$$$广州市番禺区大石科沃节能机电器材厂
13924271222.txt$$$$广州镭德杰喷码技术有限公司
13924283261.txt$$$$广州市广材仪器试验有限公司
13924286569.txt$$$$广州市博泉机电设备有限公司
13924286569_1.txt$$$$广州市博泉机电设备有限公司
13924290721.txt$$$$广州市博骐圣物流有限责任公司
13924301278.txt$$$$广州市增城睿刚钢材经营部
13924303439.txt$$$$广企医药科技（广州）有限公司
13924304169.txt$$$$广州博美克机械设备有限公司
