15387008470.txt$$$$湖北暖空间保温材料有限公司
15387008470_1.txt$$$$湖北暖空间保温材料有限公司
15387008470_2.txt$$$$湖北暖空间保温材料有限公司
15387015610.txt$$$$武汉怡净十分家政服务有限公司
15387038738.txt$$$$武汉耀态机电设备有限公司
15387068122.txt$$$$武汉欣途交通设施有限公司
15387097834.txt$$$$武汉明德生物科技股份有限公司
15387099131.txt$$$$湖北龙泰百川栅栏工程有限公司
15387112419.txt$$$$武汉长菱源机电科技有限公司
15387120689.txt$$$$武汉市江汉区佳人花卉经营部
15387136998.txt$$$$武汉熠帆装饰有限公司
15387139898.txt$$$$武汉市东西湖双龙不锈钢制品经营部
15387154886.txt$$$$武汉环球美博文化传播有限公司
15387178804.txt$$$$武汉阿里点石贸易有限公司
15387525139.txt$$$$东阳市芬华饰品加工有限公司
15387525139_1.txt$$$$东阳市芬华饰品加工有限公司
15387525139_2.txt$$$$东阳市芬华饰品加工有限公司
15387580873.txt$$$$长沙冰溪环保科技有限公司
15387584405.txt$$$$湖南省富民乐建材科技发展有限公司
15387967609.txt$$$$广州市亿方塑胶制品有限公司
15387974569.txt$$$$中山市韵锦科技有限公司
15388007622.txt$$$$湖南中科富海建筑科技有限公司
15388013676.txt$$$$河北博越电梯有限公司
15388077720.txt$$$$长沙卡的智能科技有限公司
15388077720_1.txt$$$$长沙卡的智能科技有限公司
15388077720_2.txt$$$$长沙卡的智能科技有限公司
15388078815.txt$$$$湖南智水环保科技有限公司
15388078815_1.txt$$$$长沙爱邦数控设备有限公司
15388078815_2.txt$$$$长沙市雨花区大有工程设备租赁服务部
15388078815_3.txt$$$$长沙市雨花区大有工程设备租赁服务部
