18916291832.txt$$$$丹阳市丽华玻璃制品有限公司
18916291832_1.txt$$$$丹阳市丽华玻璃制品有限公司
18916291832_2.txt$$$$丹阳市丽华玻璃制品有限公司
18916304640.txt$$$$上海酷越液压设备有限公司
18916332415.txt$$$$昆山锦速联机电设备有限公司
18916338456.txt$$$$格沃机械（上海）有限公司
18916421708.txt$$$$上海蚁利光电科技有限公司
18916467758.txt$$$$弗迈斯柔性技术（江苏）有限公司
18916480079.txt$$$$昆山鑫焱塑胶有限公司
18916559929.txt$$$$上海沪吉五金工业有限公司
18916578909.txt$$$$上海达乘机电有限公司
18916596013.txt$$$$沪丰特种合金(上海)有限公司
18916613319.txt$$$$上海国视信息科技有限公司
18916666381.txt$$$$上海贯进消防器材有限公司
18916666382.txt$$$$上海御辛消防设备有限公司
18916666702.txt$$$$上海秋睦环保科技有限公司
18916761589.txt$$$$长众节能泵机（上海）有限公司
18916778972.txt$$$$轮通空调节能设备（上海）有限公司
18916791206.txt$$$$上海凌波皓宇网络科技有限公司
18916801700.txt$$$$上海善进机械设备有限公司
18916840341.txt$$$$上海享艺文化传播有限公司
18916883889.txt$$$$上海伯秋木业有限公司
18916932679.txt$$$$上海信耐包装器材有限公司
18916978675.txt$$$$上海成缓实业有限公司
18916982398.txt$$$$牧坦包装（上海）有限公司
18917032408.txt$$$$上海新盟会展服务有限公司
18917072646.txt$$$$上海耿萃检测仪器有限公司
18917072646_1.txt$$$$上海耿萃检测仪器有限公司
18917072646_2.txt$$$$上海耿萃检测仪器有限公司
18917081101.txt$$$$上海高高钢铁贸易有限公司
