13960312746.txt$$$$扬州市江都区通达化工机械厂
13960403313.txt$$$$晋江市晨业机械有限公司
13960462119.txt$$$$南安市仑苍洪恨懦水暖经营部
13960491108.txt$$$$福建群丰工贸有限公司
13960758824.txt$$$$福州市清道夫环保技术开发有限公司
13960758824_1.txt$$$$福州市清道夫环保技术开发有限公司
13960758824_2.txt$$$$福州市清道夫环保技术开发有限公司
13960779347.txt$$$$福州至诚图像技术有限公司
13960819536.txt$$$$福州盛泽元贸易有限公司
13960819536_1.txt$$$$福州盛泽元贸易有限公司
13960820928.txt$$$$福州市奥祥建筑加固工程有限公司
13960830962.txt$$$$福州盛捷鑫金属制品有限公司
13960830962_1.txt$$$$福州盛捷鑫金属制品有限公司
13960830962_2.txt$$$$福州盛捷鑫金属制品有限公司
13960831199.txt$$$$福州斯狄渢电热水器有限公司
13960857798.txt$$$$福州华香园餐饮管理有限公司
13960875366.txt$$$$福州明凯纺织有限公司
13960918807.txt$$$$阜平县嘉盛石业有限公司
13960941827.txt$$$$福州中科易达计算机技术有限公司
13960981258.txt$$$$福州易林环保科技有限公司
13960987518.txt$$$$福州高爵门窗有限公司
13960988339.txt$$$$福建顺尔家居有限公司
13961000111.txt$$$$泰州市利达皮带有限公司
13961011588.txt$$$$兴胜吊具企业
13961016913.txt$$$$上海捷昱电子科技有限公司
13961018960.txt$$$$泰州禹固环境工程科技有限公司
13961031219.txt$$$$泰州阳光发电设备有限公司
13961066612.txt$$$$江苏华标光伏科技有限公司
13961085683.txt$$$$南京米兰餐饮管理有限公司
13961085938.txt$$$$靖江市盛翔模具有限公司
