13455085113.txt$$$$聊城市福润金属制品有限公司
13455085113_1.txt$$$$聊城市福润金属制品有限公司
13455085113_2.txt$$$$聊城市福润金属制品有限公司
13455113311.txt$$$$山东金芝麻环保工程有限公司
13455126350.txt$$$$济南恒信教具有限公司
13455131688.txt$$$$济南鸿龙水泵设备有限公司
13455161385.txt$$$$山东伟天实业有限公司
13455191122.txt$$$$宁津县嘉和节能材料有限公司
13455195108.txt$$$$德州金力特空调设备有限公司
13455197998.txt$$$$武城县鲁权屯博丰空调风机喷塑加工
13455250419.txt$$$$青岛鸿迅快车物流
13455250419_1.txt$$$$青岛鸿迅快车物流有限公司
13455313898.txt$$$$淄博周村惠福烧饼有限公司
13455385515.txt$$$$泰安市泰山区星际网络科技有限公司
13455385918.txt$$$$泰安星际网络科技有限公司
13455388657.txt$$$$莱芜华晖节水灌溉器材有限公司
13455433036.txt$$$$山东京邦电器有限公司
13455446789.txt$$$$山东郓城瑞升玻璃有限公司
13455561458.txt$$$$烟台华盛涂料装饰有限公司
13455571338.txt$$$$龙口市宏明塑胶机械有限公司
13455583740.txt$$$$曲阜文轩机械设备有限公司
13455583740_1.txt$$$$曲阜文轩机械设备有限公司
13455583740_2.txt$$$$曲阜文轩机械设备有限公司
13455583740_3.txt$$$$曲阜文轩机械设备有限公司
13455587621.txt$$$$梁山昌鸿牛羊养殖场
13455613899.txt$$$$潍坊富群新材料有限公司
13455653111.txt$$$$潍坊天和阀门有限公司
13455653111_1.txt$$$$潍坊天和阀门有限公司
13455653111_2.txt$$$$潍坊天和阀门有限公司
13455659007.txt$$$$高密中成机械设备有限公司
