18029858892.txt$$$$潮州市潮安区彩塘镇柱桐不锈钢制品厂
18029900141.txt$$$$中山市玻璃狗智能锁制造有限公司
18029904682.txt$$$$中山市昱品光电科技有限公司
18029921342.txt$$$$中山市坦速五金有限公司
18029921344.txt$$$$中山市昌嘉五金制品有限公司
18030019936.txt$$$$厦门中技创机电技术有限公司
18030028602.txt$$$$厦门邦弘讯信息技术有限公司
18030037075.txt$$$$凌净（厦门）环境科技有限公司
18030061722.txt$$$$厦门吉晟鑫工贸有限公司
18030068524.txt$$$$厦门德力信智能有限公司
18030079859.txt$$$$厦门锋德盛机电设备有限公司
18030106387.txt$$$$厦门卫鹰科技有限公司
18030115616.txt$$$$河北天成元钢管制造有限公司
18030117689.txt$$$$永芬川妹（厦门）家政服务有限公司
18030119728.txt$$$$厦门炬泰装饰材料有限公司
18030165891.txt$$$$厦门鑫恒自动化设备有限公司
18030175270.txt$$$$厦门阿米控技术有限公司
18030176609.txt$$$$厦门意品味餐饮管理有限公司
18030179853.txt$$$$杜丰（厦门）贸易有限公司
18030191372.txt$$$$厦门道格尔自动化科技有限公司
18030236526.txt$$$$厦门松翔林科技有限公司
18030279209.txt$$$$厦门顺控智能科技有限公司
18030284393.txt$$$$科德普（厦门）自动化科技有限公司
18030294929.txt$$$$厦门源鸿供应链有限公司
18030299927.txt$$$$厦门市久久金供应链有限公司
18030307479.txt$$$$厦门圣华椰宝进出口有限公司
18030315793.txt$$$$厦门华最灌溉设备科技有限公司
18030410977.txt$$$$成都造时势网络科技有限公司
18030417758.txt$$$$成都美谷文化传播有限公司
18030443729.txt$$$$成都新中联展览有限公司
