18905688627_2.txt$$$$山东志广工程机械有限公司
18905692892.txt$$$$安徽万顺和商贸有限公司
18905693020.txt$$$$合肥盛洋电机维修有限公司
18905706688.txt$$$$龙游恒力果蔬机械有限公司
18905706688_1.txt$$$$龙游恒力果蔬机械有限公司
18905706688_2.txt$$$$龙游恒力果蔬机械有限公司
18905759335.txt$$$$绍兴高新区凯迪机械厂
18905882457.txt$$$$遂昌绿叶机械有限公司
18905882457_1.txt$$$$遂昌绿叶机械有限公司
18905882457_2.txt$$$$遂昌绿叶机械有限公司
18905898822.txt$$$$义乌市大爱母婴护理有限公司
18905907067.txt$$$$福州智元仪器设备有限公司
18905914180.txt$$$$福州千特装饰工程有限公司
18905918247.txt$$$$福州市仓山区东欣阳通用设备有限公司
18905978938.txt$$$$龙岩中期物流有限公司
18906003860.txt$$$$厦门馨怡佳家政服务有限公司
18906053183.txt$$$$厦门敬先缘殡仪服务有限公司
18906057585.txt$$$$厦门琢堂装饰设计有限公司
18906095525.txt$$$$福建惠安县凯瑞石业有限公司
18906103082.txt$$$$镇江嘉德不锈钢有限公司
18906138777.txt$$$$苏州市利友快餐服务有限公司
18906174968.txt$$$$江苏诺森特电子科技有限公司
18906175298.txt$$$$无锡云超铝业有限公司
18906177266.txt$$$$无锡意凯自动化技术有限公司
18906183913.txt$$$$苏州捷谦宏建材有限公司
18906183913_1.txt$$$$苏州捷谦宏建材有限公司
18906183913_2.txt$$$$苏州捷谦宏建材有限公司
18906195260.txt$$$$无锡大元特种织物有限公司
18906197279.txt$$$$常州圣东展览展示有限公司
18906219880.txt$$$$苏州市富利达广告有限公司
