18621636685.txt$$$$武汉谦信科技发展有限公司
18621669598.txt$$$$上海轴源机电设备有限公司
18621681768.txt$$$$辉德展览服务有限公司
18621681868.txt$$$$上海辉德服务有限公司
18621689038.txt$$$$上海崃星环境科技有限公司
18621689068.txt$$$$上海洁鹿古建木材有限公司
18621697828.txt$$$$上海坦泼秋尔电器科技有限公司
18621706313.txt$$$$上海欧镜精密机械有限公司
18621707579.txt$$$$郑州生物安全柜设备有限公司
18621733066.txt$$$$上海言京智能科技有限公司
18621757801.txt$$$$上海剑铖展览服务有限公司
18621759252.txt$$$$上海潜生实业发展有限公司
18621761335.txt$$$$上海河淼文化传媒有限公司
18621789701.txt$$$$上海域昊机电科技有限公司
18621789980.txt$$$$上海麦克思商务会展有限公司
18621799459.txt$$$$上海山塑高分子材料有限公司
18621885398.txt$$$$上海洁鹿环保科技有限公司
18621898287.txt$$$$上海繁瑞阀门有限公司
18621912295.txt$$$$上海恒佑建设工程有限公司
18621924719.txt$$$$南京森尼尔包装有限公司
18621931710.txt$$$$上海黎明国际旅行社有限公司
18621976970.txt$$$$昆山市和必旺贸易有限公司
18622003421.txt$$$$天津比格斯五金工具贸易有限公司
18622003421_1.txt$$$$天津比格斯五金工具贸易有限公司
18622003421_2.txt$$$$天津比格斯五金工具贸易有限公司
18622003421_3.txt$$$$天津比格斯五金工具贸易有限公司
18622003421_4.txt$$$$天津比格斯五金工具贸易有限公司
18622027345.txt$$$$天津大隆机械制造有限公司
18622043337.txt$$$$天津美宜天环境科技有限公司
18622043337_1.txt$$$$天津美宜天环境科技有限公司
