13791776267.txt$$$$曲阜鑫莱特机械设备有限公司
13791779760.txt$$$$山东荣昌涂料有限公司
13791780305.txt$$$$山东易桓网络科技有限公司
13791780323.txt$$$$山东国珍牧业大型牛养驴养殖场
13791796581.txt$$$$山东明航专用车制造有限公司
13791798027.txt$$$$济宁展翔工程机械有限公司
13791819303.txt$$$$青岛优耐特包装机械有限公司
13791850819.txt$$$$潍坊倾城热恋婚纱摄影
13791852883.txt$$$$潍坊市东方钢管有限公司
13791853986.txt$$$$青州九鼎山百桃谷果蔬苗木有限公司
13791860859.txt$$$$潍坊科磊机械设备有限公司
13791861227.txt$$$$潍坊市潍城区松峰电控设备厂
13791867980.txt$$$$山东佳特机械科技有限公司
13791875135.txt$$$$青州市恒利包装材料有限公司
13791875886.txt$$$$青州市明鑫源灌装机械配件厂
13791876677.txt$$$$诸城市利特食品机械有限公司
13791876677_1.txt$$$$诸城利特食品机械有限公司
13791876919.txt$$$$诸城市翔鹏工业装备有限公司
13791884869.txt$$$$山东泰中环保设备有限公司
13791899068.txt$$$$潍坊绿之源工贸有限公司
13791908813.txt$$$$青岛康景辉热能设备有限公司
13791915285.txt$$$$德州景辉驾驶员培训有限公司
13791934995.txt$$$$青岛东方嘉仪电子科技有限公司
13791934995_1.txt$$$$青岛东方嘉仪电子科技有限公司
13791935056.txt$$$$青岛城阳秋林纺织机械厂
13791935633.txt$$$$费县凤之鸣草鸡养殖专业合作社
13791957196.txt$$$$青岛力维环保设备制造有限公司
13792018111.txt$$$$五莲弘通石材厂
13792018111_1.txt$$$$五莲弘通石材厂
13792018111_2.txt$$$$日照云开洞头红防腐工程有限公司
