15810170860.txt$$$$北京舒美适家暖通设备有限公司
15810219820.txt$$$$北京厨邦盛世厨房设备有限公司
15810219820_1.txt$$$$北京厨邦机电厨房设备有限公司
15810223007.txt$$$$北京中德新亚建筑材料有限公司
15810281849.txt$$$$北京星瑞通航科技有限公司
15810281849_1.txt$$$$北京星瑞通航科技有限公司
15810281849_2.txt$$$$北京星瑞通航科技有限公司
15810378393.txt$$$$北京七彩亮点环能技术股份有限公司
15810397993.txt$$$$铭羽装饰材料有限公司
15810483998.txt$$$$北京三鑫亿安科技有限公司
15810487867.txt$$$$北京飞亚视科技发展有限公司
15810494849.txt$$$$武邑亚安家具有限公司
15810498856.txt$$$$深圳梵诺空间装饰艺术有限公司
15810559090.txt$$$$北京畅源宏业环保技术开发有限公司
15810569921.txt$$$$北京蒙泰建材有限公司
15810588576.txt$$$$北京柏优科技有限公司
15810594298.txt$$$$北京怡朵厨房设备有限公司
15810603515.txt$$$$北京凯特立信阀门有限公司
15810606758.txt$$$$中博国际展览有限公司
15810622938.txt$$$$北京万国奋发科技中心
15810622938_1.txt$$$$北京万国奋发科技公司
15810650773.txt$$$$北京利帆志远机电设备有限公司
15810765062.txt$$$$北京意林科技发展有限公司
15810765062_1.txt$$$$北京意林科技发展有限公司
15810780421.txt$$$$艺人涂料（北京）有限公司
15810782458.txt$$$$北京斡科斯达科技发展有限公司
15810815243.txt$$$$北京励航国际商务会展有限公司
15810818678.txt$$$$湖南三仁机械有限公司
15810836376.txt$$$$北京皇杰机房设备有限公司
15810840353.txt$$$$北京坤驰科技有限公司
