15269458677.txt$$$$宁津县鸿宝化工有限公司
15269463046.txt$$$$宁津县免熏蒸木方有限公司
15269464888.txt$$$$德州科禄格风机有限公司
15269470388.txt$$$$宁津县强盛网链厂
15269470388_1.txt$$$$宁津县强盛网链厂
15269478809.txt$$$$武城县华科空调设备有限公司
15269490630.txt$$$$德州润驰减速机有限公司
15269490630_1.txt$$$$德州润驰减速机有限公司
15269576492.txt$$$$烟台文阳建筑安装工程有限公司
15269601006.txt$$$$潍坊鑫利鸿环保新能源有限公司
15269609883.txt$$$$潍坊康裕达环保科技有限公司
15269616777.txt$$$$潍坊新星运通物流咨询服务有限公司
15269626662.txt$$$$诸城市方达食品机械有限公司
15269651020.txt$$$$诸城市安华机械有限公司
15269655888.txt$$$$临朐创艺雕塑有限公司
15269705505.txt$$$$同德瑞工程机械有限公司
15269716036.txt$$$$济宁强奥金属制品有限公司
15269726835.txt$$$$山东聚源电力物资有限公司
15269727501.txt$$$$山东祥亿新能源科技有限公司
15269761515.txt$$$$济宁国骏工程机械有限公司
15269775871.txt$$$$济宁汇坤工贸科技有限公司
15269777272.txt$$$$嘉祥县瑞鑫木材加工厂
15269783125.txt$$$$济宁凯通机械有限公司
15269783125_1.txt$$$$济宁凯通机械有限公司
15269783125_2.txt$$$$济宁凯通机械有限公司
15269792340.txt$$$$灌云县尨苴镇辉煌犬舍畜禽养殖咨询
15269800788.txt$$$$泰安市国富苗木种植经销合作社
15269819695.txt$$$$泰安东诺土工材料有限公司
15269841249.txt$$$$山东鸿方能源有限公司
15269866079.txt$$$$泰安吉瑞传动设备有限公司
