13991912899_1.txt$$$$广东海笑节能技术开发有限公司西安分公司
13991922361.txt$$$$西安固泰传感器有限公司
13991926270.txt$$$$西安春辉凉皮机设备有限公司
13991926597.txt$$$$西安积远利建筑材料有限公司
13991926597_1.txt$$$$西安积远利建筑材料有限公司
13991926597_2.txt$$$$西安积远利建筑材料有限公司
13991929295.txt$$$$陕西东熙智能科技有限公司
13991947643.txt$$$$陕西金鼎膜结构工程有限公司
13991950701.txt$$$$陕西维多利亚母婴服务有限公司
13991955608.txt$$$$陕西华凝自动化科技有限公司
13991957665.txt$$$$西安海特铁路电器有限责任公司
13991982119.txt$$$$陕西金桥环境保护有限公司
13991993486.txt$$$$曲江三之联会展有限公司
13992610457.txt$$$$城固县西罡建材
13992721721.txt$$$$宝鸡市福通机械厂
13992822755.txt$$$$陕西方睿环保工程有限公司
13992835637.txt$$$$西安如云铁艺装饰有限公司
13992835637_1.txt$$$$西安如云铁艺装饰有限公司
13992835637_2.txt$$$$西安如云铁艺装饰有限公司
13992837699.txt$$$$陕西中达建贸易有限公司
13992848305.txt$$$$西安青祥工贸有限责任公司
13992888931.txt$$$$陕西天道景观设计有限公司
13992889738.txt$$$$西安典致家俱有限公司
13992889738_1.txt$$$$西安典致家俱有限公司
13992889738_2.txt$$$$西安典致家俱有限公司
13992897383.txt$$$$西安福瑞管道系统有限公司
13993114000.txt$$$$兰州精武沙盘模型有限公司
13993130477.txt$$$$甘肃泉好商贸有限公司
13993130477_1.txt$$$$甘肃泉好环氧地坪工程有限公司
13993155648.txt$$$$兰州榆中恒源机械加工有限公司
