13962174950.txt$$$$苏州欣汇宝仪器有限公司
13962174950_1.txt$$$$苏州欣汇宝仪器有限公司
13962180896.txt$$$$苏州文通市政交通设施有限公司
13962180896_1.txt$$$$苏州文通市政交通设施有限公司
13962180896_2.txt$$$$苏州文通市政交通设施有限公司
13962188049.txt$$$$苏州斯克莱压缩机有限公司
13962188049_1.txt$$$$苏州斯克莱压缩机有限公司
13962188049_2.txt$$$$苏州斯克莱压缩机有限公司
13962209758.txt$$$$六安市宏伟建筑设备有限公司
13962228168.txt$$$$张家港云帆机械有限公司
13962236333.txt$$$$江苏欣荣科技发展有限公司
13962248969.txt$$$$苏州苏捷标识科技有限公司
13962266421.txt$$$$张家港市得道电子有限公司
13962276858.txt$$$$张家港市富华机械制造有限公司
13962285996.txt$$$$张家港市现代彩板型钢有限公司
13962310894.txt$$$$常熟市金晟金属制品厂
13962325036.txt$$$$苏州百谷数控技术有限公司
13962360718.txt$$$$常熟市天益金属制品制造有限公司
13962360718_1.txt$$$$常熟市天益金属制品制造有限公司
13962360718_2.txt$$$$常熟市天益金属制品制造有限公司
13962410123.txt$$$$太仓金品包装材料有限公司
13962446535.txt$$$$昆山清阳净化系统工程有限公司
13962458298.txt$$$$江苏佳成科技股份有限责任公司
13962473711.txt$$$$苏州中瀚通信科技有限公司
13962489694.txt$$$$常熟市速通汽车牵引服务有限公司
13962497866.txt$$$$苏州万隆工程材料有限公司
13962517440.txt$$$$相城区黄桥乐尔祥冲压件厂
13962522693.txt$$$$苏州江赣物流
13962532032.txt$$$$苏州金特瑞机电工程有限公司
13962545678.txt$$$$苏州宇阔纺织有限公司
