13725263330.txt$$$$东莞市企华工业设备有限公司
13725265008.txt$$$$广州增城市华记绿化树苗场
13725267651.txt$$$$广州市彦高机电科技有限公司
13725271188.txt$$$$佛山市鑫异特五金有限公司
13725271188_1.txt$$$$佛山市鑫异特五金有限公司
13725271188_2.txt$$$$佛山市鑫异特五金有限公司
13725283287.txt$$$$广州铭凯汽配
13725291395.txt$$$$广州扫吖网络科技有限公司
13725291395_1.txt$$$$广州扫吖网络科技有限公司
13725291395_2.txt$$$$广州扫吖网络科技有限公司
13725294125.txt$$$$广州市阳光科密电子科技有限公司
13725294125_1.txt$$$$广东铂睿锋智能科技有限公司
13725294125_2.txt$$$$东莞市铂睿锋电子有限公司
13725295573.txt$$$$广州环保科技有限公司
13725313824.txt$$$$广州伟控科技发展有限公司
13725315115.txt$$$$广州共享资源回收有限公司
13725331752.txt$$$$广州番辉橡胶制品有限公司
13725331752_1.txt$$$$广州番辉橡胶制品有限公司
13725331752_2.txt$$$$广州番辉橡胶制品有限公司
13725347228.txt$$$$广州雅惠实业有限公司
13725348768.txt$$$$广州晨徽实验仪器有限公司
13725388828.txt$$$$深圳市杰博科技有限公司
13725388828_1.txt$$$$深圳市杰博科技有限公司
13725389779.txt$$$$广州市尚福商贸有限公司
13725402531.txt$$$$广州市白云区神山盛伟达纺织品加工厂
13725430387.txt$$$$广州市一帆印刷厂
13725452106.txt$$$$广州安林贸易有限公司
13725466883.txt$$$$广州市恒力重卡汽配有限公司
13725469858.txt$$$$广州辉鸿清洁服务有限公司
13725469858_1.txt$$$$广州市辉鸿清洁服务有限公司
