13964658729.txt$$$$寿光财源塑业有限公司
13964660213.txt$$$$河北源卡多膜结构工程有限公司
13964660526.txt$$$$临朐县天奇涂装设备厂
13964662122.txt$$$$寿光市晨彤塑胶有限公司
13964662151.txt$$$$潍坊市金隆防水材料有限公司
13964663189.txt$$$$昌邑市佳佳塑料制品有限公司
13964672721.txt$$$$潍坊市兴源防水材料有限公司温州公司
13964681345.txt$$$$山东瑞兆祥环保装备有限公司
13964681345_1.txt$$$$山东瑞兆祥环保装备有限公司
13964682871.txt$$$$潍坊鑫邦建材设备有限公司
13964702520.txt$$$$山东重诺工业装备有限公司
13964703667.txt$$$$青州齐鑫重工机械制造有限公司
13964703667_1.txt$$$$山东富峰农业开发有限公司
13964707796.txt$$$$山东康瑞达包装机械有限责任公司
13964708091.txt$$$$青州市恒冠机械制造有限公司
13964710680.txt$$$$诸城智达机械科技有限公司
13964717116.txt$$$$青州市开发区润江温控设备厂
13964717116_1.txt$$$$青州市开发区润江温控设备厂
13964717222.txt$$$$青州市宏泽温控设备有限公司
13964717222_1.txt$$$$青州市宏泽温控设备有限公司
13964717222_2.txt$$$$青州市宏泽温控设备有限公司
13964727813.txt$$$$山东国泰金属容器制造有限公司
13964736315.txt$$$$诸城市德通精密机械科技有限公司
13964749366.txt$$$$山东龙耀机械制造有限公司
13964755387.txt$$$$山东金双联环保设备有限公司
13964755387_1.txt$$$$山东金双联环保设备有限公司
13964760188.txt$$$$安丘市东方装饰有限公司
13964763937.txt$$$$青州市金丰温控设备厂
13964764638.txt$$$$安丘建丰包装机械有限公司
13964765839.txt$$$$寿光市菜乡老农农业机械有限公司
