15166681888.txt$$$$山东润源自动化科技有限公司
15166697179.txt$$$$青岛百鑫育田环保科技有限公司
15166699759.txt$$$$青岛聚鸿鑫科塑料机械有限公司
15166699886.txt$$$$青岛润邦防水建材有限公司
15166700099.txt$$$$山东瑞达专用汽车有限公司
15166719299.txt$$$$山东金耀鑫诺游乐责任有限公司
15166719899.txt$$$$济宁市金尊工设备有限公司
15166737357.txt$$$$山东济宁浩鸿工矿机械设备有限公司
15166765747.txt$$$$山东奥辉漆业集团有限公司
15166776555.txt$$$$梁山中策蓝天环保科技有限公司
15166776860.txt$$$$山东金叶物联网技术发展股份有限公司
15166786680.txt$$$$济宁普雷德曼机械有限公司
15166790567.txt$$$$济宁远晟博纳机电设备有限公司
15166807368.txt$$$$邹平乐旺炊事机械有限公司
15166882512.txt$$$$烟台腾飞汽车维修设备有限公司
15166906099.txt$$$$宁津县优立莱橡塑制品有限公司
15166909999.txt$$$$山东博萱耐磨材料有限公司
15166909999_1.txt$$$$山东博萱耐磨材料有限公司
15166911110.txt$$$$德州诚瑞车业有限公司
15166922816.txt$$$$山东柏年教育装备有限公司
15166935223.txt$$$$山东双创环保设备有限公司
15166938032.txt$$$$山东德旭达土工材料有限公司
15166942025.txt$$$$山东庆云恒通数控机床配件制造有限公司
15166945210.txt$$$$宁津县汇旺链网有限公司
15166948916.txt$$$$宁津长江木工机械厂
15166957906.txt$$$$德州万科空调通风设备有限公司
15166958109.txt$$$$德州亿安通懋电梯职业培训学校
15166963793.txt$$$$德州市德城区美乐机械加工厂
15166963793_1.txt$$$$德州市德城区美乐机械加工厂
15166972013.txt$$$$德州汇合空调设备有限公司
