13926182576.txt$$$$广州奥陆电子有限公司
13926189298.txt$$$$广州市易为工业设备有限公司
13926225627.txt$$$$广州市自力环保包装材料有限公司
13926231142.txt$$$$广州健童游乐设备有限公司
13926233620.txt$$$$广州市雄霸光电有限公司
13926236627.txt$$$$广东美邦环保设备股份有限公司
13926236627_1.txt$$$$广东美邦环保设备股份有限公司
13926236627_2.txt$$$$广东美邦环保设备股份有限公司
13926236697.txt$$$$广东美邦环保设备有限公司
13926238681.txt$$$$广州大鑫再生资源有限公司
13926238850.txt$$$$广东美邦控股集团股份有限公司
13926251665.txt$$$$广州奥舒普门窗有限公司
13926252077.txt$$$$广州禾贵机械设备有限公司
13926252077_1.txt$$$$广州禾贵机械设备有限公司
13926252077_2.txt$$$$广州禾贵机械设备有限公司
13926258136.txt$$$$广州东奕工程机械设备有限公司
13926261695.txt$$$$广州市花都区赤泥咏红水泥预制件加工场
13926263061.txt$$$$广州市铸王机械设备有限公司
13926263548.txt$$$$广州市皇天日用品有限公司
13926264581.txt$$$$广州尚宇空调通风设备有限公司
13926264581_1.txt$$$$广州尚宇空调通风设备有限公司
13926264581_2.txt$$$$广州尚宇空调通风设备有限公司
13926264581_3.txt$$$$广州尚宇空调通风设备有限公司
13926264581_4.txt$$$$广州尚宇空调通风设备有限公司
13926264581_5.txt$$$$广州尚宇空调通风设备有限公司
13926264803.txt$$$$广州万举机械有限公司
13926264803_1.txt$$$$广州万举机械有限公司
13926264803_2.txt$$$$广州万举机械有限公司
13926264803_3.txt$$$$广州万举机械有限公司
13926269089.txt$$$$广州市尼科机械设备有限公司
