13403374675.txt$$$$泊头市同生机械厂
13403382687.txt$$$$河北潭鑫丝网制品有限公司
13403383300.txt$$$$河北亚联金属制品有限公司
13403383322.txt$$$$河北省亚联交通环保设施有限公司
13403384777.txt$$$$昆明市官渡区焜诚筛网经营部
13403431155.txt$$$$太原市晋源区月亿商行
13403431155_1.txt$$$$太原市晋源区月亿商行
13403431155_2.txt$$$$太原市晋源区月亿商行
13403431737.txt$$$$山西鑫科力工贸有限公司
13403431737_1.txt$$$$山西鑫科力工贸有限公司
13403455944.txt$$$$太原市万柏林区新车洁仕汽车美容装潢部
13403457057.txt$$$$太原市尖草坪区胜景花灯经销部
13403457057_1.txt$$$$太原市尖草坪区胜景花灯经销部
13403457057_2.txt$$$$太原市尖草坪区胜景花灯经销部
13403460415.txt$$$$山西大众高级技工学校
13403460415_1.txt$$$$山西大众高级技工学校
13403460415_2.txt$$$$山西大众高级技工学校
13403463549.txt$$$$太原松本润龙电梯有限公司
13403463549_1.txt$$$$太原松本润龙电梯有限公司
13403463549_2.txt$$$$太原松本润龙电梯有限公司
13403511558.txt$$$$山西驰骋伟业服饰有限公司
13403519760.txt$$$$山西尚百易信息科技有限公司
13403593206.txt$$$$菲尔格林(北京)科技有限公司
13403593206_1.txt$$$$菲尔格林(北京)科技有限公司
13403593206_2.txt$$$$菲尔格林(北京)科技有限公司
13403697191.txt$$$$太原市万柏林区冀发筛网经销部
13403704663.txt$$$$民权县王桥镇佰丰种植专业合作社
13403712992.txt$$$$郑州森工矿山机械设备有限公司
13403722666.txt$$$$安阳市恒旺冶金耐材有限公司
13403827490.txt$$$$湖南省沁森环保科技有限公司
