13503517742.txt$$$$太原市迎泽区泰克标识设计制作部
13503530852.txt$$$$阳泉经济技术开发区佳路耐火材料经销部
13503542780.txt$$$$山西凯跃漫音贸易有限公司
13503546388.txt$$$$山西德瑞孚轴承有限公司
13503588929.txt$$$$山西中天锐能耐火材料有限公司
13503588929_1.txt$$$$山西中天锐能耐火材料有限公司
13503588929_2.txt$$$$山西中天锐能耐火材料有限公司
13503588929_3.txt$$$$山西中天锐能耐火材料有限公司
13503597911.txt$$$$闻喜县德祥隆食品专业合作社
13503715932.txt$$$$郑州康达矿山机械有限公司
13503720504.txt$$$$安阳市优胜食品包装有限公司
13503720504_1.txt$$$$安阳市优胜食品包装有限公司
13503720504_2.txt$$$$安阳市优胜食品包装有限公司
13503722465.txt$$$$安阳市光大纸业有限责任公司
13503722468.txt$$$$安阳市和佳信包装有限责任公司
13503731627.txt$$$$河南菲尔博特净化设备有限公司
13503739601.txt$$$$新乡市三力振动设备厂
13503739601_1.txt$$$$新乡市三力振动设备厂
13503739845.txt$$$$新乡市众通振动机械有限公司
13503759117.txt$$$$舞钢市恒沃钢铁贸易有限公司
13503768826.txt$$$$信阳贤峰茶叶有限公司
13503771616.txt$$$$内乡县东风海泡石有限责任公司
13503776762.txt$$$$南阳华都科技开发有限公司
13503790055.txt$$$$洛阳雨晗工模具制造有限公司
13503790055_1.txt$$$$洛阳雨晗工模具制造有限公司
13503790055_2.txt$$$$洛阳雨晗工模具制造有限公司
13503791667.txt$$$$洛阳三恒感应加热科技有限公司
13503793226.txt$$$$洛阳琦昌节能科技有限公司
13503793226_1.txt$$$$洛阳琦昌节能科技有限公司
13503793226_2.txt$$$$洛阳琦昌节能科技有限公司
