13886015513.txt$$$$依博罗阀门（中国）有限公司
13886015615.txt$$$$武汉路博润贸易有限公司
13886020901.txt$$$$镭诺捷标识科技（武汉）有限公司
13886020901_1.txt$$$$镭诺捷标识科技（武汉）有限公司
13886020901_2.txt$$$$镭诺捷标识科技（武汉）有限公司
13886026302.txt$$$$武汉威硕包装技术有限公司
13886031099.txt$$$$武汉华电南瑞电气有限公司
13886034332.txt$$$$武汉敦荣防静电科技有限公司
13886036559.txt$$$$湖北兴安保安集团有限公司
13886036559_1.txt$$$$湖北兴安保安集团有限公司
13886036559_2.txt$$$$湖北兴安保安集团有限公司
13886039718.txt$$$$武汉市生锋商贸有限公司
13886042546.txt$$$$武汉兰舍世家环保科技有限公司
13886042546_1.txt$$$$湖北欧佰丽新材料有限公司
13886051258.txt$$$$武汉一品博航影视有限公司
13886062986.txt$$$$湖北盛世环保工程有限公司
13886062986_1.txt$$$$盛世环保科技（应城）有限公司
13886066584.txt$$$$武汉市武昌区明飞电脑维修经营部
13886069276.txt$$$$武汉军志飞清洁服务有限公司
13886081988.txt$$$$武汉中启达门业科技有限公司
13886083936.txt$$$$武汉华控科技有限公司
13886092499.txt$$$$武汉德利斯建筑材料有限公司
13886097283.txt$$$$武汉曼创门业有限公司
13886097283_1.txt$$$$武汉曼创门业有限公司
13886097283_2.txt$$$$武汉曼创门业有限公司
13886100046.txt$$$$武汉迪黎包装材料有限公司
13886106021.txt$$$$武汉正达普惠电子安防器材商行
13886121010.txt$$$$武汉瓦克动力科技有限公司
13886127627.txt$$$$武汉齐联包装制品有限公司
13886127627_1.txt$$$$武汉齐联包装制品有限公司
