18137770651.txt$$$$郑州尚美无纺布制品有限公司
18137772982.txt$$$$河南元邦工程技术有限公司
18137776795.txt$$$$郑州华岩清洗养护技术有限公司
18137777379.txt$$$$郑州宏茂制冷设备有限公司
18137783560.txt$$$$郑州展盛环保科技有限公司
18137792197.txt$$$$郑州东申石化科技有限公司
18137838293.txt$$$$郑州市高新技术产业开发区怡生缘健康管理部
18137838293_1.txt$$$$郑州市高新技术产业开发区怡生缘健康管理部
18137840186.txt$$$$禹州市洁通塑胶有限公司
18137854670.txt$$$$上海越科新材料股份有限公司
18137859423.txt$$$$方圆检测认证有限公司
18137865955.txt$$$$巩义市泰合机械制造有限公司
18137868635.txt$$$$郑州中音隔音材料有限公司
18137869990.txt$$$$郑州金地重工机械有限公司
18137876868.txt$$$$巩义市腾龙水处理材料有限公司
18137876868_1.txt$$$$巩义市腾龙水处理材料有限公司
18137876868_2.txt$$$$巩义市腾龙水处理材料有限公司
18137877871.txt$$$$道中道管理咨询
18137877871_1.txt$$$$道中道管理咨询
18137877871_2.txt$$$$道中道管理咨询
18137885443.txt$$$$河南省基本建设科学实验研究院有限公司
18137891780.txt$$$$郑州天派商贸有限公司
18137893080.txt$$$$河南固森科技有限公司
18137918792.txt$$$$郑州市赛捷智能科技有限公司
18137925930.txt$$$$洛阳塑全包装材料有限公司
18137928129.txt$$$$洛阳兰迪玻璃机器股份有限公司
18137981414.txt$$$$洛阳古洛玻璃有限公司
18137987207.txt$$$$洛阳威尔若普检测技术有限公司
18137995988.txt$$$$广州中网日化实业有限公司
18138003980.txt$$$$江门金潮源塔杆照明有限公司
