13127006780.txt$$$$青岛宇林木业有限公司
13127008393.txt$$$$青岛科欧测控技术有限公司
13127008393_1.txt$$$$青岛科欧仪表有限公司
13127037048.txt$$$$青岛防锈包装材料有限公司
13127037215.txt$$$$青岛热耐德电热设备有限公司
13127069258.txt$$$$青岛盛世耀阳货运代理有限公司
13127115125.txt$$$$山东邦禾包装有限公司
13127155099.txt$$$$济南奥逸特升降机械有限公司
13127155099_1.txt$$$$济南奥逸特升降机械有限公司
13127162730.txt$$$$潍坊天洁机械有限公司
13127165566.txt$$$$潍坊盛秋防水材料有限公司
13127170408.txt$$$$诸城市华瑞机械科技有限公司
13127172508.txt$$$$青州市迪生自动化设备有限公司
13127206189.txt$$$$淄博高新区石桥金浩园林景观工程部
13127241511.txt$$$$东营市盛全物业服务有限公司
13127241511_1.txt$$$$东营市盛全物业服务有限公司
13127241511_2.txt$$$$东营市盛全物业服务有限公司
13127275961.txt$$$$山东安瑞矿山设备有限公司
13127280801.txt$$$$泰安市星际网络科技有限公司
13127282698.txt$$$$泰安市岱岳区创楚包装材料厂
13127283119.txt$$$$山东龙成消防科技股份有限公司
13127283311.txt$$$$泰安市道远建材有限公司
13127308350.txt$$$$泊头市华阳压瓦机械厂
13127311110.txt$$$$河北名格饮水设备有限公司
13127311886.txt$$$$世昌畜牧养殖机械
13127321666.txt$$$$河北九腾管件制造有限公司
13127322221.txt$$$$河北宝隆钢管制作有限公司
13127325891.txt$$$$沧州天宝宏业电气设备有限公司
13127355287.txt$$$$河北凯拓管道制造有限公司
13127368898.txt$$$$孟村回族自治县冠群管业有限公司
