18626358698_2.txt$$$$安徽宽辉新型材料有限公司
18626386931.txt$$$$无锡市绿净科技有限公司
18626897068.txt$$$$江西省擎牌新型建材有限公司
18627005665.txt$$$$武汉金宅建筑装饰工程有限公司
18627005895.txt$$$$武汉精楚模型制作有限公司
18627008682.txt$$$$武汉万鸿景承加固工程有限公司
18627061132.txt$$$$上海迈顺展览有限公司
18627062468.txt$$$$武汉月贝凡科技有限公司
18627089870.txt$$$$武汉兴永利商贸有限公司
18627116839.txt$$$$武汉市汉阳区昌佳吸塑加工厂
18627118423.txt$$$$武汉市雅淳花卉有限公司
18627118423_1.txt$$$$武汉市雅淳花卉有限公司
18627118423_2.txt$$$$武汉市雅淳花卉有限公司
18627118423_3.txt$$$$武汉市雅淳花卉有限公司
18627118423_4.txt$$$$武汉市雅淳花卉有限公司
18627118423_5.txt$$$$武汉市雅淳花卉有限公司
18627118423_6.txt$$$$武汉市雅淳花卉有限公司
18627130715.txt$$$$武汉有恒商业服务有限公司
18627158575.txt$$$$武汉市暖旭辰机电设备工程有限公司
18627171636.txt$$$$武汉环风科技有限公司
18627173291.txt$$$$武汉市鸿顺嘉园房地产代理营销策划有限公司
18627195865.txt$$$$武汉理邦家具有限公司
18627226108.txt$$$$三亚沃朗玻璃有限公司
18627249304.txt$$$$沙市区刘一手火锅荆州店
18627267637.txt$$$$湖北神屹水利工程有限公司
18627312026.txt$$$$湖南索拓科技有限公司
18627331237.txt$$$$长沙介华泵业有限公司
18627551164.txt$$$$深圳市益夏照明科技有限公司
18627551512.txt$$$$长沙起点模型有限公司
18627584465.txt$$$$湖南美业环境科技有限公司
