13323801987.txt$$$$河南省矿山起重机有限公司
13323811722.txt$$$$郑州艾诗妮创新科贸有限公司
13323811901.txt$$$$郑州美刀乐计算机信息技术有限公司
13323831818.txt$$$$河南奥驰金属制品有限公司
13323833311.txt$$$$郑州中汇机械设备有限公司
13323835093.txt$$$$河南纸无忧网络科技有限公司
13323853883.txt$$$$上海乐涂实业有限公司
13323856721.txt$$$$郑州法思特机械设备有限公司
13323868989.txt$$$$河南蓝壹环保科技有限公司
13323895125.txt$$$$焦作市马村区巡达灰钙厂
13323931567.txt$$$$濮阳市华龙区稻万家粥屋
13324026144.txt$$$$沈阳安的安防科技有限公司
13324026903.txt$$$$沈阳中天华业仪器有限公司
13324036617.txt$$$$沈阳风神商贸有限公司
13324053535.txt$$$$辽宁大赫德欧能源科技有限公司
13324203363.txt$$$$大连盈美生态景观工程有限公司
13324502613.txt$$$$北京碧水深蓝环保科技发展有限公司
13324505616.txt$$$$陕西信辉环保科技有限公司
13324550863.txt$$$$西安博润思新型建材有限公司
13324553911.txt$$$$西安绿园有害生物防治技术服务有限公司
13325010180.txt$$$$青岛飞盛塑料制品有限公司
13325060001.txt$$$$东营森华节能科技有限公司
13325084777.txt$$$$临沂盛岳机械科技有限公司
13325084777_1.txt$$$$临沂盛岳机械科技有限公司
13325103915.txt$$$$山东霄瀚能源有限公司
13325105218.txt$$$$济南海商网络科技有限公司
13325112046.txt$$$$山东欧梅赛机械设备有限公司
13325112046_1.txt$$$$山东欧梅赛机械设备有限公司
13325112046_2.txt$$$$山东欧梅赛机械设备有限公司
13325119831.txt$$$$宁津县大柳镇华鑫木器厂
