15039072791_2.txt$$$$巩义市企鑫净水材料有限公司
15039073865.txt$$$$郑州正德机械设备有限公司
15039080076.txt$$$$新郑市龙湖镇钰达金属筛网商行
15039081189.txt$$$$郑州彩星写真机设备有限公司
15039091568.txt$$$$郑州钰恒机械设备有限公司
15039091591.txt$$$$郑州宏尚机械设备有限公司
15039092709.txt$$$$荥阳市南博万游乐设备厂
15039092709_1.txt$$$$荥阳市南博万游乐设备厂
15039092709_2.txt$$$$荥阳市南博万游乐设备厂
15039093103.txt$$$$河南厚仁企业管理咨询有限公司
15039093531.txt$$$$河南迪逻特电子科技有限公司
15039097123.txt$$$$郑州锦之润商贸有限公司
15039097123_1.txt$$$$郑州锦之润商贸有限公司
15039097123_2.txt$$$$郑州锦之润商贸有限公司
15039097123_3.txt$$$$郑州锦之润商贸有限公司
15039225712.txt$$$$北京海名汇博展会有限公司
15039231548.txt$$$$天津华博会展服务有限公司
15039254563.txt$$$$北京华众信展会议有限公司
15039256675.txt$$$$北京华众信展国际会议有限公司
15039266363.txt$$$$浚县官奇大豆蛋白绒纤维有限公司
15039266363_1.txt$$$$浚县官奇大豆蛋白绒纤维有限公司
15039266363_2.txt$$$$浚县官奇大豆蛋白绒纤维有限公司
15039303999.txt$$$$濮阳市恒发不绣钢装饰工程有限公司
15039367088.txt$$$$河南省阳光防腐涂装有限公司
15039367088_1.txt$$$$河南省阳光防腐涂装有限公司
15039367088_2.txt$$$$河南省阳光防腐涂装有限公司
15039391336.txt$$$$濮阳市盘锦路众诚汽车美容部
15039738222.txt$$$$深圳市莱帝森环保节能科技有限公司
15039738222_1.txt$$$$深圳市莱帝森环保节能科技有限公司
15040035418.txt$$$$伊宸家居有限公司
