13953696176.txt$$$$潍坊市金海防水材料有限公司
13953705397.txt$$$$雨成机械设备有限公司
13953708656.txt$$$$济宁市任城区康乐体育器材商行
13953715095.txt$$$$济宁卡尔迪机械制造有限公司
13953741062.txt$$$$曲阜融达金属制造有限公司
13953741062_1.txt$$$$曲阜融达金属制造有限公司
13953741062_2.txt$$$$曲阜融达金属制造有限公司
13953741062_3.txt$$$$曲阜融达金属制造有限公司
13953757990.txt$$$$梁山振华油脂化工设备购销部
13953767069.txt$$$$济宁恒华儿童用品有限公司
13953767069_1.txt$$$$济宁恒华儿童用品有限公司
13953767069_2.txt$$$$济宁恒华儿童用品有限公司
13953767069_3.txt$$$$济宁恒华儿童用品有限公司
13953773583.txt$$$$济宁中瑞重工机械有限公司
13953779812.txt$$$$济宁市任城区康茂苗圃
13953797526.txt$$$$济宁市按原机械设备有限公司
13953800272.txt$$$$山东泰安高新区兴红苗圃
13953800688.txt$$$$泰安市岱岳区夏张镇泰丰源家庭农场
13953800688_1.txt$$$$泰安市岱岳区夏张镇泰丰源家庭农场
13953803397.txt$$$$泰安超顺苗木专业合作社
13953805505.txt$$$$山东飞腾金属制品有限公司
13953805537.txt$$$$山东同高工程材料有限责任公司
13953805540.txt$$$$山东卫安机械设备有限总公司
13953809855.txt$$$$山东泰安泰山泵业制造有限公司
13953818081.txt$$$$泰安力拓封头制造有限公司
13953822256.txt$$$$泰安市岱岳区鑫和苗木专业合作社
13953826666.txt$$$$泰安东枫园林苗木有限公司
13953826666_1.txt$$$$泰安东枫园林苗木有限公司
13953828428.txt$$$$山东恒安润工程材料有限公司
13953830091.txt$$$$泰安开发区华玉园艺场
