13771236666.txt$$$$苏州市艾胖子餐饮管理有限公司
13771255517.txt$$$$江苏山绿环保科技有限公司
13771255886.txt$$$$江苏一讯线缆有限责任公司
13771288769.txt$$$$无锡新禾佳科技有限公司
13771376311.txt$$$$上海轶舟环保科技有限公司
13771381135.txt$$$$江苏禄景环保设备有限公司
13771382190.txt$$$$无锡翰泰科技有限公司
13771393348.txt$$$$宜兴市华宏电器制造有限公司
13771402004.txt$$$$惠山区钱桥妙鲜水产店
13771427116.txt$$$$无锡傲群电梯装饰有限公司
13771428086.txt$$$$无锡遨华机械制造有限公司
13771456668.txt$$$$无锡鑫珊瑚钢业有限公司
13771456710.txt$$$$无锡耀强机械科技有限公司
13771469991.txt$$$$江苏晶科达新能源有限公司
13771472863.txt$$$$无锡市联铭不锈钢有限公司
13771497541.txt$$$$无锡市宸州保护膜有限公司
13771507807.txt$$$$无锡杰能锅炉有限公司
13771511196.txt$$$$常州天萧桥架制造有限公司
13771518961.txt$$$$无锡全成金属制品有限公司
13771524567.txt$$$$无锡君世达不锈钢有限公司
13771528602.txt$$$$无锡英普罗传动有限公司
13771533980.txt$$$$东台市食品机械厂有限公司
13771547753.txt$$$$无锡浩瑞达炉业科技有限公司
13771557650.txt$$$$无锡博亚特密封技术开发有限公司
13771557958.txt$$$$江苏创扬机电设备股份有限公司
13771563223.txt$$$$无锡今飞激光技术有限公司
13771564378.txt$$$$无锡古都金属材料有限公司
13771566589.txt$$$$无锡市耀邦涂料有限公司
13771643325.txt$$$$吴江市博霖实业有限公司
13771648021.txt$$$$苏州鑫阳标识有限公司
