18014693368.txt$$$$大丰益通机械设备有限公司
18014710705.txt$$$$南京浩博物流有限公司
18014720622.txt$$$$南京龙骏测绘仪器有限公司
18014807920.txt$$$$南京全硕环保科技有限公司
18014815361.txt$$$$西安欧亚德仓储设备有限公司
18014829531.txt$$$$南京百米需供应链有限公司
18014832421.txt$$$$南京爱鑫聚酒店机械设备有限公司
18014865476.txt$$$$双兴宏精密机械（昆山）有限公司
18014867947.txt$$$$昆山金斗云测控设备有限公司
18014867947_1.txt$$$$昆山金斗云测控设备有限公司
18014867947_2.txt$$$$昆山金斗云测控设备有限公司
18014910162.txt$$$$苏州市希立仪器设备有限公司
18014911072.txt$$$$苏州市高品检测仪器有限公司
18014913090.txt$$$$苏州市联迈精密机械有限公司
18014930039.txt$$$$上海芬辰科技有限公司
18014949613.txt$$$$无锡山甫工业技术有限公司
18014952063.txt$$$$无锡栀子花纺织科技有限公司
18015063069.txt$$$$江苏悦动心趣网络科技有限公司
18015099056.txt$$$$常州惠牧机械设备有限公司
18015273080.txt$$$$常州市卡当建材有限公司
18015298999.txt$$$$常州双欧板业有限公司
18015298999_1.txt$$$$常州双欧板业有限公司
18015350709.txt$$$$无锡百利源钢管有限公司
18015358978.txt$$$$江苏丹帝斯形象管理有限公司
18015362122.txt$$$$无锡政通特钢有限公司
18015380190.txt$$$$江苏斯菲尔电气股份有限公司
18015412632.txt$$$$苏州纳捷计量科技有限公司
18015469188.txt$$$$苏州市卓飞铜业有限公司
18015480304.txt$$$$苏州力翰威自动化设备有限公司
18015501892.txt$$$$苏州禾川化学技术服务有限公司
