19158843201.txt$$$$江西咪噢酒业有限公司
19158843201_1.txt$$$$江西咪噢酒业有限公司
19158843201_2.txt$$$$江西咪噢酒业有限公司
19159532672.txt$$$$温州沐然环保科技有限公司
19160343896.txt$$$$昆山市合利源电子材料有限公司
19160381631.txt$$$$成都蓉城攻略品牌管理有限公司
19162373810.txt$$$$广西千棵树广告传媒有限公司
19163525969.txt$$$$山东钜拓进出口有限公司
19163539777.txt$$$$山东隆创管业有限公司
19163804461.txt$$$$南宁市铭仁印刷包装科技有限公司
19163827257.txt$$$$北京康冠世纪光电科技有限公司
19163827257_1.txt$$$$北京康冠世纪光电科技有限公司
19163827257_2.txt$$$$北京康冠世纪光电科技有限公司
19164566777.txt$$$$宜城楚韵石尚石业有限公司
19166103456.txt$$$$阜阳冰雪制冷设备工程有限公司
19173104639.txt$$$$湖南三马交通设施有限公司
19179070397.txt$$$$江西融泰电气设备有限公司
19180729002.txt$$$$成都雨晨环保工程有限公司
19182039924.txt$$$$四川吉博恩商贸有限公司
19186858870.txt$$$$铭达通电商物流有限公司
19195754003.txt$$$$广西智普睿达文化传媒有限公司
19558736666.txt$$$$济宁瑞科工程机械有限公司
19558736666_1.txt$$$$济宁瑞科工程机械有限公司
19558736666_2.txt$$$$济宁瑞科工程机械有限公司
19566138635.txt$$$$沧州永坤传动机械有限公司
19801569898.txt$$$$河北钰柱机械设备租赁有限公司
19801732688.txt$$$$沧州知淼塑料制品有限责任公司
19801732788.txt$$$$河北科鼎森塑胶制品有限公司
19801802266.txt$$$$雄县华进乳胶制品有限公司
19801836781.txt$$$$雄县京旺塑料制品有限公司
