13872883068.txt$$$$程力专用汽车股份有限公司
13872883831.txt$$$$随县八里桥家庭农场
13872884639.txt$$$$湖北腾宇专用汽车有限公司
13872884849.txt$$$$程力专用汽车股份有限公司销售八分公司
13872885300.txt$$$$湖北大力专用汽车制造有限公司
13873107848.txt$$$$长沙誉强自动化科技有限公司
13873110831.txt$$$$长沙市泰和达机械有限公司
13873110831_1.txt$$$$长沙市泰和达机械有限公司
13873110831_2.txt$$$$长沙市泰和达机械有限公司
13873122568.txt$$$$湖南中村贸易有限公司
13873161478.txt$$$$长沙文海投资咨询有限公司
13873184068.txt$$$$长沙市辉磊工艺品有限公司
13873196386.txt$$$$湖南明和门控设备有限公司
13873213272.txt$$$$株洲佳邦难熔金属股份有限公司
13873265766.txt$$$$湘潭东裕木材有限公司
13873265766_1.txt$$$$湘潭东裕木材有限公司
13873265766_2.txt$$$$湘潭东裕木材有限公司
13873301595.txt$$$$株洲汉和工业设备有限公司
13873410688.txt$$$$衡阳市利美电瓶车制造有限责任公司
13873736699.txt$$$$长沙县安沙书琳木雕商行
13873833750.txt$$$$广西闪亮体育用品有限公司
13873988043.txt$$$$隆回清洁疏通公司
13873994666.txt$$$$湖南省一肯照明科技有限公司
13874016995.txt$$$$岳阳县易茗珍禽生态养殖场
13874032582.txt$$$$长沙志明水电安装有限公司
13874048758.txt$$$$义乌市鸿运喷漆移印加工厂
13874067631.txt$$$$湖南海霸食品有限公司
13874174422.txt$$$$醴陵达利电器有限公司
13874384889.txt$$$$湖南雅大智能科技有限公司
13874815355.txt$$$$长沙汇腾科技有限公司
