18500036486.txt$$$$北京市天顺博菲办公家具有限公司
18500067136.txt$$$$中博展览北京有限公司
18500088851.txt$$$$北京中视立影科技有限公司
18500128657.txt$$$$博创安泰科技有限公司
18500183278.txt$$$$北京晨信恒通科技有限公司
18500235653.txt$$$$北京海鹏科技有限公司
18500238908.txt$$$$北京上品极致教育咨询有限公司
18500317175.txt$$$$北京洁娃机电设备有限公司
18500338844.txt$$$$武城县润邦环境工程有限公司
18500338844_1.txt$$$$武城县润邦环境工程有限公司
18500338844_2.txt$$$$武城县润邦环境工程有限公司
18500344192.txt$$$$铭世博（北京）国际展览有限公司
18500381150.txt$$$$张家口中博特生物技术工程有限公司
18500394204.txt$$$$衡水克比克食品有限公司
18500408915.txt$$$$北京七星地坪科技有限公司
18500450528.txt$$$$华鼎维赢（北京）项目管理咨询有限公司
18500459277.txt$$$$北京塞甘住宅科技有限公司
18500501538.txt$$$$北京圣雷光电设备有限公司
18500520392.txt$$$$北京当艾尚有限公司
18500536795.txt$$$$北京中天恒海环保科技有限公司
18500560548.txt$$$$北京中博特技术工程有限公司
18500598815.txt$$$$北京中航永兴机械科技有限公司
18500598815_1.txt$$$$北京中航永兴机械科技有限公司
18500598815_2.txt$$$$北京中航永兴机械科技有限公司
18500604614.txt$$$$北京大荣捷成科技发展有限责任公司
18500604646.txt$$$$北京金铭远洋塑料包装制品有限公司
18500631888.txt$$$$北京弗朗格门窗有限公司
18500670913.txt$$$$国电天邦科技有限责任公司
18500679368.txt$$$$河南拓斯达自动化设备有限公司
18500777902.txt$$$$北京枫度暖通设备有限公司
