13291808662.txt$$$$广州致远电子有限公司
13291828750.txt$$$$杭州祥迪建筑安装工程有限公司
13291878667.txt$$$$杭州港利包装制品有限公司
13292138888.txt$$$$邢台友创机械制造有限公司
13292138888_1.txt$$$$邢台友创机械制造有限公司
13292138888_2.txt$$$$邢台友创机械制造有限公司
13292138888_3.txt$$$$邢台友创机械制造有限公司
13292207087.txt$$$$衡水金丰科技有限公司
13292219300.txt$$$$安平县百鹏金属丝网制品有限公司
13292219300_1.txt$$$$安平县百鹏金属丝网制品有限公司
13292227766.txt$$$$安平县航拓丝网制品有限公司
13292227766_1.txt$$$$安平县航拓丝网制品有限公司
13292231119.txt$$$$安平县秉德丝网制品有限公司
13292231119_1.txt$$$$安平县秉德丝网制品有限公司1
13292233052.txt$$$$河北众途丝网制品有限公司
13292238995.txt$$$$安平县盛存金属丝网制品有限公司
13292241171.txt$$$$河北坤博科技开发有限公司
13292241171_1.txt$$$$河北博坤科技开发有限公司
13292256686.txt$$$$安平县恒爱金属丝网制品有限公司
13292263699.txt$$$$安平县森喆金属制品有限公司
13292263699_1.txt$$$$河北建岭输送机械制造有限公司
13292263699_2.txt$$$$河北建岭输送机械制造有限公司
13292263699_3.txt$$$$河北建岭输送机械制造有限公司
13292287863.txt$$$$安平县方信金属丝网制品有限公司
13292661877.txt$$$$天津市电缆总厂第一分厂
13292672068.txt$$$$廊坊硕达保温建材有限公司
13292705117.txt$$$$泊头万瑞除尘配件
13292720599.txt$$$$任丘市祥龙消防设备有限公司
13292722258.txt$$$$河北航科新能源科技有限公司
13292726031.txt$$$$沧州赛德瑞管道有限公司
