13613170113.txt$$$$河北航天管道有限公司
13613178737.txt$$$$河北龙图管道设备有限公司
13613184412.txt$$$$炜荣工程橡胶有限公司
13613187506.txt$$$$迁西县洒河桥镇祥瑞润滑油门市部
13613193532.txt$$$$邢台信烨机械设备制造有限公司
13613193532_1.txt$$$$邢台信烨机械设备制造有限公司
13613193532_2.txt$$$$邢台信烨机械设备制造有限公司
13613193532_3.txt$$$$邢台信烨机械设备制造有限公司
13613218888.txt$$$$河北精强毛毡有限公司
13613227655.txt$$$$保定恒亚模具厂
13613265452.txt$$$$固安县继增滤清器厂
13613268783.txt$$$$大城县豆庄村艺仑机械设备厂
13613270257.txt$$$$沧州奥美体育器材制造有限公司
13613273699.txt$$$$河北沧宁环保科技有限公司
13613308586.txt$$$$北京德科实验仪器试剂耗材有限公司
13613309558.txt$$$$河北科频电气有限公司
13613317580.txt$$$$石家庄道斯科技有限公司
13613321599.txt$$$$河北东韩回收
13613325137.txt$$$$容城县奥乾商贸有限公司
13613368552.txt$$$$固安县温泉休闲商务产业园区帅俊滤清器厂
13613392515.txt$$$$保定巨捷模具制造有限公司
13613392515_1.txt$$$$保定巨捷模具制造有限公司
13613392515_2.txt$$$$保定巨捷模具制造有限公司
13613444337.txt$$$$太原龙墅海鲜池制冷设备有限公司
13613444337_1.txt$$$$太原龙墅海鲜池制冷设备有限公司
13613444337_2.txt$$$$太原龙墅海鲜池制冷设备有限公司
13613466586.txt$$$$山西康泽贝尔环保科技有限公司
13613466586_1.txt$$$$山西康泽贝尔环保科技有限公司
13613466586_2.txt$$$$山西康泽贝尔环保科技有限公司
13613467222.txt$$$$山西鸿路天龙钢结构加工有限公司
