13537135901_2.txt$$$$东莞市强详装饰有限公司
13537137999.txt$$$$东莞清溪协诚化工有限公司
13537146894.txt$$$$东莞市黄江优富特劳保用品经营部
13537146894_1.txt$$$$东莞市黄江优富特劳保用品经营部
13537150126.txt$$$$东莞特塑注塑科技有限公司
13537176848.txt$$$$东莞市坚成电子科技有限公司
13537177770.txt$$$$广东恩优极科技有限公司
13537177770_1.txt$$$$广东恩优极科技有限公司
13537177770_2.txt$$$$广东恩优极科技有限公司
13537191511.txt$$$$利斌纸业有限公司
13537192888.txt$$$$东莞市中金环保科技有限公司
13537199150.txt$$$$东莞市苏阳电器制品有限公司
13537199150_1.txt$$$$东莞市苏阳电器制品有限公司
13537199150_2.txt$$$$东莞市苏阳电器制品有限公司
13537221990.txt$$$$东莞市广龙纺织助剂有限公司
13537229325.txt$$$$东莞市旺贸通仪器仪表有限公司
13537235467.txt$$$$东莞市力达仓储设备有限公司
13537238390.txt$$$$东莞创威达传动科技有限公司
13537241690.txt$$$$东莞卓岳电子科技有限公司
13537268970.txt$$$$东莞市厚街富宾奇包装器材商行
13537268970_1.txt$$$$东莞市厚街富宾奇包装器材商行
13537268970_2.txt$$$$东莞市厚街富宾奇包装器材商行
13537277081.txt$$$$东莞市信达天下供应链管理有限公司
13537283044.txt$$$$茂名市生利塑料制品有限公司
13537283485.txt$$$$广东文博宇电气科技有限公司
13537299668.txt$$$$东莞市旭康实业有限公司
13537299668_1.txt$$$$东莞市旭康实业有限公司
13537299668_2.txt$$$$东莞市旭康实业有限公司
13537331897.txt$$$$河南鸿迪电子科技有限公司
13537342554.txt$$$$东莞市勤晟机电设备有限公司
