13247777712.txt$$$$上海响巧体育用品有限公司
13248020125.txt$$$$佐观电气上海有限公司
13248159781.txt$$$$上海雄红厨房设备清洗维修服务有限公司
13248181737.txt$$$$上海创幸文化创意展示有限公司
13248350863.txt$$$$上海瑞昌管道工程有限公司
13248369738.txt$$$$上海鸿繁实业有限公司
13248386780.txt$$$$上海景琛展览服务有限公司
13248483333.txt$$$$浙江商友国际货运代理有限公司
13248483333_1.txt$$$$浙江商友国际货运代理有限公司
13248483333_2.txt$$$$浙江商友国际货运代理有限公司
13248749350.txt$$$$河北霸州市霸州镇万齐电力器材厂
13248749565.txt$$$$长沙沃特机械有限公司
13248806789.txt$$$$武义彪炳工贸有限公司
13248806789_1.txt$$$$武义彪炳工贸有限公司
13248806789_2.txt$$$$武义彪炳工贸有限公司
13248884111.txt$$$$武义德恒包装有限公司
13248889987.txt$$$$武义县壶山街道佳防利劳保用品店
13248889987_1.txt$$$$常山兴佳液压设备有限公司
13248889987_10.txt$$$$浙江博科通信技术有限公司
13248889987_11.txt$$$$永康市广华工具厂
13248889987_12.txt$$$$常山兴佳液压设备有限公司
13248889987_13.txt$$$$常山兴佳液压设备有限公司
13248889987_14.txt$$$$浦江永佳水晶有限公司
13248889987_15.txt$$$$浦江永佳水晶有限公司
13248889987_16.txt$$$$常山县长林家庭农场
13248889987_17.txt$$$$浙江江山龙腾笔业有限公司
13248889987_18.txt$$$$常山县长林家庭农场
13248889987_19.txt$$$$常山县长林家庭农场
13248889987_2.txt$$$$义乌市承铭包装有限公司
13248889987_20.txt$$$$浙江博科通信技术有限公司
