15631867878.txt$$$$阜城县天昌建筑材料有限公司
15631878898.txt$$$$河北巨卫环保设备有限公司
15631883139.txt$$$$安平县海恩丝网制品有限公司
15631883339.txt$$$$河北宝飞华创玻璃钢制造有限公司
15631889978.txt$$$$河北润德环境工程有限公司
15631945669.txt$$$$河北蓝铭焊接材料有限公司
15631972555.txt$$$$邢台绿时代光电科技有限公司
15631972555_1.txt$$$$邢台绿时代光电科技有限公司
15631972555_2.txt$$$$邢台绿时代光电科技有限公司
15632036206.txt$$$$永年县铁西东昌篷布加工厂
15632036206_1.txt$$$$河北泽耀电力配件有限公司
15632068777.txt$$$$宁波正拓紧固件有限公司
15632068777_1.txt$$$$宁波正拓紧固件有限公司
15632068777_2.txt$$$$宁波正拓紧固件有限公司
15632071122.txt$$$$邯郸市永年区西滩头厄林紧固件门市
15632071122_1.txt$$$$邯郸市永年区西滩头厄林紧固件门市
15632071122_2.txt$$$$邯郸市永年区西滩头厄林紧固件门市
15632072999.txt$$$$邯郸市仁爱紧固件制造有限公司
15632072999_1.txt$$$$邯郸市仁爱紧固件制造有限公司
15632072999_2.txt$$$$邯郸市仁爱紧固件制造有限公司
15632072999_3.txt$$$$邯郸市仁爱紧固件制造有限公司
15632123921.txt$$$$河北启睿机械设备制造有限公司
15632159710.txt$$$$定州市明阳机械厂
15632159710_1.txt$$$$定州市明阳机械厂
15632159710_2.txt$$$$定州市明阳机械厂
15632159710_3.txt$$$$定州市明阳机械厂
15632187250.txt$$$$石家庄西西替机械科技有限公司
15632223051.txt$$$$唐县振昌工艺品厂
15632223051_1.txt$$$$唐县振昌工艺品厂
15632223051_2.txt$$$$唐县振昌工艺品厂
