15634446258_1.txt$$$$济宁鼎立矿用机械有限公司
15634449914.txt$$$$嘉祥旺正石雕厂
15634460566.txt$$$$金耀（山东）机械设备集团有限公司
15634527997.txt$$$$山东诺曼工程机械有限公司
15634537878.txt$$$$山东瑞立环保科技有限公司
15634537878_1.txt$$$$山东瑞立环保科技有限公司
15634537878_2.txt$$$$山东瑞立环保科技有限公司
15634537878_3.txt$$$$山东瑞立环保科技有限公司
15634537878_4.txt$$$$山东瑞立环保科技有限公司
15634538183.txt$$$$济宁骏集机械有限公司
15634662695.txt$$$$山东歌洛瑞钢结构工程有限公司
15634676007.txt$$$$诸城市广元包装机械厂
15634676007_1.txt$$$$诸城市广元包装机械厂
15634676007_2.txt$$$$诸城市广元包装机械厂
15634676007_3.txt$$$$诸城市广元包装机械厂
15634801588.txt$$$$章丘市现林石磨农副产品开发有限公司
15634851431.txt$$$$济南镁嘉图新型材料开发有限公司
15634851431_1.txt$$$$济南镁嘉图新型材料开发有限公司
15634851431_2.txt$$$$济南镁嘉图新型材料开发有限公司
15634873788.txt$$$$济南富贵液压机械有限公司
15634873788_1.txt$$$$济南富贵液压机械有限公司
15634873788_2.txt$$$$济南富贵液压机械有限公司
15634897222.txt$$$$山东标榜仓储设备有限公司
15634897222_1.txt$$$$山东标榜仓储设备有限公司
15634897222_2.txt$$$$山东标榜仓储设备有限公司
15634976627.txt$$$$山西格拉瑞斯金属科技有限公司
15635129348.txt$$$$太原卓昊化工产品有限公司
15635129348_1.txt$$$$太原卓昊化工产品有限公司
15635129348_2.txt$$$$太原卓昊化工产品有限公司
15635160825.txt$$$$山西和盛达物贸有限公司
