18888211618.txt$$$$禹城多多农机制造有限公司
18888211618_1.txt$$$$禹城多多农机制造有限公司
18888211618_2.txt$$$$禹城多多农机制造有限公司
18888211618_3.txt$$$$禹城多多农机制造有限公司
18888212176.txt$$$$山东鑫旺调味食品有限公司
18888215551.txt$$$$武城县骁业餐车有限公司
18888216695.txt$$$$德州市海腾工贸有限责任公司
18888217052.txt$$$$山东嘉特纬德热能环保科技有限公司
18888217052_1.txt$$$$山东嘉特纬德热能环保科技有限公司
18888217061.txt$$$$德州嘉纬环保科技有限公司
18888217567.txt$$$$德州通风设备总厂
18888220000.txt$$$$山东方青空调设备有限公司
18888222851.txt$$$$宁津县金川网链有限公司
18888223737.txt$$$$山东晶宝生物科技有限公司
18888225766.txt$$$$德州迈拓空调设备有限公司
18888228895.txt$$$$山东省白鸽食品机械有限公司
18888230997.txt$$$$禹城市晟元塑业有限公司
18888232211.txt$$$$德州捷美空调设备有限公司
18888235888.txt$$$$德州依通车业有限公司
18888237119.txt$$$$德州创达通风设备有限公司
18888238172.txt$$$$德州星越通风设备有限公司
18888238172_1.txt$$$$德州冠东空调设备有限公司
18888238777.txt$$$$庆云县鑫鼎无纺布制品有限公司
18888250111.txt$$$$山东祥瑞重工机械有限公司
18888260836.txt$$$$山东佐创仓储设备有限公司
18888281503.txt$$$$山东雅瑞智诚自控科技有限公司
18888282166.txt$$$$山东雅瑞智诚自控科技有限公司
18888282166_1.txt$$$$山东雅瑞智诚自控科技有限公司
18888282166_2.txt$$$$山东雅瑞智诚自控科技有限公司
18888282828.txt$$$$泰安市泰山区润地园林绿化中心
