15071302345_1.txt$$$$武汉普耐建材有限公司
15071305121.txt$$$$武汉碧艾环保项目有限公司
15071320584.txt$$$$武汉嘉华天下人造石有限公司
15071327222.txt$$$$武汉金瑞祥园林景观工程有限公司
15071335120.txt$$$$武汉华塑兴宏护栏有限公司
15071335120_1.txt$$$$武汉昊鼎塑胶制品有限公司
15071341394.txt$$$$武汉朋客云计算有限公司
15071350024.txt$$$$武汉忠博汽车服务有限公司
15071350024_1.txt$$$$武汉忠博汽车服务有限公司
15071350024_2.txt$$$$武汉市忠博汽车服务有限公司
15071350024_3.txt$$$$武汉市忠博汽车服务有限公司
15071352783.txt$$$$湖北世森建材科技有限公司
15071366077.txt$$$$武汉长乐圆满服务有限公司
15071366077_1.txt$$$$武汉长乐圆满服务有限公司
15071366077_2.txt$$$$武汉长乐圆满服务有限公司
15071380389.txt$$$$武汉皓程金属制品有限公司
15071402524.txt$$$$武汉拓普联合电力设备有限公司
15071478251.txt$$$$武汉移星科技有限公司
15071490963.txt$$$$武汉名舜机电设备贸易有限公司
15071502299.txt$$$$湖北群能新材料有限公司
15071502299_1.txt$$$$湖北群能新材料有限公司
15071502299_2.txt$$$$湖北群能新材料有限公司
15071519715.txt$$$$襄阳市盛赫化工有限公司
15071558500.txt$$$$襄阳天一同兴商用车配件有限公司
15071558500_1.txt$$$$襄阳天一同兴商用车配件有限公司
15071558500_2.txt$$$$襄阳天一同兴商用车配件有限公司
15071649018.txt$$$$程力专用汽车股份有限公司
15071655589.txt$$$$湖北沃龙专用汽车销售有限公司
15071658299.txt$$$$湖北江南专用特种汽车有限公司
15071673473.txt$$$$东莞市元耀电子科技有限公司
