18189234541.txt$$$$西安华思博展览装饰工程有限公司
18189236073.txt$$$$陕西森顿生物科技有限公司
18189239350.txt$$$$西安环科试验设备有限公司
18189279093.txt$$$$陕西鑫讯智能科技有限公司
18189502611.txt$$$$兰州亿万佳防腐木有限公司
18189585563.txt$$$$兰州宏浩特球墨铸铁管有限公司
18189683888.txt$$$$兰州三积新型建材有限公司
18189733999.txt$$$$大拇指装饰集团（海南）有限公司
18189756072.txt$$$$海南自贸区特中科技有限公司
18189776280.txt$$$$海南东启建筑工程有限公司
18189831313.txt$$$$海南膜客节能科技有限公司
18189852931.txt$$$$海南宏佳居门窗幕墙工程有限公司
18189891881.txt$$$$海南宏佳居门窗幕墙工程有限公司
18190010738.txt$$$$四川梓冠光电科技有限公司
18190607276.txt$$$$四川汇丰元电子有限责任公司
18190683374.txt$$$$成都道生壹餐饮管理有限公司
18190746020.txt$$$$成都研吉智能科技有限公司
18190754753.txt$$$$深圳市爱科发展有限公司
18190755168.txt$$$$成都富通达环保设备有限公司
18190875327.txt$$$$成都远眺网际信息技术有限公司
18190876994.txt$$$$四川华控智能交通设施工程有限公司
18190931681.txt$$$$成都市鑫信达焊接设备有限公司
18190964092.txt$$$$成都华煜泽科技有限公司
18190992949.txt$$$$临沂舜晓商贸有限公司
18191021222.txt$$$$陕西康德瑞纸业有限公司
18191021222_1.txt$$$$陕西康德瑞纸业有限公司
18191021222_2.txt$$$$陕西康德瑞纸业有限公司
18191029356.txt$$$$陕西众鑫机房设备有限公司
18191255016.txt$$$$西安华美达会展有限公司
18191278383.txt$$$$陕西艾维认证咨询服务有限公司
