13268862260_4.txt$$$$东莞市巨迈装修材料有限公司
13268870006.txt$$$$东莞市正东金属材料有限公司
13268881360.txt$$$$广东索科润滑油有限公司
13268925813.txt$$$$广东未来家园环保科技有限公司
13268957865.txt$$$$东莞堡威自动化科技有限公司
13268986796.txt$$$$东莞市博伟激光设备有限公司
13268995111.txt$$$$广东飞梭智能装备有限公司
13269019504.txt$$$$诺希德传动科技（北京）有限公司
13269031090.txt$$$$北京启信创达展览服务有限公司
13269064742.txt$$$$山东金开源机械设备有限公司
13269069359.txt$$$$北京鼎立建筑工程有限公司
13269181111.txt$$$$保定市宝塑模具制造有限公司
13269181111_1.txt$$$$保定市宝塑模具制造有限公司
13269181111_2.txt$$$$保定市宝塑模具制造有限公司
13269182729.txt$$$$北京创业恒兴科技有限公司
13269256168.txt$$$$盛世华夏民生（北京）科技有限公司
13269269276.txt$$$$北京众治净源环保科技有限公司
13269299338.txt$$$$北京通通顺顺管道疏通有限责任公司
13269325325.txt$$$$北京盛凯砾通科技发展有限公司
13269436966.txt$$$$北京中研纵横经济信息中心
13269470716.txt$$$$北京博睿辰翔科技有限公司
13269536475.txt$$$$北京富又力电力仪表有限公司
13269554977.txt$$$$重庆万斯泰科技有限公司
13269611912.txt$$$$北京奶茶店设备有限公司
13269611912_1.txt$$$$威尔顿切片机有限公司
13269670897.txt$$$$爱梦想（北京）科技有限公司
13269694628.txt$$$$北京瑞鼎恒业科技有限公司
13269711243.txt$$$$青州市包装机械厂
13269808662.txt$$$$北京潮东瀚海科技有限公司
13269833228.txt$$$$振江展览北京有限公司
