13570938602.txt$$$$广州惠民禽业有限公司
13570938602_1.txt$$$$广州惠民禽业有限公司
13570953683.txt$$$$广州市骊庭智能家居有限公司
13570955687.txt$$$$广州市蓊纬商贸有限公司
13570978398.txt$$$$广州全泽广告策划有限公司
13570998870.txt$$$$广州艺度广告有限公司
13571567254.txt$$$$西安兄弟印刷包装有限公司
13571681166.txt$$$$南郑县耘锦苗木专业合作社
13571758610.txt$$$$陕西风景便携塑料制品有限责任公司
13571815984.txt$$$$陕西奥度信息技术有限公司
13571833933.txt$$$$西安鹏创工贸有限公司
13571837703.txt$$$$西安金利兴包装设备有限公司
13571860510.txt$$$$陕西利凯士得新能源科技有限公司
13571863588.txt$$$$西安中天数码通讯职业技能培训学校
13571869160.txt$$$$陕西唯美雅展览装饰设计工程有限公司9
13571881885.txt$$$$西安友邦电线电缆有限公司
13571884719.txt$$$$西安华联电力电缆有限公司
13571888922.txt$$$$陕西高龙实业有限公司
13571908803.txt$$$$伊犁那拉乳业集团有限公司
13571934198.txt$$$$西安市沣东新城斗门街办八一村
13571942078.txt$$$$陕西易莱德新材料科技有限公司
13571945952.txt$$$$陕西众仁开泰实业有限公司
13571957961.txt$$$$陕西德力陶瓷材料有限公司
13571967182.txt$$$$西安万合顺钢铁有限公司
13571967182_1.txt$$$$西安万合顺钢铁有限公司
13571967182_2.txt$$$$西安万合顺钢铁有限公司
13571967182_3.txt$$$$西安万合顺钢铁有限公司
13572008027.txt$$$$西安曲江华博会展有限公司
13572036673.txt$$$$西安维纳斯广告有限公司
13572071060.txt$$$$陕西中拓矿山设备有限公司
