18010775918_1.txt$$$$芜湖凯朋文化传播有限公司
18010775918_2.txt$$$$芜湖凯朋文化传播有限公司
18010872336.txt$$$$安徽徕森科学仪器有限公司
18010878520.txt$$$$合肥洁益康有害生物防治有限公司
18010881275.txt$$$$安徽星彩文化传媒有限公司
18010882295.txt$$$$安徽千亚电气有限公司
18010882295_1.txt$$$$安徽千亚电气有限公司
18010882295_2.txt$$$$安徽千亚电气有限公司
18010882295_3.txt$$$$安徽千亚电气有限公司
18010882295_4.txt$$$$安徽千亚电气有限公司
18010882295_5.txt$$$$安徽千亚电气有限公司
18010888570.txt$$$$安徽远途电动科技有限公司
18010987062.txt$$$$兴化市超宇不锈钢有限公司
18011300666.txt$$$$永友装饰材料经营部
18011403726.txt$$$$成都优迅捷达科技有限公司
18011596537.txt$$$$四川雅居雅饰材料有限公司
18011596537_1.txt$$$$四川雅居雅饰材料有限公司
18011596537_2.txt$$$$四川雅居雅饰材料有限公司
18011680918.txt$$$$上海科器仪器设备有限公司
18011735683.txt$$$$广东易售网络科技有限公司
18011764119.txt$$$$广州市跃阳化工有限公司
18011775741.txt$$$$广州拓邻汽车配件有限公司
18011815206.txt$$$$广州旭凯信息科技有限公司
18011817724.txt$$$$广州市深昊环保科技有限公司
18011827628.txt$$$$广州乾美化妆品有限公司
18011833122.txt$$$$广州富腾建材科技有限公司
18011856070.txt$$$$深圳天匠美陈工艺有限公司
18011866680.txt$$$$广州俱进科技有限公司
18011866680_1.txt$$$$广州俱进科技有限公司
18011866680_2.txt$$$$广州俱进科技有限公司
