15332151662.txt$$$$天津净宇机械设备有限公司
15332175250.txt$$$$交网（北京）教育科技有限公司
15332197575.txt$$$$天津市贵丰源新能源科技有限公司
15332297707.txt$$$$宝鸡市三芯环保科技有限公司
15332312311.txt$$$$西安市双生福安搬家服务部
15332330585.txt$$$$陕西承诺环境设备有限公司
15332451429.txt$$$$西安泽鑫建材有限公司
15332469832.txt$$$$西安步步高照明工程有限公司
15332474703.txt$$$$锦泉环保设备有限公司
15332494358.txt$$$$延川县锦春枣业有限责任公司
15332499348.txt$$$$西安金之声装饰
15332913362.txt$$$$东莞市浲晟塑料机械有限公司
15333000020.txt$$$$山西耀强实业有限公司
15333000492.txt$$$$太原信达四方科技有限公司
15333000640.txt$$$$山西省太原思可达公司
15333000664.txt$$$$山西信达四方商贸有限公司
15333000964.txt$$$$山西思可达商贸有限工贸公司
15333009636.txt$$$$安平县东山网业有限公司
15333012598.txt$$$$太原市万柏林区美娟化妆品经销部
15333102243.txt$$$$河北高航膜结构工程有限公司
15333102662.txt$$$$建能电力设备制造河北有限公司
15333113339.txt$$$$天安云建设工程有限公司
15333173010.txt$$$$沧州龙浩管道装备有限公司
15333177371.txt$$$$沧州升鼎管道装备有限公司
15333181341.txt$$$$枣强县华恒玻璃钢有限公司
15333183707.txt$$$$衡水筑桥桥梁工程配件有限公司
15333185277.txt$$$$安平县同富钢格板厂
15333187150.txt$$$$安平县恺嵘车间隔离网网有限公司
15333188219.txt$$$$安平县联鼎丝网制品有限公司
15333189377.txt$$$$安平县腾灿丝网制品有限公司
