17797669082.txt$$$$兰州恒昌包装有限责任公司
17797700619.txt$$$$纽科伦起重机有限公司
17797750779.txt$$$$河南郑州市管城区弘昌帐篷厂
17797755718.txt$$$$河南云神机电设备有限公司
17797847119.txt$$$$青海省特种防火门厂
17798118703.txt$$$$石家庄同赢天下商贸有限公司
17798341625.txt$$$$荆州市鑫超包装材料有限公司
17798535288.txt$$$$南京小易嘀达网络科技有限公司
17798549816.txt$$$$南京元灯承和文化传播有限公司
17798554917.txt$$$$深圳三恩时科技有限公司
17798559780.txt$$$$南京科迈机械刀具有限公司
17798596815.txt$$$$西朗门业苏州有限公司
17798761750.txt$$$$无锡露米娅纺织品有限公司
17798821557.txt$$$$江苏指南针公共设施制造有限公司
17799119995.txt$$$$乌鲁木齐泓鑫盛源建材有限公司
17799192977.txt$$$$新疆大璞电子商务有限公司
17799718254.txt$$$$新疆深富士智能科技有限公司
17799718254_1.txt$$$$新疆深富士智能科技有限公司
17800273031.txt$$$$钢研纳克检测技术股份有限公司
17800273031_1.txt$$$$钢研纳克检测技术股份有限公司
17800273031_2.txt$$$$钢研纳克检测技术股份有限公司
17800273031_3.txt$$$$钢研纳克检测技术股份有限公司
17800308323.txt$$$$河南易康植物免疫科技有限公司
17801046361.txt$$$$沈阳中展华睿国际展览有限公司
17801176638.txt$$$$北京辰溪酒窖工程设计有限公司
17801589891.txt$$$$天天鲜米（北京）农业科技发展有限公司
17802223168.txt$$$$廊坊庆恺商贸有限公司
17802255517.txt$$$$天津市明德装饰工程有限公司
17802255517_1.txt$$$$天津市明德装饰工程有限公司
17802255517_2.txt$$$$天津市明德装饰工程有限公司
