18954892722.txt$$$$泰安市盈旭工程材料有限公司
18954915369.txt$$$$沂南县丰达机械有限公司
18954915369_1.txt$$$$沂南县丰达机械有限公司
18954915369_2.txt$$$$沂南县丰达机械有限公司
18954927200.txt$$$$临沂乐蒸商贸有限公司
18954931111.txt$$$$临沂市兰山区兴达发泡胶厂
18954964888.txt$$$$苏州喜来旺建材有限公司
18954966272.txt$$$$山东楚锋塑业有限公司
18954966272_1.txt$$$$山东楚锋塑业有限公司
18954966272_2.txt$$$$山东楚锋塑业有限公司
18954966272_3.txt$$$$山东楚锋塑业有限公司
18954966530.txt$$$$山东金六顺建材有限公司
18954968399.txt$$$$佰誉森装饰材料有限公司
18954972227.txt$$$$山东楚锋塑业有限公司
18954972227_1.txt$$$$山东楚锋塑业有限公司
18954972227_2.txt$$$$山东楚锋塑业有限公司
18954983667.txt$$$$临沂市河东区文颢五金工具销售部
18954997888.txt$$$$临沂金巨电子有限公司
18955018716.txt$$$$盱眙王店正国土元养殖厂
18955103567.txt$$$$安徽地宽建筑装饰工程有限公司
18955111356.txt$$$$合肥金泉印务有限公司
18955113224.txt$$$$合肥永欣建材有限责任公司
18955117228.txt$$$$合肥胜天太阳能有限公司
18955122736.txt$$$$安徽信远包装科技有限公司
18955139431.txt$$$$合肥旭阳铝颜料有限公司
18955139431_1.txt$$$$合肥旭阳铝颜料有限公司
18955139431_2.txt$$$$合肥旭阳铝颜料有限公司
18955139431_3.txt$$$$合肥旭阳铝颜料有限公司
18955139889.txt$$$$合肥市老兵玻璃有限公司
18955159429.txt$$$$滁州扬子沃特净化设备有限公司
