18640095080_1.txt$$$$沈阳华博科技有限公司
18640095080_2.txt$$$$沈阳华博科技有限公司
18640192712.txt$$$$沈阳科大智能建筑安装工程有限公司
18640259666.txt$$$$沈阳筑邦美业室内设计有限公司
18640273650.txt$$$$沈阳卓越建筑设计院有限公司
18640285529.txt$$$$沈阳金晟维机电设备有限公司
18640302189.txt$$$$沈阳梦宝家私有限公司
18640311180.txt$$$$沈阳优诺科技有限公司
18640342879.txt$$$$沈阳祥光不锈钢水箱有限公司
18640352268.txt$$$$沈阳森海蓝制辊有限公司
18640356836.txt$$$$沈阳哈里酒店管理有限公司
18640380672.txt$$$$沈阳海地商贸有限公司
18640457921.txt$$$$沈阳名途国际旅行社有限公司
18640481191.txt$$$$沈阳鼎红装饰工程有限公司
18640560163.txt$$$$沈阳伟顺达包装材料有限公司
18640848654.txt$$$$大连金中制冷设备工程有限公司
18641163285.txt$$$$大连上德装饰工程有限公司
18641233461.txt$$$$辽宁铁路机械有限公司
18641306033.txt$$$$辽宁洁花环保科技装备有限公司
18641372015.txt$$$$沈阳品高食品有限公司
18641402307.txt$$$$沈阳瑞阳冷冻冷藏设备有限公司
18642011866.txt$$$$辽宁恒华实验室设备制造有限公司
18642196671.txt$$$$朝阳润兴重型机械轴瓦制造厂
18642502733.txt$$$$新民市韵森橱柜厂
18642757716.txt$$$$昊德（辽宁）润滑科技有限公司
18642804441.txt$$$$大连凯必特自动门科技发展有限公司
18643103721.txt$$$$吉林省五环环境工程有限公司
18643930221.txt$$$$桦甸市亚泰瓦业有限公司
18644929185.txt$$$$长春市亿品佰艺管理有限公司
18645066135.txt$$$$哈尔滨盛龙华环保科技发展有限公司
