15994425935.txt$$$$南宁市亮色办公耗材维修中心
15994437996.txt$$$$广西邕郡礼品有限公司
15994720595.txt$$$$深圳帕弗米沃泵阀有限公司
15994723152.txt$$$$东莞市湛蓝水处理科技有限公司
15994762621.txt$$$$深圳市道凯达科技实业有限公司
15994773031.txt$$$$兴丰塑料科技（惠州）有限公司
15994977180.txt$$$$莫斯克进出口有限公司
15994977180_1.txt$$$$深圳莫斯克进出口有限公司
15995003130.txt$$$$常州雨竹自动化科技有限公司
15995014498.txt$$$$安徽韩华建材科技股份有限公司
15995064610.txt$$$$江苏天润雨水利用科技有限公司
15995087801.txt$$$$常州市宏兴达制造轴承责任有限公司
15995107033.txt$$$$扬州市华泰机械制造有限公司
15995147608.txt$$$$扬州捷通供水技术设备有限公司
15995200185.txt$$$$无锡厚诚钢铁有限公司
15995260980.txt$$$$江苏双月环保设备有限公司
15995266320.txt$$$$无锡市谦协物资有限公司
15995279965.txt$$$$无锡市汉能不锈钢有限公司
15995298089.txt$$$$无锡华金喷涂防腐技术服务有限公司
15995405113.txt$$$$上海英展电子有限公司
15995405113_1.txt$$$$苏州吉隆精密仪器有限公司
15995433669.txt$$$$苏州市攀亚达筛网有限公司
15995451150.txt$$$$苏州锦至华建筑材料科技有限公司
15995486115.txt$$$$苏州盖锐特清洁设备有限公司
15995488892.txt$$$$苏州勃发市政工程有限公司
15995490160.txt$$$$苏州慧照机电设备有限公司
15995490160_1.txt$$$$苏州慧照机电设备有限公司
15995496511.txt$$$$苏州顺德不锈钢材料有限公司
15995518859.txt$$$$苏州威斯德金属制品有限公司
15995532186.txt$$$$苏州市伟业空调净化有限公司
