13851079921.txt$$$$盐城玉欣电动科技有限公司
13851095825.txt$$$$盐城腾飞环保科技有限公司
13851120006.txt$$$$江苏颂赞环保设备有限公司
13851127585.txt$$$$江苏旭日新能源有限公司
13851162051.txt$$$$江苏华翔体育设施有限公司
13851162051_1.txt$$$$江苏华翔体育设施有限公司
13851162051_2.txt$$$$江苏华翔体育设施有限公司
13851186486.txt$$$$江苏天洁环保装备有限公司
13851299211.txt$$$$连云港云连交通设施工程有限公司
13851427127.txt$$$$南京浦口区瑞亚装饰材料销售中心
13851437330.txt$$$$南京浩瑞管件有限公司
13851437330_1.txt$$$$南京浩瑞管件有限公司
13851437330_2.txt$$$$南京浩瑞管件有限公司
13851456747.txt$$$$南京科明冷暖工程有限公司
13851456747_1.txt$$$$南京科明冷暖工程有限公司
13851456747_2.txt$$$$南京科明冷暖工程有限公司
13851464628.txt$$$$江苏华飞仓储设备制造有限公司
13851464628_1.txt$$$$江苏华飞仓储设备制造有限公司
13851464628_2.txt$$$$江苏华飞仓储设备制造有限公司
13851502703.txt$$$$雄皓机电设备有限公司
13851506301.txt$$$$南京春云保洁服务有限公司
13851519955.txt$$$$南京朗行汽车租赁服务有限公司
13851526699.txt$$$$南京锐创泵业有限公司
13851564244.txt$$$$南京顶点印务有限公司
13851587928.txt$$$$南京汉特家俱有限公司
13851587928_1.txt$$$$南京汉特家俱有限公司
13851588565.txt$$$$南京承硕炉业科技有限公司
13851602286.txt$$$$南京能德新材料技术有限公司
13851604492.txt$$$$南京拧克化工机械有限公司
13851625886.txt$$$$南京山本机电有限公司
