13869212086_1.txt$$$$德州奥伦空调设备有限公司
13869212086_2.txt$$$$德州奥伦空调设备有限公司
13869213380.txt$$$$宁津嘉德机械设备有限公司
13869216657.txt$$$$宁津县德鑫网链输送设备厂
13869226939.txt$$$$武城县鲁权屯志高空调设备加工厂
13869232576.txt$$$$德州祥泰染整设备有限公司
13869232576_1.txt$$$$德州祥泰染整设备有限公司
13869240906.txt$$$$宁津县冠恒机械有限公司
13869252885.txt$$$$宁津县飞扬输送机械厂
13869252976.txt$$$$宁津鑫力达健身器材有限公司
13869252976_1.txt$$$$宁津县森发机械科技有限公司
13869268630.txt$$$$宁津县鲁冠玻璃机械有限公司
13869268630_1.txt$$$$宁津县鲁冠玻璃机械有限公司
13869268630_2.txt$$$$宁津县鲁冠玻璃机械有限公司
13869268630_3.txt$$$$宁津县鲁冠玻璃机械有限公司
13869268889.txt$$$$宁津县蕾特打包机械厂
13869271067.txt$$$$武城亚通风机有限公司
13869276139.txt$$$$德州金九机械有限公司
13869285158.txt$$$$宏祥新材料股份有限公司
13869286138.txt$$$$夏津县苏留庄镇成胜桑树种植农民专业合作社
13869290210.txt$$$$山东昆旭环保科技有限公司
13869298351.txt$$$$德力木工机械厂
13869299112.txt$$$$武城县博沃空调设备有限公司
13869312760.txt$$$$淄博耀星耐火保温材料有限公司
13869315833.txt$$$$淄博诺威美新材料有限公司
13869338181.txt$$$$淄博新益嘉化工科技有限公司
13869338181_1.txt$$$$淄博新益嘉化工科技有限公司
13869338181_2.txt$$$$淄博新益嘉化工科技有限公司
13869344999.txt$$$$山东超群道路工程有限公司
13869355971.txt$$$$淄博友胜化工设备有限公司
