13561292818.txt$$$$山东聊城汇鑫源管业有限公司
13561299903.txt$$$$山东冠县豪坤轴承铸造厂
13561303535.txt$$$$菏泽给力塑胶股份有限公司
13561350051.txt$$$$山东及时雨农林节水科技股份有限公司
13561353993.txt$$$$菏泽兴晟包装材料有限公司
13561386545.txt$$$$山东华谷食品有限公司
13561401136.txt$$$$寿光市华昌新型防水材料厂
13561405667.txt$$$$潍坊顺正金属制品有限公司
13561427120.txt$$$$诸城市同泰机械厂
13561449508.txt$$$$潍坊潍西香油机械有限公司
13561460199.txt$$$$山东阳谷鲁源机械阀门有限公司
13561466919.txt$$$$山东龙鑫源物资有限公司
13561490439.txt$$$$山东鑫达厨具加工厂
13561517798.txt$$$$山东恒丰机械有限公司
13561517798_1.txt$$$$山东恒丰机械有限公司
13561517798_2.txt$$$$山东恒丰机械有限公司
13561537361.txt$$$$邹平县鑫乐源机械设备有限公司
13561568632.txt$$$$滨州市鑫辰制冷设备有限公司
13561576815.txt$$$$山东盛世彩虹厨业有限公司
13561576815_1.txt$$$$山东盛世彩虹厨业有限公司
13561614460.txt$$$$山东文远环保科技股份有限公司
13561619854.txt$$$$张店乐烤酒店用品商行
13561619854_1.txt$$$$张店乐烤酒店用品商行
13561626770.txt$$$$山东藻慧环保科技有限公司
13561646471.txt$$$$淄博铭洲泵业有限公司
13561646471_1.txt$$$$淄博铭洲泵业有限公司
13561646471_2.txt$$$$淄博铭洲泵业有限公司
13561651959.txt$$$$淄博禹桃机械有限公司
13561661997.txt$$$$山东齐鲁乙烯化工股份有限公司
13561661997_1.txt$$$$山东齐鲁乙烯化工股份有限公司
