15517029333_2.txt$$$$虞城县富仓汽车销售有限公司
15517113507.txt$$$$郑州市奥维游乐设备有限公司
15517115857.txt$$$$郑州浩金机械设备有限公司
15517126188.txt$$$$巩义市裕顺机械制造有限公司
15517126188_1.txt$$$$巩义市裕顺机械制造有限公司
15517126188_2.txt$$$$巩义市裕顺机械制造有限公司
15517126188_3.txt$$$$巩义市裕顺机械制造有限公司
15517126188_4.txt$$$$巩义市裕顺机械制造有限公司
15517126188_5.txt$$$$巩义市裕顺机械制造有限公司
15517128057.txt$$$$河南冰雪旅游设备有限公司
15517128067.txt$$$$河南晋安机械科技有限公司
15517128067_1.txt$$$$晋安机械科技有限公司
15517128087.txt$$$$河南曼琳体育有限公司
15517128087_1.txt$$$$郑州曼琳体育用品有限公司
15517157705.txt$$$$河南汉德仓储设备有限公司
15517179763.txt$$$$河南路桥水利工程有限公司
15517187925.txt$$$$郑州市天荣建材城鑫源灯饰商行
15517188111.txt$$$$郑州市欣赏广告有限公司
15517189180.txt$$$$河南上易钢铁贸易有限公司
15517238608.txt$$$$汤阴县机械制造有限公司
15517252120.txt$$$$安阳高新区陈占只保健堂
15517272929.txt$$$$河南铭戈鑫机械设备销售有限公司
15517298101.txt$$$$河南华宜家有限公司
15517323330.txt$$$$卫辉市南庄金宇水箱销售部
15517501234.txt$$$$巩义市金龙恒吉重工机械有限公司
15517506156.txt$$$$郑州特彩建材有限公司
15517514222.txt$$$$郑州市鼎龙机械制造有限公司
15517514222_1.txt$$$$郑州市鼎龙机械制造有限公司
15517514222_2.txt$$$$郑州市鼎龙机械制造有限公司
15517514222_3.txt$$$$郑州市鼎龙机械制造有限公司
