13953632399.txt$$$$山东塑钢护栏制品有限公司
13953635353.txt$$$$诸城市金誉环保科技有限公司
13953637599.txt$$$$潍坊搏诺温控设备有限公司
13953638499.txt$$$$潍坊市振兴防水设备有限公司
13953639288.txt$$$$高密市众诺环保科技有限公司
13953639288_1.txt$$$$高密市众诺环保科技有限公司
13953639288_2.txt$$$$高密市众诺环保科技有限公司
13953642520.txt$$$$高密市冠通机械制造有限公司
13953644467.txt$$$$山东鲁涤洗涤设备有限公司
13953645741.txt$$$$青州市天崴汽车配件厂
13953645741_1.txt$$$$青州市天威汽车配件有限公司
13953648859.txt$$$$潍坊浩纺纺织有限公司
13953650611.txt$$$$寿光市隆泰新材料科技有限公司
13953655196.txt$$$$青州市东盛工贸有限公司
13953658287.txt$$$$潍坊市通用机械有限责任公司
13953659196.txt$$$$寿光市北方大地葡萄专业合作社
13953661599.txt$$$$寿光恒一化工科技有限公司
13953661599_1.txt$$$$寿光恒一化工科技有限公司
13953665638.txt$$$$寿光市金正防水材料有限公司
13953666617.txt$$$$高密市新晨木业经营部
13953666883.txt$$$$山东德泰塑业有限公司
13953676067.txt$$$$山东耐迪建筑涂装工程有限公司
13953676152.txt$$$$青州市创兴机械有限公司
13953678169.txt$$$$寿光市鑫盛达制桶厂
13953683722.txt$$$$潍坊创达机械有限公司
13953685703.txt$$$$山东东矿贸易有限公司
13953686116.txt$$$$潍坊市丽美舞台设备有限公司
13953695622.txt$$$$寿光市华源机械有限公司
13953695622_1.txt$$$$寿光市华源机械有限公司
13953695622_2.txt$$$$寿光市华源机械有限公司
