13452319746.txt$$$$重庆心随茶动餐饮管理有限公司
13452375703.txt$$$$重庆黎氏物资回收有限公司
13452388530.txt$$$$重庆弘兴仪表有限公司
13452803844.txt$$$$重庆城善工程设备租赁有限公司
13452871428.txt$$$$重庆喷浆机经营部
13452881088.txt$$$$重庆诚意广告有限公司
13452883096.txt$$$$重庆润能滤油机制造有限公司
13452967517.txt$$$$重庆邦渝汽车饰品商行
13453126563.txt$$$$山西北创伟业废旧物资回收有限公司
13453126563_1.txt$$$$山西北创伟业废旧物资回收有限公司
13453126563_2.txt$$$$山西北创伟业废旧物资回收有限公司
13453128515.txt$$$$太原鑫军美空调通风设备有限公司
13453130551.txt$$$$山西尖锋文化传媒有限公司
13453131162.txt$$$$太原华茂昌纯铁有限公司
13453136884.txt$$$$太原市尖草坪区宏原户外照明经销部
13453136884_1.txt$$$$太原市尖草坪区宏原户外照明经销部
13453136884_2.txt$$$$太原市尖草坪区宏原户外照明经销部
13453138342.txt$$$$山西净昇环保设备有限公司
13453138342_1.txt$$$$山西净昇环保设备有限公司
13453138342_2.txt$$$$山西净昇环保设备有限公司
13453141309.txt$$$$山西天禧家政服务有限公司
13453141309_1.txt$$$$山西天禧家政服务有限公司
13453141309_2.txt$$$$山西天禧家政服务有限公司
13453146832.txt$$$$山西顺沐科技有限责任公司
13453146832_1.txt$$$$山西顺沐科技有限责任公司
13453146832_2.txt$$$$山西顺沐科技有限责任公司
13453161261.txt$$$$山西万泽重工机械制造有限公司
13453165618.txt$$$$山西中德鼎立机械制造有限公司
13453182178.txt$$$$太原众诚众诚科技有限公司
13453182178_1.txt$$$$太原众诚众诚科技有限公司
