15989864390.txt$$$$东莞市乐鑫光电科技有限公司
15989872456.txt$$$$深圳飞易达电机有限公司
15989872456_1.txt$$$$深圳奥斯利智能家居有限公司
15989896110.txt$$$$深圳市特种犬护卫保安服务公司护卫八部
15989898891.txt$$$$深圳市瑞丰特电气设备有限公司
15989900746.txt$$$$广东省森诺铝业有限公司
15989906839.txt$$$$东莞哈挺机械制造有限公司
15989907920.txt$$$$东莞市蒸快厨房设备有限公司
15989907920_1.txt$$$$东莞市蒸快厨房设备有限公司
15989907920_2.txt$$$$东莞市蒸快厨房设备有限公司
15989907920_3.txt$$$$东莞市蒸快厨房设备有限公司
15989910769.txt$$$$广东大彤化工有限公司
15989910769_1.txt$$$$广东大彤化工有限公司
15989910769_2.txt$$$$广东大彤化工有限公司
15989915257.txt$$$$东莞胜天金属制品有限公司
15989915257_1.txt$$$$东莞胜天金属制品有限公司
15989915257_2.txt$$$$东莞胜天金属制品有限公司
15989919032.txt$$$$广东盈凯地坪化工科技有限公司
15989919249.txt$$$$东莞市富邦机械设备有限公司
15989924809.txt$$$$东莞市骏美装饰工程有限公司
15989935428.txt$$$$东莞市马上会计咨询有限公司
15989936289.txt$$$$东莞市弘鑫机械有限公司
15989940376.txt$$$$东莞市圣弘燃气设备有限公司
15989944060.txt$$$$东莞市梦园环境科技有限公司
15989979926.txt$$$$佛山市华坤陶瓷有限公司
15989993845.txt$$$$佛山市南海区万搏工业皮带厂
15990047780.txt$$$$杭州杭新暖通工程有限公司
15990047780_1.txt$$$$杭州杭新暖通工程有限公司
15990047780_2.txt$$$$杭州杭新暖通工程有限公司
15990125252.txt$$$$杭州哈维物流设备有限公司
