18896719339.txt$$$$昆山远创自动化设备有限公司
18896720619.txt$$$$苏州安捷讯光电科技股份有限公司
18896798457.txt$$$$苏州斯洛托克阀门有限公司
18896963185.txt$$$$昆山大鑫华激光科技有限公司
18896966315.txt$$$$科电贸易（上海）有限公司
18896984864.txt$$$$苏州上野机电设备有限公司
18897737973.txt$$$$广州银貂餐具厂
18897992568.txt$$$$萍乡市永康体育设施有限公司
18898178798.txt$$$$新野纺织股份有限公司
18898352101.txt$$$$深圳市昱安旭瓷电子科技有限公司
18898361277.txt$$$$深圳市莱胜科技有限公司
18898361350.txt$$$$深圳市华研科技有限公司
18898394654.txt$$$$中山市大鹏激光科技有限公司
18898422087.txt$$$$广州程豪香氛网络科技有限公司
18898436906.txt$$$$广州市傲彩机械
18898436906_1.txt$$$$广州市傲彩商贸有限公司
18898439181.txt$$$$广州市（傲彩）机械设备有限公司
18898439181_1.txt$$$$广州傲彩商贸有限公司
18898439196.txt$$$$广州市机械设备有限公司
18898439196_1.txt$$$$广州市傲彩商贸有限公司
18898439196_2.txt$$$$广州傲彩有限公司
18898439196_3.txt$$$$广州傲彩机械有限公司
18898452120.txt$$$$广州市傲彩设备公司
18898452120_1.txt$$$$广州市傲彩公司
18898459821.txt$$$$广州傲彩机械设备有限公司
18898496650.txt$$$$一二花鲜花店
18898496685.txt$$$$广东贝斯达汽车配件有限公司
18898498488.txt$$$$广州建音建材有限公司
18898562886.txt$$$$深圳市电商天下文化传播有限公司
18898569257.txt$$$$深圳市石晗鑫科技有限公司
