13955333210_1.txt$$$$芜湖市皖江物资供应有限公司
13955333210_2.txt$$$$芜湖市皖江物资供应有限公司
13955352196.txt$$$$芜湖市万里达新能源有限公司
13955363772.txt$$$$芜湖鑫盛叉车有限公司
13955363772_1.txt$$$$芜湖鑫盛叉车有限公司
13955363772_2.txt$$$$芜湖鑫盛叉车有限公司
13955381178.txt$$$$安徽砼宇特构科技有限公司
13955381178_1.txt$$$$安徽砼宇特构科技有限公司
13955381178_2.txt$$$$安徽砼宇特构科技有限公司
13955556278.txt$$$$马鞍山顺风移动板房有限公司
13955556278_1.txt$$$$马鞍山顺风移动板房有限公司
13955556278_2.txt$$$$马鞍山顺风移动板房有限公司
13955573948.txt$$$$海南琼露工贸有限公司
13955603137.txt$$$$合肥市霖胜热能设备有限公司
13955615984.txt$$$$桐城市利仁实业有限公司
13955900051.txt$$$$铜陵市万力航道疏浚工程有限公司
13955901188.txt$$$$铜陵市赫尔矿产品有限公司
13955933145.txt$$$$安徽科利恩洁油环保设备有限公司
13956011882.txt$$$$安徽超凡生态工程有限公司
13956015542.txt$$$$合肥福耀汽车玻璃有限公司
13956015542_1.txt$$$$合肥福耀汽车玻璃有限公司
13956022598.txt$$$$合肥安通电力电缆有限公司
13956026626.txt$$$$合肥丽舍桑拿泳池设备有限公司
13956026626_1.txt$$$$合肥丽舍桑拿泳池设备有限公司
13956031988.txt$$$$安徽省雄峰起重机械有限公司
13956036376.txt$$$$合肥市春华起重机械有限公司
13956037750.txt$$$$合肥志宝技术研发有限公司
13956037750_1.txt$$$$合肥志宝技术研发有限公司
13956037750_2.txt$$$$合肥志宝技术研发有限公司
13956040430.txt$$$$安徽吃嘴猫餐饮有限公司
