18953611566_1.txt$$$$潍坊希诺特机械科技有限公司
18953611566_2.txt$$$$潍坊希诺特机械科技有限公司
18953613738.txt$$$$诸城市恒顺机械有限公司
18953616199.txt$$$$安丘市雪景机械厂
18953617008.txt$$$$临朐县铭润金属制品有限公司
18953618309.txt$$$$青州市通达包装机械有限公司
18953618333.txt$$$$诸城市中鼎机械有限公司
18953618644.txt$$$$山东省春华机械科技有限公司
18953621616.txt$$$$潍坊佰信泓数码科技有限公司
18953635511.txt$$$$潍坊特固机械有限公司
18953635511_1.txt$$$$潍坊特固机械有限公司
18953635511_2.txt$$$$潍坊特固机械有限公司
18953635511_3.txt$$$$潍坊特固机械有限公司
18953635511_4.txt$$$$潍坊特固机械有限公司
18953635511_5.txt$$$$潍坊特固机械有限公司
18953635511_6.txt$$$$潍坊特固机械有限公司
18953637998.txt$$$$潍坊众合干燥设备厂
18953638540.txt$$$$潍坊永和建材有限公司
18953639715.txt$$$$潍坊蓄润机械设备有限公司
18953640269.txt$$$$安丘市佩恩环保设备有限公司
18953640292.txt$$$$潍坊智天工业自控设备有限公司
18953640292_1.txt$$$$潍坊智天工业自控设备有限公司
18953645616.txt$$$$寿光市海港防水材料有限公司
18953647531.txt$$$$敦行清洁设备有限公司
18953649010.txt$$$$山东路顺实业有限公司
18953658907.txt$$$$潍坊新兴华建材有限公司
18953660109.txt$$$$诸城市广优机械科技有限公司
18953661217.txt$$$$临朐华邦重工设备有限公司
18953663478.txt$$$$山东四鼎环保科技有限公司
18953664843.txt$$$$诸城市嘉业食品机械有限公司
