13628617545.txt$$$$武汉励捷机械设备有限公司
13628619366.txt$$$$武汉金盛时代装饰建材有限公司
13628636040.txt$$$$武汉市万瑞特安防科技有限公司
13628647820.txt$$$$上海添拓科贸有限公司
13628651560.txt$$$$武汉宏创美邦装饰工程有限公司
13628651560_1.txt$$$$武汉宏创美邦装饰工程有限公司
13628658977.txt$$$$鑫诚邦科技发展（武汉）有限公司
13628663329.txt$$$$武汉市恒信物资回收有限公司
13628666090.txt$$$$武汉中恒天瑞环保设备有限公司
13628668668.txt$$$$武汉市景润祥玻璃钢制品有限公司
13628680085.txt$$$$武汉林泽建筑工程有限公司
13628691922.txt$$$$武汉旭力保温材料有限公司
13628693140.txt$$$$武汉智泰文化传媒有限公司
13628694896.txt$$$$武汉鹏虎环保装饰材料有限公司
13629189933.txt$$$$咸阳彩云飞电器有限公司
13629189933_1.txt$$$$咸阳彩云飞电器有限公司
13629279308.txt$$$$西安俊娇劳保有限公司
13629295896.txt$$$$大明宫木之秀楼梯经营部
13629297149.txt$$$$西安益源包装器材衡器经销部
13629440100.txt$$$$云南汉龙达商贸有限公司
13629482149.txt$$$$成都蜀鑫物流运输有限公司
13629484291.txt$$$$云南润然农业科技有限公司
13629492022.txt$$$$官渡区藤紫建材经营部
13629492022_1.txt$$$$官渡区藤紫建材经营部
13629495900.txt$$$$昆明通杰门业有限责任公司
13629495900_1.txt$$$$昆明通杰门业有限责任公司
13629495900_2.txt$$$$昆明通杰门业有限责任公司
13629501851.txt$$$$宁夏恒森涂料有限公司
13629601999.txt$$$$云南雨神商贸有限公司
13629601999_1.txt$$$$云南雨神商贸有限公司
