18276212726.txt$$$$柳州市登榜贸易有限公司
18276380616.txt$$$$桂林启正科技有限公司
18276618668.txt$$$$合浦县正味食品有限公司
18276671553.txt$$$$广西南宁赛网广告有限公司
18276700001.txt$$$$广西金光芒亮化工程有限公司
18277170003.txt$$$$广西大都督科技有限公司
18277171179.txt$$$$南宁市聚路通投资有限责任公司
18277180912.txt$$$$南宁宇益源科技发展有限公司
18277214129.txt$$$$柳州博奥机械制造有限公司
18277580502.txt$$$$深圳市美松智能设备有限公司
18278333720.txt$$$$平乐县渡河竹鼠养殖农民专业合作社
18279070264.txt$$$$上海恒芃电器有限公司
18279113877.txt$$$$江西嘉伦网络科技有限公司
18279135566.txt$$$$江西雅邦市政工程有限公司
18279183348.txt$$$$江西战石光电科技有限公司
18279213996.txt$$$$江西蓝色马丁锅炉有限公司
18279277839.txt$$$$九江恒真市政工程有限公司
18279474292.txt$$$$上海中宇橡塑五金有限公司
18279556966.txt$$$$江西恒盛泰新材料有限公司
18279648147.txt$$$$通城县鼎丰再生资源有限公司
18279687342.txt$$$$山东百辰广告有限公司9
18279850376.txt$$$$景德镇礼加诚陶瓷有限公司
18279880111.txt$$$$合肥友发水泥预制品有限公司
18280022208.txt$$$$成都中箸筷业有限公司
18280053257.txt$$$$武侯区天亿数码产品经营部
18280070669.txt$$$$成都中租路桥工程有限公司
18280198423.txt$$$$四川名腾新材料有限公司
18280240991.txt$$$$河北托马斯机械制造有限公司
18280363844.txt$$$$成都圣浪服饰有限公司
18280372845.txt$$$$四川省今控环保科技有限公司
