15006199599.txt$$$$无锡嘉运不锈钢有限公司
15006218760.txt$$$$苏州芳旭保洁服务有限公司
15006269380.txt$$$$昆山市安达制刷有限公司
15006309066.txt$$$$博兴县中泰彩板有限公司
15006309066_1.txt$$$$博兴县中泰彩板有限公司
15006309066_2.txt$$$$博兴县中泰彩板有限公司
15006333000.txt$$$$山东君达石业有限公司
15006333000_1.txt$$$$山东君达石业有限公司
15006333000_2.txt$$$$山东君达石业有限公司
15006360108.txt$$$$诸城鑫邦塑料制品有限公司
15006360630.txt$$$$诸城市明润机械有限公司
15006370626.txt$$$$山东福阳管材有限公司
15006370822.txt$$$$聊城开发区鲁铭金属材料有限公司
15006382345.txt$$$$山东鹏嘉钢铁有限公司
15006385535.txt$$$$聊城市永邦钢管有限公司
15006389699.txt$$$$山东龙哲金属制品有限公司
15006389699_1.txt$$$$山东龙哲金属制品有限公司
15006389699_2.txt$$$$山东龙哲金属制品有限公司
15006389699_3.txt$$$$山东龙哲金属制品有限公司
15006389699_4.txt$$$$山东龙哲金属制品有限公司
15006389699_5.txt$$$$山东龙哲金属制品有限公司
15006389699_6.txt$$$$山东神龙金属制造有限公司
15006389699_7.txt$$$$山东神龙金属制造有限公司
15006395678.txt$$$$临沂宾利塑料包装厂
15006395678_1.txt$$$$临沂宾利塑料包装厂
15006395678_2.txt$$$$临沂宾利塑料包装厂
15006396655.txt$$$$聊城市东昌府区家美特装饰材料有限公司
15006407915.txt$$$$济南三江顺通工贸有限公司
15006407999.txt$$$$山东皓通信息科技有限公司
15006465546.txt$$$$诸城市龙翔工贸有限公司
