18853994959.txt$$$$济南恒星新能源有限公司
18854089909.txt$$$$山东中杰特种装备股份有限公司
18854101066.txt$$$$济南万兴达化工有限公司
18854101685.txt$$$$山东加泽净化工程有限公司
18854111266.txt$$$$天津鹏坤化工有限公司
18854157398.txt$$$$济南市金科伟业有限公司
18854157398_1.txt$$$$济南市金科伟业有限公司
18854170575.txt$$$$山东星辰广告材料有限公司
18854178854.txt$$$$济南泉跃数控机械有限公司
18854192591.txt$$$$山东济南易雕数控设备有限公司
18854210062.txt$$$$潍坊大先生商贸有限公司
18854253521.txt$$$$青岛圣亚达环保科技有限公司
18854311668.txt$$$$邹平华伟机械设备有限公司
18854367394.txt$$$$山东华明环保设备有限公司
18854373467.txt$$$$邹平鑫乐源机械设备有限公司
18854487866.txt$$$$临沂金鼎汽车贸易有限公司
18854588999.txt$$$$山东永吉安消防科技有限公司
18854639628.txt$$$$山东沃隆环境工程有限公司
18854702910.txt$$$$山东驰通重工机械有限公司
18854710730.txt$$$$曲阜市力锋机械科技有限公司
18854710730_1.txt$$$$曲阜市力锋机械科技有限公司
18854729991.txt$$$$梁山县兆旺二手化工设备经营部
18854786212.txt$$$$济宁畅通达工程机械有限公司
18854786212_1.txt$$$$济宁畅通达工程机械有限公司
18854786212_2.txt$$$$济宁畅通达工程机械有限公司
18854786212_3.txt$$$$济宁畅通达工程机械有限公司
18854793395.txt$$$$济宁腾信矿山设备有限公司
18854799208.txt$$$$济宁时兴机械设备有限公司
18854851168.txt$$$$肥城市于臣苗木种植专业合作社
18854851168_1.txt$$$$肥城市于臣苗木种植专业合作社
