13915582828_1.txt$$$$苏州市英达服装技术培训学校
13915582828_2.txt$$$$苏州市英达服装技术培训学校
13915592206.txt$$$$泰科阀门有限公司
13915592206_1.txt$$$$泰科阀门有限公司
13915592206_2.txt$$$$泰科阀门有限公司
13915595609.txt$$$$苏州达亨电子有限公司
13915597129.txt$$$$苏州祥谷电子商务有限公司
13915621512.txt$$$$常熟市常福街道域图服装厂
13915621512_1.txt$$$$常熟市常福街道域图服装厂
13915630998.txt$$$$江苏常明电力设备有限公司
13915656635.txt$$$$苏州市利环温室大棚工程有限公司
13915659364.txt$$$$昆山旋压金属制品有限公司
13915681085.txt$$$$张家港宏泰人造草坪有限公司
13915693289.txt$$$$苏州新欧机械有限公司
13915703427.txt$$$$中国江苏佳成科技股份有限公司
13915705705.txt$$$$张家港市恒封石化配件厂
13915754781.txt$$$$上海立方二手挖掘机（合肥）办事处
13915755008.txt$$$$上海永泰门业有限公司
13915789415.txt$$$$太仓吉富如包装制品有限公司
13915789987.txt$$$$昆山法黎鑫金属制品有限公司
13915789987_1.txt$$$$昆山法黎鑫金属制品有限公司
13915789987_2.txt$$$$昆山法黎鑫金属制品有限公司
13915798433.txt$$$$江苏欧仕达环保通风设备有限公司
13915800251.txt$$$$常州金坛精达仪器制造有限公司
13915839649.txt$$$$常州市凯美装饰工程有限公司
13915841327.txt$$$$江苏驰隆环境科技有限公司
13915844696.txt$$$$常州广贤钢铁贸易有限公司
13915847184.txt$$$$常州巨方机械设备有限公司
13915928095.txt$$$$南京邦翔电子科技有限公司
13915944939.txt$$$$南京道远玻璃科技有限公司
