18225515313.txt$$$$安徽乐辉物资回收有限公司
18225606837.txt$$$$安徽旺掌柜财税服务有限公司
18225658257.txt$$$$安徽锦天环保科技有限公司
18225658257_1.txt$$$$安徽锦天环保科技有限公司
18225658257_2.txt$$$$安徽锦天环保科技有限公司
18225671715.txt$$$$安徽翔驰电子科技有限公司
18225715266.txt$$$$潜山志源制刷有限公司
18225806601.txt$$$$安徽欧瑞热控科技有限公司
18225830052.txt$$$$合肥弘扬工艺品厂
18225855297.txt$$$$安徽联塔盛通机械制造有限公司
18225860442.txt$$$$安徽中设国际会展集团有限公司
18225894676.txt$$$$安徽快通管道清洗科技有限公司
18226068721.txt$$$$亳州市谯城区众协药材种植专业合作社
18226136566.txt$$$$合肥永洁净化工程有限公司
18226149359.txt$$$$合肥烨平机房设备有限公司
18226149359_1.txt$$$$合肥烨平机房设备有限公司
18226149359_2.txt$$$$合肥烨平机房设备有限公司
18226166333.txt$$$$安徽徽正餐饮管理有限公司
18226191788.txt$$$$合肥鸿强冶金科技有限公司
18226191788_1.txt$$$$合肥鸿强冶金科技有限公司
18226370688.txt$$$$阜阳市颍州区王店镇瑞美奇沙发厂
18226536991.txt$$$$雄名航空科工（芜湖）股份有限公司
18226652699.txt$$$$安徽快牛网络科技有限公司
18226652699_1.txt$$$$安徽快牛网络科技有限公司
18226657715.txt$$$$安徽快马信息科技有限公司
18226658115.txt$$$$合肥腾日工业技术有限公司
18226658115_1.txt$$$$合肥腾日工业技术有限公司
18226658115_2.txt$$$$合肥腾日工业技术有限公司
18226687321.txt$$$$临沂微企邦网络技术服务有限公司
18226728789.txt$$$$芜湖市鑫龙彩印包装有限公司
