18056065567_2.txt$$$$合肥绿能智能测控有限公司
18056075023.txt$$$$安徽中设明德会展有限公司
18056084451.txt$$$$合肥音特语音导览科技有限公司
18056092168.txt$$$$安徽好利得制冷工程设备有限公司
18056099546.txt$$$$合肥忆百分教育咨询有限公司
18056099546_1.txt$$$$合肥忆百分教育咨询有限公司
18056099546_2.txt$$$$合肥忆百分教育咨询有限公司
18056099925.txt$$$$安徽圣宇祥金属材料有限公司
18056209997.txt$$$$铜陵市狮子山区美大建材经营部
18056333650.txt$$$$安徽华生机电集团有限公司
18056333650_1.txt$$$$安徽华生机电集团有限公司
18056333650_2.txt$$$$安徽华生机电集团有限公司
18056376661.txt$$$$安徽广正新能源科技有限公司
18056376661_1.txt$$$$安徽广正新能源科技有限公司
18056376661_2.txt$$$$安徽广正新能源科技有限公司
18056390118.txt$$$$宁国市芬德格林节能门窗有限公司
18056418612.txt$$$$六安市裕安区九工公共设施经营部
18056418612_1.txt$$$$六安市裕安区九工公共设施经营部
18056418612_2.txt$$$$六安市裕安区九工公共设施经营部
18056496664.txt$$$$六安市傅前山塑料制品有限公司
18056510322.txt$$$$合肥雄强科技有限公司
18056518807.txt$$$$合肥易涂捷威节能科技有限公司
18056630666.txt$$$$安徽中城新型建材有限公司
18056685853.txt$$$$安徽亚太沃德建材有限公司
18056800662.txt$$$$亳州市速达会计服务有限公司
18056867953.txt$$$$合肥市德控仪表有限公司
18056869380.txt$$$$合肥瑶海区丽江彩钢夹心板加工厂
18056869380_1.txt$$$$合肥瑶海区丽江彩钢夹心板加工厂
18056870851.txt$$$$合肥先明广告装饰有限公司
18056876654.txt$$$$安徽金柠檬财务管理有限公司
