15915954594.txt$$$$广州筑影数码科技有限公司
15915962709.txt$$$$深圳市宝安区西乡远航包装厂广州分公司
15915970158.txt$$$$广州市蓝祺生物有限公司
15915983616.txt$$$$广州齐骏电子有限公司
15916050378.txt$$$$佛山市艺非凡金属制品有限公司
15916081901.txt$$$$佛山市顺德伦教准发木工机械厂
15916097262.txt$$$$佛山市顺德区元成机械厂
15916119992.txt$$$$深圳华南天城机床配件有限公司
15916142123.txt$$$$东莞市塘厦纳鸿钢材商行
15916179740.txt$$$$佛山市翁开尔贸易有限公司
15916318158.txt$$$$上海励泰展览服务有限公司
15916329339.txt$$$$艾诺基（珠海）环境科技制造有限公司
15916456762.txt$$$$侨氏达塑胶材料有限公司
15916583808.txt$$$$佛山市弘辉环保节能科技有限公司
15916588267.txt$$$$广东德工化工有限公司
15916750719.txt$$$$东莞市正启金属制品有限公司
15916765777.txt$$$$东莞市长安鲁一数控精密刀具经营部
15916772198.txt$$$$东莞市石碣兴晟五金模具配件加工店
15916777628.txt$$$$东莞市虎门明金皮带扣厂
15916809579.txt$$$$东莞市久宏机械有限公司
15916809579_1.txt$$$$东莞市久宏机械有限公司
15916812083.txt$$$$东莞市欣源宏再生资源回收有限公司
15916812083_1.txt$$$$东莞市欣源宏再生资源回收有限公司
15916812083_2.txt$$$$东莞市欣源宏再生资源回收有限公司
15916822629.txt$$$$广东台宏光电科技有限公司
15916825456.txt$$$$东莞市腾辉环保机械设备有限公司
15916861157.txt$$$$东莞市杰瑞电气科技有限公司
15916861157_1.txt$$$$东莞市杰瑞电气科技有限公司
15916861157_2.txt$$$$东莞市杰瑞电气科技有限公司
15916868711.txt$$$$东莞市锋鑫再生资源回收有限公司
