18739215213.txt$$$$鹤壁市汇恩生物科技有限公司
18739238788.txt$$$$河南鼎源煤炭有限公司
18739273300.txt$$$$鹤壁市众信禽业有限公司
18739298980.txt$$$$中展普仁国际展览有限公司
18739310357.txt$$$$北京迪高隔断技术有限公司
18739339315.txt$$$$濮阳市元鑫家俱有限公司
18739366612.txt$$$$河南百士乐涂料有限公司
18739366612_1.txt$$$$河南百士乐涂料有限公司
18739366612_2.txt$$$$河南百士乐涂料有限公司
18739739975.txt$$$$河南九州电力杆塔有限责任公司
18739787516.txt$$$$太康县永顺利豆芽机械有限公司
18739787516_1.txt$$$$河南永顺利豆芽机械有限公司
18739920306.txt$$$$河南鼎良商贸有限公司
18739930126.txt$$$$河南小红帽瓷砖美缝有限公司
18739930827.txt$$$$郑州东阳耐火材料有限公司
18739931230.txt$$$$郑州利都机械设备有限公司
18739935650.txt$$$$河南飞豹游乐设备有限公司
18739935650_1.txt$$$$河南飞豹游乐设备有限公司
18739935650_2.txt$$$$河南飞豹游乐设备有限公司
18739935810.txt$$$$郑州企阳典克展览有限公司
18739938524.txt$$$$河南九义科技有限公司
18739943134.txt$$$$郑州逸维电子商务有限公司
18739975098.txt$$$$郑州重尘科技有限公司
18740028330.txt$$$$沈阳彤江食品机械设备有限责任公司
18740039260.txt$$$$沈阳天屹科技有限公司
18740084727.txt$$$$沈阳意盛装饰工程有限公司
18740353581.txt$$$$陕西旭峰会展有限公司
18740430027.txt$$$$陕西科创纵横网络科技有限公司
18740450104.txt$$$$西安康特塑胶体育制品有限公司
18740450104_1.txt$$$$西安康特塑胶体育制品有限公司
