13528720422.txt$$$$珠海市中深有限有限公司
13528735877.txt$$$$深圳市至远光电科技有限公司
13528781717.txt$$$$深圳市好环境低碳节能环保科技有限公司
13528782082.txt$$$$深圳市航彩化工科技有限公司
13528797925.txt$$$$深圳市佳丰华智能制造科技有限公司
13528801884.txt$$$$深圳市世微半导体有限公司
13528814578.txt$$$$深圳泽富田科技有限公司
13528819118.txt$$$$深圳市红鑫保洁服务有限公司
13528820043.txt$$$$深圳市林上科技有限公司
13528829679.txt$$$$深圳友诚电子有限公司
13528838152.txt$$$$深圳市怡和兴工业材料有限公司
13528844958.txt$$$$深圳市子炅塑胶电子有限公司
13528859341.txt$$$$深圳市光通网传科技有限公司
13528862918.txt$$$$深圳市纳克斯达科技有限公司
13528865433.txt$$$$深圳市宝安区贝思特电子材料行
13528865433_1.txt$$$$深圳市弘睿电子科技有限公司
13528879936.txt$$$$深圳市欧德美液压设备有限公司
13528881516.txt$$$$深圳宏祥高空车租赁有限公司
13528881602.txt$$$$深圳市龙兴清洁服务有限公司
13528881602_1.txt$$$$深圳市龙兴清洁服务有限公司
13528881602_2.txt$$$$深圳市龙兴清洁服务有限公司
13528885711.txt$$$$深圳市隆鑫润滑油有限公司
13528904574.txt$$$$广东毅科新材料有限公司
13528908740.txt$$$$广东耐迪化工有限公司
13528936668.txt$$$$佛山市源航机械有限公司
13528939572.txt$$$$佛山市绿森环保科技有限公司
13528939572_1.txt$$$$佛山市绿森环保科技有限公司
13528939572_2.txt$$$$佛山市绿森环保科技有限公司
13528977035.txt$$$$佛山禅城区众钰金属制品厂
13528995553.txt$$$$佛山市顺固防水补漏工程有限公司
