13785880330.txt$$$$安平县长诺丝网制品有限公司
13785885877.txt$$$$安平县龚祥丝网制品有限公司
13785887812.txt$$$$衡水建通新材料科技有限公司
13785887812_1.txt$$$$建通工程材料有限公司
13785890735.txt$$$$安平县朗润丝网制品有限公司
13785891119.txt$$$$安平县海锐丝网制品厂
13785891851.txt$$$$衡水轩森商贸有限公司
13785936100.txt$$$$秦皇岛百图网络科技有限公司
13785950344.txt$$$$任县宗升机械制造厂
13785950344_1.txt$$$$任县宗升机械制造厂
13785950344_2.txt$$$$任县宗升机械制造厂
13785955917.txt$$$$邢台沈带机械制造有限公司
13785955917_1.txt$$$$邢台沈带机械制造有限公司
13785955917_2.txt$$$$邢台沈带机械制造有限公司
13785956968.txt$$$$邢台宏亚机械制造有限公司
13785962793.txt$$$$任县泰偌丰机械设备厂
13785962971.txt$$$$任县万全机械厂
13785977675.txt$$$$任县通泰机械厂
13785977675_1.txt$$$$任县通泰机械厂
13785977675_2.txt$$$$任县通泰机械厂
13786130065.txt$$$$湖南省金凤凰生物科技有限公司
13786190977.txt$$$$湖南省浏阳旺光节能环保科技有限公司
13786308169.txt$$$$株洲老长江装配中心有限责任公司
13786312426.txt$$$$株洲正和机电科技有限公司
13786335222.txt$$$$株洲市完全科技有限公司
13786402543.txt$$$$湖南金悦降解塑料制品有限公司
13786569857.txt$$$$佛山通明网络科技有限公司
13786761000.txt$$$$长沙市雨花区环路景石销售部
13786892789.txt$$$$新化县天辰精密电子陶瓷有限公司
13787027031.txt$$$$湖南良泰阀门有限公司
