18204271314.txt$$$$临沂市百辰广告有限公司
18204392456.txt$$$$临沂云熙商贸有限公司
18204588452.txt$$$$福州市黄同茄管理有限责任公司
18205035026.txt$$$$无锡佳能激光设备有限公司
18205036661.txt$$$$无锡市盈鑫建材有限公司
18205071022.txt$$$$扬州市东溱涂装机械有限公司
18205207910.txt$$$$马鞍山市弘嘉机械制造有限公司
18205209574.txt$$$$徐州利根冷暖设备有限公司
18205325039.txt$$$$青岛中拓塑业有限公司
18205340411.txt$$$$德州力硕环保设备有限公司
18205345138.txt$$$$寿光市中顺建筑安装工程有限公司
18205345328.txt$$$$山东江瀚中央空调有限公司
18205346433.txt$$$$武城县晟铔通空调设备有限公司
18205347226.txt$$$$山东厚朴科技有限责任公司
18205362721.txt$$$$安徽女神建材科技集团有限公司
18205362721_1.txt$$$$安徽女神建材科技集团有限公司
18205362721_2.txt$$$$安徽女神建材科技集团有限公司
18205386333.txt$$$$山东钰力起重机械有限公司
18205386333_1.txt$$$$山东钰力起重机械有限公司
18205386333_2.txt$$$$山东钰力起重机械有限公司
18205386333_3.txt$$$$山东钰力起重机械有限公司
18205473983.txt$$$$济宁顺衍机械设备有限公司
18205484000.txt$$$$泰安市泰山区华泽源苗木销售中心
18205484000_1.txt$$$$泰安市泰山区华泽源苗木销售中心
18205484000_2.txt$$$$泰安市泰山区华泽源苗木中心
18205519696.txt$$$$合肥唯彩喷画有限公司
18205519696_1.txt$$$$合肥唯彩喷画有限公司
18205531666.txt$$$$安徽誉和保安服务有限公司
18205579701.txt$$$$宿州市强盛食品机械制造有限公司
18205618377.txt$$$$安徽省中坤元新型建材有限公司
