13832763778.txt$$$$沧州永江机械有限公司
13832769318.txt$$$$河北奥蓝德钢管厂
13832771611.txt$$$$沧州捷达管件制造有限公司
13832775647.txt$$$$沧州蓝圣环保设备有限公司
13832779381.txt$$$$河北乾坤防腐管件有限公司
13832782444.txt$$$$河北富舜管道设备制造有限公司
13832784357.txt$$$$泊头星航波纹管制造有限公司
13832788147.txt$$$$沧州龙盛管道装备制造有限公司
13832797328.txt$$$$华维输送机有限公司
13832939291.txt$$$$河北林瑞天丞建材有限公司
13833000353.txt$$$$深圳市南山区赵志广贸易商行
13833000651.txt$$$$雄县鹏威塑料型材制品有限公司
13833001206.txt$$$$河北骏辰星进出口贸易有限公司
13833002507.txt$$$$北京尚发国际会展有限公司
13833003025.txt$$$$尚发国际展览有限公司
13833003302.txt$$$$曲阳县旺通石材雕塑有限公司
13833003302_1.txt$$$$曲阳县旺通石材雕塑有限公司
13833003302_2.txt$$$$曲阳县旺通石材雕塑有限公司
13833003728.txt$$$$河北尙发会展服务有限公司
13833005586.txt$$$$河北蓝宏输送机械制造有限公司
13833028112.txt$$$$博野县天锦园林绿化工程有限公司
13833047007.txt$$$$雄县鑫财塑料制品有限公司
13833053648.txt$$$$河北塔旺彩涂有限公司
13833057771.txt$$$$保定国路模具制造有限公司
13833057771_1.txt$$$$保定国路模具制造有限公司
13833062379.txt$$$$雄县杜陈红薯专业合作社
13833066546.txt$$$$河北鑫兴泵业有限公司
13833069436.txt$$$$雄县天德包装厂
13833115685.txt$$$$河北龙港钢铁有限公司
13833115685_1.txt$$$$河北龙港钢铁有限公司
