18268803579.txt$$$$杭州华卫环保工程有限公司
18268813902.txt$$$$杭州涵顺通风工程有限公司
18268819269.txt$$$$杭州冠捷泰睿商贸有限公司
18268836784.txt$$$$杭州市西湖区宏光数码图文制作社
18269000536.txt$$$$广西旭众食品机械有限公司
18269622621.txt$$$$贵港市覃塘区狮子山港汇石灰钙粉厂
18269651119.txt$$$$广西贵港市铟盛材料科技有限公司
18269907178.txt$$$$池州市金州新型建材有限公司
18270061468.txt$$$$赣州潮亚隔断工程有限公司
18270068834.txt$$$$纽荷尔脐橙苗基地
18270203167.txt$$$$杭州安居管道工程有限公司
18270218887.txt$$$$布兰康科技有限公司
18270290815.txt$$$$河源市好特化工有限公司
18270602888.txt$$$$卫辉市华伟矿山机械有限公司
18270740829.txt$$$$赣州市专业打井服务商
18271128422.txt$$$$湖北贵泉新型节能建筑材料有限公司
18271133639.txt$$$$温泉泉露净水器经营部
18271311625.txt$$$$苏州春崇机械制造有限公司
18271311625_1.txt$$$$苏州春崇机械制造有限公司
18271311625_2.txt$$$$苏州春崇机械制造有限公司
18271489188.txt$$$$孝感伟科工业电炉有限公司
18271517154.txt$$$$程力专用汽车股份有限公司
18271521819.txt$$$$湖北凯力专用汽车有限公司
18271521819_1.txt$$$$湖北凯力专用汽车有限公司
18271521819_2.txt$$$$湖北凯力专用汽车有限公司
18271587334.txt$$$$深圳市隆昌电机有限公司
18271587334_1.txt$$$$深圳市慧盛科技有限公司
18271646910.txt$$$$黄石市佳美铝业有限公司
18271814030.txt$$$$湖北灵坦机电设备有限公司
