13751397184_5.txt$$$$广州丝印机移印机械有限公司
13751397184_6.txt$$$$珠海丝印机移印机械有限公司
13751397184_7.txt$$$$杭州市丝印机移印机械有限公司
13751397184_8.txt$$$$重庆市丝印机移印机械有限公司
13751397184_9.txt$$$$厦门市丝印机移印机械有限公司
13751414906.txt$$$$东莞市宝化塑胶原料有限公司
13751428287.txt$$$$广东蘑菇云智能装备有限公司
13751440906.txt$$$$东莞市旭阳物流货运有限公司
13751445500.txt$$$$东莞市森烁光伏科技有限公司
13751445768.txt$$$$东莞市一举物流
13751470564.txt$$$$东莞市新势力光电科技有限公司
13751470564_1.txt$$$$东莞市新势力光电科技有限公司
13751473631.txt$$$$东莞市恒骏仪器设备有限公司
13751481615.txt$$$$东莞市开云科技开发有限公司
13751490769.txt$$$$东莞市冠菲五金电子有限公司
13751498988.txt$$$$东莞市亨坤电子有限公司
13751498988_1.txt$$$$东莞市亨坤电子有限公司
13751511434.txt$$$$佛山市传承龙狮文化有限公司
13751511434_1.txt$$$$佛山市传承龙狮文化有限公司
13751511434_2.txt$$$$佛山壹美广告策划有限公司
13751512810.txt$$$$佛山市南海聚丰实业有限公司
13751512821.txt$$$$佛山市雄健建材有限公司
13751514907.txt$$$$佛山伟江盛五金制品有限公司
13751525176.txt$$$$佛山市友幸福包装制品有限公司
13751530389.txt$$$$佛山市顺德区杏坛镇宇辉塑机厂
13751533412.txt$$$$意大利卡百利集团股份有限公司
13751573002.txt$$$$惠州市佳一美金属表面处理有限公司
13751575577.txt$$$$惠州森柏城科技有限公司
13751597997.txt$$$$惠州市惠城区洁通管道疏通
13751710118.txt$$$$广州市艺帆展览集团服务有限公司
