15832602780_1.txt$$$$佛山市顺德区峰硕家具有限公司
15832602780_2.txt$$$$佛山市顺德区峰硕家具有限公司
15832610888.txt$$$$廊坊万福保温材料有限公司
15832617781.txt$$$$霸州市康仙庄兴顺通信线路工具厂
15832630238.txt$$$$固安县景霞过滤设备有限公司
15832633890.txt$$$$廊坊市廊青环保工程技术有限公司
15832680396.txt$$$$天联线缆有限责任公司
15832706386.txt$$$$河北东翔环保设备有限公司
15832721214.txt$$$$沧县奥缘水暖管件厂
15832725775.txt$$$$盐山兴松钢管有限公司
15832748568.txt$$$$泊头市奥胜防爆工具有限公司
15832752598.txt$$$$河间市金盛电力器材有限公司
15832754399.txt$$$$河北乾蓝环保工程有限公司
15832755878.txt$$$$沧州一诺机床附件制造有限公司
15832759717.txt$$$$河北天元钢管制造有限公司
15832759717_1.txt$$$$河北天元钢管制造有限公司
15832767099.txt$$$$沧州荣邦管道制造有限公司
15832769052.txt$$$$沧州市森昊管道有限公司
15832790444.txt$$$$沧州镇天管道装备制造有限公司
15832807350.txt$$$$盐山康达体育器材有限公司
15832810928.txt$$$$衡水市祥伟水利机械厂
15832830030.txt$$$$冀州市虹阳散热器有限责任公司
15832831111.txt$$$$冀州市金明春暖气片有限公司
15832831111_1.txt$$$$冀州市金明春暖气片有限公司
15832840444.txt$$$$故城县铭扬帆布制品有限公司
15832848792.txt$$$$河北盛润玻璃钢设备有限公司
15832872097.txt$$$$衡水市桃城区洁佳货架经销处
15832912050.txt$$$$邢台曹栋机械厂
15832914399.txt$$$$内丘县泓峰石材加工厂
15832914399_1.txt$$$$内丘县泓峰石材加工厂
