18695812656.txt$$$$郑州飞沃环保设备有限公司
18695817156.txt$$$$河南维科特利环保科技有限公司
18695829595.txt$$$$河南宏兴清洗设备有限公司
18695839384.txt$$$$河南豫捷机械设备有限公司
18695843223.txt$$$$郑州互惠农业科技有限公司
18695848681.txt$$$$成都海名汇博会展策划有限公司
18695857220.txt$$$$河南三连星科技有限公司
18695860916.txt$$$$河南安吉塑料机械有限公司
18695860916_1.txt$$$$河南安吉塑料机械有限公司
18695877266.txt$$$$郑州伊童乐儿童游乐设备有限公司
18695880810.txt$$$$巩义市金泓达管业有限公司
18695885786.txt$$$$河南恒盛环保科技有限公司
18695885786_1.txt$$$$河南恒盛环保科技有限公司
18695885786_2.txt$$$$河南恒盛环保科技有限公司
18695886569.txt$$$$巩义市世龙净水材料有限公司
18695889092.txt$$$$荥阳市南博万游乐设备厂
18695889092_1.txt$$$$荥阳市南博万游乐设备厂
18695890777.txt$$$$河南省均东机械设备有限公司
18695895550.txt$$$$河南花都时代家具有限公司
18695897194.txt$$$$河南正诚机械设备有限公司
18695902757.txt$$$$河南云高天程科技有限公司
18695906262.txt$$$$河南科岚新风环境技术有限公司
18695938821.txt$$$$河南蓝翼环保科技有限公司
18695956086.txt$$$$安阳煜鼎冶金有限公司
18695956086_1.txt$$$$安阳煜鼎冶金有限公司
18695956086_2.txt$$$$安阳煜鼎冶金有限公司
18695972899.txt$$$$新野县长生康生物科技有限公司
18696006527.txt$$$$湖北中尚装饰工程设计有限公司
18696013651.txt$$$$湖北省艾利传动设备有限公司
18696090399.txt$$$$湖北咸宁孟海吊篮租赁有限公司
