13503798025.txt$$$$河南林丰装饰工程有限公司
13503798822.txt$$$$洛阳泽铭清洗设备有限公司
13503801738.txt$$$$新乡市阿瑞尔机械有限公司
13503801805.txt$$$$新乡市鹏锦特种电机有限公司
13503808694.txt$$$$新乡市菱方圆金属材料有限公司
13503810716.txt$$$$郑州市鑫源机械制造有限公司
13503810716_1.txt$$$$郑州市鑫源机械制造有限公司
13503810716_2.txt$$$$郑州市鑫源机械制造有限公司
13503821672.txt$$$$河南德胜电子技术有限公司
13503821805.txt$$$$巩义市全鑫机械厂
13503823685.txt$$$$温县泰明实业有限公司
13503826865.txt$$$$巩义市辰宇机械制造有限公司
13503826865_1.txt$$$$巩义市辰宇机械制造有限公司
13503826865_2.txt$$$$巩义市辰宇机械制造有限公司
13503828838.txt$$$$河南绮雯面膜总公司
13503828838_1.txt$$$$河南绮雯面膜总公司
13503828838_2.txt$$$$河南绮雯面膜总公司
13503841845.txt$$$$郑州金华液压配件有限公司
13503842175.txt$$$$河南欣科表面工程有限公司
13503847012.txt$$$$双泰重工机械制造有限公司
13503851788.txt$$$$郑州力胜机械有限公司
13503851788_1.txt$$$$郑州力胜机械有限公司
13503851788_2.txt$$$$郑州力胜机械有限公司
13503852001.txt$$$$郑州安固瓦业有限公司
13503882878.txt$$$$偃师容宝印铁制桶有限公司
13503882878_1.txt$$$$偃师容宝印铁制桶有限公司
13503888781.txt$$$$河南三杰热电科技股份有限公司
13503889166.txt$$$$河南民生特种装备有限公司
13503900119.txt$$$$南阳晖康商贸有限公司
13503950863.txt$$$$郾城区城关镇瑞康塑料模具经销部
