13335196877_2.txt$$$$山东格特数控机械有限公司
13335196877_3.txt$$$$济南格特数控机械有限公司
13335196877_4.txt$$$$山东格特数控设备有限公司
13335196968.txt$$$$济南宏牛机械设备有限公司
13335199280.txt$$$$济南金江液压机械有限公司
13335199280_1.txt$$$$济南金江液压机械有限公司
13335199280_2.txt$$$$济南金江液压机械有限公司
13335210229.txt$$$$山东博工机械制造有限公司
13335231256.txt$$$$山东博坤新材料装备有限公司
13335250956.txt$$$$潍坊市东茂防水建材有限公司
13335253131.txt$$$$潍坊修球生物工程有限公司
13335261282.txt$$$$百昌网络科技有限公司
13335262934.txt$$$$诸城市奥鑫食品机械有限公司
13335270238.txt$$$$山东福富新材料科技有限公司
13335283612.txt$$$$泰安市秉新包装材料有限公司
13335289111.txt$$$$泰安开发区鸣海园艺场
13335289910.txt$$$$山东爱客多热能科技有限公司
13335289910_1.txt$$$$山东爱客多热能科技有限公司
13335292677.txt$$$$山东泰驰家具有限公司
13335292677_1.txt$$$$山东泰驰家具有限公司
13335381028.txt$$$$陕西西安柯华钢铁有限公司
13335381028_1.txt$$$$陕西西安柯华钢铁有限公司
13335381028_2.txt$$$$陕西西安柯华钢铁有限公司
13335388120.txt$$$$西安居美安智能科技有限公司
13335462699.txt$$$$宝鸡市世缘艺术雕塑景观工程有限公司
13335483214.txt$$$$西安梵迪生物科技有限公司
13335591458.txt$$$$铜陵市爱年骡马运输有限公司
13335591458_1.txt$$$$铜陵市爱年骡马运输有限公司
13335643777.txt$$$$安徽琪祥电气科技有限公司
13335643777_1.txt$$$$安徽琪祥电气科技有限公司
