18688681591.txt$$$$东莞市科磊实业有限公司
18688685754.txt$$$$东莞市川木实业有限公司
18688686438.txt$$$$东莞市威格自动化设备有限公司
18688686438_1.txt$$$$东莞市威格自动化设备有限公司
18688686438_2.txt$$$$东莞市威格自动化设备有限公司
18688687171.txt$$$$东莞市富可木业有限公司
18688687171_1.txt$$$$东莞市富可木业有限公司
18688687171_2.txt$$$$东莞市富可木业有限公司
18688691532.txt$$$$东莞市弘艺塑胶科技有限公司
18688700097.txt$$$$深圳市朗天动影技术有限公司
18688700661.txt$$$$深圳市聪咪益智科技有限公司
18688700661_1.txt$$$$深圳市聪咪益智科技有限公司
18688706869.txt$$$$深圳市环球博洋机电科技有限公司
18688719671.txt$$$$深圳市鑫悦购网络科技有限公司
18688747758.txt$$$$广州艺境环保科技有限公司
18688770776.txt$$$$深圳市捷泰欣通信设备有限公司
18688773929.txt$$$$深圳市易勇木业有限公司
18688779298.txt$$$$深圳市金利净化技术有限公司
18688779424.txt$$$$东莞市凯品五金制品有限公司
18688782642.txt$$$$深圳市文启线路板有限公司
18688784599.txt$$$$深圳市连欣科技有限公司
18688796006.txt$$$$东莞市耘捷智能科技有限公司
18688796006_1.txt$$$$东莞市耘捷智能科技有限公司
18688805750.txt$$$$佛山市溢升五金制品有限公司
18688811930.txt$$$$东莞市鸿程展览有限公司
18688811930_1.txt$$$$东莞市鸿程展览有限公司
18688811930_2.txt$$$$东莞市鸿程展览有限公司
18688812892.txt$$$$东莞市普鹏塑胶原料有限公司
18688817789.txt$$$$东莞市天车汽车技术有限公司
18688820210.txt$$$$深圳喜乐钢琴租赁连锁有限公司
