18903227559.txt$$$$河北宣驰塑料制品有限公司
18903261763.txt$$$$大城县康特保温材料厂
18903266660.txt$$$$固安县方兴过滤设备有限公司
18903285627.txt$$$$衡水嘉迈商贸有限公司
18903298985.txt$$$$新河县前进水工机械厂
18903300598.txt$$$$邯郸市奇宇光电有限公司
18903324888.txt$$$$保定市清苑区辉腾模具加工厂
18903345935.txt$$$$秦皇岛金哲国际象棋俱乐部
18903348531.txt$$$$秦皇岛市金丰房地产开发有限公司
18903355292.txt$$$$昌黎县兆阳装饰材料商店
18903355292_1.txt$$$$昌黎县兆阳装饰材料商店
18903355292_2.txt$$$$昌黎县兆阳装饰材料商店
18903392263.txt$$$$河北五星电力设备有限公司
18903439137.txt$$$$太原市万柏林区恒达不锈钢经销部
18903439137_1.txt$$$$山西省万柏林区恒达不锈钢经销部
18903444852.txt$$$$北京鑫太城谷科技有限公司
18903512203.txt$$$$山西弘申通达机电设备工程有限公司
18903512203_1.txt$$$$山西弘申通达机电设备工程有限公司
18903512203_2.txt$$$$山西弘申通达机电设备工程有限公司
18903512275.txt$$$$山西荣盛通管道工程有限公司
18903512275_1.txt$$$$山西荣盛通管道工程有限公司
18903512275_2.txt$$$$山西荣盛通管道工程有限公司
18903514148.txt$$$$山西天朗科技发展有限公司
18903514148_1.txt$$$$山西天朗科技发展有限公司
18903514148_2.txt$$$$山西天朗科技发展有限公司
18903519527.txt$$$$山西华安科达安防科技有限公司
18903519527_1.txt$$$$山西华安科达安防科技有限公司
18903519527_2.txt$$$$山西华安科达安防科技有限公司
18903712477.txt$$$$河南天驰仪器设备有限公司
18903713335.txt$$$$河南泰创特色建筑工程有限公司
