13021293648.txt$$$$北京金久卓尔喷砂机有限公司
13021301861.txt$$$$天津市河东区迅达创亿办公用品经营部
13021309015.txt$$$$天津华泰天科电子科技有限公司
13021358517.txt$$$$华泰天科电子科技有限公司
13021386966.txt$$$$亿城工品（天津）科技有限公司
13021391751.txt$$$$天津振威展览股份有限公司
13021539188.txt$$$$山东淼净节能环保科技有限公司
13021557480.txt$$$$潍坊汇众机电设备有限公司
13021644806.txt$$$$威海云清化工开发院基地四部
13021677599.txt$$$$青岛金正岩塑胶有限公司
13021680795.txt$$$$青岛柏威安邦商贸有限公司
13021701953.txt$$$$济南大富源餐饮有限公司
13021708831.txt$$$$济南芯驰能源科技有限公司
13021716547.txt$$$$济南好乐家住宅设施有限公司
13021732250.txt$$$$济南赛弗仪器仪表有限公司
13021732250_1.txt$$$$济南赛弗仪器仪表有限公司
13021767871.txt$$$$山东渤海体育器材有限公司
13021768781.txt$$$$济南中首国际贸易有限责任公司
13021772999.txt$$$$泰安东岳工程材料有限公司
13021785399.txt$$$$山东众安矿山机械设备有限公司
13021788519.txt$$$$曲阜志成机械有限公司
13021839310.txt$$$$大城县鼎博防火材料厂
13021866222.txt$$$$邯郸市致卓紧固件制造有限公司
13021866222_1.txt$$$$邯郸市致卓紧固件制造有限公司
13021866222_2.txt$$$$邯郸市致卓紧固件制造有限公司
13021903111.txt$$$$北京利斯特生物科技有限公司
13022009966.txt$$$$广州市东樱生物科技有限公司
13022009966_1.txt$$$$广州市东樱生物科技有限公司
13022045897.txt$$$$广州华羿数字技术有限公司
13022058418.txt$$$$广州市八千里货架有限公司
