13966654199.txt$$$$合肥盈恒化工有限公司
13966657544.txt$$$$合肥市包河区华星装饰材料厂
13966657544_1.txt$$$$合肥市包河区华星装饰材料厂
13966657544_2.txt$$$$合肥市包河区华星装饰材料厂
13966669348.txt$$$$合肥友高物联网标识设备有限公司
13966685663.txt$$$$湖南智科公共安全工程有限公司合肥分公司
13966685663_1.txt$$$$湖南智科公共安全工程有限公司合肥分公司
13966687983.txt$$$$安徽路博士交通科技股份有限公司
13966687983_1.txt$$$$安徽路博士交通科技股份有限公司
13966687983_2.txt$$$$安徽路博士交通科技股份有限公司
13966701185.txt$$$$安徽安全路交通设施工程有限公司
13966702522.txt$$$$合肥昱星物资回收有限公司
13966702522_1.txt$$$$合肥昱星物资回收有限公司
13966702522_2.txt$$$$合肥昱星物资回收有限公司
13966702668.txt$$$$合肥京皖教育科技有限公司
13966702668_1.txt$$$$合肥京皖教育科技有限公司
13966702668_2.txt$$$$合肥京皖教育科技有限公司
13966712345.txt$$$$合肥嘉仑酒店设备有限公司
13966719491.txt$$$$安徽爱邦新型装饰材料有限公司
13966719491_1.txt$$$$安徽爱邦新型装饰材料有限公司
13966719600.txt$$$$安徽蓝博膜结构工程有限公司
13966721710.txt$$$$合肥市蓝博文化用品有限公司
13966727565.txt$$$$合肥辉宏桥架设备有限公司
13966727565_1.txt$$$$合肥辉宏桥架设备有限公司
13966727565_2.txt$$$$合肥辉宏桥架设备有限公司
13966733383.txt$$$$合肥安腾起重安装有限公司
13966734443.txt$$$$安徽蓝脸墙体手绘有限公司
13966734443_1.txt$$$$安徽蓝脸墙体手绘有限公司
13966734443_2.txt$$$$安徽蓝脸墙体手绘有限公司
13966735388.txt$$$$安徽中企航资产评估有限公司
