13325120066.txt$$$$菏泽源丰节水设备有限公司
13325120539.txt$$$$济南鲁泰电梯销售有限公司
13325122131.txt$$$$济南鑫金龙机械有限公司
13325130706.txt$$$$济南力拓信息技术有限公司
13325136435.txt$$$$济南新三塑业有限公司
13325138581.txt$$$$济南舜和农牧发展有限公司
13325139132.txt$$$$山东旭辉换热设备有限公司
13325139132_1.txt$$$$山东旭辉换热设备有限公司
13325139132_2.txt$$$$山东旭辉换热设备有限公司
13325180011.txt$$$$济宁市海瑞特制冷技术有限公司
13325180011_1.txt$$$$济宁市海瑞特制冷技术有限公司
13325180011_2.txt$$$$济宁市海瑞特制冷技术有限公司
13325190775.txt$$$$济宁东达机电矿山设备有限公司
13325190940.txt$$$$济宁汇博机械设备有限公司
13325201855.txt$$$$淄博盛霖通风设备有限公司
13325212059.txt$$$$山东信德塑胶有限公司
13325212059_1.txt$$$$山东信德塑胶有限公司
13325212059_2.txt$$$$山东信德塑胶有限公司
13325240287.txt$$$$山东金诺泰环保装备有限公司
13325247922.txt$$$$山东中岛环保设备有限公司
13325250801.txt$$$$潍坊市坊子区德龙精密铸件厂
13325256693.txt$$$$潍坊鼎阳智能科技有限公司
13325258898.txt$$$$潍坊奥德赛信息技术有限公司
13325261200.txt$$$$临朐誉金机械设备有限公司
13325269315.txt$$$$诸城市荣品包装机械厂
13325276760.txt$$$$山东泰安众和矿山支护构件有限公司
13325277869.txt$$$$泰安浩鹏经贸有限公司
13325277869_1.txt$$$$泰安浩鹏经贸有限公司
13325277869_2.txt$$$$泰安浩鹏经贸有限公司
13325288313.txt$$$$泰安市首威苗木专业合作社
