13673138719.txt$$$$河北众诚德为会展服务有限公司
13673139588.txt$$$$&#;石家庄松昀包装材料有限公司
13673170839.txt$$$$沧州葆泽管道有限公司
13673172150.txt$$$$盐山县明鑫输送机械制造有限公司
13673206682.txt$$$$邯郸市千贸铁路器材制造有限公司
13673206682_1.txt$$$$邯郸市千贸铁路器材制造有限公司
13673206682_2.txt$$$$邯郸市千贸铁路器材制造有限公司
13673206682_3.txt$$$$邯郸市千贸铁路器材制造有限公司
13673215158.txt$$$$石家庄冀中诚信物流
13673264666.txt$$$$廊坊洪森木业有限公司
13673266085.txt$$$$霸州市顺源楼梯制造厂
13673272528.txt$$$$泊头合德环保设备有限公司
13673314332.txt$$$$林州市中恒机械制造有限公司
13673353697.txt$$$$河南达丰财务管理有限公司
13673353697_1.txt$$$$河南达丰财务管理有限公司
13673356078.txt$$$$博爱县太子庄众合种植专业合作社
13673356773.txt$$$$郑州文慨办公设备有限公司
13673356773_1.txt$$$$郑州文慨办公设备有限公司
13673356773_2.txt$$$$郑州文慨办公设备有限公司
13673357065.txt$$$$河南铭祎机械制造有限公司
13673368818.txt$$$$封丘县博源化工有限公司
13673371063.txt$$$$郑州宜慧康科技有限公司
13673373613.txt$$$$郑州市惠济区顺利二手厨电商行
13673396622.txt$$$$郑州方力机械设备有限公司
13673397997.txt$$$$巩义市程翔供水设备有限公司
13673397997_1.txt$$$$巩义市程翔供水设备有限公司
13673506869.txt$$$$新乡县朗公庙镇予东门业
13673511821.txt$$$$新乡县合河乡新兴线材厂
13673516431.txt$$$$新乡市新利德机械制造有限公司
13673518075.txt$$$$新乡县四达封头有限公司
