13902331635.txt$$$$武汉英菲林智能科技有限公司
13902333187.txt$$$$广东三合智能设备有限公司
13902333735.txt$$$$奥利仕（广州）康体设备有限公司
13902387458.txt$$$$广州市威记制冷设备有限公司
13902387458_1.txt$$$$广州市威记制冷设备有限公司
13902387458_2.txt$$$$广州市威记制冷设备有限公司
13902387699.txt$$$$广州市宝达智能科技有限公司
13902391269.txt$$$$广州友力贸易有限公司
13902392720.txt$$$$深圳市宝安区西乡衣有范服饰贸易商行
13902405399.txt$$$$广州联兴塑胶管业有限公司
13902407326.txt$$$$广州市耀显电子商务有限责任公司
13902419354.txt$$$$佛山青花瓷典科技有限公司
13902430568.txt$$$$深圳市技鹰科技有限公司
13902451985.txt$$$$深圳创恩电子有限公司
13902452480.txt$$$$深圳邂逅北欧家居有品有限公司
13902452796.txt$$$$深圳市雅途实业有限公司
13902453397.txt$$$$深圳市雅文达通信科技有限公司
13902459650.txt$$$$深圳博锐精密机械有限公司
13902474707.txt$$$$深圳市欧兰特智能控制系统有限公司
13902475728.txt$$$$广州明阳机电有限公司
13902483196.txt$$$$张家港奥陶新材料有限公司
13902486559.txt$$$$深圳市超美力润滑科技有限公司
13902488655.txt$$$$广东金鑫得新材料有限公司
13902488655_1.txt$$$$广东金鑫得新材料有限公司
13902488755.txt$$$$深圳市摩天射频技术有限公司
13902494422.txt$$$$广州联胜机电维修有限公司
13902494422_1.txt$$$$广州联胜机电维修有限公司
13902494422_2.txt$$$$广州联胜机电维修有限公司
13902494422_3.txt$$$$广州联胜机电维修有限公司
13902560447.txt$$$$佛山市南海汇莱机械模具制造厂
