18954151999.txt$$$$山东博霖环保科技发展有限公司
18954151999_1.txt$$$$山东博霖环保科技发展有限公司
18954153554.txt$$$$山东江拓钢铁有限公司
18954163180.txt$$$$济南海马机械设计有限公司
18954187234.txt$$$$济南星宇雕刻机
18954189638.txt$$$$济南众佳新材料有限公司
18954195039.txt$$$$山东鹏铭信息科技有限公司
18954195039_1.txt$$$$山东鹏铭信息科技有限公司
18954228166.txt$$$$青岛鼎泰盛电力装备有限公司
18954228166_1.txt$$$$青岛鼎泰盛电力装备有限公司
18954228166_2.txt$$$$青岛鼎泰盛电力装备有限公司
18954255121.txt$$$$尼欧迪克（青岛）除尘设备有限公司
18954310816.txt$$$$邹平达汇环保设备有限公司
18954321337.txt$$$$邹平佳硕环保设备有限公司
18954342710.txt$$$$山东建伟装饰设计有限公司
18954357779.txt$$$$山东省博兴县汇佳厨业有限公司
18954357779_1.txt$$$$山东省博兴县汇佳厨业有限公司
18954357779_2.txt$$$$山东省博兴县汇佳厨业有限公司
18954363265.txt$$$$滨州森杰机械科技有限公司
18954366751.txt$$$$山东粤蒸商用厨具有限公司
18954366751_1.txt$$$$山东粤蒸商用厨具有限公司
18954379961.txt$$$$章丘市奥强汽保有限公司
18954395566.txt$$$$山东九州钡蓝环境设备有限公司
18954395566_1.txt$$$$山东九州钡蓝环境设备有限公司
18954395566_2.txt$$$$山东九州钡蓝环境设备有限公司
18954436717.txt$$$$山东睿鳌企业管理咨询有限公司
18954441134.txt$$$$淄博君武化工有限公司
18954447778.txt$$$$淄博卓信汽轮机有限公司
18954452221.txt$$$$山东豪行金属材料有限公司
18954455857.txt$$$$山东飞龙金属材料有限公司
