15275821636_3.txt$$$$山东森动轴承有限公司
15275821636_4.txt$$$$山东森动轴承有限公司
15275856999.txt$$$$山东久信护栏有限公司
15275875328.txt$$$$天津市东钢钢铁有限公司
15275897062.txt$$$$临清市全汇轴承有限公司
15275962003.txt$$$$淄博金拾膜结构工程有限公司
15275968152.txt$$$$山东德银五金交电有限公司
15275989898.txt$$$$张店藏兴电子商务工作室
15275993579.txt$$$$淄博巨东工贸有限公司
15275993579_1.txt$$$$淄博巨东工贸有限公司
15275995329.txt$$$$淄博巨东公司
15276660353.txt$$$$新疆亚欧国际博览有限公司
15277008472.txt$$$$桂林相和景观工程有限公司
15277064517.txt$$$$广西南宁华汇时代展览
15277298211.txt$$$$博大机械有限公司
15278072062.txt$$$$广西元亨管业有限公司
15278649752.txt$$$$广西中百环保新材生产有限公司
15278733611.txt$$$$广西绿色生态养殖场
15278810582.txt$$$$柳州预应力机械有限公司
15279155906.txt$$$$南昌泓冠通风设备有限公司
15279196887.txt$$$$江九辰会展股份有限公司
15279309596.txt$$$$信州区画府手绘艺术工作室
15279507563.txt$$$$江西洁净技术有限公司
15279773388.txt$$$$江西省林氏新型建材有限公司
15279775010.txt$$$$江西省川绮选矿设备制造有限公司
15279869818.txt$$$$江西三众金属钢艺有限公司
15279869818_1.txt$$$$江西三众金属钢艺有限公司
15279869818_2.txt$$$$江西三众金属钢艺有限公司
15280011411.txt$$$$福州市禾居装饰工程有限公司
15280227325.txt$$$$厦门欧陆金典工贸有限公司
