18763369003_1.txt$$$$日照佳润木业有限公司
18763369003_2.txt$$$$日照佳润木业有限公司
18763369003_3.txt$$$$日照佳润木业有限公司
18763380868.txt$$$$山东旭力达智能科技有限公司
18763380868_1.txt$$$$山东旭力达智能科技有限公司
18763388777.txt$$$$日照华城石材股份有限公司
18763469199.txt$$$$莱芜市铸鑫锻造有限公司
18763568929.txt$$$$聊城市泰通钢管有限公司
18763582205.txt$$$$山东骏钢泓金属材料有限公司
18763605750.txt$$$$潍坊益同化工有限公司
18763609973.txt$$$$青州市祥力轻工设备有限公司
18763626886.txt$$$$山东路达重工机械有限公司
18763626938.txt$$$$潍坊美亚饲料有限公司
18763633188.txt$$$$潍坊千宏温室工程有限公司
18763633998.txt$$$$青州市三江花卉苗木专业合作社
18763634163.txt$$$$山东一道农业科技有限公司
18763651622.txt$$$$青州市华工环保科技有限公司
18763651622_1.txt$$$$青州市华工环保科技有限公司
18763651622_2.txt$$$$青州市华工环保科技有限公司
18763651622_3.txt$$$$青州市华工环保科技有限公司
18763661571.txt$$$$高密市堂饰王涂料产品有限公司
18763661571_1.txt$$$$高密市堂饰王涂料产品有限公司
18763661571_2.txt$$$$高密市堂饰王涂料产品有限公司
18763665581.txt$$$$山东图达机械科技有限公司
18763667719.txt$$$$潍坊青州市志成机械设备有限公司
18763686088.txt$$$$潍坊众合冷弯机械有限公司
18763718985.txt$$$$中橡科技有限公司
18763780060.txt$$$$临沂市兰山区波佳塑料水管加工厂
18763854888.txt$$$$山东龙辉起重机械有限公司
18763885957.txt$$$$泰安市金茂达换热设备有限公司
