15527360871.txt$$$$德科蒙过程控制武汉有限公司
15527365569.txt$$$$武汉特锐洁环保科技有限公司
15527376428.txt$$$$咸宁国泰纺织有限公司
15527376428_1.txt$$$$咸宁市同富汽车商贸有限公司
15527393951.txt$$$$武汉三镇大顺发搬家有限公司
15527425941.txt$$$$武汉科琪电子有限公司
15527468206.txt$$$$武汉市秀谷科技有限公司
15527528989.txt$$$$武汉鑫盛凯莱阀门机械有限公司
15527555835.txt$$$$武汉汉芯达电器有限公司
15527565298.txt$$$$武汉宇安消防安全设备有限公司
15527569177.txt$$$$湖北品汇祥餐饮管理有限公司
15527580320.txt$$$$武汉宏新中天空调维修有限公司
15527613689.txt$$$$武汉高压无气喷涂机设备有限公司
15527690954.txt$$$$武汉新欣之美保洁服务有限公司
15527696358.txt$$$$上海钢盟国际贸易有限公司
15527722665.txt$$$$武汉斯格尔建材科技有限公司
15527739456.txt$$$$武汉海德法律服务有限公司
15527739456_1.txt$$$$武汉海德法律服务有限公司
15527777069.txt$$$$湖北鑫源广盛工贸有限公司
15527894451.txt$$$$广州诚汇服饰有限公司
15527955060.txt$$$$深圳市御匠家居有限公司
15527985572.txt$$$$武汉恒兴顺达钢结构有限公司
15528174883.txt$$$$武汉美易家具喷漆房过滤棉配件店
15528222996.txt$$$$四川金尼特新能源汽车有限公司
15528271568.txt$$$$成都市固亿家建筑材料有限责任公司
15528308976.txt$$$$成都新一页广告有限公司
15528422428.txt$$$$青羊区杨记蜀味技能培训服务部
15528422428_1.txt$$$$青羊区杨记蜀味技能培训服务部
15529211204.txt$$$$咸阳市万和电器售后服务中心
15529218205.txt$$$$西安东方富良服装纺织有限公司
