13906115095.txt$$$$常州中亚粮机科技有限公司
13906119268.txt$$$$常州苏旋旋转接头有限公司
13906119993.txt$$$$江苏盛奥华环保科技有限公司
13906125228.txt$$$$亚太篷房常州制造有限公司
13906128229.txt$$$$常州梅勒柯进出口有限公司
13906129726.txt$$$$常州市米尼特机械有限公司
13906129986.txt$$$$常州德尔幕墙有限公司
13906129986_1.txt$$$$常州百美金属科技有限公司
13906132425.txt$$$$苏州宝士杰塑料科技有限公司
13906134185.txt$$$$苏州双峰包装材料有限公司
13906134785.txt$$$$苏州亿技佳机电科技有限公司
13906138202.txt$$$$苏州市相城区苏派砖雕艺术研究所
13906168849.txt$$$$扬州高新电缆材料有限公司
13906170262.txt$$$$无锡市升华化工防腐设备厂
13906172803.txt$$$$江苏南元机床集团有限公司
13906176526.txt$$$$无锡市中隈机械有限公司
13906176907.txt$$$$无锡市黄巷调味食品厂
13906177253.txt$$$$无锡溪龙重防腐涂覆有限公司
13906177497.txt$$$$荣盛达（无锡）能源有限公司
13906177609.txt$$$$无锡新龙科技有限公司
13906177609_1.txt$$$$无锡新龙科技有限公司
13906177609_2.txt$$$$无锡新龙科技有限公司
13906177609_3.txt$$$$无锡新龙科技有限公司
13906181506.txt$$$$江阴市博世杰科技有限公司
13906184104.txt$$$$佛山市天邦钢铁贸易有限公司
13906187782.txt$$$$无锡观龙科技有限公司
13906192003.txt$$$$朗闻智能科技江苏有限公司
13906192003_1.txt$$$$朗闻智能科技江苏有限公司
13906192003_2.txt$$$$朗闻智能科技江苏有限公司
13906192134.txt$$$$无锡市宏达变压器厂
