18920946757.txt$$$$天津市佳源成钢管有限公司
18921015170.txt$$$$常州研鼎机械设备有限公司
18921046565.txt$$$$江苏邦杰给排水科技有限公司
18921056070.txt$$$$上海生造机电设备有限公司
18921082827.txt$$$$江苏智马科技有限公司
18921087273.txt$$$$约翰克兰密封件（常州）有限公司
18921116685.txt$$$$江苏明发环保科技有限公司
18921118078.txt$$$$无锡亚电智能装备有限公司
18921131222.txt$$$$无锡大雁特钢有限公司
18921146126.txt$$$$无锡德尔润特钢材料有限公司
18921170188.txt$$$$无锡九明机械有限公司
18921176004.txt$$$$无锡畅宏科技有限公司
18921176709.txt$$$$无锡和正兴精密机械有限公司
18921179905.txt$$$$无锡伊泽轻工设备技术有限公司
18921180123.txt$$$$三信化学（无锡）有限公司
18921184532.txt$$$$江苏亚标检测技术服务有限公司
18921190707.txt$$$$无锡华艾信科技有限公司
18921191410.txt$$$$无锡百通环保工程有限公司
18921195399.txt$$$$无锡科意德传动科技有限公司
18921242032.txt$$$$江阴市瀚格纺织有限公司
18921244900.txt$$$$江阴市鼎浩机械设备有限公司
18921244900_1.txt$$$$江阴鼎浩机械设备有限公司
18921284777.txt$$$$无锡市易之佳商贸有限公司
18921286333.txt$$$$无锡锡锻机床有限公司
18921289871.txt$$$$无锡市堃鑫汇通铝材有限公司
18921293357.txt$$$$无锡瑞德隆纯铁有限公司
18921296988.txt$$$$无锡慧泽新材料科技有限公司
18921307823.txt$$$$江苏华疆三维科技有限公司
18921321399.txt$$$$无锡景天传动科技有限公司
18921329109.txt$$$$易基益工业技术（江苏）有限公司
