13818287658.txt$$$$上海富地阀门科技有限公司
13818318870.txt$$$$上海宏柯阀门有限公司
13818329408.txt$$$$上海广浪实业有限公司
13818344224.txt$$$$三六五包装技术（苏州）有限公司
13818363438.txt$$$$上海洁鹿环保科技股份有限公司
13818379490.txt$$$$上海谐宏门窗系统有限公司
13818382568.txt$$$$锢铄(上海)金属材料有限公司
13818415466.txt$$$$上海妙嘉机电大公司
13818449941.txt$$$$酷肯空气净化技术（上海）有限公司
13818450971.txt$$$$权度电气（上海）有限公司
13818469569.txt$$$$上海挚勋会展服务有限公司
13818493612.txt$$$$上海理亨工贸有限公司
13818502796.txt$$$$上海天茨广告有限公司
13818527793.txt$$$$上海浩毅实业有限公司
13818540057.txt$$$$上海德备建材有限公司
13818558751.txt$$$$上海天释金属制品有限公司
13818560646.txt$$$$上海腾图轴承有限公司
13818572244.txt$$$$上海烁收实业有限公司
13818572584.txt$$$$上海伦途新材料科技有限公司
13818577327.txt$$$$上海帛朗传送设备有限公司
13818591518.txt$$$$上海诚秉汽车销售有限公司
13818592985.txt$$$$上海到成工业自动化设备有限公司
13818630826.txt$$$$上海格懿机械制造有限公司
13818637800.txt$$$$上海巨鹏轴承有限公司
13818647848.txt$$$$上海妍溪实业有限公司
13818655942.txt$$$$上海赤信展览展示服务有限公司
13818672859.txt$$$$上海欢盛贸易有限公司
13818675251.txt$$$$上海现代展览有限公司
13818682691.txt$$$$上海驭园木业有限公司
13818688810.txt$$$$上海峰旋净化设备有限公司
