13753120011_1.txt$$$$山西才洪物贸有限公司
13753120011_2.txt$$$$山西才洪物贸有限公司
13753123071.txt$$$$山西朗森涂料有限公司
13753131979.txt$$$$山西宏运物资回收有限公司
13753131979_1.txt$$$$山西宏运物资回收有限公司
13753131979_2.txt$$$$山西宏运物资回收有限公司
13753131979_3.txt$$$$山西宏运物资回收有限公司
13753161950.txt$$$$山西宏美达金属门窗有限公司
13753165102.txt$$$$太原市万柏林区晋汾铅丝元钉经销部
13753165102_1.txt$$$$太原市万柏林区晋汾铅丝元钉经销部
13753165102_2.txt$$$$太原市万柏林区晋汾铅丝元钉经销部
13753172718.txt$$$$山西祥云润轩建筑安装有限公司
13753172718_1.txt$$$$山西祥云润轩建筑安装有限公司
13753172718_2.txt$$$$山西祥云润轩建筑安装有限公司
13753179114.txt$$$$山西天安桥架制造有限公司
13753179114_1.txt$$$$山西天安桥架制造有限公司
13753179114_2.txt$$$$山西天安桥架制造有限公司
13753179272.txt$$$$山西安一方防雷科技有限责任公司
13753179272_1.txt$$$$山西安一方防雷科技有限责任公司
13753179272_2.txt$$$$山西安一方防雷科技有限责任公司
13753189845.txt$$$$太原市业臻新型建材有限公司
13753189845_1.txt$$$$太原市业臻新型建材有限公司
13753189845_2.txt$$$$太原市业臻新型建材有限公司
13753481049.txt$$$$山西小牛人广告有限公司
13753481049_1.txt$$$$山西小牛人广告有限公司
13753481049_2.txt$$$$山西小牛人广告有限公司
13753498564.txt$$$$太原市开元桑拿泳池设备有限公司
13753498564_1.txt$$$$太原市开元桑拿泳池设备有限公司
13753498564_2.txt$$$$太原市开元桑拿泳池设备有限公司
13753499588.txt$$$$山西健德环保科技有限公司
