18000304000.txt$$$$河北贵信紧固件制造有限公司
18000304000_1.txt$$$$河北贵信紧固件制造有限公司
18000304000_2.txt$$$$河北贵信紧固件制造有限公司
18000319342.txt$$$$石家庄开发区利天科技有限公司
18000332091.txt$$$$江苏方寸间餐饮管理有限公司
18000404682.txt$$$$邯郸市永年区璟卓紧固件有限公司
18000501908.txt$$$$成都第三力量训练技术有限公司
18000501908_1.txt$$$$成都第三力量训练技术有限公司
18000501908_2.txt$$$$成都第三力量训练技术有限公司
18000526035.txt$$$$四川周兴和实业有限公司
18000545400.txt$$$$南京泛肯商贸有限公司
18000566487.txt$$$$成都安多多科技有限公司
18000687111.txt$$$$邢台亚联机械制造有限公司
18000687111_1.txt$$$$邢台亚联机械制造有限公司
18000687111_2.txt$$$$邢台亚联机械制造有限公司
18000687111_3.txt$$$$邢台亚联机械制造有限公司
18000688518.txt$$$$邢台天韧机械制造厂
18000688518_1.txt$$$$邢台天韧机械制造厂
18000688518_2.txt$$$$邢台天韧机械制造厂
18000715500.txt$$$$青山湖区拉斐尔定制家具店
18000731288.txt$$$$郑州境成办公家具有限公司
18000731288_1.txt$$$$郑州境成办公家具有限公司
18000731288_2.txt$$$$郑州境成办公家具有限公司
18000813040.txt$$$$广东顺德晶之品机械有限公司
18001020880.txt$$$$北京三晋鸿运通物流有限公司
18001036676.txt$$$$北京深隆科技有限公司
18001071226.txt$$$$北京京城利康搬家服务有限公司
18001099767.txt$$$$北京鑫凯胜科技有限公司
18001106977.txt$$$$北京兴盛佳业幕布遮阳技术有限公司
18001125030.txt$$$$北京金雨科创自动化技术股份有限公司
