13905485429_1.txt$$$$泰安宏鑫环保科技有限公司
13905485429_2.txt$$$$泰安宏鑫环保科技有限公司
13905485429_3.txt$$$$泰安宏鑫环保科技有限公司
13905485991.txt$$$$山东联诺工程材料有限公司
13905486110.txt$$$$泰安科大热工有限公司
13905486110_1.txt$$$$泰安科大热工有限公司
13905486110_2.txt$$$$泰安科大热工有限公司
13905487158.txt$$$$新泰市新甫新型建材有限公司
13905487333.txt$$$$山东众志金属制品有限公司
13905487333_1.txt$$$$山东众志金属制品有限公司
13905489699.txt$$$$山东天亿重工股份有限公司
13905489699_1.txt$$$$山东天亿重工股份有限公司
13905489699_2.txt$$$$山东天亿重工股份有限公司
13905489788.txt$$$$山东岳峰起重机械有限公司
13905491276.txt$$$$费县德临板材厂
13905491276_1.txt$$$$费县德临板材厂
13905491276_2.txt$$$$费县德临板材厂
13905496526.txt$$$$临沂鲁星包装材料商行
13905496526_1.txt$$$$临沂鲁星包装材料商行
13905496526_2.txt$$$$临沂鲁星包装材料商行
13905513552.txt$$$$合肥中科阻燃新材料有限公司
13905513552_1.txt$$$$合肥中科阻燃新材料有限公司
13905513552_2.txt$$$$合肥中科阻燃新材料有限公司
13905514567.txt$$$$合肥华发发电设备有限公司
13905514567_1.txt$$$$合肥华发发电设备有限公司
13905519698.txt$$$$安徽省防水防腐有限责任公司
13905525799.txt$$$$安徽特盛桩业有限公司
13905532486.txt$$$$芜湖祥圣汽车租赁俱乐部
13905532486_1.txt$$$$芜湖祥圣汽车租赁俱乐部
13905532486_2.txt$$$$芜湖祥圣汽车租赁俱乐部
