13928963689.txt$$$$深圳市橙诺广告传媒有限公司
13928969793.txt$$$$佛山雄源塑业塑料包装制品有限公司
13928972756.txt$$$$广州慕怡信息科技有限公司
13928981658.txt$$$$广州蓓蕾线业有限公司
13928988837.txt$$$$广州市乐弘游乐设备有限公司
13928989326.txt$$$$佛山市耐美特建筑材料有限公司
13928992384.txt$$$$少年强（厦门）体育产业有限公司
13928999735.txt$$$$广州舞创演出器材有限公司
13929005685.txt$$$$江门市清艺家具有限公司
13929023453.txt$$$$江门市给力体育器材有限公司
13929023453_1.txt$$$$广东给力体育器材有限公司
13929096692.txt$$$$恩平市奥斯顿音响器材厂
13929102590.txt$$$$佛山市劲源机械设备有限公司
13929103158.txt$$$$广东乾朗钢铁有限公司
13929104650.txt$$$$科顺防水科技股份有限公司
13929112219.txt$$$$广东奔朗新材料股份有限公司
13929115820.txt$$$$佛山市南海同利机械电器厂
13929116807.txt$$$$佛山市南海区一全塑胶建材有限公司
13929118006.txt$$$$佛山一号钢钢材有限公司
13929124019.txt$$$$佛山市鹤牌建材有限公司
13929131685.txt$$$$佛山市顺德区奔涛电器有限公司
13929136286.txt$$$$佛山市蓝舰铁艺有限公司
13929139265.txt$$$$广东顺发起重设备有限公司
13929139265_1.txt$$$$广东顺发起重设备有限公司
13929139265_2.txt$$$$广东顺发起重设备有限公司
13929142933.txt$$$$佛山市云东海街道金兴木材加工店
13929142933_1.txt$$$$佛山市金兴木材加工
13929149998.txt$$$$佛山市南海区大沥德义重型汽车配件商行
13929151682.txt$$$$佛山市顺德区逸加金属科技有限公司
13929151682_1.txt$$$$佛山市顺德区逸加金属科技有限公司
