18353418806_1.txt$$$$德州华翔新材料有限公司
18353429297.txt$$$$山东凯克空调设备有限公司
18353433479.txt$$$$山东德菲特健身器材有限公司
18353488288.txt$$$$德州威拓健身器材有限公司
18353489100.txt$$$$德州美旺餐车设备有限公司
18353489100_1.txt$$$$德州美旺餐车设备有限公司
18353496117.txt$$$$山东省德州市金宇机械有限公司
18353496117_1.txt$$$$山东省德州市金宇机械有限公司
18353515244.txt$$$$山东自贸区金喆新能源科技有限公司
18353572568.txt$$$$莱州市纳金机械有限公司
18353602016.txt$$$$诸城市泰杰工业装备有限公司
18353602018.txt$$$$诸城市洗刷刷机械制造有限公司
18353627669.txt$$$$寿光市玉龙管业有限公司
18353628752.txt$$$$潍坊玻美玻璃仪器有限公司
18353628752_1.txt$$$$潍坊玻美玻璃仪器有限公司
18353628752_2.txt$$$$潍坊玻美玻璃仪器有限公司
18353658198.txt$$$$山东启信商务服务有限公司
18353680588.txt$$$$潍坊众创涂装设备有限公司
18353704926.txt$$$$山东启正牧业集团
18353708336.txt$$$$曲阜建盛建筑工程有限公司
18353712619.txt$$$$济宁经济开发区志豪矿山机械有限公司
18353770039.txt$$$$济宁鲁正工程机械有限公司
18353770909.txt$$$$山东洪光养殖
18353775807.txt$$$$济宁佳鹏工程机械制造有限公司
18353797281.txt$$$$济宁钻乾机械设备有限公司
18353797281_1.txt$$$$济宁川泽机械设备有限公司
18353819675.txt$$$$山东云农公社电子商务有限公司
18353824961.txt$$$$肥城市福辉家政服务中心
18353828136.txt$$$$泰安亿成金属制品有限公司
18353868227.txt$$$$山东泽诚数控机械有限公司
