13434225100.txt$$$$广东品耀展览服务有限公司
13434227571.txt$$$$广州市茶蕴茶业发展有限公司
13434242408.txt$$$$广州市影途电子设备有限公司
13434243662.txt$$$$深圳市龙岗区龙城汇晟纸塑制品厂
13434264608.txt$$$$广州鑫飞金属制品有限公司
13434278110.txt$$$$深圳市龙岗区优品致远电子商务商行
13434278110_1.txt$$$$深圳市龙岗区优品致远电子商务商行
13434278110_2.txt$$$$深圳市龙岗区优品致远电子商务商行
13434282715.txt$$$$广州亿仪自动化仪表有限公司
13434283198.txt$$$$广州市鼎先装饰工程有限公司
13434283198_1.txt$$$$广州市鼎先装饰工程有限公司
13434283198_2.txt$$$$广州市鼎先装饰工程有限公司
13434284898.txt$$$$广州博裕生物科技有限公司
13434288816.txt$$$$广东小橘环保科技有限公司
13434363778.txt$$$$广州市白云区松洲中凌线业商行
13434372486.txt$$$$广州思炬展览策划有限公司
13434372486_1.txt$$$$广州思炬展览策划有限公司
13434423449.txt$$$$深圳美好清洁公司
13434484609.txt$$$$深圳市泰晶太阳能科技有限公司
13434486278.txt$$$$深圳市中科鸥鹏智能科技有限公司
13434520902.txt$$$$东莞市御明电器科技有限公司
13434520902_1.txt$$$$东莞市御明电器科技有限公司
13434520902_2.txt$$$$东莞市御明电器科技有限公司
13434594943.txt$$$$东莞市盛坤机械有限公司
13434748285.txt$$$$深圳市拓普绿色科技有限公司
13434795353.txt$$$$深圳标签环标科技有限公司
13434839553.txt$$$$佛山市新特金属制品厂
13435043681.txt$$$$韶关市韶远智能科技有限公司
13435043681_1.txt$$$$韶关市韶远智能科技有限公司
13435298361.txt$$$$佛山广湘合铝业有限公司
