18116670809.txt$$$$四川天赐辰星孕婴用品有限公司
18117066686.txt$$$$上海祥易建筑装饰有限公司
18117095210.txt$$$$上海兴元会展有限公司
18117168317.txt$$$$上海迈世展览展示有限公司
18117302547.txt$$$$上海库比克机器人有限公司
18117373616.txt$$$$午虎特种合金（上海）有限公司
18117381219.txt$$$$厚德展览上海有限公司
18117381425.txt$$$$上海福珍企业登记代理有限公司
18117416682.txt$$$$上海坚领电子科技有限公司
18117443799.txt$$$$万利多制冰机（上海）有限公司
18117456857.txt$$$$澳铝铝业科技（昆山）有限公司
18117480842.txt$$$$上海西递实业有限公司
18117491099.txt$$$$南常切片机制造（上海）有限公司
18118012777.txt$$$$辰业环保科技（江苏）有限公司
18118101402.txt$$$$苏州微缔软件股份有限公司
18118101402_1.txt$$$$苏州微缔软件股份有限公司
18118102699.txt$$$$苏州美如意环保工程有限公司
18118104971.txt$$$$苏州谷景电子有限公司
18118104971_1.txt$$$$苏州谷景子有限公司
18118153159.txt$$$$苏州茂成业气体设备有限公司
18118174088.txt$$$$太仓龙铁机械有限公司
18118193167.txt$$$$浙江舜宇智能光学技术有限公司
18118201545.txt$$$$扬州博宁热能设备有限公司
18118203085.txt$$$$扬州尚迪太阳能照明有限公司
18118336201.txt$$$$洁夫森（上海）环保科技有限公司
18118412011.txt$$$$丹阳市金佰洁家政服务有限公司
18118430541.txt$$$$盐城耀升机械有限公司
18118433996.txt$$$$昆山渤茂废旧物资有限公司
18118452357.txt$$$$苏州西朗洁净门业有限公司
18118566660.txt$$$$江苏力胜环保设备有限公司
