13925593991.txt$$$$东莞康迪尔装饰材料科技有限公司
13925594867.txt$$$$中山市横栏镇怡威五金厂
13925700551.txt$$$$东莞市雷帛尔服装辅料有限公司
13925700747.txt$$$$东莞市腾刃刀具有限公司
13925700747_1.txt$$$$东莞市腾刃刀具有限公司
13925700747_2.txt$$$$东莞市腾刃刀具有限公司
13925701560.txt$$$$东莞市锋昌精密五金制品有限公司
13925702000.txt$$$$东莞市大岭山维格摄影店
13925702452.txt$$$$东莞市普密斯精密仪器有限公司
13925708519.txt$$$$东莞市惠鹏包装材料有限公司
13925708519_1.txt$$$$东莞市惠鹏包装材料有限公司
13925708519_2.txt$$$$东莞市惠鹏包装材料有限公司
13925708566.txt$$$$东莞市冠鼎五金制品有限公司
13925708955.txt$$$$东莞市金震包装材料有限公司
13925715902.txt$$$$东莞市飞宇金属制品有限公司
13925719299.txt$$$$东莞市君和机械设备有限公司
13925720099.txt$$$$广东省华坚水泥制品有限公司
13925720787.txt$$$$东莞市华奥塑胶制品有限公司
13925721186.txt$$$$东莞市琅菱机械有限公司
13925721186_1.txt$$$$东莞市琅菱机械有限公司
13925721186_2.txt$$$$东莞市琅菱机械有限公司
13925722988.txt$$$$东莞市万泰电子材料有限公司
13925725381.txt$$$$东莞固达机械制造有限公司
13925725381_1.txt$$$$东莞市金佳机械制造有限公司
13925725418.txt$$$$东莞市川业五金有限公司
13925726801.txt$$$$广东绿风环保设备工程有限公司
13925726801_1.txt$$$$广东绿风环保设备工程有限公司
13925726801_2.txt$$$$广东绿风环保设备工程有限公司
13925728135.txt$$$$广东劲升智能科技有限公司
13925728135_1.txt$$$$广东劲升智能科技有限公司
