13987643579.txt$$$$昆明凯农塑业有限公司
13987643579_1.txt$$$$昆明凯农塑业有限公司
13987643579_2.txt$$$$昆明凯农塑业有限公司
13987653439.txt$$$$云南亿恒德钢结构工程有限公司
13987653439_1.txt$$$$云南亿恒德钢结构工程有限公司
13987653439_2.txt$$$$云南亿恒德钢结构工程有限公司
13987662392.txt$$$$云南材旭防水工程有限公司
13987662392_1.txt$$$$云南材旭防水工程有限公司
13987671496.txt$$$$昆明二月蓝农业科技有限公司
13987671496_1.txt$$$$昆明二月蓝农业科技有限公司
13987671496_2.txt$$$$昆明二月蓝农业科技有限公司
13987681169.txt$$$$昆明邦昌金属结构工程有限公司
13987699128.txt$$$$官渡区梓宁筛网经营部
13987699128_1.txt$$$$官渡区梓宁筛网经营部
13987699128_2.txt$$$$官渡区梓宁筛网经营部
13988211021.txt$$$$芒市林安物流有限公司
13989013730.txt$$$$西藏蒙迪智能科技有限公司
13989325198.txt$$$$余姚创格塑化有限公司
13989430918.txt$$$$浦江县博深彩印制袋厂
13989440000.txt$$$$义乌市豪正豪贸易有限公司
13989440957.txt$$$$东阳市大通电器厂
13989485836.txt$$$$杭州勤博集成房屋有限公司
13989506786.txt$$$$浙江创腾风机有限公司
13989518160.txt$$$$绍兴市清心制冷配件有限公司
13989615550.txt$$$$台州市福盛门业有限公司
13989660686.txt$$$$台州市民爱工贸有限公司
13989660686_1.txt$$$$台州市民爱工贸有限公司
13989708613.txt$$$$温州胜国流体设备科技有限公司
13989822336.txt$$$$杭州纸邦自动化技术有限公司
13989847816.txt$$$$杭州明坤过滤机械有限公司
