18962607560_2.txt$$$$太仓市振宇纺织器材有限公司
18962621597.txt$$$$苏州奥美特电气有限公司
18962635777.txt$$$$昆山市超声仪器有限公司
18962639359.txt$$$$苏州同沪电机科技有限公司
18962650488.txt$$$$昆山金澄光电科技有限公司
18962656274.txt$$$$昆山盛兴跃通用设备有限公司
18962656274_1.txt$$$$昆山盛兴跃通用设备有限公司
18962656274_2.txt$$$$昆山盛兴跃通用设备有限公司
18962676468.txt$$$$昆山金拓智机械有限公司
18962676792.txt$$$$昆山市玉山镇欧菲光电子厂
18962695627.txt$$$$昆山香柏木机电设备有限公司
18962877577.txt$$$$东莞市俊贤高分子科技有限公司
18962877577_1.txt$$$$东莞博瑞华特种材料科技有限公司1
18962877577_2.txt$$$$东莞博瑞华特种材料科技有限公司
18962904929.txt$$$$海门市佳怡家纺有限公司
18963003572.txt$$$$德州海天机电科技有限公司
18963011259.txt$$$$景津环保股份有限公司
18963011259_1.txt$$$$景津环保股份有限公司
18963011259_2.txt$$$$景津环保股份有限公司
18963011259_3.txt$$$$景津环保股份有限公司
18963019223.txt$$$$山东鑫密减速传动有限公司
18963025103.txt$$$$青岛点墨国际展览有限公司
18963080785.txt$$$$济南微味餐饮服务有限公司
18963081223.txt$$$$山东济南瑞拓环保科技有限公司
18963087087.txt$$$$上海岩飞木业有限公司
18963222227.txt$$$$枣庄市合泰水处理有限公司
18963225856.txt$$$$山东恒越液压机械有限公司
18963302666.txt$$$$山东海辰环保科技股份有限公司
18963305888.txt$$$$五莲县千山石业有限公司
18963317888.txt$$$$日照旺源木业有限公司
