13131078810.txt$$$$河北力嘉紧固件制造有限责任公司
13131078810_1.txt$$$$河北力嘉紧固件制造有限责任公司
13131078810_2.txt$$$$河北力嘉紧固件制造有限责任公司
13131080170.txt$$$$邯郸市永年区河北铺青蓝紧固件门市
13131080170_1.txt$$$$邯郸市永年区河北铺青蓝紧固件门市
13131080170_2.txt$$$$邯郸市永年区河北铺青蓝紧固件门市
13131086777.txt$$$$邯郸市君达物流有限公司
13131098678.txt$$$$河北润东紧固件制造有限公司
13131135647.txt$$$$河北菲兰皮毛服装有限公司
13131136701.txt$$$$河北智控电气设备有限公司
13131182776.txt$$$$河北丙午科技有限公司
13131208006.txt$$$$河北领尚塑料制品有限公司
13131258111.txt$$$$清苑县鑫苑耐火材料销售有限公司
13131285767.txt$$$$河北攻略文化传媒集团有限公司
13131413493.txt$$$$济南涵百化工有限公司
13131413493_1.txt$$$$济南涵百化工有限公司
13131553722.txt$$$$唐山华煜晨化工设备有限公司
13131555555.txt$$$$唐山峰尚汽车销售有限公司
13131634626.txt$$$$顺平县苏博金源顺电泳工程技术有限公司
13131646896.txt$$$$霸州市胜芳小叮当儿童课桌椅厂
13131658811.txt$$$$霸州市海翔机械制造有限公司
13131701360.txt$$$$泊头市亚冠畜牧机械设备有限公司
13131701730.txt$$$$任丘市德天门窗厂
13131702550.txt$$$$沧州鹏达农业发展有限公司
13131705280.txt$$$$河北汇中管道装备有限公司
13131707303.txt$$$$沧州恒诚管道有限公司
13131717217.txt$$$$任丘市金麦金属制品有限公司
13131745029.txt$$$$河北精航宇阀门制造有限公司
13131752503.txt$$$$沧州云端品匠家居有限公司
13131754441.txt$$$$耐驰（天津）环保技术有限公司
