13355447528.txt$$$$德州科工橡胶制品有限公司
13355447528_1.txt$$$$德州科工橡胶制品有限公司
13355447528_2.txt$$$$德州科工橡胶制品有限公司
13355449684.txt$$$$宁津县豪丰泡沫制品有限公司
13355471073.txt$$$$济宁优泰机械有限公司
13355488617.txt$$$$泰安市岱岳区宏盛金属结构制造厂
13355488617_1.txt$$$$泰安市岱岳区宏盛金属结构制造厂
13355511225.txt$$$$合肥市蜀山区光明老年护理院
13355511225_1.txt$$$$合肥市蜀山区光明老年护理院
13355511225_2.txt$$$$合肥市蜀山区光明老年护理院
13355512759.txt$$$$合肥沃智机电设备有限公司
13355535544.txt$$$$芜湖万达汽车租赁有限公司
13355535544_1.txt$$$$芜湖万达汽车租赁有限公司
13355535544_2.txt$$$$芜湖万达汽车租赁有限公司
13355562379.txt$$$$潜山县潜达贸易有限公司
13355606405.txt$$$$合肥凯圣节能科技有限公司
13355606405_1.txt$$$$合肥凯圣节能科技有限公司
13355606405_2.txt$$$$合肥凯圣节能科技有限公司
13355606679.txt$$$$合肥安和电子设备安装工程有限公司
13355607000.txt$$$$合肥浩哲物资有限公司
13355638258.txt$$$$安徽赛工环境装备有限公司
13355659991.txt$$$$安徽同铸工程机械有限公司
13355698393.txt$$$$安徽霜乾制冷设备有限公司
13355699983.txt$$$$安徽鑫耀拆除工程有限公司
13355704141.txt$$$$衢州原金钢结构有限公司
13355776372.txt$$$$永嘉县弘凌泵阀有限公司
13355797779.txt$$$$浙江东阳舜达科技有限公司
13355811728.txt$$$$浙江百源环保工程有限公司
13355860661.txt$$$$温岭奇特隆机械有限公司
13355867636.txt$$$$浙江立冈机床有限公司
