13791088827.txt$$$$山东泉海清洁服务有限公司
13791088827_1.txt$$$$山东泉海清洁服务有限公司
13791098835.txt$$$$济南金贝兰木工机械有限公司
13791138317.txt$$$$济南鲁匠新材料有限公司
13791173185.txt$$$$烟台易熔焊接器材有限公司
13791222125.txt$$$$莱州市晟源水处理设备有限公司
13791286052.txt$$$$蓬莱市忠惠聚氨酯机械有限公司
13791286052_1.txt$$$$蓬莱市忠惠聚氨酯机械有限公司
13791286052_2.txt$$$$蓬莱市忠惠聚氨酯机械有限公司
13791307388.txt$$$$德州崔氏机械制造有限公司
13791315038.txt$$$$武城县舒捷车业有限公司
13791315038_1.txt$$$$武城县舒捷车业有限公司
13791315520.txt$$$$山东双拓空调设备有限公司
13791317899.txt$$$$宁津县新未来电扶梯配件有限公司
13791320161.txt$$$$夏津县鑫诺养殖设备厂
13791321933.txt$$$$山东鑫宏玺智能科技有限公司
13791335403.txt$$$$德州市德城区海天液压机具厂
13791338718.txt$$$$平原东晖静电涂装设备有限公司
13791342890.txt$$$$德州书合防水材料有限公司
13791347126.txt$$$$德州隆康空调设备有限公司
13791347998.txt$$$$德州中创空调通风设备厂
13791352950.txt$$$$德州经济开发区亿丰餐车销售中心
13791355555.txt$$$$山东宇之捷空调设备有限公司
13791358878.txt$$$$宏祥新材料股份有限公司
13791365490.txt$$$$山东新工起重设备有限公司
13791375330.txt$$$$宁津县德博机械加工厂
13791379072.txt$$$$禹城市猪仔福畜牧养殖设备经营处
13791383473.txt$$$$宁津县润通机械有限公司
13791437041.txt$$$$枣庄远东实业开发总公司
13791482909.txt$$$$单县盛莱建筑材料厂
