18838228398.txt$$$$郑州创艺展览展示有限公司
18838232081.txt$$$$郑州纯净巴马商贸有限公司
18838236800.txt$$$$富於嘉粮农业科技开发有限公司
18838236800_1.txt$$$$富於嘉粮农业科技开发有限公司
18838236800_2.txt$$$$富於嘉粮农业科技开发有限公司
18838238926.txt$$$$郑州福莱士餐饮服务有限公司
18838251060.txt$$$$巩义通胜机械制造有限公司
18838260160.txt$$$$郑州市聚诺砂轮有限公司
18838260930.txt$$$$河南省帝海机械有限公司
18838262217.txt$$$$郑州谛道文化传播有限公司
18838273524.txt$$$$郑州瑞城展览服务有限公司招展部
18838279850.txt$$$$河南坤铭机械设备有限公司
18838282046.txt$$$$河南施必得路桥材料科技有限公司
18838282046_1.txt$$$$河南施必得路桥材料科技有限公司
18838286337.txt$$$$郑州众团商贸有限公司
18838289181.txt$$$$河南林丰木业有限公司
18838290444.txt$$$$河南米特勒商贸有限公司
18838294711.txt$$$$郑州市领航商贸有限公司
18838294711_1.txt$$$$郑州市领航商贸有限公司
18838294711_2.txt$$$$郑州市领航商贸有限公司
18838298123.txt$$$$河南嵩岳活性炭有限公司
18838298123_1.txt$$$$河南嵩岳活性炭有限公司
18838298123_2.txt$$$$河南嵩岳活性炭有限公司
18838299929.txt$$$$郑州鑫盛管业有限公司
18838578208.txt$$$$永城市三友标识标牌有限公司
18838618918.txt$$$$镇平县丽景园林工程有限公司
18838618918_1.txt$$$$镇平县丽景园林工程有限公司
18838618918_2.txt$$$$镇平县丽景园林工程有限公司
18838769899.txt$$$$河南辉强机械设备有限公司
18838902058.txt$$$$河南省坤泰重工设备有限公司
