13602005229_2.txt$$$$天津市永骏杰机械零部件有限公司
13602005252.txt$$$$天津亚泰龙热控科技有限公司
13602005252_1.txt$$$$天津亚泰龙热控科技有限公司
13602005252_2.txt$$$$天津亚泰龙热控科技有限公司
13602005945.txt$$$$天津市枣玻玻璃钢销售中心
13602023900.txt$$$$天津飞云科技有限公司
13602023900_1.txt$$$$天津飞云科技有限公司
13602023900_2.txt$$$$天津飞云科技有限公司
13602044908.txt$$$$天津越尔兴电子科技有限公司
13602046595.txt$$$$天津市天润宇泰商贸有限公司
13602055205.txt$$$$天津隆凯来石油设备有限公司
13602055205_1.txt$$$$天津隆凯来石油设备有限公司
13602055205_2.txt$$$$天津隆凯来石油设备有限公司
13602079688.txt$$$$天津市天一净源水处理设备有限公司
13602082774.txt$$$$玉田县长旺建材有限公司
13602082774_1.txt$$$$玉田县长旺建材有限公司
13602082774_2.txt$$$$玉田县长旺建材有限公司
13602086821.txt$$$$泰洋(天津)海洋科技有限公司
13602102875.txt$$$$相与科技发展有限公司
13602102875_1.txt$$$$相与科技发展有限公司
13602102875_2.txt$$$$相与科技发展有限公司
13602102895.txt$$$$天津凯洛特建材有限公司
13602119539.txt$$$$天津市北辰区双展保温材料厂
13602128150.txt$$$$河北雄飞鑫达铝合金包装箱厂
13602173913.txt$$$$天津市紫石展览展示有限公司
13602186634.txt$$$$天津万事通胶粘制品有限公司
13602186634_1.txt$$$$天津万事通胶粘制品有限公司
13602186634_2.txt$$$$天津万事通胶粘制品有限公司
13602193000.txt$$$$天津重科圣起科技有限公司
13602195956.txt$$$$天津市鑫通福电动门贸易有限公司
