13355115044.txt$$$$梁山成行机械设备有限公司
13355131683.txt$$$$济宁东沃环保科技有限公司
13355153079.txt$$$$济宁环保锅炉厂
13355153582.txt$$$$山东东达机电有限责任公司
13355155788.txt$$$$山东凯越电力器材有限公司
13355164570.txt$$$$济宁领诺服饰有限公司
13355169133.txt$$$$济宁华泰门窗有限公司
13355172130.txt$$$$山东永益卫生材料厂
13355178455.txt$$$$济宁市远大照明器材有限公司
13355179252.txt$$$$济宁匠工机械有限公司
13355179681.txt$$$$山东东达矿山机电有限公司
13355182600.txt$$$$山东卅澳机械
13355183663.txt$$$$济宁萨奥机械有限公司
13355185855.txt$$$$济宁奥萨机械设备有限公司
13355188155.txt$$$$济宁森森木业有限公司
13355195916.txt$$$$济宁东达有限公司
13355206229.txt$$$$淄博市临淄鲁博厨房设备机械厂
13355226696.txt$$$$济南蓝媒设计策划有限公司
13355227033.txt$$$$淄博天清物业管理有限公司
13355230255.txt$$$$淄博增盛化工有限公司
13355230885.txt$$$$山东淄博博山金杰色母料厂
13355246627.txt$$$$高新区志成管道安装
13355261156.txt$$$$山东盘吉生物科技有限公司
13355265683.txt$$$$淄博水环真空设备有限公司
13355268567.txt$$$$山东山博电机集团有限公司
13355268567_1.txt$$$$山东山博电机集团有限公司
13355268567_2.txt$$$$山东山博电机集团有限公司
13355278888.txt$$$$山东中大塑管有限公司
13355278888_1.txt$$$$山东中大塑管有限公司
13355278988.txt$$$$山东齐鲁乙烯化工股份有限公司
