18663858368.txt$$$$山东鲁纤建材科技有限公司
18663858368_1.txt$$$$山东鲁纤建材科技有限公司
18663858368_2.txt$$$$山东鲁纤建材科技有限公司
18663858368_3.txt$$$$山东鲁纤建材科技有限公司
18663866703.txt$$$$回收直销产品
18663921146.txt$$$$经济技术开发区瑞明视电脑经营部
18663928166.txt$$$$诸城顺鑫果品种植专业合作社
18663949019.txt$$$$青岛博翔远人造草坪有限公司
18663969388.txt$$$$青岛凯尼森健康科技有限公司
18663971406.txt$$$$青岛中科恒维智能科技有限公司
18663975817.txt$$$$青岛易非塑料焊接设备有限公司
18663976286.txt$$$$青岛牧城门业集团有限公司
18664005629.txt$$$$东莞市传嘉实业有限公司
18664005629_1.txt$$$$东莞市传嘉实业有限公司
18664005629_2.txt$$$$东莞市传嘉实业有限公司
18664005629_3.txt$$$$东莞市传嘉实业有限公司
18664021707.txt$$$$东莞市卓胜机械设备有限公司
18664026139.txt$$$$东莞市锐志达管理顾问有限公司
18664040298.txt$$$$广东成氏餐饮管理服务有限公司
18664058967.txt$$$$东莞市鑫淼硅胶科技有限公司
18664080768.txt$$$$东莞市华青微波设备制造有限公司
18664090895.txt$$$$东莞市瑞达塑料科技有限公司
18664092313.txt$$$$东莞市乾昊欣自动化设备有限公司
18664092313_1.txt$$$$东莞市乾昊欣自动化设备有限公司
18664092313_2.txt$$$$东莞市乾昊欣自动化设备有限公司
18664099573.txt$$$$东莞市众盈餐具消毒清洗有限公司
18664099573_1.txt$$$$东莞市众盈餐具消毒清洗有限公司
18664099573_2.txt$$$$东莞市众盈餐具消毒清洗有限公司
18664106491.txt$$$$东莞市隆展环保实业有限公司
18664115888.txt$$$$东莞市嘉洋新材料科技有限公司
