13912137508.txt$$$$扬州市佳林管道疏通服务有限公司
13912219957.txt$$$$南通友腾环保科技有限公司
13912237685.txt$$$$郑州帝鑫科技有限公司
13912281116.txt$$$$南通恒隆管道工程有限公司
13912335090.txt$$$$江苏东道防爆科技有限公司
13912354532.txt$$$$无锡源美过滤净化设备有限公司
13912359777.txt$$$$江苏恩爱斯凯轴承有限公司
13912368876.txt$$$$无锡泰洋包装科技有限公司
13912392513.txt$$$$无锡瑞基晟业轴承贸易有限公司
13912393537.txt$$$$无锡顺风通风设备有限公司
13912393537_1.txt$$$$无锡顺风通风设备有限公司
13912393537_2.txt$$$$无锡顺风通风设备有限公司
13912396712.txt$$$$无锡上雅机械科技有限公司
13912411366.txt$$$$江苏创基职业服饰有限公司
13912457325.txt$$$$江阴市翔元玻璃钢新材料有限公司
13912473830.txt$$$$无锡市安旭科贸有限公司
13912490182.txt$$$$无锡真木机械有限公司
13912494882.txt$$$$江苏中大恒天电机有限公司
13912501118.txt$$$$盐城瑞久机电科技有限公司
13912506221.txt$$$$江苏金盛高空工程有限公司
13912510411.txt$$$$东台市天弘实验仪器制造有限公司
13912560151.txt$$$$永康市桑禾散热器有限公司
13912560151_1.txt$$$$永康市桑禾散热器有限公司
13912560151_2.txt$$$$永康市桑禾散热器有限公司
13912618791.txt$$$$苏州哈盾焊材有限公司
13912623486.txt$$$$双乾网络支付有限公司
13912628494.txt$$$$苏州金铭利包装材料有限公司
13912630595.txt$$$$苏州亚善液压有限公司
13912640705.txt$$$$福建希海姆科技有限公司
13912648438.txt$$$$苏州安德货架制造有限公司
