13685341913.txt$$$$山东金瑞达环保科技有限公司
13685342565.txt$$$$德州精机机电设备有限公司
13685345379.txt$$$$德州特菱通风设备有限公司
13685346841.txt$$$$德州通顺空调设备有限公司
13685347262.txt$$$$德州化工机械有限公司鲁兴
13685354686.txt$$$$烟台一添建筑装饰工程有限公司
13685354686_1.txt$$$$烟台一添建筑装饰工程有限公司
13685361582.txt$$$$济南市历城区玉泉建筑机械租赁站
13685363511.txt$$$$潍坊川海机械有限公司
13685363511_1.txt$$$$潍坊川海机械有限公司
13685364021.txt$$$$潍坊东方钢管有限公司
13685366004.txt$$$$山东佐佑机械有限公司
13685397882.txt$$$$山东免烧砖机模具厂
13685397882_1.txt$$$$沂南县天弘鹏程建筑机械厂
13685416602.txt$$$$济南欧达自控设备有限公司
13685436490.txt$$$$山东省博兴县鑫兴奥厨房设备厂
13685436490_1.txt$$$$山东省博兴县鑫兴奥厨房设备厂
13685436490_2.txt$$$$山东省博兴县鑫兴奥厨房设备厂
13685438288.txt$$$$山东广浩商用电器有限公司
13685438288_1.txt$$$$山东广浩商用电器有限公司
13685438288_2.txt$$$$山东广浩商用电器有限公司
13685450058.txt$$$$莱山区割烹清水料理店
13685482579.txt$$$$泰安开发区鑫平园艺场
13685499192.txt$$$$山东鑫旺照明灯具有限公司
13685499192_1.txt$$$$山东鑫旺照明灯具有限公司
13685499192_2.txt$$$$山东鑫旺照明灯具有限公司
13685517788.txt$$$$安徽省天翼幕墙材料有限公司
13685517788_1.txt$$$$安徽省天翼幕墙材料有限公司
13685517788_2.txt$$$$安徽省天翼幕墙材料有限公司
13685551598.txt$$$$安徽庞海股份有限公司
