13305214590.txt$$$$徐州徐矿矿山机械设备有限公司
13305214590_1.txt$$$$徐州徐矿矿山机械设备有限公司
13305214590_2.txt$$$$徐州徐矿矿山机械设备有限公司
13305214590_3.txt$$$$徐州徐矿矿山机械设备有限公司
13305248589.txt$$$$江苏中展科技发展有限公司
13305258848.txt$$$$扬州市江都区晟天轴瓦厂
13305271062.txt$$$$扬州禹笑水利机械有限公司
13305275801.txt$$$$生态科技新城万发酒店用品厂
13305288155.txt$$$$镇江星扬电气管业有限公司
13305307638.txt$$$$鄄城县亿碧源节水设备科技有限公司
13305325869.txt$$$$山东金海岸生态农牧发展有限公司
13305326198.txt$$$$青岛富盛德塑胶有限公司
13305330485.txt$$$$淄博荣瑞泵业有限公司
13305332490.txt$$$$山东胜泰塑胶管道有限公司
13305334187.txt$$$$淄博耀发机械厂
13305340449.txt$$$$德州旭森电梯有限公司
13305342019.txt$$$$山东豪达瑞科温室设备科技有限公司
13305342293.txt$$$$德州北工机械制造有限公司
13305342675.txt$$$$德州威度通风设备有限公司
13305345213.txt$$$$德州鑫瀚机械制造有限公司
13305347963.txt$$$$腾达净化空调有限公司
13305349083.txt$$$$山东德州创惠空调设备有限公司
13305362086.txt$$$$山东龙安泰环保科技有限公司
13305362350.txt$$$$潍城区绿鑫苗木经营中心
13305364017.txt$$$$诸城市海创达食品机械有限公司
13305364318.txt$$$$高密市福霖养殖设备有限公司
13305367136.txt$$$$诸城艾格自动化装备有限公司
13305370654.txt$$$$山东博远机械有限公司
13305371514.txt$$$$山东万棵松旅游发展有限公司
13305371514_1.txt$$$$山东万棵松旅游发展有限公司
