18053921112.txt$$$$临沂市兰山区洁森木业板材厂
18053922788.txt$$$$河东区新晟城塑料打包带厂
18053926285.txt$$$$临沂市兰山区绿水纸塑包装商行
18053926285_1.txt$$$$临沂市兰山区绿水纸塑包装商行
18053926285_2.txt$$$$临沂市兰山区绿水纸塑包装商行
18053928910.txt$$$$山东润格消防安全工程有限公司
18053928910_1.txt$$$$山东润格消防安全工程有限公司
18053928997.txt$$$$临沂市富洁净化设备有限公司
18053928997_1.txt$$$$临沂市富洁净化设备有限公司
18053928997_2.txt$$$$临沂市富洁净化设备有限公司
18053929581.txt$$$$临沂市兰山区建鹏塑料包装厂
18053929581_1.txt$$$$临沂市兰山区建鹏塑料包装厂
18053929581_2.txt$$$$临沂市兰山区建鹏塑料包装厂
18053932370.txt$$$$山东源创照明工程有限公司
18053934558.txt$$$$临沂暖福旺金属制品有限公司
18053934558_1.txt$$$$临沂暖福旺金属制品有限公司
18053934558_2.txt$$$$临沂暖福旺金属制品有限公司
18053941386.txt$$$$临沂市兰山区昶湖建材有限公司
18053945599.txt$$$$山东临沂联升打包带厂
18053949926.txt$$$$临沂市金永窑炉有限公司
18053949926_1.txt$$$$临沂市金永窑炉有限公司
18053962727.txt$$$$临沂杰泰建材有限公司
18053962727_1.txt$$$$临沂杰泰建材有限公司
18053962727_2.txt$$$$临沂杰泰建材有限公司
18053973888.txt$$$$临沂市盛大华宇木业有限公司
18053973888_1.txt$$$$临沂市盛大华宇木业有限公司
18053973888_2.txt$$$$临沂市盛大华宇木业有限公司
18053973888_3.txt$$$$临沂市盛大华宇木业有限公司
18054098084.txt$$$$合肥荣嘉环保科技有限公司
18054208370.txt$$$$广州联基水泥制品有限公司
