13073303083_19.txt$$$$苏州海德信氢能源科技有限公司
13073303083_2.txt$$$$苏州巨捷精密机械有限公司
13073303083_20.txt$$$$上海雄威汽车销售有限公司
13073303083_21.txt$$$$上海雄威汽车销售有限公司
13073303083_22.txt$$$$苏州威林特机械有限公司
13073303083_23.txt$$$$苏州卓群包装材料有限公司
13073303083_24.txt$$$$苏州卓群包装材料有限公司
13073303083_3.txt$$$$联盟电梯（苏州）有限公司
13073303083_4.txt$$$$苏州七彩大风车文化传媒有限公司
13073303083_5.txt$$$$上海雄威汽车销售有限公司
13073303083_6.txt$$$$苏州健睿电子机械有限公司
13073303083_7.txt$$$$苏州品立照明工程有限公司
13073303083_8.txt$$$$通城捷而准包装材料有限公司
13073303083_9.txt$$$$吴中经济技术开发区信和自动麻将机经营部
13073326747.txt$$$$苏州市藏艺砖雕有限公司
13073327762.txt$$$$常熟市天巨防火新材料科技有限公司
13073380483.txt$$$$苏州蓝天下母婴护理服务有限公司
13073387844.txt$$$$迈普机械（苏州）有限公司
13073500658.txt$$$$太原海仑蓝天家具装饰有限公司
13073521700.txt$$$$太原市杏花岭区陈绪栓小吃店
13073551551.txt$$$$山西新达科源文化传媒有限公司
13073566232.txt$$$$清徐县西辽西彩琴废旧金属购销站
13073581418.txt$$$$山西中天盛机械有限公司
13073585557.txt$$$$山西装网天下科技有限公司
13073632635.txt$$$$湖州特思拉啤酒有限公司
13073650296.txt$$$$杭州包尔得新材料科技有限公司
13073664646.txt$$$$杭州顺竹建筑工程有限公司
13073664646_1.txt$$$$杭州顺竹建筑工程有限公司
13073664646_2.txt$$$$杭州顺竹建筑工程有限公司
13073693999.txt$$$$卫辉市兴达机械厂
