15989119404.txt$$$$广州华普信科技有限公司
15989122694.txt$$$$广州市合申机电科技有限公司
15989126041.txt$$$$广州斯卡尼冰淇淋有限公司
15989131668.txt$$$$广州市品华日化科技有限公司
15989149420.txt$$$$九木广告传媒(广州)有限公司
15989149420_1.txt$$$$九木广告传媒(广州)有限公司
15989155615.txt$$$$汇普(广州)环保设备有限公司
15989155829.txt$$$$广州市四一海交通设施有限公司
15989163508.txt$$$$广州时美图文设备有限公司
15989163508_1.txt$$$$广州时美图文设备有限公司
15989163508_2.txt$$$$广州时美图文设备有限公司
15989164289.txt$$$$广州聚衫服饰有限公司
15989174945.txt$$$$广州金顺图文设计有限公司
15989176874.txt$$$$广州隆华印刷设备有限公司
15989199728.txt$$$$广州我要物流网络科技有限公司
15989199728_1.txt$$$$广州我要物流网络科技有限公司
15989199728_2.txt$$$$广州我要物流网络科技有限公司
15989209588.txt$$$$广州市锦天化工科技有限公司
15989209588_1.txt$$$$广州市锦天化工科技有限公司
15989209588_2.txt$$$$广州市锦天化工科技有限公司
15989211877.txt$$$$广州欧万电子科技有限公司
15989215582.txt$$$$广州九格服饰有限公司
15989237623.txt$$$$广州卡酷动漫科技有限公司
15989237623_1.txt$$$$广州卡酷动漫科技有限公司
15989237623_2.txt$$$$广州卡酷动漫科技有限公司
15989240268.txt$$$$广州百恩展览有限公司
15989257837.txt$$$$广州凌恒贸易有限公司
15989263792.txt$$$$广州市花都区赤坭盈兴包装材料厂
15989268386.txt$$$$中山市艺优贵金属表面处理有限公司
15989287156.txt$$$$广州舰艇智能有限责任公司
