18657193233.txt$$$$浙江畅融商贸有限公司
18657212712.txt$$$$湖州南浔中福人家私有限公司
18657378008.txt$$$$执高（嘉兴）装饰材料有限公司
18657490157.txt$$$$浙江印艺文化传媒有限公司
18657569296.txt$$$$嵊州市法一蒙电器有限公司
18657612909.txt$$$$玉环县恒德阀门有限公司
18657612909_1.txt$$$$玉环县恒德阀门有限公司
18657612909_2.txt$$$$玉环县恒德阀门有限公司
18657677861.txt$$$$台州经济开发区知音乐器商行
18657718137.txt$$$$永固集团股份有限公司
18657758397.txt$$$$铭祺电气有限公司
18657775719.txt$$$$乐清市佳兴电器有限公司
18657937325.txt$$$$东阳市莱驰环保科技有限公司
18657937325_1.txt$$$$东阳市莱驰环保科技有限公司
18657980870.txt$$$$义乌市须江橡胶制品有限公司
18657980870_1.txt$$$$义乌市须江橡胶制品有限公司
18657980870_2.txt$$$$义乌市须江橡胶制品有限公司
18657988823.txt$$$$武汉宗欣机械有限公司
18657997998.txt$$$$浙江万安门业有限公司
18657997998_1.txt$$$$浙江万安门业有限公司
18657997998_2.txt$$$$浙江万安门业有限公司
18658116528.txt$$$$杭州嘉尚建筑装饰材料有限公司
18658141022.txt$$$$杭州星空不锈钢制品有限公司
18658329606.txt$$$$武汉君瑞创实业有限责任公司
18658361826.txt$$$$北京凌鹏环保科技有限公司
18658381333.txt$$$$浙江正鑫不锈钢有限公司
18658381333_1.txt$$$$浙江正鑫不锈钢有限公司
18658406916.txt$$$$宁波优静水表有限公司
18658407108.txt$$$$宁波万豪空间结构工程有限公司
18658499090.txt$$$$宁波友恒不锈钢有限公司
