13806599775.txt$$$$上海秦泉泵业有限公司
13806641522.txt$$$$宁波科美环境科技有限公司
13806760542.txt$$$$上虞市豪光火花设备有限公司
13806769003.txt$$$$绍兴速腾金属制品有限公司
13806772038.txt$$$$永康市曹力球铁铸造厂
13806772038_1.txt$$$$永康市曹力球铁铸造厂
13806772038_2.txt$$$$永康市曹力球铁铸造厂
13806773407.txt$$$$东阳市吴宁金芳道具厂
13806775737.txt$$$$金华壹加壹门窗有限公司
13806775737_1.txt$$$$金华壹加壹门窗有限公司
13806775737_2.txt$$$$金华壹加壹门窗有限公司
13806777072.txt$$$$东阳市佳先机械制造有限公司
13806777816.txt$$$$安徽百瑞特自动化仪表科技有限公司
13806780858.txt$$$$金华市国能科技有限公司
13806780858_1.txt$$$$金华市国能科技有限公司
13806780858_2.txt$$$$金华市国能科技有限公司
13806782233.txt$$$$金华市才华物流有限公司
13806782644.txt$$$$金华市根明葡萄专业合作社
13806782644_1.txt$$$$金华市根明葡萄专业合作社
13806782644_2.txt$$$$金华市根明葡萄专业合作社
13806789699.txt$$$$金华市雅里砖瓦厂
13806789699_1.txt$$$$金华市雅里砖瓦厂
13806789699_2.txt$$$$金华市雅里砖瓦厂
13806790296.txt$$$$义乌市铭诚货物运输有限公司
13806790296_1.txt$$$$义乌市铭诚货物运输有限公司
13806790296_2.txt$$$$义乌市铭诚货物运输有限公司
13806905092.txt$$$$厦门致鹏达机械有限公司
13806911200.txt$$$$厦门凯浦瑞电子科技有限公司
13806931677.txt$$$$漳州市桥头木业有限公司
13806938930.txt$$$$漳州市英格尔农业科技有限公司
