15089651555.txt$$$$广州市卡祖粘合剂有限公司
15089711681.txt$$$$英德市望埠镇衡峰园林奇石场
15089912198.txt$$$$中山发鼎液压升降机械有限公司
15089961089.txt$$$$中山市明歌照明科技有限公司
15089961443.txt$$$$东莞市艾拓自动化科技有限公司
15089990918.txt$$$$中山市大涌镇名义红红木家具厂
15090018686.txt$$$$河南华北化工装备有限公司
15090018686_1.txt$$$$河南华北化工装备有限公司
15090018686_2.txt$$$$河南华北化工装备有限公司
15090037886.txt$$$$安阳新区高庄东方玩具厂
15090061807.txt$$$$新乡市华音再生能源设备有限公司
15090079669.txt$$$$河南省金特振动机械有限公司
15090103007.txt$$$$南阳市卧龙区安皋镇果园村宏发膨润土厂
15090103007_1.txt$$$$南阳市卧龙区安皋镇果园村宏发膨润土厂
15090103007_2.txt$$$$南阳市卧龙区安皋镇果园村宏发膨润土厂
15090121123.txt$$$$南阳嘉艺园林景观有限公司
15090121123_1.txt$$$$南阳嘉艺园林景观有限公司
15090121123_2.txt$$$$南阳嘉艺园林景观有限公司
15090180518.txt$$$$河南砂欧装饰工程有限公司
15090180518_1.txt$$$$河南砂欧装饰工程有限公司
15090180518_2.txt$$$$河南砂欧装饰工程有限公司
15090239634.txt$$$$濮阳市浦博商贸有限公司
15090307888.txt$$$$新乡市腾达纸制品有限公司
15090308199.txt$$$$新乡市高新区香满堂餐饮技术推广中心
15090308199_1.txt$$$$新乡市高新区香满堂餐饮技术推广中心
15090308199_2.txt$$$$新乡市高新区香满堂餐饮技术推广中心
15090313702.txt$$$$新乡市金邦广告有限公司
15090383047.txt$$$$辉县市鑫盛模具有限公司
15090686587.txt$$$$永城市众禾生物科技有限公司
15090686587_1.txt$$$$永城市众禾生物科技有限公司
