13510444368.txt$$$$深圳市仪器仪表技术有限公司
13510449320.txt$$$$东莞市金乐康塑胶制品有限公司
13510460953.txt$$$$深圳市贝斯泰尔科技有限公司
13510464002.txt$$$$东莞市詹尔斯工业设备有限公司
13510493400.txt$$$$深圳市汇合电路有限公司
13510511928.txt$$$$深圳市佳易盛企业发展有限公司
13510520340.txt$$$$深圳市小米塑胶制品有限公司
13510526081.txt$$$$深圳市中邦欧阳燃气设备有限公司
13510544203.txt$$$$深圳早禾广告有限公司
13510559221.txt$$$$深圳市宝安区松岗万鑫再生资源回收站
13510569733.txt$$$$深圳市华建尘埃处理技术有限公司
13510569918.txt$$$$佛山纳特装饰材料有限公司
13510572756.txt$$$$贵州宏胜环保科技有限公司
13510572756_1.txt$$$$贵州宏胜环保科技有限公司
13510572756_2.txt$$$$贵州宏胜环保科技有限公司
13510578504.txt$$$$深圳市迈瑞克科技有限公司
13510588989.txt$$$$深圳欧博尔化工有限公司
13510589586.txt$$$$深圳市保利德制冷科技有限公司
13510610352.txt$$$$深圳市创舰科技发展有限公司
13510613608.txt$$$$深圳市鑫利达工业设备有限公司
13510617550.txt$$$$深圳市金美创制冷设备有限公司
13510623937.txt$$$$深圳市庆通科技有限公司
13510636659.txt$$$$深圳市国运达物流有限公司
13510645323.txt$$$$广州天沅硅胶科技有限公司
13510657538.txt$$$$深圳市百技文化传播有限公司
13510657538_1.txt$$$$深圳市百技文化传播有限公司
13510657538_2.txt$$$$深圳市百技文化传播有限公司
13510659050.txt$$$$深圳市湘华通科技发展有限公司
13510661044.txt$$$$深圳市华科力达自动化设备有限公司
13510667672.txt$$$$深圳市旭海自动化设备有限公司
