13072497508.txt$$$$沈阳志强互联网信息服务有限公司
13072497979.txt$$$$渔翁鲜生（北京）商业连锁管理有限公司
13072538831.txt$$$$南京世通展览服务有限公司
13072581620.txt$$$$北京雷安泰克科技有限公司南京分公司
13072586056.txt$$$$南京信必诚轴承有限公司
13072625606.txt$$$$河南奇瑞起重机设备有限公司
13072649399.txt$$$$新乡市叁叁畜牧设备有限公司
13072663071.txt$$$$河南天润测控仪表有限公司
13072671989.txt$$$$河南主题公园大型游乐设备玩具有限公司
13072679703.txt$$$$河南广慧会计服务有限公司
13072699995.txt$$$$豫正重工集团有限公司
13072870577.txt$$$$成都太禾行商贸有限公司
13072910332.txt$$$$西安舍瑞电气有限公司
13072925145.txt$$$$西安雅邦建材有限公司
13072930777.txt$$$$陕西锦星供水设备有限公司
13072955556.txt$$$$西安固邦建筑科技有限公司
13073067471.txt$$$$广州茂联贸易有限公司
13073069569.txt$$$$广州北方基础机械有限公司
13073168516.txt$$$$石家庄巨制贸易有限公司
13073303083.txt$$$$苏州市德成塑料制品有限公司
13073303083_1.txt$$$$昆山油安驰传动设备有限公司
13073303083_10.txt$$$$苏州通奇威电子科技有限公司
13073303083_11.txt$$$$苏州众都自动化科技有限公司
13073303083_12.txt$$$$江苏虞林世家红木家具有限公司
13073303083_13.txt$$$$苏州康鸿智能装备股份有限公司
13073303083_14.txt$$$$苏州卓群包装材料有限公司
13073303083_15.txt$$$$苏州夺震乾工程机械有限公司
13073303083_16.txt$$$$苏州纳美瑞电子科技有限公司
13073303083_17.txt$$$$苏州杜维尔环保科技有限公司
13073303083_18.txt$$$$苏州红杉自动化科技有限公司
