13035192778_1.txt$$$$随州市曾都区顺发衣架厂
13035192778_2.txt$$$$随州市曾都区顺发衣架厂
13035227821.txt$$$$襄阳中原海电气有限公司
13035227821_1.txt$$$$襄阳中原海电气有限公司
13035227821_2.txt$$$$襄阳中原海电气有限公司
13035227821_3.txt$$$$湖北信安达工业气体有限公司
13035227821_4.txt$$$$湖北信安达工业气体有限公司
13035326365.txt$$$$武汉恩维数字技术有限公司
13035356678.txt$$$$湖北辉港机电设备工程有限公司
13035408089.txt$$$$合肥川财净化工程有限公司
13035677792.txt$$$$四川众金粉体设备有限公司
13035889755.txt$$$$河北图成钢材有限公司
13036089103.txt$$$$海口水星玻璃钢实业有限公司
13036118161.txt$$$$武汉赋格餐饮管理有限公司
13036151645.txt$$$$武汉舒适家节能技术有限公司
13036175188.txt$$$$咸安区华鸿建材装饰城
13036188475.txt$$$$温泉路瓷砖批发
13036261686.txt$$$$鸿发背景墙厂商直营
13036365367.txt$$$$重庆仕捷清洁设备有限公司
13036384498.txt$$$$咸宁家居地板
13036395150.txt$$$$浪凡金属制品有限公司
13036691108.txt$$$$成都市清蓝智家科技有限公司
13036790528.txt$$$$长沙亮诚清洁服务有限公司
13036793318.txt$$$$长沙攀力科技开发有限公司
13036798383.txt$$$$洛阳源丰办公家具有限公司
13036882122.txt$$$$南宁飞驰交通科技有限公司
13036993797.txt$$$$广西洁森环保工程设备有限公司
13037158150.txt$$$$武汉新万众建筑防水工程有限公司
13037166519.txt$$$$武汉市恩维激光设备有限公司
13037553955.txt$$$$徐州固彩建筑装饰工程有限公司
