18914033870_1.txt$$$$苏州盘瑶健康管理咨询有限公司
18914033870_2.txt$$$$苏州盘瑶健康管理咨询有限公司
18914036659.txt$$$$苏州纽安特物流设备有限公司
18914036762.txt$$$$昆山宝柏塑胶科技有限公司
18914060826.txt$$$$旭景（苏州）激光设备有限公司
18914068107.txt$$$$苏州鼎丰精密机械有限公司
18914080043.txt$$$$苏州三岩芯电子科技有限公司
18914088077.txt$$$$苏州石头教育咨询有限公司
18914088389.txt$$$$开化贵宝阁红木家具厂
18914088389_1.txt$$$$开化贵宝阁红木家具厂
18914088389_2.txt$$$$开化贵宝阁红木家具厂
18914089086.txt$$$$苏州美斯鼎铝合金升降机械有限公司
18914098352.txt$$$$苏州吴中经济开发区越溪恩赐包装材料厂
18914125257.txt$$$$无锡进帆环保科技有限公司
18914127717.txt$$$$无锡畅通环保工程有有限公司
18914162698.txt$$$$无锡金舜意液压机械有限公司
18914166616.txt$$$$无锡市乾亿钢管有限公司
18914168115.txt$$$$无锡达康斯智能科技有限公司
18914266252.txt$$$$无锡捷达通管道工程有限公司
18914299930.txt$$$$江苏安素工程科技有限公司
18914327609.txt$$$$常州市武进亚力机房设备有限公司
18914480848.txt$$$$南京圣彩包装材料有限公司
18914480848_1.txt$$$$南京圣彩包装材料有限公司
18914480848_2.txt$$$$南京圣彩包装材料有限公司
18914484150.txt$$$$南京七子广告有限公司
18914503370.txt$$$$江苏华锻机械设备有限公司
18914559606.txt$$$$江苏华中防腐管阀件有限公司
18914675755.txt$$$$盐城市亚能电热电器有限公司
18914706476.txt$$$$南京奥威斯室内通风有限公司
18914729957.txt$$$$南京苏恩瑞干燥设备有限公司
