15064440139_1.txt$$$$诸城市翔盛机械有限公司
15064440139_2.txt$$$$诸城市翔盛机械有限公司
15064443842.txt$$$$安丘市金鑫劳保用品有限公司
15064466867.txt$$$$青州市茗茜花卉苗木专业合作社
15064467777.txt$$$$潍坊西贝嘉化工有限公司
15064470066.txt$$$$天津市大明洋化学建材有限公司潍坊分公司
15064470066_1.txt$$$$天津芳图建筑涂料有限公司
15064470066_2.txt$$$$北京希雅拓建材有限公司
15064470066_3.txt$$$$天津市大明洋化学建材有限公司潍坊分公司
15064470066_4.txt$$$$天津市大明洋化学建材有限公司潍坊分公司
15064480575.txt$$$$诸城市众工机械有限公司
15064480575_1.txt$$$$诸城市众工机械有限公司
15064488836.txt$$$$诸城市宏林环保有限公司
15064488836_1.txt$$$$诸城市宏林环保设备有限公司
15064519860.txt$$$$龙口市顺达机械设备有限公司
15064519860_1.txt$$$$龙口市顺达机械设备有限公司
15064519860_2.txt$$$$龙口市顺达机械设备有限公司
15064603303.txt$$$$山东怡墅金属制品有限公司
15064630444.txt$$$$潍坊市伟诺环保科技有限公司
15064653939.txt$$$$潍坊坤达机械有限公司
15064660168.txt$$$$诸城格瑞泰尔蒸汽设备有限公司
15064675188.txt$$$$寿光华北温室大棚发展有限公司
15064683132.txt$$$$诸城市志诚机械有限公司
15064683132_1.txt$$$$诸城市志诚机械有限公司
15064687669.txt$$$$临朐县远景铁艺护栏制品厂
15064691666.txt$$$$临朐县宝龙金属制品厂
15064691777.txt$$$$临朐国强铝塑门窗厂
15064698298.txt$$$$青州晨光机械有限公司
15064702766.txt$$$$山东浩鸿机械制造有限公司
15064748151.txt$$$$济宁润华机电设备有限责任公司
