13730080255_2.txt$$$$邯郸市金粟粮食购销有限公司
13730091999.txt$$$$巨鹿县红海机械制造有限公司
13730091999_1.txt$$$$巨鹿县红海机械制造有限公司
13730091999_2.txt$$$$巨鹿县红海机械制造有限公司
13730107759.txt$$$$晋州市光雅金属制品有限公司
13730112863.txt$$$$诺安科技有限公司责任
13730132871.txt$$$$内丘恒瑞石材加工厂
13730151530.txt$$$$清苑县大吕庄凯嘉模盒模具加工厂
13730158298.txt$$$$河北嘉泽泵业有限公司
13730160715.txt$$$$河北百汇园林苗木基地
13730165779.txt$$$$保定森力克水泵制造有限公司
13730174926.txt$$$$山东鼎宏环保科技有限公司
13730179385.txt$$$$雄县大营镇欧蒙箱包厂
13730185519.txt$$$$容城县鑫平纸塑包装厂
13730189686.txt$$$$保定秦安五金制品销售有限公司
13730193069.txt$$$$河北雄县丰恒塑胶制品厂
13730199891.txt$$$$河北保定雨锡建筑材料贸易有限公司
13730219155.txt$$$$河北远邦起重机械制造有限公司
13730219233.txt$$$$河北立诗顿起重制造有限公司
13730253773.txt$$$$曲阳县大通雕塑有限公司
13730259792.txt$$$$保定弘基赫阳模具厂
13730373722.txt$$$$固安县牛驼诚信滤清器厂
13730415408.txt$$$$永年县多力化学锚栓厂
13730440058.txt$$$$雄县中和永盛塑料管材有限公司
13730447111.txt$$$$保定市华锐方正机械制造有限公司
13730447111_1.txt$$$$保定市华锐方正机械制造有限公司
13730447111_2.txt$$$$保定市华锐方正机械制造有限公司
13730447111_3.txt$$$$保定市华锐方正机械制造有限公司
13730468465.txt$$$$保定市南市区长恒衡器厂
13730468465_1.txt$$$$保定市南市区长恒衡器厂
