18602388139.txt$$$$重庆斐斯福机械有限公司
18602441446.txt$$$$沈阳市金杯弹簧厂
18602443268.txt$$$$沈阳未来聚氨酯冷库板材有限公司
18602444046.txt$$$$沈阳兴盛宏机电设备有限公司
18602469338.txt$$$$沈阳呵蒂娜商贸有限责任公司
18602472348.txt$$$$沈阳陵东废品回收有限公司
18602601107.txt$$$$天津鲁艺装饰有限公司
18602623546.txt$$$$天津创展宇迪能源工程有限公司
18602635162.txt$$$$天津世纪瑞鑫传动设备有限公司
18602648808.txt$$$$天津市东丽区欣享泰金属制品厂
18602651778.txt$$$$天津市小兵搬家运输服务有限公司
18602657257.txt$$$$天津隆恒钢绞线制品有限公司
18602661013.txt$$$$艺林衣橱服装贸易（天津）有限责任公司
18602661013_1.txt$$$$艺林衣橱服装贸易（天津）有限责任公司
18602661013_2.txt$$$$艺林衣橱服装贸易（天津）有限责任公司
18602667273.txt$$$$天津滋源环保科技股份有限公司
18602667273_1.txt$$$$天津滋源环保科技股份有限公司
18602667273_2.txt$$$$天津滋源环保科技股份有限公司
18602667273_3.txt$$$$天津滋源环保科技股份有限公司
18602670825.txt$$$$天津市绿自然创意家居销售有限公司
18602670825_1.txt$$$$天津市绿自然创意家居销售有限公司
18602670825_2.txt$$$$天津市绿自然创意家居销售有限公司
18602672090.txt$$$$天津市冲击波影音科技发展有限公司
18602674953.txt$$$$天津恒盛鑫源国际贸易有限公司
18602674953_1.txt$$$$大连泓泽石化有限公司
18602688560.txt$$$$天津启隆机电设备有限公司
18602693100.txt$$$$天津优尔玻璃科技有限公司
18602693100_1.txt$$$$天津优尔玻璃科技有限公司
18602693100_2.txt$$$$天津优尔玻璃科技有限公司
18602694251.txt$$$$天津市鑫盛源泉科技有限公司
