18680221856_1.txt$$$$河南欧园居金属制品有限公司
18680221856_2.txt$$$$河南欧园居金属制品有限公司
18680249838.txt$$$$广州市盛霆科技有限公司
18680252098.txt$$$$广州市朗派电子有限公司
18680252202.txt$$$$广州汇鼎电子商务有限公司
18680286700.txt$$$$广州市庆康化工有限公司
18680292278.txt$$$$广州鸿威国际会展集团有限公司
18680295066.txt$$$$广州封面环保袋制品有限公司
18680297466.txt$$$$广州市万川物流有限公司
18680310556.txt$$$$深圳市零烦恼软件科技有限公司
18680319684.txt$$$$深圳市粤能电气有限公司
18680365540.txt$$$$深圳市强鑫泰科技有限公司
18680404020.txt$$$$东莞市华因机电设备有限公司
18680404448.txt$$$$东莞市仟诗蔓生物科技有限公司
18680404448_1.txt$$$$东莞市仟诗蔓生物科技有限公司
18680404448_2.txt$$$$东莞市仟诗蔓生物科技有限公司
18680404448_3.txt$$$$东莞市仟诗蔓生物科技有限公司
18680416019.txt$$$$东莞市顺优电子有限公司
18680416019_1.txt$$$$东莞市顺优电子有限公司
18680428088.txt$$$$深圳市富强安防有限公司
18680428734.txt$$$$深圳市宝安区西乡富铭威五金制品厂
18680428734_1.txt$$$$东莞市腾羽五金科技有限公司
18680433404.txt$$$$广州市鼎盛精工科技有限公司
18680434924.txt$$$$东莞市泛娱网络科技有限公司
18680434924_1.txt$$$$东莞市泛娱网络科技有限公司
18680434924_2.txt$$$$东莞市泛娱网络科技有限公司
18680439639.txt$$$$东莞市西南科技有限公司
18680440298.txt$$$$广州金龙油缸有限公司
18680473037.txt$$$$广州天雅生物技术有限公司
18680473037_1.txt$$$$广州天雅生物技术有限公司
