15170898663.txt$$$$东莞市艺晶包装制品有限公司
15170906808.txt$$$$江西润昌果业开发有限公司
15170906808_1.txt$$$$江西润昌果业开发有限公司
15170906808_2.txt$$$$江西润昌果业开发有限公司
15170981312.txt$$$$九江春宝农业有限公司
15171140160.txt$$$$广州邦的机电有限公司
15171426370.txt$$$$武汉绿生霖植物墙工程有限公司
15171440098.txt$$$$武汉一鼎红钢结构工程有限公司
15171461874.txt$$$$武汉市江岸区博陵丝网经营部
15171494460.txt$$$$武汉固达建筑有限公司
15171508738.txt$$$$武汉恒发联合会计师事务所
15171512016.txt$$$$湖北新蓝天新材料股份有限公司
15171667444.txt$$$$武汉谷德利弗特升降设备有限公司
15171826133.txt$$$$湖北慧中消防科技有限公司
15172040642.txt$$$$大冶市余氏古今水泥斗拱制品厂
15172285208.txt$$$$湖北久胜汽车贸易有限公司
15172295477.txt$$$$东莞市冠钜自动化设备有限公司
15172326969.txt$$$$广东大观茶叶有限公司
15172326969_1.txt$$$$广东大观茶叶有限公司
15172326969_2.txt$$$$广东大观茶叶有限公司
15172375621.txt$$$$湖北贝思特智能科技有限公司
15172377589.txt$$$$武汉花海石林生态农业有限公司
15172386758.txt$$$$西安华千建材有限公司
15172472051.txt$$$$武汉博达兴业金属丝网制品有限公司
15172481287.txt$$$$上海福林检测技术有限公司
15172483823.txt$$$$武汉惠而施新材料科技有限公司
15172503033.txt$$$$武汉市及时来家政服务有限公司
15172507505.txt$$$$武汉农富源生态农业科技开发有限公司
15172523065.txt$$$$天睿地球物理技术（武汉）股份有限公司
15172526616.txt$$$$武汉五嘉设计工程有限公司
