13102202859.txt$$$$力源（天津）流体设备制造有限公司
13102202859_1.txt$$$$力源（天津）流体设备制造有限公司
13102202859_2.txt$$$$力源（天津）流体设备制造有限公司
13102202859_3.txt$$$$力源（天津）流体设备制造有限公司
13102256115.txt$$$$天津中盟腾达集成房屋有限公司
13102256115_1.txt$$$$天津中盟腾达集成房屋有限公司
13102256115_2.txt$$$$天津中盟腾达集成房屋有限公司
13102385557.txt$$$$重庆美慧禅雕形象设计有限责任公司
13102409618.txt$$$$孟村回族自治县峰晖特种管件厂
13102429444.txt$$$$河北天地圆机械设备有限公司
13102443936.txt$$$$河北智来减速机制造有限公司
13102485658.txt$$$$霸州市宏晨电力工具制造厂
13102562983.txt$$$$邢台福亨兴机械制造有限公司
13102711978.txt$$$$河北红福元枣粉制品厂
13102728975.txt$$$$沧州斯菲特五金制品有限公司
13102734577.txt$$$$青海旭鑫建筑设备有限公司
13102737922.txt$$$$河北省通泽机械设备有限公司
13102755322.txt$$$$河北冀明昊暖通设备有限公司
13102755322_1.txt$$$$衡水强昊散热器销售有限公司
13102758115.txt$$$$安平县德业钢板网厂
13102759878.txt$$$$河北冀冠橡胶有限公司
13102773825.txt$$$$枣强鑫邦玻璃钢厂
13102778226.txt$$$$安平县联孜丝网制品有限公司
13102779992.txt$$$$安平县泰润丝网制造有限公司
13102780030.txt$$$$安平县焕景丝网制品有限公司
13102782222.txt$$$$安平县金创丝网制品有限公司
13102793756.txt$$$$安平县超伦丝网厂
13102797005.txt$$$$衡水华雷通信设备有限公司
13102855229.txt$$$$晋州市驰久三角带加工厂
13102898958.txt$$$$石家庄中邦商贸有限公司
