18675833695_1.txt$$$$东莞市宏杰汽车贸易有限公司
18675833695_2.txt$$$$东莞市宏杰汽车贸易有限公司
18675835386.txt$$$$广州市瑞远物流
18675837821.txt$$$$广州德乐建材有限公司
18675851595.txt$$$$广州同歌灯光设备有限公司
18675874302.txt$$$$广州市火龙焊接设备有限公司
18675880997.txt$$$$广州市花都区新雅美味滴厨具厂
18675886498.txt$$$$广州美芙电子有限公司
18675888609.txt$$$$广州市锐松展览有限公司
18675898880.txt$$$$广州好档家信息科技有限公司
18675962959.txt$$$$广州齐博包装专用设备有限公司
18675962959_1.txt$$$$广州齐博包装专用设备有限公司
18675962959_2.txt$$$$广州齐博包装专用设备有限公司
18676003315.txt$$$$科大方正电气股份有限公司
18676101295.txt$$$$中山市艾航机械制造有限公司
18676103306.txt$$$$广东晟开实业有限公司
18676113446.txt$$$$可可西里智能家居有限公司
18676119861.txt$$$$广州高烁新型材料有限公司
18676126106.txt$$$$中山市康筑建筑材料有限公司
18676163912.txt$$$$科海光电照明有限公司
18676166236.txt$$$$东莞市烜卓机械有限公司
18676190802.txt$$$$中山市三月贸易有限公司
18676192806.txt$$$$贵州悠客宝电子商务有限公司
18676198765.txt$$$$中山市恒基市政工程有限公司
18676247575.txt$$$$中山冰之恋五金电器制品厂
18676275201.txt$$$$中山市光韵灯饰有限公司
18676275201_1.txt$$$$中山市光韵灯饰有限公司
18676275201_2.txt$$$$中山市光韵灯饰有限公司
18676280230.txt$$$$东莞市盛汇康印花材料有限公司
18676282061.txt$$$$东莞市君诚五金制品有限公司
