15322034666.txt$$$$广州市番禺区穗安钢铁丝网制造厂
15322034666_1.txt$$$$广州市珠海区金通筛网制造厂
15322034666_2.txt$$$$广州市番禺区穗安钢铁丝网制造厂
15322034666_3.txt$$$$广州市番禺区穗安钢铁丝网制造厂
15322247265.txt$$$$广州市环之球会展服务有限公司
15322338919.txt$$$$广州华游动漫科技有限公司
15322400556.txt$$$$东莞市南城东张西望户外用品贸易部
15322401888.txt$$$$深圳市泛美环球国际物流东莞分公司
15322430160.txt$$$$东莞市臻上机电设备有限公司
15322462244.txt$$$$东莞市正宏模具钢材有限公司
15322462244_1.txt$$$$东莞市正宏模具钢材有限公司
15322462244_2.txt$$$$东莞市正宏模具钢材有限公司
15322469940.txt$$$$全国回头车调派平台
15322473304.txt$$$$东莞市鼎晟源科技有限公司
15322807530.txt$$$$东莞市顺瀚实业有限公司
15322816706.txt$$$$中铜金属（东莞）有限公司
15322817988.txt$$$$东莞市埃美柯阀门有限公司
15322818888.txt$$$$广东车卫士信息科技有限公司
15322829331.txt$$$$东莞迈博真空设备有限公司
15322842355.txt$$$$东莞市赣能五金制品有限公司
15322842355_1.txt$$$$东莞市赣能五金制品有限公司
15322842355_2.txt$$$$东莞市赣能五金制品有限公司
15322868869.txt$$$$东莞市虎门宝航服装辅料店
15322877859.txt$$$$东莞市宏冶钢结构有限公司
15322877859_1.txt$$$$东莞市宏冶钢结构有限公司
15322877960.txt$$$$广州伊佰嘉展示制品厂
15322879808.txt$$$$东莞市凤岗兴达织带厂
15322888864.txt$$$$东莞市金泓电子科技有限公司
15322889905.txt$$$$东莞市道和橡胶五金制品有限公司
15322892275.txt$$$$东莞日恒金属材料有限公司
