15930602526.txt$$$$固安县美嘉美塑胶制品有限公司
15930640687.txt$$$$固安县牛驼镇明亮苗圃
15930650957.txt$$$$廊坊凯硕保温材料有限公司
15930652357.txt$$$$霸州市城商惠电子商务有限公司
15930671358.txt$$$$廊坊市华优五金工具厂
15930684449.txt$$$$深圳市维可多智能家居有限公司
15930685084.txt$$$$大城县晖晨耀机械设备厂
15930688656.txt$$$$廊坊荣科保温材料有限公司
15930688656_1.txt$$$$廊坊展晟保温材料有限公司
15930778483.txt$$$$涞水县核聚核桃销售农民专业合作社
15930778483_1.txt$$$$涞水县核聚核桃销售农民专业合作社
15930779920.txt$$$$安国市祁新钻机加工厂
15930782570.txt$$$$泊头市志新环保有限公司
15930786877.txt$$$$东光县茂新设备科技有限公司
15930815287.txt$$$$河北华驰机电设备科技有限公司
15930833218.txt$$$$河北德懋包装制品有限公司
15930834086.txt$$$$河北华沃钢结构有限公司
15930834086_1.txt$$$$河北贝斯特塔业有限公司
15930837760.txt$$$$安平县尚云丝网制造有限公司
15930866921.txt$$$$安平县利众丝网制品有限公司
15930866921_1.txt$$$$安平利众丝网制品有限公司
15930868617.txt$$$$安平县贺友钢筋网有限公司
15930878641.txt$$$$河北晨信环保设备有限公司
15930901888.txt$$$$河北浩森木业有限公司
15930901888_1.txt$$$$河北浩森木业有限公司
15930901888_2.txt$$$$河北浩森木业有限公司
15930963323.txt$$$$邢台海汇机床有限责任公司
15930971345.txt$$$$清河县申宇焊接材料有限公司
15931177863.txt$$$$河北奥泰利有限公司
15931177863_1.txt$$$$河北奥泰利建材科技有限公司
