13397100021.txt$$$$武汉亚之星商贸有限公司
13397111123.txt$$$$湖北新瑞安工业防护装备有限公司
13397122293.txt$$$$武汉然美装饰材料有限公司
13397130005.txt$$$$武汉澳华装饰设计工程有限公司
13397158773.txt$$$$武汉浙立德机械有限公司
13397176381.txt$$$$武汉征荣达国际货运代理有限公司
13397179618.txt$$$$湖北丰热科技有限公司
13397225560.txt$$$$监利县华博农业机械有限公司
13397486001.txt$$$$湖南道润网络科技有限公司
13397560688.txt$$$$常德市金成体育设施有限公司
13397686807.txt$$$$湖南湖畔油茶种植农民专业合作社
13397686807_1.txt$$$$湖南湖畔油茶种植农民专业合作社
13397686807_2.txt$$$$湖南湖畔油茶种植农民专业合作社
13397711373.txt$$$$广西伯麟合纵科技有限公司
13397711373_1.txt$$$$广西伯麟合纵科技有限公司
13397711373_2.txt$$$$广西伯麟合纵科技有限公司
13397711902.txt$$$$南宁碧波水处理技术有限公司
13397775118.txt$$$$南宁市余工机电设备有限公司
13397787816.txt$$$$宜州市春之天桑蚕丝绸有限责任公司
13397818396.txt$$$$广西赛丽化工有限公司
13397820602.txt$$$$广西柳州成冠体育设备有限公司
13397831511.txt$$$$广西天天好后勤发展有限公司
13397923232.txt$$$$金庐床垫厂
13398184537.txt$$$$四川锦天翔太阳伞有限公司
13398188118.txt$$$$成都精英双胜管道清理工程有限公司
13398620168.txt$$$$保定市云雷门窗加工有限公司
13398620510.txt$$$$保定宏途砖机模盒模具厂
13398629064.txt$$$$安新县郭靖纺织品制造有限公司
13398632228.txt$$$$河北幕维影视设备有限公司
13398639105.txt$$$$北京中展汇通国际展览有限公司
