15380515779.txt$$$$大丰市益通机械设备有限公司
15380537733.txt$$$$江苏龙成构件有限公司
15380582557.txt$$$$盐城市苏意暖通设备有限公司
15380589888.txt$$$$江苏锦峰高空建安防腐工程有限公司
15380592966.txt$$$$江苏锦峰高空建安防腐工程有限公司
15380593638.txt$$$$江苏鼎隆泰高空工程有限公司
15380713998.txt$$$$泰州市中晶金属制品有限公司
15380726280.txt$$$$泰兴市创航电连接器有限公司
15380765799.txt$$$$上海拓攻机器人有限公司
15380779600.txt$$$$南京逸驰精密设备科技有限公司
15380818023.txt$$$$南京凯利德装饰材料有限公司
15380818023_1.txt$$$$南京凯利德装饰材料有限公司
15380818023_2.txt$$$$南京凯利德装饰材料有限公司
15380842008.txt$$$$南京佳彩恒环保材料有限公司
15380846654.txt$$$$南京明仕易电子科技有限公司
15380846654_1.txt$$$$南京明仕易电子科技有限公司
15380846654_2.txt$$$$南京明仕易电子科技有限公司
15380902240.txt$$$$江苏方康体育设施工程有限公司
15380972296.txt$$$$南京帝客皇爵餐饮管理有限公司
15380973478.txt$$$$江苏酷腾科教仪器设备有限公司
15380986926.txt$$$$南京凯瑞干燥设备有限公司
15381001561.txt$$$$兰溪市天信新型材料有限公司
15381038372.txt$$$$杭州迈起环保设备有限公司
15381038372_1.txt$$$$杭州迈起环保设备有限公司
15381038372_2.txt$$$$杭州迈起环保设备有限公司
15381066669.txt$$$$浙江普林诗顿新材料有限公司
15381101081.txt$$$$杭州迈动环保科技有限公司
15381101081_1.txt$$$$杭州迈动环保科技有限公司
15381101081_2.txt$$$$杭州迈动环保科技有限公司
15381101081_3.txt$$$$杭州迈动环保科技有限公司
