18522895585_2.txt$$$$天津华阀科技有限公司
18523017555.txt$$$$重庆市冠强化工有限公司
18523017555_1.txt$$$$重庆市冠强化工有限公司
18523017555_2.txt$$$$重庆市冠强化工有限公司
18523042071.txt$$$$重庆萌宠动物标本制作有限公司
18523055156.txt$$$$重庆骆圆电子商务有限公司
18523099171.txt$$$$重庆远华灌溉设备有限公司
18523115518.txt$$$$重庆周钰陈餐饮管理咨询有限公司
18523118171.txt$$$$重庆嘿巴适制冷设备工程有限公司
18523118171_1.txt$$$$重庆嘿巴适制冷设备工程有限公司
18523118171_2.txt$$$$重庆嘿巴适制冷设备工程有限公司
18523129969.txt$$$$重庆卓光科技有限公司
18523129969_1.txt$$$$重庆卓光科技有限公司
18523129969_2.txt$$$$重庆卓光科技有限公司
18523171677.txt$$$$重庆赛捷斯科技有限公司
18523171677_1.txt$$$$重庆赛捷斯科技有限公司
18523171677_2.txt$$$$重庆赛捷斯科技有限公司
18523308258.txt$$$$重庆市春鹏预应力钢绞线有限公司
18523318962.txt$$$$重庆维迅金属制品有限公司
18523359910.txt$$$$重庆聚佳包装有限公司
18523363947.txt$$$$安娜国际珠宝有限公司
18523385411.txt$$$$重庆雅潭松装饰材料有限公司
18523385411_1.txt$$$$重庆雅潭松装饰材料有限公司
18523385411_2.txt$$$$重庆雅潭松装饰材料有限公司
18523386230.txt$$$$重庆三维列印科技有限公司
18523388806.txt$$$$重庆博米物资有限公司
18523419156.txt$$$$重庆鑫万吉制冷工程有限公司
18523450004.txt$$$$重庆源兴餐厨设备有限公司
18523469031.txt$$$$重庆忠朋建材有限公司
18523469031_1.txt$$$$重庆忠朋建材有限公司
