18858938888_1.txt$$$$新索集团有限公司
18858938888_2.txt$$$$新索集团有限公司
18858953199.txt$$$$义乌市以润展示器材有限公司
18858959358.txt$$$$永康市志勇门业有限公司
18858959358_1.txt$$$$永康市志勇门业有限公司
18858959358_2.txt$$$$永康市志勇门业有限公司
18858984508.txt$$$$义乌市振恒地板有限公司
18859187930.txt$$$$福州密斯特西服装有限公司
18859192307.txt$$$$福建正大吊篮租赁有限公司
18859192307_1.txt$$$$福州正昌建筑设备租赁有限公司
18859221186.txt$$$$百芙丽（厦门）生物科技有限公司
18859231531.txt$$$$苹晟（厦门）餐饮管理有限公司
18859258039.txt$$$$厦门畅呼医疗科技有限公司
18859259887.txt$$$$厦门员源人力资源服务有限公司
18859275199.txt$$$$厦门三立特电子科技有限公司
18859281398.txt$$$$厦门博斯德自动化科技有限公司
18859294015.txt$$$$龙岩市魔电智能科技有限责任公司
18859533336.txt$$$$福建万家乐卫浴洁具有限公司
18859695356.txt$$$$漳州兴业达贸易有限公司
18859758111.txt$$$$泉州市至中机械配件有限公司
18859758315.txt$$$$湖北奥德机械有限公司
18859880657.txt$$$$杭州和畑雕塑有限公司
18860006373.txt$$$$厦门三佳六教育科技有限公司
18860006500.txt$$$$厦门洲祥物资回收有限公司
18860102018.txt$$$$福州荣源金诚贸易有限公司
18860171650.txt$$$$福州市润麟商贸有限公司
18860203979.txt$$$$永城市红雨腾商贸有限公司
18860258579.txt$$$$河南帝隆车业有限公司
18860358559.txt$$$$豫正重工集团有限公司
18860366330.txt$$$$河南景天膜结构工程有限公司
