15518655767_18.txt$$$$商丘市天成园林景观工程有限公司
15518655767_180.txt$$$$商丘艺佳建材有限公司
15518655767_181.txt$$$$商丘艺佳建材有限公司
15518655767_182.txt$$$$商丘艺佳建材有限公司
15518655767_183.txt$$$$河南冠乐程装饰工程有限公司
15518655767_184.txt$$$$虞城县韵达纸箱加工厂
15518655767_185.txt$$$$河南冠乐程装饰工程有限公司
15518655767_186.txt$$$$河南冠乐程装饰工程有限公司
15518655767_187.txt$$$$民权县恒达制冷保鲜设备有限公司
15518655767_19.txt$$$$商丘市金泉凿井工程有限公司
15518655767_2.txt$$$$永城市高庄镇珍宝特种养殖厂
15518655767_20.txt$$$$商丘市金泉凿井工程有限公司
15518655767_21.txt$$$$民权县紫林种植有限公司
15518655767_22.txt$$$$商丘商重环保科技有限公司
15518655767_23.txt$$$$商丘市城乡一体化示范区潜水艇地漏卫浴经营部
15518655767_24.txt$$$$商丘市城乡一体化示范区潜水艇地漏卫浴经营部
15518655767_25.txt$$$$商丘刘福信农业科技有限公司
15518655767_26.txt$$$$商丘商重环保科技有限公司
15518655767_27.txt$$$$宁陵县淼源金蝉养殖厂
15518655767_28.txt$$$$商丘商重环保科技有限公司
15518655767_29.txt$$$$虞城县鑫步金门业有限公司
15518655767_3.txt$$$$河南广祥交通设施有限公司
15518655767_30.txt$$$$虞城县鑫步金门业有限公司
15518655767_31.txt$$$$宁陵县淼源金蝉养殖厂
15518655767_32.txt$$$$宁陵县淼源金蝉养殖厂
15518655767_33.txt$$$$商丘刘福信农业科技有限公司
15518655767_34.txt$$$$商丘刘福信农业科技有限公司
15518655767_35.txt$$$$上海旭声电器有限公司
15518655767_36.txt$$$$商丘市城乡一体化示范区煜腾地板商行
15518655767_37.txt$$$$上海旭声电器有限公司
