13018682844.txt$$$$东莞市清木润滑科技有限公司
13018682844_1.txt$$$$东莞市清木润滑科技有限公司
13018682844_2.txt$$$$东莞市清木润滑科技有限公司
13018693361.txt$$$$东莞市樟木头旺逹手板模型厂
13018842649.txt$$$$广州市凯发游乐设备有限公司
13018906601.txt$$$$杭州兴旺物资回收有限公司
13018996519.txt$$$$杭州坤鹏防水科技有限公司
13018996519_1.txt$$$$杭州坤鹏防水科技有限公司
13018996996.txt$$$$杭州锦和贸易有限公司
13019443669.txt$$$$大连北方意达换热器有限公司
13019499808.txt$$$$大连美恩科技发展有限公司
13019729990.txt$$$$沈阳市皇姑区千姿伊旭服饰商行
13020116655.txt$$$$上海欧倍力商用电器有限公司
13020121441.txt$$$$上海岙晟轴承有限公司
13020128052.txt$$$$上海揽境展览服务有限公司
13020171708.txt$$$$上海湘颂实业有限公司
13020176663.txt$$$$上海子荀网络科技有限公司
13020198138.txt$$$$上海欧鲍实业责任有限公司
13020198296.txt$$$$上海仡维电力设备有限公司
13020243673.txt$$$$秀平厨房设备清洗有限公司
13020253889.txt$$$$上海大泽实业有限公司
13020257557.txt$$$$上海松洋健康科技有限公司
13020501310.txt$$$$山东骏熙工程设备有限公司
13020551788.txt$$$$山东聊城工艺葫芦工艺品加工基地
13020553677.txt$$$$山东信誉通铝业有限公司
13020554685.txt$$$$山东光大管道装备有限公司
13020560241.txt$$$$山东新型空调有限公司
13020579979.txt$$$$临清市蒙泰新型建材有限公司
13020586636.txt$$$$山东新涟钢材有限公司
13020595921.txt$$$$聊城聊工数控设备有限公司
