18553289591.txt$$$$青岛硕为机械有限公司
18553289619.txt$$$$青岛伟图节能科技有限公司
18553297285.txt$$$$青岛昭荣纺织有限公司
18553327037.txt$$$$山东良成环保科技股份有限公司
18553327037_1.txt$$$$山东良成环保科技股份有限公司
18553327037_2.txt$$$$山东良成环保科技股份有限公司
18553327037_3.txt$$$$山东良成环保科技股份有限公司
18553327962.txt$$$$山东良成环保科技股份有限公司
18553327962_1.txt$$$$山东良成环保科技股份有限公司
18553327962_2.txt$$$$山东良成环保科技股份有限公司
18553327962_3.txt$$$$山东良成环保科技股份有限公司
18553354699.txt$$$$淄博搪联化工装备有限公司
18553366863.txt$$$$山东拓博流体机械科技有限公司
18553366863_1.txt$$$$山东拓博流体机械科技有限公司
18553366863_2.txt$$$$山东拓博流体机械科技有限公司
18553371193.txt$$$$淄博友胜化工设备有限公司
18553371193_1.txt$$$$淄博友胜化工设备有限公司
18553371193_2.txt$$$$淄博友胜化工设备有限公司
18553394662.txt$$$$淄博齐汇信息科技有限公司
18553402050.txt$$$$德州瑞禽畜牧机械有限公司
18553402218.txt$$$$德州晨杰孵化设备有限公司
18553403631.txt$$$$德州弘满环保设备有限公司
18553403631_1.txt$$$$德州弘满环保设备有限公司
18553403631_2.txt$$$$德州弘满环保设备有限公司
18553407177.txt$$$$德州新佳空调设备有限公司
18553407177_1.txt$$$$德州新佳空调设备有限公司
18553407781.txt$$$$山东建通工程科技有限公司
18553408728.txt$$$$德州中瑞土工材料工程有限公司
18553413306.txt$$$$山东金瑞达环保科技有限公司
18553417079.txt$$$$山东盛欣达搅拌设备有限公司
