15866519577.txt$$$$临朐隆百瑞装饰材料销售有限公司
15866551599.txt$$$$潍坊市宇阳橡胶制品有限公司
15866555832.txt$$$$寿光市北彩包装制品有限公司
15866562668.txt$$$$临朐县寺头振新铸造厂
15866576066.txt$$$$潍坊创业工贸有限公司
15866595558.txt$$$$临朐厚彬机械配件加工厂
15866600868.txt$$$$济南蔚蓝商贸有限公司
15866603276.txt$$$$济南大唐脸谱投资有限公司
15866607559.txt$$$$济南贝思特生物科技股份有限公司
15866613835.txt$$$$山东章丘恒义塔吊配件有限公司
15866613835_1.txt$$$$山东恒义塔机配件有限公司
15866635826.txt$$$$济南万阳暖通设备有限公司
15866673197.txt$$$$济南鲁正铝业有限公司
15866675391.txt$$$$南聚合聚氨酯设备有限公司
15866678789.txt$$$$济南迅升升降机械有限公司
15866678789_1.txt$$$$济南迅升升降机械有限公司
15866681313.txt$$$$济南金化气体设备有限公司
15866681313_1.txt$$$$济南金化气体设备有限公司
15866681313_2.txt$$$$济南金化气体设备有限公司
15866686400.txt$$$$济南都米特食品机械有限公司
15866686400_1.txt$$$$济南鲁巨机械设备有限公司
15866686400_2.txt$$$$济南鲁巨机械设备有限公司
15866686400_3.txt$$$$济南鲁巨机械设备有限公司
15866687740.txt$$$$高青县木李镇朝阳中药橱柜厂
15866689410.txt$$$$山东明美数控机械有限公司
15866690150.txt$$$$北京中鼎华耀科技有限公司
15866698489.txt$$$$山东君众包装有限公司
15866699956.txt$$$$济南联拓试验设备有限公司
15866705550.txt$$$$济南铭窖酒业有限公司
15866713262.txt$$$$济南华奥机械有限公司
