13911765036.txt$$$$众力清源环保设备科技（天津）有限公司
13911765036_1.txt$$$$众力清源环保设备科技（天津）有限公司
13911765036_2.txt$$$$众力清源环保设备科技（天津）有限公司
13911807946.txt$$$$北京贵存通风管业有限公司
13911807946_1.txt$$$$北京贵存通风管业有限公司
13911807946_2.txt$$$$北京贵存通风管业有限公司
13911813828.txt$$$$开开物联（北京）信息技术有限公司
13911818829.txt$$$$北京诺维世纪科技有限公司
13911826490.txt$$$$北京睿德兴业制冷科技有限公司
13911826490_1.txt$$$$北京睿德兴业制冷科技有限公司
13911844987.txt$$$$北京金科复合材料有限责任公司
13911844987_1.txt$$$$北京金科复合材料有限责任公司
13911844987_2.txt$$$$北京金科复合材料有限责任公司
13911844987_3.txt$$$$北京金科复合材料有限责任公司
13911846811.txt$$$$绿源博鑫（香河）环卫用品有限公司
13911879703.txt$$$$北京世纪古源节能环保科技有限公司
13911883357.txt$$$$北京鸿宇昌泰建筑工程有限公司
13911896780.txt$$$$勇立恒基（北京）通风空调设备有限公司
13911898902.txt$$$$北京毅拓国际展览有限公司
13911901007.txt$$$$宏富信精密科技（北京）有限公司
13911909845.txt$$$$北京东石洁源技术服务中心
13911940595.txt$$$$北京市北卫安联合技术服务中心
13911948869.txt$$$$北京航天赛宝计量技术有限公司
13911961629.txt$$$$青海鸿鑫嘉业建设工程有限公司
13911991473.txt$$$$北京勤业致远科技有限公司
13912010912.txt$$$$徐州中创电子有限公司
13912093458.txt$$$$江苏八方锌业有限公司
13912117127.txt$$$$镇江市能创电气自动化设备有限公司
13912118365.txt$$$$扬中市超越电器有限公司
13912121159.txt$$$$扬州方萍婚恋咨询服务有限公司
