19935159114_4.txt$$$$晋中昌昇鑫商贸有限公司
19935159114_5.txt$$$$交城县神雕侠建材有限公司
19935159114_6.txt$$$$山西拓邦暖通工程有限公司
19935159114_7.txt$$$$太原市尖草坪区富立装饰材料总汇
19935159114_8.txt$$$$太谷县富利铸造有限公司
19935159114_9.txt$$$$山西太康制冷节能科技股份有限公司
19935180297.txt$$$$山西微微辣文化传媒有限公司
19935426966.txt$$$$晋中铭升塑业有限公司
19935426966_1.txt$$$$晋中铭升塑业有限公司
19935426966_2.txt$$$$晋中铭升塑业有限公司
19936101811.txt$$$$邢台隆世紧固件制造有限公司
19936133519.txt$$$$重庆洁邦电器有限公司
19937026733.txt$$$$郑州金山游艺设备机械制造有限公司
19937037917.txt$$$$河南赢牌智能装备有限公司
19937078734.txt$$$$郑州市尚风行商贸有限公司
19937118709.txt$$$$商丘市童星游乐设备有限公司
19937134678.txt$$$$郑州市昌利机械制造有限公司
19937158188.txt$$$$濮阳市百佳纸业有限公司
19937172925.txt$$$$郑州松茂坚持有限公司
19937507870.txt$$$$河南地特力电气有限公司
19937574489.txt$$$$舞钢市明大金属材料有限公司
19937601131.txt$$$$河南瑞通电气科技有限公司
19937618620.txt$$$$河南双华计算机科技有限公司
19937631058.txt$$$$信阳指南针户外拓展训练有限公司
19937631058_1.txt$$$$信阳指南针户外拓展训练有限公司
19937631058_2.txt$$$$信阳指南针户外拓展训练有限公司
19937651386.txt$$$$河南耀磊电子商务有限公司
19937682505.txt$$$$郑州顺意搬家有限公司
19937682505_1.txt$$$$郑州顺意搬家有限公司
19937682505_2.txt$$$$郑州顺意搬家有限公司
