18825912210.txt$$$$佛山市中峪智能增材制造加速器有限公司
18825927295.txt$$$$佛山市南海区恒之辉机械有限公司
18825930115.txt$$$$佛山金瀚煌庭家居科技有限公司
18825937453.txt$$$$佛山市广通精诚液压机械有限公司
18825938761.txt$$$$佛山市劲动机电科技有限公司
18825945218.txt$$$$广州上捷易达货运代理有限公司
18825952598.txt$$$$佛山市南海区大沥瀛丰铝材有限公司
18825955258.txt$$$$佛山市南海区捷力通机械设备加工厂
18825976969.txt$$$$佛山市禅城区众珏金属制品厂
18825976969_1.txt$$$$佛山市禅城区众珏金属制品厂
18825984239.txt$$$$佛山市钢之源金属制品有限公司
18825986398.txt$$$$米秀智能装备（佛山）有限公司
18825988825.txt$$$$佛山市汇兴诚五金制品有限公司
18825988825_1.txt$$$$佛山市汇兴诚五金制品有限公司
18826051866.txt$$$$广州市运之星物流有限公司
18826065007.txt$$$$佛山捷迅冷库设备工程有限公司
18826065007_1.txt$$$$佛山捷迅冷库设备工程有限公司
18826065007_2.txt$$$$佛山捷迅冷库设备工程有限公司
18826065813.txt$$$$广州晶造集装箱有限责任公司海南分公司
18826065813_1.txt$$$$广州晶造集装箱有限责任公司海南分公司
18826065813_2.txt$$$$广州晶造集装箱有限责任公司海南分公司
18826069168.txt$$$$东莞市润庆电子科技有限公司
18826081338.txt$$$$广州粤收再生资源回收有限公司
18826081858.txt$$$$环球华邦实业（武汉）有限公司
18826088864.txt$$$$广州威松电子科技有限公司
18826097701.txt$$$$广州欧艺展览服务有限公司
18826099735.txt$$$$广东劲道体育产业发展有限公司
18826099735_1.txt$$$$广东劲道体育产业发展有限公司
18826099735_2.txt$$$$广东劲道体育产业发展有限公司
18826102202.txt$$$$广州普瑞科技有限公司
