17875296746.txt$$$$旭同心物流有限公司
17875912392.txt$$$$深圳市鹏亿发精密模具有限公司
17875915696.txt$$$$广东天宏标识工程有限公司
17875915696_1.txt$$$$广东天宏标识工程有限公司
17875915696_2.txt$$$$广东天宏标识工程有限公司
17875928610.txt$$$$广东雾龙消防科技有限公司
17875929003.txt$$$$广州市锐迈国际货运代理有限公司
17875929003_1.txt$$$$广州市锐迈国际货运代理有限公司
17875929003_2.txt$$$$广州市锐迈国际货运代理有限公司
17875929003_3.txt$$$$广州市锐迈国际货运代理有限公司
17876094807.txt$$$$广州一手云信息科技有限公司
17876094807_1.txt$$$$广州一手云信息科技有限公司
17876094807_2.txt$$$$广州一手云信息科技有限公司
17876371769.txt$$$$广东省普宁市宇群有限公司
17876760813.txt$$$$广州市哲博检测技术有限公司
17876760813_1.txt$$$$广州市哲博检测技术有限公司
17876760813_2.txt$$$$广州市哲博检测技术有限公司
17877099686.txt$$$$广西华轩展艺展览有限公司
17877119466.txt$$$$南宁广顺农业节水灌溉科技有限公司
17877121837.txt$$$$南宁市中想网络科技有限公司
17878762052.txt$$$$深圳市尚可饰科技有限公司
17878771118.txt$$$$广西钦州汇森贸易有限公司
17878771118_1.txt$$$$广西钦州汇森贸易有限公司
17878771118_2.txt$$$$广西钦州汇森贸易有限公司
17878771118_3.txt$$$$广西钦州汇森贸易有限公司
17879552195.txt$$$$烟台艺翔绒绣有限公司
17880693829.txt$$$$安泰物流有限公司
17882231233.txt$$$$成都熊谷加世电器有限公司
17887215894.txt$$$$拜宜门业（苏州）有限公司
17887216245.txt$$$$苏州沃太物流设施有限公司
