18852402531.txt$$$$南京华光电力科技有限公司苏州办事处
18852402531_1.txt$$$$南京华光电力科技有限公司苏州办事处
18852402531_2.txt$$$$南京华光电力科技有限公司苏州办事处
18852423579.txt$$$$苏州路朗电动车有限公司
18852463944.txt$$$$无锡市宝锦钢铁有限公司
18852670765.txt$$$$江苏金日环保科技有限公司
18852673657.txt$$$$泰州震中土健康科技有限公司
18852752309.txt$$$$扬州天策机电设备有限公司
18852852865.txt$$$$镇江市协巨进出口代理有限公司
18852998886.txt$$$$昆山好兄弟机床有限公司
18853063229.txt$$$$菏泽市牡丹区万祥地坪装饰工程有限公司
18853112620.txt$$$$济南市长清区鑫盛新型建材厂
18853118322.txt$$$$山东易谱智能设备有限公司
18853118352.txt$$$$济南大森家具有限公司
18853120800.txt$$$$济南富诚液压设备用有限公司
18853133185.txt$$$$济南中特电源设备有限公司
18853145076.txt$$$$济南力帆机械设备有限公司
18853159505.txt$$$$山东济南西马特数控机械有限公司
18853159508.txt$$$$山东伊莱特重工有限公司
18853159979.txt$$$$济南西马特数控机械有限公司
18853159979_1.txt$$$$济南西马特数控机械有限公司
18853161111.txt$$$$济南明奥体育设施工程有限公司
18853161111_1.txt$$$$山东奇创科贸有限公司
18853168762.txt$$$$宁津县龙宁太阳能灶厂
18853171281.txt$$$$山东蓝贝易教信息工程有限公司
18853171281_1.txt$$$$山东蓝贝易教信息工程有限公司
18853171983.txt$$$$济南德邦机电设备有限公司
18853171983_1.txt$$$$济南德邦机电设备有限公司
18853178156.txt$$$$济南亮新机械有限公司
18853178919.txt$$$$山东天鑫达特钢有限责任公司
