18553420206.txt$$$$禹城欧亿机械有限公司
18553420960.txt$$$$山东布莱特威健身器材有限公司
18553421140.txt$$$$宁津县锦源工业有限公司
18553423779.txt$$$$山东奥冠新能源科技有限公司
18553443888.txt$$$$武城万盛空调玻璃钢制品厂
18553444192.txt$$$$杭州玺爱电器有限公司
18553444343.txt$$$$宁津县华远机械设备有限公司
18553446126.txt$$$$山东华奥塑业有限公司
18553446138.txt$$$$山东海科车业科技有限公司
18553447800.txt$$$$德州市德城区四季飘香餐车设备销售部
18553447800_1.txt$$$$德州市德城区四季飘香餐车设备销售部
18553451221.txt$$$$天桥区天顺门窗设备厂
18553452286.txt$$$$德州纯艾家政服务有限公司
18553452331.txt$$$$山东乾众机械设备有限公司
18553453979.txt$$$$德州鑫轩语机械有限公司
18553455551.txt$$$$山东乐陵瑞腾石磨机械厂
18553455817.txt$$$$德州宏瑞土工材料有限公司
18553463799.txt$$$$德州双全数控机床有限公司
18553476370.txt$$$$宁津县硕利养殖温控设备厂
18553477005.txt$$$$宁津县乐宇输送机械有限公司
18553486199.txt$$$$德州泰奥节能技术有限公司
18553486999.txt$$$$禹城连丰塑业有限公司
18553487617.txt$$$$德州金力特电机有限公司
18553489069.txt$$$$德州锐澳木工机械有限公司
18553491806.txt$$$$山东汇洋建筑设备有限责任公司
18553491820.txt$$$$宁津县汇洋建筑设备有限公司
18553491827.txt$$$$山东汇洋建筑设备有限公司
18553493088.txt$$$$德州润如吉餐车销售有限公司
18553493088_1.txt$$$$德州润如吉餐车销售有限公司
18553495871.txt$$$$德州好客来机械科技有限公司
