18766174455_1.txt$$$$新兄弟物流
18766174455_2.txt$$$$新兄弟物流
18766181715.txt$$$$济南博敏贸易有限公司
18766181755.txt$$$$济南远兴盛通讯科技有限公司
18766188756.txt$$$$济南耀邦数控设备有限公司
18766216960.txt$$$$青岛凯力特塑料机械有限公司
18766217636.txt$$$$青岛亨尔船舶用品有限公司
18766225758.txt$$$$青岛尚通国际物流
18766265000.txt$$$$青岛众鑫旺达国际物流有限公司
18766291806.txt$$$$青岛固达自动化有限公司
18766358883.txt$$$$山东正旭钢材有限公司
18766377778.txt$$$$枣庄市诚鑫达弹簧钢板有限公司
18766381695.txt$$$$烟台市正维通信技术有限公司
18766408851.txt$$$$济南八达塑管熔接设备有限公司
18766415878.txt$$$$天桥区鲲鹏条幅制作工作室
18766416631.txt$$$$济南宇轩升降机械有限公司
18766418888.txt$$$$山东重联起重安装工程有限公司
18766418888_1.txt$$$$山东重联起重安装工程有限公司
18766418888_2.txt$$$$山东重联起重安装工程有限公司
18766418888_3.txt$$$$山东重联起重安装工程有限公司
18766446695.txt$$$$济南能华电源设备有限公司
18766467736.txt$$$$青州市科大矿砂机械有限公司
18766478312.txt$$$$东营斯泰普力地坪材料科技发展有限公司
18766487611.txt$$$$青岛金吉利利物流有限公司
18766487611_1.txt$$$$青岛金吉利利物流
18766496688.txt$$$$邹平县永诚机械有限公司
18766536122.txt$$$$中运智能机械（烟台）股份有限公司
18766552957.txt$$$$龙口市胜远机械设备有限公司
18766645271.txt$$$$济南诚润达贸易有限公司
18766666219.txt$$$$山东力强机械有限责任公司
