13682556355.txt$$$$东莞市明海照明有限公司
13682562812.txt$$$$深圳市源富工业设备有限公司
13682569928.txt$$$$深圳兴俊通交通设施工程有限公司
13682579120.txt$$$$牧电科技（深圳）有限公司
13682580995.txt$$$$深圳市爱迪达科技有限公司
13682612385.txt$$$$深圳市太阳宇能源科技有限公司
13682618073.txt$$$$深圳市辛恩驰技术有限公司
13682620757.txt$$$$深圳创泰芯电子有限公司
13682623656.txt$$$$深圳市鑫志强运输服务有限公司
13682623656_1.txt$$$$深圳市鑫志强运输服务有限公司
13682623656_2.txt$$$$深圳市恒运达运输服务有限公司
13682625501.txt$$$$辉县市玉深超硬材料有限公司
13682628652.txt$$$$东莞市奥领数控机器有限公司
13682662257.txt$$$$深圳市一通教育传播有限公司
13682671423.txt$$$$深圳市高健盛科技有限公司东莞分公司
13682673165.txt$$$$深圳市东略电子有限公司
13682696169.txt$$$$深圳市恒源达喷雾设备有限公司
13682698525.txt$$$$深圳市一尺万丈科技开发有限公司
13683026330.txt$$$$北京天缘兆业环保设备有限公司
13683031674.txt$$$$北京森展国际有限公司
13683035174.txt$$$$北京中控建投环保科技有限公司
13683035174_1.txt$$$$北京卫源环保科技有限公司
13683053550.txt$$$$昆山轩之昊金属制品有限公司
13683160218.txt$$$$北京京城华丰清洗服务有限公司
13683171172.txt$$$$北京全安时代电子科技有限公司
13683172121.txt$$$$北京金世纪京泰家具有限公司
13683189111.txt$$$$北京法利莱移动板房有限责任公司
13683189122.txt$$$$北京世伟泰科信息技术有限公司
13683250015.txt$$$$北京铭飞时代商贸有限公司
13683262900.txt$$$$天津市鸿润豪涂料厂
