13820640150.txt$$$$天津鸿运来管道疏通有限公司
13820679899.txt$$$$天津市恒越建筑装饰工程有限公司
13820681315.txt$$$$天津恒达润液压配件制造有限公司
13820682516.txt$$$$天津天麦华茂仪表有限公司
13820702366.txt$$$$天津市九州盛兴塑料制品有限公司
13820703731.txt$$$$天津市宁拓金属制品有限公司
13820719361.txt$$$$天津市西青区聚金达保温材料加工厂
13820736665.txt$$$$天津宏泽中天建筑装饰工程有限公司
13820736665_1.txt$$$$天津宏泽中天建筑装饰工程有限公司
13820736665_2.txt$$$$天津宏泽中天建筑装饰工程有限公司
13820763770.txt$$$$天津耐昂森节能环保科技有限公司
13820774627.txt$$$$天津精诚电子衡器有限公司
13820801816.txt$$$$天津易昌新能源科技发展有限公司
13820802603.txt$$$$天津特精帕克气动液压机械有限公司
13820803273.txt$$$$天津万枫仪表有限公司
13820805935.txt$$$$天津兴盛宏达橡塑科技有限公司
13820811868.txt$$$$天津市诚志钢铁有限公司
13820819091.txt$$$$天津康益健科技有限公司
13820878187.txt$$$$天津市旭洁数控冲孔厂
13820883930.txt$$$$海夫乐润滑科技（天津）有限责任公司
13820886679.txt$$$$天津市钿联金属材料贸易有限公司
13820886679_1.txt$$$$天津市钿联金属材料贸易有限公司
13820886679_2.txt$$$$天津市钿联金属材料贸易有限公司
13820887198.txt$$$$天津乾亨伟业钢铁贸易有限公司
13820887198_1.txt$$$$天津乾亨伟业钢铁贸易有限公司
13820887198_2.txt$$$$天津乾亨伟业钢铁贸易有限公司
13820918570.txt$$$$天津艾力源商贸有限公司
13820962066.txt$$$$天津市吉兴凯博商贸有限公司
13820987096.txt$$$$天津天化科威水处理技术有限公司
13820990474.txt$$$$天津嘉诚机电设备有限公司
