13950127117.txt$$$$厦门祥飞广告有限公司
13950138776.txt$$$$厦门鹭闽通贸易有限公司
13950160297.txt$$$$厦门宜田贸易有限公司
13950162691.txt$$$$厦门齐福为贸易有限公司
13950169707.txt$$$$厦门科能千野仪表有限公司
13950181630.txt$$$$厦门新地数控科技有限公司
13950181630_1.txt$$$$厦门新地数控科技有限公司
13950186174.txt$$$$厦门金闽环保工程有限公司
13950187396.txt$$$$湖南雕歌文化艺术发展有限公司
13950187396_1.txt$$$$湖南雕歌文化艺术发展有限公司
13950187396_2.txt$$$$湖南雕歌文化艺术发展有限公司
13950196565.txt$$$$厦门聚才丰不锈钢有限公司
13950198773.txt$$$$厦门喜来顺清洁服务有限公司
13950253512.txt$$$$南平夏日电力设备有限公司
13950299313.txt$$$$福州润林环保科技有限公司
13950299313_1.txt$$$$福州润林环保科技有限公司
13950299313_2.txt$$$$福州润林环保科技有限公司
13950309618.txt$$$$福建奥光建材有限公司
13950339707.txt$$$$福清市闽云兴建材贸易有限公司
13950339707_1.txt$$$$福清市闽云兴建材贸易有限公司
13950339707_2.txt$$$$福清市闽云兴建材贸易有限公司
13950382280.txt$$$$台江区瑞亨钟表经营部
13950432950.txt$$$$福州市台江区沸腾榻榻建材经营部
13950759097.txt$$$$莆田市城厢区鼎旺贸易有限公司
13950850850.txt$$$$驾给我（厦门）汽车服务有限公司
13950917605.txt$$$$福建省尤溪县美林白石粉厂
13951022676.txt$$$$南京爱鑫聚餐饮机械设备有限公司
13951022676_1.txt$$$$南京爱鑫聚酒店机械设备有限公司
13951027193.txt$$$$南京桃园玻璃有限公司
13951058151.txt$$$$扬州市豪丰环保建材有限公司
