18615671132.txt$$$$山东三牛机械有限公司
18615685863.txt$$$$山东鑫达物流设备有限公司
18615686959.txt$$$$济南厚朋暖通工程有限公司
18615691346.txt$$$$张掖市昌源商贸有限公司
18615691346_1.txt$$$$张掖市昌源商贸有限公司
18615691346_2.txt$$$$张掖市昌源商贸有限公司
18615692247.txt$$$$济南悦华广告有限公司
18615693123.txt$$$$山东喜啤士生物科技有限公司
18615697821.txt$$$$济南企航数控设备有限公司
18615779598.txt$$$$成都市宏峰酿造有限公司
18615900257.txt$$$$山东安泰新材料科技有限公司
18615900790.txt$$$$潍坊市新崇自动化设备有限公司
18615908627.txt$$$$青岛海德瀛重工有限公司
18615912078.txt$$$$诸城功能区工业园区开发有限公司
18615912078_1.txt$$$$诸城功能区工业园区开发有限公司
18615919761.txt$$$$潍坊顺阳热能设备有限公司
18616038295.txt$$$$上海力如机械有限公司
18616051776.txt$$$$武汉博士康生物工程有限公司
18616051776_1.txt$$$$武汉博士康生物工程有限公司
18616057256.txt$$$$上海励纳展览服务有限公司
18616060679.txt$$$$智贲(上海)节能科技有限公司
18616065120.txt$$$$济宁元科网络可以发展有限公司
18616066636.txt$$$$北京励拓展国际展览有限公司
18616067296.txt$$$$中贸慕尼黑展览上海有限公司
18616093674.txt$$$$中联橡胶股份有限公司
18616197678.txt$$$$上海鹏森新能源科技有限公司
18616199558.txt$$$$上海速发物流有限公司
18616214333.txt$$$$上海熙享木业有限公司
18616225032.txt$$$$上海兴壹文化传播有限公司
18616249119.txt$$$$郑州厨盾消防科技有限公司
