18701832509.txt$$$$上海贸旭展览服务有限公司
18701870712.txt$$$$上海涛涛文化传媒有限公司
18701870954.txt$$$$宿迁天玺缘酒业有限公司
18701871098.txt$$$$上海翰丝机电有限公司
18701875698.txt$$$$上海企汇展览有限公司
18701883158.txt$$$$广州环典工艺品有限公司
18701930583.txt$$$$上海拓铤液压机械有限公司
18701938678.txt$$$$邳州市春芝园银杏苗木基地
18701949608.txt$$$$上海穆铠机械有限公司
18702000121.txt$$$$广州北岳机械设备有限公司
18702004115.txt$$$$广州正盈机械设备有限公司
18702012086.txt$$$$广州可为企业管理顾问有限公司
18702012086_1.txt$$$$广州可为企业管理顾问有限公司
18702012086_2.txt$$$$广州可为企业管理顾问有限公司
18702027807.txt$$$$广州市凤旋天机械有限公司
18702035525.txt$$$$广州天照光电科技有限公司
18702155125.txt$$$$上海赵人机电有限公司
18702174028.txt$$$$上海埃科尤森工程机电有限公司
18702188437.txt$$$$上海汇晶会展有限公司
18702217488.txt$$$$天津乐和科技发展有限公司
18702270176.txt$$$$天津富贵铁艺卷帘门厂
18702308228.txt$$$$重庆力加塑料科技有限公司郑学云
18702333189.txt$$$$重庆坤欧科技有限公司
18702333959.txt$$$$沙坪坝区至城家具厂
18702333959_1.txt$$$$沙坪坝区至城家具厂
18702333959_2.txt$$$$沙坪坝区至城家具厂
18702352498.txt$$$$重庆渝口福餐饮管理有限公司
18702364407.txt$$$$重庆赛普塑料制品有限公司
18702593696.txt$$$$深圳市美图标识工程制作有限公司
18702760637.txt$$$$武汉德云祥科技发展有限公司
