13934247102.txt$$$$太原市嘉迎兴物贸有限公司
13934247102_1.txt$$$$太原市嘉迎兴物贸有限公司
13934247102_2.txt$$$$太原市嘉迎兴物贸有限公司
13934247102_3.txt$$$$太原市嘉迎兴物贸有限公司
13934270336.txt$$$$阳泉灿坤工贸有限公司
13934270336_1.txt$$$$阳泉灿坤工贸有限公司
13934270336_2.txt$$$$阳泉灿坤工贸有限公司
13934353533.txt$$$$文水县鑫飞护栏制造有限公司
13934353533_1.txt$$$$文水县鑫飞护栏制造有限公司
13934353533_2.txt$$$$文水县鑫飞护栏制造有限公司
13934378492.txt$$$$山西绿海苗圃合作社
13934511812.txt$$$$太原市小店区鑫浩鹏广告装饰部
13934519838.txt$$$$山西阳辰建筑科技有限公司
13934519838_1.txt$$$$山西阳辰建筑科技有限公司
13934519838_2.txt$$$$山西阳辰建筑科技有限公司
13934528676.txt$$$$太原市佳帝涂料有限公司
13934529977.txt$$$$山西恒晟伟业安防科技有限公司
13934529977_1.txt$$$$山西恒晟伟业安防科技有限公司
13934529977_2.txt$$$$山西恒晟伟业安防科技有限公司
13934555226.txt$$$$山西澳科森实木家具有限公司
13934597022.txt$$$$太原龙鼎新彩钢加工厂
13934597022_1.txt$$$$太原龙鼎新彩钢加工厂
13934597022_2.txt$$$$太原龙鼎新彩钢加工厂
13934599802.txt$$$$山西万泽锦达机械制造有限公司
13934604304.txt$$$$太原市斌程环保科技有限公司
13934604304_1.txt$$$$太原市斌程环保科技有限公司
13934604304_2.txt$$$$太原市斌程环保科技有限公司
13934613462.txt$$$$山西福汇福商贸有限公司
13934613462_1.txt$$$$山西福汇福商贸有限公司
13934613462_2.txt$$$$山西福汇福商贸有限公司
