15801591518_3.txt$$$$北京金鼎志兴商贸有限公司
15801604151.txt$$$$北京富鑫盛世文化传播有限公司
15801617485.txt$$$$北京盛世安家科贸有限公司
15801686799.txt$$$$沧州铭杰管道装备有限公司
15801705266.txt$$$$励汉展览（上海）有限公司
15801730255.txt$$$$卯金刀安全科技（上海）有限公司
15801748969.txt$$$$上海精研电子科技有限公司
15801764637.txt$$$$上海企顺有限公司
15801774816.txt$$$$上海来栗自动化设备有限公司
15801807985.txt$$$$上海岳华科技有限公司
15801815518.txt$$$$上海乔顿艺术装饰有限公司
15801859914.txt$$$$上海商虎特种合金有限公司
15801885883.txt$$$$赋广（上海）实业有限公司
15801903491.txt$$$$上海恒发物资回收有限公司
15801916798.txt$$$$上海冶韩实业有限公司
15801940137.txt$$$$上海慧琅木业有限公司
15801952673.txt$$$$上海晟谌精密机械有限公司
15801985239.txt$$$$中国科熙起重设备有限公司
15802017668.txt$$$$比特福塑胶有限公司
15802023468.txt$$$$广州市创纬电子科技有限公司
15802023468_1.txt$$$$广州市创纬电子科技有限公司
15802023468_2.txt$$$$广州市创纬电子科技有限公司
15802024957.txt$$$$广州市三田钢结构有限公司
15802030405.txt$$$$广东跨越设备租赁有限公司
15802030406.txt$$$$广东粤吉工程机械租赁有限公司
15802111585.txt$$$$临沂润发食品商行
15802139751.txt$$$$上海唐梦特种合金有限公司
15802149918.txt$$$$上海地山秀美景观工程有限公司
15802205853.txt$$$$天津安盛达防火材料有限公司
15802227585.txt$$$$天津鑫晟鸿达橡胶制品销售有限公司
