13570389084_1.txt$$$$广州市志胜图文快印有限公司
13570389084_2.txt$$$$广州市志胜图文快印有限公司
13570412288.txt$$$$广州巨派展览策划有限公司
13570413852.txt$$$$广州思远国际货运代理有限公司
13570420204.txt$$$$佛山市南海区西樵桢英木业有限公司
13570445077.txt$$$$广州凤萨鑫美容仪器有限公司
13570469506.txt$$$$广州市越宏膜结构工程有限公司
13570472333.txt$$$$广州市创鹰贸易有限公司
13570480077.txt$$$$广州启天文化发展有限公司
13570494131.txt$$$$广州市诚绅贸易有限公司
13570494131_1.txt$$$$广州市诚绅贸易有限公司
13570494131_2.txt$$$$广州市诚绅贸易有限公司
13570495853.txt$$$$广州市华馨科学仪器有限公司
13570511505.txt$$$$佛山市南海区和康机械经营部
13570519884.txt$$$$广州博传自动化设备有限公司
13570533531.txt$$$$广州穗博贸易有限公司
13570533838.txt$$$$广州市海川物流托运有限公司
13570539996.txt$$$$广州市大威纸品有限公司
13570546501.txt$$$$广州静源美容仪器有限公司
13570551350.txt$$$$广州市帮帮白蚁害虫防治有限公司
13570554533.txt$$$$广州市银霖化工有限公司
13570564638.txt$$$$广州市天河区龙洞东兴矿山机械加工厂
13570570107.txt$$$$广州市兴通机械设备有限公司
13570572979.txt$$$$广州市锦钢建材制品有限公司
13570580585.txt$$$$广州贺诚投资有限公司
13570580585_1.txt$$$$广州科澍环保设备有限公司
13570580585_2.txt$$$$广州科澍环保设备有限公司
13570580585_3.txt$$$$广州科澍环保设备有限公司
13570589753.txt$$$$广州市自立再生物资回收有限公司
13570589753_1.txt$$$$广州市自立再生物资回收有限公司
