15822133188_2.txt$$$$天津市贵博化工有限公司
15822196034.txt$$$$宇洁生活服务有限公司
15822220722.txt$$$$北京凯旋先锋展览展示有限公司
15822257273.txt$$$$天津市金地来橱柜有限公司
15822296689.txt$$$$天津市北辰区天成制冷设备销售中心
15822296689_1.txt$$$$天津市北辰区天成制冷设备销售中心
15822296689_2.txt$$$$天津市北辰区天成制冷设备销售中心
15822302600.txt$$$$天津景州不锈钢制品股份有限公司
15822307475.txt$$$$天津市南开区瑞丰源五金销售中心
15822328076.txt$$$$天津天成恒顺风管有限公司
15822328076_1.txt$$$$天津天成恒顺风管有限公司
15822369598.txt$$$$天津增宏塬保温建材有限公司
15822369598_1.txt$$$$天津增宏塬保温建材有限公司
15822369598_2.txt$$$$天津增宏塬保温建材有限公司
15822388911.txt$$$$天津东进净化工程有限公司
15822391800.txt$$$$天津杰出科技发展有限公司
15822395988.txt$$$$天津梵锐网络科技有限公司1
15822396657.txt$$$$天津联昌环保设备有限公司
15822415431.txt$$$$天津津晨顺项科技发展有限公司
15822420253.txt$$$$天津瑞祥卷帘门门窗厂
15822442255.txt$$$$天津津明天旭汽车服务有限公司
15822442255_1.txt$$$$天津津明天旭汽车服务有限公司
15822442255_2.txt$$$$天津津明天旭汽车服务有限公司
15822501558.txt$$$$天津金旗再生资源回收有限公司
15822501558_1.txt$$$$天津金旗再生资源回收有限公司
15822501558_2.txt$$$$天津金旗再生资源回收有限公司
15822504288.txt$$$$天津今誉源环保设备有限公司
15822538118.txt$$$$天津乔满晟律师事务所
15822538118_1.txt$$$$天津乔满晟律师事务所
15822545274.txt$$$$天津溢佳同惠科技集团有限公司
