18833763881.txt$$$$河北巨鑫环保设备有限公司
18833768088.txt$$$$沧州聪颖减速机有限公司
18833768344.txt$$$$海威钢管有限公司
18833778812.txt$$$$沧州万骏钢管有限公司
18833785505.txt$$$$沧州市泰裕峰钢管有限公司
18833786281.txt$$$$沧州奥成体育器材制造有限公司
18833841849.txt$$$$上海赫沃贸易有限公司
18833921003.txt$$$$石家庄市诚信农业机械厂
18834016595.txt$$$$河曲县正宏商贸有限公司
18834145305.txt$$$$上海一麦会展有限公司
18834821420.txt$$$$万泽锦达矿山机械设备有限公司
18834832010.txt$$$$山西古方清妆化妆品有限公司
18834882588.txt$$$$山西五德科技有限责任公司
18835136996.txt$$$$山西星宇视控科技有限公司
18835160634.txt$$$$山西长雪制冷设备有限公司
18835160634_1.txt$$$$山西德邦威凯防水防腐工程有限公司
18835160634_2.txt$$$$山西晴雨建筑工程有限公司
18835160634_3.txt$$$$山西晴雨建筑工程有限公司
18835160634_4.txt$$$$山西晴雨建筑工程有限公司
18835160634_5.txt$$$$山西德邦威凯防水防腐工程有限公司
18835160634_6.txt$$$$山西德邦威凯防水防腐工程有限公司
18835169225.txt$$$$唐山永祥装饰工程有限公司
18835471384.txt$$$$北京牧德惠生物科技有限公司
18835485717.txt$$$$天津牧德蕙生物科技有限公司
18835914000.txt$$$$山西睿智天际科技有限公司
18837027325.txt$$$$商丘耀辉机械设备有限公司
18837027325_1.txt$$$$商丘耀辉机械设备有限公司
18837027325_2.txt$$$$商丘耀辉机械设备有限公司
18837046666.txt$$$$商丘市云龙仓储设备有限公司
18837046666_1.txt$$$$商丘市云龙仓储设备有限公司
