13027695772_3.txt$$$$安阳市赵锦记餐饮管理有限公司
13027695772_4.txt$$$$安阳市赵锦记餐饮管理有限公司
13027695772_5.txt$$$$安阳市赵锦记餐饮管理有限公司
13027697301.txt$$$$安阳市黛墨新材料有限公司
13027708111.txt$$$$郑州亿立实业有限公司
13027712563.txt$$$$河南省巩义市同丰机械制造厂
13027718883.txt$$$$河南铝木年华科技有限公司
13027721919.txt$$$$河南初蓝环保科技有限公司
13027736167.txt$$$$河南蜀相酒业有限公司
13027736167_1.txt$$$$河南蜀相酒业有限公司
13027736167_2.txt$$$$河南蜀相酒业有限公司
13027737899.txt$$$$河南舜智机械设备有限公司
13027737899_1.txt$$$$河南舜智机械设备有限公司
13027737899_2.txt$$$$河南舜智机械设备有限公司
13027738663.txt$$$$郑州市管城区盈通交通设施经营部
13027750576.txt$$$$郑州童星游乐设备责任有限公司
13027751286.txt$$$$郑州市童星游乐设备有限公司
13027753479.txt$$$$郑州市奇乐迪游乐设备有限公司
13027770178.txt$$$$河南恒清环保科技有限公司
13027776023.txt$$$$河南英美文化传播有限公司
13027777322.txt$$$$河南福顺清洁服务有限公司
13027777922.txt$$$$郑州市顺发清洁服务有限公司
13027777993.txt$$$$河南博发环保机械有限公司
13027780058.txt$$$$河南聚邦达商贸有限公司
13027780948.txt$$$$巩义嵩山防水套管厂
13027781578.txt$$$$郑州鸣火炉具有限公司
13027782096.txt$$$$河南沁园环保工程有限公司
13027782096_1.txt$$$$河南沁园环保工程有限公司
13027786551.txt$$$$郑州安飞电子科技有限公司
13027791288.txt$$$$郑州跃宇交通设施有限公司
