13833981010.txt$$$$沧州天健体育器材有限公司
13833985928.txt$$$$河间市保方密封材料厂
13833987613.txt$$$$河间市焊接机厂
13833989034.txt$$$$献县永盛环保设备有限公司
13833989710.txt$$$$河北勇志机床附件制造有限公司
13833998961.txt$$$$任丘市五环铝业有限公司
13833999321.txt$$$$盐山润山管道制造有限公司
13834045655.txt$$$$山西奇美互联科技有限公司
13834048362.txt$$$$太原锋登阳光房门窗有限公司
13834048362_1.txt$$$$太原锋登阳光房门窗有限公司
13834048362_2.txt$$$$太原锋登阳光房门窗有限公司
13834083499.txt$$$$太谷县昌年铸造有限公司
13834083499_1.txt$$$$太谷县昌年铸造有限公司
13834083499_2.txt$$$$太谷县昌年铸造有限公司
13834107921.txt$$$$山西田园苗圃园
13834143469.txt$$$$山西鑫鼎科管业有限公司
13834143469_1.txt$$$$山西鑫鼎科管业有限公司
13834143469_2.txt$$$$山西鑫鼎科管业有限公司
13834213967.txt$$$$山西晋工卓达工程设备有限公司
13834222022.txt$$$$山西金耐德建设工程有限公司
13834222022_1.txt$$$$山西金耐德建设工程有限公司
13834222022_2.txt$$$$山西金耐德建设工程有限公司
13834228401.txt$$$$山西迈达思工贸有限公司
13834241058.txt$$$$山西奥美斯机电设备有限公司
13834241058_1.txt$$$$山西奥美斯机电设备有限公司
13834241058_2.txt$$$$山西奥美斯机电设备有限公司
13834242795.txt$$$$山西川洲电气设备有限公司
13834242795_1.txt$$$$山西川洲电气设备有限公司
13834242795_2.txt$$$$山西川洲电气设备有限公司
13834243241.txt$$$$山西建明叉车有限公司
