15285593393.txt$$$$广州战狼设备租赁有限公司
15285595939.txt$$$$贵州通达地坪工程有限公司
15285636120.txt$$$$贵阳李小平摄影艺术有限公司
15285636120_1.txt$$$$贵州华泰新红文化传媒有限公司
15285992092.txt$$$$贵阳泰黔新能源有限公司
15286055516.txt$$$$贵州韩岳包装有限公司
15286067629.txt$$$$贵阳兴达建材批发公司
15286090119.txt$$$$贵阳金美合钢材有限公司
15286090119_1.txt$$$$贵阳新鹏乾商贸有限公司
15286806860.txt$$$$河南尊领电子科技有限公司
15286806860_1.txt$$$$河南尊领电子科技有限公司
15286806860_2.txt$$$$河南尊领电子科技有限公司
15286809888.txt$$$$郑州伟业重工机械有限公司
15286811881.txt$$$$郑州蓝客游乐设备有限公司
15286829114.txt$$$$河南盛洁环保科技有限公司
15286829444.txt$$$$河南省亿净环保设备有限公司
15286829444_1.txt$$$$河南创博环保工程有限公司
15286829444_2.txt$$$$河南创博环保工程有限公司
15286833082.txt$$$$郑州海川机械制造有限公司
15286845285.txt$$$$郑州汉邦智能科技有限公司
15286845285_1.txt$$$$郑州汉邦智能科技有限公司
15286996699.txt$$$$安阳豫华机械设备有限公司
15287118965.txt$$$$云南睿梵企业管理有限公司
15287175113.txt$$$$浩然家政服务有限公司
15287233111.txt$$$$云南龙装工贸有限公司
15287233111_1.txt$$$$云南龙装工贸有限公司
15287571999.txt$$$$保山市热土农业开发有限责任公司
15288128928.txt$$$$云南珍享食品有限公司
15288170003.txt$$$$昆明市西山区金森建材经营部
15288226780.txt$$$$云南贝西力机电设备有限公司
