13287259608_1.txt$$$$曲阜市丰硕机械中心
13287260132.txt$$$$济宁市奥辉凃装工程有限公司
13287265976.txt$$$$山东新圣泰机械制造有限公司
13287265976_1.txt$$$$山东新圣泰机械制造有限公司
13287265976_2.txt$$$$山东新圣泰机械制造有限公司
13287265976_3.txt$$$$山东新圣泰机械制造有限公司
13287273706.txt$$$$曲阜盛杰机械设备有限公司
13287275386.txt$$$$济宁路安机械有限公司
13287275386_1.txt$$$$济宁路安机械有限公司
13287275386_2.txt$$$$济宁路安机械有限公司
13287283677.txt$$$$山东宏顺玻璃钢有限责任公司
13287286588.txt$$$$山东斗山叉车有限公司
13287348808.txt$$$$平邑县东合液压机械厂
13287442666.txt$$$$龙口凯祥有限公司
13287472899.txt$$$$新宾满族自治县海发木工机械制造厂
13287472899_1.txt$$$$高密市国宏机械加工厂
13287477669.txt$$$$山东昌昌防腐工程有限公司
13287511031.txt$$$$山东民心钢铁有限公司
13287568333.txt$$$$聊城市仕铭钢管有限公司
13287569273.txt$$$$聊城市昭珺轴承有限公司
13287616677.txt$$$$东平金立机械有限公司
13287631789.txt$$$$泰安维亿机械设备有限公司
13287643938.txt$$$$山东中源工程材料有限公司
13287650108.txt$$$$山东卓林农业科技有限公司
13287654881.txt$$$$山东广强机电设备有限公司1
13287658411.txt$$$$寿光市广聚果蔬专业合作社
13287661536.txt$$$$山东锦山科技有限公司
13287664556.txt$$$$山东富博晟业农牧有限公司
13287669359.txt$$$$青州市科力源工贸有限公司
13287694584.txt$$$$青州市宏杰机械设备厂
