15205488875.txt$$$$山东宁阳天宇商务咨询服务有限公司
15205496888.txt$$$$临沂泉林化工有限公司
15205496888_1.txt$$$$临沂泉林化工有限公司
15205505680.txt$$$$滁州银鑫雨装饰工程有限公司
15205517218.txt$$$$安徽沃润海绵城市建筑科技有限公司
15205517218_1.txt$$$$安徽沃润海绵城市建筑科技有限公司
15205517218_2.txt$$$$安徽沃润海绵城市建筑科技有限公司
15205535668.txt$$$$芜湖恩林商贸有限公司
15205535668_1.txt$$$$芜湖恩林商贸有限公司
15205535668_2.txt$$$$芜湖恩林商贸有限公司
15205556926.txt$$$$安徽裕顺保安服务有限公司
15205556926_1.txt$$$$安徽裕顺保安服务有限公司
15205605609.txt$$$$安徽鹏图建筑劳务有限公司
15205694091.txt$$$$合肥臻万工业设备有限公司
15205732019.txt$$$$嘉兴华财集成家居有限公司
15205778862.txt$$$$浙江古川机械有限公司
15205799186.txt$$$$永康市捷信商贸有限公司
15206211789.txt$$$$苏州特不同展示设计有限公司
15206279657.txt$$$$上海刘朗彩钢制品有限公司
15206301717.txt$$$$临朐远航金属制品厂
15206302727.txt$$$$春语雨春草花苗木合作社
15206330591.txt$$$$日照博森建材科技有限公司
15206333061.txt$$$$日照市东兴城市配套设备有限公司
15206333088.txt$$$$日照伟艺石业有限公司
15206333088_1.txt$$$$日照伟艺石业有限公司
15206333088_2.txt$$$$日照伟艺石业有限公司
15206333088_3.txt$$$$日照伟艺石业有限公司
15206338222.txt$$$$日照市岚山区友联木材加工厂
15206338222_1.txt$$$$日照市岚山区友联木材加工厂
15206338222_2.txt$$$$日照市岚山区友联木材加工厂
