13780997532.txt$$$$莱州市一润机械有限公司
13781064112.txt$$$$舞钢市硕洋钢铁贸易有限公司
13781161123.txt$$$$河南大地除锈技术有限公司
13781161123_1.txt$$$$河南大地除锈技术有限公司
13781161123_2.txt$$$$河南大地除锈技术有限公司
13781286738.txt$$$$沈丘县森达矿山配件门市部
13781383628.txt$$$$濮阳市元龙生物科技有限公司
13781436289.txt$$$$民权县王桥乡陈兴种植专业合作社
13781436289_1.txt$$$$民权县王桥乡陈兴种植专业合作社
13781436289_2.txt$$$$民权县王桥乡陈兴种植专业合作社
13781525668.txt$$$$宁陵县黄杰农机店
13781606896.txt$$$$河南顺民防护网有限公司
13781606896_1.txt$$$$河南顺民防护网有限公司
13781606896_2.txt$$$$河南顺民防护网有限公司
13781658733.txt$$$$郑州市御泉森林陵园
13781670979.txt$$$$商丘市方圆机械有限公司
13781674277.txt$$$$夏邑县王飞家庭农场
13781711490.txt$$$$临颍县华兴机械厂
13781724857.txt$$$$临颍县华豫机械加工厂
13781791314.txt$$$$郑州威顿机械设备有限公司
13781901444.txt$$$$新乡市恒力起重升降设备有限公司
13781928833.txt$$$$新乡市鑫寓彩瓦科技有限公司
13781930001.txt$$$$新乡市宏盛机械有限公司
13781930579.txt$$$$新乡市旭日电机有限公司
13781941234.txt$$$$新乡市恒力升降设备有限公司
13781956231.txt$$$$新乡市鹏鼎机械设备有限公司
13781956231_1.txt$$$$新乡市鹏鼎机械设备有限公司
13781958190.txt$$$$河南省新消消防安全设备有限公司
13781967028.txt$$$$卫辉市瑞丰机械设备有限公司
13781970500.txt$$$$新乡市工业泵厂有限公司
