15318995853.txt$$$$诸城闰宇食品机械有限公司
15318997786.txt$$$$安丘市金阳机械厂
15319163659.txt$$$$渭南克里斯特商贸有限公司
15319418393.txt$$$$西安奥德诺威通用风机设备有限公司
15319433690.txt$$$$陕西中秦机械设备有限公司
15319496298.txt$$$$陕西隆科来福节能设备有限责任公司
15319705896.txt$$$$西安天泉水处理设备有限公司
15319747180.txt$$$$西安市莱因环保科技有限公司
15319757669.txt$$$$西安顺源家具家电有限公司
15319770008.txt$$$$西安莱克环境工程有限公司
15319789867.txt$$$$西安昌盛制冷设备有限公司
15319909996.txt$$$$陕西波普盛观空间艺术设计有限公司
15319909996_1.txt$$$$陕西波普盛观空间艺术设计有限公司
15319909996_2.txt$$$$陕西波普盛观空间艺术设计有限公司
15319934832.txt$$$$陕西宏图志远装饰工程有限责任公司
15319948557.txt$$$$西安市顺风搬家有限公司
15319968038.txt$$$$西安旭新电器有限公司
15319969132.txt$$$$廊坊神华防火材料有限公司
15319969135.txt$$$$西安安瑞泰工贸有限公司
15320003181.txt$$$$天津市南开区乃先得福建筑材料销售中心
15320013733.txt$$$$天津市溢佳同惠生物科技有限公司
15320022578.txt$$$$宏达易管道工程有限公司
15320052906.txt$$$$天津鑫亿隆钢铁贸易有限公司
15320058362.txt$$$$天津炎菱科技有限公司
15320067255.txt$$$$天津万强金属材料销售有限公司
15320067255_1.txt$$$$天津万强金属材料销售有限公司
15320067255_2.txt$$$$天津万强金属材料销售有限公司
15320067255_3.txt$$$$天津万强金属材料销售有限公司
15320109666.txt$$$$天津亿博瑞化工有限公司
15320109666_1.txt$$$$天津亿博瑞化工有限公司
