18113141255.txt$$$$四川格润豪斯环保科技有限公司
18113151413.txt$$$$临沂巴巴恭商贸有限公司5
18114078597.txt$$$$江阴市民安消防器材维修有限公司
18114167888.txt$$$$邳州市文雅银杏苗木种植专业合作社
18114333212.txt$$$$常州市零距离网络科技有限公司
18114351859.txt$$$$苏州市杏花楼食品厂
18114351859_1.txt$$$$苏州市杏花楼食品厂
18114351859_2.txt$$$$苏州市杏花楼食品厂
18114355006.txt$$$$江苏科盟电线电缆有限公司
18114415350.txt$$$$泰州江河不锈钢制品有限公司
18114423858.txt$$$$昆山拓洁清洁设备有限公司
18114450517.txt$$$$南京苏尝餐饮管理有限公司
18114458894.txt$$$$沃特斯阀门(南京)有限公司
18114611686.txt$$$$昆山希盟自动化科技有限公司
18114611686_1.txt$$$$昆山市希盟自动化科技有限公司
18114651116.txt$$$$邳州市石小龙苗木种植专业合作社
18114731119.txt$$$$江苏中南消防工程有限公司苏州分公司
18114748826.txt$$$$苏州巨奇光电科技有限公司
18114922497.txt$$$$南京维克环保科技有限公司
18114922497_1.txt$$$$南京维克环保科技有限公司
18114922497_2.txt$$$$南京维克环保科技有限公司
18114945656.txt$$$$南京御驰清洁设备有限公司
18115001502.txt$$$$江苏钧宏塑业科技有限公司
18115001599.txt$$$$常州亚南展览展示器材有限公司
18115041336.txt$$$$九江路路发市政工程有限公司
18115058880.txt$$$$常州通坤特种线缆有限公司
18115106555.txt$$$$扬州市华朗照明电器有限公司
18115136547.txt$$$$江苏丰毅电子科技有限公司
18115336866.txt$$$$无锡市瑞天机械制造有限公司
18115349235.txt$$$$江苏蜂窝载存科技有限公司
