13905357322.txt$$$$烟台宇驰智能科技有限公司
13905360006.txt$$$$寿光鲁丰防水材料有限公司
13905360818.txt$$$$西卡防水材料股份有限公司
13905360936.txt$$$$山东中航泰达复合材料有限公司
13905360936_1.txt$$$$山东中航泰达复合材料有限公司
13905360936_2.txt$$$$山东中航泰达复合材料有限公司
13905360936_3.txt$$$$山东中航泰达复合材料有限公司
13905361791.txt$$$$东洋纺织（潍坊）有限公司
13905362240.txt$$$$山东杰特仓储设备有限公司
13905362937.txt$$$$临朐县众胜干燥设备厂
13905363640.txt$$$$青岛小米装备制造有限公司
13905363915.txt$$$$青州市永利矿沙机械制造有限公司
13905365307.txt$$$$潍坊七棉纱线有限责任公司
13905365563.txt$$$$潍坊浩纺纺织有限公司
13905365563_1.txt$$$$潍坊浩纺纺织有限公司
13905365563_2.txt$$$$潍坊浩纺纺织有限公司
13905367406.txt$$$$山东荣泰感应科技有限公司（销售）
13905369677.txt$$$$诸城市汇丰食品机械有限公司
13905369677_1.txt$$$$诸城市汇丰食品机械有限公司
13905380015.txt$$$$泰安恒大机械有限公司
13905380015_1.txt$$$$泰安恒大机械有限公司
13905382093.txt$$$$青海省盐业股份有限公司山东分公司
13905382093_1.txt$$$$青海省盐业股份有限公司山东分公司
13905382093_2.txt$$$$青海省盐业股份有限公司山东分公司
13905389838.txt$$$$泰安永宁锅炉配套设备有限公司
13905389838_1.txt$$$$泰安永宁锅炉配套设备有限公司
13905389838_2.txt$$$$泰安永宁锅炉配套设备有限公司
13905389838_3.txt$$$$泰安永宁锅炉配套设备有限公司
13905395881.txt$$$$山东琅雅环保科技有限公司
13905396209.txt$$$$临沂炳耀建材有限公司
