13928558234.txt$$$$佛山市捷辉交通设备有限公司
13928558347.txt$$$$广州索腾智能科技有限公司
13928558347_1.txt$$$$广州索腾智能科技有限公司
13928558347_2.txt$$$$广州索腾智能科技有限公司
13928564722.txt$$$$佛山市美瓷机电设备有限公司
13928566109.txt$$$$深圳市龙岗区恒辉源机械设备厂
13928569785.txt$$$$佛山市巨翔钢铁有限公司
13928569785_1.txt$$$$佛山市巨翔钢铁有限公司
13928569785_2.txt$$$$佛山市巨翔钢铁有限公司
13928570360.txt$$$$佛山市荣和泰家具有限公司
13928575599.txt$$$$佛山市超迪机械有限公司
13928581125.txt$$$$佛山市梦奇源装饰设计工程有限公司
13928589287.txt$$$$佛山市法德康包装机械有限公司
13928598669.txt$$$$佛山市科妙机械有限公司
13928604353.txt$$$$佛山万信达（龙威）物流
13928606453.txt$$$$佛山市奥菲达焊接技术有限公司
13928607520.txt$$$$佛山市顺德区景耐战电器有限公司
13928610856.txt$$$$利创不锈钢有限公司
13928620742.txt$$$$佛山市大唐合盛陶瓷有限公司
13928626665.txt$$$$佛山市凯顺环保设备有限公司
13928631000.txt$$$$佛山市鑫立丰金属制品有限公司
13928638961.txt$$$$佛山市南海区牧菱五金模具有限公司
13928645768.txt$$$$佛山鹏锦广告有限公司
13928657159.txt$$$$佛山市智清杰环保设备有限公司
13928657624.txt$$$$佛山剑鹰建筑工程有限公司
13928657624_1.txt$$$$佛山剑鹰建筑工程有限公司
13928657624_2.txt$$$$佛山剑鹰建筑工程有限公司
13928664018.txt$$$$广东四森科技有限公司
13928667066.txt$$$$广东鑫星机器人科技有限公司
13928669293.txt$$$$佛山市尚成夹芯板有限公司
