18576563337.txt$$$$佛山墨高门窗有限公司
18576570763.txt$$$$佛山市鸿马机械设备有限公司
18576611656.txt$$$$惠州市永诺景观设计有限公司
18576647602.txt$$$$咸安区久安汽车用品批发部
18576699895.txt$$$$湖北晟驰蒸发器设备有限公司
18576701937.txt$$$$奥冰制冷工程有限公司
18576724812.txt$$$$深圳市众一卓越科技有限公司
18576777655.txt$$$$深圳市方畅达科技有限公司
18576780873.txt$$$$惠州嘉联生物科技有限公司
18576808913.txt$$$$东莞微尔斯科技有限公司
18576852231.txt$$$$东莞市常虹塑胶有限公司
18576953055.txt$$$$中智锦源物联科技（东莞）有限公司
18576953055_1.txt$$$$中智锦源物联科技（东莞）有限公司
18576953055_2.txt$$$$中智锦源物联科技（东莞）有限公司
18577074291.txt$$$$南宁市莱登服饰有限公司
18577082969.txt$$$$南宁水晶字制作公司
18577090379.txt$$$$广西宇普贸易有限公司
18577119831.txt$$$$广西南宁多贝实验室设备有限公司
18577535293.txt$$$$佛山市南海尊淇家居用品有限公司
18577741095.txt$$$$广州市广建水泥制品厂
18577766071.txt$$$$广西南宁仁勇净化工程有限公司
18577771336.txt$$$$湖南金陵线缆有限公司
18577875302.txt$$$$南宁迈世信息技术有限公司
18577915667.txt$$$$北海东鑫地产开发有限公司
18577955927.txt$$$$广西宝世光科技有限公司
18578200347.txt$$$$珠海创诚易达信息科技有限公司
18578239802.txt$$$$珠海聚暖新型材料科技有限公司
18578313178.txt$$$$佛山市约沃节能设备有限公司
18578316178.txt$$$$佛山市南海区尚达服饰有限公司
18578322237.txt$$$$南京乐佰金新型环保材料有限公司
