17663980289_2.txt$$$$青岛金宏源通机械设备有限公司
17664051258.txt$$$$青岛明阳通达贸易有限公司
17664403672.txt$$$$济南凯尔特商贸有限公司
17665191850.txt$$$$东莞市森洁环保科技有限公司
17665240814.txt$$$$东莞市众进科技有限公司
17665262643.txt$$$$东莞市展盟会展有限公司
17665262643_1.txt$$$$东莞市展盟会展有限公司
17665262643_2.txt$$$$东莞市展盟会展有限公司
17665302258.txt$$$$深圳信唯科技有限公司
17665345280.txt$$$$深圳市好科星电子有限公司
17665431317.txt$$$$武汉易到家科技发展有限公司
17665612559.txt$$$$苏荷标准工业产品（东莞）有限公司
17666178167.txt$$$$佛山瑞佩姆智能涂料有限公司
17666189956.txt$$$$佛山市金彩蛋金属科技有限公司
17666189956_1.txt$$$$佛山市高比不锈钢有限责任公司
17666196008.txt$$$$佛山市司玛门窗有限公司
17666212188.txt$$$$东莞市山谷网络科技有限公司
17666238684.txt$$$$东莞市东亚石油化工有限公司
17666251136.txt$$$$东莞市茶山通荣制衣厂
17666266626.txt$$$$广州市斯巴拓电子科技有限公司
17666268821.txt$$$$成都鸿威展览有限公司
17666277118.txt$$$$中山市名匠木木业有限公司
17666515973.txt$$$$广州市顺科建筑装饰防水有限公司
17666662939.txt$$$$广州欣贝医疗科技有限公司
17666662939_1.txt$$$$广州欣贝医疗科技有限公司
17666668815.txt$$$$惠州市森德宝建材有限公司
17667160877.txt$$$$诸城市和利工贸有限公司
17667160877_1.txt$$$$诸城市和利工贸有限公司
17667358807.txt$$$$德州润洽特种油有限公司
17667361700.txt$$$$山东琳赛健身器材有限公司
