13903071750.txt$$$$广州奥雪制冷设备工程有限公司
13903073181.txt$$$$广州市多鹏宝贸易有限公司
13903101801.txt$$$$邯郸市新型玻璃钢厂
13903101801_1.txt$$$$邯郸市新型玻璃钢厂
13903101801_2.txt$$$$邯郸市新型玻璃钢厂
13903103272.txt$$$$邯郸市旭兴紧固件制造有限公司
13903103272_1.txt$$$$邯郸市旭兴紧固件制造有限公司
13903103272_2.txt$$$$邯郸市旭兴紧固件制造有限公司
13903106785.txt$$$$河北隆海生物能源股份有限公司
13903106785_1.txt$$$$河北隆海生物能源股份有限公司
13903106785_2.txt$$$$河北隆海生物能源股份有限公司
13903107507.txt$$$$河北腾云建筑铝模板配件有限公司
13903107507_1.txt$$$$河北腾云建筑铝模板配件有限公司
13903107507_2.txt$$$$河北腾云建筑铝模板配件有限公司
13903107507_3.txt$$$$河北腾云建筑铝模板配件有限公司
13903107525.txt$$$$邯郸市大赫紧固件制造有限公司
13903124561.txt$$$$保定金润机械设备有限公司
13903127141.txt$$$$保定市源创电力设备制造有限公司
13903144547.txt$$$$承德向往商贸有限公司
13903162243.txt$$$$固安县瑞恒过滤器材厂
13903171175.txt$$$$沧州天恒钢管有限公司
13903173407.txt$$$$沧州建安管道制造有限公司
13903179183.txt$$$$河北航凯机械制造有限公司
13903182940.txt$$$$衡水市桃城区宏瑞钢筋机械连接厂
13903185085.txt$$$$衡水鑫源隆粮食机械有限公司
13903190564.txt$$$$河北新沣家具有限公司
13903196422.txt$$$$任县博伟机械制造厂
13903196682.txt$$$$河北禹工工程橡胶有限公司
13903197013.txt$$$$南宫市润华毛毡有限公司
13903201872.txt$$$$邯郸市永年区河北铺二康紧固件门市
