18129879095.txt$$$$深圳市华越美科技有限公司
18129922853.txt$$$$安格斯精工塑胶（深圳）有限公司
18129922895.txt$$$$深圳市德奥信息技术有限公司
18129930673.txt$$$$武汉德林克斯竹木纤维装饰材料有限公司
18129952814.txt$$$$深圳市瑞天龙电子科技有限公司
18130016111.txt$$$$安徽国华智能交通科技有限公司
18130029958.txt$$$$合肥康胜体育用品有限公司
18130031018.txt$$$$合肥市蜀山区汇升礼品经营部
18130036797.txt$$$$合肥光码科技有限公司
18130036797_1.txt$$$$合肥光码科技有限公司
18130050676.txt$$$$合肥景硕环保科技有限公司
18130053997.txt$$$$安徽兴胜钢结构有限公司
18130059510.txt$$$$安徽远鼎塑业有限公司
18130074864.txt$$$$安徽吉运祥智能技术有限公司
18130093189.txt$$$$安徽双银宠物美容技术咨询有限公司
18130093189_1.txt$$$$安徽双银宠物美容技术咨询有限公司
18130093189_2.txt$$$$安徽双银宠物美容技术咨询有限公司
18130093189_3.txt$$$$安徽双银宠物美容技术咨询有限公司
18130277788.txt$$$$泾县龙马古建园林工程有限公司
18130277788_1.txt$$$$泾县龙马古建园林工程有限公司
18130277788_2.txt$$$$泾县龙马古建园林工程有限公司
18130305121.txt$$$$安徽万泽网络科技有限公司
18130305121_1.txt$$$$安徽万泽网络科技有限公司
18130305121_2.txt$$$$安徽万泽网络科技有限公司
18130326509.txt$$$$芜湖航启新能源汽车销售有限公司
18130326509_1.txt$$$$芜湖航启新能源汽车销售有限公司
18130326509_2.txt$$$$芜湖航启新能源汽车销售有限公司
18130369382.txt$$$$芜湖市鑫森通风管道制造有限公司
18130369382_1.txt$$$$芜湖市鑫森通风管道制造有限公司
18130369382_2.txt$$$$芜湖市鑫森通风管道制造有限公司
