13738974218.txt$$$$义乌加龙彩印有限公司
13738974218_1.txt$$$$义乌加龙彩印有限公司
13738974218_2.txt$$$$义乌加龙彩印有限公司
13738978998.txt$$$$浦江荣照钢材有限公司
13738984644.txt$$$$金华福江苗木有限公司
13738984644_1.txt$$$$金华福江苗木有限公司
13738984644_2.txt$$$$金华福江苗木有限公司
13738984888.txt$$$$东阳市荣辉生物质燃料厂
13738984888_1.txt$$$$东阳市荣辉生物质燃料厂
13738984888_2.txt$$$$东阳市荣辉生物质燃料厂
13738987878.txt$$$$浙江创弗化工有限公司
13738992077.txt$$$$义乌市达特包装厂
13738996220.txt$$$$义乌市麦林包装彩印厂
13739053925.txt$$$$长沙海跃安防用品有限公司
13739073056.txt$$$$长沙天圳建材贸易有限公司
13739083833.txt$$$$湖南益视堂健康科技有限公司
13739092008.txt$$$$长沙市弘力交通设施工程有限公司
13739098159.txt$$$$湖南加法仪器仪表有限公司
13739098858.txt$$$$福建全工科技有限公司
13739170031.txt$$$$苏州市艾斯科净化设备有限公司
13739171051.txt$$$$苏州任我行自动化有限公司
13739171051_1.txt$$$$苏州任我行自动化有限公司
13739171051_2.txt$$$$苏州任我行自动化有限公司
13739171051_3.txt$$$$苏州任我行自动化有限公司
13739177722.txt$$$$苏州正华铜业有限公司
13739228410.txt$$$$合肥市包河区珑珲户外用品店
13739235615.txt$$$$合肥市优凯冷柜链设备有限公司
13739253178.txt$$$$合肥新一族集装箱有限公司
13739253178_1.txt$$$$合肥新一族集装箱有限公司
13739253178_2.txt$$$$合肥新一族集装箱有限公司
