15263752014.txt$$$$梁山中骏机械科技有限公司
15263765182.txt$$$$武卫达机械装备（济宁）有限公司
15263769018.txt$$$$梁山方科贸易有限公司
15263819415.txt$$$$深圳市鸿泰环保科技有限公司
15263836456.txt$$$$山东固霸地坪工程有限公司
15263900016.txt$$$$山东中联塑业科技有限公司
15263921816.txt$$$$沂水县瑞华家具厂
15263922811.txt$$$$山东兴旺电力线路器材有限公司
15263969277.txt$$$$山东铭亿电气科技有限公司
15263995229.txt$$$$临沂旭盛木业制造有限公司
15263995229_1.txt$$$$临沂高森板材贸易有限公司
15263998686.txt$$$$临沂金朔塑业有限公司
15264107996.txt$$$$山东缘和源动力科技有限公司
15264167399.txt$$$$山东博盛制冷设备有限公司
15264171895.txt$$$$济南铭光激光科技有限公司
15264215620.txt$$$$青岛海晨希纺织辅料有限公司
15264331141.txt$$$$淄博恒明太阳能有限公司
15264363444.txt$$$$山东铭阳管业有限公司
15264462080.txt$$$$临沂市兰山区宁翔仪表商行
15264496598.txt$$$$临沂永佳洗蛋机有限公司
15264509311.txt$$$$烟台奥康门业科技有限公司
15264606555.txt$$$$安丘市大恒机械有限公司
15264617888.txt$$$$山东冠迪门窗系统有限公司
15264657988.txt$$$$临朐县桂吉铁艺铸造厂
15264662999.txt$$$$潍坊晟河环保机械制造有限公司
15264662999_1.txt$$$$潍坊晟河环保机械制造有限公司
15264697786.txt$$$$山东鑫桂源环保机械有限公司
15264728767.txt$$$$山东润阔猎犬肉狗养殖场
15264736176.txt$$$$济宁昌泰工矿设备有限公司
15264736176_1.txt$$$$济宁昌泰工矿设备有限公司
