13929810345.txt$$$$广州市永佳环保设备有限公司
13929838142.txt$$$$肇庆华欣特化工涂料有限公司
13929869942.txt$$$$广东瑞建工程有限公司
13929890309.txt$$$$佛山市三水区西南街勇合杰五金模具厂
13929892662.txt$$$$高要市金利祥兴金属制品有限公司
13929901046.txt$$$$广州成鸿汽车用品有限公司
13929901046_1.txt$$$$广州漆海涂料有限公司
13929915290.txt$$$$佛山市久森环保设备有限公司
13929915391.txt$$$$佛山市荣威运输有限公司
13929917584.txt$$$$佛山市天籁铝艺有限公司
13929918665.txt$$$$佛山市南海区炳辉网业制造有限公司
13929918665_1.txt$$$$佛山市南海区炳辉网业制造有限公司
13929918665_2.txt$$$$佛山市南海区炳辉网业制造有限公司
13929919448.txt$$$$佛山市禅城区英锋五金齿轮厂
13929922135.txt$$$$佛山市睿至锋五金机械有限公司
13929922135_1.txt$$$$佛山市睿至锋五金机械有限公司
13929922135_2.txt$$$$佛山市睿至锋五金机械有限公司
13929922135_3.txt$$$$佛山市睿至锋五金机械有限公司
13929922582.txt$$$$佛山市南海区欣荣贸易有限公司
13929933295.txt$$$$佛山市奥克兰陶瓷建材有限公司
13929934435.txt$$$$佛山市禅城区汇广诚五金经营部
13929938153.txt$$$$玉山陶瓷有限公司
13929939361.txt$$$$佛山市洁机皇洗涤机械设备有限公司
13929948583.txt$$$$佛山市米诺娃科技有限公司
13929956981.txt$$$$佛山市顺德区远祥航不锈钢制品有限公司
13929959454.txt$$$$海金莎藤家具专卖
13929960100.txt$$$$佛山市中意万达陶瓷有限公司
13929962023.txt$$$$佛山市叁零肆重金属有限公司
13929964876.txt$$$$佛山市南海区高顺科技有限公司
13929964876_1.txt$$$$佛山市南海区高顺科技有限公司
