13650088157.txt$$$$东莞市星乔仪器设备有限公司
13650092283.txt$$$$东莞市利捷防水装饰有限公司
13650097024.txt$$$$东莞红袖礼仪有限公司
13650105080.txt$$$$东莞市星梦防静电制品有限公司
13650105080_1.txt$$$$东莞市星梦防静电制品有限公司
13650105080_2.txt$$$$东莞市星梦防静电制品有限公司
13650125766.txt$$$$东莞市雷腾电机有限公司
13650136360.txt$$$$东莞市益禄金属材料有限公司
13650137250.txt$$$$广东省宏丰广告有限公司
13650148728.txt$$$$东莞三箭金属材料有限公司
13650151087.txt$$$$东莞市珀玛塑料机械有限公司
13650154659.txt$$$$东莞市山威科技有限公司
13650195208.txt$$$$广东博川科技有限公司
13650195208_1.txt$$$$广东博川科技有限公司
13650195208_2.txt$$$$广东博川科技有限公司
13650195208_3.txt$$$$广东博川科技有限公司
13650225309.txt$$$$东莞市聚福搬家有限公司
13650235196.txt$$$$东莞莞信机械设备有限公司
13650240182.txt$$$$东莞市聚大塑胶原料有限公司
13650244987.txt$$$$东莞市一木实业有限公司
13650246637.txt$$$$东莞市恩钛化工有限公司
13650246637_1.txt$$$$东莞市恩钛化工有限公司
13650246637_2.txt$$$$东莞市恩钛化工有限公司
13650253545.txt$$$$东莞市尚森机械制造有限公司
13650253545_1.txt$$$$东莞市尚森机械制造有限公司
13650253545_2.txt$$$$东莞市尚森机械制造有限公司
13650288401.txt$$$$东莞市润迪实业有限公司
13650289383.txt$$$$东莞市携成机械设备有限公司
13650289383_1.txt$$$$东莞市携成机械设备有限公司
13650298005.txt$$$$东莞市研创包装机械有限公司
