13653715941_3.txt$$$$河南利鑫机械设备有限公司
13653719225.txt$$$$河南金丝路信息科技有限公司
13653736331.txt$$$$河南立建钢结构工程有限公司
13653777233.txt$$$$方城县蓝天生物质燃料有限公司
13653812271.txt$$$$郑州恒兴重工机械制造有限公司
13653819622.txt$$$$郑州中尚机械设备有限公司
13653831137.txt$$$$郑州金鹏机械设备有限公司
13653831137_1.txt$$$$郑州金鹏机械设备有限公司
13653831137_2.txt$$$$郑州金鹏机械设备有限公司
13653836950.txt$$$$巩义市城区鑫华设备调剂部
13653837609.txt$$$$巩义市汇升仪器设备有限公司
13653841000.txt$$$$河南豪刚机械设备有限公司
13653848373.txt$$$$郑州陆建钢构工程有限公司
13653852887.txt$$$$郑州精益炉业有限公司
13653854500.txt$$$$河南豫财暖通设备有限公司
13653866707.txt$$$$郑州顺达钻机修造厂
13653867776.txt$$$$少林小龙武术中等专业学校
13653867776_1.txt$$$$少林小龙武术中等专业学校
13653867776_2.txt$$$$少林小龙武术中等专业学校
13653888276.txt$$$$洛阳生寿园食品有限公司
13653906299.txt$$$$河南省矿山起重机有限公司
13653978678.txt$$$$郑州亚星有色金属有限公司
13654009222.txt$$$$沈阳市德砼水泥制品厂
13654074111.txt$$$$沈阳釜通安防电子有限公司
13654212111.txt$$$$建宇物资回收有限公司
13654301715.txt$$$$延边峰林建材有限公司
13654863396.txt$$$$内蒙古津豪网络科技有限公司
13654900560.txt$$$$沈阳松阳纸杯容器有限公司
13654954116.txt$$$$吉林松原王府镇禽苗养殖场
13654975673.txt$$$$沈阳市沈北新区建隆金属制品厂
