13592483998.txt$$$$河南豫冷制冷设备有限公司
13592485917.txt$$$$郑州市金石耐材有限公司
13592486431.txt$$$$巩义市源昊供水材料厂
13592500272.txt$$$$佛山市华中洁卫浴有限公司
13592505797.txt$$$$巩义市云科机械设备有限公司
13592527832.txt$$$$巩义市煌鑫机械厂
13592528766.txt$$$$郑州华英矿山设备有限公司
13592533858.txt$$$$郑州市宏达饭店设备回收有限公司
13592537689.txt$$$$河南爱森环保科技有限公司
13592537689_1.txt$$$$河南爱森环保科技有限公司
13592537689_2.txt$$$$河南爱森环保科技有限公司
13592539095.txt$$$$郑州徳亿重工机器制造有限公司
13592539095_1.txt$$$$郑州徳亿重工机器制造有限公司
13592540789.txt$$$$巩义市致远机械制造有限公司
13592542066.txt$$$$郑州飞科电子有限公司
13592561858.txt$$$$巩义龙翔机械厂
13592568959.txt$$$$郑州兴盛钢结构彩板工程集团有限公司
13592570236.txt$$$$郑州纳克贸易有限公司
13592577576.txt$$$$荥阳市崔庙镇铭达机械厂
13592580081.txt$$$$江苏翔航塑业发展有限公司
13592591231.txt$$$$巩义市双星机械厂
13592591231_1.txt$$$$巩义市双星机械厂
13592591231_2.txt$$$$巩义双星机械设备厂
13592600637.txt$$$$郑州豫康辉汽车销售有限公司
13592602915.txt$$$$荥阳市友乾机械设备有限公司
13592610989.txt$$$$郑州市尚庄耐火材料有限公司
13592611276.txt$$$$郑州太和机械产品制造厂
13592618556.txt$$$$河南万商腾科技有限公司
13592624163.txt$$$$河南东兴印刷科技
13592625690.txt$$$$郑州绿地建材有限公司
