19927696397.txt$$$$广州其颖国际货运代理有限公司
19928001605.txt$$$$中山市兰达电磁铁有限公司
19928002754.txt$$$$中山市威可利节能环保设备有限公司
19928097591.txt$$$$珠海康万成商贸有限公司
19928152710.txt$$$$东莞市兴望金属材料有限公司
19928194513.txt$$$$东莞市伟嘉数控机械设备有限公司
19928194513_1.txt$$$$东莞市伟嘉数控机械设备有限公司
19928194513_2.txt$$$$东莞市伟嘉数控机械设备有限公司
19928458821.txt$$$$广州威都国际运输代理有限公司
19928550909.txt$$$$浈江区盛艺园林景观石场
19928790916.txt$$$$深圳欣豪电子科技有限公司
19928790916_1.txt$$$$深圳欣豪电子科技有限公司
19929212919.txt$$$$西安宇帅物业管理有限公司
19929905676.txt$$$$采悠科技（武汉）有限公司
19929969183.txt$$$$陕西亚川智能科技有限公司
19930129355.txt$$$$安徽创美建筑材料有限公司
19930383713.txt$$$$衡水市桃城区正大桥梁配件厂
19931019756.txt$$$$邯郸市天信机械制造有限公司
19931019756_1.txt$$$$邯郸市天信机械制造有限公司
19931019756_2.txt$$$$邯郸市天信机械制造有限公司
19931031413.txt$$$$邯郸市丽都紧固件制造有限公司
19931268582.txt$$$$保定奥卓电气设备制造有限公司
19931335979.txt$$$$廊坊旗禹建材有限公司
19931388656.txt$$$$唐山天物彩板有限公司
19931388672.txt$$$$天物钢源（北京）信息技术有限公司
19931636078.txt$$$$河北智玮通创电力科技有限公司
19931711561.txt$$$$长沙凯森自动化科技有限公司
19931719621.txt$$$$河北鸿瑞机电装备有限公司
19931726798.txt$$$$河北誉铭环保机械有限公司
19931740730.txt$$$$河北新学堂教学用具有限公司
