15866713262_1.txt$$$$济南华奥机械有限公司
15866713262_2.txt$$$$济南华奥机械有限公司
15866715165.txt$$$$济南佐佑汽车零部件有限公司
15866736037.txt$$$$北京老秦人家餐饮管理有限公司
15866746804.txt$$$$山东必得电子商务有限公司
15866747717.txt$$$$济南盈动化工有限公司
15866760000.txt$$$$山东宏兴射线防护工程有限公司
15866772295.txt$$$$山东鲁大家具维修有限公司
15866780702.txt$$$$济南鑫韶液压机械有限公司
15866781566.txt$$$$济南华彩地坪工程有限公司
15866784345.txt$$$$济南源恒新型材料有限公司
15866784345_1.txt$$$$济南源恒新型材料有限公司
15866784345_2.txt$$$$济南源恒新型材料有限公司
15866784345_3.txt$$$$济南源恒新型材料有限公司
15866828542.txt$$$$青岛博翔远人造草坪有限公司
15866850111.txt$$$$青岛正一坊琴行有限公司
15866866857.txt$$$$青岛龙宇木业有限公司
15866866932.txt$$$$青岛信诚铸机有限公司
15866875577.txt$$$$青岛诺比网络科技有限公司
15866875577_1.txt$$$$即墨市禹舜劳保用品经营部
15866883929.txt$$$$青岛特恩特机械有限公司
15866902366.txt$$$$山东美澜环保科技有限公司
15866902666.txt$$$$临沂市泉金木业有限公司
15866928590.txt$$$$临沂市兰山区宏旭打包带商行
15866951230.txt$$$$临沂潮胜智能设备有限公司
15866951230_1.txt$$$$临沂潮胜智能设备有限公司
15866957708.txt$$$$临沂荣固液压机械设备有限公司
15866978156.txt$$$$山东康信塑胶科技有限公司
15866995806.txt$$$$临沂华威物业服务有限公司
15867008008.txt$$$$台州市锦亚机械制造有限公司
