18689510668_1.txt$$$$海南勇华纸箱包装有限公司
18689510668_2.txt$$$$海南勇华纸箱包装有限公司
18689525800.txt$$$$海南盛世强装饰设计工程有限公司
18689570722.txt$$$$青岛海名会展有限公司
18689735688.txt$$$$海南重康机电设备有限公司
18689816939.txt$$$$海南星辉建筑工程有限公司
18689816939_1.txt$$$$海南星辉建筑工程有限公司
18689816939_2.txt$$$$海南星辉建筑工程有限公司
18689860793.txt$$$$海口清呼吸环保服务有限公司
18689909900.txt$$$$海南雪满天制冷设备工程有限公司
18689909900_1.txt$$$$海南雪满天制冷设备工程有限公司
18689909900_2.txt$$$$海南雪满天制冷设备工程有限公司
18689955331.txt$$$$海口骅天展柜家具有限公司
18690085673.txt$$$$陕西科诺特斯科技有限公司
18690164444.txt$$$$新疆玖龙盛邦金属制品有限公司
18690253264.txt$$$$新疆乌鲁木齐冷风机通风管道厂
18690269122.txt$$$$广州美格视听科技有限公司
18691050196.txt$$$$陕西大明普威科技发展有限责任公司
18691389996.txt$$$$陕西五恒科工贸有限公司
18691430917.txt$$$$洛南县音乐小镇文化旅游有限公司
18691498780.txt$$$$西安鼎立信智能仓储设备有限公司
18691587253.txt$$$$深圳市亿佳联科技有限公司
18691634406.txt$$$$西安尊雅净水科技有限公司
18691708753.txt$$$$宝鸡市金香商贸有限公司
18691729415.txt$$$$宝鸡乐森商贸有限公司
18691811951.txt$$$$西安昌源管道设备有限公司
18691821602.txt$$$$西安吉马良餐饮管理有限公司
18691821602_1.txt$$$$西安吉马良餐饮管理有限公司
18691821602_2.txt$$$$西安吉马良餐饮管理有限公司
18691860672.txt$$$$西安天顺广告文化传播有限公司
