18071019796.txt$$$$江西哲铭智能科技有限公司
18071022830.txt$$$$武汉和谐天域激光标记有限公司
18071030685.txt$$$$武汉圣源冰泉饮品有限公司
18071047899.txt$$$$武汉束恩贸易有限公司
18071060696.txt$$$$武汉市沐昇建筑装饰工程有限公司
18071074255.txt$$$$湖北邦盛环宇智能环保装饰材料有限公司
18071079947.txt$$$$武汉洛克城商业展示设计有限公司
18071082240.txt$$$$武汉钧策管理咨询有限公司
18071099611.txt$$$$武汉凯希进出口有限公司
18071101896.txt$$$$武汉市武昌区家俊家具经营部
18071112316.txt$$$$湖北卓楷铁艺装饰工程有限公司
18071123023.txt$$$$武汉西瓜籽教育咨询有限公司
18071147791.txt$$$$山东海联装饰材料有限公司
18071199593.txt$$$$湖北悦桥电子科技有限公司
18071250008.txt$$$$咸安区华兴门业
18071251154.txt$$$$咸安区泉城热恋鲜花婚庆店
18071252557.txt$$$$温泉水亮建材店
18071252558.txt$$$$通山县刘萍副食店
18071259299.txt$$$$温泉粘莎宝建材经营部
18071259369.txt$$$$咸安区祥和石材
18071260337.txt$$$$咸安区格茵装饰材料经营部
18071261051.txt$$$$咸安区启光五金电料经营部
18071261090.txt$$$$咸宁市金盾科技有限公司
18071268386.txt$$$$温泉中豫防水材料经营部
18071269715.txt$$$$咸安区布局一阁布艺店
18071403368.txt$$$$湖北瀚力机械设备有限公司
18071403368_1.txt$$$$湖北瀚力机械设备有限公司
18071403368_2.txt$$$$湖北瀚力机械设备有限公司
18071507652.txt$$$$武汉佰利云科技有限公司
18071529473.txt$$$$武汉应权法律咨询有限公司
