13177778867.txt$$$$南昌博义洗浴设备有限公司
13177779269.txt$$$$上海雅置活动房有限公司江西分公司
13177779269_1.txt$$$$上海雅置活动房有限公司江西分公司
13177779269_2.txt$$$$上海雅置活动房有限公司江西分公司
13177779269_3.txt$$$$江西临建钢结构有限公司
13177779269_4.txt$$$$江西临建钢结构有限公司
13177779269_5.txt$$$$江西临建钢结构有限公司
13177779289.txt$$$$江西捷维诺金属制品有限公司
13177779289_1.txt$$$$江西捷维诺金属制品有限公司
13177779289_2.txt$$$$江西捷维诺金属制品有限公司
13177837606.txt$$$$深圳最矩阵设计工程有限公司（南昌分公司）
13177848560.txt$$$$南昌市博顺涂装有限公司
13177890075.txt$$$$西湖区中影科技电子产品商行
13177899880.txt$$$$江西鸠众网络科技有限公司
13177953257.txt$$$$上海市嘉定区真新街道瑞宅家居用品经营部
13178197748.txt$$$$莆田市中路通机械配件有限公司
13178259750.txt$$$$厦门思远科技有限公司
13178388775.txt$$$$合肥京亿盛精密科技有限公司
13178388775_1.txt$$$$合肥京亿盛精密科技有限公司
13178557945.txt$$$$广州广之旅国际会展服务有限公司
13178585575.txt$$$$佛山度巴水产科技有限公司
13178640921.txt$$$$江西明正变电设备有限公司
13178660503.txt$$$$中山市铭星照明灯饰有限公司
13178801367.txt$$$$广州简和装饰工程服务有限公司
13178817681.txt$$$$广州广昌货架有限公司
13178822050.txt$$$$江苏紫东食品有限公司
13178874322.txt$$$$广州市妆泽生物科技有限公司
13178874322_1.txt$$$$广州市妆泽生物科技有限公司
13178882913.txt$$$$广州颖圣能源设备有限公司
13178882913_1.txt$$$$广州颖圣能源设备有限公司
