13986616452.txt$$$$咸安区安华瓷砖经营店
13986618998.txt$$$$咸安区燕燕美容店
13986620425.txt$$$$咸安区德兴轮胎修理行
13986620761.txt$$$$赤壁市绿源草场苗木基地
13986632633.txt$$$$通山新夏松木业有限公司
13986632939.txt$$$$通山县东红副食经营部
13986638409.txt$$$$湖北宏鑫石业有限公司
13986639549.txt$$$$咸宁蓝天建材城
13986707583.txt$$$$洪湖市大沙天鑫工程机械设备租赁服务中心
13986740793.txt$$$$宜昌中南胶管胶带有限公司
13986862793.txt$$$$深圳景琪塑胶薄膜有限公司
13986985869.txt$$$$湖北世宇新型建材有限公司
13986995827.txt$$$$湖北亿睿葛业有限公司
13986999950.txt$$$$荆门市金泉彩印包装有限公司
13986999950_1.txt$$$$荆门市金泉彩印包装有限公司
13986999950_2.txt$$$$荆门市金泉彩印包装有限公司
13987100303.txt$$$$云南广顺钢结构工程有限公司
13987100303_1.txt$$$$云南广顺钢结构工程有限公司
13987100303_2.txt$$$$云南广顺钢结构工程有限公司
13987110997.txt$$$$官渡区垣鹏起重机械设备经营部
13987131613.txt$$$$昆明恒博管道工程有限公司
13987150881.txt$$$$云南贝旺玩具有限公司
13987178411.txt$$$$昆明耐科建筑材料有限公司
13987181399.txt$$$$云南嘉昶科技有限公司
13987603331.txt$$$$昆明鑫云建筑装饰工程有限公司
13987603331_1.txt$$$$昆明鑫云建筑装饰工程有限公司
13987603331_2.txt$$$$昆明鑫云建筑装饰工程有限公司
13987605359.txt$$$$昆明天成热能设备有限公司
13987605359_1.txt$$$$昆明天成热能设备有限公司
13987605359_2.txt$$$$昆明天成热能设备有限公司
