15221335209.txt$$$$上海铠图国际贸易有限公司
15221356402.txt$$$$上海弘凯展览策划有限公司
15221368067.txt$$$$上海动动乐塑胶跑道工程有限公司
15221369987.txt$$$$上海纵泉实业有限公司
15221372134.txt$$$$上海麒毅轴承有限公司
15221392459.txt$$$$上海深南新能源科技有限公司
15221421123.txt$$$$上海赫恒机械设备有限公司
15221497586.txt$$$$韫锐机械设备（上海）有限公司
15221522010.txt$$$$上海文豫文化传媒有限公司
15221624665.txt$$$$上海新之杰新型建材有限公司
15221643979.txt$$$$上海派茨特泵业有限公司
15221657621.txt$$$$上海智能起重机械设备有限公司
15221693187.txt$$$$上海祥正机械有限公司
15221717238.txt$$$$上海堃锦环保工程有限公司
15221762253.txt$$$$上海佳宗信息科技有限公司
15221766656.txt$$$$上海琸源信息科技有限公司
15221771364.txt$$$$上海保缘特种合金有限公司
15221812653.txt$$$$上海鼎充新能源技术有限公司
15221838505.txt$$$$上海庆博试验设备有限公司
15221865550.txt$$$$上海俏依服饰有限公司
15221867189.txt$$$$上海乾泉有色金属物资回收利用有限公司
15221882369.txt$$$$上海馨予液压机电设备有限公司
15221891319.txt$$$$上海山卓重工机械有限公司
15221891319_1.txt$$$$上海山卓重工机械有限公司
15221995919.txt$$$$昆山昆宝利物资回收利用有限公司
15221999589.txt$$$$上海纵横电商有限公司
15222002000.txt$$$$天津津达电动门有限公司
15222007602.txt$$$$斯伯克（天津）科技有限公司
15222014026.txt$$$$天津朋路德科技有限公司
15222028345.txt$$$$天津市颐和泰汽车配件有限公司
