18632899989.txt$$$$安平县运德金属制品有限公司
18632901566.txt$$$$任县恒旺建筑机械厂
18632901566_1.txt$$$$任县恒旺建筑机械厂
18632901566_2.txt$$$$任县恒旺建筑机械厂
18632919809.txt$$$$邢台市大宏兴机械制造有限公司
18632919930.txt$$$$任县世华机械厂
18632919930_1.txt$$$$任县世华机械厂
18632919930_2.txt$$$$任县世华机械厂
18633016750.txt$$$$石家庄泰牛建材科技有限公司
18633020969.txt$$$$石家庄诚信中轻机械设备有限公司
18633028273.txt$$$$石家庄京谷机械贸易有限公司
18633031551.txt$$$$石家庄绿电贸易有限公司
18633041051.txt$$$$河北通帆环保科技有限公司
18633071009.txt$$$$藁城区宝泰机械厂
18633071291.txt$$$$行唐县盛唐机械厂
18633082503.txt$$$$石家庄轩立集成房屋有限公司
18633225560.txt$$$$河北瀚宇建材有限公司
18633230000.txt$$$$河北牧田起重设备制造有限公司
18633256869.txt$$$$保定市高通材料科技有限公司
18633260803.txt$$$$保定市友顺管道设备制造有限公司
18633260803_1.txt$$$$保定市友顺管道设备制造有限公司
18633260803_2.txt$$$$保定市友顺管道设备制造有限公司
18633263688.txt$$$$雄县喜庆堂庆典服务部
18633266591.txt$$$$河北力友起重机械制造有限公司
18633268666.txt$$$$涿州市天艺建筑材料有限公司
18633285982.txt$$$$保定市银虹泵业有限公司
18633392929.txt$$$$唐山国木建筑材料有限责任公司
18633410608.txt$$$$唐山鼎热太阳能科技有限公司
18633410608_1.txt$$$$瑞尔法纤维水泥板（唐山）有限公司
18633410608_2.txt$$$$唐山瑞尔法轻质隔墙板有限公司
