18731893703.txt$$$$安平凯捷玻璃钢制品有限公司
18731905889.txt$$$$邢台市大海化工原料有限公司
18731921999.txt$$$$邢台峰昌机械制造有限公司
18731921999_1.txt$$$$邢台峰昌机械制造有限公司
18731921999_2.txt$$$$邢台峰昌机械制造有限公司
18732051523.txt$$$$河北奕桥紧固件有限公司
18732126360.txt$$$$石家庄市金凯旋商贸有限公司
18732156867.txt$$$$河北惠尔铝业有限公司
18732177268.txt$$$$河北石家庄和柔卫生用品有限公司
18732220911.txt$$$$熔景摸具有限公司
18732238999.txt$$$$保定市鑫双百建筑工程有限公司
18732250697.txt$$$$保定京素生物科技有限公司
18732250697_1.txt$$$$保定京素生物科技有限公司
18732460000.txt$$$$承德市永益电缆有限公司
18732632227.txt$$$$固安县欧晨滤清器厂
18732637771.txt$$$$河北强宏防火材料有限公司
18732645139.txt$$$$中融艺乐田建设有限公司
18732648803.txt$$$$豪世通管道工程天津北京有限责任公司
18732651818.txt$$$$廊坊汇达精细化工有限公司
18732677119.txt$$$$廊坊朗晧防火材料有限公司
18732688826.txt$$$$廊坊澳洋保温材料有限公司
18732688826_1.txt$$$$廊坊澳洋保温材料有限公司
18732688826_2.txt$$$$廊坊澳洋保温材料有限公司
18732700088.txt$$$$泊头市恒量机械设备有限公司
18732700275.txt$$$$泊头市鑫金压铸有限责任公司
18732719023.txt$$$$沧州通润管道制造有限公司
18732720198.txt$$$$沧州运通体育器材制造有限公司
18732729125.txt$$$$沧州思诺电力器材有限公司
18732732919.txt$$$$河北同创电力金具有限公司
18732766833.txt$$$$中原管道制造有限公司
