13573767615.txt$$$$济南美陈庆典服务有限公司
13573782030.txt$$$$济南水韵纳米科技有限公司
13573782030_1.txt$$$$济南水韵纳米科技有限公司
13573782030_2.txt$$$$济南水韵纳米科技有限公司
13573785046.txt$$$$济南蓝光同茂科技有限公司
13573788128.txt$$$$济南邦禾包装有限公司
13573805977.txt$$$$青岛泰和欣仓储设备有限公司
13573811228.txt$$$$青岛中华宇塑料机械有限公司
13573880668.txt$$$$青岛威鹏达货运代理有限公司
13573882271.txt$$$$青岛科丰源塑料机械有限公司
13573899928.txt$$$$青岛国元环保设备有限公司
13573960766.txt$$$$平邑县龙派工艺石材有限公司
13573960766_1.txt$$$$平邑县龙派工艺石材有限公司
13573960766_2.txt$$$$平邑县龙派工艺石材有限公司
13573960766_3.txt$$$$平邑县龙派工艺石材有限公司
13573979132.txt$$$$日照市鑫恒橡塑制品有限公司
13573979132_1.txt$$$$日照市鑫恒橡塑制品有限公司
13573987777.txt$$$$临沂盛泉铸业有限公司
13574117280.txt$$$$东莞鑫品机械有限公司
13574118539.txt$$$$长沙市飞翔仿真模型有限公司
13574147947.txt$$$$长沙嘉泰机电设备有限公司
13574269384.txt$$$$湖南达三电器有限公司
13574770926.txt$$$$武汉中赛兴蓬业有限公司
13574883110.txt$$$$湖南三迈信息科技有限公司
13574898773.txt$$$$浏阳市中科模型发展有限公司
13575223368.txt$$$$常德市武陵区张李锁具专店
13575362277.txt$$$$丽水欣科建材有限公司
13575362277_1.txt$$$$丽水欣科建材有限公司
13575422269.txt$$$$新野县星光电器工艺品有限公司
13575452922.txt$$$$浙江天固建筑特种技术有限公司
