13181838226.txt$$$$新泰市金鑫链条厂
13181901212.txt$$$$淄博华哲环保科技有限公司
13181930777.txt$$$$淄博科尔福风机有限公司
13182027666.txt$$$$扬州仲右光电科技有限公司
13182114986.txt$$$$东台市九洲救生设备厂
13182162891.txt$$$$盐城兴永水下工程有限公司
13182284989.txt$$$$江苏奥凯环保科技有限公司
13182321721.txt$$$$江苏柱轩信机械技术服务有限公司
13182501073.txt$$$$江苏世外桃源控股有限公司
13182541819.txt$$$$江苏如顺塑业有限公司
13182559836.txt$$$$常州杰瑞塑料环保有限公司
13182677077.txt$$$$常熟市创旭称重设备有限公司
13182678999.txt$$$$苏州飞腾门业有限公司
13182823323.txt$$$$南京金倍得科技发展有限公司
13182857997.txt$$$$南京亿之源防水工程有限公司
13183003399.txt$$$$河南沃之福机械设备有限公司
13183005040.txt$$$$郑州市罗师傅地坪工程有限公司
13183007300.txt$$$$郑州今是照明标识有限公司
13183015999.txt$$$$河南省信泰铝灰回收有限公司
13183015999_1.txt$$$$河南省信泰铝灰回收有限公司
13183015999_2.txt$$$$河南省信泰铝灰回收有限公司
13183018444.txt$$$$河南鹏亮机械设备有限公司
13183051350.txt$$$$洛阳旭赫环保科技有限公司
13183076020.txt$$$$洛阳哲文商贸有限公司
13183135518.txt$$$$河南付弟塑料制品有限公司
13183151086.txt$$$$安阳市新农温室工程有限公司
13183255618.txt$$$$河南海贝游乐设备有限公司
13183806610.txt$$$$成都凌锐制冷设备有限公司
13183809920.txt$$$$成都管王建材有限公司
13183855599.txt$$$$四川凯荣机械有限公司
