13821111431_1.txt$$$$天津市文华企业管理咨询有限公司
13821111431_2.txt$$$$天津市文华企业管理咨询有限公司
13821116611.txt$$$$天津昊泰电热元器件有限公司
13821122738.txt$$$$天津再发隔音墙有限公司
13821135088.txt$$$$天津市建极钢管销售有限公司
13821159584.txt$$$$天津市永盛兴达五金工具商行
13821161043.txt$$$$良勇（天津）家具销售有限公司
13821196895.txt$$$$天津市永群晟翔商贸有限公司
13821211038.txt$$$$天津市金林龙橡塑制品有限公司
13821218030.txt$$$$天津恒顺达机电设备贸易有限公司
13821223369.txt$$$$天津聚源天太钢铁贸易有限公司
13821229363.txt$$$$天津市涵玄博盛商贸有限公司
13821262838.txt$$$$天津市天工北方量具有限公司
13821279616.txt$$$$天津市嘉林源机电设备有限公司
13821292339.txt$$$$创赢（天津）再生物资回收有限公司
13821292339_1.txt$$$$创赢（天津）再生物资回收有限公司
13821292339_2.txt$$$$创赢（天津）再生物资回收有限公司
13821299688.txt$$$$天津卓铭汽车销售有限公司
13821302560.txt$$$$天津紫云农业休闲旅游开发有限公司
13821302560_1.txt$$$$天津紫云农业休闲旅游开发有限公司
13821302560_2.txt$$$$天津紫云农业休闲旅游开发有限公司
13821309556.txt$$$$天津市昆达工贸有限公司
13821350238.txt$$$$天津昊兴金属材料有限公司
13821358500.txt$$$$天津汇德通钢铁贸易有限公司
13821359899.txt$$$$河北中美特种橡胶有限公司驻津办事处
13821364300.txt$$$$天津市朝晖化工有限公司
13821367889.txt$$$$天津市玫德迈克水暖配件销售有限公司
13821381990.txt$$$$天津卓纳特钢有限公司
13821381990_1.txt$$$$天津卓纳钢铁销售有限公司
13821381990_2.txt$$$$天津卓纳钢铁销售有限公司
