18202244080.txt$$$$天津行走液压机械股份有限公司
18202244080_1.txt$$$$天津行走液压机械股份有限公司
18202244080_2.txt$$$$天津行走液压机械股份有限公司
18202244080_3.txt$$$$天津行走液压机械股份有限公司
18202248258.txt$$$$天津钜宝升钢铁贸易有限公司
18202248258_1.txt$$$$天津钜宝升钢铁贸易有限公司
18202248258_2.txt$$$$天津钜宝升钢铁贸易有限公司
18202248333.txt$$$$天津君轩国际贸易有限公司
18202262653.txt$$$$天津中远宏科机电设备有限公司
18202287285.txt$$$$天津市汇隆新材料科技有限公司
18202287285_1.txt$$$$天津市汇隆新材料科技有限公司
18202395118.txt$$$$重庆市真功夫汽车导航
18202423002.txt$$$$辽宁长城会展广告有限公司
18202433219.txt$$$$沈阳美家板新材科技有限公司
18202451878.txt$$$$沈阳亿奥商贸有限公司
18202471395.txt$$$$沈阳中隆嘉业金属制品有限公司
18202486669.txt$$$$沈阳同兴网栏厂
18202511144.txt$$$$天津市达利普石油管材有限公司
18202511144_1.txt$$$$天津市达利普石油管材有限公司
18202511144_2.txt$$$$天津市达利普石油管材有限公司
18202541997.txt$$$$天津金铃养生保健服务有限公司
18202541997_1.txt$$$$天津金铃养生保健服务有限公司
18202541997_2.txt$$$$天津金铃养生保健服务有限公司
18202567518.txt$$$$天津鼎盛体育设施工程有限公司
18202567518_1.txt$$$$天津鼎盛体育设施工程有限公司
18202567518_2.txt$$$$天津鼎盛体育设施工程有限公司
18202575405.txt$$$$天津市顺达伟业汽车真皮座套贸易有限公司
18202575405_1.txt$$$$天津市顺达伟业汽车真皮座套贸易有限公司
18202575405_2.txt$$$$天津市顺达伟业汽车真皮座套贸易有限公司
18202576664.txt$$$$天津安仕达金属门窗有限公司
