15768138863.txt$$$$深圳成才照明科技有限公司
15768273321.txt$$$$深圳市一通检测技术有限公司
15768301204.txt$$$$中山市三达防水补漏工程有限公司
15768317901.txt$$$$马来西亚传奇香水有限公司
15768317901_1.txt$$$$马来西亚传奇香水有限公司
15768317901_2.txt$$$$马来西亚传奇香水有限公司
15768438989.txt$$$$惠州市惠城区精英美业职业培训学校
15768614193.txt$$$$福建塑鑫旺新能源有限公司
15768980760.txt$$$$广州星骏汽车服务管理有限公司
15768998818.txt$$$$广州创光金属工艺有限公司
15769157517.txt$$$$陕西福昌动力科技有限公司
15769172610.txt$$$$陕西彦易钛业有限公司
15770536190.txt$$$$袁州区城东百仑汽车音响批发部
15770828896.txt$$$$南京首勤特种材料有限公司
15771077104.txt$$$$湖北众悦汽车有限公司
15771712827.txt$$$$西安赫本广告策划有限公司
15771902216.txt$$$$陕西仁凯建筑工程有限公司
15771923013.txt$$$$陕西光泰信用评价事务所
15771944000.txt$$$$西安海派龙装饰工程有限公司
15771996612.txt$$$$西安瑞泰新材料有限公司
15773079879.txt$$$$湘阴县谊润家居制品厂
15774507852.txt$$$$哈尔滨世纪创鑫机械设备有限公司
15775196422.txt$$$$东莞市龙辰智能家居有限公司
15776810323.txt$$$$黑龙江善耕原农业科技发展有限公司
15777137100.txt$$$$南宁市体育游乐设施有限公司
15777146563.txt$$$$南宁市御品景观护栏厂
15777152942.txt$$$$深圳市信诺精机有限公司
15777192108.txt$$$$南宁市圣索尔装饰工程有限公司
15777331024.txt$$$$广西银杏树苗
15777680494.txt$$$$湖南省速腾环保工程有限公司
