15680375078.txt$$$$深圳果立方贸易有限公司
15680438859.txt$$$$成都湿菱电器有限公司
15680720430.txt$$$$成都品悦舒智环境有限公司
15681199919.txt$$$$四川凯格环保科技有限公司
15681910030.txt$$$$四川莱特索斯光电科技有限公司
15682017819.txt$$$$盛世君诚（成都）科技有限公司
15682117686.txt$$$$成都市新享科技有限公司
15682777085.txt$$$$甘肃丰达电线电缆有限公司
15682823373.txt$$$$甘肃蓝色天空膜结构景观工程有限公司
15682838988.txt$$$$甘肃海达塑料设备有限公司
15683007579.txt$$$$重庆喜满乐木制品有限公司
15683007579_1.txt$$$$重庆喜满乐木制品有限公司
15683007579_2.txt$$$$重庆喜满乐木制品有限公司
15683048224.txt$$$$上海思道安装服务有限公司
15683069108.txt$$$$成都霍恩森实业有限公司
15683088136.txt$$$$重庆市赛普塑料制品有限公司
15683722111.txt$$$$重庆力迅家居有限公司
15683722111_1.txt$$$$重庆力迅家居有限公司
15683722111_2.txt$$$$重庆力迅家居有限公司
15684201314.txt$$$$山东北陆生态农业科技有限公司
15684215994.txt$$$$安丘市百盛金属科技有限公司
15684288088.txt$$$$诸城顺泽机械有限公司
15684288088_1.txt$$$$诸城顺泽机械有限公司
15684288088_2.txt$$$$诸城顺泽机械有限公司
15684288088_3.txt$$$$诸城顺泽机械有限公司
15684288088_4.txt$$$$诸城顺泽机械有限公司
15684302892.txt$$$$山东冠熙环保设备有限公司
15684387998.txt$$$$山东品元机械有限公司
15684393557.txt$$$$青州市华茂温室工程有限公司
15684945002.txt$$$$湖南跃俊贸易有限公司
