13805362690.txt$$$$山东建川重工科技有限公司
13805372991.txt$$$$济宁新视野科技有限公司
13805388150.txt$$$$泰安市信德硅酸钙制品有限公司
13805388150_1.txt$$$$泰安市信德硅酸钙制品有限公司
13805389132.txt$$$$泰安力拓封头制造有限公司
13805389132_1.txt$$$$泰安力拓封头制造有限公司
13805389132_2.txt$$$$泰安力拓封头制造有限公司
13805392608.txt$$$$山东绿范食品有限公司
13805394985.txt$$$$临沂市罗庄区六祥机械有限公司
13805394985_1.txt$$$$临沂盛岳机械科技有限公司
13805394985_2.txt$$$$临沂盛岳机械科技有限公司
13805396885.txt$$$$山东铠宇机械装备有限公司
13805402338.txt$$$$济南鑫达泵业有限公司
13805418133.txt$$$$山东金格瑞机械有限公司
13805427168.txt$$$$青岛仁成啤酒设备有限公司
13805431944.txt$$$$山东捷登机械制造有限公司
13805433438.txt$$$$滨州诺雷电力器材有限公司
13805434973.txt$$$$滨州市滨城区金龙电动门厂
13805438709.txt$$$$山东卓辉金属科技有限公司
13805448813.txt$$$$济南奥刻有限公司
13805451590.txt$$$$莱州市沙河镇宏华润化工机械厂
13805487181.txt$$$$泰安市尼蒙电子科技有限公司
13805487181_1.txt$$$$泰安市尼蒙电子科技有限公司
13805488572.txt$$$$泰安广涵土工材料有限公司
13805490695.txt$$$$山东永硕塑业有限公司
13805490695_1.txt$$$$山东永硕塑业有限公司
13805490695_2.txt$$$$山东永硕塑业有限公司
13805491820.txt$$$$临沂市河东区兴隆塑料包装厂
13805492336.txt$$$$临沂栋航新型建材有限公司
13805492336_1.txt$$$$临沂栋航新型建材有限公司
