13584965972.txt$$$$昆山市冠维三维科技有限公司
13584966849.txt$$$$昆山德鑫昌源机电设备有限公司
13584976632.txt$$$$昆山凯顺精密五金有限公司
13584984519.txt$$$$苏州吉恒易通金属制品有限公司
13584985487.txt$$$$苏州和美兴塑胶有限公司
13584991371.txt$$$$苏州惠商电子科技有限公司
13584999822.txt$$$$昆山恒顺电动门维修经营部
13585000893.txt$$$$江苏远方动力科技有限公司无锡铃柯分公司
13585002677.txt$$$$无锡和硕环卫服务有限公司
13585007139.txt$$$$无锡市林峰物流
13585016530.txt$$$$无锡骏业自动装备有限公司
13585018898.txt$$$$江苏贵盈钢业有限公司
13585036238.txt$$$$无锡市新辉墙材有限公司
13585043666.txt$$$$无锡泰东金属制品有限公司
13585043666_1.txt$$$$无锡泰东金属制品有限公司
13585077204.txt$$$$无锡市志昌机械制造有限公司
13585088622.txt$$$$无锡固玺精密机械有限公司
13585114326.txt$$$$南京市龙瑞管道工程有限公司
13585115503.txt$$$$苏州福贝尔五金有限公司
13585115503_1.txt$$$$苏州福贝尔五金有限公司
13585115503_2.txt$$$$苏州福贝尔五金有限公司
13585118280.txt$$$$南京润庆包装有限公司
13585142130.txt$$$$南京火燥机械科技有限公司
13585166199.txt$$$$南京首熙包装有限公司
13585232797.txt$$$$扬州市扬修电力设备有限公司
13585236081.txt$$$$扬州合信物流有限公司
13585252345.txt$$$$江都区樊川镇精品果园场
13585252345_1.txt$$$$江都区樊川镇精品果园场
13585261473.txt$$$$江苏学成教育装备有限公司
13585338699.txt$$$$东莞市贝朗自动化设备有限公司
