15562533159_2.txt$$$$山东蓝艺进出口贸易有限公司
15562560076.txt$$$$济南凯恩试验机制造有限公司
15562560408.txt$$$$山东华威泵业有限公司
15562567568.txt$$$$山东科筑信息技术有限公司
15562572598.txt$$$$历城区瑞农种子中心
15562578502.txt$$$$济南正麦机械设备有限公司
15562585397.txt$$$$济南龙艺机械制造有限公司
15562590867.txt$$$$济南山诚铸造机械有限公司
15562597776.txt$$$$济南君尚环保科技有限公司
15562613206.txt$$$$山东奥美佳体育设施有限公司
15562618489.txt$$$$济南新支点集团
15562621952.txt$$$$济南餐驿机械设备有限公司
15562623900.txt$$$$济南东升钢板有限公司
15562633573.txt$$$$济南邦德激光股份有限公司
15562647099.txt$$$$济南御府川餐饮技术研发有限公司
15562650911.txt$$$$济南握友机械设备有限公司
15562661689.txt$$$$山东欧润特新型建材有限公司
15562662157.txt$$$$山东龙鼓重工机械有限公司
15562668903.txt$$$$济南三延机械有限公司
15562672293.txt$$$$山东北工机械有限公司
15562672293_1.txt$$$$山东北工机械有限公司
15562672293_2.txt$$$$山东北工机械有限公司
15562686489.txt$$$$济南尚雅机械设备有限公司
15562686489_1.txt$$$$济南尚雅机械设备有限公司
15562686489_2.txt$$$$济南尚雅机械设备有限公司
15562696769.txt$$$$济南市历城区济量园艺制作部
15562696769_1.txt$$$$济南市历城区济量园艺制作部
15562696769_2.txt$$$$济南市历城区济量园艺制作部
15562764210.txt$$$$菏泽市牡丹区睿博电子科技有限公司
15562766446.txt$$$$上海震名办公家具有限公司
