15866251936_1.txt$$$$博兴县兴福镇凯亦居橱柜厂
15866252698.txt$$$$邹平创星环保设备有限公司
15866261228.txt$$$$山东亮剑环保新材料有限公司
15866286911.txt$$$$山东保蓝环保工程有限公司
15866310999.txt$$$$荣成市恒力电机厂
15866331234.txt$$$$莒县闫庄常兴塑膜厂
15866339706.txt$$$$日照市卓翔石材有限公司
15866339706_1.txt$$$$日照市卓翔石材有限公司
15866339706_2.txt$$$$日照市卓翔石材有限公司
15866339706_3.txt$$$$日照市卓翔石材有限公司
15866370913.txt$$$$莱州市土山占龙化工机械厂
15866381222.txt$$$$龙口市金鸡岭果业开发有限公司
15866389696.txt$$$$日照微弧技术有限公司
15866389696_1.txt$$$$日照微弧技术有限公司
15866389696_2.txt$$$$日照微弧技术有限公司
15866405986.txt$$$$潍坊盛企广告有限公司
15866441188.txt$$$$临沭县伟力机械有限公司
15866441188_1.txt$$$$临沭县伟力机械有限公司
15866441188_2.txt$$$$临沭县伟力机械有限公司
15866441188_3.txt$$$$临沭县伟力机械有限公司
15866503333.txt$$$$潍坊市东沃商贸有限公司
15866504755.txt$$$$山东欧电阀门有限公司
15866504755_1.txt$$$$山东欧电阀门有限公司
15866504755_2.txt$$$$山东欧电阀门有限公司
15866509000.txt$$$$诸城市国华环保科技有限公司
15866509000_1.txt$$$$诸城市国华环保科技有限公司
15866509029.txt$$$$青岛源立精密机械有限公司
15866509029_1.txt$$$$青岛源立精密机械有限公司
15866509029_2.txt$$$$青岛源立精密机械有限公司
15866509878.txt$$$$诸城耀邦机械有限公司
