13829152778.txt$$$$东莞市艾特姆射频科技有限公司
13829152778_1.txt$$$$东莞市艾特姆射频科技有限公司
13829154515.txt$$$$佛山市漆之彩化工有限公司
13829156722.txt$$$$东莞市东迪润滑油有限公司
13829157230.txt$$$$东莞市樟木头松泉电子材料经营部
13829158166.txt$$$$东莞市浩昌广源喷雾科技有限公司
13829158166_1.txt$$$$东莞市浩昌广源喷雾科技有限公司
13829158166_2.txt$$$$东莞市浩昌广源喷雾科技有限公司
13829159578.txt$$$$东莞市祥如机电设备有限公司
13829161083.txt$$$$东莞市广绿环保工程有限公司
13829162867.txt$$$$东莞市富斯克机械有限公司
13829162867_1.txt$$$$东莞市富斯克机械有限公司
13829162867_2.txt$$$$东莞市富斯克机械有限公司
13829162867_3.txt$$$$东莞市富斯克机械有限公司
13829163667.txt$$$$东莞市通荣防静电科技有限公司
13829163667_1.txt$$$$东莞市通荣防静电科技有限公司
13829163667_2.txt$$$$东莞市通荣防静电科技有限公司
13829176610.txt$$$$东莞市宏红食品贸易有限公司
13829176610_1.txt$$$$东莞市宏红食品贸易有限公司
13829176610_2.txt$$$$东莞市宏红食品贸易有限公司
13829187218.txt$$$$东莞市卓扬测控技术有限公司
13829187218_1.txt$$$$东莞市卓扬测控技术有限公司
13829187218_2.txt$$$$东莞市卓扬测控技术有限公司
13829198968.txt$$$$东莞市荣钢门业有限公司
13829201653.txt$$$$东莞市森大硅藻土材料有限公司
13829203748.txt$$$$东莞鑫德机械科技有限公司
13829207667.txt$$$$广东聚广恒自动化设备有限公司
13829212695.txt$$$$广东远通工业科技有限公司
13829212695_1.txt$$$$广东远通工业科技有限公司
13829212695_2.txt$$$$广东远通工业科技有限公司
