18766733832.txt$$$$东营市亿隆达轮胎有限公司
18766748236.txt$$$$山东特源有限公司
18766765777.txt$$$$山东盛宇新材料有限公司
18766815181.txt$$$$青海宁东商贸有限公司
18766842310.txt$$$$济宁市欣和食品有限公司
18766862750.txt$$$$济宁鼎诚工程矿业设备有限公司
18766872854.txt$$$$山东中煤工矿有限公司
18766886003.txt$$$$济宁同创仪器仪表有限公司
18766889158.txt$$$$山东通佳塑料机械有限公司
18766889163.txt$$$$济宁通佳机械有限公司
18766897721.txt$$$$诸城市奥利斯机械科技有限公司
18766943888.txt$$$$淄博通越环保设备有限公司
18766958887.txt$$$$山东牛七天餐饮服务有限公司
18766960701.txt$$$$淄博德润水处理技术有限公司
18766968386.txt$$$$山东佳海食品科技有限公司
18766972669.txt$$$$淄博华艺金属制品有限公司
18766990368.txt$$$$淄博千寻景观规划设计有限公司
18767106658.txt$$$$杭州友洁环保科技有限公司
18767106995.txt$$$$杭州富阳捷鑫彩钢有限公司
18767138215.txt$$$$苏州欧美斯机电设备有限公司
18767138215_1.txt$$$$陕西世通仪器检测服务有限公司
18767138538.txt$$$$杭州仁特儿文化艺术策划有限公司
18767160203.txt$$$$建德市江南秘境旅游发展有限公司
18767160203_1.txt$$$$建德市江南秘境旅游发展有限公司
18767160203_2.txt$$$$建德市江南秘境旅游发展有限公司
18767161553.txt$$$$杭州鑫德门业有限公司
18767711685.txt$$$$温州经济技术开发区天河米睿机械设备厂
18767718100.txt$$$$瑞安红鑫祥钢结构加工厂
18767755333.txt$$$$温州逸驰工贸有限公司
18767760880.txt$$$$上海北洋泵业制造有限公司
