13966003000_3.txt$$$$安徽牛势钢结构工程有限公司
13966003000_4.txt$$$$安徽牛势钢结构工程有限公司
13966004427.txt$$$$安徽赛冬生态科技有限公司
13966004427_1.txt$$$$安徽赛冬生态科技有限公司
13966004427_2.txt$$$$安徽赛冬生态科技有限公司
13966024511.txt$$$$芜湖县六郎镇鑫辰装饰材料厂
13966037457.txt$$$$芜湖松发暖通设备有限公司
13966037457_1.txt$$$$芜湖松发暖通设备有限公司
13966037457_2.txt$$$$芜湖松发暖通设备有限公司
13966050478.txt$$$$安徽银隆商贸有限公司
13966169981.txt$$$$宁国东方碾磨材料股份有限公司
13966220006.txt$$$$宣城普安达暖通环境工程有限公司
13966220006_1.txt$$$$宣城普安达暖通环境工程有限公司
13966220006_2.txt$$$$宣城普安达暖通环境工程有限公司
13966221172.txt$$$$宁国勇跃耐磨材料科技有限公司
13966229563.txt$$$$郎溪县开明水泥制品厂（普通合伙）
13966229563_1.txt$$$$郎溪县开明水泥制品厂（普通合伙）
13966229563_2.txt$$$$郎溪县开明水泥制品厂（普通合伙）
13966284838.txt$$$$六安市鑫众竹木纤维制品有限公司
13966313555.txt$$$$六安市叶集区永好玻璃钢制品有限公司
13966319167.txt$$$$六安市华煜园林工程有限责任公司
13966366867.txt$$$$合肥央迈科技仪器有限公司
13966368234.txt$$$$合肥鑫氟材料科技有限公司
13966385533.txt$$$$合肥优佳钢构有限公司
13966389293.txt$$$$东莞市升辉电动叉车有限公司
13966508708.txt$$$$亳州大地有害生物防制有限公司
13966594646.txt$$$$安徽省泉利环保科技有限公司
13966615418.txt$$$$安庆市弘润装饰工程有限公司
13966615418_1.txt$$$$安庆市弘润装饰工程有限公司
13966615418_2.txt$$$$安庆市弘润装饰工程有限公司
