15858958887.txt$$$$金华市云祥膜结构工程有限公司
15858958887_1.txt$$$$金华市云祥膜结构工程有限公司
15858958887_2.txt$$$$金华市云祥膜结构工程有限公司
15858963399.txt$$$$东阳市相荣红木家具有限公司
15858963399_1.txt$$$$东阳市相荣红木家具有限公司
15858963399_2.txt$$$$东阳市相荣红木家具有限公司
15858979019.txt$$$$兰溪永丰机械有限公司
15858983087.txt$$$$金华市金东区慧缘玩具厂
15858983087_1.txt$$$$金华市金东区慧缘玩具厂
15859055531.txt$$$$福州鼎立通电子科技有限公司
15859061352.txt$$$$福建鼎控自动化科技有限公司
15859071288.txt$$$$福州环宇环保服务有限公司
15859071288_1.txt$$$$福州环宇环保服务有限公司
15859071288_2.txt$$$$福州环宇环保服务有限公司
15859092259.txt$$$$福州汇尔固液压设备有限公司
15859093499.txt$$$$福州市邱师傅喷漆有限公司
15859102803.txt$$$$福州万达唯美建材有限公司
15859139286.txt$$$$福州三思光电科技有限公司
15859139286_1.txt$$$$福州三思光电科技有限公司
15859139286_2.txt$$$$福州三思光电科技有限公司
15859215896.txt$$$$厦门精川自动化科技有限公司
15859281918.txt$$$$厦门涂工博科技有限公司
15859283524.txt$$$$厦门瑞精合工贸有限公司
15859294609.txt$$$$厦门鹏为软件有限公司
15859591055.txt$$$$惠安大弘石业有限公司
15859877216.txt$$$$泉州永工机械有限公司
15860271799.txt$$$$福州市福玖白蚁防治有限公司
15860287105.txt$$$$连江县国豪建筑工程有限公司
15860287105_1.txt$$$$连江县国豪建筑工程有限公司
15860287105_2.txt$$$$连江县国豪建筑工程有限公司
