13332466956.txt$$$$沈阳凯大锅炉设备有限公司
13332510674.txt$$$$湖南善普韵香商贸有限公司
13332581707.txt$$$$湖南恒祥钢格板有限公司
13332605691.txt$$$$东莞市石碣翔龙吸塑包装制品厂
13332606018.txt$$$$东莞市樟木头贤达塑胶经营部
13332615578.txt$$$$东莞市顺和再生资源回收有限公司
13332616333.txt$$$$广州天贤生物科技有限公司
13332619689.txt$$$$东莞市宜东塑胶原料有限公司
13332627687.txt$$$$东莞市广众包装制品有限公司
13332630503.txt$$$$东莞市云峰机电科技有限公司
13332635285.txt$$$$盛强机械科技有限公司
13332660459.txt$$$$东莞市雄杰真空设备有限公司
13332662668.txt$$$$东莞市永皋机械有限公司
13332670025.txt$$$$东莞市柯特瑞机械设备有限公司
13332680769.txt$$$$东莞市立强电子有限公司
13332688468.txt$$$$东莞市台机减速机有限公司
13332691310.txt$$$$东莞市焦大自动化科技有限公司
13332694165.txt$$$$东莞市晨伟五金工具有限公司
13332696319.txt$$$$东莞市钺海电子科技有限公司
13332698135.txt$$$$东莞市远达运动用品有限公司
13332698135_1.txt$$$$东莞市远达运动用品有限公司
13332698135_2.txt$$$$东莞市远达运动用品有限公司
13332792854.txt$$$$大连巨华机械设备有限公司
13332800603.txt$$$$广州拼通信息技术有限公司
13332810947.txt$$$$广州盛景建材有限公司
13332818363.txt$$$$广东省艾德电器有限公司
13332821083.txt$$$$广州帽峰山生态旅游开发有限公司
13332848998.txt$$$$广州市正绿环贸易有限公司
13332854588.txt$$$$广州市悦盟企业管理顾问有限公司
13332858373.txt$$$$广州市番禺区东环虹佳电子产品经营部
