13854257118.txt$$$$青岛兴昌空压机械有限公司
13854314567.txt$$$$咸安区芒果饮品店
13854356230.txt$$$$沾化鸿瑞电炉厂
13854361236.txt$$$$邹平县鑫镱恒电器厂
13854370388.txt$$$$山东省博兴县豪霸洗涤设备有限公司
13854370388_1.txt$$$$山东省博兴县豪霸洗涤设备有限公司
13854376777.txt$$$$山东金岳换热设备有限公司
13854376777_1.txt$$$$山东金岳换热设备有限公司
13854376777_2.txt$$$$山东金岳换热设备有限公司
13854378569.txt$$$$山东省恒东佳筛网有限公司
13854379771.txt$$$$邹平顺泰环保涂装设备有限公司
13854386803.txt$$$$博兴县福旺机械厂
13854401201.txt$$$$潍坊亚斯特地坪有限公司
13854401208.txt$$$$潍坊亚斯特建材有限公司
13854401228.txt$$$$潍坊亚斯特新型建材有限公司
13854401983.txt$$$$潍坊华信柴油机有限公司
13854402085.txt$$$$潍坊联禾农业科技有限公司
13854406333.txt$$$$诸城市诚品机械有限公司
13854408588.txt$$$$潍坊市江森生物质能源有限公司
13854408667.txt$$$$山东科发豆制品设备有限公司销售部
13854408667_1.txt$$$$山东科发豆制品设备有限公司销售部
13854408667_2.txt$$$$山东科发豆制品设备有限公司
13854408667_3.txt$$$$山东科发豆制品设备有限公司
13854408667_4.txt$$$$山东科发豆制品设备有限公司
13854408667_5.txt$$$$山东科发豆制品设备有限公司
13854424396.txt$$$$安丘市中岩粉体机械设备制造厂
13854470780.txt$$$$诸城市旭力机械有限公司
13854470780_1.txt$$$$诸城市旭力机械有限公司
13854470780_2.txt$$$$诸城市旭力机械有限公司
13854472355.txt$$$$青州市富泽农业装备有限公司
