15153662850.txt$$$$山东西孚新能源科技有限公司
15153665280.txt$$$$青州市七洲温室工程有限公司
15153665280_1.txt$$$$青州市七洲花卉苗木
15153666807.txt$$$$高密市新宇木工机械有限公司
15153671688.txt$$$$诸城昕辰机械科技有限公司
15153673010.txt$$$$安丘市恒山锌业有限公司
15153687383.txt$$$$高密市宏通石膏模具厂
15153687383_1.txt$$$$高密市宏通石膏模具厂
15153687383_2.txt$$$$高密市宏通石膏模具厂
15153702338.txt$$$$微山县两城爱马汽车脚垫经营部
15153735195.txt$$$$济宁清润工业设备清洗有限公司
15153776000.txt$$$$济宁市兖州区鲁亿通机械有限公司
15153788891.txt$$$$济宁市鼎诚机械厂
15153796277.txt$$$$山东精驰机械有限公司
15153799596.txt$$$$曲阜汇富机械有限公司
15153815381.txt$$$$泰安市泰山区泰景苗木基地
15153815381_1.txt$$$$泰安市泰山区泰景苗木基地
15153839709.txt$$$$泰安德图自动化仪器有限公司
15153851717.txt$$$$路铭工程材料有限公司
15153863805.txt$$$$泰安增上经贸有限公司
15153881456.txt$$$$泰安昊扬工程材料有限公司
15153883789.txt$$$$泰安市岱岳区山口镇岱下花卉苗木中心
15153905623.txt$$$$临沂荣成塑料有限公司
15153921118.txt$$$$平邑华泰石材有限公司
15153921118_1.txt$$$$平邑华泰石材有限公司
15153921118_2.txt$$$$平邑华泰石材有限公司
15153921118_3.txt$$$$平邑华泰石材有限公司
15153958688.txt$$$$临沂富乐广告传媒有限公司
15153958688_1.txt$$$$临沂富乐广告传媒有限公司
15153958688_2.txt$$$$临沂富乐广告传媒有限公司
