15388078815_4.txt$$$$湖南利彰制冷工程有限公司
15388078815_5.txt$$$$湖南利彰制冷工程有限公司
15388078815_6.txt$$$$湖南利彰制冷工程有限公司
15388078815_7.txt$$$$湖南佳瑞环境设备有限公司
15388078815_8.txt$$$$湖南佳瑞环境设备有限公司
15388078815_9.txt$$$$湖南佳瑞环境设备有限公司
15388084271.txt$$$$长沙熙宝商贸有限公司
15388088887.txt$$$$长沙聚锅缘餐饮管理有限公司
15388098249.txt$$$$湖南德力美机械设备有限公司
15388125570.txt$$$$成都宏德大农生物科技有限公司
15388125570_1.txt$$$$成都宏德大农生物科技有限公司
15388125570_2.txt$$$$成都宏德大农生物科技有限公司
15388164382.txt$$$$四川华海源科技发展有限公司
15388164382_1.txt$$$$四川华海源科技发展有限公司
15388164382_2.txt$$$$四川华海源科技发展有限公司
15388164382_3.txt$$$$四川华海源科技发展有限公司
15388230909.txt$$$$成都东仑科技有限公司
15388235870.txt$$$$成都杰瑞达科技有限公司
15388236006.txt$$$$广州荷达科技有限公司
15388519833.txt$$$$太原市晋源区阳阳雨花石经销部
15388568587.txt$$$$稳泉（上海）矿泉水有限公司
15388600416.txt$$$$西安佳百昌网络科技有限公司
15388625619.txt$$$$陕西亚元电子科技有限公司
15388656368.txt$$$$苏州陆禾电子科技有限公司
15388888393.txt$$$$云南蓝盾地坪工程有限公司
15388888393_1.txt$$$$云南蓝盾地坪工程有限公司
15388888393_2.txt$$$$云南蓝盾地坪工程有限公司
15388888661.txt$$$$昆明展塑机械设备有限公司
15388888661_1.txt$$$$昆明展塑机械设备有限公司
15388961928.txt$$$$长沙市中汇电气有限公司
