13167041195.txt$$$$南游电缆(上海)有限公司
13167055889.txt$$$$上海锦迪丝网有限公司
13167144125.txt$$$$上海德途展览服务有限公司
13167167113.txt$$$$广州卓远虚拟现实科技有限公司
13167168556.txt$$$$上海豹罗实业有限公司
13167282195.txt$$$$上海正拓会展服务有限公司
13167282195_1.txt$$$$上海正拓会展服务有限公司
13168012451.txt$$$$深圳市宝莱胜防雷科技有限公司
13168035718.txt$$$$深圳市标研检测技术有限公司
13168049808.txt$$$$深圳市顺逸清洁服务有限公司
13168050255.txt$$$$深圳市鑫嘉华厨具设备有限公司罗湖分公司
13168063897.txt$$$$飞猫云车物流科技有限公司
13168084943.txt$$$$深圳市金城亮光电有限公司
13168090962.txt$$$$俊业达电机科技有限公司
13168096417.txt$$$$深圳市三和晟电子有限公司
13168135587.txt$$$$湛江市粤耀建材有限公司
13168185831.txt$$$$深圳市华明鼎盛家具有限公司
13168315053.txt$$$$广州华源企业服务有限公司
13168336573.txt$$$$深圳市龙岗区祥泽包装制品厂
13168435563.txt$$$$东莞市恒源工业材料有限公司
13168446009.txt$$$$东莞市馥昌抛光材料有限公司
13168464856.txt$$$$东莞市宏德五金制品有限公司
13168465717.txt$$$$东莞市恒达布业有限公司
13168465717_1.txt$$$$东莞市恒达布业有限公司
13168465717_2.txt$$$$东莞市恒达布业有限公司
13168646999.txt$$$$惠州市鑫洁康保洁有限公司
13168646999_1.txt$$$$惠州市鑫洁康保洁有限公司
13168646999_2.txt$$$$惠州市鑫洁康保洁有限公司
13168680713.txt$$$$江西科欧科技有限公司
13168700008.txt$$$$深圳市博科智能科技有限公司
