18833207080.txt$$$$河北固砼鼎业水泥制品有限公司
18833233456.txt$$$$保定市清苑区大进模具加工厂
18833233456_1.txt$$$$保定市清苑区大进模具加工厂
18833233456_2.txt$$$$保定市清苑区大进模具加工厂
18833254588.txt$$$$河北乾腾彩钢压型板制造有限公司
18833254588_1.txt$$$$河北乾腾彩钢压型板制造有限公司
18833254588_2.txt$$$$河北乾腾彩钢压型板制造有限公司
18833295688.txt$$$$保定市祥瑞模具加工厂
18833358018.txt$$$$唐山兴邦管道工程设备有限公司
18833484666.txt$$$$邢台市奥工机械制造有限公司
18833484666_1.txt$$$$邢台市奥工机械制造有限公司
18833484666_2.txt$$$$邢台市奥工机械制造有限公司
18833510603.txt$$$$秦皇岛维克托国际贸易有限公司
18833519000.txt$$$$秦皇岛市海港区宁远职业技能培训学校
18833610671.txt$$$$廊坊市瑞尔门业有限公司
18833626464.txt$$$$大城县荣杉防腐材料厂
18833632489.txt$$$$固安县千陆过滤科技有限公司
18833635608.txt$$$$固安县温泉休闲商务产业园区王龙村康敏过滤器材厂
18833642008.txt$$$$文安县天木工艺品有限公司
18833648448.txt$$$$固安县创鑫滤清器厂
18833668202.txt$$$$固安温泉休闲商务产业园区金帆滤清器厂
18833668202_1.txt$$$$固安温泉休闲商务产业园区金帆滤清器厂
18833668202_2.txt$$$$固安温泉休闲商务产业园区金帆滤清器厂
18833668202_3.txt$$$$固安温泉休闲商务产业园区金帆滤清器厂
18833701358.txt$$$$高碑店市联通铸造有限公责任公司
18833707072.txt$$$$沧州市誉鑫商贸有限责任公司
18833711198.txt$$$$河北德通管道有限公司
18833723255.txt$$$$沧州诺德传动机械制造有限公司
18833733331.txt$$$$沧州龙浩管道装备有限公司
18833733331_1.txt$$$$沧州龙浩管道装备有限公司
