15133777879.txt$$$$沧州昊恒管道有限公司
15133777879_1.txt$$$$沧州昊恒管道有限公司
15133782428.txt$$$$孟村回族自治县丰锐鑫精密铸造厂
15133794444.txt$$$$盐山县润学泵管厂
15134519195.txt$$$$哈尔滨杰曼机电设备有限公司
15135097111.txt$$$$太原市红龙泰贸易有限公司
15135097111_1.txt$$$$太原市红龙泰贸易有限公司
15135097111_2.txt$$$$太原市红龙泰贸易有限公司
15135111662.txt$$$$山西彼岸宏图广告设计有限公司
15135120749.txt$$$$太原网络宣传公司
15135120749_1.txt$$$$山西新四季贸易有限公司
15135139196.txt$$$$山西江满鸿科技有限公司
15135139196_1.txt$$$$山西江满鸿科技有限公司
15135139196_2.txt$$$$山西江满鸿科技有限公司
15135148877.txt$$$$太原市鑫富利保温材料有限公司
15135148877_1.txt$$$$太原市鑫富利保温材料有限公司
15135148877_2.txt$$$$太原市鑫富利保温材料有限公司
15135150588.txt$$$$太原市万柏林区铭汇门业经销部
15135161351.txt$$$$聚氨酯保温喷涂保温管山西鑫鼎盛保温防腐材料有限贸易公司
15135168595.txt$$$$山西青禾宝宝母婴健康管理有限公司
15135180378.txt$$$$山西瓦轴精工轴承有限公司
15135181056.txt$$$$太原美声汽车音响改装店
15135181056_1.txt$$$$太原悦声专业汽车音响改装
15135181056_2.txt$$$$太原市晋源区居美康防腐木厂
15135181056_3.txt$$$$太原市晋源区居美康防腐木厂
15135181056_4.txt$$$$太原市晋源区居美康防腐木厂
15135413777.txt$$$$太谷县昌泰丰特种铸钢有限公司
15136091989.txt$$$$商丘鸿福搬家有限公司
15136091989_1.txt$$$$商丘鸿福搬家有限公司
15136091989_2.txt$$$$商丘鸿福搬家有限公司
