15006466477.txt$$$$诸城市粱源机械有限公司
15006467402.txt$$$$青州市建鼎矿山机械有限公司
15006471345.txt$$$$济宁市科尔奇机电设备有限公司
15006471345_1.txt$$$$济宁市科尔奇机电设备有限公司
15006475805.txt$$$$山东源泰机械有限责任公司
15006568819.txt$$$$潍坊华东发动机有限公司
15006578350.txt$$$$山东卧童游乐有限公司
15006605777.txt$$$$寿光市盛和防水涂料厂
15006605777_1.txt$$$$寿光市盛和防水涂料厂
15006605777_2.txt$$$$寿光市盛和防水涂料厂
15006606870.txt$$$$诸城市佳特食品机械有限公司
15006645216.txt$$$$诸城市鹏福特食品机械厂
15006657978.txt$$$$潍坊多邦矿山机械设备有限公司
15006660071.txt$$$$潍坊市丰联农机有限公司
15006660129.txt$$$$山东路达重工机械有限公司
15006663132.txt$$$$济南鼎泰玻璃钢制造有限公司
15006663132_1.txt$$$$济南鼎泰玻璃钢制造有限公司
15006663132_2.txt$$$$济南鼎泰玻璃钢制造有限公司
15006663132_3.txt$$$$济南鼎泰玻璃钢制造有限公司
15006672269.txt$$$$潍坊弘森教学家具有限公司
15006681112.txt$$$$诸城市松本食品包装机械有限公司
15006686086.txt$$$$潍坊康辉健身器材有限公司
15006690678.txt$$$$青州市先科机械设备有限公司
15006690678_1.txt$$$$青州市先科机械设备有限公司
15006690678_2.txt$$$$青州市先科机械设备有限公司
15006690678_3.txt$$$$青州市先科机械设备有限公司
15006693378.txt$$$$诸城市盛众机械有限公司
15006695877.txt$$$$山东省高密市东辰机械制造有限公司
15006695877_1.txt$$$$山东省高密市东辰机械制造有限公司
15006695877_2.txt$$$$山东省高密市东辰机械制造有限公司
