18520828258_1.txt$$$$深圳市凯程通国际物流有限公司
18520828258_2.txt$$$$深圳市凯程通国际物流有限公司
18520828258_3.txt$$$$深圳市凯程通国际物流有限公司
18520858857.txt$$$$深圳市俊曦商贸有限公司
18520875906.txt$$$$深圳尤搏思科技有限公司
18520879090.txt$$$$中山市古镇力美汽车用品厂
18520902735.txt$$$$广东赢家美材实业有限公司
18520902735_1.txt$$$$广东赢家美材实业有限公司
18520913442.txt$$$$广州美邦生物科技有限公司
18520915483.txt$$$$佛山市林业机械有限公司
18520917349.txt$$$$广东英特讯软件科技有限公司
18520929238.txt$$$$佛山市豪联家具有限公司
18520932613.txt$$$$佛山市亚飞机械设备有限公司
18520937993.txt$$$$佛山市奥纳聚合物有限公司
18520944456.txt$$$$西安市高陵区鑫华威木门加工厂
18520953503.txt$$$$广东顺德友情漆建材有限公司
18520957179.txt$$$$佛山市顺德区中韩亿拓电器科技有限公司
18521009638.txt$$$$上海瑞博展览有限公司
18521064400.txt$$$$上海乡美家居用品有限公司
18521098488.txt$$$$上海柯翊电气有限公司
18521302306.txt$$$$上海麦禾包装制品有限公司
18521308006.txt$$$$上海星石轴承有限公司
18521311805.txt$$$$上海鸿轴轴承有限公司
18521331849.txt$$$$骏腾发实业（上海）有限公司
18521396999.txt$$$$上海歌瑞国际贸易有限公司
18521396999_1.txt$$$$上海歌瑞国际贸易有限公司
18521520008.txt$$$$上海气谱仪器设备有限公司
18521568032.txt$$$$东台市新街镇航润船用设备经营部
18521591338.txt$$$$上海荣聚文化传播有限公司
18521706639.txt$$$$上海博澳展览服务有限公司
