13905665019.txt$$$$石台县秋浦农业科技有限公司向日葵度假酒店分公司
13905667608.txt$$$$安徽省青阳县著明木业有限公司
13905668584.txt$$$$安徽潮燃消防设备有限公司
13905690040.txt$$$$合肥中铁管业有限公司
13905695243.txt$$$$合肥旭日化工有限公司
13905695243_1.txt$$$$合肥旭日化工有限公司
13905697478.txt$$$$合肥英松智能科技有限公司
13905706372.txt$$$$浙江江山瑞升家具有限公司
13905706372_1.txt$$$$浙江江山瑞升家具有限公司
13905706372_2.txt$$$$浙江江山瑞升家具有限公司
13905781631.txt$$$$浙江老土地食品有限公司
13905781889.txt$$$$缙云县青龙石雕工艺品有限公司
13905781889_1.txt$$$$缙云县青龙石雕工艺品有限公司
13905781889_2.txt$$$$缙云县青龙石雕工艺品有限公司
13905790900.txt$$$$金华市力创建筑装饰工程有限公司
13905793783.txt$$$$金华市婺城区东本水泥制品厂
13905799636.txt$$$$金华市宏利制罐厂
13905799636_1.txt$$$$金华市宏利制罐厂
13905799636_2.txt$$$$金华市宏利制罐厂
13905848354.txt$$$$余姚市润达机械厂
13905859316.txt$$$$浙江安驰机械有限公司
13905878526.txt$$$$浙江鑫隆电子有限公司
13905882005.txt$$$$青田县曼地亚红豆杉专业合作社
13905885777.txt$$$$浙江力胜金属构件有限公司
13905885777_1.txt$$$$浙江力胜金属构件有限公司
13905890670.txt$$$$永康市金卡洗衣有限公司
13905893139.txt$$$$东阳市辉盛电子有限公司
13905893139_1.txt$$$$东阳市辉盛电子有限公司
13905893139_2.txt$$$$东阳市辉盛电子有限公司
13905950376.txt$$$$晋江市安海镇长虎土笋冻加工点
