13716331724.txt$$$$北京天川科技发展有限公司
13716331724_1.txt$$$$北京天川科技发展有限公司
13716331724_2.txt$$$$北京天川科技发展有限公司
13716350404.txt$$$$北京宏伟超达科技股份有限公司
13716386387.txt$$$$北京桢欣商贸有限公司
13716406476.txt$$$$武汉中材建科智能装备有限责任公司
13716422768.txt$$$$北京雅文展览有限公司
13716435282.txt$$$$北京钢之杰智控技术有限公司
13716435282_1.txt$$$$北京钢之杰智控技术有限公司
13716435282_2.txt$$$$北京钢之杰智控技术有限公司
13716472363.txt$$$$北京嘉格伟业筑路科技有限公司
13716472363_1.txt$$$$北京嘉格伟业筑路科技有限公司
13716472363_2.txt$$$$北京嘉格伟业筑路科技有限公司
13716496415.txt$$$$北京潮白环保科技股份有限公司
13716546123.txt$$$$北京盛天泽贸易有限公司
13716546123_1.txt$$$$天津市利达钢管集团有限公司
13716546123_2.txt$$$$天津市江天型钢有限公司
13716546123_3.txt$$$$安阳钢铁股份有限公司
13716588515.txt$$$$北京华城埃特建材有限公司
13716615020.txt$$$$北京思博特体育器械有限公司
13716731647.txt$$$$北京都兴科思检测技术有限公司
13716731647_1.txt$$$$北京都兴科思检测技术有限公司
13716731647_2.txt$$$$北京都兴科思检测技术有限公司
13716761691.txt$$$$北京兴凯伟业建筑装饰材料有限公司
13716771321.txt$$$$北京佳必得科技有限公司
13716775946.txt$$$$北京林城人家电制冷设备科技有限公司
13716796227.txt$$$$北京卓越邦达管道疏通清洗有限公司
13716827387.txt$$$$百森国际展览（北京）有限公司
13716900192.txt$$$$北京格林美居装饰工程有限公司
13717022352.txt$$$$深圳市万里行润滑油有限公司
