18232881165.txt$$$$沧州博光管道设备有限公司
18232887687.txt$$$$泊头市宏通机械铸造有限公司
18232903330.txt$$$$安平县极速丝网制造有限公司
18232911828.txt$$$$河北华晨轨道科技有限公司
18232926669.txt$$$$安平县永越丝网制品有限公司
18232937111.txt$$$$河北鼎源工程橡胶有限公司
18232953322.txt$$$$安平县泽乾金属丝网制品有限公司
18232963332.txt$$$$安平县鼎墨丝网机械制造有限公司
18232981093.txt$$$$河北天阔橡胶制品有限公司
18232983269.txt$$$$衡水春弘工程橡胶有限公司
18232987386.txt$$$$英耐尔丝网制品有限公司
18232987878.txt$$$$安平县雄祥丝网制品有限公司
18232989399.txt$$$$安平县绿萝塑料网有限公司
18232990589.txt$$$$河北桥泽橡胶制品有限公司
18233003310.txt$$$$清河县点固焊接材料有限公司
18233067722.txt$$$$河北鑫鹏机械制造有限公司
18233089929.txt$$$$邢台润联科技开发有限公司
18233199250.txt$$$$石家庄佳兴木业有限公司
18233199250_1.txt$$$$石家庄佳兴木业有限公司
18233199250_2.txt$$$$石家庄佳兴木业有限公司
18233199250_3.txt$$$$石家庄佳兴木业有限公司
18233200039.txt$$$$河北雄县利凯塑胶制品有限公司
18233283195.txt$$$$河北铜盛源雕塑有限公司
18233332252.txt$$$$保定模范模具制造有限公司
18233333301.txt$$$$雄县尚跃管厂
18233352053.txt$$$$河北沃尔顿起重机械有限公司
18233358325.txt$$$$河北冀力索具有限公司
18233367866.txt$$$$安新县淀之宝水生植物种植有限公司
18233373344.txt$$$$河北攻略景观照明工程有限公司
18233390958.txt$$$$保定五久输送带有限公司
