15938461555_1.txt$$$$南阳众联钢结构有限公司
15938461555_2.txt$$$$南阳众联钢结构有限公司
15938504528.txt$$$$河南格朗科技有限公司
15938578762.txt$$$$开封惠尔仪表有限公司
15938709330.txt$$$$巩义市恒磊机械设备有限公司
15938709939.txt$$$$郑州兆峰机械设备有限公司
15938716450.txt$$$$河南汉创实业j建筑有限公司
15938721853.txt$$$$郑州辉煌塑业有限公司
15938729243.txt$$$$郑州基石科技有限公司
15938735151.txt$$$$巩义市孝义光明机械设备厂
15938736887.txt$$$$巩义市紫荆锐达机械制造厂
15938736887_1.txt$$$$巩义市紫荆锐达机械制造厂
15938736887_2.txt$$$$巩义市紫荆锐达机械制造厂
15938737253.txt$$$$河南蓝之港装配式建筑有限公司
15938750403.txt$$$$河南金鼎建工集团有限公司
15938760066.txt$$$$郑州光大百纳科技股份有限公司
15938770301.txt$$$$郑州邦懋称重设备有限公司
15938771907.txt$$$$河南省纽菲欧商贸有限公司
15938782352.txt$$$$郑州曼凯电子科技有限公司
15938788851.txt$$$$郑州吉鸿机械设备有限公司
15938792830.txt$$$$河南远大玻璃有限公司
15938808308.txt$$$$南阳鸿锐方达商贸有限公司
15938838248.txt$$$$南阳美安防爆电气有限公司
15938851512.txt$$$$南阳高新区玲珑缔造防腐木加工店
15938851512_1.txt$$$$南阳高新区玲珑缔造防腐木加工店
15938851512_2.txt$$$$南阳高新区玲珑缔造防腐木加工店
15938869688.txt$$$$南阳市大山农业科技有限责任公司
15938869688_1.txt$$$$南阳市大山农业科技有限责任公司
15938869688_2.txt$$$$南阳市大山农业科技有限责任公司
15938878621.txt$$$$邓州天泽新能源科技有限公司
