13957902637_1.txt$$$$浙江义乌名顺装饰工程有限公司
13957902637_2.txt$$$$浙江义乌名顺装饰工程有限公司
13957906756.txt$$$$义乌市海韵瑜伽馆
13957906756_1.txt$$$$义乌市海韵瑜伽馆
13957912040.txt$$$$金华家尚家居用品有限公司
13957912560.txt$$$$义乌市宗信货物运输有限公司
13957912560_1.txt$$$$义乌市宗信货物运输有限公司
13957912560_2.txt$$$$义乌市宗信货物运输有限公司
13957915091.txt$$$$义乌宇珂丝网印花厂
13957915091_1.txt$$$$义乌宇珂丝网印花厂
13957915091_2.txt$$$$义乌宇珂丝网印花厂
13957918962.txt$$$$义乌浩盛建设有限公司
13957929011.txt$$$$义乌市鼎盛印刷有限公司
13957929722.txt$$$$磐安县嘉德堂药材有限公司
13957929832.txt$$$$义乌市晨琪建材有限公司
13957929832_1.txt$$$$义乌市晨琪建材有限公司
13957929832_2.txt$$$$义乌市晨琪建材有限公司
13957930968.txt$$$$东阳市横店浙兴红木家具厂
13957937071.txt$$$$义乌市百特皮革商行
13957937071_1.txt$$$$义乌市百特皮革商行
13957937071_2.txt$$$$义乌市百特皮革商行
13957946690.txt$$$$义乌市艺博展览服务有限公司
13957949718.txt$$$$金华市库萌玩具有限公司
13957949821.txt$$$$浦江金鹰电镀厂
13957949821_1.txt$$$$浦江金鹰电镀厂
13957951221.txt$$$$义乌市义东汽车驾驶员培训有限公司
13957951877.txt$$$$金华市金东区浪之鲨塑胶制品厂
13957952960.txt$$$$义乌市箱式车出租有限公司
13957963670.txt$$$$金华市胜安花木基地
13957974024.txt$$$$义乌市梦露进出口有限公司
