15227826178.txt$$$$石家庄天维办公设备维修中心、
15227849151.txt$$$$河北铂润工贸科技有限公司
15227911979.txt$$$$邯郸市亿利成紧固件销售有限公司
15227911979_1.txt$$$$邯郸市亿利成紧固件销售有限公司
15227911979_2.txt$$$$邯郸市亿利成紧固件销售有限公司
15227958882.txt$$$$邯郸市肥乡区亚通机械设备有限公司
15228392281.txt$$$$绵阳勤天商贸有限公司
15228702113.txt$$$$绵阳汉嘉商贸有限公司
15228843526.txt$$$$成都首信首誉广告传媒有限公司
15228865086.txt$$$$四川鑫寝家具有限责任公司
15228899176.txt$$$$成都易洗爱家家政服务有限公司
15228941152.txt$$$$广州丰泰源生物科技有限公司
15229082021.txt$$$$新疆阿斯迈乳业有限公司
15229239315.txt$$$$新疆军农乳业有限公司
15229251204.txt$$$$西安图嘉教育投资发展有限公司
15229291966.txt$$$$陕西王飞汽车服务有限公司
15229369989.txt$$$$昆仑电线电缆股份有限公司
15229476997.txt$$$$湖北智恒运输有限公司
15229527707.txt$$$$榆林市榆阳区李飞塑胶批发门市
15229573314.txt$$$$宝鸡吉瑞宝自动化设备有限公司
15230007387.txt$$$$邯郸市邯山区永强物流配载中心
15230007387_1.txt$$$$邯郸市邯山区永强物流配载中心
15230007387_2.txt$$$$邯郸市邯山区永强物流配载中心
15230015999.txt$$$$邯郸市仨梅紧固件制造有限公司
15230046033.txt$$$$邯郸市永年区东辛寨鑫奥青砖青瓦销售处
15230046033_1.txt$$$$邯郸市永年区东辛寨鑫奥青砖青瓦销售处
15230046033_2.txt$$$$邯郸市永年区东辛寨鑫奥青砖青瓦销售处
15230155736.txt$$$$石家庄新时代商贸有限公司
15230175628.txt$$$$石家庄胜业电缆有限公司
15230175960.txt$$$$石家庄市胜业电缆有限公司
