18565765412.txt$$$$深圳市威立印技术有限公司
18565795868.txt$$$$深圳市泊通智能科技有限公司
18565807907.txt$$$$深圳市米纳思科技发展有限公司
18565831893.txt$$$$深圳市亚同电子有限公司
18565861237.txt$$$$深圳市蜘蛛供应链服务有限公司
18566050123.txt$$$$佛山市鼎裕家具有限公司
18566070687.txt$$$$深圳市龙岗区鑫诺备自动化设备厂
18566072575.txt$$$$佛山市悦程贸易有限公司
18566072575_1.txt$$$$佛山市悦程贸易有限公司
18566072575_2.txt$$$$佛山市悦程贸易有限公司
18566082370.txt$$$$佛山市禅城区炬成五金加工厂
18566082370_1.txt$$$$佛山市禅城区炬成五金加工厂
18566082370_2.txt$$$$佛山市禅城区炬成五金加工厂
18566082370_3.txt$$$$佛山市禅城区炬成五金加工厂
18566096824.txt$$$$广东城墙隔断科技有限公司
18566135893.txt$$$$东莞市长安塑胶颜料经营部
18566167331.txt$$$$东莞市盈联印刷有限公司
18566167331_1.txt$$$$东莞市盈联印刷有限公司
18566167331_2.txt$$$$东莞市盈联印刷有限公司
18566167331_3.txt$$$$东莞市盈联印刷有限公司
18566167896.txt$$$$东莞常禾电子有限公司
18566167896_1.txt$$$$东莞常禾电子有限公司
18566180025.txt$$$$腾玛（东莞）投资控股有限公司
18566182880.txt$$$$东莞市奕星包装制品有限公司
18566201687.txt$$$$深圳市泽宸物流有限公司
18566208988.txt$$$$深圳市华力达不锈钢纤维有限公司
18566211102.txt$$$$深圳市广瑞泰电子有限公司
18566226914.txt$$$$北京知书达礼品牌管理有限公司
18566235399.txt$$$$深圳市亿杰仪表有限公司
18566235905.txt$$$$深圳市旭日名程科技有限公司
