15037188698.txt$$$$巩义市机械厂
15037188698_1.txt$$$$巩义市机械厂
15037188698_2.txt$$$$巩义市机械厂
15037277776.txt$$$$鹤壁京瑞钢结构有限公司
15037283500.txt$$$$安阳中国国际旅行社有限责任公司福佳斯门市部
15037302191.txt$$$$新乡市凯圣机械设备有限公司
15037311227.txt$$$$新乡市力天振动机械有限公司
15037335108.txt$$$$延津县荣盛塑料装饰材料厂
15037335108_1.txt$$$$新乡市美邦装饰材料有限公司
15037336996.txt$$$$新乡市凯隆锻压有限公司
15037338377.txt$$$$河南省亿金起重配件有限公司
15037338377_1.txt$$$$河南省亿金起重配件有限公司
15037338377_2.txt$$$$河南省亿金起重配件有限公司
15037365865.txt$$$$河南省矿山起重机有限公司
15037377442.txt$$$$上海黎顿电子科技有限公司
15037397270.txt$$$$河南揽天矿山起重机械有限公司
15037397270_1.txt$$$$河南揽天矿山起重机械有限公司
15037552310.txt$$$$舞钢市和泰钢铁有限公司
15037693370.txt$$$$成都蓝蜥会展服务有限公司
15037701784.txt$$$$唐河县春发畜禽养殖专业合作社
15037701784_1.txt$$$$唐河县春发畜禽养殖专业合作社
15037701784_2.txt$$$$唐河县春发畜禽养殖专业合作社
15037766801.txt$$$$南阳市锋领金属制品有限公司
15037766801_1.txt$$$$南阳市锋领金属制品有限公司
15037766801_2.txt$$$$南阳市锋领金属制品有限公司
15037898152.txt$$$$通许农家乐果蔬购销点
15037919398.txt$$$$河南弘林空气净化科技有限公司
15037972985.txt$$$$洛阳益矿机械设备有限公司
15038015116.txt$$$$郑州双龙游乐设备有限公司
15038017858.txt$$$$巩义市豫民机械设备有限公司
