18912698539.txt$$$$昆山市玉山镇涛银涂装设备经营部
18912699014.txt$$$$昆山点亿工业物资有限公司
18912732678.txt$$$$苏州轩众新材料有限公司
18912769826.txt$$$$苏州贵鑫五金制品有限公司
18912775567.txt$$$$江苏黑马国际展览有限公司
18912779805.txt$$$$苏州协昌环保科技股份有限公司
18912781616.txt$$$$江苏风云彩钢科技有限公司
18912781910.txt$$$$苏州科萨环保有限公司
18912803377.txt$$$$扬中市鼎泰办公用品有限公司
18912900099.txt$$$$南京欧亚德仓储设备集团有限公司
18912900563.txt$$$$南京科正化工有限公司
18912924650.txt$$$$南京国轩机械设备有限公司
18912928733.txt$$$$江苏天地通生物制品有限公司
18912935855.txt$$$$南京龙力佳农业发展有限公司
18912951638.txt$$$$南京精忠环保工程有限公司
18912968222.txt$$$$南京华州环境工程有限公司
18912968222_1.txt$$$$南京华州环境工程有限公司
18912968222_2.txt$$$$南京华州环境工程有限公司
18912980999.txt$$$$南京中通消防科技有限公司
18913060451.txt$$$$苏州永盾防水工程有限公司
18913066453.txt$$$$苏州航通蜂窝科技有限公司
18913068818.txt$$$$杭州豪俊净化工程有限公司
18913090415.txt$$$$苏州亦宸化工科技有限公司
18913091313.txt$$$$苏州基鸿仁模具有限公司
18913093211.txt$$$$苏州艾特源暖通工程设备有限公司
18913093211_1.txt$$$$苏州艾特源暖通工程设备有限公司
18913093211_2.txt$$$$苏州艾特源暖通工程设备有限公司
18913093211_3.txt$$$$苏州艾特源暖通工程设备有限公司
18913111431.txt$$$$江苏灿鸿信息科技有限公司
18913111558.txt$$$$苏州市尼诗彩环保科技有限公司
