18583001313.txt$$$$四川玖多宝酒业有限公司
18583103999.txt$$$$四川龙怀酒业有限公司
18583269058.txt$$$$四川诚双合环保科技有限公司
18583362888.txt$$$$四川中交路达交通科技有限公司
18583396005.txt$$$$四川圣域金原牦牛有限公司
18583656888.txt$$$$四川荣利昌金属丝网有限公司
18583756829.txt$$$$成都宏适达机电设备有限公司
18583911851.txt$$$$相与科技发展有限公司
18583911851_1.txt$$$$相与科技发展有限公司
18583911851_2.txt$$$$相与科技发展有限公司
18584180718.txt$$$$成都迪赛智创文化传播有限公司
18584567609.txt$$$$渝澜瑞顿（重庆）智能工程有限公司
18584623163.txt$$$$渝北区爱心三六零家政服务中心
18585035330.txt$$$$贵州君可醉酒业有限公司
18585093959.txt$$$$贵州路信市政工程有限公司
18586363189.txt$$$$贵州雕将酒业有限公司
18587856015.txt$$$$广西南宁宏振农业科技有限公司
18588001233.txt$$$$佛山市佳原建材有限公司
18588001233_1.txt$$$$佛山市佳原建材有限公司
18588009096.txt$$$$广东大赢家集成装饰材料有限公司
18588009096_1.txt$$$$广东大赢家集成装饰材料有限公司
18588009096_2.txt$$$$广东大赢家集成装饰材料有限公司
18588009096_3.txt$$$$广东大赢家集成装饰材料有限公司
18588206019.txt$$$$深圳市致远交通设施有限公司
18588212951.txt$$$$深圳市瑞普高电子有限公司
18588221856.txt$$$$深圳市吉盈家具有限公司
18588225552.txt$$$$深圳市海澜花智能科技有限公司
18588237471.txt$$$$深圳市鑫邦运输服务有限公司
18588237471_1.txt$$$$深圳市鑫邦运输服务有限公司
18588237471_2.txt$$$$深圳市鑫邦运输服务有限公司
