13802151117.txt$$$$天津佰亿铝业有限公司
13802151117_1.txt$$$$天津佰亿铝业有限公司
13802151117_2.txt$$$$天津佰亿铝业有限公司
13802151117_3.txt$$$$天津佰亿铝业有限公司
13802151117_4.txt$$$$天津佰亿铝业有限公司
13802151117_5.txt$$$$天津佰亿铝业有限公司
13802161738.txt$$$$天津市广华肉类食品有限公司
13802161738_1.txt$$$$天津市广华肉类食品有限公司
13802161738_2.txt$$$$天津市广华肉类食品有限公司
13802163783.txt$$$$天津市顺鑫达通用设备有限公司
13802169809.txt$$$$天津市鑫特阀门制造有限公司
13802173208.txt$$$$人间仙境环境科技（天津）有限公司
13802191800.txt$$$$天津市中隆电器仪表有限公司
13802204161.txt$$$$深圳市润鑫源润滑油有限公司
13802210487.txt$$$$香港聚善缘贸易公司
13802225349.txt$$$$湖北特威特动力科技有限公司
13802236357.txt$$$$深圳市聚力智能科技有限公司
13802240530.txt$$$$深圳市可塑科技有限公司
13802261911.txt$$$$深圳市华睿优创科技有限公司
13802271809.txt$$$$深圳利登环保工程有限公司
13802271809_1.txt$$$$深圳利登环保工程有限公司
13802271809_2.txt$$$$深圳利登环保工程有限公司
13802271809_3.txt$$$$深圳利登环保工程有限公司
13802272618.txt$$$$深圳市永兴盛门控科技有限公司
13802279983.txt$$$$深圳市格瑞鑫实业有限公司
13802296645.txt$$$$深圳市雷森润滑油有限公司
13802370341.txt$$$$东莞市明牌传动设备有限公司
13802371553.txt$$$$东莞市宝仕锐莱胶粘有限公司
13802373158.txt$$$$广东宇鸿智能车库科技有限公司
13802377223.txt$$$$东莞市翘冠工程塑料有限公司
