13789926168.txt$$$$咸宁富洋实业有限公司
13789935130.txt$$$$孝感特酿酿酒原料有限公司
13789979092.txt$$$$孝昌县绿韵苗木花卉种植专业合作社
13790001055.txt$$$$佛山市博鸿自动化机械有限公司
13790001055_1.txt$$$$佛山市博鸿自动化机械有限公司
13790001055_2.txt$$$$佛山市博鸿自动化机械有限公司
13790004237.txt$$$$佛山诺声声学装饰材料有限公司
13790009995.txt$$$$佛山市宝佳钢管有限公司
13790017773.txt$$$$广东顺德金整流电源设备有限公司
13790042213.txt$$$$佛山市普天宇信水处理设备有限公司
13790054955.txt$$$$佛山市顺德区罗美庭建材有限公司
13790054955_1.txt$$$$佛山市顺德区罗美庭建材有限公司
13790054955_2.txt$$$$佛山市顺德区罗美庭建材有限公司
13790080006.txt$$$$佛山市南海区璐璐电子照明科技有限公司
13790102692.txt$$$$东莞市巨高机床有限公司
13790102692_1.txt$$$$东莞市巨高机床有限公司
13790102692_2.txt$$$$东莞市巨高机床有限公司
13790104936.txt$$$$东莞市常平新东升货运代理服务部
13790105926.txt$$$$东莞市宝銮殿建筑装饰材料有限公司
13790105926_1.txt$$$$东莞市宝銮殿建筑装饰材料有限公司
13790105926_2.txt$$$$东莞市宝銮殿建筑装饰材料有限公司
13790112191.txt$$$$东莞安净达饮水设备有限公司
13790112425.txt$$$$东莞市碧沃节能环保设备有限公司
13790112425_1.txt$$$$东莞碧沃节能环保有限公司
13790112425_2.txt$$$$东莞市碧沃节能环保设备有限公司
13790112425_3.txt$$$$东莞市碧沃节能环保设备有限公司
13790117575.txt$$$$东莞市佳煜自动化设备科技有限公司
13790119766.txt$$$$东莞市大满金属材料有限公司
13790121683.txt$$$$东莞市宏盛五金塑料贸易有限公司
13790121683_1.txt$$$$东莞市宏盛五金塑料贸易有限公司
