15090686587_2.txt$$$$永城市众禾生物科技有限公司
15090693990.txt$$$$河南焕彩包装制品有限公司
15090699312.txt$$$$河南省商丘市grc构件罗马柱厂
15090909951.txt$$$$宜昌烁客智能科技有限公司
15090978354.txt$$$$襄阳广源通风工程有限公司
15091058007.txt$$$$郑州东源机电设备有限公司
15091190641.txt$$$$西安诚创交通设施工程有限公司
15091191441.txt$$$$西安欧众广告有限公司
15091191441_1.txt$$$$西安秦墨广告文化传播有限公司
15091197084.txt$$$$西安朝乾模型有限公司
15091323488.txt$$$$西安慕龙建筑工程有限公司
15091333583.txt$$$$西安啸之林印务有限公司
15091753969.txt$$$$西安曲江三联会展有限公司
15091756232.txt$$$$陕西未来空间建设工程有限公司
15091775617.txt$$$$西安俊鲲建筑工程有限公司
15092018666.txt$$$$青岛亚森特机械有限公司
15092021141.txt$$$$青岛柒爱斯广告传媒有限公司
15092031693.txt$$$$青岛庆杰环境科技有限公司
15092066953.txt$$$$青岛闻思塑料科技有限公司
15092108666.txt$$$$临沂云熙商贸有限公司
15092129238.txt$$$$青岛精美工量具有限公司
15092166391.txt$$$$青岛科成达塑料机械有限公司
15092229257.txt$$$$青岛双利得机械有限公司
15092246167.txt$$$$青岛澳锐塑料机械有限公司
15092255187.txt$$$$青岛瑞鑫轴承有限公司
15092256797.txt$$$$青岛瑞鑫轴承有限公司
15092262318.txt$$$$青岛雷迅在线科技有限公司
15092269336.txt$$$$青岛润美嘉防腐涂料有限公司
15092293860.txt$$$$青岛中地捷特食品机械有限公司
15092305827.txt$$$$淄博源源流香食品有限公司
