13793637185_3.txt$$$$诸城市汇品机械有限公司
13793637336.txt$$$$山东贝洁环保装备有限公司
13793646107.txt$$$$诸城市星科机械有限公司
13793650300.txt$$$$诸城市瑞恒食品机械厂
13793650300_1.txt$$$$诸城市瑞恒食品机械厂
13793650300_2.txt$$$$诸城市瑞恒食品机械厂
13793653799.txt$$$$诸城市美川机械有限公司
13793656058.txt$$$$山东富正包装材料有限公司
13793657889.txt$$$$潍坊绪强机械有限公司
13793658276.txt$$$$潍坊钰祥林化工有限公司
13793667066.txt$$$$临朐巨名磁电设备厂
13793669235.txt$$$$诸城梁源机械有限公司
13793679159.txt$$$$山东春泽机械科技有限公司
13793679206.txt$$$$青州市扬帆机械设备制造有限公司销售公司
13793682333.txt$$$$山东永胜疏浚机械有限公司
13793752775.txt$$$$济宁瑞立工程机械有限责任公司
13793763579.txt$$$$济宁汇信机械设备有限公司
13793796718.txt$$$$山东运通二手食品设备有限公司
13793805686.txt$$$$泰安路德工程材料有限公司
13793805686_1.txt$$$$泰安路德工程材料有限公司
13793805686_2.txt$$$$泰安路德工程材料有限公司
13793811599.txt$$$$泰安市泰安区嘉昊仪表销售中心
13793812221.txt$$$$山东升信矿山设备有限公司
13793820221.txt$$$$泰安茂丰净化设备有限公司
13793825036.txt$$$$山东迅能电子科技有限公司
13793828992.txt$$$$泰安市浩煦瀚阳能源科技有限公司
13793866615.txt$$$$山东晨翼环保科技有限公司
13793866615_1.txt$$$$山东晨翼环保科技有限公司
13793866615_2.txt$$$$山东晨翼环保科技有限公司
13793866615_3.txt$$$$山东晨翼环保科技有限公司
