13575468258.txt$$$$长兴瑞德汽车配件有限公司
13575480805.txt$$$$杭州佳美纱窗有限公司
13575480805_1.txt$$$$杭州佳美纱窗有限公司
13575480805_2.txt$$$$杭州佳美纱窗有限公司
13575488306.txt$$$$浙江共合管业有限公司
13575505856.txt$$$$绍兴美禾保洁服务有限公司
13575534765.txt$$$$嵊州市宏盛风机厂
13575643296.txt$$$$开化县墩福木材加工厂
13575643296_1.txt$$$$开化县墩福木材加工厂
13575643296_2.txt$$$$开化县墩福木材加工厂
13575653555.txt$$$$浙江衢州巨升煤矿机械有限公司
13575653555_1.txt$$$$浙江衢州巨升煤矿机械有限公司
13575653555_2.txt$$$$浙江衢州巨升煤矿机械有限公司
13575674472.txt$$$$浙江德辉食品有限公司
13575711538.txt$$$$杭州温格科技有限公司
13575794617.txt$$$$杭州宏达雨篷有限公司
13575794617_1.txt$$$$杭州宏达雨篷有限公司
13575794617_2.txt$$$$杭州宏达雨篷有限公司
13575799551.txt$$$$杭州弗迪沃斯电气有限公司
13575812125.txt$$$$台州市超亮装饰有限公司
13575918339.txt$$$$浙江省金华市灵声电子有限公司
13575934206.txt$$$$义乌市惠洁日用品有限公司
13575937396.txt$$$$佳俊塑料袋厂
13575964672.txt$$$$义乌市叶晶工艺品厂
13575969726.txt$$$$东阳市易霖饰品有限公司
13575980605.txt$$$$义乌市同宏机械设备有限公司
13575980605_1.txt$$$$义乌市同宏机械设备有限公司
13575980605_2.txt$$$$义乌市同宏机械设备有限公司
13575985061.txt$$$$东阳市美恒工艺品有限公司
13575992705.txt$$$$东阳市白云宝吉家具厂
