13856072578.txt$$$$合肥锦华家具有限公司
13856072578_1.txt$$$$合肥锦华家具有限公司
13856084431.txt$$$$合肥新普仪测科技有限公司
13856098814.txt$$$$安徽联塔盛通机械制造有限公司
13856098844.txt$$$$合肥美岚矿山机械设备有限公司
13856206287.txt$$$$安徽鸿基农业科技发展有限公司
13856216167.txt$$$$铜陵市明科包装技术有限公司
13856222791.txt$$$$铜陵市远航矿山机电设备修理有限公司
13856232488.txt$$$$铜陵市海旭建材有限公司
13856250067.txt$$$$铜陵暖馨母婴护理有限公司
13856252510.txt$$$$安徽三井工程机械有限公司
13856277828.txt$$$$安徽清碧环保科技有限公司
13856372743.txt$$$$安徽风驰泵阀制造有限公司
13856413161.txt$$$$六安市裕安区陈正家具厂
13856433409.txt$$$$安徽博恩冷暖设备有限公司
13856433409_1.txt$$$$安徽博恩冷暖设备有限公司
13856433409_2.txt$$$$安徽博恩冷暖设备有限公司
13856565158.txt$$$$合肥鸿立模具有限公司
13856572432.txt$$$$安徽润盈建材有限公司
13856572432_1.txt$$$$安徽润盈建材有限公司
13856572432_2.txt$$$$安徽润盈建材有限公司
13856594387.txt$$$$合肥凌工保洁工程有限公司
13856665999.txt$$$$安徽龙鼎石业有限公司
13856668653.txt$$$$池州宝润保温材料有限公司
13856768155.txt$$$$利辛县新尚品花甲店
13856901975.txt$$$$安徽安卓机电设备有限公司
13856901975_1.txt$$$$安徽安卓机电设备有限公司
13856901975_2.txt$$$$安徽安卓机电设备有限公司
13856915323.txt$$$$合肥金不换酒业有限公司
13856928778.txt$$$$合肥海博一品展示用品有限公司
