15921322011.txt$$$$上海豫沪实业（北京）有限公司
15921377316.txt$$$$越晟精密机械（上海）有限公司
15921382609.txt$$$$上海双牟实业有限公司
15921388472.txt$$$$上海硕威泵业有限公司
15921388472_1.txt$$$$上海硕威泵业有限公司
15921388472_2.txt$$$$上海硕威泵业有限公司
15921397549.txt$$$$环球聚杰国际展览（北京）有限公司
15921411737.txt$$$$上海屹克商贸有限公司
15921412885.txt$$$$上海弼辉展览有限公司
15921501343.txt$$$$上海谦波教育科技有限公司
15921501343_1.txt$$$$上海砺剑教育科技有限公司
15921549816.txt$$$$上海恩志浦实业有限公司
15921576071.txt$$$$湖北闻道品牌管理有限公司
15921591628.txt$$$$深圳市艾克斯自动化技术开发有限公司昆山分公司
15921591628_1.txt$$$$深圳市艾克斯自动化技术开发有限公司昆山分公司
15921591628_2.txt$$$$深圳市艾克斯自动化技术开发有限公司昆山分公司
15921655135.txt$$$$上海石保泵业制造有限公司
15921658500.txt$$$$上海闪威发电机有限公司
15921675872.txt$$$$上海瑞楷管道工程有限公司
15921681998.txt$$$$上海复迪科技有限公司
15921848607.txt$$$$上海朔昭液压设备有限公司
15921889161.txt$$$$厦门鼓得啦可机械设备租赁有限公司
15921905474.txt$$$$上海通路缓冲材料有限公司
15921912639.txt$$$$上海瑞涵焊接材料有限公司
15921913776.txt$$$$弢德自动化设备（上海）有限公司
15922004238.txt$$$$天津润钦液压气动有限公司
15922007298.txt$$$$天津市沈飞机房设备工程有限公司
15922020052.txt$$$$天津市迦勒照明电器有限公司
15922027568.txt$$$$天津市红淼物流有限公司
15922027568_1.txt$$$$天津市红淼物流有限公司
