13348141030.txt$$$$宝应宏晶电力设备厂
13348223291.txt$$$$江西恒力电池科技有限公司
13348380045.txt$$$$厦门研建系统工程有限公司
13348830406.txt$$$$四川金云山建筑材料有限公司
13348851573.txt$$$$四川华信运业有限公司
13348879071.txt$$$$成都川一机械有限公司
13348900276.txt$$$$龙泉驿区龙泉强氏包装材料经营部
13348970800.txt$$$$上海浦勒实业有限公司
13349039835.txt$$$$繁昌县凯艺电子商务有限公司
13349073528.txt$$$$安徽融易达科技有限公司
13349073528_1.txt$$$$安徽融易达科技有限公司
13349092326.txt$$$$合肥峰昊玻璃钢制品有限公司
13349096659.txt$$$$合肥升威机床设备有限公司
13349096659_1.txt$$$$合肥升威机床设备有限公司
13349096659_2.txt$$$$合肥升威机床设备有限公司
13349188260.txt$$$$合肥亿康冷暖设备工程有限公司
13349188260_1.txt$$$$合肥亿康冷暖设备工程有限公司
13349209998.txt$$$$安徽鑫雅新材料有限公司
13349209998_1.txt$$$$安徽鑫雅新材料有限公司
13349209998_2.txt$$$$安徽鑫雅新材料有限公司
13349266455.txt$$$$安徽路路通管道疏通清洗工程有限公司
13349297575.txt$$$$合肥远川机房设备技术有限公司
13349297575_1.txt$$$$安徽九椽建材科技有限公司
13349801788.txt$$$$湖北龙泽科重工机械制造有限公司
13349801788_1.txt$$$$湖北龙泽科重工机械制造有限公司
13349801788_2.txt$$$$湖北龙泽科重工机械制造有限公司
13349838971.txt$$$$武汉武冷制冷设备工程有限公司
13349856180.txt$$$$武汉市合众电气设备制造有限公司
13349861996.txt$$$$武汉市东西湖区宏福鑫不锈钢橱柜店
13349888198.txt$$$$武汉思维力教育发展有限公司
