15256557700.txt$$$$安徽磐森景观防腐木业有限公司
15256564449.txt$$$$安徽进盛和电力科技有限公司
15256564449_1.txt$$$$安徽进盛和电力科技有限公司
15256568329.txt$$$$合肥凌奥模型艺术设计有限公司
15256574429.txt$$$$安徽皖昌管道工程有限公司
15256583071.txt$$$$合肥峻迈电气有限公司
15256587007.txt$$$$安徽帮友文化传媒有限公司
15256587091.txt$$$$安徽中设会展有限公司
15256591313.txt$$$$安徽金钢钢板租赁有限公司
15256591313_1.txt$$$$安徽金钢钢板租赁有限公司
15256593815.txt$$$$合肥卓飞网络科技有限公司
15256598866.txt$$$$安徽鼎升自动化科技有限公司
15256598866_1.txt$$$$安徽鼎升自动化科技有限公司
15256598866_2.txt$$$$安徽鼎升自动化科技有限公司
15256626025.txt$$$$安徽赛福电子责任有限公司
15256656951.txt$$$$贵池区正方护栏厂
15256938511.txt$$$$合肥松林包装材料有限公司
15256940099.txt$$$$佛山市顺德区佳静隔音门窗有限公司
15256945123.txt$$$$安徽欧仕格机械设备有限公司
15256950542.txt$$$$安徽浩和节能科技有限公司
15256955298.txt$$$$合肥宇田物流设备有限公司
15256997061.txt$$$$安徽盛墙彩铝科技有限公司
15256997462.txt$$$$合肥璟焱景观工程有限公司
15257011129.txt$$$$浙江道明新材料有限公司
15257011129_1.txt$$$$浙江道明新材料有限公司
15257011129_2.txt$$$$浙江道明新材料有限公司
15257162664.txt$$$$杭州育学教育科技有限公司
15257162664_1.txt$$$$杭州育学教育科技有限公司
15257162664_2.txt$$$$杭州育学教育科技有限公司
15257177375.txt$$$$杭州祥盛物资回收有限公司
