15862538359.txt$$$$苏州鼎荃自动化设备有限公司
15862555158.txt$$$$苏州浩远传动系统有限公司
15862559299.txt$$$$苏州市步敏光电科技有限公司
15862601105.txt$$$$江苏百丽洁清洁科技有限公司
15862618210.txt$$$$张家港保税区昊大微控技术有限公司
15862630646.txt$$$$昆山冯恩包装材料有限公司
15862642570.txt$$$$昆山市富德隆智能科技有限公司
15862656577.txt$$$$昆山市玉山镇日全食餐饮管理服务中心
15862672667.txt$$$$苏州新惠斯新材料有限公司
15862686338.txt$$$$苏州捷之诚自动化科技有限公司
15862686725.txt$$$$杭州松井电器有限公司
15862725197.txt$$$$江苏省海安石油化工厂
15862876296.txt$$$$上海杰诺机械设备有限公司
15862955202.txt$$$$句容市茅山镇地之缘苗木种植园
15862966348.txt$$$$丹阳市寰宇工具有限公司
15862966348_1.txt$$$$丹阳市寰宇工具有限公司
15862966348_2.txt$$$$丹阳市寰宇工具有限公司
15862979236.txt$$$$镇江市诚翔电器有限责任公司
15863010588.txt$$$$青岛天智达高科产业发展有限公司
15863010688.txt$$$$青岛智达高分子材料有限公司
15863027363.txt$$$$山东长城宽带信息服务有限公司
15863031728.txt$$$$青岛中广发电气有限公司
15863038386.txt$$$$青岛金鹏顺阀门有限公司
15863062000.txt$$$$青岛市城阳区王洪昌篷布厂
15863070177.txt$$$$弎西艾斯（苏州）生物科技有限公司
15863096288.txt$$$$青岛鸿艺佳美工程有限公司
15863121333.txt$$$$辉腾广告装饰有限公司
15863134007.txt$$$$济南山人装饰工程有限公司
15863137111.txt$$$$济南恒诺升降机械有限公司
15863152535.txt$$$$山东发财鸡餐饮管理有限公司
