18929218588_1.txt$$$$东莞市中福木业有限公司
18929218588_2.txt$$$$东莞市中福木业有限公司
18929219955.txt$$$$东莞市黑田精工科技有限公司
18929234868.txt$$$$东莞市东顺机械有限公司
18929235613.txt$$$$东莞市鸿富生广机械设备有限公司
18929250899.txt$$$$东莞市恒钜机械设备有限公司
18929254588.txt$$$$咸阳庆华金属喷镀有限公司
18929266677.txt$$$$东莞市优财玛电源有限公司
18929267356.txt$$$$东莞鑫鼎盛智能研磨科技有限公司
18929272668.txt$$$$东莞市欧凯体育用品有限公司
18929284630.txt$$$$东莞市太宝实业有限公司
18929284630_1.txt$$$$东莞市太宝实业有限公司
18929284630_2.txt$$$$东莞市太宝实业有限公司
18929286357.txt$$$$东莞市世联精密机械有限公司
18929289448.txt$$$$东莞市胜和酒店用品有限公司
18929290789.txt$$$$东莞市汇粘胶业有限公司
18929298119.txt$$$$东莞市乐锋塑胶有限公司
18929298119_1.txt$$$$东莞市乐锋塑胶有限公司
18929298119_2.txt$$$$东莞市乐锋塑胶有限公司
18929304259.txt$$$$深圳市金雅庭装饰工程有限公司
18929305874.txt$$$$深圳市立深鑫电子有限公司
18929306367.txt$$$$深圳市航鸿达科技有限公司
18929312392.txt$$$$深圳璐璐兴家居用品有限公司
18929314524.txt$$$$深圳市铭宇电线电缆有限公司
18929315039.txt$$$$深圳市黑狼威视科技有限公司
18929326944.txt$$$$深圳市顺发搬迁有限公司
18929341666.txt$$$$深圳市前海启慧教育开发有限公司
18929341666_1.txt$$$$深圳市前海启慧教育开发有限公司
18929347898.txt$$$$深圳市平大商贸有限公司
18929349901.txt$$$$深圳弗罗迈测控系统有限公司
