13920013748_1.txt$$$$天津市五彩祥云纯净水有限公司
13920013748_2.txt$$$$天津市五彩祥云纯净水有限公司
13920016576.txt$$$$天津诚凯精密模具配件有限公司
13920020091.txt$$$$天津市欣飞同创声学技术有限公司
13920020091_1.txt$$$$天津市欣飞同创声学技术有限公司
13920020091_2.txt$$$$天津市欣飞同创声学技术有限公司
13920021576.txt$$$$天津市天成金盛科技发展有限公司
13920021576_1.txt$$$$天津市天成金盛科技发展有限公司
13920021576_2.txt$$$$天津市天成金盛科技发展有限公司
13920027998.txt$$$$天津市北辰区创铭叉车销售中心
13920053174.txt$$$$中博特生物技术工程有限公司
13920064977.txt$$$$天津隆达照明电器有限公司
13920064977_1.txt$$$$天津狮俅商贸有限公司
13920069665.txt$$$$天津市西青区晶铭艺尚卷帘门中心
13920078598.txt$$$$天津市双丰达钢材销售有限公司
13920080937.txt$$$$天津市龙德源建材有限公司
13920084608.txt$$$$天津隆源升不锈钢制品贸易有限公司
13920086029.txt$$$$天津市合康双盛光电网络技术有限公司
13920086029_1.txt$$$$天津市合康双盛光电网络技术有限公司
13920086029_2.txt$$$$天津市合康双盛光电网络技术有限公司
13920093888.txt$$$$天津品正装饰工程有限公司
13920115820.txt$$$$天津福馨搬家有限责任公司
13920115820_1.txt$$$$天津福馨搬家有限责任公司
13920115820_2.txt$$$$天津福馨搬家有限责任公司
13920119872.txt$$$$天津睿博服装服饰有限公司
13920126189.txt$$$$天津众信源科技有限公司
13920147717.txt$$$$涂缓缓（天津）电子商务有限公司
13920147717_1.txt$$$$涂缓缓（天津）电子商务有限公司
13920147717_2.txt$$$$涂缓缓（天津）电子商务有限公司
13920155525.txt$$$$天津市商联信息科技有限公司
