15307137552.txt$$$$湖北汇能空调工程有限公司
15307141871.txt$$$$武汉鑫四强建筑科技有限公司
15307150007.txt$$$$武汉艺风时代文化传媒有限公司
15307156753.txt$$$$武汉快七商业管理股份有限公司
15307160040.txt$$$$武汉五味初选食品销售有限公司
15307163129.txt$$$$武汉曜太机电设备有限公司
15307180902.txt$$$$武汉百士自动化设备有限公司
15307187977.txt$$$$武汉柏惠建材武昌配送场
15307296014.txt$$$$湖北福星万佳实业有限公司
15307297789.txt$$$$武汉鑫常绿环保科技有限公司
15307299450.txt$$$$湖北顺和峰商贸有限公司
15307411218.txt$$$$株洲红枚体育器材有限公司
15307411218_1.txt$$$$株洲红枚体育器材有限公司
15307411218_2.txt$$$$株洲红枚体育器材有限公司
15307495663.txt$$$$湖南兴阡劳保用品有限公司
15307690789.txt$$$$东莞市远帆工业设备有限公司
15307690789_1.txt$$$$东莞市远帆工业设备有限公司
15307690789_2.txt$$$$东莞市远帆工业设备有限公司
15307691658.txt$$$$东莞蓝色天空新能源汽车租赁有限公司
15307691658_1.txt$$$$东莞蓝色天空新能源汽车租赁有限公司
15307691658_2.txt$$$$东莞蓝色天空新能源汽车租赁有限公司
15307697475.txt$$$$东莞市厨禾电器有限公司
15307719168.txt$$$$南宁靓城美景贸易有限公司
15307724728.txt$$$$广西金科环境工程有限公司
15307724728_1.txt$$$$广西金科环境工程有限公司
15307724728_2.txt$$$$广西金科环境工程有限公司
15307980694.txt$$$$景德镇市锦辰陶瓷有限公司
15308067722.txt$$$$四川省兴锦鑫制冷设备有限公司
15308086751.txt$$$$成都通丰环保防腐设备有限公司
15308421086.txt$$$$浏阳市中博仿真模型有限公司
