13580471846.txt$$$$广州恒芳生物科技有限公司
13580481326.txt$$$$广州恒拓电子科技有限公司
13580506080.txt$$$$广州市振峰电子有限公司
13580506274.txt$$$$广州韩国进口化妆品有限公司
13580508834.txt$$$$湖北戴维德游艇有限公司
13580508834_1.txt$$$$湖北戴维德游艇有限公司
13580508834_2.txt$$$$湖北戴维德游艇有限公司
13580508834_3.txt$$$$湖北戴维德游艇有限公司
13580509406.txt$$$$广州浩天建筑设计有限公司
13580509406_1.txt$$$$广州浩天建筑设计有限公司
13580509406_2.txt$$$$广州浩天建筑设计有限公司
13580510006.txt$$$$广州杰钰化工有限公司
13580524097.txt$$$$广州市意安居门窗有限公司
13580531010.txt$$$$广州诚功生物科技有限公司
13580532879.txt$$$$广州汇彩颜料有限公司
13580532879_1.txt$$$$广州汇彩颜料有限公司
13580532879_2.txt$$$$广州汇彩颜料有限公司
13580535295.txt$$$$广州市辰名化工有限公司
13580535295_1.txt$$$$广州市辰名化工有限公司
13580535295_2.txt$$$$广州市辰名化工有限公司
13580544955.txt$$$$广州市潮菱广告有限公司
13580550891.txt$$$$广州银泰物流
13580551880.txt$$$$广州市彪兴五金制品有限公司
13580555500.txt$$$$广州市联德智能系统有限公司
13580555500_1.txt$$$$广州市联德智能系统有限公司
13580555500_2.txt$$$$广州市联德智能系统有限公司
13580556836.txt$$$$广州市泓钜电子有限公司
13580573899.txt$$$$广州誉诚家政服务有限公司
13580586738.txt$$$$广州市增城晟凰有限公司
13580590101.txt$$$$广州市东风电缆有限公司
