17703727733.txt$$$$河南世博设备科技有限公司
17703727733_1.txt$$$$河南世博设备科技有限公司
17703727733_2.txt$$$$河南世博设备科技有限公司
17703732003.txt$$$$新乡市英电能源有限公司
17703743539.txt$$$$河南彼特斯特种建材有限公司
17703804400.txt$$$$河南淘机惠电子商务有限公司
17703827166.txt$$$$巩义市汇众环保材料有限公司
17703852379.txt$$$$郑州市二七区永佳食品机械销售部
17703925198.txt$$$$天津康丽洗涤用品有限公司
17704002278.txt$$$$深圳市三乔环境科技有限公司
17704067093.txt$$$$深圳市星湘源贸易有限公司
17704067116.txt$$$$深圳阿塔卡科技有限公司
17704984777.txt$$$$新疆大疆丰景膜结构工程有限公司
17704984777_1.txt$$$$新疆大疆丰景膜结构工程有限公司
17704984777_2.txt$$$$新疆大疆丰景膜结构工程有限公司
17705359358.txt$$$$烟台立成自动化设备有限公司
17705363069.txt$$$$潍坊维美集成房屋科技有限公司
17705442358.txt$$$$武城县华盛空调设备有限公司
17705445758.txt$$$$远光照明科技有限公司
17705446002.txt$$$$山东泽广润滑科技有限公司
17705447333.txt$$$$德州天清环保设备有限公司
17705507782.txt$$$$滁州万得赋新型建筑材料有限公司
17705655062.txt$$$$安徽朗博校准检测有限公司
17705655062_1.txt$$$$安徽朗博校准检测有限公司
17705655062_2.txt$$$$安徽朗博校准检测有限公司
17705696808.txt$$$$合肥林旭包装材料有限公司
17705796945.txt$$$$浙江天晟建材股份有限公司
17705796945_1.txt$$$$浙江天晟建材股份有限公司
17705796945_2.txt$$$$浙江天晟建材股份有限公司
17705916026.txt$$$$福建立福得展览展示有限公司
