13907245418.txt$$$$温泉安心家居材料体验馆
13907249526.txt$$$$湖北汇宁物流
13907275051.txt$$$$樊城区小滋牛肉面馆
13907275051_1.txt$$$$樊城区小滋牛肉面馆
13907275051_2.txt$$$$樊城区小滋牛肉面馆
13907275051_3.txt$$$$樊城区小滋牛肉面馆
13907277511.txt$$$$湖北鄂动机电设备制造有限公司
13907277511_1.txt$$$$湖北鄂动机电设备制造有限公司
13907277511_2.txt$$$$湖北鄂动机电设备制造有限公司
13907277511_3.txt$$$$湖北鄂动机电设备制造有限公司
13907277511_4.txt$$$$湖北鄂动机电设备制造有限公司
13907277511_5.txt$$$$湖北鄂动机电设备制造有限公司
13907278640.txt$$$$湖北新百特自动化设备股份有限公司
13907288676.txt$$$$十堰诺捷保温建材有限公司
13907333289.txt$$$$株洲霞湾建材有限公司
13907361749.txt$$$$汉寿县武强特种水产养殖场
13907488554.txt$$$$长沙东篱棉麻纺织品科技有限公司
13907557400.txt$$$$海南创美机电工程有限公司
13907557400_1.txt$$$$海南创美机电工程有限公司
13907557400_2.txt$$$$海南创美机电工程有限公司
13907558660.txt$$$$海口美兰好百祥服装有限公司
13907560075.txt$$$$海南凤鸣广告有限公司
13907621316.txt$$$$海口龙都幼儿园
13907638393.txt$$$$三亚荣记美食坊
13907690727.txt$$$$海南蓝箭农业科技开发有限公司
13907691428.txt$$$$海南彩兴防水装饰工程有限公司
13907711338.txt$$$$南宁百发豪杰机电设备有限公司
13907766404.txt$$$$江苏奥科橡胶科技有限公司
13907861069.txt$$$$广西氧之高硅藻泥有限公司
13907862048.txt$$$$南宁市宏达祥筛网有限公司
