15288901088_1.txt$$$$泰安市泰山区华盛货架厂
15288901088_2.txt$$$$泰安市泰山区华盛货架厂
15288901088_3.txt$$$$泰安市泰山区华盛货架厂
15288905359.txt$$$$肥城市兴达机械厂
15288917008.txt$$$$泰安开发区蓝田苗圃
15288946818.txt$$$$淄博市博山宝刚机械厂
15288991103.txt$$$$诸城市康成机械有限公司
15288995169.txt$$$$山东临朐巨峰葡萄苗木基地
15288995192.txt$$$$青州市同盛包装机械有限公司销售二部
15288995633.txt$$$$潍坊佳源污水处理设备有限责任公司
15289002678.txt$$$$拉萨金钟电子衡器有限公司
15289123110.txt$$$$山东花王锅炉设备有限公司
15289352317.txt$$$$周至县裕盛裕森苗圃
15289362830.txt$$$$陕西永强噪声治理工程有限公司
15289550601.txt$$$$深圳市西谷制冷设备有限公司
15289730870.txt$$$$海南博顺成实业有限公司
15289730870_1.txt$$$$海南博顺成实业有限公司
15289730870_2.txt$$$$海南博顺成实业有限公司
15289774292.txt$$$$海南卓成集成房屋有限公司
15289774292_1.txt$$$$海南卓成集成房屋有限公司
15289871722.txt$$$$海南翔鹏废旧物资回收有限公司
15289878263.txt$$$$海口苏和贸易有限公司
15289896086.txt$$$$海口上层驾驶员培训有限公司
15289986243.txt$$$$海南美佳家电清洗剂有限公司
15290036785.txt$$$$河南海斯特网业科技有限公司
15290401677.txt$$$$郑州新视听电子科技有限公司
15290401677_1.txt$$$$郑州新视听电子科技有限公司
15290423916.txt$$$$河南汇铭供应链管理有限公司
15290427710.txt$$$$河南博睿特机器人有限公司
15290427710_1.txt$$$$河南省博睿特机器人有限公司
