15853913832_1.txt$$$$山东金伙伴存储设备科技有限公司
15853913832_2.txt$$$$山东金伙伴存储设备科技有限公司
15853913832_3.txt$$$$山东金伙伴存储设备科技有限公司
15853913832_4.txt$$$$山东金伙伴存储设备科技有限公司
15853950176.txt$$$$莒南县义民牧业服务中心
15853950176_1.txt$$$$莒南县义民牧业服务中心
15853950176_2.txt$$$$莒南县义民牧业服务中心
15853950176_3.txt$$$$莒南县义民牧业服务中心
15853950888.txt$$$$临沂阿莱思服装有限公司
15853968788.txt$$$$沂南县锦泰机械有限公司
15853970988.txt$$$$临沂宝燕呈祥塑业有限公司
15853973799.txt$$$$临沂双华塑料制品有限公司
15853980986.txt$$$$广东贝玲妃五金有限公司
15853990808.txt$$$$山东临沂明阳集装箱商行
15853990808_1.txt$$$$山东临沂明阳集装箱商行
15853990808_2.txt$$$$山东临沂明阳集装箱商行
15854031559.txt$$$$郓城铭博环卫设备有限公司
15854111322.txt$$$$山东佳星环保有限公司
15854211205.txt$$$$青岛高阳国际物流有限公司
15854235959.txt$$$$青岛华德立机械有限公司
15854258909.txt$$$$青岛讯朗自动化科技有限公司
15854329088.txt$$$$山东宏程净化设备有限公司
15854332351.txt$$$$山东伊德欣厨业有限公司
15854332351_1.txt$$$$山东伊德欣厨业有限公司
15854332351_2.txt$$$$山东伊德欣厨业有限公司
15854335378.txt$$$$山东滨州泰盛化纤绳网有限公司
15854396426.txt$$$$山东省博兴县兴达电器设备制造有限公司
15854419666.txt$$$$诸城市丰昌机械有限公司
15854419666_1.txt$$$$诸城市丰昌机械有限公司
15854419666_2.txt$$$$诸城市丰昌机械有限公司
