13849950031.txt$$$$河南东都瀚唐食品科技有限公司
13850004270.txt$$$$厦门市三熠智能科技有限公司
13850024845.txt$$$$厦门市雅隔建材有限公司
13850035392.txt$$$$厦门市集美区福安特铜门加工厂
13850035987.txt$$$$厦门鑫金曜贸易有限公司
13850038422.txt$$$$漳州益全水泥制品有限公司
13850045863.txt$$$$西蒙电气(中国)有限公司
13850082388.txt$$$$厦门市天艺传媒股份有限公司
13850083959.txt$$$$江苏雷格思变压器有限公司
13850111331.txt$$$$福建菲诺客家具有限公司
13850115716.txt$$$$福州市晋安区创新门业有限公司
13850131616.txt$$$$福建鲍氏建设发展有限公司
13850131616_1.txt$$$$福建鲍氏建设发展有限公司
13850131616_2.txt$$$$福建鲍氏建设发展有限公司
13850143528.txt$$$$长乐华航建材有限公司
13850169378.txt$$$$宁波家禾节能科技有限公司
13850187403.txt$$$$福州灵感装饰装修设计工程有限公司
13850250897.txt$$$$涵江中路通配件厂
13850390365.txt$$$$宁德泓达喷码标识设备有限公司
13850412999.txt$$$$福建省泉州市雄发石材有限公司
13850492425.txt$$$$漳州瑞奇工贸有限公司
13850559318.txt$$$$福建兴正东物流有限公司
13850722585.txt$$$$泉州市洛江区万安伊沙贝拉家具店
13850772328.txt$$$$泉州市腾威桑拿设备有限公司
13850772328_1.txt$$$$泉州市腾威桑拿设备有限公司
13850772328_2.txt$$$$泉州市腾威桑拿设备有限公司
13850851578.txt$$$$福州市龙泰农业机械有限公司
13851000989.txt$$$$大丰辉达园艺研究所
13851049288.txt$$$$盐城市汉华通风设备有限公司
13851060923.txt$$$$盐城市瑞通塑胶有限公司
