13772015679.txt$$$$陕西省西安新丰源种植
13772015679_1.txt$$$$西安曲江新区新丰源药材种植场
13772040194.txt$$$$陕西九韬餐饮管理有限公司
13772044795.txt$$$$西安宝威燃控机电设备有限公司
13772063634.txt$$$$西安佰鲜网络科技有限公司
13772072576.txt$$$$巴里坤县花麒奶业有限责任公司
13772079599.txt$$$$西安鑫贝物资回收有限公司
13772121213.txt$$$$陕西雅致钢结构集成房屋有限公司
13772137246.txt$$$$西安德亚汽车用品有限公司
13772155756.txt$$$$陕西博霖工程设备有限公司
13772156978.txt$$$$西安力狮橡胶科技有限公司
13772174174.txt$$$$西安唐古砖雕文化有限公司
13772188011.txt$$$$陕西川谷农业科技有限公司
13772188011_1.txt$$$$陕西川谷农业科技有限公司
13772188011_2.txt$$$$陕西川谷农业科技有限公司
13772431341.txt$$$$西安青竹照明有限公司
13772432699.txt$$$$西安扬帆印刷有限责任公司
13772432699_1.txt$$$$西安米尔企业形象设计有限公司
13772496889.txt$$$$西安市汉森环保科技有限公司
13772635107.txt$$$$宝鸡市宏亚达有色金属材料有限公司
13772804244.txt$$$$西安乐士邦涂料有限公司
13773072989.txt$$$$苏州弘之盛复合材料有限公司
13773075665.txt$$$$常熟市钧煜机械制造有限公司
13773076416.txt$$$$常熟盛平防水补漏工程有限公司
13773077194.txt$$$$苏州装苑服饰有限公司
13773117075.txt$$$$昆山大腾锦金属材料有限公司
13773131383.txt$$$$苏州道瑞格智能装备有限公司
13773157251.txt$$$$苏州福瑞斯体育发展有限公司
13773164788.txt$$$$昆山宣源再生资源回收利用有限公司
13773164788_1.txt$$$$昆山宣源再生资源回收利用有限公司
