15838377063.txt$$$$南阳药益宝艾草制品有限公司
15838379786.txt$$$$郑州永发机械设备有限公司
15838385762.txt$$$$河南炳坤商贸有限公司
15838391686.txt$$$$郑州联同创金属制品有限公司
15838395045.txt$$$$河南郑都文化传媒有限公司
15838533639.txt$$$$洛阳顺銮稀有金属材料有限公司
15838601501.txt$$$$郑州弘讯模型有限公司
15838694909.txt$$$$周口睦林实业有限公司
15838736800.txt$$$$镇平县奇隆玉雕工艺厂
15838792363.txt$$$$河南春阳网络科技有限公司
15838816680.txt$$$$新安县爱足康修脚有限公司
15838833101.txt$$$$洛阳市远航彩钢有限公司
15838833101_1.txt$$$$洛阳市远航彩钢有限公司
15838833101_2.txt$$$$洛阳市远航彩钢有限公司
15838862845.txt$$$$洛阳丁泉金融服务有限公司
15838981651.txt$$$$焦作市江河制动器有限公司
15839014986.txt$$$$河南辉展电子科技有限公司
15839019608.txt$$$$虞城县乾发泥鳅繁育养殖场
15839093092.txt$$$$河南海顺装饰工程有限公司
15839093092_1.txt$$$$河南海顺装饰工程有限公司
15839093092_2.txt$$$$河南海顺装饰工程有限公司
15839122608.txt$$$$河南新华利达电动科技有限公司
15839237631.txt$$$$新疆国聚大鼎展览有限公司
15839242403.txt$$$$鹤壁市三久电子科技有限公司
15839310856.txt$$$$濮阳市亿路康环保设备科技有限公司
15839345810.txt$$$$濮阳市登星牡丹生态园有限公司
15839497535.txt$$$$郑州华大新型建材有限公司
15839497535_1.txt$$$$郑州华大新型建材有限公司
15839497535_2.txt$$$$郑州华大新型建材有限公司
15839497535_3.txt$$$$郑州华大新型建材有限公司
