18637155707.txt$$$$郑州好阳光智能科技有限公司
18637155707_1.txt$$$$郑州好阳光智能科技有限公司
18637155707_2.txt$$$$郑州好阳光智能科技有限公司
18637157456.txt$$$$河南圣源金属科技有限公司
18637167320.txt$$$$河南千树木业有限公司
18637174600.txt$$$$长葛市博耀建筑设备有限公司
18637186114.txt$$$$河南宇一信生物科技有限公司
18637193731.txt$$$$巩义市站街金正机械制造厂
18637199511.txt$$$$巩义市鑫昌机械制造有限公司
18637199511_1.txt$$$$巩义市鑫昌机械制造有限公司
18637199511_2.txt$$$$巩义市鑫昌机械制造有限公司
18637199511_3.txt$$$$巩义市鑫昌机械制造有限公司
18637199881.txt$$$$郑州福亦禄交通标识标牌材料有限公司
18637199881_1.txt$$$$郑州福亦禄交通标识标牌材料有限公司
18637199881_2.txt$$$$郑州福亦禄交通标识标牌材料有限公司
18637200971.txt$$$$河南省鲲华生物技术有限公司
18637202202.txt$$$$安阳市大正钢板仓有限责任公司
18637202202_1.txt$$$$安阳市大正钢板仓有限责任公司
18637202202_2.txt$$$$安阳市大正钢板仓有限责任公司
18637216899.txt$$$$河南膜莱帮商贸有限公司
18637218097.txt$$$$安阳市圆通机械有限公司
18637218097_1.txt$$$$安阳市圆通机械有限公司
18637218097_2.txt$$$$安阳市圆通机械有限公司
18637219191.txt$$$$河南省锐斯体育设施有限公司
18637228677.txt$$$$安阳市雅特金属制品有限公司
18637263992.txt$$$$安阳晟睿保温鸡舍有限公司
18637270368.txt$$$$安阳鸿图汽车销售服务有限公司
18637276121.txt$$$$安阳鑫时创冶金耐材有限公司
18637276121_1.txt$$$$安阳鑫时创冶金耐材有限公司
18637276121_2.txt$$$$安阳鑫时创冶金耐材有限公司
