13335643777_2.txt$$$$安徽琪祥电气科技有限公司
13335722888.txt$$$$湖州天诺物流有限公司
13335746162.txt$$$$宁波路安物流
13335814086.txt$$$$杭州佰诺文化艺术策划有限公司
13335887950.txt$$$$杭州张氏通和鞋业有限公司
13335907367.txt$$$$义乌市辉煌建材有限公司
13335907367_1.txt$$$$义乌市辉煌建材有限公司
13335907367_2.txt$$$$义乌市辉煌建材有限公司
13335921902.txt$$$$浦江同鑫废旧金属回收有限公司
13335921902_1.txt$$$$浦江同鑫废旧金属回收有限公司
13335921902_2.txt$$$$浦江同鑫废旧金属回收有限公司
13335948252.txt$$$$永康市恒鹰自动化设备有限公司
13335948252_1.txt$$$$永康市恒鹰自动化设备有限公司
13335948252_2.txt$$$$永康市恒鹰自动化设备有限公司
13335962115.txt$$$$江西法宝建材有限公司
13335962115_1.txt$$$$江西法宝建材有限公司
13335962115_2.txt$$$$江西法宝建材有限公司
13335985972.txt$$$$金华市科华涂料有限公司
13336010926.txt$$$$杭州绿牌百叶窗有限公司
13336011355.txt$$$$杭州铭驰消防设备有限公司
13336027594.txt$$$$杭州金键智能科技有限公司
13336029605.txt$$$$富阳拓得进出口有限公司
13336090702.txt$$$$杭州全都来了网络科技有限公司
13336110691.txt$$$$杭州玉棕金属制品有限公司
13336110691_1.txt$$$$杭州玉棕金属制品有限公司
13336160217.txt$$$$浙江格锐特包装材料有限公司
13336171729.txt$$$$杭州景尚机电设备有限公司
13336171729_1.txt$$$$杭州景尚机电设备有限公司
13336171729_2.txt$$$$杭州景尚机电设备有限公司
13336180087.txt$$$$杭州润泽企业管理咨询有限公司
