18026385286.txt$$$$佛山市滤之杰环保科技有限公司
18026386089.txt$$$$广州利锋机电设备有限公司
18026386457.txt$$$$广州奥昱威电梯设备有限公司
18026401528.txt$$$$广东中祥新材料股份有限公司
18026406692.txt$$$$广州市凌风钢铁加工有限公司
18026406692_1.txt$$$$广州市凌风钢铁加工有限公司
18026406692_2.txt$$$$广州市凌风钢铁加工有限公司
18026513101.txt$$$$广东中海南联能源有限责任公司
18026523808.txt$$$$惠州市创源安消防设备工程有限公司
18026532081.txt$$$$惠州市香江兰昕实业有限公司
18026577600.txt$$$$惠州市惠城区金钻钟爱一生婚纱影楼
18026607637.txt$$$$惠州华力晟源科技有限公司
18026614969.txt$$$$惠州市天迈试验仪器有限公司
18026655997.txt$$$$惠州市易凡特电子设备有限公司
18026681117.txt$$$$惠州市惠城区优亮汽车配件中心
18026791591.txt$$$$江门市奥利新材料有限公司
18026912201.txt$$$$深圳中易付网络科技有限公司
18026926246.txt$$$$深圳市捷易科技有限公司
18026963343.txt$$$$深圳市宝安区燕罗长宏康电子厂
18026964578.txt$$$$深圳波络广告有限公司
18026980018.txt$$$$深圳市华创世纪照明有限公司
18026999888.txt$$$$深圳市发卫士生物科技有限公司
18026999888_1.txt$$$$深圳市发卫士生物科技有限公司
18026999888_2.txt$$$$深圳市发卫士生物科技有限公司
18027013246.txt$$$$东莞市同想五金有限公司
18027039156.txt$$$$东莞市云熙激光设备有限公司
18027051516.txt$$$$东莞市神誉五金科技有限公司
18027051516_1.txt$$$$东莞市神誉五金科技有限公司
18027051516_2.txt$$$$东莞市神誉五金科技有限公司
18027088343.txt$$$$东莞市虎门国希五金加工厂
