18979937381.txt$$$$江西世纪行安装有限公司
18979988077.txt$$$$江西世纪行安装工程有限公司
18980001108.txt$$$$久强丝网制造有限公司
18980083611.txt$$$$成都网世春天科技有限公司
18980118888.txt$$$$辽阳坤鼎石墨制品有限公司
18980447293.txt$$$$成都市东逸致盛家具有限公司
18980553240.txt$$$$成都大写艺培训学校
18980565137.txt$$$$成都市永星辰光电科技有限公司
18980583175.txt$$$$成都卡帕质量技术服务有限公司
18980700304.txt$$$$四川咖范网络科技有限公司
18980705981.txt$$$$四川厨泰天下食品有限公司
18980731937.txt$$$$成都市宏峰酿造原料有限公司
18980732183.txt$$$$四川致远光科技有限责任公司
18980772753.txt$$$$成都市共建科技有限公司
18980822008.txt$$$$武汉客道宝智能科技有限公司
18980825170.txt$$$$成都市三林环保工程有限公司
18980894633.txt$$$$成都泽川源管道设备有限公司
18980898928.txt$$$$成都安以机电设备有限公司
18980904332.txt$$$$成都隆德利自动门有限公司
18980919874.txt$$$$南充恒博新能源科技有限公司1
18980920291.txt$$$$成都铁科环境治理有限公司
18980981899.txt$$$$四川欣盛悦机械设备工程有限公司
18980981899_1.txt$$$$四川欣盛悦机械设备工程有限公司
18980981899_2.txt$$$$四川欣盛悦机械设备工程有限公司
18980986955.txt$$$$武侯区华典文体用品经营部
18981044737.txt$$$$广汉石马建材有限公司
18981111345.txt$$$$四川汇城宜家装饰工程有限公司
18981136706.txt$$$$四川绵阳地头蛇蛇类养殖合作社
18981237836.txt$$$$苍溪县蜀秀花果农业科技开发有限公司
18981370910.txt$$$$峨眉山恒利彩印包装有限公司
