18922800392.txt$$$$深圳市丽晶微电子科技有限公司
18922808785.txt$$$$深圳海博视科技有限公司
18922836724.txt$$$$深圳市森树强电子科技有限公司
18922843331.txt$$$$深圳市恒域新和电子有限公司
18922843331_1.txt$$$$深圳市恒域新和电子有限公司
18922843331_2.txt$$$$深圳市恒域新和电子有限公司
18922857717.txt$$$$深圳市星际电子有限公司
18922860661.txt$$$$深圳市宇航电子有限公司
18922865558.txt$$$$深圳市金利群清洁服务有限公司
18922870781.txt$$$$深圳市汇元仓储设备有限公司
18922876588.txt$$$$深圳市泷浩鑫自动化科技有限公司
18922882430.txt$$$$深圳市赢方科技有限公司
18922884809.txt$$$$深圳市迪霸数控设备有限公司
18922894770.txt$$$$深圳旭立饮品有限公司
18922900087.txt$$$$深圳市纽麦电子有限公司
18922901285.txt$$$$东莞市创越机械有限公司
18922908694.txt$$$$东莞市铭铉自动化科技有限公司
18922915236.txt$$$$东莞市鹏庆电子仪器有限公司
18922915686.txt$$$$东莞市飞新达精密机械科技有限公司
18922916699.txt$$$$东莞市九嘉通信科技有限公司
18922925482.txt$$$$东莞市小林电子有限公司
18922926899.txt$$$$东莞市振业模型有限公司
18922926899_1.txt$$$$东莞市振业模型有限公司
18922926899_2.txt$$$$东莞市振业模型有限公司
18922930659.txt$$$$东莞雅日玻璃钢有限公司
18922941510.txt$$$$东莞市深立得自动化设备有限公司
18922943662.txt$$$$东莞市寮步信成潜水料箱包有限公司
18922957286.txt$$$$东莞市壹唯传动器材有限公司
18922958561.txt$$$$东莞市牧野润滑油有限公司
18922960663.txt$$$$东莞市旺顺达活性炭有限公司
