15515556336_1.txt$$$$河南诚迈机械有限公司
15515556336_2.txt$$$$河南诚迈机械有限公司
15515556336_3.txt$$$$河南诚迈机械有限公司
15515558093.txt$$$$郑州市中企耐火材料有限公司
15515559377.txt$$$$郑州铝都阀门有限公司
15515559919.txt$$$$海博尔净化工程有限公司
15515564040.txt$$$$河南豫商设备制造有限公司
15515574040.txt$$$$河南豫商重型设备有限公司
15515577215.txt$$$$河南欧之简膜结构工程有限公司
15515577774.txt$$$$绍兴鸿诺装饰材料有限公司
15515578279.txt$$$$郑州惠银空调环保工程有限公司
15515579915.txt$$$$新郑市童鑫废品回收部
15515579915_1.txt$$$$新郑市童鑫废品回收部
15515581810.txt$$$$河南云信海网络技术有限公司
15515581810_1.txt$$$$河南云信海网络技术有限公司
15515581810_2.txt$$$$河南云信海网络技术有限公司
15515581810_3.txt$$$$河南云信海网络技术有限公司
15515584182.txt$$$$郑州市宏德游乐设备有限公司
15515584182_1.txt$$$$郑州市宏德游乐设备有限公司
15515585801.txt$$$$河南万佳泡沫板厂
15515585801_1.txt$$$$河南外墙保温材料有限公司
15515585801_2.txt$$$$河南地暖材料板材有限公司
15515588056.txt$$$$河南景龙机械设备有限公司
15515591721.txt$$$$上海踏福木业有限公司
15515597989.txt$$$$河南丹盾家居用品有限公司
15515599099.txt$$$$郑州新征程教育科技有限公司
15515608755.txt$$$$郑州新怡服装厂
15515610867.txt$$$$荥阳市漫通游乐设备有限公司
15515611785.txt$$$$郑州春泉节能股份有限公司
15515655423.txt$$$$河南百思特制冷设备有限公司
