13007831682_1.txt$$$$武汉永隆酒业有限责任公司
13008104441.txt$$$$成都胜程网络科技有限公司
13008110130.txt$$$$成都明厨科技有限公司
13008148575.txt$$$$成都威孚云锅炉有限公司
13008148575_1.txt$$$$成都威孚云锅炉有限公司
13008148575_2.txt$$$$成都威孚云锅炉有限公司
13008191027.txt$$$$四川叶脉环保科技有限公司
13008191027_1.txt$$$$四川叶脉环保科技有限公司
13008191027_2.txt$$$$四川叶脉环保科技有限公司
13008314567.txt$$$$重庆欧美乐环保科技有限公司
13008314567_1.txt$$$$重庆欧美乐环保科技有限公司
13008314567_2.txt$$$$重庆欧美乐环保科技有限公司
13008700687.txt$$$$甘肃杭天工贸有限公司
13008704889.txt$$$$兰州广源货运
13008826362.txt$$$$深圳市华升微电子有限公司
13008834080.txt$$$$深圳市快修机电设备有限公司
13008867918.txt$$$$深圳市华科智源科技有限公司
13008867918_1.txt$$$$深圳市华科智源科技有限公司
13008876917.txt$$$$叙江南品牌管理（深圳）有限公司
13008879084.txt$$$$南京耿立东国际贸易有限公司
13008884728.txt$$$$深圳市坤发机电设备有限公司
13008889191.txt$$$$深圳市木林印务有限公司
13008893813.txt$$$$深圳市福田区东利电子商行
13009134539.txt$$$$长春市二道区峰华建筑器材经销处
13009872776.txt$$$$哈尔滨翼翔鸿业科技有限公司
13011049312.txt$$$$北京容域普达科技有限公司
13011073468.txt$$$$北京金媚华彩科技有限公司
13011076516.txt$$$$军通达物流
13011119236.txt$$$$枣强县华腾工程技术服务有限公司
13011123905.txt$$$$北京市维卡莱林户外用品有限公司
