18700871935.txt$$$$陕西三峰科技有限公司
18700871935_1.txt$$$$陕西三峰科技有限公司
18700871935_2.txt$$$$陕西三峰科技有限公司
18700887119.txt$$$$西安瑞昌管道设备有限公司
18701068059.txt$$$$北京昕盛源环保科技有限公司
18701078172.txt$$$$艾尚国际展览有限公司
18701090588.txt$$$$北京龙山科技有限公司
18701114673.txt$$$$北京凯达科仪科技有限公司
18701252572.txt$$$$北京艾尔利达科技有限公司
18701286009.txt$$$$北京远洋四海家具有限公司
18701347119.txt$$$$北京双安益公共安全设备有限公司
18701367241.txt$$$$安捷美（北京）国际展览有限公司
18701373520.txt$$$$中科正奇（北京）科技有限公司
18701387006.txt$$$$北京君典弘盛服装服饰有限公司
18701387937.txt$$$$海鸿达管道疏通清洗北京有限公司
18701388086.txt$$$$北京万福华科环保科技有限公司
18701432035.txt$$$$北京中食菌网络科技有限公司
18701432932.txt$$$$北京中科蓝电科技有限公司
18701432932_1.txt$$$$北京中科蓝电科技有限公司
18701432932_2.txt$$$$北京中科蓝电科技有限公司
18701547886.txt$$$$北京欣中农油泵油嘴维修有限公司
18701547886_1.txt$$$$北京欣中农油泵油嘴维修有限公司
18701547886_2.txt$$$$北京欣中农油泵油嘴维修有限公司
18701581732.txt$$$$北京创恒源环保设备科技有限公司
18701581732_1.txt$$$$铭源凯德过滤设备（北京）有限公司
18701634966.txt$$$$北京华美科博科技发展有限公司
18701680253.txt$$$$北京佳合天成新技术有限公司
18701693529.txt$$$$北京众和国际展览有限公司
18701751494.txt$$$$上海霍桐实验仪器有限公司
18701757548.txt$$$$上海划娟保洁服务有限公司
