17855129177.txt$$$$合肥华建供水技术有限公司
17855129177_1.txt$$$$合肥华建供水技术有限公司
17855129669.txt$$$$合肥瑞智恒通电子科技有限公司
17855135593.txt$$$$安徽九六环保科技有限公司
17855232888.txt$$$$金寨县瑞阳园林建材厂
17855232888_1.txt$$$$金寨县瑞阳园林建材厂
17855232888_2.txt$$$$金寨县瑞阳园林建材厂
17855362277.txt$$$$芜湖山水环保科技有限公司
17855362277_1.txt$$$$芜湖山水环保科技有限公司
17855613759.txt$$$$芜湖鸿尚自动门有限公司
17855613759_1.txt$$$$芜湖鸿尚自动门有限公司
17855681388.txt$$$$安徽三丰刷业有限公司
17856009795.txt$$$$滁州二创保温材料有限公司
17856009795_1.txt$$$$滁州二创保温材料有限公司
17856048451.txt$$$$凤阳县鑫盾工程防护有限公司
17856433007.txt$$$$苏州贝茜婚纱礼服有限公司
17857330951.txt$$$$山东智航仪表有限公司
17857330951_1.txt$$$$台州市映美塑业有限公司
17857330951_2.txt$$$$大城县士堃机械设备厂
17857330951_3.txt$$$$庆元县聚成家居商行
17857361486.txt$$$$嘉善三益有限公司
17857366799.txt$$$$嘉兴惠通布艺有限公司
17857575701.txt$$$$义乌市大鼎电气设备有限公司
17857575701_1.txt$$$$义乌市大鼎电气设备有限公司
17857575701_2.txt$$$$义乌市大鼎电气设备有限公司
17857579112.txt$$$$义乌市正税财务咨询有限公司
17857579112_1.txt$$$$义乌市正税财务咨询有限公司
17857579112_2.txt$$$$义乌市正税财务咨询有限公司
17858281756.txt$$$$台州市佳信婴童用品有限公司
17858585702.txt$$$$浙江康劲机械有限公司
