13961737743.txt$$$$无锡乐道模型有限公司
13961738566.txt$$$$无锡市一淼特钢有限公司
13961748868.txt$$$$无锡钢动力钢铁有限公司
13961753688.txt$$$$无锡市精恒液压元件有限公司
13961772889.txt$$$$无锡苏通机械有限公司
13961781007.txt$$$$无锡宏运蜂窝包装材料有限公司
13961786595.txt$$$$无锡宏信传动科技有限公司
13961787468.txt$$$$无锡富昌特钢有限公司
13961788219.txt$$$$无锡圣协亚科技有限公司
13961829275.txt$$$$无锡新龙科技有限公司
13961832391.txt$$$$无锡优耐特净化装备有限公司
13961851795.txt$$$$无锡朝达电子科技有限公司
13961858098.txt$$$$无锡市永如轻化设备厂
13961869138.txt$$$$无锡意高机电设备有限公司
13961995499.txt$$$$江苏绿祥建设发展有限公司
13962027437.txt$$$$江苏双利供水设备有限公司
13962100109.txt$$$$吴中区金庭盛海林果园艺场
13962119740.txt$$$$苏州工业园区三兴净化科技有限公司
13962129255.txt$$$$昆山合亿胜电子有限公司
13962137150.txt$$$$杭州峻博防火材料有限公司
13962139968.txt$$$$苏州吴中经济开发区得利高移印丝印器材商行
13962139968_1.txt$$$$苏州吴中经济开发区得利高移印丝印器材商行
13962139968_2.txt$$$$苏州吴中经济开发区得利高移印丝印器材商行
13962146169.txt$$$$苏州泰齐电子科技有限公司
13962161537.txt$$$$苏州浚辉进出口贸易有限公司
13962162613.txt$$$$苏州绿城桥梁景观工程有限公司
13962168299.txt$$$$苏州天助网络信息有限公司
13962171916.txt$$$$苏州汶顥微流控技术股份有限公司
13962173082.txt$$$$张家港市创格机械科技有限公司
13962173306.txt$$$$苏州菲涞尼机械科技有限公司
