17776937280.txt$$$$海南星皇投资有限公司
17777862530.txt$$$$北京明基伟业环保科技发展有限公司
17777862530_1.txt$$$$深圳市碧海青云净化科技有限公司
17777862530_2.txt$$$$北京明基环保发展有限公司
17777863530.txt$$$$北京明基环保科技发展有限公司
17777863530_1.txt$$$$北京明基伟业环保发展有限公司
17777863530_2.txt$$$$北京明基环保发展有限公司
17777865407.txt$$$$上海歌华展览服务有限公司
17777866891.txt$$$$北京简式创意科技有限公司
17778000637.txt$$$$北京雅文国际会展有限公司
17778000735.txt$$$$北京.雅文展览有限公司
17778076219.txt$$$$（北京）中博国际展览有限公司
17778092994.txt$$$$众和国际展览有限公司
17778124896.txt$$$$北京京坤律师事务所
17778124896_1.txt$$$$北京京坤律师事务所
17778124896_2.txt$$$$北京京坤律师事务所
17778139350.txt$$$$北京力动健身器材有限公司
17778181993.txt$$$$筑梦者（北京）能源科技有限公司
17778255377.txt$$$$河北通洲电力科技有限公司
17778390764.txt$$$$成都天依科创科技有限公司
17778398843.txt$$$$成都亥步健康管理有限公司
17778553179.txt$$$$四川麦斯普洛赛斯自控技术有限公司
17778802757.txt$$$$定兴县利新废旧金属回收有限公司
17778810396.txt$$$$河北紫旭节能环保技术咨询有限公司
17778824035.txt$$$$河北凯运管道装备制造有限公司
17778825350.txt$$$$沧州盛丰管道防腐工程有限公司
17778827410.txt$$$$河北森然环保工程有限公司
17778827774.txt$$$$任丘市启运剪板厂
17778828439.txt$$$$泊头市拓新除尘设备厂
17778837509.txt$$$$沧州宝川网络技术有限公司
