13826986837.txt$$$$东莞市金罐包装制品有限公司
13827006155.txt$$$$新会区三江镇卡斯乐建筑材料厂
13827059936.txt$$$$江门市卡斯乐建材有限公司
13827059936_1.txt$$$$江门市卡斯乐建材有限公司
13827070812.txt$$$$广州市顿奇建筑工程有限公司
13827096628.txt$$$$蓬江区创达数码音响厂
13827205718.txt$$$$广东胜和人防工程有限公司
13827206279.txt$$$$东莞市德硕五金机电有限公司
13827206370.txt$$$$东莞市善腾建筑工程有限公司
13827207355.txt$$$$青州豪格彩印包装有限公司
13827209036.txt$$$$东莞市新日通物流
13827211159.txt$$$$东莞市蓝冠环保节能科技有限公司
13827211229.txt$$$$北欧（东莞）真空设备有限公司
13827211229_1.txt$$$$北欧（东莞）真空设备有限公司
13827215592.txt$$$$东莞市锐士达环保设备工程有限公司
13827228294.txt$$$$东莞希思克传动科技有限公司
13827228294_1.txt$$$$东莞希思克传动科技有限公司
13827228294_2.txt$$$$东莞希思克传动科技有限公司
13827231969.txt$$$$广东启明星纸品有限公司
13827232861.txt$$$$东莞市大朗风源通风设备厂
13827232861_1.txt$$$$东莞市风源通风降温设备有限公司
13827233883.txt$$$$东莞市逸尔金属材料有限公司
13827234587.txt$$$$东莞市东城钢王保险柜经营部
13827235218.txt$$$$东莞市富鑫玻璃制品有限公司
13827238012.txt$$$$广东居峰环境科技有限公司
13827241001.txt$$$$广东日风通风降温设备有限公司
13827248356.txt$$$$东莞市仁智包装科技有限公司
13827248571.txt$$$$东莞市研泰化学科技有限公司
13827249125.txt$$$$东莞市均逸实业有限公司
13827249125_1.txt$$$$东莞市均逸实业有限公司
