15811259752_2.txt$$$$北京正印科技有限公司
15811309771.txt$$$$北京华鲁净化科技发展有限公司
15811318575.txt$$$$北京中辉万达特钢有限公司
15811322439.txt$$$$北京金鸽子装饰设计有限公司
15811512873.txt$$$$北京新明华国际展览有限公司
15811582004.txt$$$$北京贝诺机电设备有限公司
15811812398.txt$$$$东莞市欣宁包装制品有限公司
15811815678.txt$$$$德广工业科技（深圳）有限公司
15811824475.txt$$$$深圳市三合力粘胶制品有限公司
15811874701.txt$$$$广州德威国际货运代理有限公司
15811887032.txt$$$$广州杰晖建设工程有限公司
15811913231.txt$$$$丰顺工贸（香港）有限公司
15812072071.txt$$$$昆明市西山区鸿运天成玻璃经营部
15812072071_1.txt$$$$昆明市西山区鸿运天成玻璃经营部
15812362884.txt$$$$广州丰东贸易有限公司
15812427726.txt$$$$广州创泰机电设备有限公司
15812448206.txt$$$$安美环境服务（广州）有限公司
15812622390.txt$$$$珠海市力奇广告有限公司
15812780513.txt$$$$珠海辉腾会展有限公司
15812807998.txt$$$$东莞市振安通风降温设备工程有限公司
15812812818.txt$$$$东莞莞美膳食管理服务有限公司
15812814965.txt$$$$东莞市粤力叉车租赁有限公司
15812828266.txt$$$$巴普曼工业科技(广东)有限公司
15812838135.txt$$$$东莞市顺衡塑胶五金制品有限公司
15812852812.txt$$$$东莞市鼎峰激光科技有限公司
15812855966.txt$$$$东莞市亚布力气动液压设备科技有限公司
15812883377.txt$$$$东莞市钢都金属制品有限公司
15812888533.txt$$$$东莞市智鑫环保机械有限公司
15812889233.txt$$$$东莞市南城兴能机械五金厂
15812893600.txt$$$$湖北骏晖鑫诚钢结构工程有限公司
