15861686199.txt$$$$无锡玖翔物流有限公司
15861688525.txt$$$$苏州振东机电安装工程有限公司
15861688525_1.txt$$$$苏州翼宝玲机电安装工程有限公司
15861933607.txt$$$$盐城海豚水下工程有限公司
15861989422.txt$$$$盐城市奇联电力设备有限公司
15861998207.txt$$$$盐城市沃特机械设备有限公司
15862094548.txt$$$$盐城市润思健康科技有限公司
15862105549.txt$$$$邳州市四方缘银杏苗木基地
15862123297.txt$$$$邳州市博宇银杏苗木购销部
15862193000.txt$$$$邳州市旭尧苗木种植专业合作社
15862269300.txt$$$$徐州腾飞工程塑料有限公司
15862324676.txt$$$$苏州登正机电有限公司
15862331248.txt$$$$苏州市奥德莱电气设备有限公司
15862334324.txt$$$$相城经济技术开发区秋实水暖经营部
15862335600.txt$$$$苏州科瑞特门业有限公司
15862366268.txt$$$$苏州鸿太阳机械涂装工程有限公司
15862390791.txt$$$$苏州汉弗瑞自动化科技有限公司
15862394555.txt$$$$苏州奢而贸易有限公司
15862399345.txt$$$$京联物流（苏州）有限公司
15862407456.txt$$$$常州大圣雕塑有限公司
15862414677.txt$$$$苏州文俊净化设备有限公司
15862416264.txt$$$$苏州毅达机电工程有限公司
15862419880.txt$$$$苏州豪安移动板房有限公司
15862475019.txt$$$$苏州金信智能系统工程有限公司
15862501967.txt$$$$苏州大佣网网络科技有限公司
15862507773.txt$$$$苏州康杰防水工程有限公司
15862510081.txt$$$$苏州巨美广告传媒有限公司
15862518860.txt$$$$苏州索高自动化有限公司
15862521218.txt$$$$江苏森荣办公家具有限公司
15862524656.txt$$$$苏州华冠科技有限公司
