18120815397.txt$$$$福州超德灌溉设备有限公司
18120816286.txt$$$$福州陈连村餐饮管理有限公司
18120889862.txt$$$$福建连畅科技有限公司
18120901366.txt$$$$福州中传百纳展览服务有限公司
18121011828.txt$$$$奥淇环境科技（上海）有限公司东北分公司
18121012230.txt$$$$上海金勒电气成套有限公司
18121104484.txt$$$$上海轩逸电子商务有限公司
18121105440.txt$$$$上海玛尔斯制冷设备有限公司
18121107976.txt$$$$上海西卡姆电力设备有限公司
18121109938.txt$$$$上海纳塑合金科技有限公司
18121134822.txt$$$$上海颀普静电科技有限公司
18121153115.txt$$$$湖州牧源禽类专业合作社
18121153115_1.txt$$$$湖州牧源禽类专业合作社
18121238823.txt$$$$上海徼熙激光设备有限公司
18121259810.txt$$$$上海赫哲真空设备有限公司
18121321640.txt$$$$上海碧静日化科技有限公司
18121346689.txt$$$$特赫实业（上海）有限公司
18121373276.txt$$$$上海豪满液压机电设备有限公司
18121388846.txt$$$$上海昆炼阀门制造有限公司
18121406360.txt$$$$上海谷邦（离子氮化）金属制品厂
18121588802.txt$$$$苏州荣保昌环保科技有限公司
18121588959.txt$$$$苏州鑫浩包装制品有限公司
18121590901.txt$$$$苏州埃文特种合金有限公司
18121757077.txt$$$$晟喜源标牌工程有限公司
18121766865.txt$$$$徐州永卓机械制造有限公司
18122010842.txt$$$$广州依佳琦服饰有限公司
18122020811.txt$$$$广东拿斯特（国际）照明有限公司
18122026865.txt$$$$广州融润家具展柜制造有限公司
18122034758.txt$$$$广州悦浪水上乐园设备有限公司
18122042994.txt$$$$广州兰瑟工业设备有限公司
