15919065667.txt$$$$佛山优石丽建筑材料有限公司
15919066330.txt$$$$佛山市千达包装科技有限公司
15919076650.txt$$$$广州市威沃菲环保科技有限公司
15919076650_1.txt$$$$广州市威沃菲环保科技有限公司
15919076650_2.txt$$$$广州市威沃菲环保科技有限公司
15919083096.txt$$$$广东博德精工建材有限公司
15919241999.txt$$$$珠海思曼捷打印耗材有限公司
15919312701.txt$$$$广州奥鹏能源科技有限公司
15919464663.txt$$$$深圳汇通三维打印科技有限公司
15919468578.txt$$$$深圳市鹏达铜铝金属材料有限公司
15919526456.txt$$$$潮州市湘桥区奕嘉电器厂
15919578989.txt$$$$广东双瀛品牌运营管理有限公司
15919597703.txt$$$$广东吉康环境系统科技有限公司
15919615145.txt$$$$广州市众鑫服装道具有限公司
15919630252.txt$$$$广州百城工艺品有限公司
15919763337.txt$$$$深圳市华航润滑科技有限公司
15919763337_1.txt$$$$深圳市华航润滑科技有限公司
15919765614.txt$$$$晶锐创显科技(深圳)有限公司
15919811006.txt$$$$深圳市科顺源电气有限公司
15919811975.txt$$$$奥利润滑油（深圳）有限公司
15919815456.txt$$$$东莞市旭易升胶粘剂有限公司
15919815634.txt$$$$深圳市宸安特科技有限公司
15919825818.txt$$$$深圳市超凡五金塑胶加工厂
15919841036.txt$$$$鸿泰安达科技有限公司
15919842509.txt$$$$深圳市兢诚科技有限公司
15919851192.txt$$$$深圳一品红装饰设计工程有限公司
15919857773.txt$$$$深圳市鹏兴电动门业有限公司
15919859788.txt$$$$东莞市千屹真空技术有限公司
15919859788_1.txt$$$$深圳市恒达鑫饰品有限公司
15919859788_2.txt$$$$深圳市恒达鑫饰品有限公司
