18024185011.txt$$$$佛山创美恒不锈钢制品有限公司
18024300830.txt$$$$东莞市石排百吉货运
18024314507.txt$$$$东莞市蜂鸟国际物流有限公司
18024324529.txt$$$$东莞市创诺塑化有限公司
18024330488.txt$$$$东莞市立美体育设施有限公司
18024330488_1.txt$$$$东莞市立美体育设施有限公司
18024330488_2.txt$$$$东莞市立美体育设施有限公司
18024330488_3.txt$$$$东莞市立美体育设施有限公司
18024354791.txt$$$$东莞市畅通自动化科技有限公司
18024379222.txt$$$$中山市兴联绝缘材料制品有限公司
18024382306.txt$$$$东莞市豪振自动化设备有限公司
18024420264.txt$$$$东莞市豪兴家具有限公司
18024425551.txt$$$$塘厦丰雅电子厂
18024445017.txt$$$$东莞市翔晟节能设备有限公司
18024445017_1.txt$$$$东莞市翔晟节能设备有限公司
18024445017_2.txt$$$$东莞市翔晟节能设备有限公司
18024445017_3.txt$$$$东莞市翔晟节能设备有限公司
18024540886.txt$$$$广州宝千商贸有限公司
18024555977.txt$$$$鬼脚七（佛山）科技有限公司
18024556720.txt$$$$广州泰运电子科技有限公司
18024560073.txt$$$$广州市慕深商厨电子商务有限公司
18024560073_1.txt$$$$广州市慕深商厨电子商务有限公司
18024566688.txt$$$$广州市金穗包装制品有限公司
18024567530.txt$$$$广州荣盛智能科技有限公司
18024574236.txt$$$$广州盛合威科技有限公司
18024620755.txt$$$$东莞市大视界环保涂料贸易有限公司
18024660848.txt$$$$广州诚成液压器材有限公司
18024666150.txt$$$$广州捷源环保工程有限公司
18024682008.txt$$$$东莞市商恩信息科技有限公司
18024682008_1.txt$$$$东莞市商恩信息科技有限公司
