15095062999_1.txt$$$$临清市奇强轴承有限公司
15095070304.txt$$$$聊城市万汇金属材料有限公司
15095070304_1.txt$$$$山东聊城万汇金属材料管材有限公司
15095091172.txt$$$$山东宝阳干燥设备科技有限公司
15095106123.txt$$$$潍坊九鼎盛邦机械科技有限公司
15095107188.txt$$$$潍坊市兴盛机械有限责任公司
15095107188_1.txt$$$$潍坊市兴盛机械有限责任公司
15095122046.txt$$$$富科环保有限公司
15095126808.txt$$$$山东亚坤金属制品有限公司
15095150867.txt$$$$青州鑫泽农业科技有限公司
15095152877.txt$$$$潍坊帕尔曼粉体设备有限公司
15095155882.txt$$$$诸城市天顺机械有限公司
15095161079.txt$$$$临朐县凯镁车库门制品厂
15095166342.txt$$$$诸城汇康食品机械有限公司
15095169598.txt$$$$潍坊凯旋环保科技有限公司
15095170095.txt$$$$青州市新航机械设备有限公司1
15095172731.txt$$$$诸城昱泰食品机械厂
15095195335.txt$$$$山东海煜重工有限公司
15095206768.txt$$$$青州市永胜矿沙机械有限公司
15095206768_1.txt$$$$青州市华洋矿沙机械有限公司
15095217168.txt$$$$诸城市祥隆食品机械有限公司
15095218785.txt$$$$诸城市利顺机械厂
15095220555.txt$$$$诸城市匠品机械有限公司
15095220555_1.txt$$$$诸城市匠品机械有限公司
15095220555_2.txt$$$$诸城市匠品机械有限公司
15095227555.txt$$$$青州市振业机械厂
15095233570.txt$$$$德贝缘餐饮管理有限公司
15095233771.txt$$$$磁选机-山东科力华电磁设备有限公司
15095236909.txt$$$$潍坊中顺机械有限公司
15095253221.txt$$$$临朐县富地水泥护栏加工厂
