15100761295.txt$$$$沧州市海沧机械有限公司
15100763531.txt$$$$河北新启航管道设备有限公司
15100776965.txt$$$$泊头市科净环保设备有限公司
15100782232.txt$$$$沧州万诚管件有限公司
15100782800.txt$$$$沧州冀盐机械制造有限公司
15100782800_1.txt$$$$沧州冀盐机械制造有限公司
15100788548.txt$$$$沧州万和诚石化设备有限公司
15100795362.txt$$$$沧州坤航管件有限公司
15100795546.txt$$$$沧州市海威钢管有限公司
15100806272.txt$$$$河间市光大电缆桥架制造有限公司
15100806272_1.txt$$$$河间光大电缆桥架制造有限公司
15100820848.txt$$$$北京华康中天国际环保节能科技有限公司
15100825403.txt$$$$盐山县宇恒机床附件制造厂
15100838760.txt$$$$河北聚隆电力器材有限公司
15100851978.txt$$$$沧州希瑞食品有限公司
15100851995.txt$$$$河北亿金管道制造有限公司
15100857982.txt$$$$泊头市玖鑫铸造有限公司
15100860588.txt$$$$盐山乾福弯管制造厂
15100863944.txt$$$$泊头市新天环保设备有限公司
15100866863.txt$$$$沧州双美环卫设备有限公司
15100896866.txt$$$$邢台派德机械制造有限公司
15100900872.txt$$$$邢台鹏雪机械制造厂
15100900872_1.txt$$$$邢台鹏雪机械制造厂
15100900872_2.txt$$$$邢台鹏雪机械制造厂
15100907071.txt$$$$任县洋浦机械厂
15100918584.txt$$$$宁晋县科环水利机械厂
15100922338.txt$$$$隆尧县尧北里骥信通物流
15100956682.txt$$$$任县任达机械厂
15100962137.txt$$$$任县瑞裕机械厂
15100995855.txt$$$$任县功明机械厂
