13502631989.txt$$$$潮州市潮安区恒生陶瓷有限公司
13502690091.txt$$$$揭阳市弘顺不锈钢制品责任有限公司
13502811189.txt$$$$江西虔诚精密电镀有限公司
13502826518.txt$$$$深圳市超盛电子科技有限公司
13502830368.txt$$$$深圳市俊霖技术发展有限公司
13502834337.txt$$$$东莞市大朗春辉机械加工厂
13502837033.txt$$$$深圳市共安实业发展有限公司
13502839680.txt$$$$湖北九霖机械装备有限公司
13502839680_1.txt$$$$湖北九霖机械装备有限公司
13502839680_2.txt$$$$湖北九霖机械装备有限公司
13502850470.txt$$$$织金县珠藏镇先锋村创成肉牛养殖场
13502856249.txt$$$$东莞兴宏隆塑胶材料有限公司
13502856249_1.txt$$$$东莞兴宏隆塑胶材料有限公司
13502856249_2.txt$$$$东莞兴宏隆塑胶材料有限公司
13502860576.txt$$$$东莞市文聚塑胶制品有限公司
13502867763.txt$$$$深圳市艾德莱润滑油有限公司
13502868811.txt$$$$东莞市凯德盛科技有限公司
13502872463.txt$$$$深圳市星亚海绵制品有限公司
13502884150.txt$$$$深圳市建成辉科技有限公司
13502892460.txt$$$$深圳市亚虎通风设备有限公司
13502949775.txt$$$$汕头市瑞发货运有限公司
13502967883.txt$$$$汕头通德工艺制品有限公司
13503002023.txt$$$$广州壹号动漫科技有限公司
13503008166.txt$$$$广州鑫胜电线电缆有限公司
13503018048.txt$$$$广州市联思软件科技有限公司
13503018048_1.txt$$$$广州市联思软件科技有限公司
13503018048_2.txt$$$$广州市联思软件科技有限公司
13503020227.txt$$$$广州市尚驰电子科技有限公司
13503052632.txt$$$$广州丰正机械科技有限公司
13503055261.txt$$$$广州市豪美制冷工程有限公司
