15336397333.txt$$$$青岛千秀包装有限公司
15336409584.txt$$$$山东米良商务有限公司
15336535560.txt$$$$杭州科思达实验设备有限公司
15336535560_1.txt$$$$杭州科思达实验设备有限公司
15336535560_2.txt$$$$杭州科思达实验设备有限公司
15336568721.txt$$$$杭州佰聚亿塑胶科技有限公司
15336590255.txt$$$$杭州博驰科技有限公司
15336590255_1.txt$$$$杭州博驰科技有限公司
15336590255_2.txt$$$$杭州博驰科技有限公司
15336864895.txt$$$$绍兴鸿锐机械设备有限公司
15336912130.txt$$$$浙江鑫尚汇供应链管理有限公司
15336935518.txt$$$$金华市一路通餐饮技术咨询有限公司
15336935518_1.txt$$$$金华市一路通餐饮技术咨询有限公司
15336935518_2.txt$$$$金华市一路通餐饮技术咨询有限公司
15336958988.txt$$$$湖州鸿海家政服务有限公司
15337115135.txt$$$$武汉市天时制冷工程有限公司
15337119360.txt$$$$武汉瀚丰建筑工程有限公司
15337120026.txt$$$$武汉启明认证咨询有限公司
15337124189.txt$$$$武汉万诚亿事疏通工程有限公司
15337149360.txt$$$$武汉童心萌发文化发展有限公司
15337172217.txt$$$$湖北精微教育评价有限公司
15337205977.txt$$$$湖北精锐达环保设备有限公司
15337238537.txt$$$$武汉特马诺科技有限公司
15337238537_1.txt$$$$武汉特马诺科技有限公司
15337238537_2.txt$$$$武汉特马诺科技有限公司
15337262300.txt$$$$武汉鼎坤建材有限公司
15337268708.txt$$$$漆彩焕新（武汉）装饰工程有限公司
15337268708_1.txt$$$$漆彩焕新（武汉）装饰工程有限公司
15337274084.txt$$$$武汉市武昌区古风雕塑设计工作室
15337293276.txt$$$$武汉玖乐建筑装饰工程有限公司
