13602199488.txt$$$$天津市正元多邦泵业有限公司
13602199488_1.txt$$$$天津市正元多邦泵业有限公司
13602199488_2.txt$$$$天津市正元多邦泵业有限公司
13602215272.txt$$$$广州金新挖机配件有限公司
13602216376.txt$$$$深圳市龙岗区三九八服装厂
13602218779.txt$$$$广州博华动漫有限公司
13602223302.txt$$$$广州市铂莱公路建设仪器有限公司
13602224695.txt$$$$广州凯能电器科技有限公司
13602228457.txt$$$$金凯环保机械有限公司
13602229960.txt$$$$广州臻恒建材有限公司
13602260507.txt$$$$广州润淼康体设备有限公司
13602274633.txt$$$$广州市三原化工有限公司
13602288060.txt$$$$广州市宝涤机械制造有限责任公司
13602300279.txt$$$$东莞市博兴机械有限公司
13602300279_1.txt$$$$东莞市博兴机械有限公司
13602300279_2.txt$$$$东莞市博兴机械有限公司
13602301127.txt$$$$东莞市厚街旺隆鞋材厂
13602301127_1.txt$$$$东莞市厚街旺隆鞋材厂
13602301127_2.txt$$$$东莞市厚街旺隆鞋材厂
13602306353.txt$$$$东莞市三恩磁业有限公司
13602306353_1.txt$$$$东莞市三恩磁业有限公司
13602306353_2.txt$$$$东莞市三恩磁业有限公司
13602322950.txt$$$$东莞市民翊塑胶五金有限公司
13602329827.txt$$$$东莞市土田精密模具有限公司
13602329827_1.txt$$$$东莞市土田精密模具有限公司
13602329827_2.txt$$$$东莞市土田精密模具有限公司
13602330210.txt$$$$东莞市联鸿再生资源回收有限公司
13602330210_1.txt$$$$东莞市联鸿再生资源回收有限公司
13602330210_2.txt$$$$东莞市联鸿再生资源回收有限公司
13602333853.txt$$$$东莞市立江高分子制品有限公司
