17731965750_2.txt$$$$任县千润机械制造厂
17731976890.txt$$$$河北顺诺橡塑制品有限公司
17732067333.txt$$$$邯郸爱玛家家政服务有限公司
17732067333_1.txt$$$$邯郸爱玛家家政服务有限公司
17732067333_2.txt$$$$邯郸爱玛家家政服务有限公司
17732081456.txt$$$$邯郸市永年区高新区益通紧固件综合加工厂
17732081456_1.txt$$$$邯郸市永年区高新区益通紧固件综合加工厂
17732081456_2.txt$$$$邯郸市永年区高新区益通紧固件综合加工厂
17732125545.txt$$$$石家庄钢山贸易有限公司
17732165377.txt$$$$河北通洲电力有限公司
17732175296.txt$$$$石家庄梦圆商贸有限责任公司
17732219006.txt$$$$保定市清苑区微旺通风管道加工厂
17732259179.txt$$$$保定四方伊电气有限公司
17732307525.txt$$$$陕西瑞百吉科技有限公司
17732399669.txt$$$$振达管业
17732433386.txt$$$$定州市四丰环保科技有限公司
17732433386_1.txt$$$$定州市四丰环保科技有限公司
17732433386_2.txt$$$$定州市四丰环保科技有限公司
17732473057.txt$$$$沧州帝维管道制造有限公司
17732485638.txt$$$$泊头市曦晟环保设备有限公司
17732519183.txt$$$$河北鸿源管业集团有限公司
17732610993.txt$$$$北京安德建奇数字设备股份有限公司
17732669843.txt$$$$保定市博乐家政服务有限公司
17732808920.txt$$$$河北桥辉机械有限公司
17732808952.txt$$$$石家庄龙洋塑料包装有限公司
17732935187.txt$$$$南宫市荣铖燃气设备有限公司
17733050366.txt$$$$邯郸市博才人力资源有限公司
17733050366_1.txt$$$$邯郸市博才人力资源有限公司
17733050366_2.txt$$$$邯郸市博才人力资源有限公司
17733240503.txt$$$$张家口中博特生物技术有限公司
