15555503339.txt$$$$山东奇虎空调设备集团有限公司
15555512367.txt$$$$马鞍山汉德机械科技有限公司
15555512555.txt$$$$马鞍山市恒达轻质墙体材料有限公司
15555512555_1.txt$$$$马鞍山市恒达轻质墙体材料有限公司
15555521000.txt$$$$马鞍山市旭博机械刀具厂
15555521000_1.txt$$$$马鞍山市旭博机械刀具厂
15555521000_2.txt$$$$马鞍山市旭博机械刀具厂
15555530601.txt$$$$亚太水（天长）工程有限公司
15555535749.txt$$$$江苏良工执行器有限公司
15555559511.txt$$$$福州宝丰阁金属制品有限公司
15555567955.txt$$$$安徽中皖自动化科技有限公司
15555728831.txt$$$$安徽汇诚精工机械制造有限公司
15555728831_1.txt$$$$安徽汇诚精工机械制造有限公司
15555728831_2.txt$$$$安徽汇诚精工机械制造有限公司
15555728831_3.txt$$$$安徽汇诚精工机械制造有限公司
15555881568.txt$$$$阜阳超源硅胶制品有限公司
15555892682.txt$$$$佛山市红万李环保科技有限公司
15555892682_1.txt$$$$佛山市红万李环保科技有限公司
15555892682_2.txt$$$$佛山市红万李环保科技有限公司
15555923587.txt$$$$宿州市强盛食品机械制造有限公司
15555926328.txt$$$$邦烨会展服务（上海）有限公司
15556081228.txt$$$$安徽古梗农庄农业科技有限公司
15556300666.txt$$$$沭阳县沭城镇大连路新天地花木种子经营部
15556447777.txt$$$$安徽欧美林实验设备科技有限公司
15556459029.txt$$$$合肥皖一焊接器材有限公司
15556531196.txt$$$$合肥泰诺环保科技有限公司
15556565696.txt$$$$东莞市谷尔惠服饰有限公司
15556928268.txt$$$$肥东县森胜产品包装有限公司
15556961811.txt$$$$合肥瑶海区俏明月布艺商行
15556961811_1.txt$$$$合肥瑶海区俏明月布艺商行
