18639005995.txt$$$$河南金宏源电子科技有限公司
18639006816.txt$$$$新郑市龙湖镇巨联管材经营部
18639017701.txt$$$$郑州尚族贸易有限公司
18639022063.txt$$$$河南威派体育器材有限公司
18639023269.txt$$$$河南鑫众合金融服务有限公司
18639023269_1.txt$$$$郑州世鑫体科游乐设备有限公司
18639023269_2.txt$$$$郑州世鑫体科游乐设备有限公司
18639032918.txt$$$$河南吉德智慧农林有限公司
18639032918_1.txt$$$$河南吉德智慧农林有限公司
18639032918_2.txt$$$$河南吉德智慧农林有限公司
18639069997.txt$$$$安阳市泰达冶金耐材有限公司
18639081086.txt$$$$安阳市安星水处理设备有限责任公司
18639096375.txt$$$$河南广慧会计服务有限公司
18639096375_1.txt$$$$鹤壁广慧会计服务有限公司
18639096375_2.txt$$$$鹤壁广慧会计服务有限公司
18639096375_3.txt$$$$鹤壁广慧会计服务有限公司
18639096375_4.txt$$$$河南广慧会计服务有限公司
18639096375_5.txt$$$$平顶山广慧会计服务有限公司
18639096375_6.txt$$$$濮阳广慧会计服务有限公司
18639096375_7.txt$$$$河南广慧会计服务有限公司
18639096375_8.txt$$$$焦作市广慧会计服务有限公司
18639096375_9.txt$$$$周口广慧财税服务有限公司
18639097315.txt$$$$新乡市万宏机械设备有限公司
18639097899.txt$$$$河南上友建材有限公司
18639155265.txt$$$$河南万坤自动化科技有限公司
18639184628.txt$$$$焦作市邦德高新技术服务有限公司
18639203323.txt$$$$鹤壁市众恒仪器仪表有限公司
18639225135.txt$$$$鹤壁市浩大仪器有限公司
18639263907.txt$$$$鹤壁正鼎矿山机械制造有限公司
18639263907_1.txt$$$$鹤壁正鼎矿山机械制造有限公司
