13861821233.txt$$$$江苏百强减速机有限公司
13861836088.txt$$$$无锡市京朔涂装科技有限公司
13861839286.txt$$$$无锡华特金属防腐技术服务有限公司
13861840776.txt$$$$无锡德为源自动化科技有限公司
13861849610.txt$$$$无锡道恩特机电设备有限公司
13861853950.txt$$$$无锡大拇指机电科技有限公司
13861863296.txt$$$$无锡中博锐机械有限公司
13861870206.txt$$$$无锡市创辉金属制品有限公司
13861949889.txt$$$$南通晟龙机电设备有限公司
13861956896.txt$$$$如皋市超峰汽车销售有限公司
13862004230.txt$$$$苏州郎阁消防设备有限公司
13862008016.txt$$$$苏州爱尔瑞压缩机设备有限公司
13862012357.txt$$$$吴中经济技术开发区至上门业经营部
13862017773.txt$$$$江苏宏胜再生环保电子科技有限公司
13862030344.txt$$$$苏州华荣智能科技有限公司
13862031131.txt$$$$吴中区横泾正圆不锈钢制品厂
13862041290.txt$$$$苏州永元金属材料有限公司
13862048333.txt$$$$苏州意卓环保工程有限公司
13862063545.txt$$$$苏州多成篷业有限公司
13862076043.txt$$$$苏州华顺金属材料有限公司
13862078861.txt$$$$苏州康庭冷暖设备有限公司
13862082546.txt$$$$苏州耗材集散中心
13862086529.txt$$$$苏州科裕精密机械有限公司
13862086529_1.txt$$$$苏州科裕精密机械有限公司
13862086529_2.txt$$$$苏州科裕精密机械有限公司
13862092884.txt$$$$苏州中贸铝业有限公司
13862094549.txt$$$$苏州安智扣五金科技有限公司
13862095527.txt$$$$苏州建怡格空调有限公司
13862113982.txt$$$$苏州市联鑫设备科技有限公司
13862121560.txt$$$$苏州翠屏塑胶有限公司
