18168994556.txt$$$$苏州金乐物流有限公司
18168996877.txt$$$$苏州诺净源环保设备有限公司
18169080530.txt$$$$宁夏九亿机电设备有限公司
18169439868.txt$$$$湖南聚信隆诚工贸有限公司
18169439868_1.txt$$$$湖南聚信隆诚工贸有限公司
18169439868_2.txt$$$$湖南聚信隆诚工贸有限公司
18169439868_3.txt$$$$湖南聚信隆诚工贸有限公司
18169513845.txt$$$$宁夏大斌家纺科技有限公司
18169637509.txt$$$$广西格莱欧农业科技有限公司
18169637509_1.txt$$$$广西格莱欧农业科技有限公司
18169637509_2.txt$$$$广西格莱欧农业科技有限公司
18169698495.txt$$$$临桂婷辉体育器材经营部
18169802875.txt$$$$佛山朗聚钢铁有限公司
18169810612.txt$$$$广东华春热熔胶科技有限公司
18169811036.txt$$$$武汉家美漆业有限责任公司
18169815326.txt$$$$福建燚塑光电科技有限公司
18169815985.txt$$$$佛山锐格亚五金科技有限公司
18169821472.txt$$$$佛山时尚厨卫科技有限公司
18169821472_1.txt$$$$佛山市时尚厨卫科技有限公司
18169825119.txt$$$$广东厨盾消防科技有限公司
18169834680.txt$$$$佛山市启动成功智能科技有限公司
18170012150.txt$$$$南昌一五洗衣服务有限公司
18170022783.txt$$$$南昌市精工广告装饰工程有限公司
18170027755.txt$$$$江西斯邦利生态景观工程有限公司
18170061183.txt$$$$温州市南华喷码设备有限公司
18170064765.txt$$$$江西沃克迪威防护科技有限公司
18170079387.txt$$$$南昌宏科自动化设备有限公司
18170210207.txt$$$$星子县至美石材厂
18170218530.txt$$$$上海随发管道工程服务有限公司
18170387251.txt$$$$江西上饶思楠树脂有限公司
