17715088606.txt$$$$德成（沭阳）生态农业发展有限公司
17715102991.txt$$$$扬州卡特发电设备厂
17715173432.txt$$$$张家港市亿华通风设备制造有限公司
17715184607.txt$$$$苏州市家家有机械制造有限公司
17715231515.txt$$$$南京飞曼环保科技有限公司
17715260033.txt$$$$南京黛雅饰品有限公司
17715284285.txt$$$$南京酷听音响设备有限公司
17715305789.txt$$$$江苏合佳光电有限公司
17715362218.txt$$$$苏州数建模自动化有限公司
17715381399.txt$$$$苏州市童乐游乐设备有限公司
17715398787.txt$$$$苏州通衢机电设备有限公司
17715440117.txt$$$$新北区薛家天翎电子厂
17715507506.txt$$$$苏州信立德干燥剂有限公司
17715803405.txt$$$$无锡先科环保工程服务有限公司
17715829412.txt$$$$江苏学蠡信息科技有限公司
17715829412_1.txt$$$$江苏学蠡信息科技有限公司
17715854666.txt$$$$高邮市浦金节能锅炉厂
17716130631.txt$$$$成都羽锋锐扬科技有限公司
17716396999.txt$$$$镇平县雅宏石雕厂
17716396999_1.txt$$$$镇平县雅宏石雕厂
17716396999_2.txt$$$$镇平县雅宏石雕厂
17716589419.txt$$$$北京安耐格装饰工程有限公司
17717072635.txt$$$$罗隆机器人(上海)有限公司
17717111197.txt$$$$石家庄牛阵特色烧烤店
17717176524.txt$$$$北京金秋不锈钢有限公司
17717185222.txt$$$$石家庄拓派信息科技有限公司
17717190222.txt$$$$安平县振鼎护栏网有限公司
17717232221.txt$$$$上海触鼎电子科技有限公司
17717232221_1.txt$$$$上海触鼎电子科技有限公司
17717232221_2.txt$$$$上海触鼎电子科技有限公司
