13718302305.txt$$$$北京恒通绿景科技有限公司
13718302305_1.txt$$$$北京恒通绿景科技有限公司
13718307821.txt$$$$励嘉国际展览北京）有限公司
13718321014.txt$$$$北京祥顺技术服务有限公司
13718339139.txt$$$$尚源国际展览（北京）有限公司
13718395695.txt$$$$北京艾迪沃德科技发展有限公司
13718418469.txt$$$$北京欧氏地板股份有限公司
13718501065.txt$$$$北京亿嘉美东方家具有限公司
13718502796.txt$$$$北京新起点门窗有限公司
13718503953.txt$$$$北京亿展通清洁服务有限公司
13718569802.txt$$$$北京欧耐地板有限公司
13718639982.txt$$$$北京良匠科贸有限公司
13718642901.txt$$$$北京中冀时代建筑工程有限公司
13718651817.txt$$$$北京华溪金成科技有限公司
13718679014.txt$$$$北京恒辉后厨设备有限公司
13718681191.txt$$$$北京新格拉斯国际展览有限公司
13718681499.txt$$$$北京和发快通管道清洗有限公司
13718681499_1.txt$$$$北京诚信运通管道清洗有限公司
13718687129.txt$$$$北京海汇博会展有限公司
13718771800.txt$$$$天德二手机床回收中心
13718778712.txt$$$$北京鼎诚方捷科技有限公司
13718781657.txt$$$$北京安特迪科电子有限公司
13718794590.txt$$$$北京丰裕华环保工程有限公司
13718837197.txt$$$$西安乾舜能源科技有限公司
13718845073.txt$$$$北京宏博伟业机械设备租赁站
13718871502.txt$$$$北京金泰美达科技有限公司
13718874704.txt$$$$北京淳一航空科技有限公司
13718879767.txt$$$$北京博科达阀门有限公司
13718899773.txt$$$$北京禹净源科技有限公司
13719015309.txt$$$$广州市广旭厨房设备工程有限公司
