18539483683_1.txt$$$$河南威腾船舶管理有限公司
18539483683_2.txt$$$$河南威腾船舶管理有限公司
18539532555.txt$$$$漯河市菩瑞斯机械设备有限公司
18539562026.txt$$$$河南和韵乐器销售有限公司
18539562999.txt$$$$河南思科机械设备有限公司
18539566011.txt$$$$郑州威派重工机械有限公司
18539567666.txt$$$$郑州市金得硕金属材料有限公司
18539567666_1.txt$$$$郑州市金得硕金属材料有限公司
18539567666_2.txt$$$$郑州市金得硕金属材料有限公司
18539567666_3.txt$$$$郑州市金得硕金属材料有限公司
18539586686.txt$$$$洛阳市山岛机械设备有限责任公司
18539586686_1.txt$$$$洛阳市山岛机械设备有限公司
18539627562.txt$$$$河南龙湖制冷设备有限公司
18539644521.txt$$$$北京国蕴科技有限公司
18539902297.txt$$$$郑州铭泽环保科技有限公司
18539902727.txt$$$$河南凝睿科技有限公司
18539902867.txt$$$$河南艾丽视电子科技有限公司
18539913718.txt$$$$河南布谷电子商务有限公司
18539916299.txt$$$$河南昆联机械制造有限公司
18539921788.txt$$$$郑州市铭航机械设备有限公司
18539935902.txt$$$$郑州市冠恒贸易有限公司
18539935902_1.txt$$$$郑州市冠恒贸易有限公司
18539937360.txt$$$$河南国泰机械制造有限公司
18539937360_1.txt$$$$郑州恒信粮油机械设备有限公司
18539950968.txt$$$$河南海韵环保科技有限公司
18539953790.txt$$$$河南科韧高分子材料有限公司
18539963222.txt$$$$河南先锋建筑防水防腐工程有限公司
18539980280.txt$$$$河南澳鑫制冷设备有限公司
18539980280_1.txt$$$$河南澳鑫制冷设备有限公司
18539983012.txt$$$$河南金将智能科技有限公司
