13913180520_1.txt$$$$常熟市新天地航空运动娱乐俱乐部
13913195781.txt$$$$苏州菲尔曼建筑工程有限公司
13913202572.txt$$$$昆山艾力克斯铁路配件有限公司
13913220994.txt$$$$昆山君鸿成电热设备有限公司
13913224565.txt$$$$昆山威普特机器人科技有限公司
13913235238.txt$$$$苏州爱威达尔环保科技有限公司
13913235238_1.txt$$$$苏州爱威达尔环保科技有限公司
13913235238_2.txt$$$$苏州爱威达尔环保科技有限公司
13913242218.txt$$$$昆山市昆工环保机械有限公司
13913250154.txt$$$$昆山欣速捷机电设备有限公司
13913255567.txt$$$$昆山固特杰散热产品有限公司
13913259897.txt$$$$苏州创仕源电子有限公司
13913264941.txt$$$$句容市茅山镇洪建苗木种植园
13913266460.txt$$$$昆山卡尔弗机械有限公司
13913267809.txt$$$$昆山亚恒电子科技有限公司
13913278111.txt$$$$昆山德能防潮科技有限公司
13913286755.txt$$$$昆山春本自动化设备有限公司
13913318150.txt$$$$南京乾鑫环保科技有限公司
13913345794.txt$$$$南京志星嘉业保温建材有限公司
13913371588.txt$$$$南京同兴高速分析仪器有限公司
13913396510.txt$$$$南京美高美新材料有限公司
13913396510_1.txt$$$$南京美高美新材料有限公司
13913396510_2.txt$$$$南京美高美新材料有限公司
13913409781.txt$$$$句容市绍军织布厂
13913411298.txt$$$$江苏逞亮建设有限公司
13913411298_1.txt$$$$江苏逞亮建筑安装工程有限公司
13913413450.txt$$$$镇江歌德电气有限公司
13913413872.txt$$$$扬中市富源密封件有限公司
13913415659.txt$$$$江苏长凯机械设备有限公司
13913415898.txt$$$$铜陵盈佳机械有限责任公司
