18659598890.txt$$$$泉州美尚园艺有限公司
18659598890_1.txt$$$$泉州美尚园艺有限公司
18659598890_2.txt$$$$泉州美尚园艺有限公司
18659611337.txt$$$$昭和（厦门）自动化洗净设备有限公司
18659762506.txt$$$$龙岩市千狮堂艺术品商贸有限公司
18659891142.txt$$$$厦门佳达圣贸易有限公司
18659909841.txt$$$$贵州千城汇酒业股份有限公司
18660006970.txt$$$$纳壤（北京）生态科技有限公司
18660015766.txt$$$$聊城市高鼎通风设备有限公司
18660015766_1.txt$$$$新沂百博瑞机械有限公司
18660031106.txt$$$$烟台金蝶软件有限公司
18660089326.txt$$$$烟台鑫旺农业发展有限公司
18660100657.txt$$$$济南美纶包装有限公司
18660100657_1.txt$$$$济南美纶包装制品有限公司
18660103399.txt$$$$章丘市远建拓展精铸材料有限公司
18660103738.txt$$$$济南嘉润教学设备有限公司
18660110675.txt$$$$山东华典商标事务所有限公司
18660116016.txt$$$$济南赛思特气体系统设备有限公司
18660117203.txt$$$$山东领创宏图餐饮管理有限公司
18660117335.txt$$$$济南日邦汽车配件有限公司
18660127229.txt$$$$济南君意生物科技有限公司
18660129317.txt$$$$山东钧迈机械有限公司
18660129317_1.txt$$$$山东钧迈机械有限公司
18660129317_2.txt$$$$山东钧迈机械有限公司
18660129317_3.txt$$$$山东钧迈机械有限公司
18660146137.txt$$$$济南羽悦设备有限公司
18660146295.txt$$$$山东新云鹏电气有限公司
18660147961.txt$$$$济南富士龙切片机有限公司
18660147961_1.txt$$$$济南烤地瓜机设备有限公司
18660148887.txt$$$$章丘市新金龙炊具厂
