15633187048.txt$$$$安平县泰泽丝网制品有限公司
15633221544.txt$$$$河北保定太行集团有限责任公司
15633269497.txt$$$$攻略景观照明科技（深圳）有限公司
15633270231.txt$$$$保定市群利机械设备制造有限公司
15633276669.txt$$$$保定卓一纸业有限公司
15633280666.txt$$$$保定市建昌商贸有限公司
15633311107.txt$$$$玉田县环宇蔬菜有限公司
15633520000.txt$$$$衡水丰弘工程材料科技有限公司
15633542555.txt$$$$河北唐荣金属丝网制品有限公司
15633544855.txt$$$$河北拓宁丝网制品有限公司
15633593525.txt$$$$石家庄德度光电科技有限公司
15633650877.txt$$$$衡水安达机械设备有限公司
15633653984.txt$$$$安平县博赫金属丝网厂
15633792039.txt$$$$保定市拓恒汽车销售有限公司
15633869651.txt$$$$石家庄金泰福特机电有限公司
15633978557.txt$$$$唐山市开平区新诚信食品有限公司
15634019959.txt$$$$济南欧都新材料科技有限公司
15634019959_1.txt$$$$济南欧都新材料科技有限公司
15634019959_2.txt$$$$济南欧都新材料科技有限公司
15634053093.txt$$$$山东飞鲨国际展览有限公司
15634073386.txt$$$$山东齐安华业电子科技有限公司
15634109811.txt$$$$济南约瑟夫环保科技有限公司
15634131183.txt$$$$山东胜晔磨球有限公司
15634151788.txt$$$$济南久益数控机械制造有限公司
15634361234.txt$$$$威海嘉保信装饰工程有限公司
15634361234_1.txt$$$$威海嘉保信装饰工程有限公司
15634361234_2.txt$$$$威海嘉保信装饰工程有限公司
15634361234_3.txt$$$$威海嘉保信装饰工程有限公司
15634431919.txt$$$$济宁市禾旭工程机械有限公司
15634446258.txt$$$$山东新能源工矿有限公司
