18502090112.txt$$$$广州展翼物流
18502096200.txt$$$$广州简合装饰有限公司
18502153289.txt$$$$上海桦森化工有限公司
18502191706.txt$$$$上海义灏电气有限公司
18502219957.txt$$$$天津赛智灌浆设备有限公司
18502221043.txt$$$$天津微米管道工程有限公司
18502240508.txt$$$$天津博杰烘焙有限公司
18502240508_1.txt$$$$天津博杰烘焙有限公司
18502240508_2.txt$$$$天津博杰烘焙有限公司
18502242158.txt$$$$华之龙（天津）国际贸易有限公司
18502251422.txt$$$$天津市德恩殡仪服务有限公司
18502263049.txt$$$$天津桑维金属表面处理有限公司
18502263049_1.txt$$$$天津桑维金属表面处理有限公司
18502263049_2.txt$$$$天津桑维金属表面处理有限公司
18502291678.txt$$$$天津昱冰物流有限公司
18502292037.txt$$$$天津诺澜博业科技发展有限公司
18502293718.txt$$$$天津市富力达机械设备有限公司
18502299455.txt$$$$中盐工程技术研究院有限公司
18502299455_1.txt$$$$中盐工程技术研究院有限公司
18502299455_2.txt$$$$中盐工程技术研究院有限公司
18502330888.txt$$$$重庆铜铸铜业有限公司
18502339958.txt$$$$重庆翱鑫商贸有限公司
18502339958_1.txt$$$$重庆翱鑫商贸有限公司
18502339958_2.txt$$$$重庆翱鑫商贸有限公司
18502354341.txt$$$$重庆铂洋佳贸易有限公司
18502355182.txt$$$$重庆市立嘉会议展览有限公司
18502589805.txt$$$$常州达鑫泰喷涂设备有限公司
18502610020.txt$$$$天津联东金达产业园投资有限公司
18502620009.txt$$$$天津市庆祥伟业农业技术开发有限公司
18502626741.txt$$$$迈捷孚自控设备（天津）有限公司
