13854485103.txt$$$$潍坊美亚环保设备有限公司
13854499377.txt$$$$山东博跃机械有限公司
13854499958.txt$$$$青州市三义温室工程有限公司
13854506995.txt$$$$微程之家互联网科技（山东）有限公司
13854506995_1.txt$$$$微程之家互联网科技（山东）有限公司
13854506995_2.txt$$$$微程之家互联网科技（山东）有限公司
13854513377.txt$$$$莱州盛沂宁商贸有限公司
13854513377_1.txt$$$$莱州盛沂宁商贸有限公司
13854513377_2.txt$$$$莱州盛沂宁商贸有限公司
13854581552.txt$$$$龙口市塑料机械厂
13854581552_1.txt$$$$龙口市塑料机械厂
13854581552_2.txt$$$$龙口市塑料机械厂
13854639987.txt$$$$山东联润石油化工有限公司
13854683005.txt$$$$东营市都美交通设施有限公司
13854733017.txt$$$$济宁沐晴商贸有限公司
13854735790.txt$$$$鱼台县永腾榆耳销售部
13854770307.txt$$$$邹城市东龙纹身美容中心
13854784115.txt$$$$微山鸣一玻璃纤维制品有限公司
13854803700.txt$$$$泰安中齐建材有限公司
13854804518.txt$$$$泰安聚信新型建材有限公司
13854807455.txt$$$$泰安市泰山景区苏家苗圃
13854807455_1.txt$$$$泰安市泰山景区苏家苗圃
13854815886.txt$$$$山东蜂格工程材料有限公司
13854815886_1.txt$$$$山东蜂格工程材料有限公司
13854815886_2.txt$$$$山东蜂格工程材料有限公司
13854819028.txt$$$$泰安市泰山区润耀园艺场
13854821752.txt$$$$泰安市优塑佳土工材料有限公司
13854821752_1.txt$$$$泰安市优塑佳土工材料有限公司
13854829293.txt$$$$山东岳昇新材料有限公司
13854858668.txt$$$$山东泰山绿化苗木基地
