13921220918.txt$$$$江阴巨人建材有限公司
13921279176.txt$$$$凯钲五金制品（南通）有限公司
13921290103.txt$$$$无锡欧能机电设备有限公司
13921295139.txt$$$$无锡迅动机械科技有限公司
13921403992.txt$$$$南京东赛机电设备有限公司
13921438183.txt$$$$山西鼎泰富贸易有限公司
13921500169.txt$$$$常州厚鼎化工有限公司
13921554978.txt$$$$句容市郭庄镇全利基础导管厂
13921557366.txt$$$$句容市茅山镇旭日苗圃场
13921562119.txt$$$$有能集团江苏威同电气设备有限公司
13921597817.txt$$$$镇江市鑫源热镀锌有限公司
13921604026.txt$$$$南通冠森木业有限公司
13921608987.txt$$$$南通骏源管道工程有限公司
13921610779.txt$$$$如东扣蟹养殖村
13921686804.txt$$$$青岛恒盛瑞明工贸有限公司
13921719961.txt$$$$江苏锁龙消防科技股份有限公司
13921731626.txt$$$$江苏锡互互感器有限公司
13921746678.txt$$$$台州荣硕金属材料有限公司
13921764787.txt$$$$邳州市宏松银杏苗木合作社
13921831116.txt$$$$东台市东方船舶装配有限公司
13921877022.txt$$$$盐城共创电热设备有限公司
13921883675.txt$$$$盐城新罗自动化科技有限公司
13921903352.txt$$$$扬州旭源光电科技有限公司
13921928376.txt$$$$澳科水利科技无锡有限公司
13921950607.txt$$$$南京绿田机械有限公司
13921972908.txt$$$$张家港汉码智能科技有限公司
13921979317.txt$$$$张家港艾斯曼机械有限公司
13921985840.txt$$$$太仓飞鹿织带机械有限公司
13921991914.txt$$$$苏州依云环保工程有限公司
13921991914_1.txt$$$$苏州依云环保工程有限公司
