13259858186.txt$$$$西安绿球环保设备有限公司
13259886926.txt$$$$西安佰佳坊装饰材料有限公司
13259908530.txt$$$$西安曲江德智行国际展览有限公司
13259926658.txt$$$$西安菁轶会务服务有限公司
13259946275.txt$$$$西安嘉华热工设备有限责任公司
13259956761.txt$$$$杨凌达康科技有限公司
13259960376.txt$$$$陕西良生缘古建工程有限公司
13259960376_1.txt$$$$陕西良生缘古建工程有限公司
13259960376_2.txt$$$$陕西良生缘古建工程有限公司
13260007878.txt$$$$山东铭远工业装备有限公司
13260109221.txt$$$$北京诺利德环境科技有限公司
13260114898.txt$$$$北京金利恒美贸易有限公司
13260130462.txt$$$$通通达物流
13260207039.txt$$$$北京凯达恒业农业技术开发有限公司
13260212212.txt$$$$北京安亿通达物流中心
13260238777.txt$$$$河北亿正线缆有限公司
13260394371.txt$$$$北京腾顺达管道疏通抽粪清洗有限公司
13260497105.txt$$$$北京纳格国际会展有限公司
13260539740.txt$$$$佛山市天勤利邦贸易有限公司
13260547228.txt$$$$宜昌市西陵区金顺金属回收经营部
13260573559.txt$$$$武汉市奇苗增发服务有限公司
13260578603.txt$$$$武汉昊若辰教育发展有限公司
13260628633.txt$$$$武汉经济技术开发区贝安馨职业培训学校有限公司
13260628633_1.txt$$$$武汉经济技术开发区贝安馨职业培训学校有限公司
13260821937.txt$$$$南京正明析科技有限公司
13261006667.txt$$$$北京荣坦餐饮设备有限公司
13261006667_1.txt$$$$北京荣坦餐饮设备有限公司
13261007268.txt$$$$北京鑫隆源科技有限公司
13261086373.txt$$$$北京振威展览有限公司
13261136733.txt$$$$北京海名会展公有限公司
