18622879176.txt$$$$天津贝克企隆展览服务有限公司
18622920176.txt$$$$天津滨鑫建筑工程有限公司
18622920176_1.txt$$$$天津滨鑫建筑工程有限公司
18622935565.txt$$$$天津市华商星科科技有限责任公司
18622935565_1.txt$$$$天津金众合科技有限公司
18622940230.txt$$$$国人机器人（天津）有限公司
18622974607.txt$$$$哈果美容（天津）有限公司
18622975099.txt$$$$天津永利达实验室设备有限公司
18622975099_1.txt$$$$慧鸣科技发展（天津）有限公司
18622975099_2.txt$$$$天津永利达实验室设备有限公司
18622975099_3.txt$$$$天津永利达实验室设备有限公司
18622975099_4.txt$$$$天津广邦医药用品制造有限公司
18622975099_5.txt$$$$慧鸣科技发展（天津）有限公司
18622975099_6.txt$$$$天津广邦医-品制造有限公司
18622975099_7.txt$$$$慧鸣科技发展（天津）有限公司
18622975099_8.txt$$$$天津广邦医-品制造有限公司
18623006080.txt$$$$重庆凹道模具有限公司
18623036330.txt$$$$重庆万维仪器有限公司
18623046799.txt$$$$重庆贝钠特清洁设备有限公司
18623055355.txt$$$$重庆长江预应力有限公司
18623071133.txt$$$$重庆西鼎进出口贸易有限公司
18623089168.txt$$$$杨龙伟卤菜培训
18623089168_1.txt$$$$杨龙伟卤菜培训
18623089168_2.txt$$$$杨龙伟卤菜培训
18623137756.txt$$$$遵义市富绅达成套电气有限公司
18623164239.txt$$$$重庆市沃利克环保设备有限公司
18623184528.txt$$$$重庆凯新奥自动化设备有限公司
18623184528_1.txt$$$$重庆凯新奥自动化设备有限公司
18623184528_2.txt$$$$重庆凯新奥自动化设备有限公司
18623312150.txt$$$$重庆市颂威门业有限公司
