18666892881.txt$$$$广州国源地毯有限公司
18666894597.txt$$$$东莞市七斗星精密模具有限公司
18666895599.txt$$$$东莞市诗羽知识产权代理有限公司
18666895599_1.txt$$$$东莞市诗羽知识产权代理有限公司
18666895599_2.txt$$$$东莞市诗羽知识产权代理有限公司
18667133778.txt$$$$杭州自顺建筑工程有限公司
18667151611.txt$$$$杭州柏宇科技有限公司
18667156525.txt$$$$杭州励进环保设备有限公司
18667807038.txt$$$$宁波中赢通信科技有限公司
18667837498.txt$$$$余姚远华塑料模具厂
18667850571.txt$$$$宁波旅宠宠物有限公司
18667868655.txt$$$$青岛安和日达宁波分公司
18667911585.txt$$$$东莞市捷鸿包装制品有限公司
18668008952.txt$$$$杭州碧海净化工程有限公司
18668009296.txt$$$$杭州颐家艾迪门业有限公司
18668026078.txt$$$$杭州用友进销存软件有限公司
18668060522.txt$$$$浙江天固晟鑫建筑科技有限公司
18668069701.txt$$$$徐州龙威机电有限公司
18668093355.txt$$$$杭州颜悦服装辅料有限公司
18668129909.txt$$$$广西聚众合信息科技有限公司
18668129909_1.txt$$$$广西聚众合信息科技有限公司
18668134393.txt$$$$杭州雅凰网络科技有限公司
18668165608.txt$$$$浙江恒通二手机床回收中心
18668172632.txt$$$$杭州多亚建筑材料有限公司
18668195164.txt$$$$杭州首诺玻璃贴膜有限公司
18668195164_1.txt$$$$杭州首诺玻璃贴膜有限公司
18668195164_2.txt$$$$杭州首诺玻璃贴膜有限公司
18668231755.txt$$$$杭州蓝本家具有限公司
18668250703.txt$$$$宁波创标电子科技有限公司
18668388830.txt$$$$浙江杰奈尔新材料有限公司
