15824835499.txt$$$$郑州通润交通安全设施有限公司
15824855928.txt$$$$河南豫能洁高压清洗设备有限公司
15824858883.txt$$$$郑州绿柯防腐木有限公司
15824899990.txt$$$$河南省百士得商贸有限公司
15824899990_1.txt$$$$河南省百士得商贸有限公司
15824899990_2.txt$$$$河南省百士得商贸有限公司
15824930484.txt$$$$洛阳耐科思商贸有限公司
15824993447.txt$$$$希朋环保科技（洛阳）有限公司
15825258660.txt$$$$昆明桥程科技有限公司
15825258660_1.txt$$$$昆明桥程科技有限公司
15825258660_2.txt$$$$昆明桥程科技有限公司
15825259390.txt$$$$昆明绍博办公家具有限公司
15825260195.txt$$$$云南晟斧通风设备工程有限公司
15825260195_1.txt$$$$云南晟斧通风设备工程有限公司
15825260195_2.txt$$$$云南晟斧通风设备工程有限公司
15825261500.txt$$$$云南腾诺科技有限公司
15825276878.txt$$$$云南高榕农业发展有限公司
15825381567.txt$$$$银川市兴庆区华亿不锈钢制品店
15825381567_1.txt$$$$银川市兴庆区华亿不锈钢制品店
15825381567_2.txt$$$$银川市兴庆区华亿不锈钢制品店
15825518230.txt$$$$杭州钢易科技有限公司
15825520662.txt$$$$杭州皓轩有限公司
15825583530.txt$$$$宁波市万达金诚物流
15825584565.txt$$$$宁波永诚管道工程有限公司
15825656100.txt$$$$浙江豫立电气科技有限公司
15825680963.txt$$$$温州朗拓智能电气有限公司
15825755658.txt$$$$宏杰库存贸易有限公司
15825755658_1.txt$$$$宏杰库存贸易有限公司
15825755658_2.txt$$$$宏杰库存贸易有限公司
15825762553.txt$$$$义乌市建瑞环保设备有限公司
