18838905722.txt$$$$郑州市黄河机械制造有限公司
18838907872.txt$$$$河南贝纳检测技术服务有限公司
18838915787.txt$$$$河南荣鑫碳素制品有限公司
18838919465.txt$$$$郑州市长城机器制造有限公司
18838919465_1.txt$$$$郑州市长城机器制造有限公司
18838919465_2.txt$$$$郑州市长城机器制造有限公司
18838929842.txt$$$$郑州宏飞超硬材料有限公司
18838954888.txt$$$$郑州市夜明珠太阳能科技有限公司
18838955586.txt$$$$河南通亿机械设备有限公司
18838959228.txt$$$$河南杰豪网络科技有限公司
18839101880.txt$$$$河南香曼食品有限公司
18839133701.txt$$$$焦作昊力机械设备有限公司
18839145035.txt$$$$温县强生电热科技有限公司
18839192053.txt$$$$修武县金瑞防腐材料厂
18839197961.txt$$$$焦作市恒阳重工制动器有限公司
18839263411.txt$$$$威博会展有限公司
18839267667.txt$$$$鹤壁市鑫达仪器有限公司
18839289395.txt$$$$鹤壁市博创矿山机械有限公司
18839328788.txt$$$$濮阳县柳屯镇韩氏面食作坊
18839330700.txt$$$$河南龙腾散热器有限公司
18839597711.txt$$$$北大荒绿源食品加工有限公司
18839620100.txt$$$$河南圣美阳光装饰材料有限公司
18839753628.txt$$$$河南永之祥机械设备制造有限公司
18839762116.txt$$$$安阳全丰生物科技有限公司
18839770958.txt$$$$河南昕诺飞照明电器有限公司
18839771789.txt$$$$河南兴和建材科技有限公司
18839778962.txt$$$$郑州开拓者测绘服务有限公司
18839788819.txt$$$$河南欧宝利机械设备销售有限公司
18839789055.txt$$$$河南志鹏安防工程有限公司
18839790060.txt$$$$河南泳佳水处理设备有限公司
