18237751777_1.txt$$$$河南艾善灸养生科技有限公司
18237751777_2.txt$$$$河南艾善灸养生科技有限公司
18237837831.txt$$$$河南省恒沃建筑工程有限公司
18237837831_1.txt$$$$河南省恒沃建筑工程有限公司
18237837831_2.txt$$$$河南省恒沃建筑工程有限公司
18237837831_3.txt$$$$河南省恒沃建筑工程有限公司
18237860231.txt$$$$河南晟廷网络科技有限公司
18237860231_1.txt$$$$河南晟廷网络科技有限公司
18237860231_2.txt$$$$河南晟廷网络科技有限公司
18238052296.txt$$$$河南鑫盾门窗有限公司
18238052296_1.txt$$$$河南鑫盾门窗有限公司
18238052296_2.txt$$$$河南鑫盾门窗有限公司
18238102999.txt$$$$西峡县诚信水上娱乐制品厂
18238102999_1.txt$$$$西峡县诚信水上娱乐制品厂
18238102999_2.txt$$$$西峡县诚信水上娱乐制品厂
18238152609.txt$$$$河南雨晴橡胶制品有限公司
18238323310.txt$$$$濮阳胜途钢结构有限公司
18238323310_1.txt$$$$濮阳胜途钢结构有限公司
18238323310_2.txt$$$$濮阳胜途钢结构有限公司
18238500505.txt$$$$河南启卓餐饮管理有限公司
18238537501.txt$$$$河南若思机械有限公司
18238629197.txt$$$$新乡市飞航紧固件有限公司
18238777002.txt$$$$河南省宏基工控科技有限公司
18238777565.txt$$$$郑州中建兴成钢结构工程有限公司
18238777579.txt$$$$徐州巨匠起重设备安装有限公司
18238860577.txt$$$$洛阳逸硕进出口有限公司
18238921435.txt$$$$西华县红花镇西友苗木中心
18238969196.txt$$$$河南省扶沟县尚村岗西瓜代收中心
18239306955.txt$$$$濮阳县升腾纸业有限公司
18239355788.txt$$$$濮阳市古城路正柱门窗加工部
