18660453558.txt$$$$青州市益东机械设备制造经营部
18660498929.txt$$$$济南中铭液压设备有限公司
18660503598.txt$$$$山东省莱州市矿山橡胶厂
18660513661.txt$$$$烟台史密得机电设备制造有限公司
18660522320.txt$$$$烟台伟航电液设备有限公司
18660528018.txt$$$$莱州市隆发橡胶有限公司
18660558616.txt$$$$烟台雷迅网络科技有限公司
18660558616_1.txt$$$$烟台雷迅网络科技有限公司
18660558616_2.txt$$$$烟台雷迅网络科技有限公司
18660564378.txt$$$$临沂巴巴恭商贸有限公司6
18660571866.txt$$$$烟台市栖霞铜材有限公司
18660582376.txt$$$$烟台汇力汽车配件有限公司
18660584690.txt$$$$烟台艾迪环保科技有限公司
18660585918.txt$$$$烟台科诺机床辅助设备有限公司
18660605697.txt$$$$诸城市信诚明顺机械有限公司
18660605697_1.txt$$$$诸城市信诚明顺机械有限公司
18660607012.txt$$$$临朐县吕匣华昌电动门厂
18660608565.txt$$$$青州市青云灌装机械有限公司
18660611567.txt$$$$潍坊宏凯机械科技有限公司
18660611567_1.txt$$$$潍坊市宏凯机械科技有限公司
18660618119.txt$$$$潍坊红华纺织有限公司
18660620366.txt$$$$诸城市美瑞机械科技有限公司
18660628077.txt$$$$潍坊鸿顺通信工程有限公司
18660632977.txt$$$$山东天一压瓦机有限公司
18660633551.txt$$$$佳美店车（山东）新能源科技有限公司
18660653509.txt$$$$潍坊市坊子区程强养殖设备厂
18660655366.txt$$$$潍坊科力尔空调净化工程有限公司
18660658993.txt$$$$潍坊冠杰棉纺织有限公司
18660663418.txt$$$$潍坊宇光电器有限公司
18660668790.txt$$$$诸城市瑞宝食品机械有限公司
