13386355888.txt$$$$山东鑫金航金属制品有限公司
13386357129.txt$$$$山东东阿百年堂阿胶生物制品股份有限公司
13386362385.txt$$$$潍坊众城环保设备有限公司
13386368098.txt$$$$山东万青环保科技有限公司
13386369265.txt$$$$诸城市昊泰机械科技有限公司
13386388928.txt$$$$烟台恒河机械有限公司
13386447976.txt$$$$济南汇潮机械有限公司
13386461388.txt$$$$青州登伟机械厂
13386461388_1.txt$$$$青州市登伟机械厂
13386462122.txt$$$$山东潍坊贝特重工股份有限公司
13386492221.txt$$$$邹平腾达塑料
13386502525.txt$$$$浙江东仪科技有限公司
13386520685.txt$$$$浙江鼎盺进出口贸易有限公司
13386523290.txt$$$$河北方工商贸有限公司
13386678007.txt$$$$宁波诚基新型材料有限公司
13386829594.txt$$$$沈阳市鑫高加索环保设备有限公司
13386833868.txt$$$$沈阳天邦新能源科技有限公司
13386881622.txt$$$$沈阳爱美家装饰材料有限公司
13387000012.txt$$$$南昌市综艺展览服务有限公司
13387068816.txt$$$$江西东正装饰材料有限公司
13387068816_1.txt$$$$江西东正装饰材料有限公司
13387068816_2.txt$$$$江西东正装饰材料有限公司
13387146888.txt$$$$湖北洋杰汽车零部件有限公司
13387160658.txt$$$$北京宏星宏福石材有限公司咸宁分公司
13387171208.txt$$$$咸宁市荣大防腐技术有限责任公司
13387227777.txt$$$$湖北兆丰矿业有限公司
13387236819.txt$$$$襄阳市富鼎环保科技有限公司
13387236819_1.txt$$$$襄阳市富鼎环保科技有限公司
13387236819_2.txt$$$$襄阳市富鼎环保科技有限公司
13387276059.txt$$$$湖北六强环保设备有限公司
