15562825678.txt$$$$聊城国昊钢管有限公司
15562860126.txt$$$$山东瑞诚金属材料有限公司
15562869622.txt$$$$山东鲁润管业有限公司
15562919062.txt$$$$临沂大鼎贸易有限公司
15562919062_1.txt$$$$临沂大鼎贸易有限公司
15562923666.txt$$$$临沂市中骏工贸有限公司
15562923666_1.txt$$$$临沂市中骏工贸有限公司
15562923666_2.txt$$$$临沂市中骏工贸有限公司
15562940203.txt$$$$河北文安塑料制品有限公司
15563062977.txt$$$$山东省博兴县琦凯不锈钢卫生洁具有限公司
15563062977_1.txt$$$$山东省博兴县琦凯不锈钢卫生洁具有限公司
15563062977_2.txt$$$$山东省博兴县琦凯不锈钢卫生洁具有限公司
15563062977_3.txt$$$$山东省博兴县琦凯不锈钢卫生洁具有限公司
15563080182.txt$$$$邹平县永大涂装设备有限公司
15563096197.txt$$$$滨州茂源电器有限公司
15563113912.txt$$$$山东省世纪泰达矿业装备有限公司
15563150367.txt$$$$山东浩祥机械设备有限公司
15563155219.txt$$$$山东荣辉机械设备有限公司
15563159955.txt$$$$济宁久胜智能装备有限公司
15563166059.txt$$$$济宁雷沃安全科技有限公司
15563166406.txt$$$$济宁千志机械设备有限公司
15563166552.txt$$$$山东世邦矿山机械设备有限公司
15563179214.txt$$$$济宁市赛尔网络科技有限公司
15563179214_1.txt$$$$山东奥辉涂料集团有限公司
15563180082.txt$$$$山东精远机械设备有限公司
15563183918.txt$$$$山东省曲阜市保丰机械有限公司
15563195599.txt$$$$济宁千盛餐饮设备有限公司
15563233955.txt$$$$临沂御枫汽车销售服务有限公司
15563233955_1.txt$$$$临沂御枫汽车销售服务有限公司
15563233955_2.txt$$$$临沂御枫汽车销售服务有限公司
