15137188008_1.txt$$$$郑州雅创篷房技术有限公司
15137188008_2.txt$$$$郑州雅创篷房技术有限公司
15137188488.txt$$$$巩义市孝义科发机械厂
15137271091.txt$$$$安阳丰昶液压设备有限责任公司
15137296167.txt$$$$河南富农温室工程有限公司
15137296167_1.txt$$$$河南富农温室工程有限公司
15137338282.txt$$$$新乡市一清过滤技术有限公司
15137374612.txt$$$$新乡市万和过滤技术股份公司
15137378818.txt$$$$新乡市东汉机械有限公司
15137390730.txt$$$$新乡市牧野区银丰护栏厂
15137415117.txt$$$$香港黑马国际集团有限公司21
15137512265.txt$$$$舞钢市欧晨钢铁贸易有限公司
15137718981.txt$$$$咏春武校
15137749870.txt$$$$河南华美地坪工程有限公司
15137777584.txt$$$$南阳市海鑫智能科技有限公司
15137777584_1.txt$$$$河南军屹建筑工程有限公司
15137777799.txt$$$$南阳市鑫宏昌金属材料有限公司
15137777799_1.txt$$$$南阳市鑫宏昌金属材料有限公司
15137777799_2.txt$$$$南阳市鑫宏昌金属材料有限公司
15137796579.txt$$$$南阳市咏春体育文化传播有限公司
15137796579_1.txt$$$$南阳市咏春体育文化传播有限公司
15137796579_2.txt$$$$南阳市咏春体育文化传播有限公司
15137966226.txt$$$$洛阳俊龙清洗服务有限公司
15137966226_1.txt$$$$洛阳俊龙清洗服务有限公司
15137966226_2.txt$$$$洛阳俊龙清洗服务有限公司
15138012132.txt$$$$焦作市晶虹盘式制动器有限公司
15138350015.txt$$$$周口市远大太康锅炉有限公司
15138407886.txt$$$$河南艾草堂艾草制品有限公司
15138411085.txt$$$$社旗县精锐薯业机械销售部
15138413591.txt$$$$南阳力源网络科技有限公司
