18858280099.txt$$$$上海得劳斯移动房制造有限公司杭州分公司
18858280099_1.txt$$$$上海得劳斯移动房制造有限公司杭州分公司
18858404975.txt$$$$浙江宽途智能科技有限公司
18858518339.txt$$$$绍兴斯科制锁工业有限公司
18858531869.txt$$$$绍兴市蓝享电器有限公司
18858595992.txt$$$$杭州超与机械设备有限公司
18858595992_1.txt$$$$杭州超与机械设备有限公司
18858595992_2.txt$$$$杭州超与机械设备有限公司
18858671218.txt$$$$台州赟明建设工程有限公司
18858671218_1.txt$$$$台州赟明建设工程有限公司
18858671218_2.txt$$$$台州赟明建设工程有限公司
18858833608.txt$$$$浙江高宝机械有限公司
18858865585.txt$$$$浙江硕邦电气有限公司
18858905499.txt$$$$金华市育蕾艺术培训有限公司
18858905499_1.txt$$$$金华市育蕾艺术培训有限公司
18858905499_2.txt$$$$金华市育蕾艺术培训有限公司
18858921110.txt$$$$武义御林盾门业有限公司
18858921110_1.txt$$$$武义御林盾门业有限公司
18858921110_2.txt$$$$武义御林盾门业有限公司
18858921750.txt$$$$浙江武义赛赛工贸有限公司
18858928111.txt$$$$浙江安明反光材料有限公司
18858928111_1.txt$$$$浙江安明反光材料有限公司
18858928111_2.txt$$$$浙江安明反光材料有限公司
18858930966.txt$$$$东阳市可家红木家具有限公司
18858930966_1.txt$$$$东阳市可家红木家具有限公司
18858930966_2.txt$$$$东阳市可家红木家具有限公司
18858935898.txt$$$$浙江武义凯豪工贸有限公司
18858935898_1.txt$$$$浙江武义凯豪工贸有限公司
18858935898_2.txt$$$$浙江武义凯豪工贸有限公司
18858938888.txt$$$$新索集团有限公司
