18512268693_1.txt$$$$北京金翼东日科技发展有限公司
18512310546.txt$$$$南京泰实百货商贸有限公司
18512340111.txt$$$$重庆明田报废汽车回收有限公司
18512406979.txt$$$$沈阳变频器电气有限公司
18512435599.txt$$$$沈阳天韵建材有限公司
18512499712.txt$$$$沈阳市凯拓展柜有限公司
18512505539.txt$$$$南京朝玖金属制品有限公司
18512505937.txt$$$$东莞市大木五金制品有限公司
18512530460.txt$$$$上海花元食品机械有限公司
18512532540.txt$$$$南京久禾润工程技术有限公司
18512551388.txt$$$$南京淮涟文化传媒有限公司
18512840111.txt$$$$四川廖李科技有限公司
18513010063.txt$$$$北京亿实筑业技术开发有限公司
18513030510.txt$$$$北京中展普仁国际展览有限公司
18513076234.txt$$$$北京雨鼎建材有限公司
18513089999.txt$$$$北京京电创能科技有限公司
18513209666.txt$$$$北京中浩天宇集成房屋有限公司
18513209666_1.txt$$$$北京中浩天宇集成房屋有限公司
18513209666_2.txt$$$$北京中浩天宇集成房屋有限公司
18513209666_3.txt$$$$北京中浩天宇集成房屋有限公司
18513229151.txt$$$$北京速记时代文化传播有限公司
18513682007.txt$$$$北京天工俊联工业装备技术有限公司
18513682007_1.txt$$$$北京天工俊联工业装备技术有限公司
18513682007_2.txt$$$$北京天工俊联工业装备技术有限公司
18513682007_3.txt$$$$北京天工俊联工业装备技术有限公司
18513696162.txt$$$$华夏艺匠（北京）模型科技有限公司
18513828579.txt$$$$中展世贸（北京）国际会展有限公司
18513924886.txt$$$$天津兴业祥达废旧物资回收有限公司
18513999908.txt$$$$郑州管交网电子商务有限公司
18514265150.txt$$$$广州峰火电子股份有限公司
