15312653666.txt$$$$邳州市千绿园林绿化工程有限公司
15312706006.txt$$$$江苏达克浩斯精密机械有限公司
15312761889.txt$$$$京上电子商务泰州有限公司
15312911987.txt$$$$河南普罗莱斯膜结构工程有限公司
15313005355.txt$$$$北京智鼠多宝生物科技有限责任公司
15313080085.txt$$$$格林森斯国际青麦仁食品（北京）有限公司
15313085178.txt$$$$环球北方展览有限公司
15313127760.txt$$$$北京中发易购网络科技有限公司
15313135579.txt$$$$北京市博睿通达汽车修理站
15313189789.txt$$$$天津中鑫盛远建筑工程有限公司
15313221471.txt$$$$西安追梦云物流网有限公司
15313353779.txt$$$$北京凯力威科技有限公司
15313385826.txt$$$$京泊鸿业彩钢钢结构工程（北京）有限公司
15313494449.txt$$$$事事通元（北京）医疗科技发展有限公司
15313583978.txt$$$$北京红帽搬家有限公司
15313870815.txt$$$$北京同兴伟业机械设备有限公司
15313881602.txt$$$$中农裕邦（北京）生态农业发展有限公司
15313881602_1.txt$$$$中农裕邦（北京）生态农业发展有限公司
15313881602_2.txt$$$$中农裕邦（北京）生态农业发展有限公司
15313900551.txt$$$$北京中研华泰信息技术研究院
15313906829.txt$$$$北京劲源信科技有限公司
15313913783.txt$$$$北京莱金源水处理技术有限公司
15313919882.txt$$$$北京紫电捷控电气有限公司
15313920606.txt$$$$北京惠大泛宇国际贸易有限公司
15313965789.txt$$$$北京明达富强餐饮有限公司
15313965790.txt$$$$北京明达富强管理有限公司
15313965790_1.txt$$$$北京明达富强餐饮管理有限.公司
15314087777.txt$$$$泰安鼎恒机械设备租赁有限公司
15314106850.txt$$$$济南唯尚电子有限公司
15314108381.txt$$$$济南和康电子技术有限公司
