13433546990.txt$$$$广东安信环境科技有限公司
13433616808.txt$$$$东莞市钰山眼镜有限公司
13433624549.txt$$$$东莞市塘厦科远电子仪器经营部
13433663372.txt$$$$东莞市友信新材料有限公司
13433664961.txt$$$$东莞市金柱镜片制品有限公司
13433666402.txt$$$$东莞市诺贝尔检测设备技术有限公司
13433666948.txt$$$$东莞市弘图办公家具有限公司
13433666948_1.txt$$$$东莞市弘图办公家具有限公司
13433666948_2.txt$$$$东莞市弘图办公家具有限公司
13433678080.txt$$$$广东天峰消泡剂有限公司
13433683680.txt$$$$广东光派照明科技有限公司
13433683680_1.txt$$$$广东光派照明科技有限公司
13433683680_2.txt$$$$广东光派照明科技有限公司
13433695418.txt$$$$东莞市梓承模具钢材有限公司
13433776247.txt$$$$升潮艺绣品有限公司
13433938571.txt$$$$广州英世曼教育咨询有限公司
13433944834.txt$$$$广州市铂桥电子材料有限公司
13433949720.txt$$$$广州冬麦电源技术有限公司
13434089575.txt$$$$东莞台诺电子有限公司
13434100208.txt$$$$广州康发线业科技有限公司
13434122099.txt$$$$广州理音声学技术有限公司
13434156698.txt$$$$广州市金日丰皮革制品有限公司
13434163416.txt$$$$广州军杰电器有限公司
13434193183.txt$$$$广州市白云区万鑫机械配件制造厂
13434202717.txt$$$$滕州市鲁沪机械有限公司
13434204096.txt$$$$广州市路虎交通设施有限公司
13434204096_1.txt$$$$广州市路虎交通设施有限公司
13434204096_2.txt$$$$广州市路虎交通设施有限公司
13434204096_3.txt$$$$广州市路虎交通设施有限公司
13434204096_4.txt$$$$广州市路虎交通设施有限公司
