13928336225.txt$$$$惠州市汇卓实业有限公司
13928339501.txt$$$$惠州创中盛自动门工程技术有限公司
13928379629.txt$$$$惠州市旺固防水补漏装饰工程有限公司
13928391979.txt$$$$惠州市麒麟环保材料有限公司
13928392195.txt$$$$博罗县龙溪镇鑫永五金加工厂
13928395059.txt$$$$广东省惠州市洪邦机械有限公司
13928399719.txt$$$$洪邦机械有限公司
13928406682.txt$$$$深圳市琪龙建筑装饰工程有限公司
13928408663.txt$$$$深圳市鑫鸿昌物流
13928425010.txt$$$$深圳市立安防雷接地材料有限公司
13928427850.txt$$$$深圳市雄纬纺织品有限公司
13928440030.txt$$$$深圳深圳市龙盛工程建设有限公司
13928446794.txt$$$$深圳市振洋篷业工程有限公司
13928461565.txt$$$$深圳市因德尔智能科技有限公司
13928479349.txt$$$$深圳市荣合科技有限公司
13928484510.txt$$$$深圳市大东盟捷运国际物流
13928489176.txt$$$$深圳川惠机械设备有限公司
13928489176_1.txt$$$$深圳川惠机械设备有限公司
13928495019.txt$$$$深圳市欧沃斯净水科技有限公司
13928496050.txt$$$$鲸贝传媒科技（深圳）有限公司
13928497533.txt$$$$深圳市铭华源机械设备有限公司
13928497616.txt$$$$苏州迪克斯制冷工程有限公司
13928516368.txt$$$$佛山市威视科技有限公司
13928523205.txt$$$$佛山市铝享家铝业有限公司
13928526616.txt$$$$佛山市重诚机械制造有限公司
13928528727.txt$$$$佛山市豫迦轩化工有限公司
13928532926.txt$$$$佛山市凯美达贸易有限公司
13928539169.txt$$$$佛山真耐新型板材有限责任公司
13928550403.txt$$$$佛山市博帆过滤设备有限公司
13928552956.txt$$$$广东顺德众杰新节能科技有限公司
