15588187171.txt$$$$临沂聚亮光电有限公司
15588258589.txt$$$$滕州科信锻压机床有限公司
15588290868.txt$$$$滕州市锻压机床二厂
15588321590.txt$$$$山东伟控仪表科技有限公司
15588343225.txt$$$$荣成市合顺水产有限公司
15588395939.txt$$$$威海威腾精工机械有限公司
15588523000.txt$$$$山东好石头电子商务股份有限公司
15588580350.txt$$$$山东天路工程机械有限公司
15588586616.txt$$$$山东天路重工科技有限公司
15588589255.txt$$$$山东中交重工有限公司
15588593588.txt$$$$泰安市浩然电子有限公司
15588593588_1.txt$$$$山东浩然电子有限公司
15588593788.txt$$$$山东华锐波纹管有限公司
15588593788_1.txt$$$$山东华锐波纹管有限公司
15588601038.txt$$$$青岛涵诺机械有限公司
15588654666.txt$$$$青岛皓泽曼机械有限公司
15588689600.txt$$$$青岛百德塑胶有限公司
15588697088.txt$$$$花甲创客（青岛）科技发展有限公司
15588701380.txt$$$$曲阜牧源机械有限公司
15588701380_1.txt$$$$曲阜牧源机械有限公司
15588701380_2.txt$$$$曲阜牧源机械有限公司
15588701380_3.txt$$$$曲阜牧源机械有限公司
15588708032.txt$$$$山东山防防爆电机有限公司
15588708071.txt$$$$曲阜牧源机械有限公司
15588708071_1.txt$$$$曲阜牧源机械有限公司
15588708071_2.txt$$$$曲阜牧源机械有限公司
15588708071_3.txt$$$$曲阜牧源机械有限公司
15588729517.txt$$$$山东智创重工科技有限公司
15588732930.txt$$$$济宁贵和重工机械设备有限公司
15588736090.txt$$$$东方科通北京贸易有限公司
