17355599875.txt$$$$安徽煜卓机械有限公司
17355641010.txt$$$$安徽首播影视文化传媒有限公司
17356080015.txt$$$$安徽智领未来科技有限公司
17356588868.txt$$$$安徽速雨环保新材料有限公司
17356632428.txt$$$$安徽达方环保设备有限公司
17357379935.txt$$$$嘉兴盘石轴承有限公司
17357502564.txt$$$$浙江旻浩冷却设备有限公司
17358481808.txt$$$$重庆市铝箔袋制品有限公司
17358489818.txt$$$$江北区瑞祥家用电器经营部
17358645880.txt$$$$成都川禾川调商贸有限责任公司
17358652354.txt$$$$南充恒博新能源科技有限公司
17359472113.txt$$$$厦门益拓自控科技有限公司
17359472113_1.txt$$$$厦门益拓自控科技有限公司
17359472113_2.txt$$$$厦门益拓自控科技有限公司
17359723739.txt$$$$广州裕鼎建材有限公司
17360032979.txt$$$$四川风升商贸有限公司
17360075591.txt$$$$雅安世佳微尔科技有限公司
17360088893.txt$$$$四川八合源泵业有限公司
17360186106.txt$$$$巴中市忆佳钢结构有限公司
17360187075.txt$$$$一起生活网络成都有限公司
17360263960.txt$$$$成华区勤路建材经营部
17360768662.txt$$$$固安县丰凯过滤器材有限公司
17361610166.txt$$$$百思特（兰州）会展服务有限公司
17361672292.txt$$$$兰州平原商贸有限公司
17361728623.txt$$$$无锡英迪威电子系统有限公司
17361888573.txt$$$$南京腾韵会展服务有限公司
17361888573_1.txt$$$$南京腾韵会展服务有限公司
17362009017.txt$$$$山东洁润环保设备有限公司
17362060755.txt$$$$青州国远重工机械有限公司
17362069111.txt$$$$山东高密高锻机械有限公司
