13052107768.txt$$$$执虹（上海）自动化设备有限公司
13052116668.txt$$$$上海辛谊新材料有限公司
13052226666.txt$$$$日照名和沪中木业有限公司
13052226666_1.txt$$$$日照名和沪中木业有限公司
13052226666_2.txt$$$$日照名和沪中木业有限公司
13052226666_3.txt$$$$日照名和沪中木业有限公司
13052236769.txt$$$$上海圣泓自动化设备有限公司
13052272702.txt$$$$上海佰申工业工业设备有限公司
13052272708.txt$$$$上海佰申设备有限公司
13052272720.txt$$$$上海佰申工业机械设备有限公司
13052274363.txt$$$$上海有新分子筛有限公司
13052530587.txt$$$$上海靓芹贸易有限公司
13052537622.txt$$$$上海毕萦国际贸易有限公司
13052811888.txt$$$$苏州利波紧固件有限公司
13052811888_1.txt$$$$苏州利波紧固件有限公司
13052811888_2.txt$$$$苏州利波紧固件有限公司
13052854687.txt$$$$昆山华为包装材料有限公司
13052877727.txt$$$$苏州恒源钻井工程有限公司
13052878666.txt$$$$苏州市格丽特玻璃有限公司
13052878666_1.txt$$$$苏州市格丽特玻璃有限公司
13052878666_2.txt$$$$苏州市格丽特玻璃有限公司
13052882285.txt$$$$江苏捌陆信息技术有限公司
13052909518.txt$$$$丹徒区上党安美门栏加工厂
13052966310.txt$$$$江苏沪仪自动化仪表有限公司
13053087238.txt$$$$安徽峰领影视文化传播有限公司
13053094571.txt$$$$合肥豪然再生物资回收有限公司
13053094571_1.txt$$$$合肥豪然再生物资回收有限公司
13053094571_2.txt$$$$合肥豪然再生物资回收有限公司
13053300086.txt$$$$山东洛丽塔文化传媒有限公司
13053300086_1.txt$$$$山东洛丽塔文化传媒有限公司
