13913917879_2.txt$$$$句容市易凯集装箱移动板房有限公司
13913923205.txt$$$$南京滨正红仪器责任有限公司
13913938610.txt$$$$南京市栖霞区福临门搬家服务部
13913940348.txt$$$$品恒财务代理江苏有限公司
13913940348_1.txt$$$$品恒财务代理江苏有限公司
13913940348_2.txt$$$$品恒财务代理江苏有限公司
13913948339.txt$$$$南京金泰塑料包装有限公司
13913953385.txt$$$$南京朗帅电子科技有限公司
13913960969.txt$$$$南京贺拉斯广告有限公司
13913963628.txt$$$$南京能益节能科技有限公司
13913963628_1.txt$$$$南京能益节能科技有限公司
13913963628_2.txt$$$$南京能益节能科技有限公司
13913967812.txt$$$$南京滨正红仪器有限公司
13913969892.txt$$$$南京旭合环保设备有限公司
13913969892_1.txt$$$$南京旭合环保设备有限公司
13913969892_2.txt$$$$南京旭合环保设备有限公司
13913970926.txt$$$$南京莜草环境设备有限公司
13913970926_1.txt$$$$南京莜草环境设备有限公司
13913970926_2.txt$$$$南京莜草环境设备有限公司
13913973187.txt$$$$南京麦火信息科技有限公司
13913974532.txt$$$$南京喜知缘搬家有限公司
13913985597.txt$$$$南京中大物流
13913988428.txt$$$$南京彩旗装饰材料有限公司
13913988428_1.txt$$$$南京彩旗装饰材料有限公司
13914009106.txt$$$$苏州巨晟旺自动化设备有限公司
13914013659.txt$$$$苏州市鑫峰达机械科技有限公司
13914017619.txt$$$$苏州南惠货运有限公司
13914025082.txt$$$$苏州浦润万机电有限公司
13914040161.txt$$$$苏州鑫泽茜环保科技有限公司
13914040161_1.txt$$$$苏州鑫泽茜环保科技有限公司
