15151609163.txt$$$$昆山观盛净化工程有限公司
15151615046.txt$$$$昆山英赛特自动化有限公司
15151616163.txt$$$$巩义市顺祥供水设备有限公司
15151632550.txt$$$$昆山市迈吉森复合材料有限公司
15151635442.txt$$$$江苏拓世长凌光伏科技有限公司
15151649456.txt$$$$苏州东盈环保设备有限公司
15151655301.txt$$$$昆山掘起铝业有限公司
15151663547.txt$$$$苏州奥仑德机械有限公司
15151666619.txt$$$$苏州瑞天光伏科技有限公司
15151729807.txt$$$$吴江布同凡响纺织品有限公司
15151812979.txt$$$$苏州市兆昌电子科技有限公司
15151887897.txt$$$$南京市玄武区雄海电脑维修服务中心
15151977923.txt$$$$常州龙力机械有限公司
15152005982.txt$$$$邳州绿地银杏苗木基地
15152005982_1.txt$$$$邳州市诚明农业发展有限公司
15152015905.txt$$$$邳州市苏鲁银杏苗木购销部
15152015905_1.txt$$$$邳州市绍刚银杏苗木种植专业合作社
15152028493.txt$$$$邳州市诚信银杏苗木种植专业合作社
15152117732.txt$$$$银龙饲料徐州有限公司
15152117732_1.txt$$$$银龙云饲料（徐州）有限公司
15152119441.txt$$$$银龙饲料（徐州）有限公司
15152143818.txt$$$$徐州新特建设科技有限公司
15152149020.txt$$$$上海涂特地坪工程有限公司
15152211317.txt$$$$无锡福乐离心机械有限公司
15152250866.txt$$$$无锡瑞格斯流体动力科技有限公司
15152258866.txt$$$$无锡市比尔强轴承有限公司
15152258866_1.txt$$$$无锡市比尔强轴承有限公司
15152263977.txt$$$$无锡市永多液压机械制造有限公司
15152280935.txt$$$$江阴市乐同环保设备有限公司
15152287290.txt$$$$江苏上好钢管制造有限公司
