18966419808_2.txt$$$$衢州市弘强矿山机械科技有限公司
18966727656.txt$$$$西安尚世健身器材有限公司
18966739999.txt$$$$陕西森蓝节能科技有限公司
18966816454.txt$$$$西安克诺环保科技有限公司
18966875828.txt$$$$西安博莹建筑材料有限公司
18966875828_1.txt$$$$西安博莹建筑材料有限公司
18966875828_2.txt$$$$西安博莹建筑材料有限公司
18966895102.txt$$$$陕西中科联海智能机电工程有限公司
18966930950.txt$$$$西安市高新区咕咚桶装水配送部
18966942243.txt$$$$陕西盟讯电子科技有限公司
18967009557.txt$$$$衢州市华颐达包装有限公司
18967037075.txt$$$$衢州协大重工机械有限公司
18967037075_1.txt$$$$衢州协大重工机械有限公司
18967041855.txt$$$$浙江遂昌利民科技有限公司
18967041855_1.txt$$$$浙江遂昌利民科技有限公司
18967041855_2.txt$$$$浙江遂昌利民科技有限公司
18967185918.txt$$$$杭州红智智能科技有限公司
18967193689.txt$$$$通耀商务信息咨询有限公司
18967221365.txt$$$$舟山舢丽鱼蛋白肥料科技有限公司
18967428758.txt$$$$浙江艾嘉化妆品有限公司
18967451269.txt$$$$义乌市远畅自动化科技有限公司
18967458866.txt$$$$义乌市远畅机械设备有限公司
18967468525.txt$$$$浙江旺豪机械制造有限公司
18967468525_1.txt$$$$浙江旺豪机械制造有限公司
18967468525_2.txt$$$$浙江旺豪机械制造有限公司
18967497000.txt$$$$金华好运来机电设备有限公司
18967497000_1.txt$$$$金华好运来机电设备有限公司
18967497000_2.txt$$$$金华好运来机电设备有限公司
18967591816.txt$$$$浙江启亮光学科技有限公司
18967665111.txt$$$$浙江大润机床有限公司
