13997267168.txt$$$$青海恒威办公家具有限公司
13997299931.txt$$$$西宁市城北区鑫恒电子衡器经营部
13997485231.txt$$$$青海椿涵商贸有限公司
13997505619.txt$$$$温泉森华红森家俱中心
13997509066.txt$$$$湖北惠远再生资源有限公司
13997509819.txt$$$$咸宁三宁机电有限公司
13997510825.txt$$$$咸安区瑞成商务宾馆
13997518703.txt$$$$温泉楼邦建筑材料经营部
13997521025.txt$$$$咸安区领秀汽车生活馆
13997521950.txt$$$$咸安区维佳移动门店
13997539828.txt$$$$高新温泉启新门窗店
13997539828_1.txt$$$$湖北昱奕交通科技有限公司
13997539902.txt$$$$湖北力豪机械科技有限公司
13997542628.txt$$$$咸宁智多星教育咨询有限公司
13997545525.txt$$$$乔丹专卖店
13997548129.txt$$$$湖北德瑞暖通设备有限公司
13997608061.txt$$$$荆州开发区同欣挖掘机租赁
13997662773.txt$$$$湖北枝江今源和饮品有限责任公司
13997677934.txt$$$$湖北和合永安农业发展有限公司
13997687593.txt$$$$湖北大掌柜会计代账有限公司
13997861991.txt$$$$湖北宏宇专用汽车有限公司1
13997877831.txt$$$$湖北泽仕专用汽车有限公司
13997897756.txt$$$$随州市隆兴食用菌机械设备有限公司
13997906566.txt$$$$湖北海跃重机有限公司
13997988411.txt$$$$湖北乾福钢结构有限责任公司
13998009820.txt$$$$辽宁久丰建筑工程有限公司
13998039415.txt$$$$鞍山一钢减速机制造有限公司
13998126705.txt$$$$沈阳欣合睿笙塑料制品有限公司
13998147273.txt$$$$沈阳恒佳忠祥液压设备有限公司
13998169458.txt$$$$沈阳友伴门窗销售有限公司
