13938325288.txt$$$$濮阳市万家福健身器材有限公司
13938325288_1.txt$$$$濮阳市万家福健身器材有限公司
13938325288_2.txt$$$$濮阳市万家福健身器材有限公司
13938333311.txt$$$$濮阳市煜煊润滑油有限公司
13938403945.txt$$$$巩义市方锐机械厂
13938403945_1.txt$$$$巩义市方锐机械厂
13938403945_2.txt$$$$巩义市方锐机械厂
13938403945_3.txt$$$$巩义市方锐机械厂
13938410081.txt$$$$巩义市建文矿山机械厂
13938421639.txt$$$$郑州胜杰服饰有限公司
13938421639_1.txt$$$$郑州胜杰服饰有限公司
13938429519.txt$$$$郑州赛德斯机械有限公司
13938439388.txt$$$$郑州山川重工有限公司
13938442929.txt$$$$河南鼎诺门业有限公司
13938456209.txt$$$$郑州米莱化工产品有限公司
13938460777.txt$$$$河南辉煌节能工程技术有限公司
13938464966.txt$$$$荥阳市江海机械厂
13938464966_1.txt$$$$郑州宇泰重工机械有限公司
13938468387.txt$$$$郑州老李货运信息中心
13938470403.txt$$$$河南韵蓝水处理材料有限公司
13938470403_1.txt$$$$河南韵蓝水处理材料有限公司
13938473005.txt$$$$河南省瑞朗机械设备有限公司
13938485870.txt$$$$郑州聚盟建筑工程有限公司
13938485870_1.txt$$$$郑州聚盟建筑工程有限公司
13938485870_2.txt$$$$郑州聚盟建筑工程有限公司
13938498350.txt$$$$河南科顺建筑防水工程有限公司
13938500357.txt$$$$巩义市鑫合机械厂
13938513851.txt$$$$河南三超货物运输有限公司
13938542188.txt$$$$河南六维仓储设备有限公司
13938555619.txt$$$$河南众淼环保科技有限公司
