18620712559_1.txt$$$$广州星亚会展有限公司
18620712559_2.txt$$$$广州企亚展览策划有限公司
18620712559_3.txt$$$$广州花亚展览服务有限公司
18620712559_4.txt$$$$广州晋亚展览服务有限公司
18620712559_5.txt$$$$广州丽亚展览服务有限公司
18620726898.txt$$$$奥戈恩(广州)泵业有限公司
18620738421.txt$$$$思创过滤技术（广州）有限公司
18620740930.txt$$$$重庆市家泰环境科技有限公司
18620766135.txt$$$$科玛生物技术（广州）有限公司
18620778567.txt$$$$广州市靓妆生物科技有限公司
18620778567_1.txt$$$$广州市靓妆生物科技有限公司
18620778567_2.txt$$$$广州市靓妆生物科技有限公司
18620782086.txt$$$$广州多分美环保科技有限公司
18620800207.txt$$$$广东视睿眼镜有限公司
18620818875.txt$$$$广州欧思蔓生物科技有限公司
18620818875_1.txt$$$$广州欧思蔓生物科技有限公司
18620818875_2.txt$$$$广州欧思蔓生物科技有限公司
18620823750.txt$$$$广州珉生清洁服务有限公司
18620826602.txt$$$$广州耐智特种玻璃有限公司
18620829361.txt$$$$拉格比（广东）健康科技有限公司
18620829361_1.txt$$$$拉格比（广东）健康科技有限公司
18620829361_2.txt$$$$拉格比（广东）健康科技有限公司
18620845692.txt$$$$广州卉景绿萝吊兰种植基地
18620870707.txt$$$$广州萝薇化妆品有限公司
18620870707_1.txt$$$$广州萝薇化妆品有限公司
18620877906.txt$$$$广州市领略纸品有限公司
18620877906_1.txt$$$$广州市领略纸品有限公司
18620877906_2.txt$$$$广州市领略纸品有限公司
18620880765.txt$$$$广州市天造屏风有限公司
18620886889.txt$$$$广州市越秀区松泽电子商行
