18036003832.txt$$$$无锡沃尔顶密封技术开发有限公司
18036005366.txt$$$$赫森电气（无锡）有限公司
18036006388.txt$$$$江苏启航机械设备租赁有限公司
18036088053.txt$$$$苏州荣康环保工程有限公司
18036165806.txt$$$$南通鼎天工贸有限公司
18036192928.txt$$$$广州明诺新能源科技有限公司
18036234327.txt$$$$扬州科普景观工程有限公司
18036252977.txt$$$$宝应鼎华电器设备厂
18036279486.txt$$$$江苏牛牌纺织机械有限公司
18036319666.txt$$$$盐城辉憬防水工程有限公司
18036393590.txt$$$$苏州合之木智能科技有限公司
18036560632.txt$$$$连云港市奇鑫铸造厂
18036689109.txt$$$$江苏更大包装有限公司
18036712228.txt$$$$江苏集海新型建材
18036712228_1.txt$$$$江苏集海新型建材有限公司
18036775345.txt$$$$泽盈机电设备上海有限公司
18036783299.txt$$$$江苏奥田环保设备有限公司
18036803003.txt$$$$兴化市振泓船厂
18036831537.txt$$$$苏州甲腾包装材料科技有限公司
18036833693.txt$$$$苏州多麦公共设施有限公司
18036833693_1.txt$$$$吴中区木渎多麦户外用品经营部
18036837259.txt$$$$苏州腾技办公设备有限公司
18036852226.txt$$$$苏州速必达环保工程有限公司
18036867597.txt$$$$江苏世宜森新型建材有限公司
18036931900.txt$$$$宿迁鹏宇钢制品有限公司
18037001457.txt$$$$洛阳李字新材料科技有限公司
18037003170.txt$$$$洛阳欧祺精密零件制造有限公司
18037006527.txt$$$$洛阳玖信管业有限公司
18037019039.txt$$$$洛阳七秒鱼酒店管理有限公司
18037116166.txt$$$$郑州通天汽车服务有限公司
