18937295271.txt$$$$河南省金航工程塑料有限公司
18937300867.txt$$$$新乡市升基利设备制造有限公司
18937305055.txt$$$$辉县市雨枫食品有限公司
18937307809.txt$$$$河南众晟复合材料有限公司
18937318900.txt$$$$新乡市建通路桥材料设备有限公司
18937318900_1.txt$$$$新乡市建通路桥材料设备有限公司
18937318900_2.txt$$$$新乡市建通路桥材料设备有限公司
18937332186.txt$$$$河南太行全利重工股份有限公司
18937352822.txt$$$$新乡市灵龙水处理材料有限公司
18937373809.txt$$$$新乡市乐尔过滤器有限公司
18937382675.txt$$$$河南帕菲特搬运设备有限公司
18937422805.txt$$$$许昌业恒磁选设备厂
18937433789.txt$$$$许昌业恒磁选设备厂
18937458208.txt$$$$长葛市德雷西机械设备有限公司
18937471811.txt$$$$许昌维尔康植物油有限公司
18937513115.txt$$$$乳源瑶族自治县星灿银河滑道有限公司
18937513115_1.txt$$$$乳源瑶族自治县星灿银河滑道有限公司
18937513115_2.txt$$$$乳源瑶族自治县星灿银河滑道有限公司
18937593660.txt$$$$郑州市金水区鑫博达汽车装饰用品商行
18937601688.txt$$$$新县精益钢构有限公司
18937601688_1.txt$$$$新县精益钢构有限公司
18937601688_2.txt$$$$新县精益钢构有限公司
18937612288.txt$$$$潢川县林安物流经营部
18937624006.txt$$$$郑州环云电子科技有限公司
18937624006_1.txt$$$$郑州环云电子科技有限公司
18937625938.txt$$$$郑州中谷机械（仪器）设备有限公司
18937630366.txt$$$$河南真美佳御数码设备有限公司
18937630366_1.txt$$$$河南真美佳御数码设备有限公司
18937630366_2.txt$$$$河南真美佳御数码设备有限公司
18937633052.txt$$$$河南良信企业管理咨询有限公司
