13888468146.txt$$$$云南众标机电设备有限公司
13888468146_1.txt$$$$云南众标机电设备有限公司
13888474467.txt$$$$云南沛森经贸有限公司
13888474467_1.txt$$$$云南沛森经贸有限公司
13888474467_2.txt$$$$云南沛森经贸有限公司
13888478440.txt$$$$云南敏星科技有限公司
13888478440_1.txt$$$$云南敏星科技有限公司
13888478440_2.txt$$$$云南敏星科技有限公司
13888489544.txt$$$$昆明展吉商贸有限公司
13888489544_1.txt$$$$昆明展吉商贸有限公司
13888502387.txt$$$$云南霆宽商贸有限公司
13888504918.txt$$$$云南迅腾厨房设备有限公司
13888504918_1.txt$$$$云南迅腾厨房设备有限公司
13888505917.txt$$$$昆明市官渡区爱芹广告材料经营部
13888511071.txt$$$$泉州市群工智能装备有限公司
13888511500.txt$$$$云南多林电缆有限公司
13888511500_1.txt$$$$云南多林电缆有限公司
13888511500_2.txt$$$$云南多林电缆有限公司
13888525761.txt$$$$昆明市官渡区无量韵茶叶经营部
13888526025.txt$$$$通山县华鑫板石厂
13888556256.txt$$$$云南业光科技有限公司
13888565349.txt$$$$云南爽洁环境卫生服务有限公司
13888565349_1.txt$$$$云南爽洁环境卫生服务有限公司
13888565349_2.txt$$$$云南爽洁环境卫生服务有限公司
13888567467.txt$$$$云南普兴水泥制品有限公司
13888567467_1.txt$$$$云南普兴水泥制品有限公司
13888567467_2.txt$$$$云南普兴水泥制品有限公司
13888568862.txt$$$$云南木艺魂防腐木园林古建有限公司
13888568862_1.txt$$$$云南木艺魂防腐木园林古建有限公司
13888568862_2.txt$$$$云南木艺魂防腐木园林古建有限公司
