13317130599_1.txt$$$$武汉金宇阳保温材料有限公司
13317140991.txt$$$$湖北道立捷科技有限公司
13317140991_1.txt$$$$湖北道立捷科技有限公司
13317140991_2.txt$$$$湖北道立捷科技有限公司
13317165433.txt$$$$武汉联谊塑业有限公司
13317176123.txt$$$$武汉盛林棉制品有限公司
13317185250.txt$$$$武汉亿凡光电有限公司
13317199990.txt$$$$湖北统筹广告传媒有限公司
13317240389.txt$$$$湖北金德钢结构有限公司
13317243231.txt$$$$咸安区千顺门业
13317270907.txt$$$$襄阳凡美纺织服饰有限公司
13317316606.txt$$$$长沙喜马拉雅音乐喷泉设备有限公司
13317336128.txt$$$$攸县新胜油茶专业合作社
13317515860.txt$$$$湖北武汉善进科技有限公司
13317585823.txt$$$$湖北创匠建筑材料有限公司
13317661423.txt$$$$佛山市启动智能科技有限公司
13317710004.txt$$$$广西伏安福电力设备有限公司
13317906920.txt$$$$四川仲辉纸业有限公司
13317956526.txt$$$$上海铸衡有限公司
13318212496.txt$$$$佛山市三水世通管材有限公司
13318213812.txt$$$$视方科技有限公司
13318216628.txt$$$$佛山市南海正一金属建材有限公司
13318217719.txt$$$$广东汉狮贸易有限公司
13318218693.txt$$$$佛山市奥森门窗有限公司
13318220393.txt$$$$佛山市明月大众搬家服务有限公司
13318222582.txt$$$$佛山市华宏诚不锈钢有限公司
13318287358.txt$$$$中山市明可照明科技有限公司
13318287859.txt$$$$中山鸿程自动门有限公司
13318287998.txt$$$$中山市雄志船木家具厂
13318305633.txt$$$$佛山市易运智汇供应链有限公司
