13931717571_2.txt$$$$河北卓士汽车零部件有限公司
13931720291.txt$$$$泊头市水建水利工程服务中心
13931728338.txt$$$$盐山县冀中体育器材设备制造有限公司
13931729710.txt$$$$沧州伟硕涂装设备有限公司
13931729710_1.txt$$$$沧州伟硕涂装设备有限公司
13931729710_2.txt$$$$沧州伟硕涂装设备有限公司
13931729815.txt$$$$东光县峰利纸箱机械厂
13931730975.txt$$$$河北晟拓管道装备有限公司
13931737518.txt$$$$盐山县天时达机床附件制造有限公司
13931739680.txt$$$$沧州市海威钢管有限公司
13931739857.txt$$$$沧州豪诺五金制品有限公司
13931743721.txt$$$$泊头市运河机械厂
13931743721_1.txt$$$$泊头市运河机械厂
13931751867.txt$$$$沧州永旺管道制造有限公司
13931757123.txt$$$$泊头市振峰机械制造有限公司
13931759019.txt$$$$沧州荣升机床附件有限公司
13931760036.txt$$$$河北广正诚工程材料有限公司
13931765967.txt$$$$河北联森管道设备制造有限公司
13931768566.txt$$$$泊头市宇净环保设备有限公司
13931771805.txt$$$$佳顺法兰弯头管件有限公司
13931777359.txt$$$$沧州奥博体育器材制造有限公司
13931777722.txt$$$$沧州源鸿泵业有限公司
13931780123.txt$$$$任丘市庆丰橡胶制品有限公司
13931780167.txt$$$$沧州鑫科盛管道设备有限公司
13931782428.txt$$$$沧州广晟管道设备有限公司安徽分公司
13931797525.txt$$$$任丘市诚昌机械配件有限公司
13931797567.txt$$$$沧州英利管道有限公司
13931802185.txt$$$$枣强县润通玻璃钢有限公司
13931806071.txt$$$$安平县光照丝网制造有限公司
13931806071_1.txt$$$$安平县光照丝网制造有限公司
