13296689079.txt$$$$武汉鑫撼翔装饰设计工程有限公司
13297046969.txt$$$$武汉中创华卓自动化设备有限公司
13297337789.txt$$$$株洲市石峰区雄风家电服务部
13297407337.txt$$$$长沙凯新科技有限公司
13297415969.txt$$$$东莞市激光设备有限公司
13297538969.txt$$$$东莞市清溪展宏机电设备经营部
13297680006.txt$$$$咸宁市恒昌汽车服务有限公司
13297685902.txt$$$$咸安区红磨坊墙纸布艺店
13297685902_1.txt$$$$咸安区红磨坊墙纸布艺店
13297686498.txt$$$$通山县阮荣保五金店
13297906690.txt$$$$武汉瑞码联信信息技术有限公司
13297945690.txt$$$$武汉微神科技发展有限公司
13298108050.txt$$$$河钢集团有限公司
13298110216.txt$$$$郑州百思特制冷技术有限公司
13298115551.txt$$$$河南万邦电缆有限公司
13298115999.txt$$$$河南灵境信息技术有限公司
13298115999_1.txt$$$$河南灵境信息技术有限公司
13298115999_2.txt$$$$河南灵境信息技术有限公司
13298130896.txt$$$$郑州锐丰超硬材料有限公司
13298186235.txt$$$$郑州久新材料科技有限公司
13298186235_1.txt$$$$郑州久新材料科技有限公司
13298300179.txt$$$$郑州恒尔科贸有限公司
13298300727.txt$$$$郑州永振机械设备有限公司
13298331119.txt$$$$郑州绿地环保科技有限公司
13298331119_1.txt$$$$郑州绿地环保科技有限公司
13298331119_2.txt$$$$郑州绿地环保科技有限公司
13298357732.txt$$$$河南中远篷布制品有限公司
13298359963.txt$$$$郑州亚飞凌电子产品有限公司
13298367238.txt$$$$郑州光之华路灯有限公司
13298408650.txt$$$$郑州宏阳环保科技有限公司
