17553703333.txt$$$$济宁华文教育咨询有限公司
17553717507.txt$$$$山东稻香机械设备有限公司
17553727065.txt$$$$济宁信发液压有限公司
17553760606.txt$$$$济宁康丰机械设备有限公司
17553828456.txt$$$$泰安市隆耀机械设备有限公司
17554055788.txt$$$$菏泽欧锦建材有限公司
17560051314.txt$$$$青岛美家方程文化传播有限公司
17560051314_1.txt$$$$青岛美家方程文化传播有限公司
17560051314_2.txt$$$$青岛美家方程文化传播有限公司
17560051314_3.txt$$$$青岛美家方程文化传播有限公司
17560737002.txt$$$$济宁汇博机械设备责任有限公司
17560738113.txt$$$$山东金亿机械设备有限公司
17560738113_1.txt$$$$山东金亿机械设备有限公司
17560738113_2.txt$$$$山东金亿机械设备有限公司
17561788002.txt$$$$青岛雅雄会展有限公司
17562101188.txt$$$$山东铁路设备有限公司
17562216210.txt$$$$济宁固建机械有限公司
17562238805.txt$$$$济宁市佳彩环保工程有限公司
17562736601.txt$$$$山东光头李记食品有限公司
17562785753.txt$$$$富港检测技术有限公司
17563504334.txt$$$$山东财源特钢销售有限公司
17563504334_1.txt$$$$山东财源特钢销售有限公司
17564001157.txt$$$$北京爱国小男孩科技有限公司
17564002049.txt$$$$山东惠信环保工业装备有限公司
17564252846.txt$$$$曲阜华源包装纸业有限公司
17564253339.txt$$$$曲阜市春耕农业机械制造厂
17564265488.txt$$$$山东立松机械科技有限公司
17564278620.txt$$$$济宁骄阳设备有限公司
17564278650.txt$$$$济宁骄阳工矿机械设备有限公司
17564278683.txt$$$$山东济宁骄阳机械设备有限公司
