13831255957.txt$$$$高碑店市新丰风机制造有限公司
13831256363.txt$$$$雄县永才无纺布包装厂
13831257588.txt$$$$保定高新区金生彩钢厂
13831260878.txt$$$$徐水县泓基机械加工厂
13831266355.txt$$$$河北朝发塑料制品有限公司
13831286070.txt$$$$河北宇雕起重装备科技有限公司
13831286070_1.txt$$$$河北宇雕起重装备科技有限公司
13831286070_2.txt$$$$河北宇雕起重装备科技有限公司
13831509096.txt$$$$遵化市龙翔机械厂
13831602234.txt$$$$固安县宏斌过滤器材厂
13831602234_1.txt$$$$大地滤清器厂
13831624106.txt$$$$佳泽过滤器材厂
13831624226.txt$$$$固安县金硕滤清器厂
13831625429.txt$$$$固安县宝鑫滤清器厂
13831627393.txt$$$$河北大城弘通金属成型设备有限公司
13831628113.txt$$$$固安县保钢滤芯厂
13831636945.txt$$$$廊坊凯全过滤设备限公司
13831639161.txt$$$$广溢滤清器厂
13831645999.txt$$$$廊坊万腾防腐材料有限责任公司
13831650603.txt$$$$廊坊亿源新能源科技有限责任公司
13831650603_1.txt$$$$廊坊亿源新能源科技有限责任公司
13831650603_2.txt$$$$廊坊亿源新能源科技有限责任公司
13831655868.txt$$$$固安县中欧滤清器厂
13831655953.txt$$$$河北神州保温建材集团有限公司
13831656125.txt$$$$廊坊亿达通净化设备有限公司
13831658909.txt$$$$天津市电缆总厂橡塑电缆厂
13831678756.txt$$$$固安县杰微过滤器有限公司
13831696806.txt$$$$廊坊紫成狮助剂有限公司
13831701834.txt$$$$盐山县茂源机床附件厂
13831706815.txt$$$$河北骊龙钢管制造有限公司
