15906778312.txt$$$$乐清市瑞联有色金属贸易有限公司
15907112575.txt$$$$武汉市仁和会计工商咨询服务有限公司
15907112575_1.txt$$$$武汉市仁和会计工商咨询服务有限公司
15907112575_2.txt$$$$武汉市仁和会计工商咨询服务有限公司
15907129258.txt$$$$武汉市东西湖宏运电缆桥架经营部
15907135176.txt$$$$武汉美一鼎环保科技有限公司
15907149932.txt$$$$武汉德善责然商务咨询有限公司
15907151845.txt$$$$武汉燎燃不锈钢有限公司
15907162163.txt$$$$武汉福兴鼎盛建筑科技有限公司
15907167601.txt$$$$武汉万泽利嘉商贸有限公司
15907171174.txt$$$$武汉胜美特机电设备有限公司
15907190095.txt$$$$咸安区华兴五金店
15907214443.txt$$$$松滋市欣峰苗木种植基地
15907214443_1.txt$$$$松滋市欣峰苗木种植基地
15907224660.txt$$$$天门市轩唐营销策划有限责任公司
15907261313.txt$$$$荆门金汇会计服务有限公司
15907264288.txt$$$$荆门市信萍企业代理有限公司
15907267999.txt$$$$钟祥市华中机动车驾驶员培训学校
15907272333.txt$$$$襄阳恒宝机械有限公司
15907272333_1.txt$$$$襄阳恒宝机械有限公司
15907326828.txt$$$$湖南大掌柜商贸有限公司
15907486474.txt$$$$巩义一恒水处理新材料有限公司
15907558009.txt$$$$深圳联华祥电子有限公司
15907558009_1.txt$$$$深圳联华祥电子有限公司
15907690793.txt$$$$东莞市瀚楠无纺科技有限公司
15907693759.txt$$$$广东新扬铃电子科技有限公司
15907693759_1.txt$$$$扬铃电子商贸有限公司
15907693759_2.txt$$$$广东新扬铃电子科技有限公司
15907693759_3.txt$$$$广东新扬铃电子科技有限公司
15907693759_4.txt$$$$广东新扬铃电子科技有限公司
