18687105216.txt$$$$云南拙智得企业管理策划有限公司
18687159139.txt$$$$云南正均建筑工程有限公司
18687220463.txt$$$$晋中市乐动体育文化有限公司
18687538829.txt$$$$昆明市官渡区成达建材经营部
18687576777.txt$$$$嵩明砼丰建筑机械设备有限公司
18687663521.txt$$$$云南淼笙景观设计有限公司
18687711156.txt$$$$江苏友坤建材有限公司
18687825700.txt$$$$云南筑龙建筑装饰工程有限公司
18687825700_1.txt$$$$云南筑龙建筑装饰工程有限公司
18687911568.txt$$$$昆明兴佳包装有限公司
18688000218.txt$$$$汕头市东豪投资有限公司
18688084200.txt$$$$山西一缆天下科技有限公司
18688084200_1.txt$$$$山西一缆天下科技有限公司
18688108070.txt$$$$广东联祥康居新建材有限公司
18688108070_1.txt$$$$广东联祥康居新建材有限公司
18688108070_2.txt$$$$广东联祥康居新建材有限公司
18688134468.txt$$$$格源环保设备有限公司
18688186261.txt$$$$广东赣星智能科技有限公司
18688200055.txt$$$$广州市美可生物科技有限公司
18688209288.txt$$$$广东普城净水科技有限公司深圳分公司
18688213115.txt$$$$佛山市台创机械制造有限公司
18688215659.txt$$$$佛山市兰铭装饰材料有限公司
18688241088.txt$$$$佛山市米斯米家居有限公司
18688258584.txt$$$$佛山市匠展金属有限公司
18688265779.txt$$$$佛山市巨欧家具制造有限公司
18688268123.txt$$$$佛山市金仓联货架制造有限公司
18688268123_1.txt$$$$佛山市金仓联货架制造有限公司
18688268595.txt$$$$佛山美凯罗新材料有限公司
18688367300.txt$$$$天艺(广东)艺术文化有限公司
18688381785.txt$$$$广州市德晨博机械设备有限公司
