13002102607.txt$$$$上海泛赛机电有限公司
13002110986.txt$$$$上海斯顶涂料有限公司
13002207995.txt$$$$天津天鹏天龙五金有限公司
13002228040.txt$$$$天津市河西区圣奥克兰家具销售中心
13002228669.txt$$$$天津兴意隆汽车销售有限公司西青分公司
13002315544.txt$$$$重庆亮派办公家具制造有限公司
13002382565.txt$$$$重庆宏程活性碳有限公司
13002382565_1.txt$$$$重庆宏程活性碳有限公司
13002382565_2.txt$$$$重庆宏程活性碳有限公司
13002439111.txt$$$$沈阳福瑞思科技有限公司
13002473311.txt$$$$沈阳市博赞教育科技有限公司
13002522517.txt$$$$南京长三角防水保温材料有限公司
13002527273.txt$$$$上海凯固禹威环保科技有限公司
13002528111.txt$$$$徐州盟聚电子科技有限公司
13002560555.txt$$$$江苏吾之道建筑材料有限公司
13002599902.txt$$$$南京昌瑞家政服务有限公司
13002613115.txt$$$$德清武康中盛铁艺楼梯商行
13002622463.txt$$$$济南海鑫景观砖有限公司
13002705328.txt$$$$桓台仕途达商贸有限公司
13002723167.txt$$$$石狮市库诺兄弟服饰有限公司
13002737301.txt$$$$烟台好山好水果业科技开发有限公司
13002771797.txt$$$$泰安高新区兴红苗圃
13002777048.txt$$$$泰安市泰山区山口常压锅炉厂
13002777048_1.txt$$$$泰安市泰山区山口常压锅炉厂
13002777422.txt$$$$泰安市岱岳区世通铁艺制造厂
13002907269.txt$$$$西安佳协电子科技有限公司
13002923000.txt$$$$西安乐之星体育器材有限公司
13002939750.txt$$$$西安亨利建材有限公司
13002939750_1.txt$$$$西安亨利建材有限公司
13002972299.txt$$$$陕西南乔暖通科技有限公司
