17761981993.txt$$$$扬州源美光电科技有限公司
17762022732.txt$$$$伟图（胶州）石业有限公司
17762038285.txt$$$$即墨区旭璐机械加工厂
17762333065.txt$$$$佛山市顺德区陈村镇锠隆门业加工厂
17762391825.txt$$$$武汉湿菱电器有限公司
17762398725.txt$$$$武汉华士特工业生物技术开发有限公司
17762488281.txt$$$$武汉丰创机械设备有限公司
17762502177.txt$$$$武汉惠创物资回收有限公司
17762510486.txt$$$$武汉市睿意达技术有限公司
17762510486_1.txt$$$$武汉市睿意达技术有限公司
17762565669.txt$$$$武汉久茂兴塑业有限公司
17762572143.txt$$$$钢精灵智能科技（武汉）有限公司
17762573060.txt$$$$武汉钢精灵智能科技有限公司
17762640375.txt$$$$深圳市康姆达科技有限公司
17762982888.txt$$$$宜昌优安的觅农业科技有限公司
17763095323.txt$$$$柳州市山王科技有限公司
17763174779.txt$$$$宁津县新江化工有限公司
17763174779_1.txt$$$$宁津县新江化工有限公司
17763174779_2.txt$$$$宁津县新江化工有限公司
17763199337.txt$$$$山东康明斯发电设备有限公司
17763255949.txt$$$$烟台汇优母婴护理服务有限公司
17763255949_1.txt$$$$烟台汇优母婴护理服务有限公司
17763356910.txt$$$$山东日照市承浩木业有限公司
17763382396.txt$$$$日照恒桥碳素有限公司
17763397776.txt$$$$山东晟牛文化发展有限公司
17764066076.txt$$$$武汉市江夏区精管家家政服务中心
17764088996.txt$$$$武汉工大蓝舰食品机械制造有限公司
17764403836.txt$$$$合肥市胜彬建筑材料有限公司
17764434936.txt$$$$合肥熙贝服饰有限责任公司
17764452685.txt$$$$合肥博艺仪器设备有限公司
