18866478549.txt$$$$欧拓华科技（东莞）有限公司
18866478704.txt$$$$上海广思微净化设备有限公司
18866478714.txt$$$$西安弘康环保科技有限公司
18866478945.txt$$$$广州亿利昶服饰有限公司
18866518096.txt$$$$聊城市隆源祥钢管有限公司
18866578286.txt$$$$山东佳荣钢管有限公司
18866608500.txt$$$$乐扬麦冬草基地
18866618111.txt$$$$山东会装包装机械有限公司
18866618600.txt$$$$山东百斯卡智能科技有限公司
18866622919.txt$$$$青岛玉龙包装设备有限公司
18866649829.txt$$$$青州市凯越环保科技有限公司
18866674203.txt$$$$宣城新达机械设备有限公司
18866674203_1.txt$$$$济南思达特测试技术有限公司
18866710185.txt$$$$山东泰瀚食品机械有限公司
18866723703.txt$$$$山东避风港门业有限公司
18866723709.txt$$$$山东避风港门业有限公司
18866727666.txt$$$$青州市卓众温控设备厂
18866727666_1.txt$$$$潍坊双联机械有限公司
18866727666_2.txt$$$$潍坊双联机械有限公司
18866727666_3.txt$$$$潍坊双联机械有限公司
18866746204.txt$$$$山东欣丰动力设备有限公司
18866753210.txt$$$$青州海大重工科技有限公司
18866753210_1.txt$$$$青州绿水贸易有限公司
18866765736.txt$$$$潍坊华晨新能源开发有限责任公司
18866769638.txt$$$$诸城盛新德机械有限公司
18866771968.txt$$$$潍坊泉韵徕环保设备技术有限公司
18866776111.txt$$$$诸城市宏德机械制造有限公司
18866776111_1.txt$$$$诸城市宏德机械制造有限公司
18866779858.txt$$$$青州市中宏环保机械有限公司
18866789668.txt$$$$潍坊市鲁洋防水材料有限公司
