13503959974.txt$$$$郑州百邦电子商务有限公司
13503970398.txt$$$$东方环宇环保科技发展有限公司
13503971949.txt$$$$安阳高新区方正玻璃加工厂
13503972621.txt$$$$河南省彪牌棉机有限公司
13503975383.txt$$$$安阳市安德电子机械有限公司
13503975383_1.txt$$$$安阳市安德电子机械有限公司
13503995197.txt$$$$河南泰吉人防工程有限公司
13503996283.txt$$$$郑州市润龙涂料有限公司
13503999099.txt$$$$巩义市宏宇净水材料有限公司
13503999347.txt$$$$巩义市鼎诺机械设备有限公司
13503999347_1.txt$$$$巩义市鼎诺机械设备有限公司
13503999347_2.txt$$$$巩义市鼎诺机械设备有限公司
13504036100.txt$$$$沈阳一运驾驶员培训学校有限公司
13504111102.txt$$$$大连瑞恒电力电气有限公司
13504408866.txt$$$$吉林省健丞橡塑工贸有限公司
13504435266.txt$$$$长春市成祥建筑装饰工程有限公司
13504639734.txt$$$$珠海双喜电器股份有限公司
13504947622.txt$$$$沈阳市于洪区明政货物运输信息站
13504973820.txt$$$$沈阳三祥工矿机械加工有限公司
13504984589.txt$$$$辽宁康宁环境监测评价有限公司
13505025250.txt$$$$泉州市浩翔膜结构工程有限公司
13505052762.txt$$$$福建华南重工机械有限公司
13505076868.txt$$$$泉州新飞鸿胶粘带制品厂
13505079108.txt$$$$福建华南重工机械制造有限公司
13505079108_1.txt$$$$华南重工机械制造有限公司
13505116022.txt$$$$云南昊光照明工程有限公司
13505116022_1.txt$$$$云南昊光照明工程有限公司
13505116022_2.txt$$$$云南昊光照明工程有限公司
13505138539.txt$$$$连云港市金川机电有限公司
13505138967.txt$$$$连云港市华银电力辅机有限公司
