15315117266.txt$$$$济南神牛重工机械有限公司
15315119188.txt$$$$山东泰昭物资有限公司
15315119297.txt$$$$济南一杯水环保科技有限公司
15315173070.txt$$$$济宁华樽商贸有限公司
15315193166.txt$$$$飞宏工程机械有限公司
15315205795.txt$$$$山东汇威建材科技有限公司
15315207082.txt$$$$淄博市林安物流有限公司
15315218008.txt$$$$山东省桓台县风机厂
15315228668.txt$$$$山东欣瑞健康服务有限公司
15315228668_1.txt$$$$山东欣瑞健康服务有限公司
15315228668_2.txt$$$$山东欣瑞健康服务有限公司
15315246280.txt$$$$诸城市福德塑料制品厂
15315253331.txt$$$$潍坊博森经贸有限公司
15315277119.txt$$$$山东国泰科技有限公司
15315290966.txt$$$$山东华阳化工机械有限公司
15315301155.txt$$$$滕州市永创装饰工程有限公司
15315303988.txt$$$$山东郓城金河泉酒业有限公司
15315315301.txt$$$$山东加力特电子商务有限公司
15315316901.txt$$$$上海建赫实业有限公司
15315344571.txt$$$$宁津县德冠机械设备有限公司
15315348330.txt$$$$山东超亚环保设备有限公司
15315366077.txt$$$$青州聚鸿环境工程有限公司
15315366077_1.txt$$$$青州聚鸿环境工程有限公司
15315366077_2.txt$$$$青州聚鸿环境工程有限公司
15315370055.txt$$$$济宁德创装饰工程有限公司
15315370055_1.txt$$$$济宁德创装饰工程有限公司
15315376266.txt$$$$济宁众达工程机械设备有限公司
15315391800.txt$$$$临沂栗树弯装饰材料有限公司
15315437699.txt$$$$山东醴泉集团有限公司
15315437699_1.txt$$$$山东醴泉集团有限公司
