18324159100.txt$$$$重庆声影美建材有限公司
18324181850.txt$$$$重庆市多彩摄影化妆职业培训学校
18324277761.txt$$$$温州正继连接器有限公司
18324320807.txt$$$$嘉兴市峻龙机械设备有限公司
18324478995.txt$$$$杭州协聚管道疏通有限公司
18324683405.txt$$$$福建秋官郎餐饮食品有限责任公司
18324695480.txt$$$$商丘市安宁输送机械有限公司
18324714456.txt$$$$合肥建坤新型建材有限公司
18324738810.txt$$$$合肥展昆自动化设备有限公司
18324781216.txt$$$$惠州九州新传媒有限公司
18325365900.txt$$$$芜湖顺意包装有限公司
18325365900_1.txt$$$$芜湖顺意包装有限公司
18325365900_2.txt$$$$芜湖顺意包装有限公司
18325366866.txt$$$$镜湖区皖香老酒馆
18325398012.txt$$$$弋江区北辰家具店
18325398012_1.txt$$$$弋江区北辰家具店
18325398012_2.txt$$$$弋江区北辰家具店
18325436268.txt$$$$山东格蓝科思清洗科技有限公司
18325436268_1.txt$$$$山东格蓝科思清洗科技有限公司
18325531581.txt$$$$马鞍山环胜机械科技有限公司
18325796016.txt$$$$上海励程展览有限公司
18325994899.txt$$$$湖州鼎上不锈钢有限公司
18326000859.txt$$$$合肥开博建筑装饰品有限公司
18326000859_1.txt$$$$合肥开博建筑装饰品有限公司
18326000859_2.txt$$$$合肥开博建筑装饰品有限公司
18326000859_3.txt$$$$合肥开博建筑装饰品有限公司
18326024708.txt$$$$安徽迪冠通风设备有限公司
18326024708_1.txt$$$$安徽迪冠通风设备有限公司
18326024708_2.txt$$$$安徽迪冠通风设备有限公司
18326033293.txt$$$$安徽捷泰智能科技有限公司
