13838025920.txt$$$$河南国盟交通工程有限公司
13838028234.txt$$$$河南榨油机械有限总公司
13838043717.txt$$$$巩义市鑫利重工机械制造有限公司
13838044917.txt$$$$河南鑫老包食品有限公司
13838047003.txt$$$$郑州市科兴液压配件有限公司
13838054957.txt$$$$郑州森丽娅贸易有限公司
13838075979.txt$$$$巩义市站街三利重型设备厂
13838076167.txt$$$$巩义市博强贸易有限公司
13838076167_1.txt$$$$巩义市博强贸易有限公司
13838076167_2.txt$$$$巩义市博强贸易有限公司
13838076359.txt$$$$巩义市站街启航机械设备销售部
13838078776.txt$$$$巩义市豫翔机械制造厂
13838078776_1.txt$$$$巩义市豫翔机械制造厂
13838078776_2.txt$$$$巩义市豫翔机械制造厂
13838079660.txt$$$$枫叶景观设计有限公司
13838079923.txt$$$$荥阳市朋鑫电机厂
13838080449.txt$$$$巩义市孝义鑫旺机械销售部
13838080449_1.txt$$$$郑州金旺机械设备有限公司
13838080449_2.txt$$$$郑州金旺机械设备有限公司
13838080449_3.txt$$$$郑州金旺机械设备有限公司
13838085133.txt$$$$郑州瑞捷清洁设备有限公司
13838091878.txt$$$$河南永利塑料厂
13838092159.txt$$$$河南省奥特威机械设备有限公司
13838092159_1.txt$$$$河南省奥特威机械设备有限公司
13838092159_2.txt$$$$河南省奥特威机械设备有限公司
13838092926.txt$$$$巩义市超伟建材机械厂
13838092926_1.txt$$$$巩义市超伟建材机械厂
13838092926_2.txt$$$$巩义市超伟建材机械厂
13838096621.txt$$$$郑州春润家政服务有限公司
13838096621_1.txt$$$$郑州春润家政服务有限公司
