13758973563_1.txt$$$$永康市前仓豫杰雕塑厂
13758973563_2.txt$$$$永康市前仓豫杰雕塑厂
13758976507.txt$$$$浙江彪腾工贸有限公司
13758979217.txt$$$$金华万超链传动有限公司
13758979217_1.txt$$$$金华万超链传动有限公司
13758979217_2.txt$$$$金华万超链传动有限公司
13758990012.txt$$$$永康市江南超玥五金配件加工厂
13758990012_1.txt$$$$永康市江南超玥五金配件加工厂
13758991510.txt$$$$浙江北星科技有限公司
13758991510_1.txt$$$$浙江北星科技有限公司
13758991510_2.txt$$$$浙江北星科技有限公司
13759132168.txt$$$$云南钎钼钢结构工程有限公司
13759168650.txt$$$$云南精格通风设备有限公司
13759183696.txt$$$$云南科华建筑加固工程有限公司
13759191459.txt$$$$昆明市官渡区远光遮阳网厂
13759191459_1.txt$$$$昆明市官渡区远光遮阳网厂
13759401658.txt$$$$云南赣益经贸有限公司
13759405517.txt$$$$世纪镭杰明（北京）科技有限公司
13759457618.txt$$$$云南浚源防水保温制品有限公司
13759457618_1.txt$$$$云南浚源防水保温制品有限公司
13759490915.txt$$$$昆明狼道玻璃销售有限公司
13759490915_1.txt$$$$昆明狼道玻璃销售有限公司
13759508206.txt$$$$昆明阳豪工程机械维修有限公司
13759508206_1.txt$$$$昆明阳豪工程机械维修有限公司
13759508206_2.txt$$$$昆明阳豪工程机械维修有限公司
13759509422.txt$$$$云南苏泰电气设备有限公司
13759510568.txt$$$$云南苏茂商贸有限公司
13759511885.txt$$$$昆明带齐商贸有限公司
13759511885_1.txt$$$$昆明带齐商贸有限公司
13759511885_2.txt$$$$昆明带齐商贸有限公司
