18912380830.txt$$$$无锡威尔肯环保科技有限公司
18912383076.txt$$$$无锡美茵人造草坪有限公司
18912383733.txt$$$$重庆美创实业有限公司
18912394588.txt$$$$江苏海重钢板有限公司
18912395744.txt$$$$江苏世宜森新型建材有限公司
18912395744_1.txt$$$$江苏世宜森新型建材有限公司
18912453050.txt$$$$无锡民生市政工程有限公司
18912472863.txt$$$$无锡市联铭不锈钢有限公司
18912485997.txt$$$$宜兴市盖天下建筑陶瓷有限公司
18912504565.txt$$$$阜宁俊义矿山设备有限公司
18912560887.txt$$$$盐城旭捷物流
18912601740.txt$$$$苏州由迪精密设备有限公司
18912605298.txt$$$$苏州捷纳特精密科技有限公司
18912608965.txt$$$$苏州倍徕斯金属材料制品有限公司
18912619796.txt$$$$德意物资回收再利用有限公司
18912622622.txt$$$$苏州市丰科精密机械有限公司
18912624217.txt$$$$吴中区临湖欧泽机械厂
18912626031.txt$$$$苏州美方机电有限公司
18912627527.txt$$$$苏州青田新材料有限公司
18912631095.txt$$$$苏州洋嘉电子有限公司
18912637160.txt$$$$苏州永捷建设工程有限公司
18912639698.txt$$$$苏州雄川自动化设备有限公司
18912654397.txt$$$$苏州思美扬电子材料有限公司
18912666656.txt$$$$昆山蒙迪木制有限公司
18912671690.txt$$$$苏州胜铭龙油压设备有限公司
18912671876.txt$$$$昆山市韩铝化学表面材料有限公司
18912678181.txt$$$$天图机械（苏州）有限公司
18912679786.txt$$$$昆山诠耀塑胶工业有限公司
18912681678.txt$$$$昆山密苏液压科技有限公司
18912698516.txt$$$$昆山普姆锐激光设备有限公司
