18518079905_2.txt$$$$北京鲁科数据科技有限公司
18518093113.txt$$$$加达展览（天津）有限公司
18518186566.txt$$$$北京贝能电气设备有限公司
18518252051.txt$$$$中洲泰瑞能源装备技术（北京）有限公司
18518260222.txt$$$$三河市华东工贸有限公司
18518260222_1.txt$$$$三河市华东工贸有限公司
18518260222_2.txt$$$$三河市华东工贸有限公司
18518284000.txt$$$$北京新实科技有限公司
18518284000_1.txt$$$$北京海乐铭帅科技发展有限责任公司
18518363000.txt$$$$北京京雕伟业数控设备有限公司
18518363000_1.txt$$$$北京京雕伟业数控设备有限公司
18518397562.txt$$$$石家庄腾高建材科技有限公司
18518556188.txt$$$$威尔摩新（北京）科技有限公司
18518556588.txt$$$$北京沃星科技有限公司
18518644440.txt$$$$北京得美家装饰设计有限公司
18518693861.txt$$$$北京盛科维科技发展有限公司
18518720529.txt$$$$北京华海智邦科技开发有限公司
18518966222.txt$$$$北京中云汇创科技发展有限公司
18518966222_1.txt$$$$北京中云汇创科技发展有限公司
18518981361.txt$$$$北京宏博中辉科技发展有限公司
18519006790.txt$$$$廊坊万坤科技有限公司
18519037839.txt$$$$北京华达远航机电设备有限公司
18519119703.txt$$$$北京恒瑞万通电子通信器材有限公司
18519128731.txt$$$$杰士康(北京）地板科技发展有限公司
18519148666.txt$$$$渭南大赫新能源科技有限公司
18519218845.txt$$$$北京美莱凯商贸有限公司
18519241452.txt$$$$北京中科世恒科技有限公司
18519523870.txt$$$$甘肃国峰文化旅游发展有限公司
18519524373.txt$$$$北京众安国卫科技有限公司
18519524373_1.txt$$$$北京众安国卫科技有限公司
