13526621275.txt$$$$焦作市蓝海精工包装机械有限公司
13526630945.txt$$$$郑州圣卓建材有限公司
13526630945_1.txt$$$$郑州圣卓建材有限公司
13526630945_2.txt$$$$郑州圣卓建材有限公司
13526632423.txt$$$$郑州鑫源酒店回收公司
13526635691.txt$$$$郑州思诺电子有限公司
13526635691_1.txt$$$$郑州思诺电子有限公司
13526635691_2.txt$$$$郑州思诺电子有限公司
13526643415.txt$$$$郑州市鼎龙机械制造有限公司
13526643415_1.txt$$$$郑州市鼎龙机械制造有限公司
13526643415_2.txt$$$$郑州市鼎龙机械制造有限公司
13526646783.txt$$$$巩义市万盛净水材料厂
13526651988.txt$$$$河南省太锅锅炉制造有限公司
13526652969.txt$$$$巩义市中润净水材料有限公司
13526652969_1.txt$$$$巩义市中润净水材料有限公司
13526652969_2.txt$$$$巩义市中润净水材料有限公司
13526653674.txt$$$$登封市钰锋电热材料有限公司
13526675900.txt$$$$郑州晨鸽包装机械有限公司
13526676867.txt$$$$郑州兆亿环保科技有限公司
13526688258.txt$$$$巩义市超威净水材料有限公司
13526690132.txt$$$$郑州市管城区丹青家饰销售处
13526692320.txt$$$$河南东盈机械设备有限公司
13526692320_1.txt$$$$河南东盈机械设备有限公司
13526692320_2.txt$$$$河南东盈机械设备有限公司
13526706137.txt$$$$巩义市展航机械制造有限公司
13526713911.txt$$$$郑州亿凯运输有限公司
13526715296.txt$$$$河南建联电子科技有限公司
13526718965.txt$$$$郑州花园口农富康生物有限公司
13526720418.txt$$$$河南省康富威智能科技有限公司
13526725962.txt$$$$郑州慧亮电子有限公司
