15315440307.txt$$$$禹城市远景护坡材料有限公司
15315440387.txt$$$$禹城通佳边坡材料有限公司
15315440387_1.txt$$$$禹城通佳边坡材料有限公司
15315440387_2.txt$$$$禹城通佳边坡材料有限公司
15315440387_3.txt$$$$禹城通佳边坡材料有限公司
15315442789.txt$$$$武城县鲁权屯瑞宏空调配件加工处
15315445409.txt$$$$德州森磊空调设备有限公司
15315447551.txt$$$$德州振邦机械设备有限公司
15315448777.txt$$$$沧州盛鑫机床附件制造有限公司
15315448889.txt$$$$德州国威电气设备有限公司
15315471168.txt$$$$济宁市国龙耐磨材料有限公司
15315475201.txt$$$$山东省向上金品新能源设备有限公司
15315498498.txt$$$$山东荣泉塑料制品有限公司
15315513117.txt$$$$青岛蔓薏缆绳有限公司
15315519433.txt$$$$青岛三同德金属制品有限公司
15315520593.txt$$$$青岛源大科技有限公司
15315520858.txt$$$$青岛鲜吃互联科技有限公司
15315521359.txt$$$$青岛青禾人造草坪股份有限公司
15315522669.txt$$$$青岛冠宏包装技术有限公司
15315523270.txt$$$$青岛洁优地坪工程有限公司
15315523535.txt$$$$青岛圣盾涂层技术有限公司
15315583523.txt$$$$山东钢山特种涂料有限公司
15315588444.txt$$$$沐宸环境科技（山东）有限公司
15315588444_1.txt$$$$沐宸环境科技（山东）有限公司
15315588444_2.txt$$$$沐宸环境科技（山东）有限公司
15315592357.txt$$$$山东泺源集团
15315670319.txt$$$$山东庆淼泵业有限公司
15315700831.txt$$$$聊城市万腾机械设备有限公司
15315721234.txt$$$$山东航拓护栏有限公司
15315737002.txt$$$$茌平信发华通塑业有限公司
