13652192536_1.txt$$$$天津市三雨泵阀贸易有限公司
13652192536_2.txt$$$$天津市三雨泵阀有限公司
13652192536_3.txt$$$$天津市三雨泵阀贸易有限公司
13652202207.txt$$$$广东省中山市小榄镇通彩剥漆轮厂
13652232005.txt$$$$中山市保利老船木家具有限责任公司
13652238267.txt$$$$中山市国昌运输有限公司
13652267799.txt$$$$佛山永恒（远佳）物流有限公司
13652269663.txt$$$$艾比声电子科技有限公司
13652311841.txt$$$$深圳市帆宇检测有限公司
13652318844.txt$$$$广东安快智能科技有限公司
13652321515.txt$$$$江西省浔梦科技有限公司
13652334239.txt$$$$深圳市华呈实业有限公司
13652348488.txt$$$$深圳市欢欢乐乐科技有限公司
13652353278.txt$$$$湖北省艺洲通管道工程有限公司
13652402008.txt$$$$深圳市启劲科技有限公司
13652402008_1.txt$$$$深圳市启劲科技有限公司
13652409991.txt$$$$深圳市金骏电路技术有限公司
13652413533.txt$$$$深圳市美捷伟技术有限公司
13652456266.txt$$$$东莞道润商贸有限公司
13652471914.txt$$$$广东壹恒物资回收有限公司
13652509051.txt$$$$东莞市广风通风设备有限公司
13652520707.txt$$$$东莞市石排顺诚激光五金加工店
13652520707_1.txt$$$$东莞市顺诚激光镭射加工厂
13652521063.txt$$$$东莞市富宝金属材料有限公司
13652527918.txt$$$$东莞禧隆电工机械设备有限公司
13652542884.txt$$$$东莞市茶山汉宝皮具厂
13652552344.txt$$$$东莞祺峰交通设施工程有限公司
13652555889.txt$$$$东莞市晶源电子有限公司
13652561206.txt$$$$东莞市择旺仪量仪器有限公司
13652565326.txt$$$$东莞市洛巴牛鞋业有限公司
