15639915709.txt$$$$郑州跃龙信息技术有限公司
15639919752.txt$$$$郑州罗航商贸有限公司
15639922017.txt$$$$深圳市粤派智能科技有限公司
15639928999.txt$$$$河南佰盈晨辉科教装备有限公司
15639928999_1.txt$$$$郑州欧克智能科技有限公司
15639929192.txt$$$$河南恒发机械设备有限公司
15639939196.txt$$$$郑州实在人游乐设备
15640140173.txt$$$$沈阳龙信重工有限公司
15640265916.txt$$$$科洛德商贸有限公司
15640397903.txt$$$$沈阳瑞华特种电缆有限公司
15640412403.txt$$$$辽宁省鑫源温控技术有限公司
15640412409.txt$$$$沈阳市鑫源电器有限公司
15640839752.txt$$$$大连澳比得工程机械有限公司
15640869095.txt$$$$北京鸿世通国际会展贸易有限公司
15640955216.txt$$$$大连绿源牧业科技有限公司
15641540683.txt$$$$丹东市振安区金兔金属制品厂
15641540683_1.txt$$$$东港市青鑫物流
15641572222.txt$$$$辽宁惠风亮化工程有限公司
15642250541.txt$$$$辽宁铁路机械设备生产商
15642303767.txt$$$$大连桦沙环保技术有限公司
15642392674.txt$$$$大连匠人网络科技有限公司
15642690682.txt$$$$大连凡美化学建材有限公司金州分公司
15645133029.txt$$$$哈尔滨微视界模型设计有限公司
15645358200.txt$$$$海林市中心苗圃
15645935857.txt$$$$大庆金汇丰科技有限公司
15646727888.txt$$$$济宁市任城区学森教育培训学校有限公司
15646727888_1.txt$$$$济宁市任城区学森教育培训学校有限公司
15646733699.txt$$$$济宁泰松商贸有限公司
15647223212.txt$$$$诸暨市林菲机械配件厂
15647228727.txt$$$$内蒙古江晨教育咨询有限责任公司
