13929425818.txt$$$$东莞市凤岗远峰吸塑制品厂
13929427643.txt$$$$广东东莞东晟旅行用品有限公司
13929427815.txt$$$$东莞市汉宫建材有限公司
13929428795.txt$$$$广东爱普拉新能源技术股份有限公司
13929428795_1.txt$$$$广东爱普拉新能源技术股份有限公司
13929428795_2.txt$$$$广东爱普拉新能源技术股份有限公司
13929428795_3.txt$$$$广东爱普拉新能源技术股份有限公司
13929429367.txt$$$$东莞市添源研磨机械有限公司
13929429553.txt$$$$东莞市万江菩光缘工艺制品厂
13929430040.txt$$$$广东数夫家具软件有限公司
13929430353.txt$$$$东莞市亚兰包装材料制品有限公司
13929436608.txt$$$$东莞市宇通再生资源回收有限公司
13929443477.txt$$$$广东盛天体育股份有限公司
13929444356.txt$$$$东莞市天茂盛唐门窗有限公司
13929444356_1.txt$$$$东莞市天茂盛唐门窗有限公司
13929444356_2.txt$$$$东莞市天茂盛唐门窗有限公司
13929444356_3.txt$$$$东莞市天茂盛唐门窗有限公司
13929446756.txt$$$$东莞市众度机械设备有限公司
13929448468.txt$$$$东莞市载信物流有限公司
13929452016.txt$$$$东莞市东盛印刷有限公司
13929452016_1.txt$$$$东莞市东盛印刷有限公司
13929453736.txt$$$$东菀市爱尚转印材料有限公司
13929456615.txt$$$$东莞市万博包装制品有限公司
13929456615_1.txt$$$$东莞市万博包装制品有限公司
13929456615_2.txt$$$$东莞市万博包装制品有限公司
13929458047.txt$$$$东莞市昌启自动化科技有限公司
13929458047_1.txt$$$$东莞市昌启自动化科技有限公司
13929458047_2.txt$$$$东莞市昌启自动化科技有限公司
13929461548.txt$$$$东莞市锦翔自动化设备有限公司
13929465690.txt$$$$东莞市欧仕装饰材料有限公司
