18625569153_1.txt$$$$许昌陶瓷职业学院
18625569153_2.txt$$$$许昌陶瓷职业学院
18625569153_3.txt$$$$许昌陶瓷职业学院
18625569153_4.txt$$$$许昌陶瓷职业学院
18625569153_5.txt$$$$许昌陶瓷职业学院
18625569255.txt$$$$郑州漫星机械设备有限公司
18625611577.txt$$$$南阳雅居园林绿化有限公司
18625611577_1.txt$$$$南阳雅居园林绿化有限公司
18625611577_2.txt$$$$南阳雅居园林绿化有限公司
18625626111.txt$$$$南阳宝欣工程机械有限公司
18625626172.txt$$$$南阳市卧龙区旺好旺家门业经销部
18625666968.txt$$$$新野县新福塑料有限公司
18625705321.txt$$$$上海霖雾环保净化设备有限公司
18625802225.txt$$$$文峰区美好时光婚庆礼仪鲜花店
18625808944.txt$$$$内黄县亿佳食品有限公司
18625808944_1.txt$$$$内黄县亿佳食品有限公司
18625808944_2.txt$$$$内黄县亿佳食品有限公司
18625818838.txt$$$$安阳市利光光电有限公司
18625831928.txt$$$$濮阳开发区洁心文化衫
18625832584.txt$$$$安阳市超高工业技术有限责任公司
18625866111.txt$$$$滑县徐福勤烧鸡有限公司
18625912601.txt$$$$河南晟暄庆典策划有限公司
18625944666.txt$$$$新乡市中晶塑业有限公司
18625972557.txt$$$$洛阳优广管业有限公司
18625995011.txt$$$$洛阳国文文化传播有限公司
18626038073.txt$$$$江苏鑫尚江苏鑫尚宣标牌工程有限公司
18626055895.txt$$$$无锡市普埃尔特种建材有限公司
18626058158.txt$$$$无锡友汇钢格板有限公司
18626058158_1.txt$$$$无锡友汇钢格板有限公司
18626058158_2.txt$$$$无锡友汇钢格板有限公司
