13914290880.txt$$$$无锡力光自动化设备有限公司
13914337555.txt$$$$武进高新区兰舍装饰材料商行
13914358646.txt$$$$江苏禾乐有机肥有限公司
13914391391.txt$$$$南通澳润建材科技有限公司
13914466693.txt$$$$南京聚美缘装饰工程有限公司
13914511428.txt$$$$泰州美驰机械科技有限公司
13914553543.txt$$$$镇江蓝禹特智能科技有限公司
13914557956.txt$$$$丹徒区辛丰苏玉食品机械厂
13914576906.txt$$$$扬中市鑫辉电加热器有限公司
13914599812.txt$$$$句容经济开发区豪杰汽车音响经营部
13914623009.txt$$$$昆山市巴城镇麦藤斯机电商行
13914623654.txt$$$$盐城市华建环保节能设备有限公司
13914623654_1.txt$$$$盐城市华建环保节能设备有限公司
13914623654_2.txt$$$$盐城市华建环保节能设备有限公司
13914626299.txt$$$$江苏锦峰高空建安防腐工程有限公司
13914656480.txt$$$$江苏亚协新能源有限公司
13914727612.txt$$$$南京卡普科技有限公司
13914788272.txt$$$$南京奥晶隔断装饰材料有限公司
13914794211.txt$$$$昆明韵佳艺装饰工程有限公司
13914863991.txt$$$$邳州市可硕银杏苗木种植专业合作社
13914863991_1.txt$$$$邳州市可硕银杏苗木种植专业合作社
13914863991_2.txt$$$$邳州市可硕银杏苗木种植专业合作社
13914898822.txt$$$$邳州市子轩银杏苗木购销部
13914968237.txt$$$$苏州孚润美润滑油有限公司
13914970117.txt$$$$昆山凯力斯电子有限公司
13914978065.txt$$$$苏州东展空调设备有限公司
13914982499.txt$$$$六安市皖昆钻井技术服务有限公司
13914982499_1.txt$$$$六安市皖昆钻井技术服务有限公司
13914982499_2.txt$$$$六安市皖昆钻井技术服务有限公司
13915001017.txt$$$$江苏省欧麦朗设备安装工程有限公司
