13953830309.txt$$$$山东峰磊新型材料科技有限公司
13953832568.txt$$$$山东飞腾金属制品有限公司
13953832568_1.txt$$$$山东飞腾金属制品有限公司
13953832568_2.txt$$$$山东飞腾金属制品有限公司
13953833936.txt$$$$泰安市金水龙金属容器有限公司
13953833936_1.txt$$$$泰安市金水龙金属容器有限公司
13953833936_2.txt$$$$泰安市金水龙金属容器有限公司
13953833936_3.txt$$$$泰安市金水龙金属容器有限公司
13953833936_4.txt$$$$泰安市金水龙金属容器有限公司
13953833936_5.txt$$$$泰安市金水龙金属容器有限公司
13953878048.txt$$$$山东明辉环保建材有限公司
13953890918.txt$$$$东平县祥运交通安全器材有限公司
13953891792.txt$$$$山东远大检验检测有限公司
13953895090.txt$$$$泰安泰山力源机械科技有限公司
13953895268.txt$$$$山东金驰华易工程材料有限公司
13953895568.txt$$$$泰安晟鼎金属容器制造有限公司
13953898395.txt$$$$山东昊宇自动化设备有限公司
13953898590.txt$$$$山东昊宇自动化设备有限公司
13953898590_1.txt$$$$泰安昊宇自动化设备有限公司
13953899575.txt$$$$山东联谊工程塑料有限公司
13953902306.txt$$$$临沂市利国再生资源回收有限公司
13953906688.txt$$$$临沂益春木业有限公司
13953908010.txt$$$$河东区鸿门铁艺销售中心
13953908010_1.txt$$$$河东区鸿门铁艺销售中心
13953908010_2.txt$$$$河东区鸿门铁艺销售中心
13953926330.txt$$$$郯城益佳工艺品有限公司
13953926330_1.txt$$$$郯城益佳工艺品有限公司
13953926330_2.txt$$$$郯城益佳工艺品有限公司
13953926330_3.txt$$$$郯城益佳工艺品有限公司
13953943837.txt$$$$沂南县大成职业培训学校
