18615532215_1.txt$$$$山东锦朝建筑装饰工程有限公司
18615532215_2.txt$$$$山东锦朝建筑装饰工程有限公司
18615545236.txt$$$$济南金江液压机械有限公司
18615548699.txt$$$$济南红太阳数控设备有限公司
18615560134.txt$$$$济南康舒德生物技术有限公司
18615570508.txt$$$$山东中远认证技术有限公司济南分公司
18615575561.txt$$$$山东安信种苗股份有限公司
18615577090.txt$$$$济南泉艺包装制品有限公司
18615577216.txt$$$$山东哲源化工有限责任公司
18615577561.txt$$$$山东塑邦荧光科技有限公司
18615586273.txt$$$$山东杰卓机械有限公司
18615586378.txt$$$$潍坊天助人和信息技术有限公司
18615596136.txt$$$$济南亚欣机械设备有限公司
18615599032.txt$$$$山东科泓微波能有限公司
18615601767.txt$$$$济南聚广源自动化技术有限公司
18615604899.txt$$$$济南博奥特种工业皮带有限公司
18615605099.txt$$$$山东优来机械设备有限公司
18615613786.txt$$$$山东航宇吉力电子有限公司
18615626067.txt$$$$济南恒盛升降机械有限公司
18615626067_1.txt$$$$济南恒盛升降机械有限公司
18615626067_2.txt$$$$济南恒盛升降机械有限公司
18615627702.txt$$$$济南达实环保工程有限公司
18615632838.txt$$$$济南章丘市恒宇机械有限公司
18615633970.txt$$$$山东料库电子商务有限公司
18615636411.txt$$$$山东能达纺织有限公司
18615643935.txt$$$$山东蓝图电子科技有限公司
18615651021.txt$$$$山东滨河液压机械制造有限公司
18615651022.txt$$$$济南滨河液压机械制造有限公司
18615658987.txt$$$$济南道佳电子科技有限公司
18615659922.txt$$$$北京龙圣嘉业展示道具制造有限公司
