18969388881.txt$$$$浙江千禧龙纤特种纤维股份有限公司
18969388881_1.txt$$$$浙江千禧龙纤特种纤维股份有限公司
18969392266.txt$$$$义乌市顺泉玩具有限公司
18969392266_1.txt$$$$义乌市顺泉玩具有限公司
18969416309.txt$$$$宁波德普软件有限公司
18969429523.txt$$$$宁波鄞州镭速激光科技有限公司
18969456377.txt$$$$衢州小姚物流有限公司
18969456377_1.txt$$$$衢州小姚物流有限公司
18969456377_2.txt$$$$衢州小姚物流有限公司
18969560733.txt$$$$缙云县龙霞机械有限公司
18969570030.txt$$$$丽水铂科建材科技有限公司
18969570030_1.txt$$$$丽水铂科建材科技有限公司
18969570030_2.txt$$$$丽水铂科建材科技有限公司
18969599561.txt$$$$丽水市精华传动科技有限公司
18969599561_1.txt$$$$丽水市精华传动科技有限公司
18969599561_2.txt$$$$丽水市精华传动科技有限公司
18969616555.txt$$$$台州圣西罗水暖设备有限公司
18969655576.txt$$$$浙江成泉机电设备有限公司
18969793096.txt$$$$永嘉劳伦斯阀门有限公司
18969793988.txt$$$$瑞安德邦机械有限公司
18969900030.txt$$$$杭州恒光汽车运输有限公司
18969900030_1.txt$$$$杭州风波里服饰有限公司
18969907329.txt$$$$神联（杭州）国际贸易有限公司
18970060798.txt$$$$南昌市东湖区凤舞青云艺术咨询服务中心
18970066198.txt$$$$南昌福英塑业有限公司
18970066198_1.txt$$$$南昌福英塑业有限公司
18970066198_2.txt$$$$南昌福英塑业有限公司
18970069771.txt$$$$南昌市汇智企业咨询有限公司
18970071172.txt$$$$江西省龙裕实业有限公司
18970071172_1.txt$$$$江西省龙裕实业有限公司
