13653510158_1.txt$$$$太原勇明源木业
13653510158_2.txt$$$$太原勇明源木业
13653510282.txt$$$$太原朗声汽车音响经销部
13653514322.txt$$$$太原晋魂环保工程有限公司
13653514322_1.txt$$$$太原晋魂环保工程有限公司
13653514322_2.txt$$$$太原晋魂环保工程有限公司
13653514322_3.txt$$$$太原晋魂环保工程有限公司
13653514724.txt$$$$太原市尖草坪区翔明办公设备经销部
13653515262.txt$$$$深圳软派智能技术有限公司
13653517768.txt$$$$太原晋商城通工程机械有限公司
13653519278.txt$$$$山西东泰光科照明工程有限公司
13653545501.txt$$$$晋中市鑫顺源科贸有限公司
13653545501_1.txt$$$$晋中市鑫顺源科贸有限公司
13653545501_2.txt$$$$晋中市鑫顺源科贸有限公司
13653585666.txt$$$$文水县诚建工程机械有限公司
13653585666_1.txt$$$$文水县诚建工程机械有限公司
13653585666_2.txt$$$$文水县诚建工程机械有限公司
13653585666_3.txt$$$$文水县诚建工程机械有限公司
13653603960.txt$$$$山西双猫信息科技有限公司
13653603960_1.txt$$$$山西双猫信息科技有限公司
13653660969.txt$$$$中贸国际展览北京有限公司
13653681173.txt$$$$山西晨广维矿山机电设备有限公司
13653705557.txt$$$$永城市聚丰温室大棚有限公司
13653705557_1.txt$$$$永城市聚丰温室大棚有限公司
13653705557_2.txt$$$$永城市聚丰温室大棚有限公司
13653712119.txt$$$$巩义市站街东恒机械厂
13653714635.txt$$$$河南宇乾机械设备有限公司
13653715941.txt$$$$河南利鑫机械设备有限公司
13653715941_1.txt$$$$河南利鑫机械设备有限公司
13653715941_2.txt$$$$河南利鑫机械设备有限公司
