13661913260.txt$$$$上海梦皋展示设计有限公司
13661926451.txt$$$$上海通俊管道工程有限公司
13661934050.txt$$$$上海鹿龙机械刀具有限公司
13661937864.txt$$$$上海凯伟电气设备有限公司
13662005258.txt$$$$天津东亚贝格钢铁贸易有限公司
13662008287.txt$$$$天津鸿泰钢联金属材料有限公司
13662016788.txt$$$$天津市宇诺服装服饰有限公司
13662016788_1.txt$$$$天津市宇诺服装服饰有限公司
13662016788_2.txt$$$$天津市宇诺服装服饰有限公司
13662057571.txt$$$$天津聚鑫贵泽商贸有限公司
13662066066.txt$$$$河北康达环保设备有限公司
13662069879.txt$$$$天津瑞鑫优特钢材贸易有限公司
13662072663.txt$$$$天津运兴科技发展有限公司
13662100859.txt$$$$天津市防雷技术中心
13662100859_1.txt$$$$天津市防雷技术中心
13662100859_2.txt$$$$天津市防雷技术中心
13662108829.txt$$$$天津市联礼劳务服务有限公司
13662108829_1.txt$$$$天津市联礼劳务服务有限公司
13662108829_2.txt$$$$天津市联礼劳务服务有限公司
13662123377.txt$$$$津港空调设备工程有限公司
13662141908.txt$$$$天津永利达试验机有限公司
13662181678.txt$$$$天津展华广告有限公司
13662186188.txt$$$$天津智尘科技有限公司
13662186188_1.txt$$$$天津智尘科技有限公司
13662186188_2.txt$$$$天津智尘科技有限公司
13662197429.txt$$$$天津市南开区万隆顺五金经营部
13662226004.txt$$$$广东首熙智能装备有限公司
13662228201.txt$$$$凯傲宝骊（深圳）叉车有限公司
13662262617.txt$$$$深圳市鸿鑫泰自动门有限公司
13662281868.txt$$$$深圳市世世通金属制品有限公司
