13657201875.txt$$$$武汉傲天广达科技有限公司
13657236480.txt$$$$北京泊菲莱科技有限公司
13657236962.txt$$$$青岛德盛利立体停车设备有限公司
13657245569.txt$$$$武汉金福来电机有限责任公司
13657246231.txt$$$$武汉世纪恒泰建筑防水工程有限公司
13657271001.txt$$$$武汉奥来斯模具有限公司
13657273707.txt$$$$武汉市金佰利得电器有限公司
13657277501.txt$$$$武汉名舜机电设备商贸有限公司
13657636370.txt$$$$重庆喜百味餐饮管理有限公司
13657636370_1.txt$$$$重庆喜百味餐饮管理有限公司
13657636370_2.txt$$$$重庆喜百味餐饮管理有限公司
13657636370_3.txt$$$$重庆喜百味餐饮管理有限公司
13657667392.txt$$$$重庆祥和磷化有限公司
13657713066.txt$$$$南宁久华交通设施有限公司
13657815116.txt$$$$广西敢创科技有限公司
13657886393.txt$$$$广西特思特展柜有限公司
13658088960.txt$$$$成都宇宏电器有限公司
13658135627.txt$$$$绵阳兴瑞制冷设备有限公司
13658177547.txt$$$$济南槐荫立文苗木经营部
13658314302.txt$$$$渝北区繁强花卉经营部
13658328888.txt$$$$重庆金雕模型有限公司
13658328888_1.txt$$$$重庆金雕模型有限公司
13658328888_2.txt$$$$重庆金雕模型有限公司
13658515658.txt$$$$贵州发发发搬家服务有限公司
13658609986.txt$$$$济南金友利燃气设备有限责任公司
13658611385.txt$$$$济南昱为智能科技有限公司
13658630558.txt$$$$传承电气设备有限公司
13658817007.txt$$$$昆明色荟塑料包装有限公司
13658817007_1.txt$$$$云南火雍厨房设备有限公司
13658817007_2.txt$$$$云南火雍厨房设备有限公司
