15990138650.txt$$$$杭州文锦家政有限公司
15990138650_1.txt$$$$杭州文锦家政有限公司
15990138650_2.txt$$$$杭州文锦家政有限公司
15990152977.txt$$$$杭州杭佳门业有限公司
15990152977_1.txt$$$$杭州杭佳门业有限公司
15990152977_2.txt$$$$杭州杭佳门业有限公司
15990178707.txt$$$$杭州琪佑商贸有限公司
15990209097.txt$$$$宁波广昌安泰物流
15990266837.txt$$$$宁波优冠电子科技有限公司
15990322113.txt$$$$海宁市永通涂料厂
15990364546.txt$$$$杭州汉柏瓦业有限公司
15990533396.txt$$$$宁波劲瑞环保科技有限公司
15990536189.txt$$$$宁波永茂建筑装饰工程有限公司
15990560564.txt$$$$宁波汉腾自控设备有限公司
15990563626.txt$$$$北京德维康科技有限公司
15990607862.txt$$$$玉环蓝辉自动化设备厂
15990613377.txt$$$$浙江可柜科技有限公司
15990718425.txt$$$$温州静立方商贸有限公司
15990902525.txt$$$$济南恒天机械制造有限公司
15990906992.txt$$$$济南耀彬贸易有限公司
15990907388.txt$$$$山东国信工业设备有限公司
15990907388_1.txt$$$$山东国信工业设备有限公司
15990907388_2.txt$$$$山东国信工业设备有限公司
15990922872.txt$$$$山东创美地坪工程有限公司
15990998702.txt$$$$济南禾敏橡塑减震器材厂
15991007556.txt$$$$昭苏县新天雪乳业有限责任公司
15991600075.txt$$$$西安市碑林区唐蕃古道西藏风情吧
15991614412.txt$$$$西安卓凌工贸有限公司
15991656136.txt$$$$西安市新城区阿凡提百货商行
15991677166.txt$$$$西安曲江新区新绿城环卫有限公司
