13825708197.txt$$$$东莞市沐清风节能环保科技有限公司
13825708197_1.txt$$$$东莞市沐清风节能环保科技有限公司
13825708197_2.txt$$$$东莞市沐清风节能环保科技有限公司
13825711199.txt$$$$东莞市三量五金机械有限公司
13825711199_1.txt$$$$东莞市三量五金机械有限公司
13825711199_2.txt$$$$东莞市三量五金机械有限公司
13825711199_3.txt$$$$东莞市三量五金机械有限公司
13825715535.txt$$$$东莞市首利环保科技有限公司
13825716752.txt$$$$东莞市久顺实业有限公司
13825716752_1.txt$$$$东莞市久顺实业有限公司
13825716752_2.txt$$$$东莞市久顺实业有限公司
13825720156.txt$$$$东莞市巨轩水处理工程有限公司
13825720156_1.txt$$$$东莞市巨轩水处理工程有限公司
13825720156_2.txt$$$$东莞市巨轩水处理工程有限公司
13825720311.txt$$$$东莞市冠钧激光设备有限公司
13825720311_1.txt$$$$东莞市冠钧激光设备有限公司
13825720311_2.txt$$$$东莞市冠钧激光设备有限公司
13825721297.txt$$$$东莞市粤顺机电设备有限公司
13825721297_1.txt$$$$东莞市长安建明空压机设备经营部
13825723514.txt$$$$东莞市今夕何夕新材料有限公司
13825724806.txt$$$$东莞市中泰空调回收有限公司
13825725517.txt$$$$东莞市木林轩纸业有限公司
13825727756.txt$$$$东莞市信德利木工刀具有限公司
13825727756_1.txt$$$$东莞市信德利（钻石）刀具有限公司
13825727756_2.txt$$$$东莞市信德利木工刀具有限公司
13825727756_3.txt$$$$东莞市信德利木工刀具有限公司
13825728755.txt$$$$东莞市通晟机械有限公司
13825728755_1.txt$$$$东莞市通晟机械有限公司
13825729227.txt$$$$东莞捷佳塑胶有限公司
13825730672.txt$$$$东莞市高妙新材料科技有限公司
