15062307703.txt$$$$江苏隆鑫共享包装科技有限公司
15062309321.txt$$$$苏州市达尘净机械设备有限公司
15062309361.txt$$$$苏州信科宣智能科技有限公司
15062349470.txt$$$$苏州智伟达机器人科技有限公司
15062359802.txt$$$$苏州格丽室新材料科技有限公司
15062364894.txt$$$$苏州酷族印刷有限公司
15062392743.txt$$$$常熟富顺达吊装搬运有限公司
15062393923.txt$$$$苏州延开电气科技有限公司
15062397179.txt$$$$江苏誉盛铂特建材科技有限公司
15062407766.txt$$$$苏州博皇金属材料有限公司
15062407766_1.txt$$$$苏州博皇金属材料有限公司
15062407766_2.txt$$$$苏州博皇金属材料有限公司
15062409802.txt$$$$深圳市肯达信企业管理有限公司
15062415490.txt$$$$苏州新区华士达工程塑胶有限公司
15062429444.txt$$$$苏州开浩电子科技有限公司
15062440909.txt$$$$苏州路俊达市政交通设施有限公司
15062446517.txt$$$$苏州纽芬琪机电科技有限公司
15062450119.txt$$$$苏州市江联消防设备有限公司
15062466645.txt$$$$昆山市金研社表面处理科技有限公司
15062493851.txt$$$$昆山皖雪机电设备有限公司
15062493851_1.txt$$$$昆山皖雪机电设备有限公司
15062493851_2.txt$$$$昆山皖雪机电设备有限公司
15062553519.txt$$$$吴江区黎里镇翔鹰精品字牌经营部
15062608894.txt$$$$昆山华志恩自动化设备有限公司
15062627627.txt$$$$苏州泰圆新电子有限公司
15062628442.txt$$$$苏州奥德机械有限公司
15062640905.txt$$$$金华福禄祥工艺品有限公司
15062650787.txt$$$$昆山市张浦镇浩晶鹏金属加工厂
15062675336.txt$$$$昆山诺德精密机械有限公司
15062681355.txt$$$$昆山（兵仕）机械有限公司
