18637721009_2.txt$$$$河南众森电力设备有限公司
18637763620.txt$$$$南阳意达玻璃工程有限公司
18637763620_1.txt$$$$南阳意达玻璃工程有限公司
18637763620_2.txt$$$$南阳意达玻璃工程有限公司
18637773590.txt$$$$南阳科信石油设备有限公司
18637777567.txt$$$$南阳东方之珠数码写真材料有限公司
18637781205.txt$$$$南阳永诚园林建设有限公司
18637785912.txt$$$$南阳市宛城区西洼禽业繁育专业合作社
18637789888.txt$$$$河南中通能源有限公司
18637789888_1.txt$$$$河南中通能源有限公司
18637789888_2.txt$$$$河南中通能源有限公司
18637789888_3.txt$$$$南阳市朋祥月季种植有限公司
18637789888_4.txt$$$$南阳市朋祥月季种植有限公司
18637789888_5.txt$$$$南阳市朋祥月季种植有限公司
18637793073.txt$$$$南阳市恒欣永正实业有限公司
18637793073_1.txt$$$$南阳市恒欣永正实业有限公司
18637793073_2.txt$$$$南阳市恒欣永正实业有限公司
18637793073_3.txt$$$$南阳市恒欣永正实业有限公司
18637794005.txt$$$$南阳艾派艾草制造有限公司
18637829942.txt$$$$河南明泰净化材料有限公司
18637865374.txt$$$$开封市创叶园立体花坛有限公司
18637904524.txt$$$$洛阳富佳贝机电有限公司
18637904524_1.txt$$$$洛阳富佳贝机电有限公司
18637904524_2.txt$$$$洛阳富佳贝机电有限公司
18637928721.txt$$$$河南耿力工程设备有限公司
18637955207.txt$$$$洛阳水韵商贸有限公司
18637969811.txt$$$$洛阳优腾机械设备有限公司
18637969811_1.txt$$$$洛阳优腾机械设备有限公司
18637969811_2.txt$$$$洛阳优腾机械设备有限公司
18637975050.txt$$$$洛阳市盛源离合器有限公司
