13970831618.txt$$$$临沂华威物业服务有限公司
13970837855.txt$$$$深圳市海鸣达自动化设备有限公司
13970856416.txt$$$$江西丰泰金属制品有限公司
13970861225.txt$$$$南昌市鑫瑞物资贸易有限公司
13970865883.txt$$$$江西省华顺吊装公司
13970867858.txt$$$$南昌市青山湖区华鑫不锈钢制品厂
13970908848.txt$$$$南昌市丰收广告传媒有限公司
13970912664.txt$$$$江西科丰环保有限公司
13970937139.txt$$$$江西省长青星家具有限公司
13970957188.txt$$$$江西省安特机械有限公司
13970957188_1.txt$$$$江西省安特机械有限公司
13970957188_2.txt$$$$江西省安特机械有限公司
13970957188_3.txt$$$$江西省安特机械有限公司
13970957188_4.txt$$$$江西省安特机械有限公司
13970969419.txt$$$$南昌众翔机械有限公司
13971000574.txt$$$$湖北绅宝汽车驾驶培训有限公司
13971011958.txt$$$$武汉市汉阳区好利好日用品厂
13971018100.txt$$$$武汉合信盛机械设备租赁有限公司
13971040340.txt$$$$武汉聚日阳光工程有限公司
13971041951.txt$$$$武汉世纪星冠体育设施工程有限公司
13971042559.txt$$$$武汉得劳斯创新集装箱有限公司
13971056357.txt$$$$湖北创安源机电设备有限责任公司
13971061289.txt$$$$武汉富菱龙制冷设备工程有限公司
13971063471.txt$$$$武汉科新电力设备有限公司
13971073800.txt$$$$湖北鹏程高新石化设备有限公司
13971074092.txt$$$$武汉响九州智能设备有限公司
13971077729.txt$$$$武汉江汉路龙刺堂刺青器材商行
13971077729_1.txt$$$$武汉市洪山区凌魂刺青店
13971077729_2.txt$$$$武汉龙刺堂纹身工作室
13971083099.txt$$$$武汉中起腾升机电设备有限公司
