13301991733.txt$$$$上海美品实业有限公司
13301994662.txt$$$$萨登实业有限公司
13302003930.txt$$$$天津威马科技化学有限公司
13302009350.txt$$$$天津中联机电工程有限公司
13302009350_1.txt$$$$天津中联机电工程有限公司
13302009350_2.txt$$$$天津中联机电工程有限公司
13302022176.txt$$$$天津正标津达线缆集团有限公司
13302022176_1.txt$$$$天津正标津达线缆集团有限公司
13302022176_2.txt$$$$天津正标津达线缆集团有限公司
13302030179.txt$$$$天津溢佳农牧科技有限公司
13302032986.txt$$$$天津市乐米华科技有限公司
13302037299.txt$$$$天津海威斯特高压泵制造有限公司
13302037299_1.txt$$$$天津海威斯特高压泵制造有限公司
13302037299_2.txt$$$$天津海威斯特高压泵制造有限公司
13302038986.txt$$$$天津滨海新区维尔机械设备有限公司
13302038986_1.txt$$$$天津滨海新区维尔机械设备有限公司
13302038986_2.txt$$$$天津滨海新区维尔机械设备有限公司
13302046250.txt$$$$自然万物（天津）生物科技有限公司
13302052871.txt$$$$天津市鸿信办公家具销售有限公司
13302052871_1.txt$$$$天津市鸿信办公家具销售有限公司
13302052871_2.txt$$$$天津市鸿信办公家具销售有限公司
13302057991.txt$$$$天津亚太众创科技有限公司
13302085777.txt$$$$天津市泛华金属制品有限公司
13302088171.txt$$$$天津航美国际贸易有限公司
13302091015.txt$$$$天津匠心建筑装饰工程有限公司
13302098160.txt$$$$天津市騳强商贸有限公司
13302115662.txt$$$$盐山海威钢管有限公司
13302131850.txt$$$$捷维诺（天津）实业有限公司
13302131850_1.txt$$$$捷维诺（天津）实业有限公司
13302141523.txt$$$$凌风机电设备安装工程（天津）有限公司
