13913646008.txt$$$$苏州好俊通风设备有限公司
13913680398.txt$$$$常熟雨华包装制品有限公司
13913731965.txt$$$$苏州能仁电子科技有限公司
13913732819.txt$$$$吴江盛达电动伸缩门有限公司
13913733983.txt$$$$吴江八都鑫鼎木门厂
13913740472.txt$$$$苏州天原设备科技有限公司
13913765670.txt$$$$通山县轩扬广告印务中心
13913775280.txt$$$$积顿新热能设备无锡有限公司
13913777301.txt$$$$沪变电气（苏州）有限公司
13913777673.txt$$$$太仓市城厢镇花田喜事婚礼策划工作室
13913781982.txt$$$$苏州荣盛仓储物流设备有限公司
13913810757.txt$$$$安徽勋保机械钻井技术服务有限公司
13913825881.txt$$$$南京(雄皓机电设备有限公司
13913827985.txt$$$$南京松融电源科技有限公司
13913827985_1.txt$$$$南京松融电源科技有限公司
13913858420.txt$$$$南京花木兰影视传媒有限公司
13913868099.txt$$$$南京科诺环保设备有限公司
13913868099_1.txt$$$$南京科诺环保设备有限公司
13913868099_2.txt$$$$南京科诺环保设备有限公司
13913868099_3.txt$$$$南京科诺环保设备有限公司
13913894678.txt$$$$南京云凯防雷科技股份有限公司
13913908887.txt$$$$南京易云智动网络信息技术有限公司
13913908887_1.txt$$$$南京易云智动网络信息技术有限公司
13913908887_2.txt$$$$南京易云智动网络信息技术有限公司
13913909450.txt$$$$南京浩然电器有限公司
13913909450_1.txt$$$$南京浩然电器有限公司
13913909450_2.txt$$$$南京浩然电器有限公司
13913913409.txt$$$$南京威固装饰工程有限公司
13913917879.txt$$$$句容市易凯集装箱移动板房有限公司
13913917879_1.txt$$$$句容市易凯集装箱移动板房有限公司
