18678780137.txt$$$$济南盈闻办公设备有限公司
18678789107.txt$$$$平阴广汇铝业有限公司
18678789107_1.txt$$$$平阴广汇铝业有限公司
18678789107_2.txt$$$$平阴广汇铝业有限公司
18678789107_3.txt$$$$平阴广汇铝业有限公司
18678789187.txt$$$$济南派诺经贸有限公司
18678789592.txt$$$$济南得祥生物技术有限公司
18678803088.txt$$$$济南中正试验机制造有限公司
18678805725.txt$$$$济南卓星智能科技有限公司
18678806835.txt$$$$济南乐维科技有限公司
18678810429.txt$$$$济南泉连心酒业有限公司
18678817112.txt$$$$山东鲁航实业有限公司
18678817112_1.txt$$$$山东鲁航实业有限公司
18678822211.txt$$$$山东康德莱净化工程有限公司
18678822211_1.txt$$$$山东康德莱净化工程有限公司
18678822211_2.txt$$$$山东康德莱净化工程有限公司
18678828036.txt$$$$山东博纳生物科技集团有限公司
18678829359.txt$$$$济南华维数控设备有限公司
18678830288.txt$$$$山东佰腾泵业有限公司
18678835928.txt$$$$济南上泽化工有限公司
18678837292.txt$$$$济南德耐电子有限公司
18678839271.txt$$$$济南盛阳高温材料有限公司
18678844715.txt$$$$山东银鹰压面机有限公司
18678844715_1.txt$$$$济南三麦烤箱设备有限公司
18678851378.txt$$$$山东亚世-业清洗设备有限公司
18678851378_1.txt$$$$山东亚世-业清洗设备有限公司
18678868268.txt$$$$济南涞特源环保科技有限公司
18678872895.txt$$$$济南柏锐格电器有限公司
18678872895_1.txt$$$$济南柏锐格电器有限公司
18678872895_2.txt$$$$济南柏锐格电器有限公司
