13392630651.txt$$$$广州市沃华自动化科技有限公司
13392643881.txt$$$$广州市花都区雅瑶富美美容仪器厂
13392643881_1.txt$$$$广州市花都区雅瑶富美美容仪器厂
13392643881_2.txt$$$$广州市花都区雅瑶富美美容仪器厂
13392664138.txt$$$$广州市艺达机械有限公司
13392664138_1.txt$$$$广州市艺达机械有限公司
13392664138_2.txt$$$$广州市艺达机械有限公司
13392666145.txt$$$$广州市凯祥贸易有限公司
13392680085.txt$$$$广州卡帕帐篷有限公司
13392680085_1.txt$$$$广州卡帕帐篷有限公司
13392680085_2.txt$$$$广州卡帕帐篷有限公司
13392681668.txt$$$$广州市林乾机电设备有限公司
13392683831.txt$$$$广西车便捷环保科技股份有限公司
13392705847.txt$$$$东莞市凤岗兴达织带厂
13392705847_1.txt$$$$东莞市凤岗兴达织带厂
13392705847_2.txt$$$$东莞市凤岗兴达织带厂
13392712556.txt$$$$东莞市欧艺德金属合金有限公司
13392712556_1.txt$$$$东莞欧艺德金属材料有限公司
13392713992.txt$$$$东莞市金满来模具钢材有限公司
13392713992_1.txt$$$$东莞市利莱特模具钢材有限公司
13392718513.txt$$$$东莞市欧艺德金属材料有限公司
13392719217.txt$$$$东莞市源阳热能科技有限公司
13392725057.txt$$$$东莞市乔柏电机有限公司
13392736669.txt$$$$东莞东欧真空设备有限公司
13392736669_1.txt$$$$东莞东欧真空设备有限公司
13392736669_2.txt$$$$东莞东欧真空设备有限公司
13392761302.txt$$$$广东顺德凯琳瑟新材料有限公司
13392762277.txt$$$$佛山市浦项防腐管道有限公司
13392762277_1.txt$$$$佛山市浦项防腐管道有限公司
13392762277_2.txt$$$$佛山市浦项防腐管道有限公司
