17331731033.txt$$$$河北鑫联鑫体育设施工程有限公司
17331735229.txt$$$$昊铄环保设备有限公司
17331744441.txt$$$$河北万隆机械制造有限公司
17331752612.txt$$$$沧州日升昌钢管有限公司
17331755401.txt$$$$沧州渤跃管道有限公司
17331755980.txt$$$$沧州汇众防腐管道有限公司
17331768858.txt$$$$沧州利远机械制造有限公司
17331771337.txt$$$$沧州震远机械制造有限公司
17331774383.txt$$$$河北君辰管道制造有限公司
17331779288.txt$$$$泊头市盛威压瓦机械有限公司
17331790369.txt$$$$沧州金茂管道制造有限公司
17331796816.txt$$$$沧州林兴机械配件有限公司
17331796973.txt$$$$沧州程辉环保设备有限公司
17331807878.txt$$$$河北拓方金属制品有限公司
17331849608.txt$$$$河北鼎通金融设备有限公司
17331850669.txt$$$$河北众钛环保设备有限公司
17331854346.txt$$$$河北炜辰环保设备有限公司
17331860175.txt$$$$安平县澳达金属丝网制品有限公司
17331860175_1.txt$$$$安平县澳达金属丝网制品有限公司
17331860601.txt$$$$河北安平县汉明育苗设备厂
17331869290.txt$$$$安平县亿嵘护栏网厂
17331880963.txt$$$$衡水阜通橡胶制品有限公司
17331888560.txt$$$$河北鑫特环保设备有限公司
17332161532.txt$$$$保定轩枝电子商务有限公司
17332164229.txt$$$$河北佳润塑胶制品有限公司
17332276886.txt$$$$雄县翊恒管道有限公司
17332667572.txt$$$$固安县中泰过滤设备有限公司
17332668868.txt$$$$霸州市康诚过滤设备有限公司
17332670786.txt$$$$霸州市岔河集乡雄新电气设备中心
17332749770.txt$$$$泊头市润泽环保设备有限公司
