13525552236_2.txt$$$$郑州国际会展中心有限公司展览服务分公司
13525566125.txt$$$$巩义市佳洁滤料有限公司
13525566125_1.txt$$$$巩义市佳洁滤料有限公司
13525566125_2.txt$$$$巩义市佳洁滤料有限公司
13525577033.txt$$$$河南八挂炉商贸有限公司
13525577033_1.txt$$$$河南八挂炉商贸有限公司
13525577033_2.txt$$$$河南八挂炉商贸有限公司
13525577033_3.txt$$$$河南八挂炉商贸有限公司
13525577068.txt$$$$巩义市义利机械有限公司
13525579500.txt$$$$巩义市孝义丰钰机械厂
13525585297.txt$$$$河南邦泽新能源有限公司
13525590607.txt$$$$巩义市晨红机械厂
13525590607_1.txt$$$$巩义市晨红机械厂
13525590607_2.txt$$$$巩义市晨红机械厂
13525590607_3.txt$$$$巩义市晨红机械厂
13525593792.txt$$$$巩义市恒创机械厂
13525598156.txt$$$$河南维力特重工有限公司
13525599369.txt$$$$郑州市振华重型机械制造有限公司
13525599369_1.txt$$$$郑州市振华重型机械制造有限公司
13525599369_2.txt$$$$郑州市振华重型机械制造有限公司
13525624309.txt$$$$南乐县联富果蔬种植专业合作社
13525624309_1.txt$$$$南乐县联富果蔬种植专业合作社
13525624309_2.txt$$$$南乐县联富果蔬种植专业合作社
13525627779.txt$$$$台前县濮东德森门业有限公司
13525628178.txt$$$$河南同创体育设施工程有限公司
13525630980.txt$$$$河南朝辉建筑工程有限公司
13525630980_1.txt$$$$河南朝辉建筑工程有限公司
13525630980_2.txt$$$$河南朝辉建筑工程有限公司
13525663273.txt$$$$南阳市亮彩商贸有限公司
13525696707.txt$$$$南阳顺和会计服务有限公司
