13863639010.txt$$$$临朐木童衣柜门
13863639389.txt$$$$临朐鑫鹏工艺制品厂
13863639829.txt$$$$临朐县明昌真空泵厂
13863639871.txt$$$$潍坊三木热能科技有限公司
13863639871_1.txt$$$$潍坊三木热能科技有限公司
13863645676.txt$$$$山东平治机械设备有限公司
13863645676_1.txt$$$$山东平治机械设备有限公司
13863646772.txt$$$$诸城市春秋食品机械有限公司
13863650619.txt$$$$山东雨中缘新材料有限公司
13863653080.txt$$$$高密市吉诺尔床垫加工厂
13863653080_1.txt$$$$高密市吉诺尔床垫加工厂
13863653080_2.txt$$$$高密市吉诺尔床垫加工厂
13863656651.txt$$$$寿光市厚德新型防水材料有限公司
13863658797.txt$$$$山东宝星机械有限公司
13863665262.txt$$$$滨海开发区天柱海水晶厂
13863666299.txt$$$$潍坊德隆机械有限公司
13863666759.txt$$$$山东鑫创金属制品有限公司
13863673688.txt$$$$诸城龙邦食品机械有限公司
13863673688_1.txt$$$$诸城龙邦食品机械有限公司
13863673688_2.txt$$$$诸城龙邦食品机械有限公司
13863673688_3.txt$$$$诸城龙邦食品机械有限公司
13863675570.txt$$$$诸城市正一机械有限公司
13863675690.txt$$$$诸城市银龙机械厂
13863689215.txt$$$$潍坊时力农业装备有限公司
13863689560.txt$$$$山东江燕服装有限公司
13863689999.txt$$$$山东省高密市东辰机械制造有限公司
13863697111.txt$$$$青州市华益散热器厂
13863700723.txt$$$$济宁格蓝化工科技有限公司
13863711528.txt$$$$山东同荣工程机械有限公司
13863721614.txt$$$$济宁凯森包装有限公司
