18500808301.txt$$$$北京旖旎阳光环保有限公司
18500829506.txt$$$$深圳市撸起袖子吧餐饮有限公司
18500922093.txt$$$$长春众泰环保科技有限公司
18501018831.txt$$$$玉田县云海塑料厂
18501122888.txt$$$$北方天朗（北京）标识有限公司
18501169085.txt$$$$北京鲁人景观科技发展有限公司
18501169085_1.txt$$$$北京鲁人景观科技发展有限公司
18501169085_2.txt$$$$北京鲁人景观科技发展有限公司
18501197789.txt$$$$北京锋格书法培训有限公司
18501201749.txt$$$$北京信安伟业科技有限公司
18501201749_1.txt$$$$北京信安伟业科技有限公司
18501201749_2.txt$$$$北京信安伟业科技有限公司
18501231658.txt$$$$北京华易国际展览有限公司
18501232266.txt$$$$保定智旺门窗销售有限公司
18501262790.txt$$$$北京泽牧久远生物科技研究院通州区
18501266101.txt$$$$北京铭世博国际展览有限公司
18501269880.txt$$$$北京瀚时仪器有限公司
18501276464.txt$$$$北京润翔天翔商贸中心
18501276464_1.txt$$$$北京润翔天翔商贸中心
18501276464_2.txt$$$$北京润翔天翔商贸中心
18501305583.txt$$$$北京中科瑞升资源环境技术有限公司
18501305583_1.txt$$$$北京中科瑞升资源环境技术有限公司
18501305583_2.txt$$$$北京中科瑞升资源环境技术有限公司
18501358209.txt$$$$北京润和微光科技有限公司
18501358561.txt$$$$崇诚展览（北京）有限公司
18501358561_1.txt$$$$世信&朗普国际展览（北京）有限公司
18501456321.txt$$$$常州小骏牛工程机械有限公司
18501505410.txt$$$$苏州诚思源机电设备有限公司
18501505410_1.txt$$$$苏州诚思源机电设备有限公司
18501505410_2.txt$$$$苏州诚思源机电设备有限公司
