15638503212.txt$$$$郑州源恒信息科技有限公司
15638510373.txt$$$$郑州百美游乐厂
15638511160.txt$$$$郑州至品珠宝有限公司
15638517830.txt$$$$巩义市夹津口闫太有面筋串坊
15638517830_1.txt$$$$巩义市夹津口闫太有面筋串坊
15638517830_2.txt$$$$巩义市夹津口闫太有面筋串坊
15638519802.txt$$$$河南爱克斯幕墙制造有限公司
15638521340.txt$$$$郑州雷克机械设备有限公司
15638531199.txt$$$$河南升冠机械设备有限公司
15638550222.txt$$$$河南昊芝园林景观工程有限公司
15638550222_1.txt$$$$河南昊芝园林景观工程有限公司
15638550222_2.txt$$$$河南昊芝园林景观工程有限公司
15638557039.txt$$$$郑州坚腾机电设备有限公司
15638558202.txt$$$$郑州市九艮商贸有限公司
15638577896.txt$$$$河南通富机械有限公司
15638577896_1.txt$$$$河南通富机械有限公司
15638577896_2.txt$$$$河南通富机械有限公司
15638577896_3.txt$$$$河南通富机械有限公司
15638586175.txt$$$$郑州飞耀铝业有限公司
15638586622.txt$$$$河南东匠实业有限公司
15638591718.txt$$$$郑州市红桥机械设备租赁有限公司
15638591718_1.txt$$$$郑州市红桥机械设备租赁有限公司
15638591718_2.txt$$$$郑州市红桥机械设备租赁有限公司
15638593796.txt$$$$河南垒固建材有限公司
15638800902.txt$$$$巩义市众泰机械有限公司
15638801636.txt$$$$郑州智易充电子设备有限公司
15638814563.txt$$$$郑州博杰环保设备有限公司
15638816037.txt$$$$南阳农富康生物科技有限公司
15638821151.txt$$$$郑州唯美实业有限公司
15638837685.txt$$$$河南坤泰重工设备有限公司
