18234108548_1.txt$$$$山西鑫博腾废旧物资回收有限公司
18234108548_2.txt$$$$山西鑫博腾废旧物资回收有限公司
18234108548_3.txt$$$$山西鑫博腾废旧物资回收有限公司
18234110442.txt$$$$山西中德科工机械制造有限公司
18234118700.txt$$$$山西网慧验科技有限公司
18234146147.txt$$$$山西昱晟瑞物贸有限公司
18234146147_1.txt$$$$山西昱晟瑞物贸有限公司
18234146147_2.txt$$$$山西昱晟瑞物贸有限公司
18234171886.txt$$$$山西愚公斧开山机械制设备制造有限公司
18234189098.txt$$$$太原天博恒业机械设备有限公司
18234325499.txt$$$$山西奥凯达金宏建材科技有限责任公司
18234359156.txt$$$$孝义市金精化工有限公司
18234807732.txt$$$$艺正堂宜宾包装厂
18235058338.txt$$$$忻州市忻府区玉河养殖专业合作社
18235104060.txt$$$$山西绿之华环保科技有限公司
18235199955.txt$$$$山西汉钟精密机械有限公司
18235199955_1.txt$$$$山西汉钟精密机械有限公司
18235199955_2.txt$$$$山西汉钟精密机械有限公司
18235199955_3.txt$$$$山西汉钟精密机械有限公司
18235407868.txt$$$$太原固维材料科技有限公司
18235425422.txt$$$$山西晋海绿洲环保科技有限公司
18235425422_1.txt$$$$山西晋海绿洲环保科技有限公司
18235425422_2.txt$$$$山西晋海绿洲环保科技有限公司
18235894565.txt$$$$北京亨丰巨业科技有限公司
18235929888.txt$$$$稷山县清河鹏飞钻石工具厂
18235998806.txt$$$$山西渝煤科安运风机制造有限公司
18235998806_1.txt$$$$山西渝煤科安运风机制造有限公司
18235998806_2.txt$$$$山西渝煤科安运风机制造有限公司
18235998806_3.txt$$$$夏县安信节能风机制造有限公司
18235998806_4.txt$$$$夏县安信节能风机制造有限公司
