18364658968.txt$$$$临朐县浩特艺术栏杆厂
18364660831.txt$$$$诸城市广盈机械有限公司
18364660831_1.txt$$$$诸城市广盈机械有限公司
18364677111.txt$$$$潍坊沃土化工有限公司
18364677250.txt$$$$寿光市安瑞食品店
18364684676.txt$$$$潍坊容恩洗地机清洁设备有限公司
18364696880.txt$$$$昊东食品机械有限公司
18364722209.txt$$$$济宁市百一机械设备有限公司
18364730151.txt$$$$曲阜市国友机械销售有限公司
18364730151_1.txt$$$$曲阜市国友机械销售有限公司
18364730151_2.txt$$$$曲阜市国友机械销售有限公司
18364730151_3.txt$$$$曲阜市国友机械销售有限公司
18364730675.txt$$$$曲阜市超越机械制造有限公司
18364730675_1.txt$$$$曲阜市超越机械制造有限公司
18364730675_2.txt$$$$曲阜市超越机械制造有限公司
18364730675_3.txt$$$$曲阜市超越机械制造有限公司
18364733919.txt$$$$济宁腾宇机械设备有限公司
18364750370.txt$$$$济宁汇博机械有限一公司
18364770628.txt$$$$济宁斯泰维他国际贸易有限公司
18364773362.txt$$$$山东卡希尔工程机械设备有限公司
18364799366.txt$$$$山东诺特机械有限公司
18364799366_1.txt$$$$山东诺特机械有限公司
18364799366_2.txt$$$$山东诺特机械有限公司
18364799366_3.txt$$$$山东诺特机械有限公司
18364799903.txt$$$$济宁市百义机械设备有限公司
18364805908.txt$$$$泰安德图自动化仪器设备有限公司
18364865688.txt$$$$山东兴源机械有限公司
18364868333.txt$$$$泰安市果之语农业科技有限公司
18364916707.txt$$$$惠民县誉泰筛网有限公司
18365220416.txt$$$$安徽宝润新型环保建材有限公司
