15362408986.txt$$$$东莞市恒誉自动化有限公司
15362408986_1.txt$$$$东莞市恒誉自动化有限公司
15362421519.txt$$$$东莞华尔塑胶原料有限公司
15362485253.txt$$$$东莞市路景交通设施有限公司
15362485253_1.txt$$$$东莞市路景交通设施有限公司
15362485253_2.txt$$$$东莞市路景交通设施有限公司
15362618915.txt$$$$东莞市善为电子有限公司
15362632173.txt$$$$东莞市仁邦环材料有限公司
15362633506.txt$$$$东莞市盈豪五金制品有限公司
15362633506_1.txt$$$$东莞市盈豪五金制品有限公司
15362633506_2.txt$$$$东莞市盈豪五金制品有限公司
15362679698.txt$$$$深圳闪电实业有限公司
15362683669.txt$$$$东莞市长安博达饰品厂
15362685907.txt$$$$东莞市至扬五金配件有限公司
15362685907_1.txt$$$$东莞市至扬五金配件有限公司
15362685907_2.txt$$$$东莞市至扬五金配件有限公司
15362692203.txt$$$$东莞市望牛墩吉诺货运代理服务部
15362734027.txt$$$$中山市思科瑞迪安全有限公司
15362801821.txt$$$$东莞市家顺搬家有限公司
15362802768.txt$$$$东莞市尚川智能科技有限公司
15362813560.txt$$$$东莞市年年旺电子制品有限公司
15362813560_1.txt$$$$东莞市年年旺电子制品有限公司
15362813560_2.txt$$$$东莞市年年旺电子制品有限公司
15362813560_3.txt$$$$东莞市年年旺电子制品有限公司
15362813560_4.txt$$$$东莞市年年旺电子制品有限公司
15362815708.txt$$$$东莞市厚街尚美热转印礼品加工厂
15362858041.txt$$$$东莞市兴洁智能卡科技有限公司
15362858188.txt$$$$东莞市宝拾兴智能包装设备有限公司
15362858188_1.txt$$$$东莞市宝拾兴智能包装设备有限公司
15362858188_2.txt$$$$东莞市宝拾兴智能包装设备有限公司
