18192877251.txt$$$$陕西省汉蔚实业有限公司
18192897591.txt$$$$新南方烤箱设备有限公司
18192903990.txt$$$$陕西创动水处理有限公司
18193139752.txt$$$$兰州永鑫利达工贸有限公司
18193140704.txt$$$$城关区金昌南路美成尚城电子产品经营部
18193146766.txt$$$$兰州永辉工程照明有限责任公司
18193166508.txt$$$$甘肃伟业电缆桥架工程有限公司
18193168263.txt$$$$西固区铭振瓷砖批发部
18193177888.txt$$$$甘肃金桥建筑模板有限公司
18193181025.txt$$$$兰州天胜物流有限公司
18193188181.txt$$$$甘肃万龙吊装有限公司
18193366679.txt$$$$甘肃浩源水处理设备工程有限公司
18193783243.txt$$$$北京金福腾科技有限公司
18194004106.txt$$$$深圳效率科技有限公司
18194041180.txt$$$$深圳市诚控电子有限公司
18194044872.txt$$$$深圳市恒佳诚信恒佳科技有限公司
18194084054.txt$$$$深圳卓音智能科技有限公司
18194260388.txt$$$$甘肃创新门窗厂
18194820309.txt$$$$新疆芝麻开花建筑设备租赁有限公司
18195013311.txt$$$$宁夏巧工匠智能科技发展有限公司
18195013311_1.txt$$$$宁夏巧工匠智能科技发展有限公司
18195013311_2.txt$$$$宁夏巧工匠智能科技发展有限公司
18195161777.txt$$$$宁夏塔迪科技有限公司
18195161777_1.txt$$$$宁夏塔迪科技有限公司
18195161777_2.txt$$$$宁夏塔迪科技有限公司
18195164688.txt$$$$宁夏佳顺铖祥保温建材有限公司
18195214100.txt$$$$宁夏优服壹家装饰工程有限公司
18195214100_1.txt$$$$宁夏优服壹家装饰工程有限公司
18195214100_2.txt$$$$宁夏优服壹家装饰工程有限公司
18195588900.txt$$$$宁夏杞乡生物食品工程有限公司
