13318305633_1.txt$$$$佛山市易运智汇供应链有限公司
13318310968.txt$$$$佛山市百仕特货架有限公司
13318310968_1.txt$$$$佛山市百仕特货架有限公司
13318310968_2.txt$$$$佛山市百仕特货架有限公司
13318311776.txt$$$$佛山市名斯家具有限公司
13318332368.txt$$$$广州市丰为自动化机械设备有限公司
13318332368_1.txt$$$$广州市丰为自动化机械设备有限公司
13318337585.txt$$$$广东鹏德橡塑有限公司
13318339777.txt$$$$佛山市江鸿不锈钢压花厂
13318339777_1.txt$$$$佛山市江鸿不锈钢压花厂
13318339777_2.txt$$$$佛山市江鸿不锈钢压花厂
13318349362.txt$$$$鸿智达塑料制品厂
13318352053.txt$$$$佛山市奥川顺新材料实业有限公司
13318352117.txt$$$$广州尚米日用品有限公司
13318352884.txt$$$$佛山市南海区新英机械厂
13318358542.txt$$$$佛山市安凯安防设备有限公司
13318363351.txt$$$$佛山市艾法机电有限公司
13318388158.txt$$$$上海频开实业有限公司
13318393914.txt$$$$佛山市瓦莎齐陶瓷建材有限公司
13318394533.txt$$$$广东千喜鹤餐饮管理服务有限公司
13318394533_1.txt$$$$广东千喜鹤餐饮管理服务有限公司
13318394533_2.txt$$$$广东千喜鹤餐饮管理服务有限公司
13318394533_3.txt$$$$广东千喜鹤餐饮管理服务有限公司
13318399848.txt$$$$佛山市南海光华纸业制品有限公司
13318399848_1.txt$$$$佛山市南海光华纸业制品有限公司
13318399848_2.txt$$$$佛山市南海光华纸业制品有限公司
13318399848_3.txt$$$$佛山市南海光华纸业制品有限公司
13318404727.txt$$$$中山市腾龙游乐设备有限公司
13318433888.txt$$$$东莞市良荣电机有限公司
13318433888_1.txt$$$$东莞市良荣电机有限公司
